Warning: grid volume is not an integer number of pixels; cell size will be rounded to nearest pixel.
Using MPI version 3.1, 48 processes
Argument List: ['../SidePolishModel/twoDsolve.py', '500', '1000', '500um_SquareDips', 'squaredips']
Using square dips
Standard run
Whole Sim Walltime: 2.384185791015625e-07 s
WD: ../data/2022-03-14/500um_SquareDips/
AlreadyDir
-----------
Initializing structure...
Splitting into 48 chunks by voxels
time for choose_chunkdivision = 0.00627284 s
Working in 2D dimensions.
Computational cell is 2163.95 x 170.035 x 0 with resolution 6.45161
     block, center = (0,0,0)
          size (1e+20,1e+20,1e+20)
          axes (1,0,0), (0,1,0), (0,0,1)
          dielectric constant epsilon diagonal = (1,1,1)
     block, center = (0,-29.2,0)
          size (1e+20,66.6,1e+20)
          axes (1,0,0), (0,1,0), (0,0,1)
          dielectric constant epsilon diagonal = (2.0736,2.0736,2.0736)
     block, center = (0,0,0)
          size (1e+20,8.2,1e+20)
          axes (1,0,0), (0,1,0), (0,0,1)
          dielectric constant epsilon diagonal = (2.08803,2.08803,2.08803)
time for set_epsilon = 0.826467 s
-----------
MPB solved for frequency_1(0.4,0,0) = 0.279228 after 17 iters
MPB solved for frequency_1(0.931295,0,0) = 0.645713 after 107 iters
MPB solved for frequency_1(0.930496,0,0) = 0.645161 after 3 iters
MPB solved for frequency_1(0.930496,0,0) = 0.645161 after 1 iters
Meep: using output directory '../data/2022-03-14/500um_SquareDips/'


Normalisation Run


on time step 1 (time=0.109602), 5.24375 s/step
on time step 36 (time=3.94566), 0.117338 s/step
on time step 62 (time=6.7953), 0.155004 s/step
on time step 89 (time=9.75454), 0.148556 s/step
on time step 115 (time=12.6042), 0.154514 s/step
on time step 149 (time=16.3306), 0.119469 s/step
on time step 192 (time=21.0435), 0.0934803 s/step
Meep progress: 21.481904012447313/15777.757147216798 = 0.1% done in 30.0s, 22030.1s to go
on time step 223 (time=24.4411), 0.129419 s/step
on time step 251 (time=27.51), 0.143311 s/step
on time step 290 (time=31.7844), 0.103217 s/step
on time step 322 (time=35.2917), 0.129839 s/step
on time step 350 (time=38.3605), 0.149341 s/step
on time step 380 (time=41.6486), 0.135182 s/step
on time step 415 (time=45.4846), 0.114369 s/step
Meep progress: 47.128666966083394/15777.757147216798 = 0.3% done in 60.1s, 20073.4s to go
on time step 446 (time=48.8823), 0.135499 s/step
on time step 479 (time=52.4991), 0.126665 s/step
on time step 517 (time=56.664), 0.106049 s/step
on time step 551 (time=60.3905), 0.118334 s/step
on time step 588 (time=64.4457), 0.109514 s/step
on time step 632 (time=69.2682), 0.0931004 s/step
on time step 661 (time=72.4466), 0.139407 s/step
Meep progress: 75.1866640435656/15777.757147216798 = 0.5% done in 90.2s, 18836.3s to go
on time step 688 (time=75.4059), 0.150013 s/step
on time step 716 (time=78.4747), 0.151343 s/step
on time step 740 (time=81.1051), 0.170437 s/step
on time step 763 (time=83.626), 0.175007 s/step
on time step 795 (time=87.1332), 0.126528 s/step
on time step 829 (time=90.8597), 0.119161 s/step
on time step 857 (time=93.9285), 0.144843 s/step
on time step 880 (time=96.4494), 0.176603 s/step
Meep progress: 97.3261773625164/15777.757147216798 = 0.6% done in 120.3s, 19380.9s to go
on time step 911 (time=99.847), 0.132724 s/step
on time step 941 (time=103.135), 0.136097 s/step
on time step 986 (time=108.067), 0.0900397 s/step
on time step 1014 (time=111.136), 0.143713 s/step
on time step 1048 (time=114.862), 0.118367 s/step
on time step 1074 (time=117.712), 0.155836 s/step
on time step 1100 (time=120.562), 0.158066 s/step
Meep progress: 124.28815892915947/15777.757147216798 = 0.8% done in 150.5s, 18952.9s to go
on time step 1143 (time=125.275), 0.0941047 s/step
on time step 1181 (time=129.439), 0.107382 s/step
on time step 1219 (time=133.604), 0.106528 s/step
on time step 1251 (time=137.112), 0.128345 s/step
on time step 1277 (time=139.961), 0.15691 s/step
on time step 1304 (time=142.92), 0.150895 s/step
on time step 1343 (time=147.195), 0.102638 s/step
on time step 1378 (time=151.031), 0.115517 s/step
Meep progress: 151.25014049580253/15777.757147216798 = 1.0% done in 180.5s, 18647.1s to go
on time step 1405 (time=153.99), 0.148225 s/step
on time step 1441 (time=157.936), 0.116262 s/step
on time step 1480 (time=162.21), 0.10632 s/step
on time step 1502 (time=164.622), 0.184223 s/step
on time step 1525 (time=167.142), 0.176486 s/step
on time step 1551 (time=169.992), 0.154717 s/step
on time step 1591 (time=174.376), 0.101237 s/step
Meep progress: 176.78730189835468/15777.757147216798 = 1.1% done in 210.5s, 18576.4s to go
on time step 1634 (time=179.089), 0.0949228 s/step
on time step 1657 (time=181.61), 0.176195 s/step
on time step 1675 (time=183.583), 0.223695 s/step
on time step 1714 (time=187.857), 0.104739 s/step
on time step 1743 (time=191.036), 0.138774 s/step
on time step 1798 (time=197.064), 0.0729862 s/step
on time step 1845 (time=202.215), 0.085185 s/step
Meep progress: 207.69493930401867/15777.757147216798 = 1.3% done in 240.5s, 18032.2s to go
on time step 1902 (time=208.462), 0.0709703 s/step
on time step 1934 (time=211.969), 0.125006 s/step
on time step 1972 (time=216.134), 0.10535 s/step
on time step 2014 (time=220.738), 0.0953404 s/step
on time step 2063 (time=226.108), 0.0830665 s/step
on time step 2118 (time=232.136), 0.0734069 s/step
on time step 2155 (time=236.191), 0.11211 s/step
on time step 2191 (time=240.137), 0.1125 s/step
Meep progress: 241.56181858894837/15777.757147216798 = 1.5% done in 270.6s, 17403.2s to go
on time step 2228 (time=244.192), 0.109714 s/step
on time step 2250 (time=246.603), 0.182756 s/step
on time step 2290 (time=250.988), 0.103793 s/step
on time step 2319 (time=254.166), 0.13815 s/step
on time step 2354 (time=258.002), 0.114836 s/step
on time step 2397 (time=262.715), 0.0933113 s/step
on time step 2427 (time=266.003), 0.13895 s/step
Meep progress: 267.5373861958362/15777.757147216798 = 1.7% done in 300.7s, 17430.7s to go
on time step 2448 (time=268.305), 0.194589 s/step
on time step 2480 (time=271.812), 0.127996 s/step
on time step 2499 (time=273.894), 0.21247 s/step
on time step 2526 (time=276.854), 0.149134 s/step
on time step 2544 (time=278.826), 0.222905 s/step
on time step 2573 (time=282.005), 0.140177 s/step
on time step 2608 (time=285.841), 0.115668 s/step
on time step 2657 (time=291.211), 0.0825445 s/step
Meep progress: 291.8689305364653/15777.757147216798 = 1.8% done in 330.7s, 17545.2s to go
on time step 2704 (time=296.363), 0.0872927 s/step
on time step 2754 (time=301.843), 0.0809825 s/step
on time step 2791 (time=305.898), 0.109535 s/step
on time step 2821 (time=309.186), 0.137863 s/step
on time step 2853 (time=312.693), 0.126625 s/step
on time step 2879 (time=315.543), 0.157982 s/step
on time step 2912 (time=319.16), 0.124268 s/step
Meep progress: 321.1325446758706/15777.757147216798 = 2.0% done in 360.8s, 17365.4s to go
on time step 2948 (time=323.105), 0.1116 s/step
on time step 2990 (time=327.709), 0.0978675 s/step
on time step 3020 (time=330.997), 0.136538 s/step
on time step 3049 (time=334.175), 0.138379 s/step
on time step 3074 (time=336.915), 0.164981 s/step
on time step 3107 (time=340.532), 0.122188 s/step
on time step 3140 (time=344.149), 0.123908 s/step
Meep progress: 348.31372934468146/15777.757147216798 = 2.2% done in 390.8s, 17312.5s to go
on time step 3183 (time=348.862), 0.0950324 s/step
on time step 3208 (time=351.602), 0.163854 s/step
on time step 3234 (time=354.451), 0.157883 s/step
on time step 3267 (time=358.068), 0.12188 s/step
on time step 3304 (time=362.124), 0.110791 s/step
on time step 3347 (time=366.836), 0.0943602 s/step
on time step 3385 (time=371.001), 0.105323 s/step
on time step 3422 (time=375.057), 0.109618 s/step
Meep progress: 376.0429217689119/15777.757147216798 = 2.4% done in 420.8s, 17235.9s to go
on time step 3450 (time=378.125), 0.146412 s/step
on time step 3467 (time=379.989), 0.238328 s/step
on time step 3488 (time=382.29), 0.192285 s/step
on time step 3511 (time=384.811), 0.176762 s/step
on time step 3532 (time=387.113), 0.199694 s/step
on time step 3555 (time=389.634), 0.174509 s/step
on time step 3576 (time=391.935), 0.191457 s/step
Meep progress: 393.6887714934222/15777.757147216798 = 2.5% done in 450.9s, 17618.1s to go
on time step 3606 (time=395.223), 0.134664 s/step
on time step 3638 (time=398.73), 0.125004 s/step
on time step 3666 (time=401.799), 0.147748 s/step
on time step 3690 (time=404.43), 0.168632 s/step
on time step 3722 (time=407.937), 0.125155 s/step
on time step 3747 (time=410.677), 0.163094 s/step
on time step 3772 (time=413.417), 0.163705 s/step
on time step 3798 (time=416.267), 0.160631 s/step
Meep progress: 416.3762925677926/15777.757147216798 = 2.6% done in 481.0s, 17745.9s to go
on time step 3835 (time=420.322), 0.109834 s/step
on time step 3870 (time=424.158), 0.11583 s/step
on time step 3902 (time=427.665), 0.125283 s/step
on time step 3929 (time=430.624), 0.148834 s/step
on time step 3959 (time=433.913), 0.134399 s/step
on time step 3997 (time=438.077), 0.106788 s/step
on time step 4034 (time=442.133), 0.108876 s/step
Meep progress: 444.10548499202304/15777.757147216798 = 2.8% done in 511.1s, 17646.3s to go
on time step 4070 (time=446.078), 0.113784 s/step
on time step 4107 (time=450.134), 0.11089 s/step
on time step 4136 (time=453.312), 0.140008 s/step
on time step 4171 (time=457.148), 0.116844 s/step
on time step 4205 (time=460.875), 0.120067 s/step
on time step 4239 (time=464.601), 0.118401 s/step
on time step 4271 (time=468.108), 0.129867 s/step
Meep progress: 469.971451047827/15777.757147216798 = 3.0% done in 541.3s, 17630.7s to go
on time step 4292 (time=470.41), 0.190489 s/step
on time step 4331 (time=474.684), 0.106541 s/step
on time step 4358 (time=477.644), 0.148148 s/step
on time step 4378 (time=479.836), 0.203277 s/step
on time step 4400 (time=482.247), 0.190024 s/step
on time step 4423 (time=484.768), 0.177302 s/step
on time step 4449 (time=487.617), 0.160224 s/step
on time step 4476 (time=490.577), 0.149159 s/step
Meep progress: 491.45335506027425/15777.757147216798 = 3.1% done in 571.3s, 17770.2s to go
on time step 4505 (time=493.755), 0.13881 s/step
on time step 4533 (time=496.824), 0.14296 s/step
on time step 4562 (time=500.002), 0.142307 s/step
on time step 4586 (time=502.633), 0.167815 s/step
on time step 4609 (time=505.154), 0.176848 s/step
on time step 4634 (time=507.894), 0.161878 s/step
on time step 4659 (time=510.634), 0.167992 s/step
Meep progress: 512.8256575216377/15777.757147216798 = 3.3% done in 601.5s, 17904.3s to go
on time step 4689 (time=513.922), 0.135043 s/step
on time step 4720 (time=517.319), 0.129631 s/step
on time step 4757 (time=521.375), 0.109022 s/step
on time step 4786 (time=524.553), 0.137962 s/step
on time step 4815 (time=527.731), 0.137969 s/step
on time step 4848 (time=531.348), 0.121232 s/step
on time step 4883 (time=535.184), 0.115804 s/step
on time step 4914 (time=538.582), 0.130398 s/step
Meep progress: 539.0204282306934/15777.757147216798 = 3.4% done in 631.7s, 17857.5s to go
on time step 4943 (time=541.76), 0.138246 s/step
on time step 4967 (time=544.391), 0.168259 s/step
on time step 4997 (time=547.679), 0.134108 s/step
on time step 5024 (time=550.638), 0.148578 s/step
on time step 5057 (time=554.255), 0.125019 s/step
on time step 5086 (time=557.433), 0.138796 s/step
on time step 5111 (time=560.174), 0.165901 s/step
Meep progress: 562.0367539583154/15777.757147216798 = 3.6% done in 661.8s, 17915.9s to go
on time step 5140 (time=563.352), 0.144339 s/step
on time step 5163 (time=565.873), 0.179999 s/step
on time step 5190 (time=568.832), 0.149657 s/step
on time step 5218 (time=571.901), 0.143941 s/step
on time step 5246 (time=574.97), 0.147477 s/step
on time step 5275 (time=578.148), 0.143335 s/step
on time step 5296 (time=580.45), 0.192207 s/step
Meep progress: 582.6418455620915/15777.757147216798 = 3.7% done in 691.8s, 18041.6s to go
on time step 5320 (time=583.08), 0.171539 s/step
on time step 5353 (time=586.697), 0.124357 s/step
on time step 5387 (time=590.424), 0.119213 s/step
on time step 5414 (time=593.383), 0.149905 s/step
on time step 5439 (time=596.123), 0.163691 s/step
on time step 5468 (time=599.301), 0.143307 s/step
on time step 5489 (time=601.603), 0.19168 s/step
on time step 5514 (time=604.343), 0.164961 s/step
Meep progress: 605.110163534294/15777.757147216798 = 3.8% done in 721.9s, 18100.1s to go
on time step 5544 (time=607.631), 0.138204 s/step
on time step 5567 (time=610.152), 0.180724 s/step
on time step 5590 (time=612.673), 0.174326 s/step
on time step 5616 (time=615.522), 0.158313 s/step
on time step 5641 (time=618.262), 0.161232 s/step
on time step 5666 (time=621.002), 0.163322 s/step
on time step 5691 (time=623.742), 0.163986 s/step
Meep progress: 625.4960520359022/15777.757147216798 = 4.0% done in 752.0s, 18216.1s to go
on time step 5719 (time=626.811), 0.147867 s/step
on time step 5748 (time=629.99), 0.13843 s/step
on time step 5777 (time=633.168), 0.139205 s/step
on time step 5801 (time=635.799), 0.173769 s/step
on time step 5823 (time=638.21), 0.182003 s/step
srun: Job step aborted: Waiting up to 62 seconds for job step to finish.
srun: got SIGCONT
slurmstepd: error: *** STEP 653837.0 ON topsy-cn-1-3 CANCELLED AT 2022-03-14T22:41:16 ***
slurmstepd: error: *** JOB 653837 ON topsy-cn-1-3 CANCELLED AT 2022-03-14T22:41:16 ***
srun: forcing job termination
srun: error: topsy-cn-2-14: tasks 32-47: Terminated
srun: error: topsy-cn-1-4: tasks 12-31: Terminated
srun: error: topsy-cn-1-3: tasks 0-11: Terminated
