Warning: grid volume is not an integer number of pixels; cell size will be rounded to nearest pixel.
Using MPI version 3.1, 32 processes
Argument List: ['../SidePolishModel/twoDsolve.py', '500', '10', '2D_GAP-500um_fluxregion', 'enablefluxregion', 'nonormal']
enabling flux region
not normalising
Standard run
Whole Sim Walltime: 7.152557373046875e-07 s
WD: ../data/2022-03-12/2D_GAP-500um_fluxregion/
AlreadyDir
Adding flux
-----------
Initializing structure...
Splitting into 32 chunks by voxels
time for choose_chunkdivision = 0.00421859 s
Working in 2D dimensions.
Computational cell is 1173.97 x 170.035 x 0 with resolution 6.45161
     block, center = (0,0,0)
          size (1e+20,1e+20,1e+20)
          axes (1,0,0), (0,1,0), (0,0,1)
          dielectric constant epsilon diagonal = (1,1,1)
     block, center = (0,-29.2,0)
          size (1e+20,66.6,1e+20)
          axes (1,0,0), (0,1,0), (0,0,1)
          dielectric constant epsilon diagonal = (2.0736,2.0736,2.0736)
     block, center = (0,0,0)
          size (1e+20,8.2,1e+20)
          axes (1,0,0), (0,1,0), (0,0,1)
          dielectric constant epsilon diagonal = (2.08803,2.08803,2.08803)
     prism, center = (-255,-23.75,0)
          height 1, axis (0,0,1), sidewall angle: 0 radians, 4 vertices:
          (-416,4.1,-0.5)
          (-94,4.1,-0.5)
          (-127.999,-51.6,-0.5)
          (-382.001,-51.6,-0.5)
          dielectric constant epsilon diagonal = (1,1,1)
     prism, center = (245,-23.75,0)
          height 1, axis (0,0,1), sidewall angle: 0 radians, 4 vertices:
          (84,4.1,-0.5)
          (406,4.1,-0.5)
          (372.001,-51.6,-0.5)
          (117.999,-51.6,-0.5)
          dielectric constant epsilon diagonal = (1,1,1)
time for set_epsilon = 1.06186 s
-----------
MPB solved for frequency_1(0.4,0,0) = 0.279228 after 17 iters
MPB solved for frequency_1(0.931295,0,0) = 0.645713 after 105 iters
MPB solved for frequency_1(0.930496,0,0) = 0.645161 after 3 iters
MPB solved for frequency_1(0.930496,0,0) = 0.645161 after 1 iters
Meep: using output directory '../data/2022-03-12/2D_GAP-500um_fluxregion/'


Actual Run


on time step 171 (time=18.7419), 0.0234805 s/step
on time step 415 (time=45.4846), 0.0164138 s/step
on time step 658 (time=72.1178), 0.0165175 s/step
on time step 905 (time=99.1894), 0.0162199 s/step
on time step 1150 (time=126.042), 0.0163708 s/step
on time step 1393 (time=152.675), 0.0165061 s/step
on time step 1634 (time=179.089), 0.0166549 s/step
Meep progress: 190.70669888601188/17107.157147216796 = 1.1% done in 30.0s, 2662.0s to go
on time step 1841 (time=201.776), 0.0193281 s/step
on time step 2034 (time=222.93), 0.0207999 s/step
on time step 2204 (time=241.562), 0.0235744 s/step
on time step 2333 (time=255.7), 0.031124 s/step
on time step 2453 (time=268.853), 0.0333792 s/step
on time step 2586 (time=283.43), 0.0302108 s/step
on time step 2698 (time=295.705), 0.0360576 s/step
Meep progress: 305.4595228708707/17107.157147216796 = 1.8% done in 60.1s, 3303.1s to go
on time step 2790 (time=305.788), 0.0436291 s/step
on time step 2872 (time=314.776), 0.0488256 s/step
on time step 2955 (time=323.873), 0.0487606 s/step
on time step 3045 (time=333.737), 0.0448848 s/step
on time step 3138 (time=343.93), 0.0432704 s/step
on time step 3212 (time=352.04), 0.0545852 s/step
on time step 3281 (time=359.603), 0.0586659 s/step
on time step 3348 (time=366.946), 0.0598926 s/step
Meep progress: 370.0148364592966/17107.157147216796 = 2.2% done in 90.1s, 4075.1s to go
on time step 3415 (time=374.289), 0.0601526 s/step
on time step 3483 (time=381.742), 0.0593935 s/step
on time step 3553 (time=389.414), 0.0577472 s/step
on time step 3627 (time=397.525), 0.0542006 s/step
on time step 3703 (time=405.855), 0.053361 s/step
on time step 3769 (time=413.088), 0.061602 s/step
on time step 3826 (time=419.336), 0.0710671 s/step
Meep progress: 424.26760424583443/17107.157147216796 = 2.5% done in 120.1s, 4723.8s to go
on time step 3879 (time=425.144), 0.0764672 s/step
on time step 3929 (time=430.624), 0.0800852 s/step
on time step 3977 (time=435.885), 0.0846653 s/step
on time step 4024 (time=441.037), 0.0865311 s/step
on time step 4071 (time=446.188), 0.0854243 s/step
on time step 4120 (time=451.558), 0.0822684 s/step
on time step 4172 (time=457.258), 0.0770921 s/step
on time step 4227 (time=463.286), 0.0734194 s/step
Meep progress: 465.0393812490508/17107.157147216796 = 2.7% done in 150.1s, 5373.2s to go
on time step 4283 (time=469.423), 0.0721486 s/step
on time step 4335 (time=475.123), 0.077988 s/step
on time step 4382 (time=480.274), 0.0857787 s/step
on time step 4426 (time=485.096), 0.0920192 s/step
on time step 4468 (time=489.7), 0.0956783 s/step
on time step 4509 (time=494.193), 0.0993011 s/step
on time step 4548 (time=498.468), 0.103347 s/step
Meep progress: 501.5366977599944/17107.157147216796 = 2.9% done in 180.2s, 5966.9s to go
on time step 4587 (time=502.742), 0.104817 s/step
on time step 4626 (time=507.017), 0.103954 s/step
on time step 4666 (time=511.401), 0.101037 s/step
on time step 4708 (time=516.004), 0.096696 s/step
on time step 4752 (time=520.827), 0.0911617 s/step
on time step 4797 (time=525.759), 0.0891083 s/step
on time step 4840 (time=530.472), 0.0947036 s/step
on time step 4881 (time=534.965), 0.0998163 s/step
Meep progress: 535.5131785960081/17107.157147216796 = 3.1% done in 210.2s, 6505.6s to go
on time step 4920 (time=539.24), 0.104024 s/step
on time step 4958 (time=543.404), 0.107362 s/step
on time step 4995 (time=547.46), 0.109669 s/step
on time step 5032 (time=551.515), 0.110746 s/step
on time step 5069 (time=555.57), 0.111061 s/step
on time step 5105 (time=559.516), 0.111392 s/step
on time step 5142 (time=563.571), 0.110697 s/step
Meep progress: 565.6536051440846/17107.157147216796 = 3.3% done in 240.3s, 7027.7s to go
on time step 5179 (time=567.626), 0.109994 s/step
on time step 5216 (time=571.682), 0.108676 s/step
on time step 5254 (time=575.847), 0.105374 s/step
on time step 5294 (time=580.231), 0.100858 s/step
on time step 5335 (time=584.724), 0.0982288 s/step
on time step 5375 (time=589.108), 0.102294 s/step
on time step 5413 (time=593.273), 0.106075 s/step
Meep progress: 597.2188518562521/17107.157147216796 = 3.5% done in 270.4s, 7475.8s to go
on time step 5450 (time=597.328), 0.10891 s/step
on time step 5487 (time=601.384), 0.110566 s/step
on time step 5523 (time=605.329), 0.111138 s/step
on time step 5559 (time=609.275), 0.111276 s/step
on time step 5595 (time=613.221), 0.111289 s/step
on time step 5631 (time=617.166), 0.111295 s/step
on time step 5667 (time=621.112), 0.111574 s/step
on time step 5704 (time=625.167), 0.110691 s/step
Meep progress: 626.920872199993/17107.157147216796 = 3.7% done in 300.5s, 7899.9s to go
on time step 5741 (time=629.223), 0.109322 s/step
on time step 5779 (time=633.387), 0.107325 s/step
on time step 5818 (time=637.662), 0.104673 s/step
on time step 5857 (time=641.936), 0.10418 s/step
on time step 5895 (time=646.101), 0.107133 s/step
on time step 5932 (time=650.156), 0.109522 s/step
on time step 5969 (time=654.212), 0.110888 s/step
Meep progress: 657.4997049524053/17107.157147216796 = 3.8% done in 330.6s, 8271.0s to go
on time step 6005 (time=658.157), 0.111288 s/step
on time step 6041 (time=662.103), 0.111412 s/step
on time step 6077 (time=666.049), 0.111454 s/step
on time step 6113 (time=669.994), 0.111492 s/step
on time step 6149 (time=673.94), 0.111541 s/step
on time step 6185 (time=677.886), 0.111572 s/step
on time step 6221 (time=681.831), 0.111894 s/step
on time step 6257 (time=685.777), 0.111654 s/step
Meep progress: 686.9825221939784/17107.157147216796 = 4.0% done in 360.6s, 8619.2s to go
on time step 6293 (time=689.723), 0.111652 s/step
on time step 6330 (time=693.778), 0.110979 s/step
on time step 6367 (time=697.833), 0.109272 s/step
on time step 6404 (time=701.888), 0.109708 s/step
on time step 6441 (time=705.944), 0.110918 s/step
on time step 6477 (time=709.889), 0.111236 s/step
on time step 6513 (time=713.835), 0.111333 s/step
Meep progress: 716.6845425377193/17107.157147216796 = 4.2% done in 390.6s, 8933.5s to go
on time step 6549 (time=717.781), 0.111376 s/step
on time step 6585 (time=721.726), 0.111383 s/step
on time step 6621 (time=725.672), 0.111374 s/step
on time step 6657 (time=729.618), 0.11137 s/step
on time step 6693 (time=733.563), 0.111369 s/step
on time step 6729 (time=737.509), 0.111375 s/step
on time step 6765 (time=741.454), 0.111764 s/step
on time step 6801 (time=745.4), 0.111345 s/step
Meep progress: 746.2769613303764/17107.157147216796 = 4.4% done in 420.7s, 9223.3s to go
on time step 6837 (time=749.346), 0.11135 s/step
on time step 6873 (time=753.291), 0.111348 s/step
on time step 6909 (time=757.237), 0.111436 s/step
on time step 6945 (time=761.183), 0.111442 s/step
on time step 6982 (time=765.238), 0.110615 s/step
on time step 7019 (time=769.293), 0.110696 s/step
on time step 7056 (time=773.349), 0.110958 s/step
Meep progress: 775.9789816741172/17107.157147216796 = 4.5% done in 450.8s, 9487.9s to go
on time step 7093 (time=777.404), 0.111048 s/step
on time step 7129 (time=781.349), 0.111119 s/step
on time step 7165 (time=785.295), 0.11117 s/step
on time step 7201 (time=789.241), 0.111237 s/step
on time step 7237 (time=793.186), 0.111296 s/step
on time step 7273 (time=797.132), 0.111353 s/step
on time step 7309 (time=801.078), 0.111893 s/step
on time step 7345 (time=805.023), 0.111456 s/step
Meep progress: 805.5714004667743/17107.157147216796 = 4.7% done in 480.9s, 9731.2s to go
on time step 7381 (time=808.969), 0.1115 s/step
on time step 7417 (time=812.915), 0.111531 s/step
on time step 7453 (time=816.86), 0.111536 s/step
on time step 7489 (time=820.806), 0.111576 s/step
on time step 7525 (time=824.752), 0.111569 s/step
on time step 7561 (time=828.697), 0.111574 s/step
on time step 7597 (time=832.643), 0.111243 s/step
Meep progress: 835.1638192594313/17107.157147216796 = 4.9% done in 511.0s, 9955.4s to go
on time step 7634 (time=836.698), 0.110218 s/step
on time step 7671 (time=840.753), 0.110206 s/step
on time step 7708 (time=844.809), 0.110398 s/step
on time step 7745 (time=848.864), 0.110311 s/step
on time step 7782 (time=852.919), 0.109591 s/step
on time step 7819 (time=856.975), 0.10857 s/step
on time step 7857 (time=861.139), 0.107242 s/step
Meep progress: 865.4138473585917/17107.157147216796 = 5.1% done in 541.0s, 10153.3s to go
on time step 7896 (time=865.414), 0.105205 s/step
on time step 7935 (time=869.688), 0.105148 s/step
on time step 7974 (time=873.963), 0.105117 s/step
on time step 8012 (time=878.128), 0.105458 s/step
on time step 8050 (time=882.292), 0.105293 s/step
on time step 8088 (time=886.457), 0.10535 s/step
on time step 8126 (time=890.622), 0.105336 s/step
on time step 8164 (time=894.787), 0.105402 s/step
Meep progress: 896.6502894175076/17107.157147216796 = 5.2% done in 571.0s, 10323.3s to go
on time step 8202 (time=898.952), 0.105416 s/step
on time step 8240 (time=903.117), 0.105609 s/step
on time step 8278 (time=907.282), 0.106426 s/step
on time step 8316 (time=911.446), 0.106946 s/step
on time step 8354 (time=915.611), 0.107124 s/step
on time step 8392 (time=919.776), 0.107201 s/step
on time step 8429 (time=923.831), 0.108138 s/step
Meep progress: 927.4483252720876/17107.157147216796 = 5.4% done in 601.1s, 10486.1s to go
on time step 8466 (time=927.887), 0.108684 s/step
on time step 8503 (time=931.942), 0.108918 s/step
on time step 8540 (time=935.997), 0.109191 s/step
on time step 8577 (time=940.053), 0.109115 s/step
on time step 8614 (time=944.108), 0.108806 s/step
on time step 8651 (time=948.163), 0.108964 s/step
on time step 8688 (time=952.218), 0.109787 s/step
on time step 8725 (time=956.274), 0.10984 s/step
Meep progress: 957.5887518201641/17107.157147216796 = 5.6% done in 631.1s, 10643.8s to go
on time step 8762 (time=960.329), 0.109459 s/step
on time step 8799 (time=964.384), 0.109957 s/step
on time step 8836 (time=968.439), 0.110132 s/step
on time step 8873 (time=972.495), 0.109939 s/step
on time step 8910 (time=976.55), 0.108349 s/step
on time step 8947 (time=980.605), 0.108304 s/step
on time step 8984 (time=984.66), 0.108393 s/step
Meep progress: 987.7291783682408/17107.157147216796 = 5.8% done in 661.1s, 10789.4s to go
on time step 9021 (time=988.716), 0.108115 s/step
on time step 9059 (time=992.88), 0.10666 s/step
on time step 9098 (time=997.155), 0.103822 s/step
on time step 9138 (time=1001.54), 0.100717 s/step
on time step 9180 (time=1006.14), 0.0971132 s/step
on time step 9224 (time=1010.96), 0.0924679 s/step
on time step 9270 (time=1016.01), 0.0877606 s/step
on time step 9319 (time=1021.38), 0.0825153 s/step
Meep progress: 1022.3632685107578/17107.157147216796 = 6.0% done in 691.2s, 10874.2s to go
on time step 9371 (time=1027.08), 0.0775151 s/step
on time step 9434 (time=1033.98), 0.0635431 s/step
on time step 9511 (time=1042.42), 0.052403 s/step
on time step 9609 (time=1053.16), 0.0409622 s/step
on time step 9797 (time=1073.77), 0.0212856 s/step
on time step 10040 (time=1100.4), 0.0164619 s/step
on time step 10287 (time=1127.47), 0.016202 s/step
Meep progress: 1145.3362088269103/17107.157147216796 = 6.7% done in 721.2s, 10050.7s to go
on time step 10535 (time=1154.65), 0.0161839 s/step
on time step 10783 (time=1181.83), 0.0161851 s/step
on time step 11031 (time=1209.01), 0.0161822 s/step
on time step 11279 (time=1236.2), 0.016182 s/step
on time step 11527 (time=1263.38), 0.0161816 s/step
on time step 11773 (time=1290.34), 0.0162823 s/step
on time step 12021 (time=1317.52), 0.0161843 s/step
on time step 12269 (time=1344.7), 0.0161862 s/step
Meep progress: 1348.4278829854045/17107.157147216796 = 7.9% done in 751.2s, 8779.1s to go
on time step 12517 (time=1371.88), 0.0161841 s/step
on time step 12765 (time=1399.06), 0.0161829 s/step
on time step 13013 (time=1426.24), 0.0161825 s/step
on time step 13261 (time=1453.43), 0.0161829 s/step
on time step 13509 (time=1480.61), 0.0161804 s/step
on time step 13753 (time=1507.35), 0.0164534 s/step
on time step 14000 (time=1534.42), 0.016198 s/step
Meep progress: 1551.1907524906471/17107.157147216796 = 9.1% done in 781.2s, 7834.3s to go
on time step 14248 (time=1561.6), 0.0161782 s/step
on time step 14496 (time=1588.78), 0.0161823 s/step
on time step 14744 (time=1615.97), 0.016181 s/step
on time step 14992 (time=1643.15), 0.0161848 s/step
on time step 15240 (time=1670.33), 0.0161813 s/step
on time step 15486 (time=1697.29), 0.0162839 s/step
on time step 15734 (time=1724.47), 0.0161813 s/step
on time step 15982 (time=1751.65), 0.0161823 s/step
Meep progress: 1754.2824266491414/17107.157147216796 = 10.3% done in 811.2s, 7099.5s to go
on time step 16230 (time=1778.83), 0.0161818 s/step
on time step 16478 (time=1806.01), 0.0161803 s/step
on time step 16726 (time=1833.2), 0.0161823 s/step
on time step 16974 (time=1860.38), 0.0161825 s/step
on time step 17222 (time=1887.56), 0.0161779 s/step
on time step 17466 (time=1914.3), 0.0164578 s/step
on time step 17713 (time=1941.37), 0.0161968 s/step
Meep progress: 1957.0452961543838/17107.157147216796 = 11.4% done in 841.2s, 6512.2s to go
on time step 17961 (time=1968.55), 0.0161814 s/step
on time step 18209 (time=1995.73), 0.016179 s/step
on time step 18457 (time=2022.92), 0.0161834 s/step
on time step 18705 (time=2050.1), 0.0161851 s/step
on time step 18953 (time=2077.28), 0.0161838 s/step
on time step 19199 (time=2104.24), 0.0163016 s/step
on time step 19447 (time=2131.42), 0.0161841 s/step
on time step 19695 (time=2158.6), 0.0161807 s/step
Meep progress: 2160.027368761794/17107.157147216796 = 12.6% done in 871.2s, 6028.8s to go
on time step 19943 (time=2185.78), 0.016183 s/step
on time step 20191 (time=2212.96), 0.0161794 s/step
on time step 20439 (time=2240.15), 0.0161808 s/step
on time step 20687 (time=2267.33), 0.0161852 s/step
on time step 20935 (time=2294.51), 0.0161823 s/step
on time step 21179 (time=2321.25), 0.0164383 s/step
on time step 21426 (time=2348.32), 0.0162003 s/step
Meep progress: 2362.790238267037/17107.157147216796 = 13.8% done in 901.2s, 5623.9s to go
on time step 21674 (time=2375.5), 0.0161827 s/step
on time step 21922 (time=2402.69), 0.0161797 s/step
on time step 22170 (time=2429.87), 0.0161771 s/step
on time step 22418 (time=2457.05), 0.0161846 s/step
on time step 22666 (time=2484.23), 0.0161848 s/step
on time step 22912 (time=2511.19), 0.0162861 s/step
on time step 23160 (time=2538.37), 0.0161826 s/step
on time step 23408 (time=2565.55), 0.0161777 s/step
Meep progress: 2565.881912425531/17107.157147216796 = 15.0% done in 931.2s, 5277.5s to go
on time step 23656 (time=2592.73), 0.016184 s/step
on time step 23904 (time=2619.92), 0.0161797 s/step
on time step 24152 (time=2647.1), 0.0161792 s/step
on time step 24400 (time=2674.28), 0.0161825 s/step
on time step 24648 (time=2701.46), 0.0161813 s/step
on time step 24891 (time=2728.09), 0.0164807 s/step
on time step 25139 (time=2755.27), 0.0161827 s/step
Meep progress: 2768.6447819307737/17107.157147216796 = 16.2% done in 961.3s, 4978.2s to go
on time step 25387 (time=2782.45), 0.0161849 s/step
on time step 25635 (time=2809.64), 0.0161827 s/step
on time step 25883 (time=2836.82), 0.0161796 s/step
on time step 26131 (time=2864), 0.0161862 s/step
on time step 26379 (time=2891.18), 0.0161853 s/step
on time step 26625 (time=2918.14), 0.0162865 s/step
on time step 26873 (time=2945.32), 0.0161821 s/step
Meep progress: 2971.736456089268/17107.157147216796 = 17.4% done in 991.3s, 4715.1s to go
on time step 27121 (time=2972.5), 0.0161834 s/step
on time step 27369 (time=2999.68), 0.0161824 s/step
on time step 27617 (time=3026.87), 0.0161833 s/step
on time step 27865 (time=3054.05), 0.0161849 s/step
on time step 28113 (time=3081.23), 0.0161793 s/step
on time step 28361 (time=3108.41), 0.0161851 s/step
on time step 28604 (time=3135.04), 0.0164767 s/step
on time step 28852 (time=3162.22), 0.0161839 s/step
Meep progress: 3174.49932559451/17107.157147216796 = 18.6% done in 1021.3s, 4482.3s to go
on time step 29100 (time=3189.41), 0.0161851 s/step
on time step 29348 (time=3216.59), 0.0161809 s/step
on time step 29596 (time=3243.77), 0.0161816 s/step
on time step 29844 (time=3270.95), 0.0161821 s/step
on time step 30092 (time=3298.13), 0.0161794 s/step
on time step 30338 (time=3325.09), 0.0162828 s/step
on time step 30586 (time=3352.27), 0.0161856 s/step
Meep progress: 3377.5909997530043/17107.157147216796 = 19.7% done in 1051.3s, 4273.4s to go
on time step 30834 (time=3379.45), 0.016184 s/step
on time step 31082 (time=3406.64), 0.0161822 s/step
on time step 31330 (time=3433.82), 0.0161839 s/step
on time step 31578 (time=3461), 0.016184 s/step
on time step 31826 (time=3488.18), 0.0161836 s/step
on time step 32074 (time=3515.36), 0.0161836 s/step
on time step 32317 (time=3541.99), 0.01648 s/step
on time step 32565 (time=3569.17), 0.0161821 s/step
Meep progress: 3580.353869258247/17107.157147216796 = 20.9% done in 1081.3s, 4085.2s to go
on time step 32813 (time=3596.36), 0.0161812 s/step
on time step 33061 (time=3623.54), 0.0161831 s/step
on time step 33309 (time=3650.72), 0.0161844 s/step
on time step 33557 (time=3677.9), 0.0161835 s/step
on time step 33805 (time=3705.08), 0.0161851 s/step
on time step 34051 (time=3732.04), 0.0163036 s/step
on time step 34299 (time=3759.22), 0.0161844 s/step
Meep progress: 3783.3359418656573/17107.157147216796 = 22.1% done in 1111.3s, 3913.7s to go
on time step 34547 (time=3786.4), 0.0161851 s/step
on time step 34795 (time=3813.59), 0.0161863 s/step
on time step 35043 (time=3840.77), 0.0161883 s/step
on time step 35291 (time=3867.95), 0.0161848 s/step
on time step 35539 (time=3895.13), 0.0161845 s/step
on time step 35787 (time=3922.31), 0.016184 s/step
on time step 36031 (time=3949.05), 0.0164574 s/step
on time step 36279 (time=3976.23), 0.0161817 s/step
Meep progress: 3986.0988113709/17107.157147216796 = 23.3% done in 1141.3s, 3756.9s to go
on time step 36527 (time=4003.42), 0.0161842 s/step
on time step 36775 (time=4030.6), 0.0161871 s/step
on time step 37023 (time=4057.78), 0.0161843 s/step
on time step 37271 (time=4084.96), 0.0161825 s/step
on time step 37518 (time=4112.03), 0.016213 s/step
on time step 37765 (time=4139.1), 0.016242 s/step
on time step 38013 (time=4166.28), 0.0161863 s/step
Meep progress: 4189.190485529394/17107.157147216796 = 24.5% done in 1171.3s, 3612.0s to go
on time step 38261 (time=4193.46), 0.0161844 s/step
on time step 38509 (time=4220.65), 0.0161805 s/step
on time step 38757 (time=4247.83), 0.0161888 s/step
on time step 39005 (time=4275.01), 0.0161828 s/step
on time step 39253 (time=4302.19), 0.0161821 s/step
on time step 39501 (time=4329.37), 0.0161841 s/step
on time step 39744 (time=4356), 0.0164838 s/step
on time step 39992 (time=4383.19), 0.0161798 s/step
Meep progress: 4391.953355034637/17107.157147216796 = 25.7% done in 1201.3s, 3478.0s to go
on time step 40240 (time=4410.37), 0.0161922 s/step
on time step 40488 (time=4437.55), 0.0161828 s/step
on time step 40736 (time=4464.73), 0.0161812 s/step
on time step 40984 (time=4491.91), 0.0161856 s/step
on time step 41230 (time=4518.87), 0.0162885 s/step
on time step 41477 (time=4545.94), 0.0161944 s/step
on time step 41725 (time=4573.12), 0.0161842 s/step
Meep progress: 4594.935427642047/17107.157147216796 = 26.9% done in 1231.3s, 3353.0s to go
on time step 41973 (time=4600.31), 0.0161845 s/step
on time step 42221 (time=4627.49), 0.016183 s/step
on time step 42469 (time=4654.67), 0.0161823 s/step
on time step 42717 (time=4681.85), 0.0161853 s/step
on time step 42965 (time=4709.03), 0.0161844 s/step
on time step 43213 (time=4736.21), 0.0161798 s/step
on time step 43456 (time=4762.85), 0.016486 s/step
on time step 43704 (time=4790.03), 0.0161822 s/step
Meep progress: 4797.698297147289/17107.157147216796 = 28.0% done in 1261.4s, 3236.3s to go
on time step 43952 (time=4817.21), 0.0161885 s/step
on time step 44200 (time=4844.39), 0.0161855 s/step
on time step 44448 (time=4871.57), 0.0161838 s/step
on time step 44696 (time=4898.75), 0.0161838 s/step
on time step 44942 (time=4925.71), 0.0162955 s/step
on time step 45190 (time=4952.89), 0.016185 s/step
on time step 45438 (time=4980.08), 0.0161835 s/step
Meep progress: 5000.680369754699/17107.157147216796 = 29.2% done in 1291.4s, 3126.3s to go
on time step 45686 (time=5007.26), 0.0161815 s/step
on time step 45934 (time=5034.44), 0.0161835 s/step
on time step 46182 (time=5061.62), 0.0161848 s/step
on time step 46430 (time=5088.8), 0.0161863 s/step
on time step 46678 (time=5115.98), 0.0161827 s/step
on time step 46926 (time=5143.16), 0.0161875 s/step
on time step 47169 (time=5169.8), 0.0165139 s/step
on time step 47417 (time=5196.98), 0.0161807 s/step
Meep progress: 5203.333637708858/17107.157147216796 = 30.4% done in 1321.4s, 3022.9s to go
on time step 47665 (time=5224.16), 0.0161853 s/step
on time step 47913 (time=5251.34), 0.0161823 s/step
on time step 48161 (time=5278.52), 0.0161811 s/step
on time step 48409 (time=5305.7), 0.0161853 s/step
on time step 48655 (time=5332.66), 0.0162985 s/step
on time step 48903 (time=5359.84), 0.0161867 s/step
on time step 49151 (time=5387.03), 0.0161848 s/step
Meep progress: 5406.315710316268/17107.157147216796 = 31.6% done in 1351.4s, 2924.8s to go
on time step 49399 (time=5414.21), 0.0161813 s/step
on time step 49647 (time=5441.39), 0.0161852 s/step
on time step 49895 (time=5468.57), 0.0161802 s/step
on time step 50143 (time=5495.75), 0.0161862 s/step
on time step 50391 (time=5522.93), 0.0161797 s/step
on time step 50639 (time=5550.11), 0.016187 s/step
on time step 50882 (time=5576.75), 0.0164904 s/step
on time step 51130 (time=5603.93), 0.0161829 s/step
Meep progress: 5609.078579821511/17107.157147216796 = 32.8% done in 1381.4s, 2831.7s to go
on time step 51378 (time=5631.11), 0.0161837 s/step
on time step 51626 (time=5658.29), 0.0161829 s/step
on time step 51874 (time=5685.47), 0.0161811 s/step
on time step 52122 (time=5712.65), 0.0161822 s/step
on time step 52368 (time=5739.61), 0.0162909 s/step
on time step 52616 (time=5766.8), 0.0161855 s/step
on time step 52864 (time=5793.98), 0.0161814 s/step
Meep progress: 5812.170253980005/17107.157147216796 = 34.0% done in 1411.4s, 2742.8s to go
on time step 53112 (time=5821.16), 0.0161816 s/step
on time step 53360 (time=5848.34), 0.0161838 s/step
on time step 53608 (time=5875.52), 0.016185 s/step
on time step 53856 (time=5902.7), 0.0161834 s/step
on time step 54104 (time=5929.88), 0.0161824 s/step
on time step 54352 (time=5957.06), 0.0161836 s/step
on time step 54595 (time=5983.7), 0.0164835 s/step
on time step 54843 (time=6010.88), 0.0161831 s/step
Meep progress: 6014.933123485248/17107.157147216796 = 35.2% done in 1441.4s, 2658.1s to go
on time step 55091 (time=6038.06), 0.0161827 s/step
on time step 55339 (time=6065.24), 0.0161865 s/step
on time step 55587 (time=6092.42), 0.0161818 s/step
on time step 55835 (time=6119.6), 0.0161821 s/step
on time step 56081 (time=6146.56), 0.0162834 s/step
on time step 56329 (time=6173.75), 0.0161826 s/step
on time step 56577 (time=6200.93), 0.0161795 s/step
Meep progress: 6218.024797643742/17107.157147216796 = 36.3% done in 1471.4s, 2576.8s to go
on time step 56825 (time=6228.11), 0.0161805 s/step
on time step 57073 (time=6255.29), 0.016181 s/step
on time step 57321 (time=6282.47), 0.0161811 s/step
on time step 57569 (time=6309.65), 0.016183 s/step
on time step 57817 (time=6336.83), 0.0161811 s/step
on time step 58065 (time=6364.01), 0.0161814 s/step
on time step 58308 (time=6390.65), 0.0164983 s/step
on time step 58556 (time=6417.83), 0.0161802 s/step
Meep progress: 6420.787667148985/17107.157147216796 = 37.5% done in 1501.4s, 2498.9s to go
on time step 58804 (time=6445.01), 0.0161823 s/step
on time step 59052 (time=6472.19), 0.0161832 s/step
on time step 59300 (time=6499.37), 0.0161807 s/step
on time step 59548 (time=6526.55), 0.0161805 s/step
on time step 59794 (time=6553.52), 0.0162859 s/step
on time step 60042 (time=6580.7), 0.0161839 s/step
on time step 60290 (time=6607.88), 0.016184 s/step
Meep progress: 6623.879341307479/17107.157147216796 = 38.7% done in 1531.5s, 2423.8s to go
on time step 60538 (time=6635.06), 0.0161822 s/step
on time step 60786 (time=6662.24), 0.016179 s/step
on time step 61034 (time=6689.42), 0.0161822 s/step
on time step 61282 (time=6716.6), 0.0161809 s/step
on time step 61530 (time=6743.78), 0.0161837 s/step
on time step 61778 (time=6770.96), 0.0161829 s/step
on time step 62021 (time=6797.6), 0.0164962 s/step
on time step 62269 (time=6824.78), 0.0161785 s/step
Meep progress: 6826.642210812722/17107.157147216796 = 39.9% done in 1561.5s, 2351.5s to go
on time step 62517 (time=6851.96), 0.0161832 s/step
on time step 62765 (time=6879.14), 0.0161805 s/step
on time step 63013 (time=6906.32), 0.0161816 s/step
on time step 63261 (time=6933.5), 0.0161854 s/step
on time step 63507 (time=6960.47), 0.0163036 s/step
on time step 63755 (time=6987.65), 0.0161852 s/step
on time step 64003 (time=7014.83), 0.0161829 s/step
Meep progress: 7029.624283420132/17107.157147216796 = 41.1% done in 1591.5s, 2281.5s to go
on time step 64251 (time=7042.01), 0.0161854 s/step
on time step 64499 (time=7069.19), 0.0161804 s/step
on time step 64747 (time=7096.37), 0.0161807 s/step
on time step 64995 (time=7123.55), 0.0161783 s/step
on time step 65243 (time=7150.73), 0.016181 s/step
on time step 65491 (time=7177.92), 0.0161788 s/step
on time step 65734 (time=7204.55), 0.0165022 s/step
on time step 65982 (time=7231.73), 0.0161836 s/step
Meep progress: 7232.387152925374/17107.157147216796 = 42.3% done in 1621.5s, 2213.9s to go
on time step 66230 (time=7258.91), 0.0161843 s/step
on time step 66478 (time=7286.09), 0.0161828 s/step
on time step 66726 (time=7313.27), 0.0161832 s/step
on time step 66974 (time=7340.45), 0.0161834 s/step
on time step 67220 (time=7367.42), 0.0162913 s/step
on time step 67468 (time=7394.6), 0.0161825 s/step
on time step 67716 (time=7421.78), 0.016185 s/step
Meep progress: 7435.478827083868/17107.157147216796 = 43.5% done in 1651.5s, 2148.2s to go
on time step 67964 (time=7448.96), 0.0161817 s/step
on time step 68212 (time=7476.14), 0.0161825 s/step
on time step 68460 (time=7503.32), 0.0161792 s/step
on time step 68708 (time=7530.5), 0.0161857 s/step
on time step 68956 (time=7557.68), 0.0161861 s/step
on time step 69204 (time=7584.87), 0.0161845 s/step
on time step 69447 (time=7611.5), 0.0164895 s/step
Meep progress: 7638.241696589111/17107.157147216796 = 44.6% done in 1681.5s, 2084.5s to go
on time step 69695 (time=7638.68), 0.0161851 s/step
on time step 69943 (time=7665.86), 0.0161853 s/step
on time step 70191 (time=7693.04), 0.0161854 s/step
on time step 70439 (time=7720.22), 0.0161839 s/step
on time step 70687 (time=7747.4), 0.0161859 s/step
on time step 70933 (time=7774.37), 0.0162868 s/step
on time step 71181 (time=7801.55), 0.0161851 s/step
on time step 71429 (time=7828.73), 0.0161809 s/step
Meep progress: 7841.223769196521/17107.157147216796 = 45.8% done in 1711.5s, 2022.5s to go
on time step 71677 (time=7855.91), 0.016185 s/step
on time step 71925 (time=7883.09), 0.0161839 s/step
on time step 72173 (time=7910.27), 0.0161842 s/step
on time step 72421 (time=7937.45), 0.0161857 s/step
on time step 72669 (time=7964.64), 0.0161835 s/step
on time step 72916 (time=7991.71), 0.0162036 s/step
on time step 73159 (time=8018.34), 0.016514 s/step
Meep progress: 8043.87703715068/17107.157147216796 = 47.0% done in 1741.5s, 1962.2s to go
on time step 73407 (time=8045.52), 0.0161853 s/step
on time step 73655 (time=8072.7), 0.0161859 s/step
on time step 73903 (time=8099.88), 0.0161868 s/step
on time step 74151 (time=8127.06), 0.0161837 s/step
on time step 74399 (time=8154.25), 0.0161866 s/step
on time step 74645 (time=8181.21), 0.0162722 s/step
on time step 74893 (time=8208.39), 0.0161868 s/step
on time step 75141 (time=8235.57), 0.0161826 s/step
Meep progress: 8246.968711309175/17107.157147216796 = 48.2% done in 1771.5s, 1903.3s to go
on time step 75389 (time=8262.75), 0.0161888 s/step
on time step 75637 (time=8289.93), 0.0161848 s/step
on time step 75885 (time=8317.11), 0.0161848 s/step
on time step 76133 (time=8344.29), 0.0161855 s/step
on time step 76381 (time=8371.48), 0.0161804 s/step
on time step 76628 (time=8398.55), 0.016264 s/step
on time step 76873 (time=8425.4), 0.0163859 s/step
Meep progress: 8449.731580814416/17107.157147216796 = 49.4% done in 1801.6s, 1845.8s to go
on time step 77121 (time=8452.58), 0.016183 s/step
on time step 77369 (time=8479.76), 0.0161851 s/step
on time step 77617 (time=8506.94), 0.0161828 s/step
on time step 77865 (time=8534.12), 0.0161834 s/step
on time step 78113 (time=8561.31), 0.0161864 s/step
on time step 78359 (time=8588.27), 0.0163009 s/step
on time step 78607 (time=8615.45), 0.0161857 s/step
on time step 78855 (time=8642.63), 0.0161861 s/step
Meep progress: 8652.713653421826/17107.157147216796 = 50.6% done in 1831.6s, 1789.6s to go
on time step 79103 (time=8669.81), 0.0161856 s/step
on time step 79351 (time=8696.99), 0.0161868 s/step
on time step 79599 (time=8724.17), 0.0161845 s/step
on time step 79847 (time=8751.36), 0.0161804 s/step
on time step 80095 (time=8778.54), 0.0161858 s/step
on time step 80341 (time=8805.5), 0.0162806 s/step
on time step 80585 (time=8832.24), 0.0164115 s/step
Meep progress: 8855.366921375986/17107.157147216796 = 51.8% done in 1861.6s, 1734.7s to go
on time step 80833 (time=8859.42), 0.0161852 s/step
on time step 81081 (time=8886.6), 0.0161859 s/step
on time step 81329 (time=8913.78), 0.0161825 s/step
on time step 81577 (time=8940.97), 0.0161877 s/step
on time step 81825 (time=8968.15), 0.0161844 s/step
on time step 82071 (time=8995.11), 0.0162949 s/step
on time step 82319 (time=9022.29), 0.0161861 s/step
on time step 82567 (time=9049.47), 0.0161886 s/step
Meep progress: 9058.348993983396/17107.157147216796 = 53.0% done in 1891.6s, 1680.8s to go
on time step 82815 (time=9076.65), 0.0161853 s/step
on time step 83063 (time=9103.83), 0.0161866 s/step
on time step 83311 (time=9131.01), 0.016186 s/step
on time step 83559 (time=9158.2), 0.0161851 s/step
on time step 83807 (time=9185.38), 0.0161862 s/step
on time step 84053 (time=9212.34), 0.0162817 s/step
on time step 84297 (time=9239.08), 0.0164232 s/step
Meep progress: 9261.002261937554/17107.157147216796 = 54.1% done in 1921.6s, 1628.0s to go
on time step 84545 (time=9266.26), 0.0161796 s/step
on time step 84793 (time=9293.44), 0.0161885 s/step
on time step 85041 (time=9320.63), 0.016187 s/step
on time step 85289 (time=9347.81), 0.0161846 s/step
on time step 85537 (time=9374.99), 0.0161831 s/step
on time step 85783 (time=9401.95), 0.0162878 s/step
on time step 86031 (time=9429.13), 0.0161853 s/step
on time step 86279 (time=9456.31), 0.0161858 s/step
Meep progress: 9463.984334544964/17107.157147216796 = 55.3% done in 1951.6s, 1576.1s to go
on time step 86527 (time=9483.49), 0.0161863 s/step
on time step 86775 (time=9510.67), 0.016186 s/step
on time step 87023 (time=9537.86), 0.0161819 s/step
on time step 87271 (time=9565.04), 0.016182 s/step
on time step 87519 (time=9592.22), 0.016185 s/step
on time step 87765 (time=9619.18), 0.0162909 s/step
on time step 88009 (time=9645.92), 0.0163941 s/step
Meep progress: 9666.637602499124/17107.157147216796 = 56.5% done in 1981.6s, 1525.2s to go
on time step 88257 (time=9673.1), 0.0161856 s/step
on time step 88505 (time=9700.29), 0.0161871 s/step
on time step 88753 (time=9727.47), 0.0161837 s/step
on time step 89001 (time=9754.65), 0.0161864 s/step
on time step 89249 (time=9781.83), 0.0161887 s/step
on time step 89495 (time=9808.79), 0.0162932 s/step
on time step 89743 (time=9835.97), 0.0161861 s/step
on time step 89991 (time=9863.15), 0.0161837 s/step
Meep progress: 9869.619675106534/17107.157147216796 = 57.7% done in 2011.6s, 1475.1s to go
on time step 90239 (time=9890.33), 0.0161819 s/step
on time step 90487 (time=9917.52), 0.0161871 s/step
on time step 90735 (time=9944.7), 0.0161833 s/step
on time step 90983 (time=9971.88), 0.0161856 s/step
on time step 91231 (time=9999.06), 0.0161839 s/step
on time step 91476 (time=10025.9), 0.0163486 s/step
on time step 91721 (time=10052.8), 0.0163537 s/step
Meep progress: 10072.272943060692/17107.157147216796 = 58.9% done in 2041.6s, 1425.9s to go
on time step 91969 (time=10079.9), 0.0161866 s/step
on time step 92217 (time=10107.1), 0.0161844 s/step
on time step 92465 (time=10134.3), 0.0161854 s/step
on time step 92713 (time=10161.5), 0.0161847 s/step
on time step 92961 (time=10188.7), 0.0161894 s/step
on time step 93207 (time=10215.6), 0.0162948 s/step
on time step 93455 (time=10242.8), 0.0161846 s/step
on time step 93703 (time=10270), 0.016184 s/step
Meep progress: 10275.255015668103/17107.157147216796 = 60.1% done in 2071.6s, 1377.4s to go
on time step 93951 (time=10297.2), 0.0161847 s/step
on time step 94199 (time=10324.4), 0.0161832 s/step
on time step 94447 (time=10351.5), 0.0161833 s/step
on time step 94695 (time=10378.7), 0.0161819 s/step
on time step 94943 (time=10405.9), 0.016185 s/step
on time step 95188 (time=10432.8), 0.0163959 s/step
on time step 95434 (time=10459.7), 0.0162811 s/step
Meep progress: 10477.90828362226/17107.157147216796 = 61.2% done in 2101.6s, 1329.7s to go
on time step 95682 (time=10486.9), 0.0161891 s/step
on time step 95930 (time=10514.1), 0.0161832 s/step
on time step 96178 (time=10541.3), 0.0161882 s/step
on time step 96426 (time=10568.4), 0.0161849 s/step
on time step 96674 (time=10595.6), 0.0161808 s/step
on time step 96920 (time=10622.6), 0.0162981 s/step
on time step 97168 (time=10649.8), 0.0161837 s/step
on time step 97416 (time=10676.9), 0.0161816 s/step
Meep progress: 10680.890356229671/17107.157147216796 = 62.4% done in 2131.6s, 1282.5s to go
on time step 97664 (time=10704.1), 0.0161839 s/step
on time step 97912 (time=10731.3), 0.0161854 s/step
on time step 98160 (time=10758.5), 0.0161819 s/step
on time step 98408 (time=10785.7), 0.016186 s/step
on time step 98656 (time=10812.9), 0.0161847 s/step
on time step 98900 (time=10839.6), 0.0164546 s/step
on time step 99147 (time=10866.7), 0.0162425 s/step
Meep progress: 10883.54362418383/17107.157147216796 = 63.6% done in 2161.6s, 1236.1s to go
on time step 99395 (time=10893.8), 0.0161786 s/step
on time step 99643 (time=10921), 0.0161856 s/step
on time step 99891 (time=10948.2), 0.0161868 s/step
on time step 100139 (time=10975.4), 0.0161854 s/step
on time step 100387 (time=11002.6), 0.0161858 s/step
on time step 100633 (time=11029.5), 0.0162983 s/step
on time step 100881 (time=11056.7), 0.0161858 s/step
on time step 101129 (time=11083.9), 0.016188 s/step
Meep progress: 11086.525696791241/17107.157147216796 = 64.8% done in 2191.6s, 1190.2s to go
on time step 101377 (time=11111.1), 0.016186 s/step
on time step 101625 (time=11138.3), 0.0161871 s/step
on time step 101873 (time=11165.4), 0.0161848 s/step
on time step 102121 (time=11192.6), 0.0161833 s/step
on time step 102369 (time=11219.8), 0.0161839 s/step
on time step 102612 (time=11246.4), 0.0164945 s/step
on time step 102859 (time=11273.5), 0.0162244 s/step
Meep progress: 11289.178964745399/17107.157147216796 = 66.0% done in 2221.6s, 1144.9s to go
on time step 103107 (time=11300.7), 0.0161878 s/step
on time step 103355 (time=11327.9), 0.0161865 s/step
on time step 103603 (time=11355), 0.0161863 s/step
on time step 103851 (time=11382.2), 0.016189 s/step
on time step 104099 (time=11409.4), 0.0161843 s/step
on time step 104345 (time=11436.4), 0.016303 s/step
on time step 104593 (time=11463.6), 0.0161907 s/step
on time step 104841 (time=11490.7), 0.0161867 s/step
Meep progress: 11492.16103735281/17107.157147216796 = 67.2% done in 2251.6s, 1100.1s to go
on time step 105089 (time=11517.9), 0.0161911 s/step
on time step 105337 (time=11545.1), 0.0161879 s/step
on time step 105585 (time=11572.3), 0.0161893 s/step
on time step 105833 (time=11599.5), 0.0161878 s/step
on time step 106081 (time=11626.6), 0.0161896 s/step
on time step 106324 (time=11653.3), 0.0164998 s/step
on time step 106571 (time=11680.3), 0.0162021 s/step
Meep progress: 11694.814305306969/17107.157147216796 = 68.4% done in 2281.6s, 1055.9s to go
on time step 106819 (time=11707.5), 0.0161836 s/step
on time step 107067 (time=11734.7), 0.0161829 s/step
on time step 107315 (time=11761.9), 0.0161856 s/step
on time step 107563 (time=11789.1), 0.0161857 s/step
on time step 107811 (time=11816.3), 0.0161843 s/step
on time step 108057 (time=11843.2), 0.0163071 s/step
on time step 108305 (time=11870.4), 0.016191 s/step
on time step 108553 (time=11897.6), 0.0161852 s/step
Meep progress: 11897.796377914377/17107.157147216796 = 69.5% done in 2311.7s, 1012.1s to go
on time step 108801 (time=11924.8), 0.0161859 s/step
on time step 109049 (time=11951.9), 0.0161883 s/step
on time step 109297 (time=11979.1), 0.0161866 s/step
on time step 109545 (time=12006.3), 0.0161795 s/step
on time step 109793 (time=12033.5), 0.0161831 s/step
on time step 110036 (time=12060.1), 0.0165266 s/step
on time step 110283 (time=12087.2), 0.0162041 s/step
Meep progress: 12100.449645868537/17107.157147216796 = 70.7% done in 2341.7s, 968.9s to go
on time step 110531 (time=12114.4), 0.016186 s/step
on time step 110779 (time=12141.6), 0.0161834 s/step
on time step 111027 (time=12168.7), 0.0161833 s/step
on time step 111275 (time=12195.9), 0.0161844 s/step
on time step 111523 (time=12223.1), 0.0161822 s/step
on time step 111769 (time=12250.1), 0.0163052 s/step
on time step 112017 (time=12277.2), 0.0161833 s/step
Meep progress: 12303.431718475947/17107.157147216796 = 71.9% done in 2371.7s, 926.0s to go
on time step 112265 (time=12304.4), 0.0161906 s/step
on time step 112513 (time=12331.6), 0.0161855 s/step
on time step 112761 (time=12358.8), 0.0161847 s/step
on time step 113009 (time=12386), 0.0161849 s/step
on time step 113257 (time=12413.1), 0.016186 s/step
on time step 113505 (time=12440.3), 0.0161902 s/step
on time step 113748 (time=12467), 0.0164818 s/step
on time step 113995 (time=12494), 0.0162076 s/step
Meep progress: 12506.084986430105/17107.157147216796 = 73.1% done in 2401.7s, 883.6s to go
on time step 114243 (time=12521.2), 0.0161821 s/step
on time step 114491 (time=12548.4), 0.0161808 s/step
on time step 114739 (time=12575.6), 0.0161841 s/step
on time step 114987 (time=12602.8), 0.0161867 s/step
on time step 115235 (time=12629.9), 0.0161823 s/step
on time step 115481 (time=12656.9), 0.0162976 s/step
on time step 115729 (time=12684.1), 0.016187 s/step
Meep progress: 12709.067059037516/17107.157147216796 = 74.3% done in 2431.7s, 841.5s to go
on time step 115977 (time=12711.3), 0.0161865 s/step
on time step 116225 (time=12738.4), 0.0161838 s/step
on time step 116473 (time=12765.6), 0.0161824 s/step
on time step 116721 (time=12792.8), 0.0161881 s/step
on time step 116969 (time=12820), 0.0161845 s/step
on time step 117217 (time=12847.2), 0.0161888 s/step
on time step 117461 (time=12873.9), 0.0164531 s/step
on time step 117708 (time=12901), 0.0161993 s/step
Meep progress: 12911.829928542758/17107.157147216796 = 75.5% done in 2461.7s, 799.9s to go
on time step 117956 (time=12928.2), 0.0161812 s/step
on time step 118204 (time=12955.3), 0.0161849 s/step
on time step 118452 (time=12982.5), 0.0161828 s/step
on time step 118700 (time=13009.7), 0.0161804 s/step
on time step 118948 (time=13036.9), 0.0161816 s/step
on time step 119194 (time=13063.8), 0.0162868 s/step
on time step 119442 (time=13091), 0.0161847 s/step
Meep progress: 13114.921602701254/17107.157147216796 = 76.7% done in 2491.7s, 758.5s to go
on time step 119690 (time=13118.2), 0.016183 s/step
on time step 119938 (time=13145.4), 0.0161807 s/step
on time step 120186 (time=13172.6), 0.0161827 s/step
on time step 120434 (time=13199.8), 0.0161814 s/step
on time step 120682 (time=13226.9), 0.0161872 s/step
on time step 120930 (time=13254.1), 0.0161837 s/step
on time step 121173 (time=13280.7), 0.0164908 s/step
on time step 121420 (time=13307.8), 0.0162026 s/step
Meep progress: 13317.574870655411/17107.157147216796 = 77.8% done in 2521.7s, 717.6s to go
on time step 121668 (time=13335), 0.0161849 s/step
on time step 121916 (time=13362.2), 0.0161843 s/step
on time step 122164 (time=13389.4), 0.0161789 s/step
on time step 122412 (time=13416.5), 0.0161823 s/step
on time step 122660 (time=13443.7), 0.016185 s/step
on time step 122906 (time=13470.7), 0.0163107 s/step
on time step 123154 (time=13497.9), 0.0161887 s/step
Meep progress: 13520.556943262822/17107.157147216796 = 79.0% done in 2551.7s, 676.9s to go
on time step 123402 (time=13525.1), 0.0161864 s/step
on time step 123650 (time=13552.2), 0.0161854 s/step
on time step 123898 (time=13579.4), 0.0161829 s/step
on time step 124146 (time=13606.6), 0.0161847 s/step
on time step 124394 (time=13633.8), 0.0161845 s/step
on time step 124642 (time=13661), 0.0161834 s/step
on time step 124885 (time=13687.6), 0.0164734 s/step
on time step 125132 (time=13714.7), 0.0161957 s/step
Meep progress: 13723.319812768064/17107.157147216796 = 80.2% done in 2581.7s, 636.6s to go
on time step 125380 (time=13741.8), 0.0161824 s/step
on time step 125628 (time=13769), 0.0161811 s/step
on time step 125876 (time=13796.2), 0.016183 s/step
on time step 126124 (time=13823.4), 0.0161876 s/step
on time step 126372 (time=13850.6), 0.0161834 s/step
on time step 126618 (time=13877.5), 0.0163044 s/step
on time step 126866 (time=13904.7), 0.0161832 s/step
Meep progress: 13926.301885375475/17107.157147216796 = 81.4% done in 2611.7s, 596.5s to go
on time step 127114 (time=13931.9), 0.0161807 s/step
on time step 127362 (time=13959.1), 0.0161803 s/step
on time step 127610 (time=13986.3), 0.0161832 s/step
on time step 127858 (time=14013.4), 0.0161839 s/step
on time step 128106 (time=14040.6), 0.0161837 s/step
on time step 128354 (time=14067.8), 0.0161865 s/step
on time step 128597 (time=14094.4), 0.0165077 s/step
on time step 128845 (time=14121.6), 0.0161846 s/step
Meep progress: 14128.955153329633/17107.157147216796 = 82.6% done in 2641.7s, 556.8s to go
on time step 129093 (time=14148.8), 0.0161853 s/step
on time step 129341 (time=14176), 0.016184 s/step
on time step 129589 (time=14203.2), 0.0161852 s/step
on time step 129837 (time=14230.3), 0.0161829 s/step
on time step 130085 (time=14257.5), 0.0161837 s/step
on time step 130331 (time=14284.5), 0.0163029 s/step
on time step 130579 (time=14311.7), 0.0161855 s/step
Meep progress: 14331.937225937043/17107.157147216796 = 83.8% done in 2671.7s, 517.4s to go
on time step 130827 (time=14338.8), 0.0161838 s/step
on time step 131075 (time=14366), 0.0161807 s/step
on time step 131323 (time=14393.2), 0.0161838 s/step
on time step 131571 (time=14420.4), 0.016182 s/step
on time step 131819 (time=14447.6), 0.0161831 s/step
on time step 132067 (time=14474.7), 0.0161866 s/step
on time step 132310 (time=14501.4), 0.0165271 s/step
on time step 132558 (time=14528.6), 0.0161845 s/step
Meep progress: 14534.590493891203/17107.157147216796 = 85.0% done in 2701.8s, 478.2s to go
on time step 132806 (time=14555.7), 0.0161836 s/step
on time step 133054 (time=14582.9), 0.0161831 s/step
on time step 133302 (time=14610.1), 0.0161869 s/step
on time step 133550 (time=14637.3), 0.0161867 s/step
on time step 133797 (time=14664.4), 0.0162128 s/step
on time step 134043 (time=14691.3), 0.0162661 s/step
on time step 134291 (time=14718.5), 0.0161834 s/step
Meep progress: 14737.572566498613/17107.157147216796 = 86.1% done in 2731.8s, 439.2s to go
on time step 134539 (time=14745.7), 0.0161834 s/step
on time step 134787 (time=14772.9), 0.0161827 s/step
on time step 135035 (time=14800), 0.0161838 s/step
on time step 135283 (time=14827.2), 0.0161784 s/step
on time step 135531 (time=14854.4), 0.016179 s/step
on time step 135779 (time=14881.6), 0.016183 s/step
on time step 136021 (time=14908.1), 0.0165291 s/step
on time step 136269 (time=14935.3), 0.0161836 s/step
Meep progress: 14940.22583445277/17107.157147216796 = 87.3% done in 2761.8s, 400.6s to go
on time step 136517 (time=14962.5), 0.016183 s/step
on time step 136765 (time=14989.7), 0.0161811 s/step
on time step 137013 (time=15016.8), 0.0161882 s/step
on time step 137261 (time=15044), 0.0161835 s/step
on time step 137508 (time=15071.1), 0.0162122 s/step
on time step 137754 (time=15098.1), 0.0162674 s/step
on time step 138002 (time=15125.2), 0.0161879 s/step
Meep progress: 15143.207907060181/17107.157147216796 = 88.5% done in 2791.8s, 362.1s to go
on time step 138250 (time=15152.4), 0.0161869 s/step
on time step 138498 (time=15179.6), 0.0161884 s/step
on time step 138746 (time=15206.8), 0.0161856 s/step
on time step 138994 (time=15234), 0.0161832 s/step
on time step 139242 (time=15261.1), 0.0161839 s/step
on time step 139490 (time=15288.3), 0.0161845 s/step
on time step 139733 (time=15315), 0.0164932 s/step
on time step 139981 (time=15342.1), 0.0161832 s/step
Meep progress: 15345.861175014341/17107.157147216796 = 89.7% done in 2821.8s, 323.9s to go
on time step 140229 (time=15369.3), 0.0161879 s/step
on time step 140477 (time=15396.5), 0.0161889 s/step
on time step 140725 (time=15423.7), 0.016182 s/step
on time step 140973 (time=15450.9), 0.0161886 s/step
on time step 141220 (time=15477.9), 0.0162455 s/step
on time step 141467 (time=15505), 0.0162346 s/step
on time step 141715 (time=15532.2), 0.0161826 s/step
Meep progress: 15548.84324762175/17107.157147216796 = 90.9% done in 2851.8s, 285.8s to go
on time step 141963 (time=15559.4), 0.0161841 s/step
on time step 142211 (time=15586.5), 0.0161845 s/step
on time step 142459 (time=15613.7), 0.0161825 s/step
on time step 142707 (time=15640.9), 0.0161835 s/step
on time step 142955 (time=15668.1), 0.016184 s/step
on time step 143203 (time=15695.3), 0.0161851 s/step
on time step 143446 (time=15721.9), 0.0164929 s/step
on time step 143694 (time=15749.1), 0.0161837 s/step
Meep progress: 15751.49651557591/17107.157147216796 = 92.1% done in 2881.8s, 248.0s to go
on time step 143942 (time=15776.3), 0.0161781 s/step
on time step 144190 (time=15803.4), 0.01618 s/step
on time step 144438 (time=15830.6), 0.0161786 s/step
on time step 144686 (time=15857.8), 0.0161828 s/step
on time step 144932 (time=15884.8), 0.0162717 s/step
on time step 145179 (time=15911.8), 0.0162102 s/step
on time step 145427 (time=15939), 0.0161846 s/step
Meep progress: 15954.588189734402/17107.157147216796 = 93.3% done in 2911.8s, 210.3s to go
on time step 145675 (time=15966.2), 0.016185 s/step
on time step 145923 (time=15993.4), 0.0161825 s/step
on time step 146171 (time=16020.6), 0.0161882 s/step
on time step 146419 (time=16047.7), 0.0161801 s/step
on time step 146667 (time=16074.9), 0.0161837 s/step
on time step 146915 (time=16102.1), 0.0161829 s/step
on time step 147158 (time=16128.7), 0.016508 s/step
on time step 147406 (time=16155.9), 0.0161833 s/step
Meep progress: 16157.241457688562/17107.157147216796 = 94.4% done in 2941.8s, 173.0s to go
on time step 147654 (time=16183.1), 0.0161815 s/step
on time step 147902 (time=16210.3), 0.0161845 s/step
on time step 148150 (time=16237.5), 0.0161844 s/step
on time step 148398 (time=16264.7), 0.0161851 s/step
on time step 148644 (time=16291.6), 0.016271 s/step
on time step 148891 (time=16318.7), 0.0162015 s/step
on time step 149139 (time=16345.9), 0.0161788 s/step
Meep progress: 16360.333131847055/17107.157147216796 = 95.6% done in 2971.8s, 135.7s to go
on time step 149387 (time=16373), 0.0161801 s/step
on time step 149635 (time=16400.2), 0.0161782 s/step
on time step 149883 (time=16427.4), 0.0161833 s/step
on time step 150131 (time=16454.6), 0.0161839 s/step
on time step 150379 (time=16481.8), 0.0161821 s/step
on time step 150627 (time=16509), 0.016189 s/step
on time step 150870 (time=16535.6), 0.0165239 s/step
on time step 151118 (time=16562.8), 0.0161866 s/step
Meep progress: 16562.986399801215/17107.157147216796 = 96.8% done in 3001.8s, 98.6s to go
on time step 151366 (time=16589.9), 0.0161865 s/step
on time step 151614 (time=16617.1), 0.016178 s/step
on time step 151862 (time=16644.3), 0.0161811 s/step
on time step 152110 (time=16671.5), 0.016178 s/step
on time step 152356 (time=16698.5), 0.0162833 s/step
on time step 152604 (time=16725.6), 0.0161791 s/step
on time step 152852 (time=16752.8), 0.0161804 s/step
Meep progress: 16766.07807395971/17107.157147216796 = 98.0% done in 3031.8s, 61.7s to go
on time step 153100 (time=16780), 0.0161885 s/step
on time step 153348 (time=16807.2), 0.0161835 s/step
on time step 153596 (time=16834.4), 0.0161821 s/step
on time step 153844 (time=16861.5), 0.0161838 s/step
on time step 154092 (time=16888.7), 0.0161835 s/step
on time step 154340 (time=16915.9), 0.0161845 s/step
on time step 154582 (time=16942.4), 0.0165394 s/step
Meep progress: 16968.731341913866/17107.157147216796 = 99.2% done in 3061.8s, 25.0s to go
on time step 154830 (time=16969.6), 0.0161822 s/step
on time step 155078 (time=16996.8), 0.0161864 s/step
on time step 155326 (time=17024), 0.016183 s/step
on time step 155574 (time=17051.2), 0.0161804 s/step
on time step 155822 (time=17078.3), 0.0161858 s/step
on time step 156068 (time=17105.3), 0.0162997 s/step
run 0 finished at t = 17107.15810093285 (156085 timesteps)
Whole Sim Walltime: 3118.212680578232 s

Elapsed run time = 3118.6313 s
