Warning: grid volume is not an integer number of pixels; cell size will be rounded to nearest pixel.
Using MPI version 3.1, 32 processes
Argument List: ['../SidePolishModel/2DModeSolve.py', '500', '50', '121.4', 'Continous_atMode', 'justplot']
Argument List: ['../SidePolishModel/2DModeSolve.py', '500', '50', '121.4', 'Continous_atMode', 'justplot']
Just plotting
WD: ../data/2022-03-12/Continous_atMode/
AlreadyDir
-----------
Initializing structure...
Splitting into 32 chunks by voxels
time for choose_chunkdivision = 0.00474484 s
Working in 2D dimensions.
Computational cell is 1213.96 x 170.035 x 0 with resolution 6.45161
     block, center = (0,0,0)
          size (1e+20,1e+20,1e+20)
          axes (1,0,0), (0,1,0), (0,0,1)
          dielectric constant epsilon diagonal = (1,1,1)
     block, center = (0,-29.2,0)
          size (1e+20,66.6,1e+20)
          axes (1,0,0), (0,1,0), (0,0,1)
          dielectric constant epsilon diagonal = (2.0736,2.0736,2.0736)
     block, center = (0,0,0)
          size (1e+20,8.2,1e+20)
          axes (1,0,0), (0,1,0), (0,0,1)
          dielectric constant epsilon diagonal = (2.08803,2.08803,2.08803)
     prism, center = (-250,-23.75,0)
          height 1, axis (0,0,1), sidewall angle: 0 radians, 4 vertices:
          (-411,4.1,-0.5)
          (-89,4.1,-0.5)
          (-122.999,-51.6,-0.5)
          (-377.001,-51.6,-0.5)
          dielectric constant epsilon diagonal = (1,1,1)
     prism, center = (250,-23.75,0)
          height 1, axis (0,0,1), sidewall angle: 0 radians, 4 vertices:
          (89,4.1,-0.5)
          (411,4.1,-0.5)
          (377.001,-51.6,-0.5)
          (122.999,-51.6,-0.5)
          dielectric constant epsilon diagonal = (1,1,1)
time for set_epsilon = 1.12843 s
-----------
Meep: using complex fields.
MPB solved for frequency_1(0.958772,0,0) = 0.664426 after 93 iters
MPB solved for frequency_1(0.957447,0,0) = 0.66351 after 4 iters
MPB solved for frequency_1(0.957447,0,0) = 0.66351 after 1 iters
Meep: using output directory '../data/2022-03-12/Continous_atMode/'

Elapsed run time = 3.4159 s
Warning: grid volume is not an integer number of pixels; cell size will be rounded to nearest pixel.
Using MPI version 3.1, 32 processes
Argument List: ['../SidePolishModel/2DModeSolve.py', '500', '50', '90', 'Continous_atMode_Sqr', 'justplot']
Argument List: ['../SidePolishModel/2DModeSolve.py', '500', '50', '90', 'Continous_atMode_Sqr', 'justplot']
Just plotting
WD: ../data/2022-03-12/Continous_atMode_Sqr/
AlreadyDir
-----------
Initializing structure...
Splitting into 32 chunks by voxels
time for choose_chunkdivision = 0.00433823 s
Working in 2D dimensions.
Computational cell is 1213.96 x 170.035 x 0 with resolution 6.45161
     block, center = (0,0,0)
          size (1e+20,1e+20,1e+20)
          axes (1,0,0), (0,1,0), (0,0,1)
          dielectric constant epsilon diagonal = (1,1,1)
     block, center = (0,-29.2,0)
          size (1e+20,66.6,1e+20)
          axes (1,0,0), (0,1,0), (0,0,1)
          dielectric constant epsilon diagonal = (2.0736,2.0736,2.0736)
     block, center = (0,0,0)
          size (1e+20,8.2,1e+20)
          axes (1,0,0), (0,1,0), (0,0,1)
          dielectric constant epsilon diagonal = (2.08803,2.08803,2.08803)
     prism, center = (-250,-23.75,0)
          height 1, axis (0,0,1), sidewall angle: 0 radians, 4 vertices:
          (-411,4.1,-0.5)
          (-89,4.1,-0.5)
          (-89,-51.6,-0.5)
          (-411,-51.6,-0.5)
          dielectric constant epsilon diagonal = (1,1,1)
     prism, center = (250,-23.75,0)
          height 1, axis (0,0,1), sidewall angle: 0 radians, 4 vertices:
          (89,4.1,-0.5)
          (411,4.1,-0.5)
          (411,-51.6,-0.5)
          (89,-51.6,-0.5)
          dielectric constant epsilon diagonal = (1,1,1)
time for set_epsilon = 1.1597 s
-----------
Meep: using complex fields.
MPB solved for frequency_1(0.958772,0,0) = 0.664426 after 93 iters
MPB solved for frequency_1(0.957447,0,0) = 0.66351 after 4 iters
MPB solved for frequency_1(0.957447,0,0) = 0.66351 after 1 iters
Meep: using output directory '../data/2022-03-12/Continous_atMode_Sqr/'

Elapsed run time = 3.1688 s
