Warning: grid volume is not an integer number of pixels; cell size will be rounded to nearest pixel.
Using MPI version 3.1, 32 processes
Argument List: ['../SidePolishModel/twoDsolve.py', '500', '2D_500um']
Whole Sim Walltime: <generator object Model.TicTocGenerator at 0x7fa9105f0200>s
WD: ../data/2022-03-09/2D_500um/
AlreadyDir
-----------
Initializing structure...
Splitting into 32 chunks by voxels
time for choose_chunkdivision = 0.00389633 s
Working in 2D dimensions.
Computational cell is 1213.96 x 170.035 x 0 with resolution 6.45161
     block, center = (0,0,0)
          size (1e+20,1e+20,1e+20)
          axes (1,0,0), (0,1,0), (0,0,1)
          dielectric constant epsilon diagonal = (1,1,1)
     block, center = (0,-29.2,0)
          size (1e+20,66.6,1e+20)
          axes (1,0,0), (0,1,0), (0,0,1)
          dielectric constant epsilon diagonal = (2.0736,2.0736,2.0736)
     block, center = (0,0,0)
          size (1e+20,8.2,1e+20)
          axes (1,0,0), (0,1,0), (0,0,1)
          dielectric constant epsilon diagonal = (2.08803,2.08803,2.08803)
time for set_epsilon = 0.239025 s
-----------
MPB solved for frequency_1(0.4,0,0) = 0.279228 after 17 iters
MPB solved for frequency_1(0.931295,0,0) = 0.645713 after 107 iters
MPB solved for frequency_1(0.930496,0,0) = 0.645161 after 4 iters
MPB solved for frequency_1(0.930496,0,0) = 0.645161 after 1 iters
Meep: using output directory '../data/2022-03-09/2D_500um/'


Normalisation Run


on time step 137 (time=15.0154), 0.0292639 s/step
on time step 343 (time=37.5933), 0.0194712 s/step
on time step 548 (time=60.0616), 0.0195588 s/step
on time step 756 (time=82.8588), 0.0192311 s/step
on time step 961 (time=105.327), 0.0195182 s/step
on time step 1169 (time=128.124), 0.0192991 s/step
on time step 1377 (time=150.921), 0.0193128 s/step
Meep progress: 161.99109250202616/8914.007147216797 = 1.8% done in 30.0s, 1621.2s to go
on time step 1584 (time=173.609), 0.0193626 s/step
on time step 1787 (time=195.858), 0.0197069 s/step
on time step 1979 (time=216.901), 0.0209008 s/step
on time step 2155 (time=236.191), 0.0227858 s/step
on time step 2323 (time=254.604), 0.0238223 s/step
on time step 2465 (time=270.168), 0.0281752 s/step
on time step 2590 (time=283.868), 0.0321522 s/step
Meep progress: 296.91060188632537/8914.007147216797 = 3.3% done in 60.0s, 1742.4s to go
on time step 2712 (time=297.239), 0.0328278 s/step
on time step 2831 (time=310.282), 0.0338242 s/step
on time step 2943 (time=322.557), 0.0357538 s/step
on time step 3036 (time=332.75), 0.0434428 s/step
on time step 3121 (time=342.066), 0.0473606 s/step
on time step 3206 (time=351.383), 0.0473974 s/step
on time step 3295 (time=361.137), 0.0452205 s/step
on time step 3378 (time=370.234), 0.0483813 s/step
Meep progress: 374.17969540048534/8914.007147216797 = 4.2% done in 90.0s, 2054.9s to go
on time step 3462 (time=379.441), 0.0478615 s/step
on time step 3542 (time=388.209), 0.0503311 s/step
on time step 3612 (time=395.881), 0.0574012 s/step
on time step 3677 (time=403.005), 0.0619778 s/step
on time step 3743 (time=410.239), 0.0609301 s/step
on time step 3815 (time=418.13), 0.055963 s/step
on time step 3889 (time=426.24), 0.054681 s/step
Meep progress: 432.8165252303798/8914.007147216797 = 4.9% done in 120.1s, 2353.0s to go
on time step 3956 (time=433.584), 0.0598652 s/step
on time step 4023 (time=440.927), 0.0604826 s/step
on time step 4090 (time=448.27), 0.0604022 s/step
on time step 4151 (time=454.956), 0.0659192 s/step
on time step 4209 (time=461.313), 0.0695949 s/step
on time step 4266 (time=467.56), 0.070608 s/step
on time step 4324 (time=473.917), 0.0691777 s/step
on time step 4386 (time=480.712), 0.0648642 s/step
Meep progress: 483.12363717789674/8914.007147216797 = 5.4% done in 150.1s, 2619.2s to go
on time step 4450 (time=487.727), 0.0625194 s/step
on time step 4511 (time=494.413), 0.066559 s/step
on time step 4568 (time=500.66), 0.0704751 s/step
on time step 4624 (time=506.798), 0.0719963 s/step
on time step 4680 (time=512.935), 0.0715041 s/step
on time step 4735 (time=518.963), 0.0736664 s/step
on time step 4789 (time=524.882), 0.0743848 s/step
Meep progress: 529.5946948374766/8914.007147216797 = 5.9% done in 180.1s, 2851.3s to go
on time step 4844 (time=530.91), 0.0739672 s/step
on time step 4900 (time=537.048), 0.0726863 s/step
on time step 4957 (time=543.295), 0.0709108 s/step
on time step 5016 (time=549.761), 0.068939 s/step
on time step 5073 (time=556.009), 0.071387 s/step
on time step 5127 (time=561.927), 0.0746271 s/step
on time step 5180 (time=567.736), 0.0766085 s/step
on time step 5232 (time=573.435), 0.0770352 s/step
Meep progress: 574.6409323329657/8914.007147216797 = 6.4% done in 210.2s, 3050.1s to go
on time step 5285 (time=579.244), 0.076275 s/step
on time step 5338 (time=585.053), 0.0766939 s/step
on time step 5391 (time=590.862), 0.076379 s/step
on time step 5444 (time=596.671), 0.075636 s/step
on time step 5498 (time=602.589), 0.0746558 s/step
on time step 5553 (time=608.617), 0.0740667 s/step
on time step 5607 (time=614.536), 0.0753485 s/step
Meep progress: 618.1527481132798/8914.007147216797 = 6.9% done in 240.2s, 3223.8s to go
on time step 5659 (time=620.235), 0.0771875 s/step
on time step 5711 (time=625.934), 0.0778943 s/step
on time step 5763 (time=631.634), 0.0779701 s/step
on time step 5815 (time=637.333), 0.0779275 s/step
on time step 5867 (time=643.032), 0.0779036 s/step
on time step 5919 (time=648.732), 0.0777214 s/step
on time step 5971 (time=654.431), 0.0773907 s/step
on time step 6023 (time=660.13), 0.0770787 s/step
Meep progress: 660.5685483827549/8914.007147216797 = 7.4% done in 270.3s, 3377.1s to go
on time step 6076 (time=665.939), 0.0764326 s/step
on time step 6129 (time=671.748), 0.0764151 s/step
on time step 6181 (time=677.447), 0.0775173 s/step
on time step 6233 (time=683.146), 0.0776598 s/step
on time step 6285 (time=688.846), 0.0776778 s/step
on time step 6337 (time=694.545), 0.0776563 s/step
on time step 6389 (time=700.244), 0.0780276 s/step
Meep progress: 703.0939502033139/8914.007147216797 = 7.9% done in 300.3s, 3507.1s to go
on time step 6441 (time=705.944), 0.0777015 s/step
on time step 6493 (time=711.643), 0.0777393 s/step
on time step 6545 (time=717.342), 0.0777077 s/step
on time step 6597 (time=723.041), 0.0777091 s/step
on time step 6649 (time=728.741), 0.077778 s/step
on time step 6701 (time=734.44), 0.0776869 s/step
on time step 6753 (time=740.139), 0.077406 s/step
Meep progress: 745.5097504727889/8914.007147216797 = 8.4% done in 330.4s, 3619.8s to go
on time step 6805 (time=745.839), 0.0776352 s/step
on time step 6857 (time=751.538), 0.0777468 s/step
on time step 6909 (time=757.237), 0.0777883 s/step
on time step 6961 (time=762.936), 0.0778985 s/step
on time step 7013 (time=768.636), 0.0778771 s/step
on time step 7065 (time=774.335), 0.0779084 s/step
on time step 7117 (time=780.034), 0.0781059 s/step
on time step 7169 (time=785.734), 0.0778996 s/step
Meep progress: 787.81594919118/8914.007147216797 = 8.8% done in 360.4s, 3717.9s to go
on time step 7221 (time=791.433), 0.0777839 s/step
on time step 7273 (time=797.132), 0.0776082 s/step
on time step 7325 (time=802.831), 0.0775155 s/step
on time step 7377 (time=808.531), 0.0776062 s/step
on time step 7429 (time=814.23), 0.0777314 s/step
on time step 7481 (time=819.929), 0.0778601 s/step
on time step 7533 (time=825.628), 0.0777336 s/step
Meep progress: 830.2317494606551/8914.007147216797 = 9.3% done in 390.5s, 3802.3s to go
on time step 7585 (time=831.328), 0.0778354 s/step
on time step 7637 (time=837.027), 0.0780262 s/step
on time step 7689 (time=842.726), 0.0780176 s/step
on time step 7739 (time=848.206), 0.0802852 s/step
on time step 7786 (time=853.358), 0.0853003 s/step
on time step 7832 (time=858.399), 0.088633 s/step
on time step 7876 (time=863.222), 0.0917914 s/step
on time step 7919 (time=867.935), 0.0945377 s/step
Meep progress: 869.030698544361/8914.007147216797 = 9.7% done in 420.6s, 3893.6s to go
on time step 7960 (time=872.428), 0.0990639 s/step
on time step 7999 (time=876.703), 0.103494 s/step
on time step 8037 (time=880.868), 0.107294 s/step
on time step 8074 (time=884.923), 0.11074 s/step
on time step 8110 (time=888.869), 0.113237 s/step
on time step 8146 (time=892.814), 0.114076 s/step
on time step 8182 (time=896.76), 0.113221 s/step
Meep progress: 899.1711250924376/8914.007147216797 = 10.1% done in 450.6s, 4016.8s to go
on time step 8218 (time=900.706), 0.113113 s/step
on time step 8254 (time=904.651), 0.113409 s/step
on time step 8290 (time=908.597), 0.11355 s/step
on time step 8326 (time=912.543), 0.113756 s/step
on time step 8362 (time=916.488), 0.113803 s/step
on time step 8398 (time=920.434), 0.113766 s/step
on time step 8434 (time=924.379), 0.113866 s/step
Meep progress: 928.1059345785911/8914.007147216797 = 10.4% done in 480.7s, 4135.9s to go
on time step 8470 (time=928.325), 0.113905 s/step
on time step 8506 (time=932.271), 0.113128 s/step
on time step 8542 (time=936.216), 0.1127 s/step
on time step 8578 (time=940.162), 0.112591 s/step
on time step 8614 (time=944.108), 0.112526 s/step
on time step 8650 (time=948.053), 0.113091 s/step
on time step 8686 (time=951.999), 0.11265 s/step
on time step 8722 (time=955.945), 0.112878 s/step
Meep progress: 957.2599471669124/8914.007147216797 = 10.7% done in 510.7s, 4244.7s to go
on time step 8758 (time=959.89), 0.112731 s/step
on time step 8794 (time=963.836), 0.112785 s/step
on time step 8830 (time=967.782), 0.112739 s/step
on time step 8866 (time=971.727), 0.112701 s/step
on time step 8902 (time=975.673), 0.112816 s/step
on time step 8938 (time=979.619), 0.113445 s/step
on time step 8974 (time=983.564), 0.11362 s/step
Meep progress: 986.4139597552338/8914.007147216797 = 11.1% done in 540.7s, 4345.9s to go
on time step 9010 (time=987.51), 0.11367 s/step
on time step 9046 (time=991.456), 0.113868 s/step
on time step 9082 (time=995.401), 0.113997 s/step
on time step 9118 (time=999.347), 0.114187 s/step
on time step 9153 (time=1003.18), 0.114335 s/step
on time step 9188 (time=1007.02), 0.114949 s/step
on time step 9224 (time=1010.96), 0.113669 s/step
on time step 9260 (time=1014.91), 0.113359 s/step
Meep progress: 1015.3487692413873/8914.007147216797 = 11.4% done in 570.9s, 4440.8s to go
on time step 9296 (time=1018.86), 0.113212 s/step
on time step 9332 (time=1022.8), 0.11288 s/step
on time step 9368 (time=1026.75), 0.112445 s/step
on time step 9404 (time=1030.69), 0.11188 s/step
on time step 9440 (time=1034.64), 0.111207 s/step
on time step 9477 (time=1038.69), 0.110347 s/step
on time step 9514 (time=1042.75), 0.109379 s/step
Meep progress: 1044.9411880340444/8914.007147216797 = 11.7% done in 600.9s, 4525.4s to go
on time step 9551 (time=1046.8), 0.108261 s/step
on time step 9589 (time=1050.97), 0.106763 s/step
on time step 9628 (time=1055.24), 0.103604 s/step
on time step 9669 (time=1059.74), 0.0996927 s/step
on time step 9711 (time=1064.34), 0.0953159 s/step
on time step 9758 (time=1069.49), 0.0852509 s/step
on time step 9814 (time=1075.63), 0.0720741 s/step
Meep progress: 1082.3153169536592/8914.007147216797 = 12.1% done in 631.0s, 4565.8s to go
on time step 9876 (time=1082.42), 0.0651345 s/step
on time step 9947 (time=1090.21), 0.0565604 s/step
on time step 10033 (time=1099.63), 0.0465416 s/step
on time step 10149 (time=1112.35), 0.0346508 s/step
on time step 10339 (time=1133.17), 0.0210849 s/step
on time step 10547 (time=1155.97), 0.0193006 s/step
on time step 10754 (time=1178.66), 0.0193522 s/step
on time step 10962 (time=1201.45), 0.0192762 s/step
Meep progress: 1212.0835534370144/8914.007147216797 = 13.6% done in 661.0s, 4200.1s to go
on time step 11170 (time=1224.25), 0.0192362 s/step
on time step 11378 (time=1247.05), 0.0192446 s/step
on time step 11586 (time=1269.84), 0.0192398 s/step
on time step 11794 (time=1292.64), 0.0192387 s/step
on time step 12002 (time=1315.44), 0.0192593 s/step
on time step 12209 (time=1338.13), 0.0193588 s/step
on time step 12417 (time=1360.92), 0.0192982 s/step
Meep progress: 1382.842770025754/8914.007147216797 = 15.5% done in 691.0s, 3763.3s to go
on time step 12626 (time=1383.83), 0.0192248 s/step
on time step 12834 (time=1406.63), 0.019245 s/step
on time step 13042 (time=1429.42), 0.0192461 s/step
on time step 13250 (time=1452.22), 0.0192584 s/step
on time step 13458 (time=1475.02), 0.0192448 s/step
on time step 13666 (time=1497.81), 0.0192887 s/step
on time step 13873 (time=1520.5), 0.019329 s/step
on time step 14081 (time=1543.3), 0.0192781 s/step
Meep progress: 1553.4923850634093/8914.007147216797 = 17.4% done in 721.0s, 3416.2s to go
on time step 14289 (time=1566.1), 0.0192474 s/step
on time step 14497 (time=1588.89), 0.0192368 s/step
on time step 14705 (time=1611.69), 0.0192358 s/step
on time step 14913 (time=1634.49), 0.0192515 s/step
on time step 15121 (time=1657.29), 0.0192714 s/step
on time step 15328 (time=1679.97), 0.0193778 s/step
on time step 15536 (time=1702.77), 0.0192707 s/step
Meep progress: 1724.1420001010647/8914.007147216797 = 19.3% done in 751.0s, 3131.8s to go
on time step 15745 (time=1725.68), 0.0192262 s/step
on time step 15953 (time=1748.47), 0.0193026 s/step
on time step 16161 (time=1771.27), 0.0192448 s/step
on time step 16369 (time=1794.07), 0.0192466 s/step
on time step 16578 (time=1816.97), 0.0192249 s/step
on time step 16786 (time=1839.77), 0.0192815 s/step
on time step 16993 (time=1862.46), 0.0193901 s/step
on time step 17201 (time=1885.26), 0.0192688 s/step
Meep progress: 1894.7916151387203/8914.007147216797 = 21.3% done in 781.0s, 2893.3s to go
on time step 17410 (time=1908.16), 0.01923 s/step
on time step 17618 (time=1930.96), 0.019243 s/step
on time step 17826 (time=1953.76), 0.0192356 s/step
on time step 18034 (time=1976.55), 0.0192512 s/step
on time step 18242 (time=1999.35), 0.0192598 s/step
on time step 18449 (time=2022.04), 0.0193828 s/step
on time step 18657 (time=2044.84), 0.0192818 s/step
Meep progress: 2065.4412301763755/8914.007147216797 = 23.2% done in 811.0s, 2689.2s to go
on time step 18865 (time=2067.63), 0.0192454 s/step
on time step 19073 (time=2090.43), 0.019254 s/step
on time step 19281 (time=2113.23), 0.019244 s/step
on time step 19489 (time=2136.02), 0.0192393 s/step
on time step 19697 (time=2158.82), 0.0192465 s/step
on time step 19905 (time=2181.62), 0.0192873 s/step
on time step 20112 (time=2204.31), 0.0193304 s/step
on time step 20320 (time=2227.1), 0.0192591 s/step
Meep progress: 2236.090845214031/8914.007147216797 = 25.1% done in 841.0s, 2511.7s to go
on time step 20528 (time=2249.9), 0.0192394 s/step
on time step 20736 (time=2272.7), 0.0192464 s/step
on time step 20944 (time=2295.49), 0.0192462 s/step
on time step 21152 (time=2318.29), 0.0192347 s/step
on time step 21360 (time=2341.09), 0.019262 s/step
on time step 21567 (time=2363.78), 0.0193485 s/step
on time step 21775 (time=2386.57), 0.0192928 s/step
Meep progress: 2406.8500618027706/8914.007147216797 = 27.0% done in 871.1s, 2355.0s to go
on time step 21984 (time=2409.48), 0.0192268 s/step
on time step 22192 (time=2432.28), 0.0192444 s/step
on time step 22400 (time=2455.07), 0.0192365 s/step
on time step 22608 (time=2477.87), 0.0192593 s/step
on time step 22816 (time=2500.67), 0.0192614 s/step
on time step 23024 (time=2523.47), 0.0192879 s/step
on time step 23231 (time=2546.15), 0.0193664 s/step
on time step 23439 (time=2568.95), 0.0192701 s/step
Meep progress: 2577.4996768404258/8914.007147216797 = 28.9% done in 901.1s, 2215.2s to go
on time step 23647 (time=2591.75), 0.0192516 s/step
on time step 23855 (time=2614.55), 0.0192383 s/step
on time step 24063 (time=2637.34), 0.0192436 s/step
on time step 24271 (time=2660.14), 0.0192453 s/step
on time step 24479 (time=2682.94), 0.0192738 s/step
on time step 24686 (time=2705.62), 0.0193852 s/step
on time step 24894 (time=2728.42), 0.0192876 s/step
Meep progress: 2748.1492918780814/8914.007147216797 = 30.8% done in 931.1s, 2089.0s to go
on time step 25102 (time=2751.22), 0.0192484 s/step
on time step 25310 (time=2774.02), 0.0192516 s/step
on time step 25518 (time=2796.81), 0.0192405 s/step
on time step 25726 (time=2819.61), 0.0192585 s/step
on time step 25934 (time=2842.41), 0.0192362 s/step
on time step 26142 (time=2865.2), 0.0193059 s/step
on time step 26349 (time=2887.89), 0.0193422 s/step
on time step 26557 (time=2910.69), 0.0192647 s/step
Meep progress: 2918.798906915737/8914.007147216797 = 32.7% done in 961.1s, 1974.1s to go
on time step 26765 (time=2933.49), 0.019246 s/step
on time step 26973 (time=2956.28), 0.019249 s/step
on time step 27181 (time=2979.08), 0.0192433 s/step
on time step 27389 (time=3001.88), 0.0192311 s/step
on time step 27597 (time=3024.67), 0.0192721 s/step
on time step 27804 (time=3047.36), 0.019342 s/step
on time step 28012 (time=3070.16), 0.0192903 s/step
Meep progress: 3089.558123504476/8914.007147216797 = 34.7% done in 991.1s, 1868.4s to go
on time step 28220 (time=3092.96), 0.019232 s/step
on time step 28428 (time=3115.75), 0.0192412 s/step
on time step 28636 (time=3138.55), 0.0192407 s/step
on time step 28844 (time=3161.35), 0.0192593 s/step
on time step 29052 (time=3184.14), 0.0192475 s/step
on time step 29260 (time=3206.94), 0.0193085 s/step
on time step 29467 (time=3229.63), 0.01938 s/step
on time step 29675 (time=3252.43), 0.0192591 s/step
Meep progress: 3260.2077385421317/8914.007147216797 = 36.6% done in 1021.1s, 1770.8s to go
on time step 29883 (time=3275.22), 0.0192505 s/step
on time step 30091 (time=3298.02), 0.0192382 s/step
on time step 30299 (time=3320.82), 0.0192465 s/step
on time step 30508 (time=3343.72), 0.0192218 s/step
on time step 30716 (time=3366.52), 0.0192755 s/step
on time step 30923 (time=3389.21), 0.0193892 s/step
on time step 31131 (time=3412.01), 0.0192891 s/step
Meep progress: 3430.8573535797873/8914.007147216797 = 38.5% done in 1051.1s, 1679.9s to go
on time step 31339 (time=3434.8), 0.0192369 s/step
on time step 31547 (time=3457.6), 0.0192418 s/step
on time step 31755 (time=3480.4), 0.0192412 s/step
on time step 31963 (time=3503.19), 0.0192421 s/step
on time step 32171 (time=3525.99), 0.0192382 s/step
on time step 32379 (time=3548.79), 0.0192935 s/step
on time step 32586 (time=3571.48), 0.0193706 s/step
on time step 32794 (time=3594.27), 0.0192763 s/step
Meep progress: 3601.5069686174425/8914.007147216797 = 40.4% done in 1081.1s, 1594.8s to go
on time step 33002 (time=3617.07), 0.019239 s/step
on time step 33211 (time=3639.98), 0.0192284 s/step
on time step 33420 (time=3662.88), 0.0192283 s/step
on time step 33628 (time=3685.68), 0.0192575 s/step
on time step 33836 (time=3708.48), 0.0192912 s/step
on time step 34043 (time=3731.17), 0.0193289 s/step
on time step 34251 (time=3753.96), 0.019272 s/step
Meep progress: 3772.266185206182/8914.007147216797 = 42.3% done in 1111.2s, 1514.6s to go
on time step 34459 (time=3776.76), 0.0192347 s/step
on time step 34667 (time=3799.56), 0.0192446 s/step
on time step 34875 (time=3822.35), 0.0192408 s/step
on time step 35083 (time=3845.15), 0.0192675 s/step
on time step 35291 (time=3867.95), 0.019235 s/step
on time step 35499 (time=3890.75), 0.0192891 s/step
on time step 35706 (time=3913.43), 0.0193485 s/step
on time step 35914 (time=3936.23), 0.0192722 s/step
Meep progress: 3942.915800243837/8914.007147216797 = 44.2% done in 1141.2s, 1438.7s to go
on time step 36123 (time=3959.14), 0.0192247 s/step
on time step 36331 (time=3981.93), 0.0192478 s/step
on time step 36540 (time=4004.84), 0.0192274 s/step
on time step 36748 (time=4027.64), 0.0192384 s/step
on time step 36956 (time=4050.43), 0.0193156 s/step
on time step 37164 (time=4073.23), 0.0193164 s/step
on time step 37372 (time=4096.03), 0.0192872 s/step
Meep progress: 4113.565415281493/8914.007147216797 = 46.1% done in 1171.2s, 1366.7s to go
on time step 37580 (time=4118.83), 0.0192497 s/step
on time step 37788 (time=4141.62), 0.0192485 s/step
on time step 37996 (time=4164.42), 0.0192416 s/step
on time step 38204 (time=4187.22), 0.0192527 s/step
on time step 38412 (time=4210.01), 0.0192407 s/step
on time step 38620 (time=4232.81), 0.019297 s/step
on time step 38826 (time=4255.39), 0.0194313 s/step
on time step 39034 (time=4278.19), 0.019237 s/step
Meep progress: 4284.215030319148/8914.007147216797 = 48.1% done in 1201.2s, 1298.1s to go
on time step 39242 (time=4300.98), 0.0192346 s/step
on time step 39450 (time=4323.78), 0.0192508 s/step
on time step 39658 (time=4346.58), 0.0192529 s/step
on time step 39866 (time=4369.38), 0.019233 s/step
on time step 40074 (time=4392.17), 0.019308 s/step
on time step 40282 (time=4414.97), 0.0193093 s/step
on time step 40490 (time=4437.77), 0.0192897 s/step
Meep progress: 4454.8646453568035/8914.007147216797 = 50.0% done in 1231.2s, 1232.4s to go
on time step 40698 (time=4460.56), 0.0192421 s/step
on time step 40906 (time=4483.36), 0.0192323 s/step
on time step 41115 (time=4506.27), 0.0192294 s/step
on time step 41323 (time=4529.06), 0.019254 s/step
on time step 41531 (time=4551.86), 0.0192451 s/step
on time step 41739 (time=4574.66), 0.0193081 s/step
on time step 41946 (time=4597.35), 0.0193711 s/step
on time step 42154 (time=4620.14), 0.0192438 s/step
Meep progress: 4625.514260394459/8914.007147216797 = 51.9% done in 1261.2s, 1169.3s to go
on time step 42362 (time=4642.94), 0.0192392 s/step
on time step 42570 (time=4665.74), 0.019248 s/step
on time step 42779 (time=4688.64), 0.0192267 s/step
on time step 42988 (time=4711.55), 0.0192203 s/step
on time step 43195 (time=4734.24), 0.0193655 s/step
on time step 43403 (time=4757.04), 0.0193091 s/step
on time step 43611 (time=4779.83), 0.0192829 s/step
Meep progress: 4796.163875432115/8914.007147216797 = 53.8% done in 1291.2s, 1108.6s to go
on time step 43819 (time=4802.63), 0.0192383 s/step
on time step 44028 (time=4825.54), 0.0192269 s/step
on time step 44236 (time=4848.33), 0.0192419 s/step
on time step 44444 (time=4871.13), 0.0192633 s/step
on time step 44652 (time=4893.93), 0.0192352 s/step
on time step 44860 (time=4916.73), 0.0193042 s/step
on time step 45067 (time=4939.41), 0.0193663 s/step
on time step 45275 (time=4962.21), 0.0192411 s/step
Meep progress: 4966.81349046977/8914.007147216797 = 55.7% done in 1321.2s, 1050.0s to go
on time step 45483 (time=4985.01), 0.0192387 s/step
on time step 45691 (time=5007.8), 0.0192567 s/step
on time step 45900 (time=5030.71), 0.0192249 s/step
on time step 46108 (time=5053.51), 0.019244 s/step
on time step 46315 (time=5076.2), 0.0193332 s/step
on time step 46523 (time=5098.99), 0.0192966 s/step
on time step 46731 (time=5121.79), 0.0192915 s/step
Meep progress: 5137.463105507425/8914.007147216797 = 57.6% done in 1351.2s, 993.3s to go
on time step 46940 (time=5144.7), 0.0192292 s/step
on time step 47148 (time=5167.49), 0.0192921 s/step
on time step 47356 (time=5190.29), 0.0192477 s/step
on time step 47564 (time=5213.09), 0.0192469 s/step
on time step 47772 (time=5235.89), 0.0192428 s/step
on time step 47980 (time=5258.68), 0.0192958 s/step
on time step 48187 (time=5281.37), 0.0193937 s/step
on time step 48395 (time=5304.17), 0.0192446 s/step
Meep progress: 5308.112720545081/8914.007147216797 = 59.5% done in 1381.2s, 938.3s to go
on time step 48603 (time=5326.96), 0.0192349 s/step
on time step 48812 (time=5349.87), 0.0192202 s/step
on time step 49020 (time=5372.67), 0.0192494 s/step
on time step 49228 (time=5395.47), 0.0192479 s/step
on time step 49436 (time=5418.26), 0.0193119 s/step
on time step 49644 (time=5441.06), 0.019289 s/step
on time step 49852 (time=5463.86), 0.0192928 s/step
Meep progress: 5478.87193713382/8914.007147216797 = 61.5% done in 1411.2s, 884.8s to go
on time step 50060 (time=5486.65), 0.0192383 s/step
on time step 50268 (time=5509.45), 0.0192505 s/step
on time step 50476 (time=5532.25), 0.0192453 s/step
on time step 50684 (time=5555.05), 0.0192439 s/step
on time step 50892 (time=5577.84), 0.0192354 s/step
on time step 51100 (time=5600.64), 0.0193012 s/step
on time step 51307 (time=5623.33), 0.0193848 s/step
on time step 51515 (time=5646.12), 0.0192332 s/step
Meep progress: 5649.521552171475/8914.007147216797 = 63.4% done in 1441.2s, 832.8s to go
on time step 51723 (time=5668.92), 0.0192484 s/step
on time step 51931 (time=5691.72), 0.0192544 s/step
on time step 52139 (time=5714.52), 0.0192378 s/step
on time step 52347 (time=5737.31), 0.0192613 s/step
on time step 52554 (time=5760), 0.0193286 s/step
on time step 52762 (time=5782.8), 0.0193225 s/step
on time step 52970 (time=5805.59), 0.0192851 s/step
Meep progress: 5820.171167209131/8914.007147216797 = 65.3% done in 1471.3s, 782.1s to go
on time step 53179 (time=5828.5), 0.0192274 s/step
on time step 53388 (time=5851.41), 0.0192263 s/step
on time step 53596 (time=5874.2), 0.0192473 s/step
on time step 53804 (time=5897), 0.0192577 s/step
on time step 54012 (time=5919.8), 0.0192319 s/step
on time step 54220 (time=5942.6), 0.0193102 s/step
on time step 54427 (time=5965.28), 0.0194138 s/step
on time step 54635 (time=5988.08), 0.0192473 s/step
Meep progress: 5990.820782246787/8914.007147216797 = 67.2% done in 1501.3s, 732.5s to go
on time step 54843 (time=6010.88), 0.0192332 s/step
on time step 55051 (time=6033.67), 0.0192444 s/step
on time step 55259 (time=6056.47), 0.0192347 s/step
on time step 55467 (time=6079.27), 0.0192387 s/step
on time step 55674 (time=6101.96), 0.0193266 s/step
on time step 55882 (time=6124.75), 0.0193153 s/step
on time step 56090 (time=6147.55), 0.0192941 s/step
Meep progress: 6161.470397284442/8914.007147216797 = 69.1% done in 1531.3s, 684.1s to go
on time step 56299 (time=6170.46), 0.019232 s/step
on time step 56507 (time=6193.25), 0.0192309 s/step
on time step 56715 (time=6216.05), 0.0192422 s/step
on time step 56923 (time=6238.85), 0.0192392 s/step
on time step 57131 (time=6261.65), 0.0192371 s/step
on time step 57339 (time=6284.44), 0.0192863 s/step
on time step 57546 (time=6307.13), 0.0193898 s/step
on time step 57754 (time=6329.93), 0.0192443 s/step
Meep progress: 6332.229613873182/8914.007147216797 = 71.0% done in 1561.3s, 636.6s to go
on time step 57962 (time=6352.73), 0.0192346 s/step
on time step 58170 (time=6375.52), 0.0192343 s/step
on time step 58378 (time=6398.32), 0.019245 s/step
on time step 58586 (time=6421.12), 0.0192528 s/step
on time step 58794 (time=6443.91), 0.0193033 s/step
on time step 59001 (time=6466.6), 0.0193253 s/step
on time step 59209 (time=6489.4), 0.0192897 s/step
Meep progress: 6502.879228910837/8914.007147216797 = 73.0% done in 1591.3s, 590.0s to go
on time step 59417 (time=6512.2), 0.0192517 s/step
on time step 59625 (time=6534.99), 0.0192555 s/step
on time step 59833 (time=6557.79), 0.0192384 s/step
on time step 60041 (time=6580.59), 0.0192588 s/step
on time step 60249 (time=6603.38), 0.0192378 s/step
on time step 60457 (time=6626.18), 0.0193034 s/step
on time step 60664 (time=6648.87), 0.0194033 s/step
on time step 60872 (time=6671.67), 0.0192353 s/step
Meep progress: 6673.528843948492/8914.007147216797 = 74.9% done in 1621.3s, 544.3s to go
on time step 61080 (time=6694.46), 0.0192321 s/step
on time step 61288 (time=6717.26), 0.0192506 s/step
on time step 61496 (time=6740.06), 0.0192517 s/step
on time step 61704 (time=6762.85), 0.019236 s/step
on time step 61912 (time=6785.65), 0.0193208 s/step
on time step 62120 (time=6808.45), 0.0193049 s/step
on time step 62328 (time=6831.25), 0.0193011 s/step
Meep progress: 6844.178458986148/8914.007147216797 = 76.8% done in 1651.3s, 499.4s to go
on time step 62536 (time=6854.04), 0.0192429 s/step
on time step 62744 (time=6876.84), 0.019238 s/step
on time step 62952 (time=6899.64), 0.0192473 s/step
on time step 63160 (time=6922.43), 0.0192582 s/step
on time step 63368 (time=6945.23), 0.0192425 s/step
on time step 63576 (time=6968.03), 0.0193054 s/step
on time step 63783 (time=6990.72), 0.0194031 s/step
on time step 63992 (time=7013.62), 0.0192292 s/step
Meep progress: 7014.828074023803/8914.007147216797 = 78.7% done in 1681.3s, 455.2s to go
on time step 64200 (time=7036.42), 0.0192557 s/step
on time step 64408 (time=7059.22), 0.0192376 s/step
on time step 64616 (time=7082.01), 0.0192479 s/step
on time step 64824 (time=7104.81), 0.019241 s/step
on time step 65032 (time=7127.61), 0.0193127 s/step
on time step 65240 (time=7150.41), 0.0193222 s/step
on time step 65448 (time=7173.2), 0.0193014 s/step
Meep progress: 7185.4776890614585/8914.007147216797 = 80.6% done in 1711.3s, 411.7s to go
on time step 65656 (time=7196), 0.0192334 s/step
on time step 65864 (time=7218.8), 0.0192428 s/step
on time step 66072 (time=7241.59), 0.0192352 s/step
on time step 66280 (time=7264.39), 0.0192539 s/step
on time step 66488 (time=7287.19), 0.0192394 s/step
on time step 66696 (time=7309.99), 0.0192966 s/step
on time step 66903 (time=7332.67), 0.0193788 s/step
on time step 67111 (time=7355.47), 0.0192481 s/step
Meep progress: 7356.127304099114/8914.007147216797 = 82.5% done in 1741.4s, 368.8s to go
on time step 67319 (time=7378.27), 0.019254 s/step
on time step 67527 (time=7401.06), 0.0192434 s/step
on time step 67735 (time=7423.86), 0.0192415 s/step
on time step 67943 (time=7446.66), 0.0192395 s/step
on time step 68150 (time=7469.35), 0.0193356 s/step
on time step 68357 (time=7492.03), 0.0193313 s/step
on time step 68565 (time=7514.83), 0.0192814 s/step
Meep progress: 7526.77691913677/8914.007147216797 = 84.4% done in 1771.4s, 326.5s to go
on time step 68773 (time=7537.63), 0.019246 s/step
on time step 68981 (time=7560.42), 0.0192488 s/step
on time step 69189 (time=7583.22), 0.0192485 s/step
on time step 69397 (time=7606.02), 0.0192913 s/step
on time step 69605 (time=7628.82), 0.019241 s/step
on time step 69813 (time=7651.61), 0.0192995 s/step
on time step 70020 (time=7674.3), 0.0193933 s/step
on time step 70228 (time=7697.1), 0.0192431 s/step
Meep progress: 7697.316932623341/8914.007147216797 = 86.4% done in 1801.4s, 284.7s to go
on time step 70436 (time=7719.89), 0.0192547 s/step
on time step 70644 (time=7742.69), 0.0192524 s/step
on time step 70852 (time=7765.49), 0.0192318 s/step
on time step 71060 (time=7788.29), 0.0192555 s/step
on time step 71267 (time=7810.97), 0.0193344 s/step
on time step 71474 (time=7833.66), 0.0193261 s/step
on time step 71682 (time=7856.46), 0.0192506 s/step
Meep progress: 7867.966547660996/8914.007147216797 = 88.3% done in 1831.4s, 243.5s to go
on time step 71890 (time=7879.26), 0.0192454 s/step
on time step 72098 (time=7902.05), 0.019254 s/step
on time step 72306 (time=7924.85), 0.0192559 s/step
on time step 72514 (time=7947.65), 0.0192578 s/step
on time step 72722 (time=7970.44), 0.0192458 s/step
on time step 72930 (time=7993.24), 0.019301 s/step
on time step 73136 (time=8015.82), 0.0194298 s/step
Meep progress: 8038.506561147568/8914.007147216797 = 90.2% done in 1861.4s, 202.7s to go
on time step 73344 (time=8038.62), 0.0192403 s/step
on time step 73553 (time=8061.52), 0.0192302 s/step
on time step 73761 (time=8084.32), 0.0192597 s/step
on time step 73969 (time=8107.12), 0.0192418 s/step
on time step 74177 (time=8129.91), 0.019258 s/step
on time step 74384 (time=8152.6), 0.0193271 s/step
on time step 74592 (time=8175.4), 0.0193176 s/step
on time step 74800 (time=8198.2), 0.0192936 s/step
Meep progress: 8209.156176185223/8914.007147216797 = 92.1% done in 1891.4s, 162.4s to go
on time step 75008 (time=8220.99), 0.019241 s/step
on time step 75216 (time=8243.79), 0.0192448 s/step
on time step 75424 (time=8266.59), 0.019255 s/step
on time step 75632 (time=8289.38), 0.0192494 s/step
on time step 75840 (time=8312.18), 0.0192462 s/step
on time step 76048 (time=8334.98), 0.0192981 s/step
on time step 76255 (time=8357.67), 0.0193965 s/step
Meep progress: 8379.696189671795/8914.007147216797 = 94.0% done in 1921.4s, 122.5s to go
on time step 76463 (time=8380.46), 0.0192632 s/step
on time step 76671 (time=8403.26), 0.0192331 s/step
on time step 76879 (time=8426.06), 0.0192516 s/step
on time step 77087 (time=8448.85), 0.0192476 s/step
on time step 77295 (time=8471.65), 0.0192372 s/step
on time step 77502 (time=8494.34), 0.0193517 s/step
on time step 77709 (time=8517.03), 0.0193241 s/step
on time step 77917 (time=8539.82), 0.0192716 s/step
Meep progress: 8550.34580470945/8914.007147216797 = 95.9% done in 1951.4s, 83.0s to go
on time step 78125 (time=8562.62), 0.0192357 s/step
on time step 78333 (time=8585.42), 0.0193158 s/step
on time step 78541 (time=8608.22), 0.0192373 s/step
on time step 78749 (time=8631.01), 0.0192622 s/step
on time step 78957 (time=8653.81), 0.0192572 s/step
on time step 79165 (time=8676.61), 0.0192844 s/step
on time step 79372 (time=8699.29), 0.0193814 s/step
Meep progress: 8720.885818196022/8914.007147216797 = 97.8% done in 1981.4s, 43.9s to go
on time step 79580 (time=8722.09), 0.0192445 s/step
on time step 79788 (time=8744.89), 0.0192387 s/step
on time step 79996 (time=8767.69), 0.019255 s/step
on time step 80204 (time=8790.48), 0.0192337 s/step
on time step 80412 (time=8813.28), 0.0192484 s/step
on time step 80619 (time=8835.97), 0.0193508 s/step
on time step 80827 (time=8858.76), 0.0193147 s/step
on time step 81035 (time=8881.56), 0.0192815 s/step
Meep progress: 8891.535433233677/8914.007147216797 = 99.7% done in 2011.4s, 5.1s to go
on time step 81243 (time=8904.36), 0.0192373 s/step
Warning: grid volume is not an integer number of pixels; cell size will be rounded to nearest pixel.
run 0 finished at t = 8914.113352756964 (81332 timesteps)
WD: ../data/2022-03-09/2D_500um/
AlreadyDir
-----------
Initializing structure...
Splitting into 32 chunks by voxels
time for choose_chunkdivision = 0.00450968 s
Working in 2D dimensions.
Computational cell is 1213.96 x 170.035 x 0 with resolution 6.45161
     block, center = (0,0,0)
          size (1e+20,1e+20,1e+20)
          axes (1,0,0), (0,1,0), (0,0,1)
          dielectric constant epsilon diagonal = (1,1,1)
     block, center = (0,-29.2,0)
          size (1e+20,66.6,1e+20)
          axes (1,0,0), (0,1,0), (0,0,1)
          dielectric constant epsilon diagonal = (2.0736,2.0736,2.0736)
     block, center = (0,0,0)
          size (1e+20,8.2,1e+20)
          axes (1,0,0), (0,1,0), (0,0,1)
          dielectric constant epsilon diagonal = (2.08803,2.08803,2.08803)
     prism, center = (-250,-23.75,0)
          height 1, axis (0,0,1), sidewall angle: 0 radians, 4 vertices:
          (-411,4.1,-0.5)
          (-89,4.1,-0.5)
          (-122.999,-51.6,-0.5)
          (-377.001,-51.6,-0.5)
          dielectric constant epsilon diagonal = (1,1,1)
     prism, center = (250,-23.75,0)
          height 1, axis (0,0,1), sidewall angle: 0 radians, 4 vertices:
          (89,4.1,-0.5)
          (411,4.1,-0.5)
          (377.001,-51.6,-0.5)
          (122.999,-51.6,-0.5)
          dielectric constant epsilon diagonal = (1,1,1)
time for set_epsilon = 1.10455 s
-----------
MPB solved for frequency_1(0.4,0,0) = 0.279228 after 17 iters
MPB solved for frequency_1(0.931295,0,0) = 0.645713 after 107 iters
MPB solved for frequency_1(0.930496,0,0) = 0.645161 after 4 iters
MPB solved for frequency_1(0.930496,0,0) = 0.645161 after 1 iters
Meep: using output directory '../data/2022-03-09/2D_500um/'


Actual Run


on time step 142 (time=15.5634), 0.0282676 s/step
on time step 353 (time=38.6893), 0.0190128 s/step
on time step 564 (time=61.8153), 0.0190205 s/step
on time step 774 (time=84.8316), 0.0190771 s/step
on time step 984 (time=107.848), 0.0191008 s/step
on time step 1195 (time=130.974), 0.0189724 s/step
on time step 1406 (time=154.1), 0.0190335 s/step
Meep progress: 165.27913903454362/17685.157147216796 = 0.9% done in 30.0s, 3181.9s to go
on time step 1617 (time=177.226), 0.0190442 s/step
on time step 1822 (time=199.694), 0.0195899 s/step
on time step 2009 (time=220.19), 0.0214643 s/step
on time step 2191 (time=240.137), 0.0219897 s/step
on time step 2357 (time=258.331), 0.0242262 s/step
on time step 2494 (time=273.346), 0.0293732 s/step
on time step 2634 (time=288.69), 0.0286776 s/step
Meep progress: 303.0482887470246/17685.157147216796 = 1.7% done in 60.0s, 3444.1s to go
on time step 2770 (time=303.596), 0.029485 s/step
on time step 2889 (time=316.639), 0.0337904 s/step
on time step 2993 (time=328.037), 0.0385763 s/step
on time step 3096 (time=339.326), 0.0388435 s/step
on time step 3208 (time=351.602), 0.0359515 s/step
on time step 3305 (time=362.233), 0.0414839 s/step
on time step 3390 (time=371.549), 0.0472404 s/step
on time step 3476 (time=380.975), 0.046939 s/step
Meep progress: 384.920647406709/17685.157147216796 = 2.2% done in 90.0s, 4047.3s to go
on time step 3560 (time=390.182), 0.0476485 s/step
on time step 3645 (time=399.498), 0.0473216 s/step
on time step 3736 (time=409.471), 0.0441919 s/step
on time step 3823 (time=419.007), 0.0460839 s/step
on time step 3897 (time=427.117), 0.0542663 s/step
on time step 3964 (time=434.461), 0.0597475 s/step
on time step 4031 (time=441.804), 0.0601057 s/step
Meep progress: 448.48954703537964/17685.157147216796 = 2.5% done in 120.1s, 4616.1s to go
on time step 4098 (time=449.147), 0.0600848 s/step
on time step 4162 (time=456.162), 0.0632803 s/step
on time step 4227 (time=463.286), 0.0619738 s/step
on time step 4297 (time=470.958), 0.0574433 s/step
on time step 4371 (time=479.068), 0.0543268 s/step
on time step 4439 (time=486.521), 0.0596161 s/step
on time step 4501 (time=493.317), 0.0648587 s/step
on time step 4559 (time=499.673), 0.0692627 s/step
Meep progress: 501.8655024132462/17685.157147216796 = 2.8% done in 150.1s, 5140.2s to go
on time step 4615 (time=505.811), 0.0715252 s/step
on time step 4672 (time=512.058), 0.0712121 s/step
on time step 4727 (time=518.087), 0.0737748 s/step
on time step 4781 (time=524.005), 0.0741257 s/step
on time step 4838 (time=530.252), 0.0708043 s/step
on time step 4899 (time=536.938), 0.0658522 s/step
on time step 4962 (time=543.843), 0.0635662 s/step
Meep progress: 549.2133724814973/17685.157147216796 = 3.1% done in 180.2s, 5621.7s to go
on time step 5022 (time=550.419), 0.0675667 s/step
on time step 5079 (time=556.666), 0.0714544 s/step
on time step 5133 (time=562.585), 0.0746519 s/step
on time step 5186 (time=568.394), 0.0766687 s/step
on time step 5238 (time=574.093), 0.077005 s/step
on time step 5290 (time=579.792), 0.0770834 s/step
on time step 5343 (time=585.601), 0.0768216 s/step
on time step 5396 (time=591.41), 0.0762462 s/step
Meep progress: 592.8347898128956/17685.157147216796 = 3.4% done in 210.2s, 6060.8s to go
on time step 5451 (time=597.438), 0.0737009 s/step
on time step 5509 (time=603.795), 0.0696179 s/step
on time step 5566 (time=610.042), 0.0713606 s/step
on time step 5620 (time=615.961), 0.0749466 s/step
on time step 5672 (time=621.66), 0.0770512 s/step
on time step 5724 (time=627.359), 0.0775209 s/step
on time step 5776 (time=633.059), 0.0775464 s/step
Meep progress: 636.8946133486293/17685.157147216796 = 3.6% done in 240.2s, 6430.5s to go
on time step 5828 (time=638.758), 0.0775386 s/step
on time step 5880 (time=644.457), 0.0775365 s/step
on time step 5932 (time=650.156), 0.0771582 s/step
on time step 5985 (time=655.965), 0.0760308 s/step
on time step 6039 (time=661.884), 0.0745378 s/step
on time step 6093 (time=667.802), 0.0742904 s/step
on time step 6146 (time=673.611), 0.0765735 s/step
on time step 6198 (time=679.31), 0.0775106 s/step
Meep progress: 680.0776244756918/17685.157147216796 = 3.8% done in 270.3s, 6758.7s to go
on time step 6250 (time=685.01), 0.0775713 s/step
on time step 6302 (time=690.709), 0.0775798 s/step
on time step 6354 (time=696.408), 0.0775593 s/step
on time step 6406 (time=702.108), 0.0775959 s/step
on time step 6458 (time=707.807), 0.0774808 s/step
on time step 6510 (time=713.506), 0.07759 s/step
on time step 6562 (time=719.205), 0.0773927 s/step
Meep progress: 722.6030262962507/17685.157147216796 = 4.1% done in 300.4s, 7050.8s to go
on time step 6615 (time=725.014), 0.0765878 s/step
on time step 6667 (time=730.714), 0.0771717 s/step
on time step 6719 (time=736.413), 0.077429 s/step
on time step 6771 (time=742.112), 0.0774741 s/step
on time step 6823 (time=747.811), 0.0776665 s/step
on time step 6875 (time=753.511), 0.0775041 s/step
on time step 6927 (time=759.21), 0.0774432 s/step
on time step 6979 (time=764.909), 0.0774709 s/step
Meep progress: 765.1284281168097/17685.157147216796 = 4.3% done in 330.4s, 7306.4s to go
on time step 7031 (time=770.609), 0.0774792 s/step
on time step 7083 (time=776.308), 0.0774692 s/step
on time step 7135 (time=782.007), 0.0775111 s/step
on time step 7187 (time=787.706), 0.0777215 s/step
on time step 7239 (time=793.406), 0.0773534 s/step
on time step 7291 (time=799.105), 0.0774027 s/step
on time step 7343 (time=804.804), 0.0775418 s/step
Meep progress: 807.6538299373686/17685.157147216796 = 4.6% done in 360.5s, 7532.8s to go
on time step 7395 (time=810.503), 0.0775229 s/step
on time step 7447 (time=816.203), 0.0774822 s/step
on time step 7499 (time=821.902), 0.077539 s/step
on time step 7551 (time=827.601), 0.0775461 s/step
on time step 7603 (time=833.301), 0.0777511 s/step
on time step 7655 (time=839), 0.0776111 s/step
on time step 7707 (time=844.699), 0.077569 s/step
Meep progress: 850.0696302068437/17685.157147216796 = 4.8% done in 390.5s, 7733.8s to go
on time step 7759 (time=850.398), 0.0777991 s/step
on time step 7809 (time=855.879), 0.0807335 s/step
on time step 7857 (time=861.139), 0.0834745 s/step
on time step 7903 (time=866.181), 0.0869718 s/step
on time step 7947 (time=871.004), 0.0916837 s/step
on time step 7989 (time=875.607), 0.0965281 s/step
on time step 8029 (time=879.991), 0.100656 s/step
on time step 8068 (time=884.265), 0.104157 s/step
Meep progress: 885.9093374112839/17685.157147216796 = 5.0% done in 420.6s, 7975.0s to go
on time step 8106 (time=888.43), 0.106766 s/step
on time step 8144 (time=892.595), 0.107874 s/step
on time step 8181 (time=896.65), 0.108549 s/step
on time step 8218 (time=900.706), 0.108363 s/step
on time step 8256 (time=904.87), 0.108068 s/step
on time step 8294 (time=909.035), 0.108029 s/step
on time step 8332 (time=913.2), 0.107805 s/step
Meep progress: 916.3785686126122/17685.157147216796 = 5.2% done in 450.6s, 8245.4s to go
on time step 8370 (time=917.365), 0.10785 s/step
on time step 8408 (time=921.53), 0.107798 s/step
on time step 8446 (time=925.695), 0.107985 s/step
on time step 8483 (time=929.75), 0.10892 s/step
on time step 8520 (time=933.805), 0.110111 s/step
on time step 8557 (time=937.86), 0.111059 s/step
on time step 8594 (time=941.916), 0.110521 s/step
on time step 8631 (time=945.971), 0.110564 s/step
Meep progress: 946.4093936096049/17685.157147216796 = 5.4% done in 480.6s, 8500.3s to go
on time step 8668 (time=950.026), 0.110601 s/step
on time step 8704 (time=953.972), 0.111147 s/step
on time step 8740 (time=957.918), 0.11132 s/step
on time step 8776 (time=961.863), 0.111468 s/step
on time step 8812 (time=965.809), 0.111679 s/step
on time step 8848 (time=969.755), 0.11173 s/step
on time step 8884 (time=973.7), 0.111831 s/step
Meep progress: 976.0018124022619/17685.157147216796 = 5.5% done in 510.7s, 8743.2s to go
on time step 8920 (time=977.646), 0.111836 s/step
on time step 8956 (time=981.591), 0.112262 s/step
on time step 8992 (time=985.537), 0.112282 s/step
on time step 9028 (time=989.483), 0.112928 s/step
on time step 9064 (time=993.428), 0.112725 s/step
on time step 9100 (time=997.374), 0.112895 s/step
on time step 9136 (time=1001.32), 0.113407 s/step
Meep progress: 1005.1558249905833/17685.157147216796 = 5.7% done in 540.7s, 8972.7s to go
on time step 9172 (time=1005.27), 0.113321 s/step
on time step 9208 (time=1009.21), 0.112098 s/step
on time step 9244 (time=1013.16), 0.1112 s/step
on time step 9281 (time=1017.21), 0.111035 s/step
on time step 9317 (time=1021.16), 0.111273 s/step
on time step 9354 (time=1025.21), 0.110892 s/step
on time step 9391 (time=1029.27), 0.109012 s/step
on time step 9429 (time=1033.43), 0.106402 s/step
Meep progress: 1035.077048436492/17685.157147216796 = 5.9% done in 570.7s, 9180.4s to go
on time step 9468 (time=1037.71), 0.103173 s/step
on time step 9508 (time=1042.09), 0.100135 s/step
on time step 9550 (time=1046.69), 0.0959819 s/step
on time step 9594 (time=1051.52), 0.0917069 s/step
on time step 9641 (time=1056.67), 0.0859098 s/step
on time step 9691 (time=1062.15), 0.0808088 s/step
on time step 9746 (time=1068.18), 0.0736096 s/step
Meep progress: 1074.4240052756174/17685.157147216796 = 6.1% done in 600.7s, 9287.1s to go
on time step 9816 (time=1075.85), 0.0575948 s/step
on time step 9900 (time=1085.06), 0.0479883 s/step
on time step 10025 (time=1098.76), 0.0321147 s/step
on time step 10229 (time=1121.11), 0.019636 s/step
on time step 10439 (time=1144.13), 0.0190824 s/step
on time step 10649 (time=1167.15), 0.0190569 s/step
on time step 10860 (time=1190.27), 0.0189773 s/step
on time step 11071 (time=1213.4), 0.0189894 s/step
Meep progress: 1220.522872870476/17685.157147216796 = 6.9% done in 630.7s, 8508.4s to go
on time step 11282 (time=1236.52), 0.0189833 s/step
on time step 11493 (time=1259.65), 0.0189781 s/step
on time step 11704 (time=1282.78), 0.0189944 s/step
on time step 11914 (time=1305.79), 0.0191374 s/step
on time step 12125 (time=1328.92), 0.0190226 s/step
on time step 12336 (time=1352.04), 0.0189884 s/step
on time step 12547 (time=1375.17), 0.0189742 s/step
Meep progress: 1393.4741204808936/17685.157147216796 = 7.9% done in 660.7s, 7724.8s to go
on time step 12758 (time=1398.3), 0.0189795 s/step
on time step 12969 (time=1421.42), 0.0189784 s/step
on time step 13180 (time=1444.55), 0.0189979 s/step
on time step 13391 (time=1467.67), 0.0190322 s/step
on time step 13601 (time=1490.69), 0.019089 s/step
on time step 13811 (time=1513.71), 0.0190568 s/step
on time step 14022 (time=1536.83), 0.0189755 s/step
on time step 14233 (time=1559.96), 0.0189781 s/step
Meep progress: 1566.4253680913114/17685.157147216796 = 8.9% done in 690.7s, 7107.8s to go
on time step 14444 (time=1583.08), 0.0189873 s/step
on time step 14655 (time=1606.21), 0.018987 s/step
on time step 14866 (time=1629.34), 0.019 s/step
on time step 15075 (time=1652.24), 0.0191757 s/step
on time step 15286 (time=1675.37), 0.0190436 s/step
on time step 15497 (time=1698.5), 0.018972 s/step
on time step 15708 (time=1721.62), 0.0189894 s/step
Meep progress: 1739.267014150645/17685.157147216796 = 9.8% done in 720.7s, 6607.8s to go
on time step 15919 (time=1744.75), 0.0189944 s/step
on time step 16130 (time=1767.87), 0.018992 s/step
on time step 16341 (time=1791), 0.0189997 s/step
on time step 16551 (time=1814.02), 0.0190482 s/step
on time step 16761 (time=1837.03), 0.0191153 s/step
on time step 16972 (time=1860.16), 0.0190141 s/step
on time step 17183 (time=1883.28), 0.0189916 s/step
on time step 17394 (time=1906.41), 0.0189924 s/step
Meep progress: 1912.2182617610626/17685.157147216796 = 10.8% done in 750.8s, 6192.6s to go
on time step 17605 (time=1929.54), 0.0189826 s/step
on time step 17816 (time=1952.66), 0.0189796 s/step
on time step 18027 (time=1975.79), 0.0189841 s/step
on time step 18236 (time=1998.69), 0.0191639 s/step
on time step 18447 (time=2021.82), 0.0190255 s/step
on time step 18658 (time=2044.95), 0.0189851 s/step
on time step 18869 (time=2068.07), 0.0189868 s/step
Meep progress: 2085.16950937148/17685.157147216796 = 11.8% done in 780.8s, 5841.2s to go
on time step 19080 (time=2091.2), 0.01898 s/step
on time step 19291 (time=2114.32), 0.0189801 s/step
on time step 19502 (time=2137.45), 0.0190029 s/step
on time step 19713 (time=2160.58), 0.0190413 s/step
on time step 19922 (time=2183.48), 0.0191899 s/step
on time step 20133 (time=2206.61), 0.0190145 s/step
on time step 20344 (time=2229.73), 0.0189907 s/step
on time step 20555 (time=2252.86), 0.0189789 s/step
Meep progress: 2258.011155430814/17685.157147216796 = 12.8% done in 810.8s, 5539.3s to go
on time step 20766 (time=2275.99), 0.0189806 s/step
on time step 20977 (time=2299.11), 0.0189896 s/step
on time step 21188 (time=2322.24), 0.0189787 s/step
on time step 21397 (time=2345.14), 0.0191483 s/step
on time step 21608 (time=2368.27), 0.0190322 s/step
on time step 21819 (time=2391.4), 0.0189774 s/step
on time step 22030 (time=2414.52), 0.0189889 s/step
Meep progress: 2430.962403041232/17685.157147216796 = 13.7% done in 840.8s, 5275.8s to go
on time step 22241 (time=2437.65), 0.0189915 s/step
on time step 22452 (time=2460.77), 0.0189906 s/step
on time step 22663 (time=2483.9), 0.0189989 s/step
on time step 22874 (time=2507.03), 0.0190439 s/step
on time step 23084 (time=2530.04), 0.0191322 s/step
on time step 23295 (time=2553.17), 0.0190231 s/step
on time step 23506 (time=2576.29), 0.0189759 s/step
on time step 23717 (time=2599.42), 0.0189781 s/step
Meep progress: 2603.9136506516493/17685.157147216796 = 14.7% done in 870.8s, 5043.4s to go
on time step 23928 (time=2622.55), 0.0189851 s/step
on time step 24139 (time=2645.67), 0.0190061 s/step
on time step 24350 (time=2668.8), 0.0189977 s/step
on time step 24559 (time=2691.7), 0.0191394 s/step
on time step 24770 (time=2714.83), 0.0190297 s/step
on time step 24981 (time=2737.96), 0.0189913 s/step
on time step 25192 (time=2761.08), 0.0189756 s/step
Meep progress: 2776.864898262067/17685.157147216796 = 15.7% done in 900.8s, 4836.2s to go
on time step 25403 (time=2784.21), 0.0189925 s/step
on time step 25614 (time=2807.33), 0.0189939 s/step
on time step 25825 (time=2830.46), 0.0190035 s/step
on time step 26036 (time=2853.59), 0.0190437 s/step
on time step 26245 (time=2876.49), 0.019159 s/step
on time step 26456 (time=2899.62), 0.0190127 s/step
on time step 26667 (time=2922.74), 0.0189898 s/step
on time step 26878 (time=2945.87), 0.0189909 s/step
Meep progress: 2949.706544321401/17685.157147216796 = 16.7% done in 930.8s, 4649.9s to go
on time step 27089 (time=2969), 0.0189815 s/step
on time step 27300 (time=2992.12), 0.0189927 s/step
on time step 27511 (time=3015.25), 0.018993 s/step
on time step 27720 (time=3038.15), 0.0191576 s/step
on time step 27931 (time=3061.28), 0.0190247 s/step
on time step 28142 (time=3084.41), 0.0189749 s/step
on time step 28353 (time=3107.53), 0.0189934 s/step
Meep progress: 3122.6577919318183/17685.157147216796 = 17.7% done in 960.8s, 4480.8s to go
on time step 28564 (time=3130.66), 0.0189862 s/step
on time step 28775 (time=3153.78), 0.0189795 s/step
on time step 28986 (time=3176.91), 0.0190068 s/step
on time step 29197 (time=3200.04), 0.0190469 s/step
on time step 29407 (time=3223.05), 0.0190918 s/step
on time step 29618 (time=3246.18), 0.0190297 s/step
on time step 29829 (time=3269.3), 0.018984 s/step
on time step 30040 (time=3292.43), 0.0189873 s/step
Meep progress: 3295.609039542236/17685.157147216796 = 18.6% done in 990.8s, 4326.3s to go
on time step 30251 (time=3315.56), 0.018988 s/step
on time step 30462 (time=3338.68), 0.0190068 s/step
on time step 30673 (time=3361.81), 0.0189744 s/step
on time step 30882 (time=3384.72), 0.019159 s/step
on time step 31093 (time=3407.84), 0.019023 s/step
on time step 31304 (time=3430.97), 0.0189902 s/step
on time step 31515 (time=3454.09), 0.0189878 s/step
Meep progress: 3468.560287152654/17685.157147216796 = 19.6% done in 1020.9s, 4184.2s to go
on time step 31726 (time=3477.22), 0.0189816 s/step
on time step 31937 (time=3500.34), 0.0189773 s/step
on time step 32148 (time=3523.47), 0.018993 s/step
on time step 32358 (time=3546.49), 0.0190503 s/step
on time step 32568 (time=3569.5), 0.0191086 s/step
on time step 32779 (time=3592.63), 0.0190196 s/step
on time step 32990 (time=3615.76), 0.0189762 s/step
on time step 33201 (time=3638.88), 0.0189806 s/step
Meep progress: 3641.5115347630713/17685.157147216796 = 20.6% done in 1050.9s, 4052.7s to go
on time step 33412 (time=3662.01), 0.0189956 s/step
on time step 33623 (time=3685.13), 0.019039 s/step
on time step 33834 (time=3708.26), 0.0189953 s/step
on time step 34044 (time=3731.28), 0.0191207 s/step
on time step 34255 (time=3754.4), 0.0190356 s/step
on time step 34466 (time=3777.53), 0.0189754 s/step
on time step 34677 (time=3800.65), 0.0189881 s/step
Meep progress: 3814.462782373489/17685.157147216796 = 21.6% done in 1080.9s, 3930.4s to go
on time step 34888 (time=3823.78), 0.0189953 s/step
on time step 35099 (time=3846.9), 0.0189887 s/step
on time step 35310 (time=3870.03), 0.0189997 s/step
on time step 35521 (time=3893.16), 0.0190396 s/step
on time step 35731 (time=3916.17), 0.0191042 s/step
on time step 35942 (time=3939.3), 0.0190243 s/step
on time step 36153 (time=3962.42), 0.0189884 s/step
on time step 36364 (time=3985.55), 0.0189985 s/step
Meep progress: 3987.414029983907/17685.157147216796 = 22.5% done in 1110.9s, 3816.2s to go
on time step 36575 (time=4008.68), 0.0189851 s/step
on time step 36786 (time=4031.8), 0.018977 s/step
on time step 36997 (time=4054.93), 0.0189982 s/step
on time step 37206 (time=4077.84), 0.0191464 s/step
on time step 37417 (time=4100.96), 0.0190335 s/step
on time step 37628 (time=4124.09), 0.018978 s/step
on time step 37838 (time=4147.1), 0.0190493 s/step
Meep progress: 4160.255676043241/17685.157147216796 = 23.5% done in 1140.9s, 3709.0s to go
on time step 38049 (time=4170.23), 0.0189802 s/step
on time step 38260 (time=4193.36), 0.0190064 s/step
on time step 38471 (time=4216.48), 0.0189983 s/step
on time step 38682 (time=4239.61), 0.0190458 s/step
on time step 38892 (time=4262.62), 0.019129 s/step
on time step 39103 (time=4285.75), 0.0190162 s/step
on time step 39314 (time=4308.88), 0.0189773 s/step
on time step 39525 (time=4332), 0.0189926 s/step
Meep progress: 4333.097322102574/17685.157147216796 = 24.5% done in 1170.9s, 3608.0s to go
on time step 39736 (time=4355.13), 0.0189837 s/step
on time step 39947 (time=4378.25), 0.0189795 s/step
on time step 40158 (time=4401.38), 0.0190074 s/step
on time step 40367 (time=4424.29), 0.0191449 s/step
on time step 40578 (time=4447.41), 0.0190331 s/step
on time step 40789 (time=4470.54), 0.0189894 s/step
on time step 41000 (time=4493.66), 0.0189887 s/step
Meep progress: 4506.048569712992/17685.157147216796 = 25.5% done in 1200.9s, 3512.4s to go
on time step 41211 (time=4516.79), 0.0189795 s/step
on time step 41422 (time=4539.92), 0.018994 s/step
on time step 41633 (time=4563.04), 0.0189979 s/step
on time step 41844 (time=4586.17), 0.0190367 s/step
on time step 42054 (time=4609.18), 0.0191315 s/step
on time step 42265 (time=4632.31), 0.0190065 s/step
on time step 42476 (time=4655.44), 0.0189844 s/step
on time step 42687 (time=4678.56), 0.0189768 s/step
Meep progress: 4678.99981732341/17685.157147216796 = 26.5% done in 1230.9s, 3421.6s to go
on time step 42898 (time=4701.69), 0.0189853 s/step
on time step 43109 (time=4724.81), 0.0189838 s/step
on time step 43320 (time=4747.94), 0.0190218 s/step
on time step 43530 (time=4770.96), 0.0191065 s/step
on time step 43741 (time=4794.08), 0.0190202 s/step
on time step 43952 (time=4817.21), 0.0189809 s/step
on time step 44163 (time=4840.33), 0.0189878 s/step
Meep progress: 4851.951064933827/17685.157147216796 = 27.4% done in 1260.9s, 3335.1s to go
on time step 44374 (time=4863.46), 0.0189821 s/step
on time step 44585 (time=4886.59), 0.019 s/step
on time step 44796 (time=4909.71), 0.0189943 s/step
on time step 45007 (time=4932.84), 0.0190362 s/step
on time step 45217 (time=4955.85), 0.0191062 s/step
on time step 45428 (time=4978.98), 0.0190154 s/step
on time step 45639 (time=5002.11), 0.0189848 s/step
Meep progress: 5024.9023125442445/17685.157147216796 = 28.4% done in 1290.9s, 3252.5s to go
on time step 45850 (time=5025.23), 0.0189902 s/step
on time step 46061 (time=5048.36), 0.0189735 s/step
on time step 46272 (time=5071.48), 0.0189978 s/step
on time step 46483 (time=5094.61), 0.0190245 s/step
on time step 46692 (time=5117.52), 0.0191391 s/step
on time step 46903 (time=5140.64), 0.0190203 s/step
on time step 47114 (time=5163.77), 0.0189815 s/step
on time step 47325 (time=5186.89), 0.018975 s/step
Meep progress: 5197.853560154663/17685.157147216796 = 29.4% done in 1320.9s, 3173.4s to go
on time step 47536 (time=5210.02), 0.0189746 s/step
on time step 47747 (time=5233.15), 0.0189994 s/step
on time step 47958 (time=5256.27), 0.0189846 s/step
on time step 48168 (time=5279.29), 0.0190535 s/step
on time step 48378 (time=5302.3), 0.0191177 s/step
on time step 48589 (time=5325.43), 0.0190101 s/step
on time step 48800 (time=5348.56), 0.0189883 s/step
Meep progress: 5370.80480776508/17685.157147216796 = 30.4% done in 1351.0s, 3097.5s to go
on time step 49011 (time=5371.68), 0.0189852 s/step
on time step 49222 (time=5394.81), 0.0189853 s/step
on time step 49433 (time=5417.93), 0.0189871 s/step
on time step 49644 (time=5441.06), 0.0190288 s/step
on time step 49854 (time=5464.08), 0.0191253 s/step
on time step 50065 (time=5487.2), 0.0190209 s/step
on time step 50276 (time=5510.33), 0.0189911 s/step
on time step 50487 (time=5533.45), 0.0189851 s/step
Meep progress: 5543.756055375497/17685.157147216796 = 31.3% done in 1381.0s, 3024.5s to go
on time step 50698 (time=5556.58), 0.0189801 s/step
on time step 50909 (time=5579.71), 0.0189956 s/step
on time step 51120 (time=5602.83), 0.0189831 s/step
on time step 51331 (time=5625.96), 0.0190404 s/step
on time step 51541 (time=5648.97), 0.0191121 s/step
on time step 51752 (time=5672.1), 0.0190128 s/step
on time step 51963 (time=5695.23), 0.0189805 s/step
Meep progress: 5716.707302985916/17685.157147216796 = 32.3% done in 1411.0s, 2954.0s to go
on time step 52174 (time=5718.35), 0.0189752 s/step
on time step 52385 (time=5741.48), 0.0189952 s/step
on time step 52596 (time=5764.6), 0.0189783 s/step
on time step 52807 (time=5787.73), 0.0190402 s/step
on time step 53017 (time=5810.75), 0.0191116 s/step
on time step 53228 (time=5833.87), 0.0190314 s/step
on time step 53439 (time=5857), 0.0189748 s/step
on time step 53650 (time=5880.12), 0.0189875 s/step
Meep progress: 5889.658550596333/17685.157147216796 = 33.3% done in 1441.0s, 2885.9s to go
on time step 53861 (time=5903.25), 0.0189863 s/step
on time step 54072 (time=5926.38), 0.0190016 s/step
on time step 54283 (time=5949.5), 0.0189882 s/step
on time step 54494 (time=5972.63), 0.0190353 s/step
on time step 54703 (time=5995.53), 0.0191814 s/step
on time step 54914 (time=6018.66), 0.0190056 s/step
on time step 55125 (time=6041.79), 0.0189957 s/step
Meep progress: 6062.5001966556665/17685.157147216796 = 34.3% done in 1471.0s, 2820.1s to go
on time step 55336 (time=6064.91), 0.0189837 s/step
on time step 55547 (time=6088.04), 0.0189818 s/step
on time step 55758 (time=6111.16), 0.0189821 s/step
on time step 55969 (time=6134.29), 0.0190285 s/step
on time step 56178 (time=6157.2), 0.0191417 s/step
on time step 56389 (time=6180.32), 0.0190191 s/step
on time step 56600 (time=6203.45), 0.0189904 s/step
on time step 56811 (time=6226.57), 0.0189919 s/step
Meep progress: 6235.451444266085/17685.157147216796 = 35.3% done in 1501.0s, 2756.2s to go
on time step 57022 (time=6249.7), 0.0189968 s/step
on time step 57233 (time=6272.83), 0.0189966 s/step
on time step 57444 (time=6295.95), 0.0189794 s/step
on time step 57655 (time=6319.08), 0.0190459 s/step
on time step 57863 (time=6341.87), 0.0192922 s/step
on time step 58074 (time=6365), 0.0190197 s/step
on time step 58285 (time=6388.13), 0.0189871 s/step
Meep progress: 6408.183488774334/17685.157147216796 = 36.2% done in 1531.0s, 2694.3s to go
on time step 58496 (time=6411.25), 0.0189798 s/step
on time step 58707 (time=6434.38), 0.0189792 s/step
on time step 58918 (time=6457.5), 0.0189808 s/step
on time step 59129 (time=6480.63), 0.0190198 s/step
on time step 59339 (time=6503.65), 0.0191375 s/step
on time step 59550 (time=6526.77), 0.0190187 s/step
on time step 59761 (time=6549.9), 0.0189801 s/step
on time step 59972 (time=6573.02), 0.0189799 s/step
Meep progress: 6581.134736384752/17685.157147216796 = 37.2% done in 1561.0s, 2633.8s to go
on time step 60183 (time=6596.15), 0.0189909 s/step
on time step 60394 (time=6619.28), 0.0189942 s/step
on time step 60605 (time=6642.4), 0.0189911 s/step
on time step 60816 (time=6665.53), 0.0190446 s/step
on time step 61025 (time=6688.43), 0.019157 s/step
on time step 61236 (time=6711.56), 0.0189978 s/step
on time step 61447 (time=6734.69), 0.0189787 s/step
Meep progress: 6754.08598399517/17685.157147216796 = 38.2% done in 1591.0s, 2575.0s to go
on time step 61658 (time=6757.81), 0.0189804 s/step
on time step 61869 (time=6780.94), 0.0189769 s/step
on time step 62080 (time=6804.06), 0.0189816 s/step
on time step 62291 (time=6827.19), 0.019036 s/step
on time step 62500 (time=6850.1), 0.019157 s/step
on time step 62711 (time=6873.22), 0.0189824 s/step
on time step 62922 (time=6896.35), 0.0189801 s/step
on time step 63133 (time=6919.47), 0.0189844 s/step
Meep progress: 6927.037231605587/17685.157147216796 = 39.2% done in 1621.1s, 2517.6s to go
on time step 63344 (time=6942.6), 0.01897 s/step
on time step 63555 (time=6965.73), 0.0190008 s/step
on time step 63766 (time=6988.85), 0.0189801 s/step
on time step 63977 (time=7011.98), 0.0190453 s/step
on time step 64187 (time=7034.99), 0.0190789 s/step
on time step 64398 (time=7058.12), 0.0190146 s/step
on time step 64609 (time=7081.25), 0.0189771 s/step
Meep progress: 7099.988479216005/17685.157147216796 = 40.1% done in 1651.1s, 2461.5s to go
on time step 64820 (time=7104.37), 0.0189807 s/step
on time step 65031 (time=7127.5), 0.0189737 s/step
on time step 65242 (time=7150.62), 0.0189833 s/step
on time step 65453 (time=7173.75), 0.0190179 s/step
on time step 65662 (time=7196.66), 0.0191388 s/step
on time step 65873 (time=7219.78), 0.0189813 s/step
on time step 66084 (time=7242.91), 0.0189876 s/step
on time step 66295 (time=7266.03), 0.0189843 s/step
Meep progress: 7273.049328377507/17685.157147216796 = 41.1% done in 1681.1s, 2406.6s to go
on time step 66506 (time=7289.16), 0.0189947 s/step
on time step 66717 (time=7312.29), 0.0189938 s/step
on time step 66928 (time=7335.41), 0.0189878 s/step
on time step 67139 (time=7358.54), 0.0190409 s/step
on time step 67349 (time=7381.55), 0.019101 s/step
on time step 67560 (time=7404.68), 0.0190179 s/step
on time step 67771 (time=7427.81), 0.0189701 s/step
Meep progress: 7446.000575987924/17685.157147216796 = 42.1% done in 1711.1s, 2352.9s to go
on time step 67982 (time=7450.93), 0.0189767 s/step
on time step 68193 (time=7474.06), 0.0189781 s/step
on time step 68404 (time=7497.18), 0.0189989 s/step
on time step 68615 (time=7520.31), 0.0190153 s/step
on time step 68825 (time=7543.33), 0.0191379 s/step
on time step 69036 (time=7566.45), 0.0189898 s/step
on time step 69247 (time=7589.58), 0.0189728 s/step
on time step 69458 (time=7612.7), 0.0190463 s/step
Meep progress: 7618.951823598342/17685.157147216796 = 43.1% done in 1741.1s, 2300.3s to go
on time step 69669 (time=7635.83), 0.0189957 s/step
on time step 69880 (time=7658.96), 0.0189897 s/step
on time step 70091 (time=7682.08), 0.0189868 s/step
on time step 70302 (time=7705.21), 0.0190478 s/step
on time step 70512 (time=7728.22), 0.0191263 s/step
on time step 70723 (time=7751.35), 0.0190055 s/step
on time step 70934 (time=7774.48), 0.0189864 s/step
Meep progress: 7791.90307120876/17685.157147216796 = 44.1% done in 1771.1s, 2248.7s to go
on time step 71145 (time=7797.6), 0.0189844 s/step
on time step 71356 (time=7820.73), 0.0189837 s/step
on time step 71567 (time=7843.85), 0.0189711 s/step
on time step 71778 (time=7866.98), 0.0190118 s/step
on time step 71987 (time=7889.89), 0.0191653 s/step
on time step 72198 (time=7913.01), 0.0189875 s/step
on time step 72409 (time=7936.14), 0.0189764 s/step
on time step 72620 (time=7959.26), 0.0189844 s/step
Meep progress: 7964.854318819177/17685.157147216796 = 45.0% done in 1801.1s, 2198.1s to go
on time step 72831 (time=7982.39), 0.0189943 s/step
on time step 73042 (time=8005.52), 0.0189916 s/step
on time step 73253 (time=8028.64), 0.0189851 s/step
on time step 73464 (time=8051.77), 0.0190417 s/step
on time step 73674 (time=8074.78), 0.0190966 s/step
on time step 73885 (time=8097.91), 0.0189979 s/step
on time step 74096 (time=8121.04), 0.0189874 s/step
Meep progress: 8137.805566429595/17685.157147216796 = 46.0% done in 1831.1s, 2148.3s to go
on time step 74307 (time=8144.16), 0.0189964 s/step
on time step 74518 (time=8167.29), 0.0189878 s/step
on time step 74729 (time=8190.41), 0.0189765 s/step
on time step 74940 (time=8213.54), 0.019019 s/step
on time step 75149 (time=8236.45), 0.0191575 s/step
on time step 75360 (time=8259.57), 0.0189875 s/step
on time step 75571 (time=8282.7), 0.018986 s/step
on time step 75782 (time=8305.82), 0.0189768 s/step
Meep progress: 8310.756814040013/17685.157147216796 = 47.0% done in 1861.1s, 2099.3s to go
on time step 75993 (time=8328.95), 0.0189849 s/step
on time step 76204 (time=8352.08), 0.0190165 s/step
on time step 76415 (time=8375.2), 0.0189982 s/step
on time step 76625 (time=8398.22), 0.01905 s/step
on time step 76835 (time=8421.24), 0.0191373 s/step
on time step 77046 (time=8444.36), 0.0189949 s/step
on time step 77257 (time=8467.49), 0.0190053 s/step
Meep progress: 8483.598460099347/17685.157147216796 = 48.0% done in 1891.1s, 2051.2s to go
on time step 77468 (time=8490.61), 0.0189771 s/step
on time step 77679 (time=8513.74), 0.0189869 s/step
on time step 77890 (time=8536.86), 0.0189846 s/step
on time step 78101 (time=8559.99), 0.0190212 s/step
on time step 78310 (time=8582.9), 0.0191594 s/step
on time step 78521 (time=8606.02), 0.0189789 s/step
on time step 78732 (time=8629.15), 0.0189746 s/step
on time step 78943 (time=8652.28), 0.0189863 s/step
Meep progress: 8656.549707709764/17685.157147216796 = 48.9% done in 1921.1s, 2003.7s to go
on time step 79154 (time=8675.4), 0.0189764 s/step
on time step 79365 (time=8698.53), 0.019002 s/step
on time step 79576 (time=8721.65), 0.0189837 s/step
on time step 79786 (time=8744.67), 0.0190477 s/step
on time step 79995 (time=8767.58), 0.0191481 s/step
on time step 80206 (time=8790.7), 0.0190051 s/step
on time step 80417 (time=8813.83), 0.0189791 s/step
Meep progress: 8829.500955320182/17685.157147216796 = 49.9% done in 1951.1s, 1956.9s to go
on time step 80628 (time=8836.95), 0.0189765 s/step
on time step 80839 (time=8860.08), 0.0190023 s/step
on time step 81049 (time=8883.1), 0.0190568 s/step
on time step 81260 (time=8906.22), 0.019028 s/step
on time step 81469 (time=8929.13), 0.019147 s/step
on time step 81680 (time=8952.25), 0.0189806 s/step
on time step 81891 (time=8975.38), 0.0189722 s/step
on time step 82102 (time=8998.51), 0.0189805 s/step
Meep progress: 9002.342601379516/17685.157147216796 = 50.9% done in 1981.2s, 1910.8s to go
on time step 82313 (time=9021.63), 0.0189777 s/step
on time step 82524 (time=9044.76), 0.019001 s/step
on time step 82735 (time=9067.88), 0.0189785 s/step
on time step 82946 (time=9091.01), 0.0190274 s/step
on time step 83155 (time=9113.92), 0.0191496 s/step
on time step 83366 (time=9137.04), 0.0189825 s/step
on time step 83577 (time=9160.17), 0.0189844 s/step
Meep progress: 9175.293848989933/17685.157147216796 = 51.9% done in 2011.2s, 1865.3s to go
on time step 83788 (time=9183.29), 0.0189719 s/step
on time step 83999 (time=9206.42), 0.01898 s/step
on time step 84210 (time=9229.55), 0.0189891 s/step
on time step 84421 (time=9252.67), 0.0190127 s/step
on time step 84630 (time=9275.58), 0.0191562 s/step
on time step 84841 (time=9298.71), 0.0189849 s/step
on time step 85052 (time=9321.83), 0.0189786 s/step
on time step 85263 (time=9344.96), 0.0189766 s/step
Meep progress: 9348.24509660035/17685.157147216796 = 52.9% done in 2041.2s, 1820.3s to go
on time step 85474 (time=9368.08), 0.0189904 s/step
on time step 85685 (time=9391.21), 0.0189924 s/step
on time step 85896 (time=9414.33), 0.0189804 s/step
on time step 86107 (time=9437.46), 0.0190248 s/step
on time step 86317 (time=9460.48), 0.0191064 s/step
on time step 86528 (time=9483.6), 0.0189973 s/step
on time step 86739 (time=9506.73), 0.0189902 s/step
Meep progress: 9521.196344210768/17685.157147216796 = 53.8% done in 2071.2s, 1775.9s to go
on time step 86950 (time=9529.85), 0.0189769 s/step
on time step 87161 (time=9552.98), 0.0189902 s/step
on time step 87372 (time=9576.11), 0.0189816 s/step
on time step 87583 (time=9599.23), 0.0190185 s/step
on time step 87792 (time=9622.14), 0.0191442 s/step
on time step 88003 (time=9645.27), 0.0189875 s/step
on time step 88214 (time=9668.39), 0.0189846 s/step
on time step 88425 (time=9691.52), 0.0189918 s/step
Meep progress: 9694.147591821185/17685.157147216796 = 54.8% done in 2101.2s, 1732.0s to go
on time step 88636 (time=9714.64), 0.0189709 s/step
on time step 88847 (time=9737.77), 0.0189973 s/step
on time step 89058 (time=9760.89), 0.0189848 s/step
on time step 89269 (time=9784.02), 0.0190463 s/step
on time step 89478 (time=9806.93), 0.0191477 s/step
on time step 89689 (time=9830.05), 0.0189799 s/step
on time step 89900 (time=9853.18), 0.0189794 s/step
Meep progress: 9867.098839431605/17685.157147216796 = 55.8% done in 2131.2s, 1688.6s to go
on time step 90111 (time=9876.31), 0.0189831 s/step
on time step 90322 (time=9899.43), 0.0189856 s/step
on time step 90533 (time=9922.56), 0.0189868 s/step
on time step 90744 (time=9945.68), 0.0190338 s/step
on time step 90953 (time=9968.59), 0.0191528 s/step
on time step 91164 (time=9991.72), 0.0189794 s/step
on time step 91375 (time=10014.8), 0.0189797 s/step
on time step 91586 (time=10038), 0.0189943 s/step
Meep progress: 10040.050087042022/17685.157147216796 = 56.8% done in 2161.2s, 1645.7s to go
on time step 91797 (time=10061.1), 0.0189825 s/step
on time step 92008 (time=10084.2), 0.0189891 s/step
on time step 92219 (time=10107.3), 0.0189891 s/step
on time step 92430 (time=10130.5), 0.0190179 s/step
on time step 92640 (time=10153.5), 0.0191326 s/step
on time step 92851 (time=10176.6), 0.019007 s/step
on time step 93062 (time=10199.7), 0.0189902 s/step
Meep progress: 10213.00133465244/17685.157147216796 = 57.7% done in 2191.2s, 1603.2s to go
on time step 93273 (time=10222.9), 0.0189689 s/step
on time step 93484 (time=10246), 0.0189775 s/step
on time step 93695 (time=10269.1), 0.0189911 s/step
on time step 93906 (time=10292.2), 0.0190467 s/step
on time step 94116 (time=10315.3), 0.0191365 s/step
on time step 94327 (time=10338.4), 0.018971 s/step
on time step 94538 (time=10361.5), 0.0189864 s/step
on time step 94749 (time=10384.6), 0.0189743 s/step
Meep progress: 10385.952582262857/17685.157147216796 = 58.7% done in 2221.2s, 1561.1s to go
on time step 94960 (time=10407.8), 0.0189864 s/step
on time step 95171 (time=10430.9), 0.0189913 s/step
on time step 95382 (time=10454), 0.0189858 s/step
on time step 95593 (time=10477.1), 0.019021 s/step
on time step 95802 (time=10500), 0.0191468 s/step
on time step 96013 (time=10523.2), 0.0189898 s/step
on time step 96224 (time=10546.3), 0.018988 s/step
Meep progress: 10558.903829873274/17685.157147216796 = 59.7% done in 2251.2s, 1519.4s to go
on time step 96435 (time=10569.4), 0.0189833 s/step
on time step 96646 (time=10592.6), 0.0189804 s/step
on time step 96857 (time=10615.7), 0.0189813 s/step
on time step 97068 (time=10638.8), 0.0190337 s/step
on time step 97278 (time=10661.8), 0.0191264 s/step
on time step 97489 (time=10684.9), 0.0189664 s/step
on time step 97700 (time=10708.1), 0.0190204 s/step
on time step 97911 (time=10731.2), 0.0189871 s/step
Meep progress: 10731.855077483691/17685.157147216796 = 60.7% done in 2281.2s, 1478.0s to go
on time step 98122 (time=10754.3), 0.0189775 s/step
on time step 98333 (time=10777.4), 0.0189869 s/step
on time step 98544 (time=10800.6), 0.018986 s/step
on time step 98754 (time=10823.6), 0.0190737 s/step
on time step 98964 (time=10846.6), 0.019089 s/step
on time step 99175 (time=10869.7), 0.0189815 s/step
on time step 99386 (time=10892.9), 0.0189878 s/step
Meep progress: 10904.80632509411/17685.157147216796 = 61.7% done in 2311.2s, 1437.1s to go
on time step 99597 (time=10916), 0.0189725 s/step
on time step 99808 (time=10939.1), 0.0189789 s/step
on time step 100019 (time=10962.2), 0.0189885 s/step
on time step 100230 (time=10985.4), 0.019023 s/step
on time step 100439 (time=11008.3), 0.0191548 s/step
on time step 100650 (time=11031.4), 0.0189694 s/step
on time step 100861 (time=11054.5), 0.0190265 s/step
on time step 101072 (time=11077.6), 0.0190047 s/step
Meep progress: 11077.757572704528/17685.157147216796 = 62.6% done in 2341.3s, 1396.5s to go
on time step 101283 (time=11100.8), 0.0189795 s/step
on time step 101494 (time=11123.9), 0.0189953 s/step
on time step 101705 (time=11147), 0.0189858 s/step
on time step 101916 (time=11170.2), 0.0190188 s/step
on time step 102126 (time=11193.2), 0.0191156 s/step
on time step 102337 (time=11216.3), 0.0189905 s/step
on time step 102548 (time=11239.4), 0.018985 s/step
Meep progress: 11250.708820314945/17685.157147216796 = 63.6% done in 2371.3s, 1356.2s to go
on time step 102759 (time=11262.5), 0.0189754 s/step
on time step 102970 (time=11285.7), 0.0189754 s/step
on time step 103181 (time=11308.8), 0.0189877 s/step
on time step 103391 (time=11331.8), 0.0190573 s/step
on time step 103600 (time=11354.7), 0.019141 s/step
on time step 103811 (time=11377.8), 0.0189791 s/step
on time step 104022 (time=11401), 0.018988 s/step
Meep progress: 11423.660067925362/17685.157147216796 = 64.6% done in 2401.3s, 1316.2s to go
on time step 104233 (time=11424.1), 0.0189732 s/step
on time step 104444 (time=11447.2), 0.018989 s/step
on time step 104655 (time=11470.4), 0.0190034 s/step
on time step 104866 (time=11493.5), 0.0189843 s/step
on time step 105077 (time=11516.6), 0.0190157 s/step
on time step 105287 (time=11539.6), 0.0191351 s/step
on time step 105498 (time=11562.7), 0.0189891 s/step
on time step 105709 (time=11585.9), 0.0189786 s/step
Meep progress: 11596.61131553578/17685.157147216796 = 65.6% done in 2431.3s, 1276.5s to go
on time step 105920 (time=11609), 0.0189841 s/step
on time step 106131 (time=11632.1), 0.0189785 s/step
on time step 106342 (time=11655.2), 0.0189876 s/step
on time step 106552 (time=11678.3), 0.0190521 s/step
on time step 106762 (time=11701.3), 0.0191238 s/step
on time step 106973 (time=11724.4), 0.0189812 s/step
on time step 107184 (time=11747.5), 0.0189985 s/step
Meep progress: 11769.562563146197/17685.157147216796 = 66.6% done in 2461.3s, 1237.1s to go
on time step 107395 (time=11770.7), 0.0189864 s/step
on time step 107606 (time=11793.8), 0.0189761 s/step
on time step 107817 (time=11816.9), 0.0189924 s/step
on time step 108028 (time=11840), 0.018978 s/step
on time step 108239 (time=11863.2), 0.0190198 s/step
on time step 108448 (time=11886.1), 0.0191543 s/step
on time step 108659 (time=11909.2), 0.0189954 s/step
on time step 108870 (time=11932.3), 0.0189833 s/step
Meep progress: 11942.513810756616/17685.157147216796 = 67.5% done in 2491.3s, 1198.0s to go
on time step 109081 (time=11955.4), 0.0189811 s/step
on time step 109292 (time=11978.6), 0.0189734 s/step
on time step 109503 (time=12001.7), 0.0189902 s/step
on time step 109713 (time=12024.7), 0.0190573 s/step
on time step 109923 (time=12047.7), 0.0191041 s/step
on time step 110134 (time=12070.9), 0.0189756 s/step
on time step 110345 (time=12094), 0.0189787 s/step
Meep progress: 12115.465058367034/17685.157147216796 = 68.5% done in 2521.3s, 1159.1s to go
on time step 110556 (time=12117.1), 0.0190175 s/step
on time step 110767 (time=12140.2), 0.0189906 s/step
on time step 110978 (time=12163.4), 0.0189928 s/step
on time step 111189 (time=12186.5), 0.0189932 s/step
on time step 111400 (time=12209.6), 0.0190176 s/step
on time step 111610 (time=12232.6), 0.0191266 s/step
on time step 111821 (time=12255.8), 0.0189904 s/step
on time step 112032 (time=12278.9), 0.0189784 s/step
Meep progress: 12288.416305977451/17685.157147216796 = 69.5% done in 2551.3s, 1120.5s to go
on time step 112243 (time=12302), 0.0189746 s/step
on time step 112454 (time=12325.1), 0.0189859 s/step
on time step 112665 (time=12348.3), 0.0189796 s/step
on time step 112875 (time=12371.3), 0.0190506 s/step
on time step 113085 (time=12394.3), 0.0191316 s/step
on time step 113296 (time=12417.4), 0.0189728 s/step
on time step 113507 (time=12440.5), 0.0189844 s/step
Meep progress: 12461.367553587868/17685.157147216796 = 70.5% done in 2581.3s, 1082.1s to go
on time step 113718 (time=12463.7), 0.0189886 s/step
on time step 113929 (time=12486.8), 0.0189717 s/step
on time step 114140 (time=12509.9), 0.0189887 s/step
on time step 114351 (time=12533), 0.0189895 s/step
on time step 114561 (time=12556.1), 0.0190478 s/step
on time step 114771 (time=12579.1), 0.0191336 s/step
on time step 114982 (time=12602.2), 0.0189848 s/step
on time step 115193 (time=12625.3), 0.0189857 s/step
Meep progress: 12634.318801198286/17685.157147216796 = 71.4% done in 2611.3s, 1043.9s to go
on time step 115404 (time=12648.5), 0.0189791 s/step
on time step 115615 (time=12671.6), 0.0189827 s/step
on time step 115826 (time=12694.7), 0.0189851 s/step
on time step 116036 (time=12717.7), 0.0190604 s/step
on time step 116246 (time=12740.7), 0.0191288 s/step
on time step 116457 (time=12763.9), 0.0189765 s/step
on time step 116668 (time=12787), 0.0189781 s/step
Meep progress: 12807.270048808703/17685.157147216796 = 72.4% done in 2641.3s, 1006.0s to go
on time step 116879 (time=12810.1), 0.0189793 s/step
on time step 117090 (time=12833.2), 0.0189826 s/step
on time step 117301 (time=12856.4), 0.0190093 s/step
on time step 117512 (time=12879.5), 0.0189845 s/step
on time step 117722 (time=12902.5), 0.0190506 s/step
on time step 117932 (time=12925.5), 0.0191175 s/step
on time step 118143 (time=12948.7), 0.0190015 s/step
on time step 118354 (time=12971.8), 0.0189847 s/step
Meep progress: 12980.221296419122/17685.157147216796 = 73.4% done in 2671.4s, 968.3s to go
on time step 118565 (time=12994.9), 0.0189804 s/step
on time step 118776 (time=13018), 0.0189853 s/step
on time step 118987 (time=13041.2), 0.018987 s/step
on time step 119197 (time=13064.2), 0.0190774 s/step
on time step 119407 (time=13087.2), 0.0191089 s/step
on time step 119618 (time=13110.3), 0.0189738 s/step
on time step 119829 (time=13133.4), 0.018982 s/step
Meep progress: 13153.17254402954/17685.157147216796 = 74.4% done in 2701.4s, 930.8s to go
on time step 120040 (time=13156.6), 0.0189914 s/step
on time step 120251 (time=13179.7), 0.0189897 s/step
on time step 120462 (time=13202.8), 0.0190112 s/step
on time step 120673 (time=13225.9), 0.0189774 s/step
on time step 120883 (time=13249), 0.0190511 s/step
on time step 121092 (time=13271.9), 0.019145 s/step
on time step 121303 (time=13295), 0.0189946 s/step
on time step 121514 (time=13318.1), 0.018999 s/step
Meep progress: 13326.014190088874/17685.157147216796 = 75.4% done in 2731.4s, 893.5s to go
on time step 121725 (time=13341.2), 0.0189883 s/step
on time step 121936 (time=13364.4), 0.018976 s/step
on time step 122147 (time=13387.5), 0.0189795 s/step
on time step 122357 (time=13410.5), 0.0190515 s/step
on time step 122567 (time=13433.5), 0.0191266 s/step
on time step 122778 (time=13456.7), 0.0189907 s/step
on time step 122989 (time=13479.8), 0.0189793 s/step
Meep progress: 13498.965437699291/17685.157147216796 = 76.3% done in 2761.4s, 856.3s to go
on time step 123200 (time=13502.9), 0.0189794 s/step
on time step 123411 (time=13526), 0.0189824 s/step
on time step 123622 (time=13549.2), 0.0189947 s/step
on time step 123833 (time=13572.3), 0.0189907 s/step
on time step 124043 (time=13595.3), 0.0190489 s/step
on time step 124253 (time=13618.3), 0.01914 s/step
on time step 124464 (time=13641.4), 0.0189994 s/step
on time step 124675 (time=13664.6), 0.0189802 s/step
Meep progress: 13671.916685309709/17685.157147216796 = 77.3% done in 2791.4s, 819.4s to go
on time step 124886 (time=13687.7), 0.0189878 s/step
on time step 125097 (time=13710.8), 0.0189917 s/step
on time step 125308 (time=13734), 0.0189849 s/step
on time step 125518 (time=13757), 0.0190765 s/step
on time step 125728 (time=13780), 0.0190975 s/step
on time step 125939 (time=13803.1), 0.0189756 s/step
on time step 126150 (time=13826.2), 0.0189751 s/step
Meep progress: 13844.867932920126/17685.157147216796 = 78.3% done in 2821.4s, 782.6s to go
on time step 126361 (time=13849.4), 0.018997 s/step
on time step 126572 (time=13872.5), 0.0189796 s/step
on time step 126783 (time=13895.6), 0.0189956 s/step
on time step 126994 (time=13918.7), 0.0189824 s/step
on time step 127204 (time=13941.8), 0.0190557 s/step
on time step 127414 (time=13964.8), 0.0191096 s/step
on time step 127625 (time=13987.9), 0.0190018 s/step
on time step 127836 (time=14011), 0.0189796 s/step
Meep progress: 14017.819180530543/17685.157147216796 = 79.3% done in 2851.4s, 746.0s to go
on time step 128047 (time=14034.1), 0.0189775 s/step
on time step 128258 (time=14057.3), 0.0190451 s/step
on time step 128469 (time=14080.4), 0.0189695 s/step
on time step 128679 (time=14103.4), 0.0190876 s/step
on time step 128889 (time=14126.4), 0.0191054 s/step
on time step 129100 (time=14149.6), 0.0189847 s/step
on time step 129311 (time=14172.7), 0.0189903 s/step
Meep progress: 14190.660826589878/17685.157147216796 = 80.2% done in 2881.4s, 709.6s to go
on time step 129522 (time=14195.8), 0.018974 s/step
on time step 129733 (time=14218.9), 0.0189745 s/step
on time step 129944 (time=14242.1), 0.0189969 s/step
on time step 130155 (time=14265.2), 0.0189922 s/step
on time step 130365 (time=14288.2), 0.0190868 s/step
on time step 130575 (time=14311.2), 0.0190916 s/step
on time step 130786 (time=14334.3), 0.0189956 s/step
on time step 130997 (time=14357.5), 0.0189728 s/step
Meep progress: 14363.612074200295/17685.157147216796 = 81.2% done in 2911.4s, 673.3s to go
on time step 131208 (time=14380.6), 0.0189836 s/step
on time step 131419 (time=14403.7), 0.0189776 s/step
on time step 131630 (time=14426.9), 0.0189793 s/step
on time step 131840 (time=14449.9), 0.0190645 s/step
on time step 132050 (time=14472.9), 0.0191009 s/step
on time step 132261 (time=14496), 0.0189867 s/step
on time step 132471 (time=14519), 0.0190511 s/step
Meep progress: 14536.45372025963/17685.157147216796 = 82.2% done in 2941.4s, 637.1s to go
on time step 132682 (time=14542.2), 0.0189906 s/step
on time step 132893 (time=14565.3), 0.0189801 s/step
on time step 133104 (time=14588.4), 0.0189866 s/step
on time step 133315 (time=14611.5), 0.018986 s/step
on time step 133525 (time=14634.5), 0.0190803 s/step
on time step 133735 (time=14657.6), 0.019057 s/step
on time step 133946 (time=14680.7), 0.0189939 s/step
on time step 134157 (time=14703.8), 0.0189888 s/step
Meep progress: 14709.404967870047/17685.157147216796 = 83.2% done in 2971.4s, 601.1s to go
on time step 134368 (time=14726.9), 0.0189888 s/step
on time step 134579 (time=14750.1), 0.0189761 s/step
on time step 134790 (time=14773.2), 0.0189881 s/step
on time step 135000 (time=14796.2), 0.0190784 s/step
on time step 135210 (time=14819.2), 0.019095 s/step
on time step 135421 (time=14842.4), 0.0189802 s/step
on time step 135632 (time=14865.5), 0.0189836 s/step
Meep progress: 14882.356215480464/17685.157147216796 = 84.2% done in 3001.4s, 565.3s to go
on time step 135843 (time=14888.6), 0.0189728 s/step
on time step 136054 (time=14911.7), 0.0189775 s/step
on time step 136265 (time=14934.9), 0.0190179 s/step
on time step 136476 (time=14958), 0.0189878 s/step
on time step 136686 (time=14981), 0.0190801 s/step
on time step 136896 (time=15004), 0.0190921 s/step
on time step 137107 (time=15027.1), 0.0189838 s/step
on time step 137318 (time=15050.3), 0.0189923 s/step
Meep progress: 15055.307463090881/17685.157147216796 = 85.1% done in 3031.5s, 529.5s to go
on time step 137529 (time=15073.4), 0.0189796 s/step
on time step 137740 (time=15096.5), 0.0189871 s/step
on time step 137951 (time=15119.6), 0.0189808 s/step
on time step 138161 (time=15142.7), 0.0190844 s/step
on time step 138371 (time=15165.7), 0.0190865 s/step
on time step 138582 (time=15188.8), 0.018988 s/step
on time step 138793 (time=15211.9), 0.018978 s/step
Meep progress: 15228.258710701299/17685.157147216796 = 86.1% done in 3061.5s, 493.9s to go
on time step 139004 (time=15235.1), 0.0189788 s/step
on time step 139215 (time=15258.2), 0.0189761 s/step
on time step 139426 (time=15281.3), 0.0189952 s/step
on time step 139637 (time=15304.4), 0.0189895 s/step
on time step 139847 (time=15327.4), 0.0190828 s/step
on time step 140057 (time=15350.5), 0.0190928 s/step
on time step 140268 (time=15373.6), 0.0189976 s/step
on time step 140479 (time=15396.7), 0.0189907 s/step
Meep progress: 15401.209958311718/17685.157147216796 = 87.1% done in 3091.5s, 458.5s to go
on time step 140690 (time=15419.8), 0.0189723 s/step
on time step 140901 (time=15443), 0.0189806 s/step
on time step 141112 (time=15466.1), 0.0189848 s/step
on time step 141322 (time=15489.1), 0.0191197 s/step
on time step 141532 (time=15512.1), 0.0190866 s/step
on time step 141743 (time=15535.3), 0.0189816 s/step
on time step 141954 (time=15558.4), 0.0189813 s/step
Meep progress: 15574.161205922135/17685.157147216796 = 88.1% done in 3121.5s, 423.1s to go
on time step 142165 (time=15581.5), 0.0189823 s/step
on time step 142376 (time=15604.6), 0.0189817 s/step
on time step 142587 (time=15627.8), 0.0190049 s/step
on time step 142798 (time=15650.9), 0.018968 s/step
on time step 143008 (time=15673.9), 0.019115 s/step
on time step 143218 (time=15696.9), 0.0190951 s/step
on time step 143429 (time=15720), 0.0189966 s/step
on time step 143640 (time=15743.2), 0.0189754 s/step
Meep progress: 15747.112453532553/17685.157147216796 = 89.0% done in 3151.5s, 387.9s to go
on time step 143851 (time=15766.3), 0.018977 s/step
on time step 144062 (time=15789.4), 0.0189843 s/step
on time step 144273 (time=15812.5), 0.0189832 s/step
on time step 144483 (time=15835.6), 0.0191131 s/step
on time step 144693 (time=15858.6), 0.0190681 s/step
on time step 144904 (time=15881.7), 0.0189915 s/step
on time step 145115 (time=15904.8), 0.0189737 s/step
Meep progress: 15920.06370114297/17685.157147216796 = 90.0% done in 3181.5s, 352.7s to go
on time step 145326 (time=15928), 0.0189825 s/step
on time step 145537 (time=15951.1), 0.0189835 s/step
on time step 145748 (time=15974.2), 0.0190165 s/step
on time step 145959 (time=15997.3), 0.0189963 s/step
on time step 146169 (time=16020.3), 0.0190995 s/step
on time step 146379 (time=16043.4), 0.0190603 s/step
on time step 146590 (time=16066.5), 0.0189951 s/step
on time step 146801 (time=16089.6), 0.0189867 s/step
Meep progress: 16093.014948753387/17685.157147216796 = 91.0% done in 3211.5s, 317.7s to go
on time step 147012 (time=16112.7), 0.0189872 s/step
on time step 147223 (time=16135.9), 0.0189849 s/step
on time step 147434 (time=16159), 0.0189887 s/step
on time step 147644 (time=16182), 0.0191169 s/step
on time step 147854 (time=16205), 0.0190635 s/step
on time step 148065 (time=16228.2), 0.0189805 s/step
on time step 148276 (time=16251.3), 0.018998 s/step
Meep progress: 16265.966196363805/17685.157147216796 = 92.0% done in 3241.5s, 282.8s to go
on time step 148487 (time=16274.4), 0.0189818 s/step
on time step 148698 (time=16297.5), 0.0189842 s/step
on time step 148909 (time=16320.7), 0.0189909 s/step
on time step 149120 (time=16343.8), 0.0189936 s/step
on time step 149330 (time=16366.8), 0.0191109 s/step
on time step 149540 (time=16389.8), 0.0190818 s/step
on time step 149751 (time=16412.9), 0.0189947 s/step
on time step 149962 (time=16436.1), 0.0189854 s/step
Meep progress: 16438.80784242314/17685.157147216796 = 93.0% done in 3271.5s, 248.0s to go
on time step 150173 (time=16459.2), 0.0189789 s/step
on time step 150384 (time=16482.3), 0.0189773 s/step
on time step 150595 (time=16505.4), 0.0189904 s/step
on time step 150805 (time=16528.5), 0.0191189 s/step
on time step 151015 (time=16551.5), 0.0190643 s/step
on time step 151226 (time=16574.6), 0.0189759 s/step
on time step 151437 (time=16597.7), 0.0190048 s/step
Meep progress: 16611.759090033556/17685.157147216796 = 93.9% done in 3301.6s, 213.3s to go
on time step 151648 (time=16620.9), 0.0189825 s/step
on time step 151859 (time=16644), 0.018988 s/step
on time step 152070 (time=16667.1), 0.019001 s/step
on time step 152281 (time=16690.2), 0.0189762 s/step
on time step 152491 (time=16713.3), 0.0191125 s/step
on time step 152701 (time=16736.3), 0.0190589 s/step
on time step 152912 (time=16759.4), 0.0190078 s/step
on time step 153123 (time=16782.5), 0.018979 s/step
Meep progress: 16784.710337643974/17685.157147216796 = 94.9% done in 3331.6s, 178.7s to go
on time step 153334 (time=16805.6), 0.0189789 s/step
on time step 153545 (time=16828.8), 0.0189825 s/step
on time step 153756 (time=16851.9), 0.0189877 s/step
on time step 153966 (time=16874.9), 0.0191357 s/step
on time step 154176 (time=16897.9), 0.0190553 s/step
on time step 154387 (time=16921.1), 0.0189783 s/step
on time step 154598 (time=16944.2), 0.0189861 s/step
Meep progress: 16957.66158525439/17685.157147216796 = 95.9% done in 3361.6s, 144.2s to go
on time step 154809 (time=16967.3), 0.0189775 s/step
on time step 155020 (time=16990.4), 0.0189878 s/step
on time step 155231 (time=17013.6), 0.0190147 s/step
on time step 155442 (time=17036.7), 0.0189777 s/step
on time step 155652 (time=17059.7), 0.0191031 s/step
on time step 155862 (time=17082.7), 0.0190608 s/step
on time step 156073 (time=17105.8), 0.019009 s/step
on time step 156284 (time=17129), 0.0189865 s/step
Meep progress: 17130.61283286481/17685.157147216796 = 96.9% done in 3391.6s, 109.8s to go
on time step 156495 (time=17152.1), 0.0189807 s/step
on time step 156706 (time=17175.2), 0.0189904 s/step
on time step 156917 (time=17198.3), 0.0189879 s/step
on time step 157127 (time=17221.4), 0.019128 s/step
on time step 157337 (time=17244.4), 0.0190723 s/step
on time step 157548 (time=17267.5), 0.0189821 s/step
on time step 157759 (time=17290.6), 0.0189899 s/step
Meep progress: 17303.564080475226/17685.157147216796 = 97.8% done in 3421.6s, 75.5s to go
on time step 157970 (time=17313.8), 0.0189754 s/step
on time step 158181 (time=17336.9), 0.0189806 s/step
on time step 158392 (time=17360), 0.0190003 s/step
on time step 158603 (time=17383.1), 0.0189905 s/step
on time step 158813 (time=17406.2), 0.0191258 s/step
on time step 159024 (time=17429.3), 0.0190468 s/step
on time step 159235 (time=17452.4), 0.0190058 s/step
on time step 159446 (time=17475.5), 0.0189999 s/step
Meep progress: 17476.515328085647/17685.157147216796 = 98.8% done in 3451.6s, 41.2s to go
on time step 159657 (time=17498.7), 0.0189873 s/step
on time step 159868 (time=17521.8), 0.0189786 s/step
on time step 160079 (time=17544.9), 0.0189731 s/step
on time step 160289 (time=17567.9), 0.0190868 s/step
on time step 160499 (time=17590.9), 0.0190636 s/step
on time step 160710 (time=17614.1), 0.0189877 s/step
on time step 160921 (time=17637.2), 0.0189788 s/step
Meep progress: 17649.466575696064/17685.157147216796 = 99.8% done in 3481.6s, 7.0s to go
on time step 161132 (time=17660.3), 0.018966 s/step
on time step 161343 (time=17683.4), 0.0189862 s/step
run 0 finished at t = 17685.19668134942 (161359 timesteps)
Whole Sim Walltime: <generator object Model.TicTocGenerator at 0x7fa9105f0200>s

Elapsed run time = 5512.8241 s
