Warning: grid volume is not an integer number of pixels; cell size will be rounded to nearest pixel.
Using MPI version 3.1, 32 processes
Argument List: ['../SidePolishModel/twoDsolve.py', '500', '2D_500um_PAD-500_square', 'square']
argument3square
Sqr bubbles
Whole Sim Walltime: 4.76837158203125e-07 s
WD: ../data/2022-03-09/2D_500um_PAD-500_square/
AlreadyDir
-----------
Initializing structure...
Splitting into 32 chunks by voxels
time for choose_chunkdivision = 0.00457569 s
Working in 2D dimensions.
Computational cell is 1663.93 x 170.035 x 0 with resolution 6.45161
     block, center = (0,0,0)
          size (1e+20,1e+20,1e+20)
          axes (1,0,0), (0,1,0), (0,0,1)
          dielectric constant epsilon diagonal = (1,1,1)
     block, center = (0,-29.2,0)
          size (1e+20,66.6,1e+20)
          axes (1,0,0), (0,1,0), (0,0,1)
          dielectric constant epsilon diagonal = (2.0736,2.0736,2.0736)
     block, center = (0,0,0)
          size (1e+20,8.2,1e+20)
          axes (1,0,0), (0,1,0), (0,0,1)
          dielectric constant epsilon diagonal = (2.08803,2.08803,2.08803)
time for set_epsilon = 0.556368 s
-----------
MPB solved for frequency_1(0.4,0,0) = 0.279228 after 17 iters
MPB solved for frequency_1(0.931295,0,0) = 0.645713 after 107 iters
MPB solved for frequency_1(0.930496,0,0) = 0.645161 after 4 iters
MPB solved for frequency_1(0.930496,0,0) = 0.645161 after 1 iters
Meep: using output directory '../data/2022-03-09/2D_500um_PAD-500_square/'


Normalisation Run


on time step 92 (time=10.0833), 0.0436628 s/step
on time step 263 (time=28.8252), 0.023485 s/step
on time step 433 (time=47.4575), 0.0235523 s/step
on time step 605 (time=66.3089), 0.0232873 s/step
on time step 775 (time=84.9412), 0.023662 s/step
on time step 948 (time=103.902), 0.0232362 s/step
on time step 1119 (time=122.644), 0.0234039 s/step
Meep progress: 131.63146285178175/12165.257147216797 = 1.1% done in 30.0s, 2743.2s to go
on time step 1290 (time=141.386), 0.0234667 s/step
on time step 1462 (time=160.237), 0.0233708 s/step
on time step 1634 (time=179.089), 0.0233162 s/step
on time step 1805 (time=197.831), 0.0234769 s/step
on time step 1972 (time=216.134), 0.0239657 s/step
on time step 2133 (time=233.78), 0.0250206 s/step
on time step 2289 (time=250.878), 0.0256827 s/step
Meep progress: 266.9893784404166/12165.257147216797 = 2.2% done in 60.0s, 2675.4s to go
on time step 2441 (time=267.537), 0.026322 s/step
on time step 2559 (time=280.47), 0.0340858 s/step
on time step 2665 (time=292.088), 0.037752 s/step
on time step 2764 (time=302.939), 0.0405422 s/step
on time step 2859 (time=313.351), 0.0422628 s/step
on time step 2954 (time=323.763), 0.0421615 s/step
on time step 3057 (time=335.052), 0.039139 s/step
on time step 3157 (time=346.012), 0.0403659 s/step
Meep progress: 350.50576036635977/12165.257147216797 = 2.9% done in 90.1s, 3036.1s to go
on time step 3247 (time=355.876), 0.0449058 s/step
on time step 3323 (time=364.206), 0.0533201 s/step
on time step 3392 (time=371.768), 0.0583033 s/step
on time step 3459 (time=379.112), 0.0602663 s/step
on time step 3525 (time=386.345), 0.0612614 s/step
on time step 3591 (time=393.579), 0.0614792 s/step
on time step 3659 (time=401.032), 0.0595357 s/step
Meep progress: 407.93697313433114/12165.257147216797 = 3.4% done in 120.1s, 3461.4s to go
on time step 3732 (time=409.033), 0.0549167 s/step
on time step 3804 (time=416.924), 0.056353 s/step
on time step 3867 (time=423.829), 0.0641867 s/step
on time step 3926 (time=430.296), 0.0678394 s/step
on time step 3985 (time=436.762), 0.0685209 s/step
on time step 4044 (time=443.229), 0.0686178 s/step
on time step 4101 (time=449.476), 0.0714168 s/step
on time step 4154 (time=455.285), 0.0768359 s/step
Meep progress: 456.9288664688411/12165.257147216797 = 3.8% done in 150.2s, 3847.9s to go
on time step 4204 (time=460.765), 0.081367 s/step
on time step 4253 (time=466.135), 0.0831687 s/step
on time step 4302 (time=471.506), 0.0826107 s/step
on time step 4353 (time=477.096), 0.0798287 s/step
on time step 4406 (time=482.904), 0.0756613 s/step
on time step 4463 (time=489.152), 0.0706741 s/step
on time step 4523 (time=495.728), 0.0668676 s/step
Meep progress: 500.22147914698746/12165.257147216797 = 4.1% done in 180.2s, 4202.0s to go
on time step 4579 (time=501.866), 0.0718302 s/step
on time step 4631 (time=507.565), 0.0781345 s/step
on time step 4679 (time=512.826), 0.0833765 s/step
on time step 4725 (time=517.867), 0.0877334 s/step
on time step 4770 (time=522.799), 0.0897434 s/step
on time step 4816 (time=527.841), 0.0886664 s/step
on time step 4862 (time=532.883), 0.0887875 s/step
on time step 4905 (time=537.596), 0.0931255 s/step
Meep progress: 538.3628189241898/12165.257147216797 = 4.4% done in 210.3s, 4541.5s to go
on time step 4947 (time=542.199), 0.0965508 s/step
on time step 4988 (time=546.693), 0.0986441 s/step
on time step 5029 (time=551.186), 0.0992152 s/step
on time step 5070 (time=555.68), 0.0990412 s/step
on time step 5111 (time=560.174), 0.0978412 s/step
on time step 5154 (time=564.886), 0.0945663 s/step
on time step 5198 (time=569.709), 0.0917065 s/step
Meep progress: 572.5585028623713/12165.257147216797 = 4.7% done in 240.3s, 4865.8s to go
on time step 5242 (time=574.531), 0.0917263 s/step
on time step 5284 (time=579.135), 0.0972934 s/step
on time step 5323 (time=583.409), 0.102579 s/step
on time step 5361 (time=587.574), 0.107003 s/step
on time step 5397 (time=591.52), 0.111713 s/step
on time step 5432 (time=595.356), 0.115525 s/step
on time step 5466 (time=599.082), 0.11912 s/step
on time step 5499 (time=602.699), 0.12251 s/step
Meep progress: 602.8085309615318/12165.257147216797 = 5.0% done in 270.4s, 5187.1s to go
on time step 5531 (time=606.206), 0.125055 s/step
on time step 5563 (time=609.713), 0.127645 s/step
on time step 5594 (time=613.111), 0.129843 s/step
on time step 5625 (time=616.509), 0.130924 s/step
on time step 5656 (time=619.906), 0.129394 s/step
on time step 5688 (time=623.414), 0.125843 s/step
on time step 5722 (time=627.14), 0.120861 s/step
Meep progress: 628.8937001195035/12165.257147216797 = 5.2% done in 300.5s, 5512.4s to go
on time step 5757 (time=630.976), 0.116237 s/step
on time step 5793 (time=634.922), 0.111359 s/step
on time step 5831 (time=639.087), 0.106624 s/step
on time step 5870 (time=643.361), 0.104068 s/step
on time step 5909 (time=647.636), 0.103532 s/step
on time step 5948 (time=651.91), 0.104287 s/step
on time step 5987 (time=656.184), 0.104827 s/step
Meep progress: 659.8013375251675/12165.257147216797 = 5.4% done in 330.6s, 5764.7s to go
on time step 6024 (time=660.24), 0.108508 s/step
on time step 6060 (time=664.185), 0.112348 s/step
on time step 6095 (time=668.021), 0.115961 s/step
on time step 6129 (time=671.748), 0.119031 s/step
on time step 6162 (time=675.365), 0.122221 s/step
on time step 6194 (time=678.872), 0.125092 s/step
on time step 6226 (time=682.379), 0.127628 s/step
on time step 6257 (time=685.777), 0.129991 s/step
Meep progress: 686.8729206428944/12165.257147216797 = 5.6% done in 360.6s, 6026.7s to go
on time step 6288 (time=689.175), 0.13228 s/step
on time step 6319 (time=692.572), 0.133254 s/step
on time step 6349 (time=695.86), 0.133893 s/step
on time step 6379 (time=699.148), 0.133991 s/step
on time step 6409 (time=702.436), 0.134153 s/step
on time step 6439 (time=705.724), 0.134118 s/step
on time step 6469 (time=709.012), 0.133766 s/step
Meep progress: 711.5332696367753/12165.257147216797 = 5.8% done in 390.7s, 6289.8s to go
on time step 6499 (time=712.3), 0.134042 s/step
on time step 6529 (time=715.589), 0.133497 s/step
on time step 6559 (time=718.877), 0.133546 s/step
on time step 6589 (time=722.165), 0.133474 s/step
on time step 6620 (time=725.562), 0.133149 s/step
on time step 6651 (time=728.96), 0.132879 s/step
on time step 6682 (time=732.358), 0.132243 s/step
on time step 6713 (time=735.755), 0.131498 s/step
Meep progress: 736.3032201817401/12165.257147216797 = 6.1% done in 420.8s, 6531.3s to go
on time step 6744 (time=739.153), 0.131606 s/step
on time step 6775 (time=742.551), 0.130028 s/step
on time step 6806 (time=745.948), 0.12906 s/step
on time step 6838 (time=749.455), 0.128332 s/step
on time step 6870 (time=752.963), 0.128007 s/step
on time step 6902 (time=756.47), 0.12843 s/step
on time step 6933 (time=759.868), 0.130363 s/step
Meep progress: 761.7307800332084/12165.257147216797 = 6.3% done in 450.8s, 6749.1s to go
on time step 6964 (time=763.265), 0.131804 s/step
on time step 6995 (time=766.663), 0.133143 s/step
on time step 7025 (time=769.951), 0.13334 s/step
on time step 7055 (time=773.239), 0.133524 s/step
on time step 7085 (time=776.527), 0.133501 s/step
on time step 7115 (time=779.815), 0.133491 s/step
on time step 7145 (time=783.103), 0.133661 s/step
Meep progress: 786.3911290270892/12165.257147216797 = 6.5% done in 480.9s, 6958.0s to go
on time step 7175 (time=786.391), 0.134535 s/step
on time step 7205 (time=789.679), 0.134105 s/step
on time step 7235 (time=792.967), 0.133943 s/step
on time step 7265 (time=796.255), 0.133925 s/step
on time step 7295 (time=799.543), 0.134174 s/step
on time step 7325 (time=802.831), 0.134102 s/step
on time step 7355 (time=806.119), 0.133989 s/step
on time step 7385 (time=809.407), 0.133906 s/step
Meep progress: 810.9418764698861/12165.257147216797 = 6.7% done in 510.9s, 7153.2s to go
on time step 7415 (time=812.696), 0.13421 s/step
on time step 7445 (time=815.984), 0.133842 s/step
on time step 7475 (time=819.272), 0.133994 s/step
on time step 7505 (time=822.56), 0.13357 s/step
on time step 7535 (time=825.848), 0.133479 s/step
on time step 7566 (time=829.245), 0.132739 s/step
on time step 7597 (time=832.643), 0.132302 s/step
Meep progress: 835.7118270148509/12165.257147216797 = 6.9% done in 541.0s, 7334.2s to go
on time step 7628 (time=836.041), 0.131973 s/step
on time step 7659 (time=839.438), 0.131547 s/step
on time step 7690 (time=842.836), 0.131244 s/step
on time step 7721 (time=846.234), 0.131308 s/step
on time step 7752 (time=849.631), 0.131339 s/step
on time step 7783 (time=853.029), 0.131312 s/step
on time step 7814 (time=856.427), 0.1313 s/step
on time step 7845 (time=859.824), 0.131354 s/step
Meep progress: 860.8105822130674/12165.257147216797 = 7.1% done in 571.1s, 7499.6s to go
on time step 7876 (time=863.222), 0.131328 s/step
on time step 7907 (time=866.619), 0.132221 s/step
on time step 7938 (time=870.017), 0.131346 s/step
on time step 7969 (time=873.415), 0.131393 s/step
on time step 8000 (time=876.812), 0.131455 s/step
on time step 8031 (time=880.21), 0.131387 s/step
on time step 8062 (time=883.608), 0.131465 s/step
Meep progress: 885.9093374112839/12165.257147216797 = 7.3% done in 601.2s, 7654.5s to go
on time step 8093 (time=887.005), 0.131552 s/step
on time step 8124 (time=890.403), 0.131458 s/step
on time step 8155 (time=893.801), 0.131424 s/step
on time step 8186 (time=897.198), 0.131359 s/step
on time step 8217 (time=900.596), 0.131426 s/step
on time step 8248 (time=903.994), 0.131439 s/step
on time step 8279 (time=907.391), 0.13154 s/step
on time step 8310 (time=910.789), 0.13135 s/step
Meep progress: 911.0080926095004/12165.257147216797 = 7.5% done in 631.3s, 7798.9s to go
on time step 8341 (time=914.187), 0.131392 s/step
on time step 8372 (time=917.584), 0.13212 s/step
on time step 8403 (time=920.982), 0.131184 s/step
on time step 8434 (time=924.379), 0.131189 s/step
on time step 8465 (time=927.777), 0.130831 s/step
on time step 8496 (time=931.175), 0.13071 s/step
on time step 8527 (time=934.572), 0.130838 s/step
Meep progress: 936.1068478077169/12165.257147216797 = 7.7% done in 661.3s, 7933.1s to go
on time step 8558 (time=937.97), 0.130779 s/step
on time step 8589 (time=941.368), 0.130791 s/step
on time step 8620 (time=944.765), 0.130817 s/step
on time step 8651 (time=948.163), 0.130832 s/step
on time step 8682 (time=951.561), 0.130876 s/step
on time step 8713 (time=954.958), 0.130933 s/step
on time step 8744 (time=958.356), 0.130987 s/step
Meep progress: 961.3152045570173/12165.257147216797 = 7.9% done in 691.4s, 8058.5s to go
on time step 8775 (time=961.754), 0.130656 s/step
on time step 8806 (time=965.151), 0.130675 s/step
on time step 8837 (time=968.549), 0.1314 s/step
on time step 8868 (time=971.947), 0.130659 s/step
on time step 8899 (time=975.344), 0.130943 s/step
on time step 8930 (time=978.742), 0.130669 s/step
on time step 8961 (time=982.139), 0.130932 s/step
on time step 8992 (time=985.537), 0.130671 s/step
Meep progress: 986.5235613063177/12165.257147216797 = 8.1% done in 721.5s, 8175.9s to go
on time step 9023 (time=988.935), 0.130688 s/step
on time step 9054 (time=992.332), 0.130648 s/step
on time step 9085 (time=995.73), 0.130624 s/step
on time step 9116 (time=999.128), 0.130653 s/step
on time step 9147 (time=1002.53), 0.130702 s/step
on time step 9178 (time=1005.92), 0.130839 s/step
on time step 9209 (time=1009.32), 0.130804 s/step
Meep progress: 1011.7319180556182/12165.257147216797 = 8.3% done in 751.6s, 8285.7s to go
on time step 9240 (time=1012.72), 0.130653 s/step
on time step 9271 (time=1016.12), 0.131369 s/step
on time step 9302 (time=1019.51), 0.130701 s/step
on time step 9333 (time=1022.91), 0.130644 s/step
on time step 9364 (time=1026.31), 0.131065 s/step
on time step 9395 (time=1029.71), 0.130613 s/step
on time step 9426 (time=1033.1), 0.131308 s/step
on time step 9457 (time=1036.5), 0.130726 s/step
Meep progress: 1036.9402748049185/12165.257147216797 = 8.5% done in 781.7s, 8389.1s to go
on time step 9488 (time=1039.9), 0.130694 s/step
on time step 9519 (time=1043.3), 0.130723 s/step
on time step 9550 (time=1046.69), 0.130684 s/step
on time step 9581 (time=1050.09), 0.130733 s/step
on time step 9612 (time=1053.49), 0.130697 s/step
on time step 9643 (time=1056.89), 0.130956 s/step
on time step 9674 (time=1060.29), 0.130731 s/step
Meep progress: 1062.148631554219/12165.257147216797 = 8.7% done in 811.8s, 8485.9s to go
on time step 9705 (time=1063.68), 0.130769 s/step
on time step 9736 (time=1067.08), 0.131494 s/step
on time step 9767 (time=1070.48), 0.130798 s/step
on time step 9798 (time=1073.88), 0.130758 s/step
on time step 9829 (time=1077.27), 0.13131 s/step
on time step 9860 (time=1080.67), 0.131228 s/step
on time step 9891 (time=1084.07), 0.131006 s/step
Meep progress: 1087.2473867524354/12165.257147216797 = 8.9% done in 841.8s, 8577.0s to go
on time step 9922 (time=1087.47), 0.13091 s/step
on time step 9953 (time=1090.86), 0.13077 s/step
on time step 9984 (time=1094.26), 0.13084 s/step
on time step 10015 (time=1097.66), 0.130867 s/step
on time step 10046 (time=1101.06), 0.130832 s/step
on time step 10077 (time=1104.45), 0.130906 s/step
on time step 10108 (time=1107.85), 0.130999 s/step
on time step 10139 (time=1111.25), 0.130873 s/step
Meep progress: 1112.455743501736/12165.257147216797 = 9.1% done in 871.9s, 8662.7s to go
on time step 10170 (time=1114.65), 0.13082 s/step
on time step 10201 (time=1118.05), 0.131628 s/step
on time step 10232 (time=1121.44), 0.130923 s/step
on time step 10263 (time=1124.84), 0.130808 s/step
on time step 10294 (time=1128.24), 0.130967 s/step
on time step 10325 (time=1131.64), 0.131517 s/step
on time step 10356 (time=1135.03), 0.131045 s/step
Meep progress: 1137.5544986999523/12165.257147216797 = 9.4% done in 901.9s, 8743.4s to go
on time step 10387 (time=1138.43), 0.130901 s/step
on time step 10418 (time=1141.83), 0.130843 s/step
on time step 10449 (time=1145.23), 0.130806 s/step
on time step 10480 (time=1148.62), 0.130831 s/step
on time step 10511 (time=1152.02), 0.130863 s/step
on time step 10542 (time=1155.42), 0.130825 s/step
on time step 10573 (time=1158.82), 0.131207 s/step
on time step 10604 (time=1162.21), 0.131099 s/step
Meep progress: 1162.7628554492528/12165.257147216797 = 9.6% done in 932.0s, 8819.3s to go
on time step 10634 (time=1165.5), 0.134139 s/step
on time step 10664 (time=1168.79), 0.137486 s/step
on time step 10693 (time=1171.97), 0.139688 s/step
on time step 10721 (time=1175.04), 0.143063 s/step
on time step 10749 (time=1178.11), 0.144779 s/step
on time step 10777 (time=1181.18), 0.147695 s/step
on time step 10804 (time=1184.14), 0.150128 s/step
Meep progress: 1185.779181176875/12165.257147216797 = 9.7% done in 962.1s, 8908.6s to go
on time step 10831 (time=1187.09), 0.153889 s/step
on time step 10857 (time=1189.94), 0.157655 s/step
on time step 10882 (time=1192.68), 0.161026 s/step
on time step 10907 (time=1195.42), 0.164373 s/step
on time step 10931 (time=1198.05), 0.167599 s/step
on time step 10955 (time=1200.68), 0.1703 s/step
on time step 10979 (time=1203.32), 0.173169 s/step
Meep progress: 1205.6170619230636/12165.257147216797 = 9.9% done in 992.2s, 9019.2s to go
on time step 11002 (time=1205.84), 0.175249 s/step
on time step 11025 (time=1208.36), 0.176046 s/step
on time step 11048 (time=1210.88), 0.17619 s/step
on time step 11071 (time=1213.4), 0.176215 s/step
on time step 11094 (time=1215.92), 0.176952 s/step
on time step 11117 (time=1218.44), 0.176343 s/step
on time step 11140 (time=1220.96), 0.176671 s/step
on time step 11163 (time=1223.48), 0.176186 s/step
Meep progress: 1224.358927158413/12165.257147216797 = 10.1% done in 1022.3s, 9135.5s to go
on time step 11186 (time=1226), 0.176086 s/step
on time step 11209 (time=1228.52), 0.176158 s/step
on time step 11232 (time=1231.04), 0.17609 s/step
on time step 11255 (time=1233.57), 0.176138 s/step
on time step 11278 (time=1236.09), 0.176125 s/step
on time step 11301 (time=1238.61), 0.175993 s/step
on time step 11324 (time=1241.13), 0.176046 s/step
Meep progress: 1243.1007923937625/12165.257147216797 = 10.2% done in 1052.4s, 9246.9s to go
on time step 11347 (time=1243.65), 0.176065 s/step
on time step 11370 (time=1246.17), 0.176556 s/step
on time step 11393 (time=1248.69), 0.17619 s/step
on time step 11416 (time=1251.21), 0.176128 s/step
on time step 11439 (time=1253.73), 0.17672 s/step
on time step 11462 (time=1256.25), 0.175983 s/step
on time step 11485 (time=1258.77), 0.176263 s/step
on time step 11508 (time=1261.29), 0.176069 s/step
Meep progress: 1261.842657629112/12165.257147216797 = 10.4% done in 1082.6s, 9354.4s to go
on time step 11531 (time=1263.82), 0.175993 s/step
on time step 11554 (time=1266.34), 0.176123 s/step
on time step 11577 (time=1268.86), 0.176451 s/step
on time step 11600 (time=1271.38), 0.176243 s/step
on time step 11623 (time=1273.9), 0.176126 s/step
on time step 11646 (time=1276.42), 0.176174 s/step
on time step 11669 (time=1278.94), 0.176008 s/step
Meep progress: 1280.5845228644614/12165.257147216797 = 10.5% done in 1112.7s, 9457.8s to go
on time step 11692 (time=1281.46), 0.176086 s/step
on time step 11715 (time=1283.98), 0.176656 s/step
on time step 11738 (time=1286.5), 0.176253 s/step
on time step 11761 (time=1289.02), 0.176225 s/step
on time step 11784 (time=1291.54), 0.176832 s/step
on time step 11807 (time=1294.07), 0.175559 s/step
on time step 11830 (time=1296.59), 0.17522 s/step
on time step 11853 (time=1299.11), 0.175082 s/step
Meep progress: 1299.3263880998109/12165.257147216797 = 10.7% done in 1142.8s, 9557.0s to go
on time step 11876 (time=1301.63), 0.17515 s/step
on time step 11899 (time=1304.15), 0.175214 s/step
on time step 11922 (time=1306.67), 0.175189 s/step
on time step 11945 (time=1309.19), 0.175243 s/step
on time step 11968 (time=1311.71), 0.175525 s/step
on time step 11991 (time=1314.23), 0.1755 s/step
on time step 12014 (time=1316.75), 0.175667 s/step
Meep progress: 1318.1778548862442/12165.257147216797 = 10.8% done in 1173.0s, 9652.2s to go
on time step 12037 (time=1319.27), 0.175732 s/step
on time step 12060 (time=1321.79), 0.176467 s/step
on time step 12083 (time=1324.32), 0.17597 s/step
on time step 12106 (time=1326.84), 0.176233 s/step
on time step 12129 (time=1329.36), 0.176971 s/step
on time step 12152 (time=1331.88), 0.176494 s/step
on time step 12175 (time=1334.4), 0.176566 s/step
Meep progress: 1336.8101185705095/12165.257147216797 = 11.0% done in 1203.0s, 9744.3s to go
on time step 12198 (time=1336.92), 0.176767 s/step
on time step 12221 (time=1339.44), 0.176943 s/step
on time step 12244 (time=1341.96), 0.177218 s/step
on time step 12267 (time=1344.48), 0.177171 s/step
on time step 12290 (time=1347), 0.177257 s/step
on time step 12313 (time=1349.52), 0.177372 s/step
on time step 12336 (time=1352.04), 0.177567 s/step
on time step 12359 (time=1354.57), 0.177553 s/step
Meep progress: 1355.442382254775/12165.257147216797 = 11.1% done in 1233.1s, 9834.3s to go
on time step 12382 (time=1357.09), 0.177684 s/step
on time step 12405 (time=1359.61), 0.178308 s/step
on time step 12428 (time=1362.13), 0.177658 s/step
on time step 12451 (time=1364.65), 0.178373 s/step
on time step 12474 (time=1367.17), 0.177715 s/step
on time step 12497 (time=1369.69), 0.178005 s/step
on time step 12520 (time=1372.21), 0.177689 s/step
Meep progress: 1373.9650443879568/12165.257147216797 = 11.3% done in 1263.2s, 9921.3s to go
on time step 12543 (time=1374.73), 0.17779 s/step
on time step 12566 (time=1377.25), 0.177752 s/step
on time step 12589 (time=1379.77), 0.177866 s/step
on time step 12612 (time=1382.29), 0.177845 s/step
on time step 12635 (time=1384.82), 0.177941 s/step
on time step 12658 (time=1387.34), 0.177867 s/step
on time step 12681 (time=1389.86), 0.177764 s/step
on time step 12704 (time=1392.38), 0.177839 s/step
Meep progress: 1392.4877065211383/12165.257147216797 = 11.4% done in 1293.3s, 10005.0s to go
on time step 12727 (time=1394.9), 0.178472 s/step
on time step 12750 (time=1397.42), 0.177918 s/step
on time step 12773 (time=1399.94), 0.177884 s/step
on time step 12796 (time=1402.46), 0.178684 s/step
on time step 12819 (time=1404.98), 0.177863 s/step
on time step 12842 (time=1407.5), 0.177965 s/step
on time step 12865 (time=1410.02), 0.177894 s/step
Meep progress: 1411.01036865432/12165.257147216797 = 11.6% done in 1323.4s, 10086.1s to go
on time step 12888 (time=1412.54), 0.177871 s/step
on time step 12911 (time=1415.07), 0.177597 s/step
on time step 12934 (time=1417.59), 0.176805 s/step
on time step 12957 (time=1420.11), 0.176793 s/step
on time step 12980 (time=1422.63), 0.176666 s/step
on time step 13003 (time=1425.15), 0.176501 s/step
on time step 13026 (time=1427.67), 0.17633 s/step
Meep progress: 1429.6426323385856/12165.257147216797 = 11.8% done in 1353.4s, 10163.2s to go
on time step 13049 (time=1430.19), 0.176111 s/step
on time step 13072 (time=1432.71), 0.176331 s/step
on time step 13095 (time=1435.23), 0.175366 s/step
on time step 13118 (time=1437.75), 0.174878 s/step
on time step 13141 (time=1440.27), 0.174506 s/step
on time step 13165 (time=1442.9), 0.173927 s/step
on time step 13189 (time=1445.53), 0.172933 s/step
on time step 13213 (time=1448.17), 0.172255 s/step
Meep progress: 1448.6037006761028/12165.257147216797 = 11.9% done in 1383.6s, 10235.5s to go
on time step 13237 (time=1450.8), 0.171439 s/step
on time step 13261 (time=1453.43), 0.170513 s/step
on time step 13285 (time=1456.06), 0.169485 s/step
on time step 13309 (time=1458.69), 0.168129 s/step
on time step 13334 (time=1461.43), 0.165695 s/step
on time step 13359 (time=1464.17), 0.162642 s/step
on time step 13385 (time=1467.02), 0.159589 s/step
Meep progress: 1468.4415814222914/12165.257147216797 = 12.1% done in 1413.6s, 10297.3s to go
on time step 13411 (time=1469.87), 0.156315 s/step
on time step 13438 (time=1472.83), 0.153176 s/step
on time step 13465 (time=1475.78), 0.149196 s/step
on time step 13493 (time=1478.85), 0.145725 s/step
on time step 13522 (time=1482.03), 0.14171 s/step
on time step 13551 (time=1485.21), 0.137933 s/step
on time step 13581 (time=1488.5), 0.133966 s/step
Meep progress: 1491.5675087009975/12165.257147216797 = 12.3% done in 1443.6s, 10330.7s to go
on time step 13612 (time=1491.9), 0.129919 s/step
on time step 13644 (time=1495.4), 0.125695 s/step
on time step 13677 (time=1499.02), 0.121341 s/step
on time step 13713 (time=1502.97), 0.113656 s/step
on time step 13754 (time=1507.46), 0.0990623 s/step
on time step 13799 (time=1512.39), 0.090799 s/step
on time step 13847 (time=1517.65), 0.0839585 s/step
on time step 13900 (time=1523.46), 0.0758614 s/step
Meep progress: 1525.543989537011/12165.257147216797 = 12.5% done in 1473.7s, 10277.9s to go
on time step 13960 (time=1530.04), 0.0667113 s/step
on time step 14031 (time=1537.82), 0.0570099 s/step
on time step 14119 (time=1547.46), 0.0455803 s/step
on time step 14256 (time=1562.48), 0.0292196 s/step
on time step 14429 (time=1581.44), 0.0231284 s/step
on time step 14602 (time=1600.4), 0.0231633 s/step
on time step 14776 (time=1619.47), 0.0230906 s/step
Meep progress: 1634.816735967674/12165.257147216797 = 13.4% done in 1503.7s, 9685.7s to go
on time step 14949 (time=1638.43), 0.0231776 s/step
on time step 15123 (time=1657.5), 0.0230627 s/step
on time step 15297 (time=1676.57), 0.0231176 s/step
on time step 15471 (time=1695.65), 0.0230473 s/step
on time step 15644 (time=1714.61), 0.0231771 s/step
on time step 15818 (time=1733.68), 0.0230628 s/step
on time step 15991 (time=1752.64), 0.0231252 s/step
on time step 16165 (time=1771.71), 0.0230348 s/step
Meep progress: 1777.1891508256795/12165.257147216797 = 14.6% done in 1533.7s, 8964.7s to go
on time step 16339 (time=1790.78), 0.0230774 s/step
on time step 16511 (time=1809.63), 0.0232842 s/step
on time step 16685 (time=1828.7), 0.0230597 s/step
on time step 16858 (time=1847.66), 0.0231629 s/step
on time step 17032 (time=1866.73), 0.0230836 s/step
on time step 17206 (time=1885.8), 0.0230137 s/step
on time step 17380 (time=1904.87), 0.0230723 s/step
Meep progress: 1919.5615656836849/12165.257147216797 = 15.8% done in 1563.7s, 8346.3s to go
on time step 17554 (time=1923.95), 0.0230983 s/step
on time step 17728 (time=1943.02), 0.0230746 s/step
on time step 17902 (time=1962.09), 0.0230502 s/step
on time step 18076 (time=1981.16), 0.0230899 s/step
on time step 18250 (time=2000.23), 0.0231128 s/step
on time step 18424 (time=2019.3), 0.0230831 s/step
on time step 18598 (time=2038.37), 0.0230363 s/step
on time step 18772 (time=2057.44), 0.0230978 s/step
Meep progress: 2062.153183643858/12165.257147216797 = 17.0% done in 1593.7s, 7808.1s to go
on time step 18945 (time=2076.4), 0.0231709 s/step
on time step 19118 (time=2095.36), 0.0231477 s/step
on time step 19291 (time=2114.32), 0.0231748 s/step
on time step 19464 (time=2133.28), 0.0231533 s/step
on time step 19638 (time=2152.36), 0.0231102 s/step
on time step 19811 (time=2171.32), 0.023124 s/step
on time step 19984 (time=2190.28), 0.0231422 s/step
Meep progress: 2204.196793848612/12165.257147216797 = 18.1% done in 1623.7s, 7337.8s to go
on time step 20157 (time=2209.24), 0.0231335 s/step
on time step 20330 (time=2228.2), 0.0231324 s/step
on time step 20504 (time=2247.27), 0.0230453 s/step
on time step 20678 (time=2266.34), 0.0230175 s/step
on time step 20852 (time=2285.41), 0.0231065 s/step
on time step 21026 (time=2304.48), 0.0230992 s/step
on time step 21200 (time=2323.55), 0.0230744 s/step
on time step 21374 (time=2342.62), 0.0230879 s/step
Meep progress: 2346.678810257701/12165.257147216797 = 19.3% done in 1653.7s, 6919.3s to go
on time step 21547 (time=2361.58), 0.023244 s/step
on time step 21720 (time=2380.55), 0.02317 s/step
on time step 21894 (time=2399.62), 0.0230779 s/step
on time step 22067 (time=2418.58), 0.0232045 s/step
on time step 22241 (time=2437.65), 0.0230898 s/step
on time step 22414 (time=2456.61), 0.0231489 s/step
on time step 22588 (time=2475.68), 0.023096 s/step
Meep progress: 2488.722420462455/12165.257147216797 = 20.5% done in 1683.7s, 6546.6s to go
on time step 22761 (time=2494.64), 0.0231343 s/step
on time step 22935 (time=2513.71), 0.0230315 s/step
on time step 23109 (time=2532.78), 0.0230826 s/step
on time step 23282 (time=2551.74), 0.0231382 s/step
on time step 23456 (time=2570.81), 0.0231173 s/step
on time step 23630 (time=2589.88), 0.0230168 s/step
on time step 23803 (time=2608.85), 0.0231608 s/step
on time step 23977 (time=2627.92), 0.0231045 s/step
Meep progress: 2631.0948353204603/12165.257147216797 = 21.6% done in 1713.7s, 6210.0s to go
on time step 24149 (time=2646.77), 0.0233116 s/step
on time step 24322 (time=2665.73), 0.0231487 s/step
on time step 24496 (time=2684.8), 0.0230353 s/step
on time step 24669 (time=2703.76), 0.0232275 s/step
on time step 24843 (time=2722.83), 0.0230437 s/step
on time step 25016 (time=2741.79), 0.0232136 s/step
on time step 25190 (time=2760.86), 0.0230645 s/step
Meep progress: 2773.138445525214/12165.257147216797 = 22.8% done in 1743.7s, 5905.8s to go
on time step 25364 (time=2779.93), 0.0230762 s/step
on time step 25538 (time=2799), 0.0230711 s/step
on time step 25712 (time=2818.08), 0.0230745 s/step
on time step 25886 (time=2837.15), 0.0230611 s/step
on time step 26059 (time=2856.11), 0.0231726 s/step
on time step 26233 (time=2875.18), 0.0230247 s/step
on time step 26407 (time=2894.25), 0.0230563 s/step
on time step 26581 (time=2913.32), 0.0231091 s/step
Meep progress: 2915.6204619343034/12165.257147216797 = 24.0% done in 1773.8s, 5627.1s to go
on time step 26753 (time=2932.17), 0.0233238 s/step
on time step 26927 (time=2951.24), 0.0231208 s/step
on time step 27101 (time=2970.31), 0.0230786 s/step
on time step 27274 (time=2989.27), 0.0231992 s/step
on time step 27447 (time=3008.23), 0.0231577 s/step
on time step 27620 (time=3027.19), 0.0231826 s/step
on time step 27794 (time=3046.27), 0.0230927 s/step
Meep progress: 3057.6640721390568/12165.257147216797 = 25.1% done in 1803.8s, 5372.7s to go
on time step 27968 (time=3065.34), 0.0231017 s/step
on time step 28142 (time=3084.41), 0.0230619 s/step
on time step 28316 (time=3103.48), 0.0230693 s/step
on time step 28490 (time=3122.55), 0.0230652 s/step
on time step 28663 (time=3141.51), 0.0231519 s/step
on time step 28837 (time=3160.58), 0.0230974 s/step
on time step 29011 (time=3179.65), 0.0230766 s/step
on time step 29184 (time=3198.61), 0.0231408 s/step
Meep progress: 3200.036486997062/12165.257147216797 = 26.3% done in 1833.8s, 5137.5s to go
on time step 29356 (time=3217.46), 0.0233119 s/step
on time step 29529 (time=3236.42), 0.0231291 s/step
on time step 29703 (time=3255.49), 0.0230468 s/step
on time step 29876 (time=3274.46), 0.0232015 s/step
on time step 30050 (time=3293.53), 0.0230762 s/step
on time step 30222 (time=3312.38), 0.0234028 s/step
on time step 30396 (time=3331.45), 0.0231063 s/step
Meep progress: 3341.970495650732/12165.257147216797 = 27.5% done in 1863.8s, 4920.7s to go
on time step 30570 (time=3350.52), 0.0230924 s/step
on time step 30744 (time=3369.59), 0.0229892 s/step
on time step 30918 (time=3388.66), 0.023035 s/step
on time step 31092 (time=3407.73), 0.0230399 s/step
on time step 31266 (time=3426.8), 0.0230855 s/step
on time step 31439 (time=3445.76), 0.0231314 s/step
on time step 31613 (time=3464.83), 0.0230864 s/step
on time step 31787 (time=3483.9), 0.0230302 s/step
Meep progress: 3484.5621136109053/12165.257147216797 = 28.6% done in 1893.8s, 4717.8s to go
on time step 31959 (time=3502.76), 0.0233259 s/step
on time step 32133 (time=3521.83), 0.0230654 s/step
on time step 32306 (time=3540.79), 0.0231219 s/step
on time step 32479 (time=3559.75), 0.023183 s/step
on time step 32653 (time=3578.82), 0.0230706 s/step
on time step 32826 (time=3597.78), 0.023133 s/step
on time step 32999 (time=3616.74), 0.0231345 s/step
Meep progress: 3626.715325366743/12165.257147216797 = 29.8% done in 1923.8s, 4529.3s to go
on time step 33173 (time=3635.81), 0.0230678 s/step
on time step 33347 (time=3654.88), 0.0231067 s/step
on time step 33521 (time=3673.95), 0.0230509 s/step
on time step 33695 (time=3693.02), 0.0230686 s/step
on time step 33869 (time=3712.09), 0.0231129 s/step
on time step 34043 (time=3731.17), 0.0230932 s/step
on time step 34217 (time=3750.24), 0.0230889 s/step
Meep progress: 3769.1973417758322/12165.257147216797 = 31.0% done in 1953.8s, 4352.3s to go
on time step 34391 (time=3769.31), 0.0230861 s/step
on time step 34563 (time=3788.16), 0.0233643 s/step
on time step 34737 (time=3807.23), 0.0229959 s/step
on time step 34911 (time=3826.3), 0.0230415 s/step
on time step 35084 (time=3845.26), 0.0231414 s/step
on time step 35257 (time=3864.22), 0.0231501 s/step
on time step 35430 (time=3883.18), 0.0231603 s/step
on time step 35604 (time=3902.25), 0.0231012 s/step
Meep progress: 3911.35055353167/12165.257147216797 = 32.2% done in 1983.9s, 4186.4s to go
on time step 35777 (time=3921.21), 0.0231994 s/step
on time step 35951 (time=3940.29), 0.0230365 s/step
on time step 36125 (time=3959.36), 0.0230567 s/step
on time step 36298 (time=3978.32), 0.0231529 s/step
on time step 36472 (time=3997.39), 0.0231239 s/step
on time step 36646 (time=4016.46), 0.0230745 s/step
on time step 36820 (time=4035.53), 0.0230352 s/step
Meep progress: 4053.832569940759/12165.257147216797 = 33.3% done in 2013.9s, 4029.6s to go
on time step 36994 (time=4054.6), 0.0231139 s/step
on time step 37166 (time=4073.45), 0.0232924 s/step
on time step 37340 (time=4092.52), 0.023056 s/step
on time step 37514 (time=4111.59), 0.0230378 s/step
on time step 37687 (time=4130.55), 0.0231908 s/step
on time step 37861 (time=4149.62), 0.0230884 s/step
on time step 38034 (time=4168.59), 0.0231848 s/step
on time step 38207 (time=4187.55), 0.0231353 s/step
Meep progress: 4195.876180145513/12165.257147216797 = 34.5% done in 2043.9s, 3882.0s to go
on time step 38380 (time=4206.51), 0.0232119 s/step
on time step 38554 (time=4225.58), 0.0230183 s/step
on time step 38728 (time=4244.65), 0.0231264 s/step
on time step 38902 (time=4263.72), 0.0230825 s/step
on time step 39075 (time=4282.68), 0.0231825 s/step
on time step 39249 (time=4301.75), 0.0230894 s/step
on time step 39422 (time=4320.71), 0.0231293 s/step
Meep progress: 4338.248595003518/12165.257147216797 = 35.7% done in 2073.9s, 3741.7s to go
on time step 39596 (time=4339.78), 0.0230634 s/step
on time step 39768 (time=4358.63), 0.0233268 s/step
on time step 39942 (time=4377.71), 0.0230843 s/step
on time step 40116 (time=4396.78), 0.0230683 s/step
on time step 40289 (time=4415.74), 0.0231521 s/step
on time step 40462 (time=4434.7), 0.0231718 s/step
on time step 40636 (time=4453.77), 0.0231034 s/step
on time step 40810 (time=4472.84), 0.0231088 s/step
Meep progress: 4480.401806759356/12165.257147216797 = 36.8% done in 2103.9s, 3608.7s to go
on time step 40984 (time=4491.91), 0.0231181 s/step
on time step 41157 (time=4510.87), 0.0231223 s/step
on time step 41330 (time=4529.83), 0.0231351 s/step
on time step 41503 (time=4548.79), 0.0231562 s/step
on time step 41677 (time=4567.86), 0.0230927 s/step
on time step 41851 (time=4586.93), 0.023087 s/step
on time step 42025 (time=4606.01), 0.0230854 s/step
Meep progress: 4622.664620066277/12165.257147216797 = 38.0% done in 2133.9s, 3481.8s to go
on time step 42198 (time=4624.97), 0.0231514 s/step
on time step 42370 (time=4643.82), 0.0233592 s/step
on time step 42544 (time=4662.89), 0.023039 s/step
on time step 42718 (time=4681.96), 0.0230876 s/step
on time step 42891 (time=4700.92), 0.0232027 s/step
on time step 43065 (time=4719.99), 0.023102 s/step
on time step 43238 (time=4738.95), 0.0231576 s/step
on time step 43412 (time=4758.02), 0.0230768 s/step
Meep progress: 4764.817831822115/12165.257147216797 = 39.2% done in 2163.9s, 3360.9s to go
on time step 43586 (time=4777.09), 0.0231004 s/step
on time step 43760 (time=4796.16), 0.0230488 s/step
on time step 43934 (time=4815.23), 0.0231016 s/step
on time step 44108 (time=4834.31), 0.023087 s/step
on time step 44281 (time=4853.27), 0.0232014 s/step
on time step 44455 (time=4872.34), 0.0231236 s/step
on time step 44629 (time=4891.41), 0.0230637 s/step
Meep progress: 4907.19024668012/12165.257147216797 = 40.3% done in 2194.0s, 3245.0s to go
on time step 44803 (time=4910.48), 0.0231208 s/step
on time step 44975 (time=4929.33), 0.0232914 s/step
on time step 45149 (time=4948.4), 0.0230587 s/step
on time step 45323 (time=4967.47), 0.0230858 s/step
on time step 45495 (time=4986.32), 0.0232869 s/step
on time step 45669 (time=5005.39), 0.0230753 s/step
on time step 45842 (time=5024.35), 0.0232357 s/step
on time step 46016 (time=5043.42), 0.0230692 s/step
Meep progress: 5049.233856884874/12165.257147216797 = 41.5% done in 2224.0s, 3134.3s to go
on time step 46190 (time=5062.5), 0.0230655 s/step
on time step 46364 (time=5081.57), 0.0231103 s/step
on time step 46538 (time=5100.64), 0.0230681 s/step
on time step 46712 (time=5119.71), 0.0230969 s/step
on time step 46886 (time=5138.78), 0.0231087 s/step
on time step 47060 (time=5157.85), 0.0230691 s/step
on time step 47234 (time=5176.92), 0.0231106 s/step
Meep progress: 5191.715873293963/12165.257147216797 = 42.7% done in 2254.0s, 3027.6s to go
on time step 47408 (time=5195.99), 0.0230511 s/step
on time step 47580 (time=5214.84), 0.0233601 s/step
on time step 47754 (time=5233.91), 0.0230392 s/step
on time step 47928 (time=5252.98), 0.0230773 s/step
on time step 48101 (time=5271.94), 0.0231822 s/step
on time step 48274 (time=5290.91), 0.023187 s/step
on time step 48448 (time=5309.98), 0.0230273 s/step
on time step 48621 (time=5328.94), 0.0231593 s/step
Meep progress: 5333.869085049801/12165.257147216797 = 43.8% done in 2284.0s, 2925.3s to go
on time step 48795 (time=5348.01), 0.0230806 s/step
on time step 48969 (time=5367.08), 0.0231021 s/step
on time step 49143 (time=5386.15), 0.0230191 s/step
on time step 49316 (time=5405.11), 0.0231398 s/step
on time step 49490 (time=5424.18), 0.0230965 s/step
on time step 49664 (time=5443.25), 0.0230211 s/step
on time step 49838 (time=5462.32), 0.0230499 s/step
Meep progress: 5476.460703009974/12165.257147216797 = 45.0% done in 2314.0s, 2826.3s to go
on time step 50012 (time=5481.39), 0.0230507 s/step
on time step 50184 (time=5500.24), 0.0233323 s/step
on time step 50358 (time=5519.31), 0.0231013 s/step
on time step 50533 (time=5538.5), 0.0229671 s/step
on time step 50706 (time=5557.46), 0.0232057 s/step
on time step 50879 (time=5576.42), 0.0231462 s/step
on time step 51053 (time=5595.49), 0.0230753 s/step
on time step 51226 (time=5614.45), 0.0231859 s/step
Meep progress: 5618.613914765811/12165.257147216797 = 46.2% done in 2344.0s, 2731.2s to go
on time step 51400 (time=5633.52), 0.0230671 s/step
on time step 51574 (time=5652.59), 0.0230841 s/step
on time step 51748 (time=5671.66), 0.0230268 s/step
on time step 51922 (time=5690.73), 0.0230433 s/step
on time step 52097 (time=5709.91), 0.022907 s/step
on time step 52273 (time=5729.2), 0.0228297 s/step
on time step 52449 (time=5748.49), 0.0228418 s/step
Meep progress: 5761.863142032488/12165.257147216797 = 47.4% done in 2374.0s, 2638.4s to go
on time step 52625 (time=5767.78), 0.0228412 s/step
on time step 52799 (time=5786.85), 0.0230734 s/step
on time step 52975 (time=5806.14), 0.0228152 s/step
on time step 53150 (time=5825.32), 0.022872 s/step
on time step 53325 (time=5844.5), 0.0229598 s/step
on time step 53500 (time=5863.68), 0.0229344 s/step
on time step 53676 (time=5882.97), 0.0228292 s/step
on time step 53852 (time=5902.26), 0.0228452 s/step
Meep progress: 5905.441173952417/12165.257147216797 = 48.5% done in 2404.0s, 2548.3s to go
on time step 54027 (time=5921.44), 0.0228681 s/step
on time step 54202 (time=5940.62), 0.0228586 s/step
on time step 54378 (time=5959.91), 0.0228503 s/step
on time step 54553 (time=5979.09), 0.022863 s/step
on time step 54728 (time=5998.27), 0.0228651 s/step
on time step 54903 (time=6017.45), 0.0228608 s/step
on time step 55079 (time=6036.74), 0.0228494 s/step
Meep progress: 6049.348010525597/12165.257147216797 = 49.7% done in 2434.1s, 2460.8s to go
on time step 55255 (time=6056.03), 0.0228574 s/step
on time step 55429 (time=6075.1), 0.0230392 s/step
on time step 55605 (time=6094.39), 0.0228447 s/step
on time step 55780 (time=6113.57), 0.022861 s/step
on time step 55955 (time=6132.75), 0.0229669 s/step
on time step 56130 (time=6151.94), 0.0229688 s/step
on time step 56306 (time=6171.22), 0.0228511 s/step
on time step 56481 (time=6190.41), 0.0228769 s/step
Meep progress: 6192.926042445526/12165.257147216797 = 50.9% done in 2464.1s, 2376.3s to go
on time step 56657 (time=6209.7), 0.022852 s/step
on time step 56832 (time=6228.88), 0.0228582 s/step
on time step 57007 (time=6248.06), 0.022863 s/step
on time step 57182 (time=6267.24), 0.0229064 s/step
on time step 57357 (time=6286.42), 0.0228978 s/step
on time step 57533 (time=6305.71), 0.0228543 s/step
on time step 57708 (time=6324.89), 0.0228596 s/step
Meep progress: 6336.832879018706/12165.257147216797 = 52.1% done in 2494.1s, 2294.0s to go
on time step 57884 (time=6344.18), 0.0228443 s/step
on time step 58058 (time=6363.25), 0.0230371 s/step
on time step 58234 (time=6382.54), 0.0228451 s/step
on time step 58409 (time=6401.72), 0.0228613 s/step
on time step 58584 (time=6420.9), 0.0229726 s/step
on time step 58759 (time=6440.08), 0.0229503 s/step
on time step 58935 (time=6459.37), 0.0228369 s/step
on time step 59110 (time=6478.55), 0.0228606 s/step
Meep progress: 6480.4109109386345/12165.257147216797 = 53.3% done in 2524.1s, 2214.2s to go
on time step 59285 (time=6497.73), 0.0228712 s/step
on time step 59461 (time=6517.02), 0.0228455 s/step
on time step 59637 (time=6536.31), 0.0228534 s/step
on time step 59812 (time=6555.49), 0.0228829 s/step
on time step 59987 (time=6574.67), 0.022892 s/step
on time step 60163 (time=6593.96), 0.0228453 s/step
on time step 60339 (time=6613.25), 0.0228338 s/step
Meep progress: 6624.317747511815/12165.257147216797 = 54.5% done in 2554.1s, 2136.4s to go
on time step 60515 (time=6632.54), 0.0228554 s/step
on time step 60689 (time=6651.61), 0.0230649 s/step
on time step 60865 (time=6670.9), 0.0228539 s/step
on time step 61040 (time=6690.08), 0.0228606 s/step
on time step 61214 (time=6709.15), 0.0229896 s/step
on time step 61389 (time=6728.33), 0.0229096 s/step
on time step 61565 (time=6747.62), 0.0228365 s/step
on time step 61741 (time=6766.91), 0.0228323 s/step
Meep progress: 6767.895779431743/12165.257147216797 = 55.6% done in 2584.1s, 2060.8s to go
on time step 61916 (time=6786.09), 0.0228632 s/step
on time step 62091 (time=6805.27), 0.0228633 s/step
on time step 62267 (time=6824.56), 0.0228555 s/step
on time step 62442 (time=6843.74), 0.0228578 s/step
on time step 62617 (time=6862.92), 0.0228806 s/step
on time step 62792 (time=6882.1), 0.0228629 s/step
on time step 62967 (time=6901.28), 0.0228618 s/step
Meep progress: 6911.802616004923/12165.257147216797 = 56.8% done in 2614.1s, 1986.9s to go
on time step 63143 (time=6920.57), 0.0228564 s/step
on time step 63317 (time=6939.64), 0.0230562 s/step
on time step 63493 (time=6958.93), 0.0228144 s/step
on time step 63668 (time=6978.11), 0.0229354 s/step
on time step 63843 (time=6997.29), 0.0229355 s/step
on time step 64018 (time=7016.47), 0.0229211 s/step
on time step 64194 (time=7035.76), 0.0228271 s/step
on time step 64370 (time=7055.05), 0.0228498 s/step
Meep progress: 7055.3806479248515/12165.257147216797 = 58.0% done in 2644.2s, 1915.0s to go
on time step 64546 (time=7074.34), 0.0228545 s/step
on time step 64721 (time=7093.52), 0.022863 s/step
on time step 64897 (time=7112.81), 0.0228555 s/step
on time step 65072 (time=7131.99), 0.0228784 s/step
on time step 65247 (time=7151.17), 0.0228778 s/step
on time step 65423 (time=7170.46), 0.0228457 s/step
on time step 65599 (time=7189.75), 0.0228429 s/step
Meep progress: 7199.2874844980315/12165.257147216797 = 59.2% done in 2674.2s, 1844.6s to go
on time step 65775 (time=7209.04), 0.0228558 s/step
on time step 65949 (time=7228.11), 0.023048 s/step
on time step 66125 (time=7247.4), 0.0228223 s/step
on time step 66300 (time=7266.58), 0.0229536 s/step
on time step 66475 (time=7285.76), 0.0228919 s/step
on time step 66650 (time=7304.94), 0.0229109 s/step
on time step 66826 (time=7324.23), 0.0228383 s/step
Meep progress: 7342.86551641796/12165.257147216797 = 60.4% done in 2704.2s, 1776.0s to go
on time step 67002 (time=7343.52), 0.0228559 s/step
on time step 67178 (time=7362.81), 0.02285 s/step
on time step 67354 (time=7382.1), 0.0228537 s/step
on time step 67530 (time=7401.39), 0.0228317 s/step
on time step 67706 (time=7420.68), 0.0228265 s/step
on time step 67881 (time=7439.86), 0.0229136 s/step
on time step 68057 (time=7459.15), 0.022823 s/step
on time step 68232 (time=7478.33), 0.0228611 s/step
Meep progress: 7486.772352991141/12165.257147216797 = 61.5% done in 2734.2s, 1708.6s to go
on time step 68407 (time=7497.51), 0.0228639 s/step
on time step 68581 (time=7516.58), 0.0230654 s/step
on time step 68757 (time=7535.87), 0.0228288 s/step
on time step 68932 (time=7555.05), 0.022911 s/step
on time step 69107 (time=7574.23), 0.0229158 s/step
on time step 69282 (time=7593.41), 0.0229557 s/step
on time step 69457 (time=7612.59), 0.0228781 s/step
Meep progress: 7630.350384911069/12165.257147216797 = 62.7% done in 2764.2s, 1642.8s to go
on time step 69632 (time=7631.78), 0.0228653 s/step
on time step 69808 (time=7651.07), 0.0228257 s/step
on time step 69984 (time=7670.35), 0.0228467 s/step
on time step 70160 (time=7689.64), 0.0228374 s/step
on time step 70335 (time=7708.83), 0.0228652 s/step
on time step 70510 (time=7728.01), 0.0228865 s/step
on time step 70685 (time=7747.19), 0.0228615 s/step
on time step 70861 (time=7766.48), 0.0228455 s/step
Meep progress: 7774.257221484249/12165.257147216797 = 63.9% done in 2794.2s, 1578.2s to go
on time step 71037 (time=7785.77), 0.022847 s/step
on time step 71211 (time=7804.84), 0.0230939 s/step
on time step 71386 (time=7824.02), 0.022862 s/step
on time step 71561 (time=7843.2), 0.0229265 s/step
on time step 71736 (time=7862.38), 0.0228729 s/step
on time step 71911 (time=7881.56), 0.0228966 s/step
on time step 72086 (time=7900.74), 0.0228793 s/step
Meep progress: 7917.835253404178/12165.257147216797 = 65.1% done in 2824.2s, 1515.0s to go
on time step 72261 (time=7919.92), 0.0228599 s/step
on time step 72437 (time=7939.21), 0.0228367 s/step
on time step 72613 (time=7958.5), 0.0228383 s/step
on time step 72788 (time=7977.68), 0.022866 s/step
on time step 72963 (time=7996.86), 0.0228968 s/step
on time step 73138 (time=8016.04), 0.0229007 s/step
on time step 73314 (time=8035.33), 0.022857 s/step
on time step 73490 (time=8054.62), 0.0228499 s/step
Meep progress: 8061.632488426274/12165.257147216797 = 66.3% done in 2854.2s, 1452.9s to go
on time step 73666 (time=8073.91), 0.0228476 s/step
on time step 73840 (time=8092.98), 0.0230892 s/step
on time step 74016 (time=8112.27), 0.0228514 s/step
on time step 74191 (time=8131.45), 0.0229445 s/step
on time step 74366 (time=8150.63), 0.0228614 s/step
on time step 74541 (time=8169.81), 0.0229139 s/step
on time step 74716 (time=8188.99), 0.0228606 s/step
Meep progress: 8205.210520346203/12165.257147216797 = 67.4% done in 2884.2s, 1392.0s to go
on time step 74891 (time=8208.17), 0.0228774 s/step
on time step 75067 (time=8227.46), 0.022837 s/step
on time step 75243 (time=8246.75), 0.0228467 s/step
on time step 75419 (time=8266.04), 0.0228486 s/step
on time step 75594 (time=8285.22), 0.0229322 s/step
on time step 75769 (time=8304.4), 0.0228735 s/step
on time step 75945 (time=8323.69), 0.0228286 s/step
on time step 76121 (time=8342.98), 0.0228438 s/step
Meep progress: 8349.117356919383/12165.257147216797 = 68.6% done in 2914.2s, 1332.0s to go
on time step 76297 (time=8362.27), 0.02282 s/step
on time step 76471 (time=8381.34), 0.0230757 s/step
on time step 76647 (time=8400.63), 0.0228302 s/step
on time step 76822 (time=8419.81), 0.0229707 s/step
on time step 76997 (time=8438.99), 0.0228608 s/step
on time step 77172 (time=8458.17), 0.0228934 s/step
on time step 77347 (time=8477.35), 0.0228824 s/step
Meep progress: 8492.69538883931/12165.257147216797 = 69.8% done in 2944.2s, 1273.2s to go
on time step 77522 (time=8496.53), 0.0228869 s/step
on time step 77698 (time=8515.82), 0.0228267 s/step
on time step 77874 (time=8535.11), 0.0228484 s/step
on time step 78050 (time=8554.4), 0.0228383 s/step
on time step 78225 (time=8573.58), 0.0229477 s/step
on time step 78400 (time=8592.76), 0.0228658 s/step
on time step 78576 (time=8612.05), 0.022856 s/step
on time step 78752 (time=8631.34), 0.0228231 s/step
Meep progress: 8636.602225412491/12165.257147216797 = 71.0% done in 2974.3s, 1215.2s to go
on time step 78928 (time=8650.63), 0.0228446 s/step
on time step 79102 (time=8669.7), 0.0230831 s/step
on time step 79278 (time=8688.99), 0.0228524 s/step
on time step 79453 (time=8708.17), 0.0229725 s/step
on time step 79629 (time=8727.46), 0.0228351 s/step
on time step 79804 (time=8746.64), 0.0229007 s/step
on time step 79979 (time=8765.82), 0.0228734 s/step
Meep progress: 8780.18025733242/12165.257147216797 = 72.2% done in 3004.3s, 1158.3s to go
on time step 80154 (time=8785), 0.0228935 s/step
on time step 80330 (time=8804.29), 0.0228493 s/step
on time step 80506 (time=8823.58), 0.022822 s/step
on time step 80682 (time=8842.87), 0.0228269 s/step
on time step 80857 (time=8862.05), 0.022922 s/step
on time step 81033 (time=8881.34), 0.0228533 s/step
on time step 81209 (time=8900.63), 0.0228279 s/step
on time step 81385 (time=8919.92), 0.0228409 s/step
Meep progress: 8924.196695456683/12165.257147216797 = 73.4% done in 3034.3s, 1102.0s to go
on time step 81561 (time=8939.21), 0.022818 s/step
on time step 81735 (time=8958.28), 0.0230907 s/step
on time step 81911 (time=8977.57), 0.0228449 s/step
on time step 82086 (time=8996.75), 0.0229764 s/step
on time step 82262 (time=9016.04), 0.0228531 s/step
on time step 82437 (time=9035.22), 0.0228962 s/step
on time step 82612 (time=9054.4), 0.022858 s/step
Meep progress: 9067.774727376613/12165.257147216797 = 74.5% done in 3064.3s, 1046.7s to go
on time step 82787 (time=9073.58), 0.0228985 s/step
on time step 82963 (time=9092.87), 0.0228397 s/step
on time step 83139 (time=9112.16), 0.0228435 s/step
on time step 83315 (time=9131.45), 0.0228431 s/step
on time step 83490 (time=9150.63), 0.0228923 s/step
on time step 83665 (time=9169.81), 0.0228583 s/step
on time step 83841 (time=9189.1), 0.0228518 s/step
on time step 84017 (time=9208.39), 0.0228418 s/step
Meep progress: 9211.681563949793/12165.257147216797 = 75.7% done in 3094.3s, 992.1s to go
on time step 84192 (time=9227.57), 0.0228603 s/step
on time step 84366 (time=9246.64), 0.0230502 s/step
on time step 84541 (time=9265.82), 0.0228707 s/step
on time step 84716 (time=9285.01), 0.022942 s/step
on time step 84891 (time=9304.19), 0.0228736 s/step
on time step 85066 (time=9323.37), 0.0229042 s/step
on time step 85242 (time=9342.66), 0.0228389 s/step
Meep progress: 9355.259595869722/12165.257147216797 = 76.9% done in 3124.3s, 938.4s to go
on time step 85417 (time=9361.84), 0.0228663 s/step
on time step 85593 (time=9381.13), 0.0228447 s/step
on time step 85769 (time=9400.42), 0.0228648 s/step
on time step 85945 (time=9419.71), 0.0228473 s/step
on time step 86120 (time=9438.89), 0.0229152 s/step
on time step 86295 (time=9458.07), 0.0228817 s/step
on time step 86471 (time=9477.36), 0.0228415 s/step
on time step 86646 (time=9496.54), 0.0228572 s/step
Meep progress: 9499.166432442902/12165.257147216797 = 78.1% done in 3154.3s, 885.3s to go
on time step 86822 (time=9515.83), 0.0228448 s/step
on time step 86996 (time=9534.9), 0.0230588 s/step
on time step 87172 (time=9554.19), 0.022852 s/step
on time step 87346 (time=9573.26), 0.022992 s/step
on time step 87522 (time=9592.55), 0.0228418 s/step
on time step 87697 (time=9611.73), 0.0228732 s/step
on time step 87873 (time=9631.02), 0.0228001 s/step
Meep progress: 9642.854065913914/12165.257147216797 = 79.3% done in 3184.3s, 833.0s to go
on time step 88049 (time=9650.31), 0.0228438 s/step
on time step 88225 (time=9669.6), 0.0228376 s/step
on time step 88401 (time=9688.89), 0.0228312 s/step
on time step 88577 (time=9708.18), 0.0227755 s/step
on time step 88753 (time=9727.47), 0.0228502 s/step
on time step 88929 (time=9746.76), 0.0228202 s/step
on time step 89105 (time=9766.05), 0.0228225 s/step
on time step 89281 (time=9785.34), 0.0228296 s/step
Meep progress: 9786.980105589262/12165.257147216797 = 80.5% done in 3214.4s, 781.1s to go
on time step 89456 (time=9804.52), 0.0228965 s/step
on time step 89631 (time=9823.7), 0.0229195 s/step
on time step 89807 (time=9842.99), 0.0228424 s/step
on time step 89982 (time=9862.17), 0.0229326 s/step
on time step 90158 (time=9881.46), 0.0228559 s/step
on time step 90333 (time=9900.64), 0.0229148 s/step
on time step 90509 (time=9919.93), 0.0228336 s/step
Meep progress: 9930.667739060274/12165.257147216797 = 81.6% done in 3244.4s, 730.0s to go
on time step 90685 (time=9939.22), 0.0228127 s/step
on time step 90861 (time=9958.51), 0.0228448 s/step
on time step 91037 (time=9977.8), 0.0228222 s/step
on time step 91213 (time=9997.09), 0.0228244 s/step
on time step 91389 (time=10016.4), 0.0228404 s/step
on time step 91565 (time=10035.7), 0.0228124 s/step
on time step 91741 (time=10055), 0.0228093 s/step
on time step 91917 (time=10074.2), 0.0228252 s/step
Meep progress: 10074.793778735622/12165.257147216797 = 82.8% done in 3274.4s, 679.4s to go
on time step 92092 (time=10093.4), 0.0229608 s/step
on time step 92267 (time=10112.6), 0.0228941 s/step
on time step 92443 (time=10131.9), 0.0228313 s/step
on time step 92618 (time=10151.1), 0.0229306 s/step
on time step 92794 (time=10170.4), 0.0228381 s/step
on time step 92969 (time=10189.5), 0.02289 s/step
on time step 93145 (time=10208.8), 0.0228149 s/step
Meep progress: 10218.59101375772/12165.257147216797 = 84.0% done in 3304.4s, 629.5s to go
on time step 93321 (time=10228.1), 0.0228189 s/step
on time step 93497 (time=10247.4), 0.0228033 s/step
on time step 93673 (time=10266.7), 0.0228217 s/step
on time step 93849 (time=10286), 0.0228356 s/step
on time step 94024 (time=10305.2), 0.0228813 s/step
on time step 94200 (time=10324.5), 0.0228014 s/step
on time step 94376 (time=10343.8), 0.0228001 s/step
Meep progress: 10362.717053433067/12165.257147216797 = 85.2% done in 3334.4s, 580.0s to go
on time step 94552 (time=10363), 0.0228341 s/step
on time step 94727 (time=10382.2), 0.0229576 s/step
on time step 94902 (time=10401.4), 0.0229078 s/step
on time step 95078 (time=10420.7), 0.0227755 s/step
on time step 95253 (time=10439.9), 0.0229179 s/step
on time step 95428 (time=10459.1), 0.0228582 s/step
on time step 95603 (time=10478.2), 0.0228642 s/step
on time step 95779 (time=10497.5), 0.0228315 s/step
Meep progress: 10506.514288455162/12165.257147216797 = 86.4% done in 3364.4s, 531.2s to go
on time step 95955 (time=10516.8), 0.0228037 s/step
on time step 96131 (time=10536.1), 0.0227958 s/step
on time step 96307 (time=10555.4), 0.0228386 s/step
on time step 96483 (time=10574.7), 0.0228306 s/step
on time step 96659 (time=10594), 0.0228523 s/step
on time step 96835 (time=10613.3), 0.0228013 s/step
on time step 97011 (time=10632.6), 0.0227992 s/step
Meep progress: 10650.64032813051/12165.257147216797 = 87.5% done in 3394.4s, 482.7s to go
on time step 97187 (time=10651.8), 0.0228214 s/step
on time step 97361 (time=10670.9), 0.0230303 s/step
on time step 97536 (time=10690.1), 0.0228839 s/step
on time step 97712 (time=10709.4), 0.0228156 s/step
on time step 97887 (time=10728.6), 0.0229174 s/step
on time step 98062 (time=10747.7), 0.0228614 s/step
on time step 98237 (time=10766.9), 0.0228927 s/step
on time step 98413 (time=10786.2), 0.0228333 s/step
Meep progress: 10794.327961601524/12165.257147216797 = 88.7% done in 3424.4s, 434.9s to go
on time step 98589 (time=10805.5), 0.0228081 s/step
on time step 98765 (time=10824.8), 0.0228038 s/step
on time step 98941 (time=10844.1), 0.0228244 s/step
on time step 99117 (time=10863.4), 0.0228373 s/step
on time step 99292 (time=10882.6), 0.0229269 s/step
on time step 99468 (time=10901.8), 0.0228099 s/step
on time step 99644 (time=10921.1), 0.0227959 s/step
Meep progress: 10938.344399725787/12165.257147216797 = 89.9% done in 3454.4s, 387.5s to go
on time step 99820 (time=10940.4), 0.0228369 s/step
on time step 99994 (time=10959.5), 0.0230491 s/step
on time step 100169 (time=10978.7), 0.022867 s/step
on time step 100345 (time=10998), 0.0228256 s/step
on time step 100520 (time=11017.1), 0.0229631 s/step
on time step 100696 (time=11036.4), 0.0228286 s/step
on time step 100871 (time=11055.6), 0.0228865 s/step
on time step 101047 (time=11074.9), 0.0228253 s/step
Meep progress: 11082.0320331968/12165.257147216797 = 91.1% done in 3484.4s, 340.6s to go
on time step 101223 (time=11094.2), 0.0228076 s/step
on time step 101399 (time=11113.5), 0.0228285 s/step
on time step 101575 (time=11132.8), 0.0228144 s/step
on time step 101751 (time=11152.1), 0.0228334 s/step
on time step 101926 (time=11171.2), 0.0228799 s/step
on time step 102102 (time=11190.5), 0.0228325 s/step
on time step 102278 (time=11209.8), 0.0228102 s/step
Meep progress: 11226.048471321064/12165.257147216797 = 92.3% done in 3514.4s, 294.0s to go
on time step 102454 (time=11229.1), 0.0227995 s/step
on time step 102628 (time=11248.2), 0.0230646 s/step
on time step 102804 (time=11267.5), 0.0228166 s/step
on time step 102980 (time=11286.8), 0.0228348 s/step
on time step 103155 (time=11305.9), 0.0229387 s/step
on time step 103331 (time=11325.2), 0.0228103 s/step
on time step 103506 (time=11344.4), 0.0228634 s/step
on time step 103682 (time=11363.7), 0.0228473 s/step
Meep progress: 11369.84570634316/12165.257147216797 = 93.5% done in 3544.4s, 248.0s to go
on time step 103858 (time=11383), 0.0228334 s/step
on time step 104034 (time=11402.3), 0.0228099 s/step
on time step 104210 (time=11421.6), 0.0228082 s/step
on time step 104386 (time=11440.9), 0.0228099 s/step
on time step 104561 (time=11460), 0.0228816 s/step
on time step 104737 (time=11479.3), 0.022839 s/step
on time step 104913 (time=11498.6), 0.0227918 s/step
Meep progress: 11513.97174601851/12165.257147216797 = 94.6% done in 3574.5s, 202.2s to go
on time step 105089 (time=11517.9), 0.0228372 s/step
on time step 105263 (time=11537), 0.0230488 s/step
on time step 105439 (time=11556.3), 0.0228358 s/step
on time step 105615 (time=11575.6), 0.0228202 s/step
on time step 105790 (time=11594.7), 0.0229135 s/step
on time step 105966 (time=11614), 0.0228414 s/step
on time step 106141 (time=11633.2), 0.0228733 s/step
on time step 106317 (time=11652.5), 0.0228341 s/step
Meep progress: 11657.768981040605/12165.257147216797 = 95.8% done in 3604.5s, 156.9s to go
on time step 106493 (time=11671.8), 0.0228211 s/step
on time step 106669 (time=11691.1), 0.0228136 s/step
on time step 106845 (time=11710.4), 0.0228203 s/step
on time step 107021 (time=11729.7), 0.0228482 s/step
on time step 107196 (time=11748.8), 0.0228681 s/step
on time step 107372 (time=11768.1), 0.0228333 s/step
on time step 107548 (time=11787.4), 0.0228135 s/step
Meep progress: 11801.78541916487/12165.257147216797 = 97.0% done in 3634.5s, 111.9s to go
on time step 107724 (time=11806.7), 0.0228586 s/step
on time step 107898 (time=11825.8), 0.0230769 s/step
on time step 108074 (time=11845.1), 0.0228226 s/step
on time step 108250 (time=11864.4), 0.0228252 s/step
on time step 108425 (time=11883.5), 0.0229389 s/step
on time step 108600 (time=11902.7), 0.0228622 s/step
on time step 108775 (time=11921.9), 0.0228689 s/step
on time step 108951 (time=11941.2), 0.0228474 s/step
Meep progress: 11945.473052635882/12165.257147216797 = 98.2% done in 3664.5s, 67.4s to go
on time step 109127 (time=11960.5), 0.022816 s/step
on time step 109303 (time=11979.8), 0.022842 s/step
on time step 109479 (time=11999.1), 0.0228127 s/step
on time step 109655 (time=12018.4), 0.0228268 s/step
on time step 109830 (time=12037.5), 0.0229046 s/step
on time step 110006 (time=12056.8), 0.0228201 s/step
on time step 110182 (time=12076.1), 0.0228065 s/step
Meep progress: 12089.489490760145/12165.257147216797 = 99.4% done in 3694.5s, 23.2s to go
on time step 110358 (time=12095.4), 0.0228253 s/step
on time step 110532 (time=12114.5), 0.0230843 s/step
on time step 110708 (time=12133.8), 0.022819 s/step
on time step 110884 (time=12153.1), 0.0228434 s/step
Warning: grid volume is not an integer number of pixels; cell size will be rounded to nearest pixel.
run 0 finished at t = 12165.333764110215 (110996 timesteps)
WD: ../data/2022-03-09/2D_500um_PAD-500_square/
AlreadyDir
-----------
Initializing structure...
Splitting into 32 chunks by voxels
time for choose_chunkdivision = 0.00495946 s
Working in 2D dimensions.
Computational cell is 1663.93 x 170.035 x 0 with resolution 6.45161
     block, center = (0,0,0)
          size (1e+20,1e+20,1e+20)
          axes (1,0,0), (0,1,0), (0,0,1)
          dielectric constant epsilon diagonal = (1,1,1)
     block, center = (0,-29.2,0)
          size (1e+20,66.6,1e+20)
          axes (1,0,0), (0,1,0), (0,0,1)
          dielectric constant epsilon diagonal = (2.0736,2.0736,2.0736)
     block, center = (0,0,0)
          size (1e+20,8.2,1e+20)
          axes (1,0,0), (0,1,0), (0,0,1)
          dielectric constant epsilon diagonal = (2.08803,2.08803,2.08803)
     prism, center = (-250,-23.75,0)
          height 1, axis (0,0,1), sidewall angle: 0 radians, 4 vertices:
          (-411,4.1,-0.5)
          (-89,4.1,-0.5)
          (-89,-51.6,-0.5)
          (-411,-51.6,-0.5)
          dielectric constant epsilon diagonal = (1,1,1)
     prism, center = (250,-23.75,0)
          height 1, axis (0,0,1), sidewall angle: 0 radians, 4 vertices:
          (89,4.1,-0.5)
          (411,4.1,-0.5)
          (411,-51.6,-0.5)
          (89,-51.6,-0.5)
          dielectric constant epsilon diagonal = (1,1,1)
time for set_epsilon = 1.84784 s
-----------
MPB solved for frequency_1(0.4,0,0) = 0.279228 after 17 iters
MPB solved for frequency_1(0.931295,0,0) = 0.645713 after 107 iters
MPB solved for frequency_1(0.930496,0,0) = 0.645161 after 4 iters
MPB solved for frequency_1(0.930496,0,0) = 0.645161 after 1 iters
Meep: using output directory '../data/2022-03-09/2D_500um_PAD-500_square/'


Actual Run


on time step 100 (time=10.9602), 0.0401577 s/step
on time step 277 (time=30.3596), 0.0226828 s/step
on time step 454 (time=49.7591), 0.0226654 s/step
on time step 631 (time=69.1586), 0.0226412 s/step
on time step 808 (time=88.5581), 0.0226662 s/step
on time step 985 (time=107.958), 0.0226882 s/step
on time step 1161 (time=127.247), 0.0227561 s/step
Meep progress: 136.56353265055793/24187.657147216796 = 0.6% done in 30.0s, 5284.6s to go
on time step 1338 (time=146.647), 0.022667 s/step
on time step 1515 (time=166.046), 0.0226832 s/step
on time step 1691 (time=185.336), 0.0227857 s/step
on time step 1864 (time=204.297), 0.0231748 s/step
on time step 2032 (time=222.71), 0.0238651 s/step
on time step 2193 (time=240.356), 0.0248594 s/step
on time step 2355 (time=258.112), 0.0248176 s/step
Meep progress: 272.5790575456963/24187.657147216796 = 1.1% done in 60.0s, 5265.8s to go
on time step 2492 (time=273.127), 0.0293662 s/step
on time step 2605 (time=285.512), 0.0356525 s/step
on time step 2709 (time=296.911), 0.0388172 s/step
on time step 2807 (time=307.652), 0.0411788 s/step
on time step 2902 (time=318.064), 0.042419 s/step
on time step 3001 (time=328.914), 0.0407031 s/step
on time step 3103 (time=340.094), 0.0393056 s/step
on time step 3188 (time=349.41), 0.0470942 s/step
Meep progress: 352.91699449020587/24187.657147216796 = 1.5% done in 90.1s, 6082.9s to go
on time step 3261 (time=357.411), 0.0556198 s/step
on time step 3326 (time=364.535), 0.062074 s/step
on time step 3389 (time=371.44), 0.0644408 s/step
on time step 3452 (time=378.345), 0.0638191 s/step
on time step 3517 (time=385.469), 0.0622446 s/step
on time step 3585 (time=392.922), 0.0595582 s/step
on time step 3659 (time=401.032), 0.0542227 s/step
Meep progress: 409.1425901962542/24187.657147216796 = 1.7% done in 120.1s, 6980.0s to go
on time step 3745 (time=410.458), 0.0468071 s/step
on time step 3821 (time=418.788), 0.0533723 s/step
on time step 3887 (time=426.021), 0.0612039 s/step
on time step 3949 (time=432.817), 0.0648943 s/step
on time step 4009 (time=439.393), 0.0670954 s/step
on time step 4066 (time=445.64), 0.0709906 s/step
on time step 4120 (time=451.558), 0.0741883 s/step
on time step 4173 (time=457.367), 0.0760307 s/step
Meep progress: 459.1208974905194/24187.657147216796 = 1.9% done in 150.1s, 7759.0s to go
on time step 4226 (time=463.176), 0.076447 s/step
on time step 4281 (time=469.204), 0.073893 s/step
on time step 4339 (time=475.561), 0.069124 s/step
on time step 4404 (time=482.685), 0.0622522 s/step
on time step 4476 (time=490.577), 0.0557438 s/step
on time step 4541 (time=497.701), 0.0617561 s/step
on time step 4599 (time=504.058), 0.0698937 s/step
Meep progress: 508.44159547828104/24187.657147216796 = 2.1% done in 180.2s, 8391.6s to go
on time step 4652 (time=509.866), 0.0765334 s/step
on time step 4701 (time=515.237), 0.0822449 s/step
on time step 4748 (time=520.388), 0.0864485 s/step
on time step 4794 (time=525.43), 0.0876593 s/step
on time step 4839 (time=530.362), 0.089492 s/step
on time step 4883 (time=535.184), 0.0913097 s/step
on time step 4927 (time=540.007), 0.0923043 s/step
on time step 4971 (time=544.829), 0.0912732 s/step
Meep progress: 545.815724397896/24187.657147216796 = 2.3% done in 210.3s, 9107.6s to go
on time step 5017 (time=549.871), 0.088118 s/step
on time step 5066 (time=555.241), 0.0829197 s/step
on time step 5118 (time=560.941), 0.0782852 s/step
on time step 5170 (time=566.64), 0.077403 s/step
on time step 5218 (time=571.901), 0.0844306 s/step
on time step 5262 (time=576.723), 0.0921459 s/step
on time step 5303 (time=581.217), 0.098423 s/step
Meep progress: 583.8474626240145/24187.657147216796 = 2.4% done in 240.3s, 9713.7s to go
on time step 5342 (time=585.491), 0.103467 s/step
on time step 5379 (time=589.547), 0.108701 s/step
on time step 5415 (time=593.492), 0.11326 s/step
on time step 5450 (time=597.328), 0.116933 s/step
on time step 5484 (time=601.055), 0.120257 s/step
on time step 5517 (time=604.672), 0.123311 s/step
on time step 5549 (time=608.179), 0.126132 s/step
Meep progress: 611.6862565993289/24187.657147216796 = 2.5% done in 270.3s, 10419.7s to go
on time step 5581 (time=611.686), 0.128361 s/step
on time step 5612 (time=615.084), 0.130256 s/step
on time step 5643 (time=618.482), 0.129844 s/step
on time step 5675 (time=621.989), 0.126648 s/step
on time step 5708 (time=625.606), 0.122023 s/step
on time step 5743 (time=629.442), 0.117015 s/step
on time step 5779 (time=633.387), 0.112236 s/step
on time step 5817 (time=637.552), 0.107583 s/step
Meep progress: 639.3058474724754/24187.657147216796 = 2.6% done in 300.4s, 11063.9s to go
on time step 5857 (time=641.936), 0.102022 s/step
on time step 5899 (time=646.54), 0.0966701 s/step
on time step 5942 (time=651.252), 0.0946709 s/step
on time step 5983 (time=655.746), 0.0987336 s/step
on time step 6022 (time=660.021), 0.103561 s/step
on time step 6060 (time=664.185), 0.10783 s/step
