Warning: grid volume is not an integer number of pixels; cell size will be rounded to nearest pixel.
Using MPI version 3.1, 32 processes
Argument List: ['../SidePolishModel/twoDsolve.py', '500', '2D_500um_PAD-500']
Whole Sim Walltime: 4.76837158203125e-07 s
WD: ../data/2022-03-09/2D_500um_PAD-500/
AlreadyDir
-----------
Initializing structure...
Splitting into 32 chunks by voxels
time for choose_chunkdivision = 0.00553332 s
Working in 2D dimensions.
Computational cell is 1663.93 x 170.035 x 0 with resolution 6.45161
     block, center = (0,0,0)
          size (1e+20,1e+20,1e+20)
          axes (1,0,0), (0,1,0), (0,0,1)
          dielectric constant epsilon diagonal = (1,1,1)
     block, center = (0,-29.2,0)
          size (1e+20,66.6,1e+20)
          axes (1,0,0), (0,1,0), (0,0,1)
          dielectric constant epsilon diagonal = (2.0736,2.0736,2.0736)
     block, center = (0,0,0)
          size (1e+20,8.2,1e+20)
          axes (1,0,0), (0,1,0), (0,0,1)
          dielectric constant epsilon diagonal = (2.08803,2.08803,2.08803)
time for set_epsilon = 0.374853 s
-----------
MPB solved for frequency_1(0.4,0,0) = 0.279228 after 17 iters
MPB solved for frequency_1(0.931295,0,0) = 0.645713 after 107 iters
MPB solved for frequency_1(0.930496,0,0) = 0.645161 after 4 iters
MPB solved for frequency_1(0.930496,0,0) = 0.645161 after 1 iters
Meep: using output directory '../data/2022-03-09/2D_500um_PAD-500/'


Normalisation Run


on time step 95 (time=10.4121), 0.042187 s/step
on time step 270 (time=29.5924), 0.0229437 s/step
on time step 445 (time=48.7727), 0.0229664 s/step
on time step 621 (time=68.0626), 0.0227476 s/step
on time step 797 (time=87.3524), 0.0228397 s/step
on time step 973 (time=106.642), 0.0227553 s/step
on time step 1150 (time=126.042), 0.0226529 s/step
Meep progress: 135.24831403755095/12165.257147216797 = 1.1% done in 30.0s, 2669.7s to go
on time step 1325 (time=145.222), 0.0229815 s/step
on time step 1501 (time=164.512), 0.0227868 s/step
on time step 1673 (time=183.363), 0.0233139 s/step
on time step 1838 (time=201.448), 0.0243659 s/step
on time step 1990 (time=218.107), 0.0264485 s/step
on time step 2130 (time=233.451), 0.0286117 s/step
on time step 2266 (time=248.357), 0.0295751 s/step
Meep progress: 262.27651174380827/12165.257147216797 = 2.2% done in 60.0s, 2724.5s to go
on time step 2399 (time=262.934), 0.0303163 s/step
on time step 2506 (time=274.661), 0.0375727 s/step
on time step 2600 (time=284.964), 0.0429212 s/step
on time step 2687 (time=294.499), 0.0460603 s/step
on time step 2770 (time=303.596), 0.0485353 s/step
on time step 2850 (time=312.364), 0.0502445 s/step
on time step 2929 (time=321.023), 0.0507251 s/step
on time step 3011 (time=330.01), 0.0492627 s/step
Meep progress: 333.62712149943684/12165.257147216797 = 2.7% done in 90.1s, 3193.9s to go
on time step 3089 (time=338.559), 0.0514126 s/step
on time step 3163 (time=346.67), 0.0542219 s/step
on time step 3232 (time=354.232), 0.0583846 s/step
on time step 3294 (time=361.028), 0.0654254 s/step
on time step 3350 (time=367.165), 0.0723089 s/step
on time step 3404 (time=373.084), 0.0753411 s/step
on time step 3456 (time=378.783), 0.0770436 s/step
Meep progress: 383.60542879370206/12165.257147216797 = 3.2% done in 120.1s, 3687.5s to go
on time step 3508 (time=384.482), 0.078183 s/step
on time step 3559 (time=390.072), 0.0787581 s/step
on time step 3611 (time=395.771), 0.0780143 s/step
on time step 3665 (time=401.69), 0.0751429 s/step
on time step 3723 (time=408.047), 0.0699299 s/step
on time step 3782 (time=414.513), 0.0684212 s/step
on time step 3835 (time=420.322), 0.0760009 s/step
on time step 3884 (time=425.692), 0.0818815 s/step
Meep progress: 427.22684612510017/12165.257147216797 = 3.5% done in 150.1s, 4125.0s to go
on time step 3932 (time=430.953), 0.0844911 s/step
on time step 3980 (time=436.214), 0.0850759 s/step
on time step 4027 (time=441.365), 0.085234 s/step
on time step 4073 (time=446.407), 0.0888843 s/step
on time step 4116 (time=451.12), 0.0947177 s/step
on time step 4157 (time=455.614), 0.0999981 s/step
on time step 4196 (time=459.888), 0.104743 s/step
Meep progress: 462.73774867628856/12165.257147216797 = 3.8% done in 180.2s, 4558.1s to go
on time step 4234 (time=464.053), 0.107038 s/step
on time step 4272 (time=468.218), 0.107184 s/step
on time step 4310 (time=472.383), 0.10583 s/step
on time step 4349 (time=476.657), 0.102822 s/step
on time step 4390 (time=481.151), 0.0987575 s/step
on time step 4433 (time=485.864), 0.094386 s/step
on time step 4479 (time=490.905), 0.0884487 s/step
on time step 4527 (time=496.166), 0.084435 s/step
Meep progress: 496.71422951230215/12165.257147216797 = 4.1% done in 210.3s, 4940.0s to go
on time step 4572 (time=501.098), 0.0891457 s/step
on time step 4614 (time=505.702), 0.0956945 s/step
on time step 4654 (time=510.086), 0.100912 s/step
on time step 4692 (time=514.25), 0.105662 s/step
on time step 4729 (time=518.306), 0.109636 s/step
on time step 4766 (time=522.361), 0.111355 s/step
on time step 4803 (time=526.416), 0.110369 s/step
Meep progress: 528.6082808777214/12165.257147216797 = 4.3% done in 240.4s, 5291.8s to go
on time step 4840 (time=530.472), 0.109029 s/step
on time step 4876 (time=534.417), 0.112283 s/step
on time step 4911 (time=538.253), 0.116551 s/step
on time step 4945 (time=541.98), 0.119899 s/step
on time step 4978 (time=545.597), 0.122118 s/step
on time step 5011 (time=549.213), 0.123149 s/step
on time step 5044 (time=552.83), 0.122932 s/step
Meep progress: 556.227871750868/12165.257147216797 = 4.6% done in 270.4s, 5643.3s to go
on time step 5077 (time=556.447), 0.122452 s/step
on time step 5111 (time=560.174), 0.121004 s/step
on time step 5146 (time=564.01), 0.11746 s/step
on time step 5182 (time=567.955), 0.113186 s/step
on time step 5219 (time=572.01), 0.108424 s/step
on time step 5258 (time=576.285), 0.103884 s/step
on time step 5298 (time=580.669), 0.101389 s/step
on time step 5337 (time=584.943), 0.103194 s/step
Meep progress: 586.3682982989445/12165.257147216797 = 4.8% done in 300.5s, 5933.1s to go
on time step 5375 (time=589.108), 0.107429 s/step
on time step 5411 (time=593.054), 0.111296 s/step
on time step 5446 (time=596.89), 0.115004 s/step
on time step 5480 (time=600.616), 0.118406 s/step
on time step 5513 (time=604.233), 0.12145 s/step
on time step 5546 (time=607.85), 0.12415 s/step
on time step 5578 (time=611.357), 0.126514 s/step
Meep progress: 614.097490723175/12165.257147216797 = 5.0% done in 330.6s, 6218.3s to go
on time step 5610 (time=614.865), 0.128517 s/step
on time step 5642 (time=618.372), 0.128389 s/step
on time step 5674 (time=621.879), 0.127173 s/step
on time step 5706 (time=625.386), 0.128208 s/step
on time step 5738 (time=628.894), 0.128858 s/step
on time step 5769 (time=632.291), 0.12908 s/step
on time step 5800 (time=635.689), 0.129535 s/step
on time step 5832 (time=639.196), 0.128279 s/step
Meep progress: 639.7442536768111/12165.257147216797 = 5.3% done in 360.7s, 6497.6s to go
on time step 5864 (time=642.703), 0.127519 s/step
on time step 5896 (time=646.211), 0.126576 s/step
on time step 5928 (time=649.718), 0.125487 s/step
on time step 5961 (time=653.335), 0.124217 s/step
on time step 5994 (time=656.952), 0.122776 s/step
on time step 6028 (time=660.678), 0.11969 s/step
on time step 6063 (time=664.514), 0.116497 s/step
Meep progress: 666.7062352434541/12165.257147216797 = 5.5% done in 390.8s, 6739.3s to go
on time step 6098 (time=668.35), 0.114691 s/step
on time step 6133 (time=672.186), 0.117153 s/step
on time step 6167 (time=675.913), 0.119987 s/step
on time step 6200 (time=679.53), 0.122561 s/step
on time step 6232 (time=683.037), 0.12507 s/step
on time step 6264 (time=686.544), 0.127663 s/step
on time step 6295 (time=689.942), 0.129085 s/step
Meep progress: 693.3394121568455/12165.257147216797 = 5.7% done in 420.8s, 6963.0s to go
on time step 6326 (time=693.339), 0.130073 s/step
on time step 6357 (time=696.737), 0.130342 s/step
on time step 6388 (time=700.135), 0.130367 s/step
on time step 6419 (time=703.532), 0.130392 s/step
on time step 6450 (time=706.93), 0.130411 s/step
on time step 6481 (time=710.328), 0.130548 s/step
on time step 6512 (time=713.725), 0.13057 s/step
on time step 6543 (time=717.123), 0.130592 s/step
Meep progress: 718.5477689061458/12165.257147216797 = 5.9% done in 450.8s, 7182.1s to go
on time step 6574 (time=720.521), 0.130656 s/step
on time step 6605 (time=723.918), 0.130464 s/step
on time step 6636 (time=727.316), 0.130188 s/step
on time step 6667 (time=730.714), 0.129793 s/step
on time step 6698 (time=734.111), 0.129271 s/step
on time step 6730 (time=737.618), 0.128964 s/step
on time step 6762 (time=741.126), 0.127863 s/step
Meep progress: 744.0849303086981/12165.257147216797 = 6.1% done in 481.0s, 7382.3s to go
on time step 6794 (time=744.633), 0.126817 s/step
on time step 6826 (time=748.14), 0.125897 s/step
on time step 6858 (time=751.647), 0.125522 s/step
on time step 6890 (time=755.155), 0.125364 s/step
on time step 6922 (time=758.662), 0.126945 s/step
on time step 6954 (time=762.169), 0.128616 s/step
on time step 6985 (time=765.567), 0.129876 s/step
on time step 7016 (time=768.964), 0.130407 s/step
Meep progress: 769.9508963645019/12165.257147216797 = 6.3% done in 511.1s, 7563.9s to go
on time step 7047 (time=772.362), 0.130479 s/step
on time step 7078 (time=775.76), 0.130502 s/step
on time step 7109 (time=779.157), 0.130511 s/step
on time step 7140 (time=782.555), 0.130516 s/step
on time step 7171 (time=785.953), 0.130519 s/step
on time step 7202 (time=789.35), 0.131288 s/step
on time step 7233 (time=792.748), 0.130534 s/step
Meep progress: 795.1592531138024/12165.257147216797 = 6.5% done in 541.1s, 7737.5s to go
on time step 7264 (time=796.146), 0.130542 s/step
on time step 7295 (time=799.543), 0.130538 s/step
on time step 7326 (time=802.941), 0.130545 s/step
on time step 7357 (time=806.339), 0.130562 s/step
on time step 7388 (time=809.736), 0.130597 s/step
on time step 7419 (time=813.134), 0.130539 s/step
on time step 7450 (time=816.532), 0.130428 s/step
on time step 7481 (time=819.929), 0.130379 s/step
Meep progress: 820.3676098631028/12165.257147216797 = 6.7% done in 571.1s, 7898.3s to go
on time step 7512 (time=823.327), 0.130248 s/step
on time step 7543 (time=826.724), 0.12996 s/step
on time step 7574 (time=830.122), 0.129569 s/step
on time step 7605 (time=833.52), 0.129282 s/step
on time step 7636 (time=836.917), 0.129321 s/step
on time step 7667 (time=840.315), 0.13127 s/step
on time step 7698 (time=843.713), 0.130336 s/step
Meep progress: 845.6855681634871/12165.257147216797 = 7.0% done in 601.2s, 8046.8s to go
on time step 7729 (time=847.11), 0.130351 s/step
on time step 7760 (time=850.508), 0.130358 s/step
on time step 7791 (time=853.906), 0.130375 s/step
on time step 7822 (time=857.303), 0.130413 s/step
on time step 7853 (time=860.701), 0.130501 s/step
on time step 7884 (time=864.099), 0.130573 s/step
on time step 7915 (time=867.496), 0.130596 s/step
Meep progress: 870.8939249127875/12165.257147216797 = 7.2% done in 631.2s, 8185.7s to go
on time step 7946 (time=870.894), 0.130629 s/step
on time step 7977 (time=874.292), 0.130639 s/step
on time step 8008 (time=877.689), 0.130662 s/step
on time step 8039 (time=881.087), 0.130634 s/step
on time step 8070 (time=884.485), 0.13067 s/step
on time step 8101 (time=887.882), 0.130658 s/step
on time step 8132 (time=891.28), 0.131543 s/step
on time step 8163 (time=894.677), 0.130644 s/step
Meep progress: 896.102281662088/12165.257147216797 = 7.4% done in 661.3s, 8316.0s to go
on time step 8194 (time=898.075), 0.130651 s/step
on time step 8225 (time=901.473), 0.130643 s/step
on time step 8256 (time=904.87), 0.130646 s/step
on time step 8287 (time=908.268), 0.13064 s/step
on time step 8318 (time=911.666), 0.130809 s/step
on time step 8349 (time=915.063), 0.130652 s/step
on time step 8380 (time=918.461), 0.130635 s/step
Meep progress: 921.3106384113884/12165.257147216797 = 7.6% done in 691.3s, 8437.2s to go
on time step 8411 (time=921.859), 0.130571 s/step
on time step 8442 (time=925.256), 0.130455 s/step
on time step 8473 (time=928.654), 0.130478 s/step
on time step 8504 (time=932.052), 0.1305 s/step
on time step 8535 (time=935.449), 0.130532 s/step
on time step 8566 (time=938.847), 0.130628 s/step
on time step 8597 (time=942.245), 0.131221 s/step
on time step 8628 (time=945.642), 0.130638 s/step
Meep progress: 946.5189951606887/12165.257147216797 = 7.8% done in 721.4s, 8550.2s to go
on time step 8659 (time=949.04), 0.130654 s/step
on time step 8690 (time=952.437), 0.130705 s/step
on time step 8721 (time=955.835), 0.130744 s/step
on time step 8752 (time=959.233), 0.130781 s/step
on time step 8783 (time=962.63), 0.1311 s/step
on time step 8814 (time=966.028), 0.130794 s/step
on time step 8845 (time=969.426), 0.130777 s/step
Meep progress: 971.7273519099892/12165.257147216797 = 8.0% done in 751.5s, 8656.3s to go
on time step 8876 (time=972.823), 0.130786 s/step
on time step 8907 (time=976.221), 0.130786 s/step
on time step 8938 (time=979.619), 0.130779 s/step
on time step 8969 (time=983.016), 0.130788 s/step
on time step 9000 (time=986.414), 0.13076 s/step
on time step 9031 (time=989.812), 0.130782 s/step
on time step 9062 (time=993.209), 0.131649 s/step
on time step 9093 (time=996.607), 0.130793 s/step
Meep progress: 996.9357086592896/12165.257147216797 = 8.2% done in 781.6s, 8755.8s to go
on time step 9124 (time=1000), 0.130813 s/step
on time step 9155 (time=1003.4), 0.130797 s/step
on time step 9186 (time=1006.8), 0.130811 s/step
on time step 9217 (time=1010.2), 0.13083 s/step
on time step 9248 (time=1013.6), 0.131577 s/step
on time step 9279 (time=1016.99), 0.130823 s/step
on time step 9310 (time=1020.39), 0.130762 s/step
Meep progress: 1022.14406540859/12165.257147216797 = 8.4% done in 811.7s, 8848.9s to go
on time step 9341 (time=1023.79), 0.130728 s/step
on time step 9372 (time=1027.19), 0.1306 s/step
on time step 9403 (time=1030.58), 0.130616 s/step
on time step 9434 (time=1033.98), 0.130609 s/step
on time step 9465 (time=1037.38), 0.130586 s/step
on time step 9496 (time=1040.78), 0.130618 s/step
on time step 9527 (time=1044.17), 0.130961 s/step
Meep progress: 1047.3524221578905/12165.257147216797 = 8.6% done in 841.8s, 8935.4s to go
on time step 9558 (time=1047.57), 0.130619 s/step
on time step 9589 (time=1050.97), 0.130618 s/step
on time step 9620 (time=1054.37), 0.13061 s/step
on time step 9651 (time=1057.76), 0.130597 s/step
on time step 9682 (time=1061.16), 0.130636 s/step
on time step 9713 (time=1064.56), 0.131561 s/step
on time step 9744 (time=1067.96), 0.130681 s/step
on time step 9775 (time=1071.36), 0.130641 s/step
Meep progress: 1072.560778907191/12165.257147216797 = 8.8% done in 871.8s, 9016.7s to go
on time step 9806 (time=1074.75), 0.130623 s/step
on time step 9837 (time=1078.15), 0.130617 s/step
on time step 9868 (time=1081.55), 0.130636 s/step
on time step 9899 (time=1084.95), 0.130635 s/step
on time step 9930 (time=1088.34), 0.130639 s/step
on time step 9961 (time=1091.74), 0.130752 s/step
on time step 9992 (time=1095.14), 0.13062 s/step
Meep progress: 1097.7691356564912/12165.257147216797 = 9.0% done in 901.9s, 9092.7s to go
on time step 10023 (time=1098.54), 0.130642 s/step
on time step 10054 (time=1101.93), 0.13066 s/step
on time step 10085 (time=1105.33), 0.130637 s/step
on time step 10116 (time=1108.73), 0.130648 s/step
on time step 10147 (time=1112.13), 0.130673 s/step
on time step 10178 (time=1115.52), 0.13156 s/step
on time step 10209 (time=1118.92), 0.130722 s/step
on time step 10240 (time=1122.32), 0.130597 s/step
Meep progress: 1122.9774924057917/12165.257147216797 = 9.2% done in 932.0s, 9164.1s to go
on time step 10271 (time=1125.72), 0.130578 s/step
on time step 10302 (time=1129.12), 0.130556 s/step
on time step 10333 (time=1132.51), 0.13057 s/step
on time step 10364 (time=1135.91), 0.130554 s/step
on time step 10395 (time=1139.31), 0.130548 s/step
on time step 10426 (time=1142.71), 0.130648 s/step
on time step 10457 (time=1146.1), 0.130524 s/step
Meep progress: 1148.1858491550922/12165.257147216797 = 9.4% done in 962.0s, 9230.7s to go
on time step 10488 (time=1149.5), 0.130538 s/step
on time step 10519 (time=1152.9), 0.130534 s/step
on time step 10550 (time=1156.3), 0.130524 s/step
on time step 10581 (time=1159.69), 0.130515 s/step
on time step 10612 (time=1163.09), 0.131904 s/step
on time step 10642 (time=1166.38), 0.13466 s/step
on time step 10672 (time=1169.67), 0.137359 s/step
Meep progress: 1172.846198148973/12165.257147216797 = 9.6% done in 992.0s, 9297.8s to go
on time step 10701 (time=1172.85), 0.140136 s/step
on time step 10730 (time=1176.02), 0.142803 s/step
on time step 10758 (time=1179.09), 0.145241 s/step
on time step 10786 (time=1182.16), 0.147804 s/step
on time step 10813 (time=1185.12), 0.150942 s/step
on time step 10839 (time=1187.97), 0.154766 s/step
on time step 10865 (time=1190.82), 0.158386 s/step
on time step 10890 (time=1193.56), 0.161784 s/step
Meep progress: 1194.5473052635882/12165.257147216797 = 9.8% done in 1022.1s, 9387.2s to go
on time step 10915 (time=1196.3), 0.165033 s/step
on time step 10939 (time=1198.93), 0.168123 s/step
on time step 10963 (time=1201.56), 0.171038 s/step
on time step 10987 (time=1204.19), 0.173622 s/step
on time step 11010 (time=1206.71), 0.175855 s/step
on time step 11033 (time=1209.23), 0.175717 s/step
on time step 11056 (time=1211.75), 0.175755 s/step
Meep progress: 1213.6179751521893/12165.257147216797 = 10.0% done in 1052.2s, 9495.1s to go
on time step 11079 (time=1214.28), 0.175901 s/step
on time step 11102 (time=1216.8), 0.175876 s/step
on time step 11125 (time=1219.32), 0.176006 s/step
on time step 11148 (time=1221.84), 0.175881 s/step
on time step 11171 (time=1224.36), 0.175706 s/step
on time step 11194 (time=1226.88), 0.175813 s/step
on time step 11217 (time=1229.4), 0.175759 s/step
on time step 11240 (time=1231.92), 0.175762 s/step
Meep progress: 1232.3598403875387/12165.257147216797 = 10.1% done in 1082.3s, 9601.5s to go
on time step 11263 (time=1234.44), 0.175763 s/step
on time step 11286 (time=1236.96), 0.175749 s/step
on time step 11309 (time=1239.48), 0.175698 s/step
on time step 11332 (time=1242), 0.175595 s/step
on time step 11355 (time=1244.53), 0.176732 s/step
on time step 11378 (time=1247.05), 0.175838 s/step
on time step 11401 (time=1249.57), 0.175815 s/step
Meep progress: 1251.1017056228882/12165.257147216797 = 10.3% done in 1112.4s, 9703.8s to go
on time step 11424 (time=1252.09), 0.175774 s/step
on time step 11447 (time=1254.61), 0.175623 s/step
on time step 11470 (time=1257.13), 0.17564 s/step
on time step 11493 (time=1259.65), 0.175677 s/step
on time step 11516 (time=1262.17), 0.175606 s/step
on time step 11539 (time=1264.69), 0.175595 s/step
on time step 11562 (time=1267.21), 0.17566 s/step
on time step 11585 (time=1269.73), 0.175731 s/step
Meep progress: 1269.8435708582376/12165.257147216797 = 10.4% done in 1142.4s, 9802.0s to go
on time step 11608 (time=1272.25), 0.175698 s/step
on time step 11631 (time=1274.78), 0.175565 s/step
on time step 11654 (time=1277.3), 0.175617 s/step
on time step 11677 (time=1279.82), 0.175584 s/step
on time step 11700 (time=1282.34), 0.176425 s/step
on time step 11723 (time=1284.86), 0.175724 s/step
on time step 11746 (time=1287.38), 0.175799 s/step
Meep progress: 1288.585436093587/12165.257147216797 = 10.6% done in 1172.5s, 9896.5s to go
on time step 11769 (time=1289.9), 0.175795 s/step
on time step 11792 (time=1292.42), 0.175395 s/step
on time step 11815 (time=1294.94), 0.174951 s/step
on time step 11838 (time=1297.46), 0.174646 s/step
on time step 11861 (time=1299.98), 0.174626 s/step
on time step 11884 (time=1302.5), 0.174782 s/step
on time step 11907 (time=1305.03), 0.174749 s/step
Meep progress: 1307.4369028800204/12165.257147216797 = 10.7% done in 1202.6s, 9986.8s to go
on time step 11930 (time=1307.55), 0.174691 s/step
on time step 11953 (time=1310.07), 0.174846 s/step
on time step 11976 (time=1312.59), 0.175045 s/step
on time step 11999 (time=1315.11), 0.17499 s/step
on time step 12022 (time=1317.63), 0.175163 s/step
on time step 12045 (time=1320.15), 0.17624 s/step
on time step 12068 (time=1322.67), 0.175464 s/step
on time step 12091 (time=1325.19), 0.175565 s/step
Meep progress: 1326.2883696664537/12165.257147216797 = 10.9% done in 1232.7s, 10074.3s to go
on time step 12114 (time=1327.71), 0.175671 s/step
on time step 12137 (time=1330.23), 0.175799 s/step
on time step 12160 (time=1332.75), 0.175948 s/step
on time step 12183 (time=1335.28), 0.176103 s/step
on time step 12206 (time=1337.8), 0.176274 s/step
on time step 12229 (time=1340.32), 0.176502 s/step
on time step 12252 (time=1342.84), 0.176661 s/step
Meep progress: 1345.0302349018032/12165.257147216797 = 11.1% done in 1262.9s, 10159.2s to go
on time step 12275 (time=1345.36), 0.176599 s/step
on time step 12298 (time=1347.88), 0.176633 s/step
on time step 12321 (time=1350.4), 0.176919 s/step
on time step 12344 (time=1352.92), 0.176888 s/step
on time step 12367 (time=1355.44), 0.177849 s/step
on time step 12390 (time=1357.96), 0.177145 s/step
on time step 12413 (time=1360.48), 0.177084 s/step
on time step 12436 (time=1363), 0.177037 s/step
Meep progress: 1363.6624985860688/12165.257147216797 = 11.2% done in 1293.0s, 10241.6s to go
on time step 12459 (time=1365.53), 0.177069 s/step
on time step 12482 (time=1368.05), 0.177081 s/step
on time step 12505 (time=1370.57), 0.177112 s/step
on time step 12528 (time=1373.09), 0.177099 s/step
on time step 12551 (time=1375.61), 0.177133 s/step
on time step 12574 (time=1378.13), 0.177228 s/step
on time step 12597 (time=1380.65), 0.177213 s/step
Meep progress: 1382.2947622703343/12165.257147216797 = 11.4% done in 1323.1s, 10321.1s to go
on time step 12620 (time=1383.17), 0.17726 s/step
on time step 12643 (time=1385.69), 0.177258 s/step
on time step 12666 (time=1388.21), 0.177243 s/step
on time step 12689 (time=1390.73), 0.177264 s/step
on time step 12712 (time=1393.25), 0.178154 s/step
on time step 12735 (time=1395.78), 0.17743 s/step
on time step 12758 (time=1398.3), 0.177296 s/step
on time step 12781 (time=1400.82), 0.177292 s/step
Meep progress: 1400.9270259546/12165.257147216797 = 11.5% done in 1353.3s, 10398.0s to go
on time step 12804 (time=1403.34), 0.177309 s/step
on time step 12827 (time=1405.86), 0.177283 s/step
on time step 12850 (time=1408.38), 0.177275 s/step
on time step 12873 (time=1410.9), 0.177253 s/step
on time step 12896 (time=1413.42), 0.177265 s/step
on time step 12919 (time=1415.94), 0.176805 s/step
on time step 12942 (time=1418.46), 0.176228 s/step
Meep progress: 1419.5592896388653/12165.257147216797 = 11.7% done in 1383.4s, 10471.6s to go
on time step 12965 (time=1420.98), 0.176214 s/step
on time step 12988 (time=1423.5), 0.176132 s/step
on time step 13011 (time=1426.03), 0.175993 s/step
on time step 13034 (time=1428.55), 0.175768 s/step
on time step 13057 (time=1431.07), 0.176112 s/step
on time step 13080 (time=1433.59), 0.175156 s/step
on time step 13103 (time=1436.11), 0.174693 s/step
Meep progress: 1438.3011548742147/12165.257147216797 = 11.8% done in 1413.4s, 10541.1s to go
on time step 13126 (time=1438.63), 0.17427 s/step
on time step 13150 (time=1441.26), 0.173642 s/step
on time step 13174 (time=1443.89), 0.172994 s/step
on time step 13198 (time=1446.52), 0.172245 s/step
on time step 13222 (time=1449.15), 0.171431 s/step
on time step 13246 (time=1451.78), 0.170741 s/step
on time step 13270 (time=1454.41), 0.169575 s/step
on time step 13294 (time=1457.04), 0.168581 s/step
Meep progress: 1457.5910278649837/12165.257147216797 = 12.0% done in 1443.5s, 10604.3s to go
on time step 13318 (time=1459.67), 0.166806 s/step
on time step 13343 (time=1462.41), 0.164068 s/step
on time step 13368 (time=1465.15), 0.161097 s/step
on time step 13394 (time=1468), 0.157946 s/step
on time step 13420 (time=1470.85), 0.155172 s/step
on time step 13447 (time=1473.81), 0.151035 s/step
on time step 13475 (time=1476.88), 0.147336 s/step
Meep progress: 1478.7441272241795/12165.257147216797 = 12.2% done in 1473.6s, 10649.5s to go
on time step 13503 (time=1479.95), 0.143616 s/step
on time step 13532 (time=1483.13), 0.139827 s/step
on time step 13562 (time=1486.42), 0.1359 s/step
on time step 13593 (time=1489.81), 0.131841 s/step
on time step 13625 (time=1493.32), 0.127645 s/step
on time step 13658 (time=1496.94), 0.123343 s/step
on time step 13692 (time=1500.66), 0.118564 s/step
Meep progress: 1504.8292963821511/12165.257147216797 = 12.4% done in 1503.7s, 10652.1s to go
on time step 13730 (time=1504.83), 0.106579 s/step
on time step 13773 (time=1509.54), 0.0931708 s/step
on time step 13820 (time=1514.69), 0.0864894 s/step
on time step 13871 (time=1520.28), 0.0790122 s/step
on time step 13928 (time=1526.53), 0.0704019 s/step
on time step 13995 (time=1533.87), 0.0602589 s/step
on time step 14077 (time=1542.86), 0.0491264 s/step
on time step 14195 (time=1555.79), 0.0340985 s/step
Meep progress: 1564.342938620717/12165.257147216797 = 12.9% done in 1533.7s, 10393.0s to go
on time step 14371 (time=1575.08), 0.0227982 s/step
on time step 14549 (time=1594.59), 0.0225976 s/step
on time step 14726 (time=1613.99), 0.0226018 s/step
on time step 14903 (time=1633.39), 0.0225996 s/step
on time step 15081 (time=1652.9), 0.0225953 s/step
on time step 15255 (time=1671.97), 0.0230235 s/step
on time step 15433 (time=1691.48), 0.0225942 s/step
Meep progress: 1709.4553922558202/12165.257147216797 = 14.1% done in 1563.7s, 9564.0s to go
on time step 15610 (time=1710.88), 0.0226003 s/step
on time step 15788 (time=1730.39), 0.0225952 s/step
on time step 15965 (time=1749.79), 0.0226009 s/step
on time step 16143 (time=1769.3), 0.0225948 s/step
on time step 16318 (time=1788.48), 0.0228794 s/step
on time step 16495 (time=1807.88), 0.0227046 s/step
on time step 16672 (time=1827.28), 0.0226673 s/step
on time step 16850 (time=1846.79), 0.0225929 s/step
Meep progress: 1854.5678458909235/12165.257147216797 = 15.2% done in 1593.7s, 8860.2s to go
on time step 17027 (time=1866.19), 0.0226016 s/step
on time step 17205 (time=1885.69), 0.0225963 s/step
on time step 17383 (time=1905.2), 0.0225959 s/step
on time step 17561 (time=1924.71), 0.022592 s/step
on time step 17739 (time=1944.22), 0.0225949 s/step
on time step 17913 (time=1963.29), 0.0230242 s/step
on time step 18091 (time=1982.8), 0.0225964 s/step
Meep progress: 1999.7899010771107/12165.257147216797 = 16.4% done in 1623.7s, 8253.6s to go
on time step 18269 (time=2002.31), 0.0225984 s/step
on time step 18447 (time=2021.82), 0.0225967 s/step
on time step 18625 (time=2041.33), 0.0225955 s/step
on time step 18803 (time=2060.84), 0.0225985 s/step
on time step 18978 (time=2080.02), 0.0229172 s/step
on time step 19155 (time=2099.42), 0.0227001 s/step
on time step 19332 (time=2118.82), 0.0226621 s/step
on time step 19509 (time=2138.22), 0.0225991 s/step
Meep progress: 2144.9023547122138/12165.257147216797 = 17.6% done in 1653.7s, 7725.6s to go
on time step 19687 (time=2157.73), 0.0225993 s/step
on time step 19865 (time=2177.23), 0.0225958 s/step
on time step 20043 (time=2196.74), 0.0225985 s/step
on time step 20221 (time=2216.25), 0.0225931 s/step
on time step 20398 (time=2235.65), 0.0226734 s/step
on time step 20573 (time=2254.83), 0.022929 s/step
on time step 20750 (time=2274.23), 0.0226016 s/step
Meep progress: 2290.124409898401/12165.257147216797 = 18.8% done in 1683.7s, 7260.3s to go
on time step 20928 (time=2293.74), 0.0225912 s/step
on time step 21106 (time=2313.25), 0.0225913 s/step
on time step 21284 (time=2332.76), 0.0225978 s/step
on time step 21461 (time=2352.16), 0.0226019 s/step
on time step 21636 (time=2371.34), 0.022929 s/step
on time step 21813 (time=2390.74), 0.0226725 s/step
on time step 21990 (time=2410.14), 0.0226596 s/step
on time step 22168 (time=2429.65), 0.022593 s/step
Meep progress: 2435.236863533504/12165.257147216797 = 20.0% done in 1713.7s, 6847.2s to go
on time step 22345 (time=2449.05), 0.0226073 s/step
on time step 22523 (time=2468.56), 0.0225908 s/step
on time step 22701 (time=2488.06), 0.0225975 s/step
on time step 22879 (time=2507.57), 0.0225985 s/step
on time step 23056 (time=2526.97), 0.0226614 s/step
on time step 23231 (time=2546.15), 0.0229217 s/step
on time step 23409 (time=2565.66), 0.0225979 s/step
Meep progress: 2580.4589187196916/12165.257147216797 = 21.2% done in 1743.7s, 6476.9s to go
on time step 23586 (time=2585.06), 0.0226033 s/step
on time step 23764 (time=2604.57), 0.0225937 s/step
on time step 23942 (time=2624.08), 0.0225931 s/step
on time step 24119 (time=2643.48), 0.0226007 s/step
on time step 24293 (time=2662.55), 0.0229903 s/step
on time step 24470 (time=2681.95), 0.0226629 s/step
on time step 24647 (time=2701.35), 0.022634 s/step
on time step 24825 (time=2720.86), 0.0225939 s/step
Meep progress: 2725.5713723547947/12165.257147216797 = 22.4% done in 1773.7s, 6143.2s to go
on time step 25002 (time=2740.26), 0.0226089 s/step
on time step 25180 (time=2759.77), 0.0225923 s/step
on time step 25357 (time=2779.17), 0.0225998 s/step
on time step 25535 (time=2798.68), 0.0225979 s/step
on time step 25712 (time=2818.08), 0.0226523 s/step
on time step 25887 (time=2837.26), 0.0228897 s/step
on time step 26065 (time=2856.76), 0.0225913 s/step
Meep progress: 2870.793427540982/12165.257147216797 = 23.6% done in 1803.8s, 5839.8s to go
on time step 26242 (time=2876.16), 0.0226 s/step
on time step 26420 (time=2895.67), 0.0225986 s/step
on time step 26598 (time=2915.18), 0.0225927 s/step
on time step 26776 (time=2934.69), 0.0225961 s/step
on time step 26951 (time=2953.87), 0.0229829 s/step
on time step 27128 (time=2973.27), 0.0226989 s/step
on time step 27306 (time=2992.78), 0.0225963 s/step
on time step 27484 (time=3012.29), 0.0225981 s/step
Meep progress: 3015.9058811760856/12165.257147216797 = 24.8% done in 1833.8s, 5563.1s to go
on time step 27662 (time=3031.8), 0.0225918 s/step
on time step 27840 (time=3051.31), 0.0225917 s/step
on time step 28018 (time=3070.82), 0.0226007 s/step
on time step 28196 (time=3090.33), 0.0225941 s/step
on time step 28373 (time=3109.72), 0.0226351 s/step
on time step 28548 (time=3128.91), 0.0228909 s/step
on time step 28726 (time=3148.41), 0.0225891 s/step
Meep progress: 3161.1279363622725/12165.257147216797 = 26.0% done in 1863.8s, 5308.7s to go
on time step 28903 (time=3167.81), 0.022603 s/step
on time step 29081 (time=3187.32), 0.0225963 s/step
on time step 29259 (time=3206.83), 0.0225949 s/step
on time step 29436 (time=3226.23), 0.0226012 s/step
on time step 29611 (time=3245.41), 0.0229785 s/step
on time step 29788 (time=3264.81), 0.0227047 s/step
on time step 29966 (time=3284.32), 0.0225942 s/step
on time step 30143 (time=3303.72), 0.0226002 s/step
Meep progress: 3306.240389997376/12165.257147216797 = 27.2% done in 1893.8s, 5074.4s to go
on time step 30321 (time=3323.23), 0.0225922 s/step
on time step 30499 (time=3342.74), 0.0225939 s/step
on time step 30677 (time=3362.25), 0.0225966 s/step
on time step 30855 (time=3381.76), 0.0225914 s/step
on time step 31032 (time=3401.16), 0.0226608 s/step
on time step 31207 (time=3420.34), 0.0229343 s/step
on time step 31385 (time=3439.84), 0.0225941 s/step
Meep progress: 3451.462445183563/12165.257147216797 = 28.4% done in 1923.8s, 4856.9s to go
on time step 31563 (time=3459.35), 0.0225979 s/step
on time step 31741 (time=3478.86), 0.0225928 s/step
on time step 31919 (time=3498.37), 0.0225978 s/step
on time step 32097 (time=3517.88), 0.0225885 s/step
on time step 32271 (time=3536.95), 0.0229996 s/step
on time step 32448 (time=3556.35), 0.0226943 s/step
on time step 32626 (time=3575.86), 0.0225907 s/step
on time step 32804 (time=3595.37), 0.0225971 s/step
Meep progress: 3596.5748988186665/12165.257147216797 = 29.6% done in 1953.8s, 4654.9s to go
on time step 32982 (time=3614.88), 0.0225917 s/step
on time step 33160 (time=3634.39), 0.0225895 s/step
on time step 33338 (time=3653.9), 0.0225963 s/step
on time step 33516 (time=3673.41), 0.0225884 s/step
on time step 33693 (time=3692.81), 0.022676 s/step
on time step 33868 (time=3711.99), 0.0228937 s/step
on time step 34046 (time=3731.49), 0.0225909 s/step
Meep progress: 3741.7969540048534/12165.257147216797 = 30.8% done in 1983.8s, 4465.9s to go
on time step 34224 (time=3751), 0.0225936 s/step
on time step 34402 (time=3770.51), 0.0225931 s/step
on time step 34580 (time=3790.02), 0.022596 s/step
on time step 34758 (time=3809.53), 0.0225921 s/step
on time step 34933 (time=3828.71), 0.0229701 s/step
on time step 35110 (time=3848.11), 0.0226958 s/step
on time step 35288 (time=3867.62), 0.0225952 s/step
Meep progress: 3886.909407639957/12165.257147216797 = 32.0% done in 2013.8s, 4289.0s to go
on time step 35465 (time=3887.02), 0.0226023 s/step
on time step 35643 (time=3906.53), 0.0225933 s/step
on time step 35821 (time=3926.04), 0.0225924 s/step
on time step 35999 (time=3945.55), 0.0225963 s/step
on time step 36177 (time=3965.06), 0.0225961 s/step
on time step 36354 (time=3984.45), 0.022683 s/step
on time step 36529 (time=4003.64), 0.0228895 s/step
on time step 36707 (time=4023.14), 0.0225952 s/step
Meep progress: 4032.131462826144/12165.257147216797 = 33.1% done in 2043.8s, 4122.6s to go
on time step 36885 (time=4042.65), 0.0225975 s/step
on time step 37063 (time=4062.16), 0.0225901 s/step
on time step 37240 (time=4081.56), 0.0226004 s/step
on time step 37418 (time=4101.07), 0.0225921 s/step
on time step 37592 (time=4120.14), 0.0230127 s/step
on time step 37769 (time=4139.54), 0.0226981 s/step
on time step 37947 (time=4159.05), 0.022594 s/step
Meep progress: 4177.243916461247/12165.257147216797 = 34.3% done in 2073.8s, 3965.7s to go
on time step 38124 (time=4178.45), 0.0225993 s/step
on time step 38302 (time=4197.96), 0.022595 s/step
on time step 38480 (time=4217.47), 0.0225941 s/step
on time step 38657 (time=4236.87), 0.0226002 s/step
on time step 38834 (time=4256.27), 0.0226982 s/step
on time step 39011 (time=4275.67), 0.0226818 s/step
on time step 39186 (time=4294.85), 0.0228905 s/step
on time step 39364 (time=4314.36), 0.022594 s/step
Meep progress: 4322.3563700963505/12165.257147216797 = 35.5% done in 2103.9s, 3817.4s to go
on time step 39541 (time=4333.75), 0.0226009 s/step
on time step 39719 (time=4353.26), 0.0225953 s/step
on time step 39896 (time=4372.66), 0.0226017 s/step
on time step 40073 (time=4392.06), 0.02262 s/step
on time step 40248 (time=4411.24), 0.022939 s/step
on time step 40425 (time=4430.64), 0.0227054 s/step
on time step 40603 (time=4450.15), 0.0225939 s/step
Meep progress: 4467.468823731454/12165.257147216797 = 36.7% done in 2133.9s, 3676.8s to go
on time step 40780 (time=4469.55), 0.0226015 s/step
on time step 40957 (time=4488.95), 0.0225992 s/step
on time step 41135 (time=4508.46), 0.0225947 s/step
on time step 41312 (time=4527.86), 0.0226006 s/step
on time step 41490 (time=4547.37), 0.022596 s/step
on time step 41667 (time=4566.77), 0.0226876 s/step
on time step 41842 (time=4585.95), 0.0228958 s/step
on time step 42020 (time=4605.46), 0.0225988 s/step
Meep progress: 4612.690878917641/12165.257147216797 = 37.9% done in 2163.9s, 3543.0s to go
on time step 42197 (time=4624.86), 0.0226037 s/step
on time step 42375 (time=4644.37), 0.0225961 s/step
on time step 42553 (time=4663.87), 0.0225983 s/step
on time step 42730 (time=4683.27), 0.0226503 s/step
on time step 42905 (time=4702.45), 0.0229201 s/step
on time step 43082 (time=4721.85), 0.0226989 s/step
on time step 43260 (time=4741.36), 0.0225939 s/step
Meep progress: 4757.803332552744/12165.257147216797 = 39.1% done in 2193.9s, 3415.7s to go
on time step 43437 (time=4760.76), 0.0226007 s/step
on time step 43615 (time=4780.27), 0.0225962 s/step
on time step 43793 (time=4799.78), 0.0225948 s/step
on time step 43970 (time=4819.18), 0.0226057 s/step
on time step 44148 (time=4838.69), 0.0225959 s/step
on time step 44325 (time=4858.09), 0.022703 s/step
on time step 44501 (time=4877.38), 0.0228414 s/step
on time step 44678 (time=4896.78), 0.0225996 s/step
Meep progress: 4903.025387738931/12165.257147216797 = 40.3% done in 2223.9s, 3294.0s to go
on time step 44855 (time=4916.18), 0.0226013 s/step
on time step 45033 (time=4935.69), 0.0225954 s/step
on time step 45211 (time=4955.2), 0.0225971 s/step
on time step 45388 (time=4974.6), 0.0226461 s/step
on time step 45563 (time=4993.78), 0.022957 s/step
on time step 45740 (time=5013.17), 0.0227032 s/step
on time step 45918 (time=5032.68), 0.0225925 s/step
Meep progress: 5048.137841374035/12165.257147216797 = 41.5% done in 2253.9s, 3177.7s to go
on time step 46096 (time=5052.19), 0.0225968 s/step
on time step 46274 (time=5071.7), 0.0225959 s/step
on time step 46452 (time=5091.21), 0.0226006 s/step
on time step 46630 (time=5110.72), 0.0225968 s/step
on time step 46808 (time=5130.23), 0.0225957 s/step
on time step 46984 (time=5149.52), 0.0228099 s/step
on time step 47160 (time=5168.81), 0.0227608 s/step
on time step 47338 (time=5188.32), 0.0225924 s/step
Meep progress: 5193.359896560222/12165.257147216797 = 42.7% done in 2283.9s, 3066.1s to go
on time step 47516 (time=5207.83), 0.0225968 s/step
on time step 47694 (time=5227.34), 0.0225951 s/step
on time step 47872 (time=5246.85), 0.022591 s/step
on time step 48049 (time=5266.24), 0.0226523 s/step
on time step 48224 (time=5285.43), 0.0229655 s/step
on time step 48401 (time=5304.82), 0.0227077 s/step
on time step 48579 (time=5324.33), 0.0225977 s/step
Meep progress: 5338.472350195325/12165.257147216797 = 43.9% done in 2313.9s, 2959.0s to go
on time step 48757 (time=5343.84), 0.0225954 s/step
on time step 48935 (time=5363.35), 0.0225899 s/step
on time step 49112 (time=5382.75), 0.0226053 s/step
on time step 49290 (time=5402.26), 0.0225938 s/step
on time step 49468 (time=5421.77), 0.022599 s/step
on time step 49643 (time=5440.95), 0.0228956 s/step
on time step 49820 (time=5460.35), 0.0226601 s/step
on time step 49997 (time=5479.75), 0.0226004 s/step
Meep progress: 5483.694405381512/12165.257147216797 = 45.1% done in 2344.0s, 2856.0s to go
on time step 50175 (time=5499.26), 0.0225922 s/step
on time step 50353 (time=5518.77), 0.0225939 s/step
on time step 50530 (time=5538.17), 0.0226021 s/step
on time step 50707 (time=5557.57), 0.0226485 s/step
on time step 50882 (time=5576.75), 0.0229562 s/step
on time step 51059 (time=5596.15), 0.0227001 s/step
on time step 51237 (time=5615.65), 0.0225926 s/step
Meep progress: 5628.806859016616/12165.257147216797 = 46.3% done in 2374.0s, 2756.8s to go
on time step 51414 (time=5635.05), 0.0226001 s/step
on time step 51592 (time=5654.56), 0.0225969 s/step
on time step 51770 (time=5674.07), 0.0225951 s/step
on time step 51948 (time=5693.58), 0.022598 s/step
on time step 52126 (time=5713.09), 0.0225904 s/step
on time step 52300 (time=5732.16), 0.0230198 s/step
on time step 52477 (time=5751.56), 0.0226449 s/step
on time step 52655 (time=5771.07), 0.022594 s/step
Meep progress: 5773.919312651719/12165.257147216797 = 47.5% done in 2404.0s, 2661.0s to go
on time step 52833 (time=5790.58), 0.0225893 s/step
on time step 53011 (time=5810.09), 0.0225922 s/step
on time step 53189 (time=5829.6), 0.0225959 s/step
on time step 53366 (time=5849), 0.0226631 s/step
on time step 53541 (time=5868.18), 0.0229198 s/step
on time step 53718 (time=5887.58), 0.0227019 s/step
on time step 53896 (time=5907.09), 0.02259 s/step
Meep progress: 5919.031766286822/12165.257147216797 = 48.7% done in 2434.0s, 2568.5s to go
on time step 54074 (time=5926.59), 0.0225918 s/step
on time step 54252 (time=5946.1), 0.0225904 s/step
on time step 54430 (time=5965.61), 0.0225955 s/step
on time step 54608 (time=5985.12), 0.0225917 s/step
on time step 54786 (time=6004.63), 0.0225874 s/step
on time step 54961 (time=6023.81), 0.0229231 s/step
on time step 55138 (time=6043.21), 0.0226571 s/step
on time step 55316 (time=6062.72), 0.022594 s/step
Meep progress: 6064.253821473009/12165.257147216797 = 49.8% done in 2464.0s, 2478.9s to go
on time step 55494 (time=6082.23), 0.022592 s/step
on time step 55672 (time=6101.74), 0.0225883 s/step
on time step 55849 (time=6121.14), 0.0226008 s/step
on time step 56025 (time=6140.43), 0.0227629 s/step
on time step 56201 (time=6159.72), 0.0228061 s/step
on time step 56378 (time=6179.12), 0.0226947 s/step
on time step 56556 (time=6198.63), 0.0225897 s/step
Meep progress: 6209.366275108113/12165.257147216797 = 51.0% done in 2494.0s, 2392.2s to go
on time step 56734 (time=6218.13), 0.0225931 s/step
on time step 56912 (time=6237.64), 0.0225923 s/step
on time step 57090 (time=6257.15), 0.0225944 s/step
on time step 57268 (time=6276.66), 0.0225894 s/step
on time step 57446 (time=6296.17), 0.0225914 s/step
on time step 57621 (time=6315.35), 0.0229258 s/step
on time step 57798 (time=6334.75), 0.0226604 s/step
on time step 57976 (time=6354.26), 0.0225913 s/step
Meep progress: 6354.5883302943/12165.257147216797 = 52.2% done in 2524.0s, 2308.0s to go
on time step 58154 (time=6373.77), 0.0225916 s/step
on time step 58332 (time=6393.28), 0.0225921 s/step
on time step 58510 (time=6412.79), 0.0225967 s/step
on time step 58686 (time=6432.08), 0.0227729 s/step
on time step 58862 (time=6451.37), 0.0227889 s/step
on time step 59039 (time=6470.77), 0.0226924 s/step
on time step 59217 (time=6490.28), 0.0225891 s/step
Meep progress: 6499.700783929404/12165.257147216797 = 53.4% done in 2554.0s, 2226.2s to go
on time step 59395 (time=6509.78), 0.0225967 s/step
on time step 59573 (time=6529.29), 0.0225909 s/step
on time step 59751 (time=6548.8), 0.0225911 s/step
on time step 59929 (time=6568.31), 0.0225886 s/step
on time step 60107 (time=6587.82), 0.0225865 s/step
on time step 60282 (time=6607), 0.0229591 s/step
on time step 60459 (time=6626.4), 0.0226585 s/step
Meep progress: 6644.92283911559/12165.257147216797 = 54.6% done in 2584.0s, 2146.7s to go
on time step 60637 (time=6645.91), 0.0225975 s/step
on time step 60815 (time=6665.42), 0.0225878 s/step
on time step 60993 (time=6684.93), 0.022586 s/step
on time step 61171 (time=6704.44), 0.0225905 s/step
on time step 61347 (time=6723.73), 0.0228219 s/step
on time step 61523 (time=6743.02), 0.0227486 s/step
on time step 61700 (time=6762.42), 0.0226897 s/step
on time step 61878 (time=6781.92), 0.0225881 s/step
Meep progress: 6790.035292750694/12165.257147216797 = 55.8% done in 2614.0s, 2069.3s to go
on time step 62056 (time=6801.43), 0.0225943 s/step
on time step 62234 (time=6820.94), 0.0225862 s/step
on time step 62412 (time=6840.45), 0.0225881 s/step
on time step 62590 (time=6859.96), 0.0225909 s/step
on time step 62768 (time=6879.47), 0.0225851 s/step
on time step 62943 (time=6898.65), 0.0229515 s/step
on time step 63120 (time=6918.05), 0.0226516 s/step
Meep progress: 6935.257347936881/12165.257147216797 = 57.0% done in 2644.0s, 1993.9s to go
on time step 63298 (time=6937.56), 0.0225978 s/step
on time step 63476 (time=6957.07), 0.0225887 s/step
on time step 63654 (time=6976.58), 0.0225932 s/step
on time step 63831 (time=6995.98), 0.022599 s/step
on time step 64007 (time=7015.27), 0.0228179 s/step
on time step 64183 (time=7034.56), 0.0227688 s/step
on time step 64360 (time=7053.96), 0.0226692 s/step
on time step 64538 (time=7073.46), 0.0225864 s/step
Meep progress: 7080.369801571985/12165.257147216797 = 58.2% done in 2674.0s, 1920.4s to go
on time step 64716 (time=7092.97), 0.0225937 s/step
on time step 64894 (time=7112.48), 0.0225892 s/step
on time step 65072 (time=7131.99), 0.0225921 s/step
on time step 65249 (time=7151.39), 0.0227123 s/step
on time step 65427 (time=7170.9), 0.0225877 s/step
on time step 65602 (time=7190.08), 0.0229866 s/step
on time step 65779 (time=7209.48), 0.0226343 s/step
Meep progress: 7225.482255207087/12165.257147216797 = 59.4% done in 2704.1s, 1848.7s to go
on time step 65957 (time=7228.99), 0.0225963 s/step
on time step 66135 (time=7248.5), 0.0225899 s/step
on time step 66313 (time=7268.01), 0.0225937 s/step
on time step 66491 (time=7287.52), 0.0225941 s/step
on time step 66666 (time=7306.7), 0.0228615 s/step
on time step 66842 (time=7325.99), 0.0228049 s/step
on time step 67019 (time=7345.39), 0.0226277 s/step
on time step 67197 (time=7364.9), 0.0225917 s/step
Meep progress: 7370.594708842191/12165.257147216797 = 60.6% done in 2734.1s, 1778.5s to go
on time step 67375 (time=7384.4), 0.0225944 s/step
on time step 67553 (time=7403.91), 0.0225921 s/step
on time step 67730 (time=7423.31), 0.0225991 s/step
on time step 67908 (time=7442.82), 0.0225908 s/step
on time step 68086 (time=7462.33), 0.022597 s/step
on time step 68261 (time=7481.51), 0.0229848 s/step
on time step 68438 (time=7500.91), 0.0226269 s/step
Meep progress: 7515.816764028378/12165.257147216797 = 61.8% done in 2764.1s, 1709.9s to go
on time step 68615 (time=7520.31), 0.0226078 s/step
on time step 68793 (time=7539.82), 0.0225918 s/step
on time step 68971 (time=7559.33), 0.0225975 s/step
on time step 69149 (time=7578.84), 0.0225922 s/step
on time step 69324 (time=7598.02), 0.0228665 s/step
on time step 69500 (time=7617.31), 0.0227992 s/step
on time step 69677 (time=7636.71), 0.0226318 s/step
on time step 69855 (time=7656.22), 0.0225958 s/step
Meep progress: 7660.929217663482/12165.257147216797 = 63.0% done in 2794.1s, 1642.8s to go
on time step 70032 (time=7675.62), 0.0226012 s/step
on time step 70210 (time=7695.12), 0.0225933 s/step
on time step 70388 (time=7714.63), 0.0225958 s/step
on time step 70566 (time=7734.14), 0.0225966 s/step
on time step 70743 (time=7753.54), 0.0225989 s/step
on time step 70918 (time=7772.72), 0.0229811 s/step
on time step 71095 (time=7792.12), 0.0226247 s/step
Meep progress: 7806.151272849668/12165.257147216797 = 64.2% done in 2824.1s, 1577.0s to go
on time step 71273 (time=7811.63), 0.0225957 s/step
on time step 71451 (time=7831.14), 0.022593 s/step
on time step 71628 (time=7850.54), 0.0226028 s/step
on time step 71806 (time=7870.05), 0.022596 s/step
on time step 71981 (time=7889.23), 0.0229365 s/step
on time step 72157 (time=7908.52), 0.0227559 s/step
on time step 72334 (time=7927.92), 0.0226339 s/step
on time step 72512 (time=7947.43), 0.0225985 s/step
Meep progress: 7951.263726484772/12165.257147216797 = 65.4% done in 2854.1s, 1512.6s to go
on time step 72689 (time=7966.83), 0.0226024 s/step
on time step 72867 (time=7986.34), 0.0225932 s/step
on time step 73045 (time=8005.85), 0.0225978 s/step
on time step 73223 (time=8025.35), 0.0225919 s/step
on time step 73400 (time=8044.75), 0.0226259 s/step
on time step 73575 (time=8063.93), 0.0229407 s/step
on time step 73752 (time=8083.33), 0.0226412 s/step
Meep progress: 8096.485781670959/12165.257147216797 = 66.6% done in 2884.2s, 1449.4s to go
on time step 73930 (time=8102.84), 0.0225943 s/step
on time step 74108 (time=8122.35), 0.0225922 s/step
on time step 74285 (time=8141.75), 0.0226029 s/step
on time step 74463 (time=8161.26), 0.0225947 s/step
on time step 74638 (time=8180.44), 0.0228841 s/step
on time step 74814 (time=8199.73), 0.0227534 s/step
on time step 74991 (time=8219.13), 0.0226372 s/step
on time step 75169 (time=8238.64), 0.0225982 s/step
Meep progress: 8241.598235306063/12165.257147216797 = 67.7% done in 2914.2s, 1387.4s to go
on time step 75347 (time=8258.15), 0.0225933 s/step
on time step 75525 (time=8277.66), 0.0225964 s/step
on time step 75702 (time=8297.06), 0.022601 s/step
on time step 75880 (time=8316.57), 0.0225952 s/step
on time step 76057 (time=8335.97), 0.0226684 s/step
on time step 76232 (time=8355.15), 0.0228996 s/step
on time step 76409 (time=8374.54), 0.0226315 s/step
Meep progress: 8386.82029049225/12165.257147216797 = 68.9% done in 2944.2s, 1326.4s to go
on time step 76586 (time=8393.94), 0.0225999 s/step
on time step 76764 (time=8413.45), 0.0225907 s/step
on time step 76941 (time=8432.85), 0.022602 s/step
on time step 77119 (time=8452.36), 0.0225917 s/step
on time step 77294 (time=8471.54), 0.0228981 s/step
on time step 77470 (time=8490.83), 0.0227485 s/step
on time step 77647 (time=8510.23), 0.0226292 s/step
on time step 77825 (time=8529.74), 0.022597 s/step
Meep progress: 8531.932744127353/12165.257147216797 = 70.1% done in 2974.2s, 1266.6s to go
on time step 78003 (time=8549.25), 0.0225908 s/step
on time step 78181 (time=8568.76), 0.0225913 s/step
on time step 78358 (time=8588.16), 0.0226011 s/step
on time step 78536 (time=8607.67), 0.0225927 s/step
on time step 78713 (time=8627.07), 0.0226715 s/step
on time step 78888 (time=8646.25), 0.0229356 s/step
on time step 79066 (time=8665.76), 0.0225967 s/step
Meep progress: 8677.15479931354/12165.257147216797 = 71.3% done in 3004.2s, 1207.7s to go
on time step 79244 (time=8685.27), 0.0225947 s/step
on time step 79422 (time=8704.77), 0.0225886 s/step
on time step 79600 (time=8724.28), 0.0225981 s/step
on time step 79778 (time=8743.79), 0.0225909 s/step
on time step 79953 (time=8762.97), 0.0229525 s/step
on time step 80129 (time=8782.26), 0.0227299 s/step
on time step 80306 (time=8801.66), 0.0226301 s/step
on time step 80483 (time=8821.06), 0.0225989 s/step
Meep progress: 8822.267252948643/12165.257147216797 = 72.5% done in 3034.2s, 1149.7s to go
on time step 80661 (time=8840.57), 0.0225953 s/step
on time step 80839 (time=8860.08), 0.0225927 s/step
on time step 81016 (time=8879.48), 0.0226016 s/step
on time step 81194 (time=8898.99), 0.0225937 s/step
on time step 81371 (time=8918.39), 0.022666 s/step
on time step 81546 (time=8937.57), 0.0229353 s/step
on time step 81723 (time=8956.97), 0.0225991 s/step
Meep progress: 8967.489308134831/12165.257147216797 = 73.7% done in 3064.2s, 1092.7s to go
on time step 81900 (time=8976.37), 0.0226084 s/step
on time step 82078 (time=8995.88), 0.0225961 s/step
on time step 82256 (time=9015.39), 0.0225964 s/step
on time step 82434 (time=9034.89), 0.0225942 s/step
on time step 82609 (time=9054.07), 0.0229285 s/step
on time step 82786 (time=9073.47), 0.0227238 s/step
on time step 82963 (time=9092.87), 0.0226346 s/step
on time step 83141 (time=9112.38), 0.0225975 s/step
Meep progress: 9112.601761769934/12165.257147216797 = 74.9% done in 3094.3s, 1036.6s to go
on time step 83319 (time=9131.89), 0.0225963 s/step
on time step 83497 (time=9151.4), 0.0225954 s/step
on time step 83674 (time=9170.8), 0.0226022 s/step
on time step 83852 (time=9190.31), 0.0225906 s/step
on time step 84029 (time=9209.71), 0.0226836 s/step
on time step 84204 (time=9228.89), 0.0229328 s/step
on time step 84382 (time=9248.4), 0.022596 s/step
Meep progress: 9257.823816956121/12165.257147216797 = 76.1% done in 3124.3s, 981.2s to go
on time step 84560 (time=9267.91), 0.022598 s/step
on time step 84738 (time=9287.42), 0.0225984 s/step
on time step 84915 (time=9306.82), 0.0226025 s/step
on time step 85092 (time=9326.22), 0.0226004 s/step
on time step 85267 (time=9345.4), 0.0229324 s/step
on time step 85444 (time=9364.79), 0.0227047 s/step
on time step 85621 (time=9384.19), 0.0226409 s/step
Meep progress: 9402.936270591224/12165.257147216797 = 77.3% done in 3154.3s, 926.6s to go
on time step 85798 (time=9403.59), 0.022604 s/step
on time step 85976 (time=9423.1), 0.0225987 s/step
on time step 86154 (time=9442.61), 0.022596 s/step
on time step 86332 (time=9462.12), 0.0225955 s/step
on time step 86510 (time=9481.63), 0.0225933 s/step
on time step 86687 (time=9501.03), 0.0226793 s/step
on time step 86862 (time=9520.21), 0.0229686 s/step
on time step 87039 (time=9539.61), 0.0225989 s/step
Meep progress: 9548.048724226328/12165.257147216797 = 78.5% done in 3184.3s, 872.8s to go
on time step 87216 (time=9559.01), 0.022605 s/step
on time step 87394 (time=9578.52), 0.022598 s/step
on time step 87571 (time=9597.92), 0.0225999 s/step
on time step 87749 (time=9617.43), 0.0225968 s/step
on time step 87924 (time=9636.61), 0.0229279 s/step
on time step 88100 (time=9655.9), 0.0227323 s/step
on time step 88277 (time=9675.3), 0.0226256 s/step
Meep progress: 9693.161177861431/12165.257147216797 = 79.7% done in 3214.3s, 819.8s to go
on time step 88454 (time=9694.7), 0.0226004 s/step
on time step 88632 (time=9714.2), 0.0225958 s/step
on time step 88810 (time=9733.71), 0.0225958 s/step
on time step 88987 (time=9753.11), 0.0226033 s/step
on time step 89165 (time=9772.62), 0.0225944 s/step
on time step 89342 (time=9792.02), 0.0227032 s/step
on time step 89517 (time=9811.2), 0.0228825 s/step
on time step 89695 (time=9830.71), 0.022598 s/step
Meep progress: 9838.383233047618/12165.257147216797 = 80.9% done in 3244.3s, 767.3s to go
on time step 89872 (time=9850.11), 0.0226031 s/step
on time step 90050 (time=9869.62), 0.0225963 s/step
on time step 90227 (time=9889.02), 0.0225989 s/step
on time step 90405 (time=9908.53), 0.0225979 s/step
on time step 90580 (time=9927.71), 0.0229242 s/step
on time step 90757 (time=9947.11), 0.0227117 s/step
on time step 90934 (time=9966.51), 0.0226342 s/step
Meep progress: 9983.495686682721/12165.257147216797 = 82.1% done in 3274.3s, 715.6s to go
on time step 91111 (time=9985.91), 0.0226069 s/step
on time step 91289 (time=10005.4), 0.022595 s/step
on time step 91467 (time=10024.9), 0.0225936 s/step
on time step 91644 (time=10044.3), 0.0226059 s/step
on time step 91821 (time=10063.7), 0.0227114 s/step
on time step 91997 (time=10083), 0.022828 s/step
on time step 92173 (time=10102.3), 0.0228525 s/step
on time step 92351 (time=10121.8), 0.0225991 s/step
Meep progress: 10128.49853876674/12165.257147216797 = 83.3% done in 3304.3s, 664.5s to go
on time step 92528 (time=10141.2), 0.0226001 s/step
on time step 92706 (time=10160.7), 0.0225903 s/step
on time step 92883 (time=10180.1), 0.0226037 s/step
on time step 93061 (time=10199.6), 0.0225963 s/step
on time step 93236 (time=10218.8), 0.0229542 s/step
on time step 93413 (time=10238.2), 0.0227011 s/step
on time step 93590 (time=10257.6), 0.0226327 s/step
Meep progress: 10273.610992401844/12165.257147216797 = 84.5% done in 3334.4s, 613.9s to go
on time step 93767 (time=10277), 0.0226051 s/step
on time step 93945 (time=10296.5), 0.0225977 s/step
on time step 94123 (time=10316), 0.0225987 s/step
on time step 94301 (time=10335.5), 0.0225948 s/step
on time step 94478 (time=10354.9), 0.0227201 s/step
on time step 94654 (time=10374.2), 0.0227522 s/step
on time step 94830 (time=10393.5), 0.022839 s/step
on time step 95008 (time=10413), 0.0225956 s/step
Meep progress: 10418.723446036947/12165.257147216797 = 85.6% done in 3364.4s, 564.0s to go
on time step 95186 (time=10432.5), 0.022591 s/step
on time step 95364 (time=10452), 0.0225922 s/step
on time step 95542 (time=10471.6), 0.0225925 s/step
on time step 95720 (time=10491.1), 0.022593 s/step
on time step 95895 (time=10510.2), 0.0229259 s/step
on time step 96072 (time=10529.6), 0.0227144 s/step
on time step 96249 (time=10549), 0.0226257 s/step
Meep progress: 10563.83589967205/12165.257147216797 = 86.8% done in 3394.4s, 514.6s to go
on time step 96426 (time=10568.4), 0.0226043 s/step
on time step 96604 (time=10587.9), 0.0225929 s/step
on time step 96782 (time=10607.5), 0.0225968 s/step
on time step 96960 (time=10627), 0.0225894 s/step
on time step 97138 (time=10646.5), 0.0225923 s/step
on time step 97314 (time=10665.8), 0.022742 s/step
on time step 97490 (time=10685.1), 0.0228496 s/step
on time step 97667 (time=10704.5), 0.0226037 s/step
Meep progress: 10709.057954858237/12165.257147216797 = 88.0% done in 3424.4s, 465.6s to go
on time step 97845 (time=10724), 0.022593 s/step
on time step 98023 (time=10743.5), 0.0225886 s/step
on time step 98201 (time=10763), 0.0225944 s/step
on time step 98378 (time=10782.4), 0.0226112 s/step
on time step 98553 (time=10801.6), 0.022932 s/step
on time step 98730 (time=10821), 0.0226789 s/step
on time step 98907 (time=10840.4), 0.0226309 s/step
Meep progress: 10854.17040849334/12165.257147216797 = 89.2% done in 3454.4s, 417.3s to go
on time step 99085 (time=10859.9), 0.022597 s/step
on time step 99263 (time=10879.4), 0.0225903 s/step
on time step 99441 (time=10898.9), 0.0225986 s/step
on time step 99619 (time=10918.4), 0.0225939 s/step
on time step 99797 (time=10937.9), 0.0225894 s/step
on time step 99973 (time=10957.2), 0.0227495 s/step
on time step 100149 (time=10976.5), 0.0228233 s/step
on time step 100327 (time=10996), 0.0225975 s/step
Meep progress: 10999.392463679527/12165.257147216797 = 90.4% done in 3484.4s, 369.3s to go
on time step 100505 (time=11015.5), 0.0225925 s/step
on time step 100683 (time=11035), 0.0225946 s/step
on time step 100861 (time=11054.5), 0.0225936 s/step
on time step 101038 (time=11073.9), 0.0226152 s/step
on time step 101213 (time=11093.1), 0.0229499 s/step
on time step 101390 (time=11112.5), 0.0226555 s/step
on time step 101567 (time=11131.9), 0.0226227 s/step
Meep progress: 11144.50491731463/12165.257147216797 = 91.6% done in 3514.4s, 321.9s to go
on time step 101745 (time=11151.4), 0.0225974 s/step
on time step 101923 (time=11170.9), 0.0225964 s/step
on time step 102100 (time=11190.3), 0.0226009 s/step
on time step 102278 (time=11209.8), 0.0225934 s/step
on time step 102456 (time=11229.3), 0.0225978 s/step
on time step 102632 (time=11248.6), 0.0228078 s/step
on time step 102808 (time=11267.9), 0.0227479 s/step
on time step 102985 (time=11287.3), 0.0226029 s/step
Meep progress: 11289.72697250082/12165.257147216797 = 92.8% done in 3544.4s, 274.9s to go
on time step 103163 (time=11306.8), 0.0225918 s/step
on time step 103341 (time=11326.3), 0.022594 s/step
on time step 103519 (time=11345.8), 0.0225942 s/step
on time step 103696 (time=11365.2), 0.0226498 s/step
on time step 103871 (time=11384.4), 0.022947 s/step
on time step 104048 (time=11403.8), 0.0226677 s/step
on time step 104225 (time=11423.2), 0.022624 s/step
Meep progress: 11434.839426135923/12165.257147216797 = 94.0% done in 3574.4s, 228.3s to go
on time step 104403 (time=11442.7), 0.0225979 s/step
on time step 104581 (time=11462.2), 0.0225953 s/step
on time step 104758 (time=11481.6), 0.0226024 s/step
on time step 104936 (time=11501.1), 0.0225952 s/step
on time step 105114 (time=11520.7), 0.0225953 s/step
on time step 105289 (time=11539.8), 0.0228934 s/step
on time step 105466 (time=11559.2), 0.0227115 s/step
on time step 105643 (time=11578.6), 0.0226003 s/step
Meep progress: 11580.06148132211/12165.257147216797 = 95.2% done in 3604.5s, 182.2s to go
on time step 105821 (time=11598.1), 0.0225975 s/step
on time step 105999 (time=11617.7), 0.0225937 s/step
on time step 106176 (time=11637.1), 0.0226064 s/step
on time step 106353 (time=11656.5), 0.0226921 s/step
on time step 106528 (time=11675.6), 0.0229329 s/step
on time step 106705 (time=11695), 0.0226586 s/step
on time step 106882 (time=11714.4), 0.022629 s/step
Meep progress: 11725.173934957213/12165.257147216797 = 96.4% done in 3634.5s, 136.4s to go
on time step 107060 (time=11733.9), 0.0225939 s/step
on time step 107237 (time=11753.3), 0.0226034 s/step
on time step 107415 (time=11772.9), 0.022593 s/step
on time step 107593 (time=11792.4), 0.0225941 s/step
on time step 107771 (time=11811.9), 0.0225902 s/step
on time step 107946 (time=11831), 0.0229486 s/step
on time step 108123 (time=11850.4), 0.0226482 s/step
on time step 108301 (time=11870), 0.0225927 s/step
Meep progress: 11870.3959901434/12165.257147216797 = 97.6% done in 3664.5s, 91.0s to go
on time step 108478 (time=11889.4), 0.022605 s/step
on time step 108656 (time=11908.9), 0.0225943 s/step
on time step 108834 (time=11928.4), 0.0225961 s/step
on time step 109011 (time=11947.8), 0.0227133 s/step
on time step 109186 (time=11967), 0.0228951 s/step
on time step 109363 (time=11986.4), 0.0226555 s/step
on time step 109540 (time=12005.8), 0.0226248 s/step
Meep progress: 12015.508443778503/12165.257147216797 = 98.8% done in 3694.5s, 46.0s to go
on time step 109717 (time=12025.2), 0.0225993 s/step
on time step 109895 (time=12044.7), 0.0225903 s/step
on time step 110073 (time=12064.2), 0.0225982 s/step
on time step 110251 (time=12083.7), 0.02259 s/step
on time step 110429 (time=12103.2), 0.0225904 s/step
on time step 110604 (time=12122.4), 0.0229392 s/step
on time step 110781 (time=12141.8), 0.0226539 s/step
Meep progress: 12160.730498964691/12165.257147216797 = 100.0% done in 3724.5s, 1.4s to go
on time step 110959 (time=12161.3), 0.0225942 s/step
Warning: grid volume is not an integer number of pixels; cell size will be rounded to nearest pixel.
run 0 finished at t = 12165.333764110215 (110996 timesteps)
WD: ../data/2022-03-09/2D_500um_PAD-500/
AlreadyDir
-----------
Initializing structure...
Splitting into 32 chunks by voxels
time for choose_chunkdivision = 0.00644454 s
Working in 2D dimensions.
Computational cell is 1663.93 x 170.035 x 0 with resolution 6.45161
     block, center = (0,0,0)
          size (1e+20,1e+20,1e+20)
          axes (1,0,0), (0,1,0), (0,0,1)
          dielectric constant epsilon diagonal = (1,1,1)
     block, center = (0,-29.2,0)
          size (1e+20,66.6,1e+20)
          axes (1,0,0), (0,1,0), (0,0,1)
          dielectric constant epsilon diagonal = (2.0736,2.0736,2.0736)
     block, center = (0,0,0)
          size (1e+20,8.2,1e+20)
          axes (1,0,0), (0,1,0), (0,0,1)
          dielectric constant epsilon diagonal = (2.08803,2.08803,2.08803)
     prism, center = (-250,-23.75,0)
          height 1, axis (0,0,1), sidewall angle: 0 radians, 4 vertices:
          (-411,4.1,-0.5)
          (-89,4.1,-0.5)
          (-122.999,-51.6,-0.5)
          (-377.001,-51.6,-0.5)
          dielectric constant epsilon diagonal = (1,1,1)
     prism, center = (250,-23.75,0)
          height 1, axis (0,0,1), sidewall angle: 0 radians, 4 vertices:
          (89,4.1,-0.5)
          (411,4.1,-0.5)
          (377.001,-51.6,-0.5)
          (122.999,-51.6,-0.5)
          dielectric constant epsilon diagonal = (1,1,1)
time for set_epsilon = 1.85383 s
-----------
MPB solved for frequency_1(0.4,0,0) = 0.279228 after 17 iters
MPB solved for frequency_1(0.931295,0,0) = 0.645713 after 107 iters
MPB solved for frequency_1(0.930496,0,0) = 0.645161 after 4 iters
MPB solved for frequency_1(0.930496,0,0) = 0.645161 after 1 iters
Meep: using output directory '../data/2022-03-09/2D_500um_PAD-500/'


Actual Run


on time step 102 (time=11.1794), 0.0392333 s/step
on time step 281 (time=30.798), 0.0223914 s/step
on time step 458 (time=50.1975), 0.0226819 s/step
on time step 636 (time=69.7066), 0.0225827 s/step
on time step 815 (time=89.3253), 0.0224153 s/step
on time step 994 (time=108.944), 0.0223909 s/step
on time step 1173 (time=128.563), 0.0223788 s/step
Meep progress: 137.9883528146488/24187.657147216796 = 0.6% done in 30.0s, 5229.6s to go
on time step 1352 (time=148.181), 0.0224193 s/step
on time step 1530 (time=167.69), 0.0225939 s/step
on time step 1704 (time=186.761), 0.0229913 s/step
on time step 1868 (time=204.736), 0.0244816 s/step
on time step 2017 (time=221.066), 0.0268693 s/step
on time step 2158 (time=236.52), 0.0284273 s/step
on time step 2296 (time=251.645), 0.0291691 s/step
Meep progress: 265.235753623074/24187.657147216796 = 1.1% done in 60.0s, 5413.3s to go
on time step 2425 (time=265.784), 0.0312036 s/step
on time step 2528 (time=277.073), 0.0391039 s/step
on time step 2620 (time=287.156), 0.0434871 s/step
on time step 2706 (time=296.582), 0.0466669 s/step
on time step 2788 (time=305.569), 0.0488646 s/step
on time step 2868 (time=314.337), 0.0503435 s/step
on time step 2948 (time=323.105), 0.0501541 s/step
on time step 3030 (time=332.093), 0.0490369 s/step
Meep progress: 335.81915252111514/24187.657147216796 = 1.4% done in 90.0s, 6395.4s to go
on time step 3108 (time=340.642), 0.0517339 s/step
on time step 3176 (time=348.095), 0.0588526 s/step
on time step 3234 (time=354.451), 0.0689817 s/step
on time step 3287 (time=360.26), 0.0763484 s/step
on time step 3336 (time=365.631), 0.0818924 s/step
on time step 3384 (time=370.892), 0.08361 s/step
on time step 3432 (time=376.153), 0.0835281 s/step
Meep progress: 380.97499156768805/24187.657147216796 = 1.6% done in 120.1s, 7502.8s to go
on time step 3481 (time=381.523), 0.082436 s/step
on time step 3531 (time=387.003), 0.0804211 s/step
on time step 3583 (time=392.702), 0.0770378 s/step
on time step 3639 (time=398.84), 0.0717417 s/step
on time step 3702 (time=405.745), 0.0637616 s/step
on time step 3769 (time=413.088), 0.0606626 s/step
on time step 3827 (time=419.445), 0.0701552 s/step
on time step 3879 (time=425.144), 0.0775539 s/step
Meep progress: 427.0076430229323/24187.657147216796 = 1.8% done in 150.1s, 8351.2s to go
on time step 3928 (time=430.515), 0.0817216 s/step
on time step 3976 (time=435.776), 0.0842948 s/step
on time step 4022 (time=440.817), 0.0887581 s/step
on time step 4066 (time=445.64), 0.0926458 s/step
on time step 4108 (time=450.243), 0.0957091 s/step
on time step 4149 (time=454.737), 0.0979175 s/step
on time step 4190 (time=459.23), 0.0992735 s/step
Meep progress: 462.62814712520463/24187.657147216796 = 1.9% done in 180.1s, 9236.1s to go
on time step 4231 (time=463.724), 0.0988567 s/step
on time step 4273 (time=468.327), 0.0961744 s/step
on time step 4317 (time=473.15), 0.0918813 s/step
on time step 4364 (time=478.301), 0.0860121 s/step
on time step 4415 (time=483.891), 0.0785987 s/step
on time step 4471 (time=490.029), 0.0715047 s/step
on time step 4524 (time=495.837), 0.0758994 s/step
on time step 4572 (time=501.098), 0.0842693 s/step
Meep progress: 502.1943070664979/24187.657147216796 = 2.1% done in 210.2s, 9912.9s to go
on time step 4616 (time=505.921), 0.0913902 s/step
on time step 4658 (time=510.524), 0.097575 s/step
on time step 4697 (time=514.798), 0.103109 s/step
on time step 4735 (time=518.963), 0.107558 s/step
on time step 4772 (time=523.019), 0.110004 s/step
on time step 4809 (time=527.074), 0.110399 s/step
on time step 4845 (time=531.02), 0.112358 s/step
Meep progress: 533.4307491254136/24187.657147216796 = 2.2% done in 240.2s, 10652.5s to go
on time step 4881 (time=534.965), 0.11399 s/step
on time step 4916 (time=538.801), 0.114921 s/step
on time step 4951 (time=542.637), 0.11493 s/step
on time step 4987 (time=546.583), 0.113567 s/step
on time step 5024 (time=550.638), 0.109326 s/step
on time step 5063 (time=554.913), 0.104056 s/step
on time step 5104 (time=559.406), 0.0984811 s/step
on time step 5148 (time=564.229), 0.0926943 s/step
Meep progress: 564.3383865310776/24187.657147216796 = 2.3% done in 270.3s, 11314.2s to go
on time step 5194 (time=569.27), 0.0878446 s/step
on time step 5240 (time=574.312), 0.0887675 s/step
on time step 5282 (time=578.915), 0.0953658 s/step
on time step 5322 (time=583.299), 0.100923 s/step
on time step 5361 (time=587.574), 0.105124 s/step
on time step 5398 (time=591.629), 0.109518 s/step
on time step 5434 (time=595.575), 0.113538 s/step
Meep progress: 597.2188518562521/24187.657147216796 = 2.5% done in 300.3s, 11863.6s to go
on time step 5469 (time=599.411), 0.117126 s/step
on time step 5503 (time=603.137), 0.120326 s/step
on time step 5536 (time=606.754), 0.123173 s/step
on time step 5568 (time=610.261), 0.125668 s/step
on time step 5600 (time=613.769), 0.127777 s/step
on time step 5632 (time=617.276), 0.128511 s/step
on time step 5664 (time=620.783), 0.126371 s/step
Meep progress: 623.6328256674756/24187.657147216796 = 2.6% done in 330.4s, 12483.7s to go
on time step 5696 (time=624.29), 0.125455 s/step
on time step 5728 (time=627.798), 0.125117 s/step
on time step 5761 (time=631.415), 0.124248 s/step
on time step 5794 (time=635.031), 0.122866 s/step
on time step 5828 (time=638.758), 0.121046 s/step
on time step 5863 (time=642.594), 0.116922 s/step
on time step 5899 (time=646.54), 0.112625 s/step
on time step 5936 (time=650.595), 0.108257 s/step
Meep progress: 651.47161964279/24187.657147216796 = 2.7% done in 360.4s, 13021.1s to go
on time step 5975 (time=654.869), 0.104883 s/step
on time step 6014 (time=659.144), 0.104282 s/step
on time step 6051 (time=663.199), 0.108248 s/step
on time step 6087 (time=667.145), 0.111947 s/step
on time step 6122 (time=670.981), 0.115315 s/step
on time step 6156 (time=674.707), 0.118621 s/step
on time step 6189 (time=678.324), 0.121541 s/step
Meep progress: 680.6256322311114/24187.657147216796 = 2.8% done in 390.4s, 13485.1s to go
on time step 6222 (time=681.941), 0.124186 s/step
on time step 6254 (time=685.448), 0.126477 s/step
on time step 6286 (time=688.955), 0.128443 s/step
on time step 6317 (time=692.353), 0.129774 s/step
on time step 6348 (time=695.751), 0.131013 s/step
on time step 6379 (time=699.148), 0.130275 s/step
on time step 6410 (time=702.546), 0.130261 s/step
on time step 6441 (time=705.944), 0.130292 s/step
Meep progress: 706.1627936336635/24187.657147216796 = 2.9% done in 420.6s, 13985.0s to go
on time step 6472 (time=709.341), 0.130355 s/step
on time step 6503 (time=712.739), 0.130392 s/step
on time step 6534 (time=716.137), 0.130449 s/step
on time step 6565 (time=719.534), 0.130596 s/step
on time step 6596 (time=722.932), 0.130291 s/step
on time step 6627 (time=726.329), 0.13002 s/step
on time step 6658 (time=729.727), 0.129655 s/step
Meep progress: 731.4807519340478/24187.657147216796 = 3.0% done in 450.7s, 14450.9s to go
on time step 6689 (time=733.125), 0.129091 s/step
on time step 6721 (time=736.632), 0.127242 s/step
on time step 6754 (time=740.249), 0.124293 s/step
on time step 6787 (time=743.866), 0.121595 s/step
on time step 6821 (time=747.592), 0.118541 s/step
on time step 6855 (time=751.319), 0.120272 s/step
on time step 6888 (time=754.935), 0.123118 s/step
Meep progress: 758.223530398523/24187.657147216796 = 3.1% done in 480.7s, 14854.8s to go
on time step 6920 (time=758.443), 0.125747 s/step
on time step 6952 (time=761.95), 0.127891 s/step
on time step 6983 (time=765.348), 0.129378 s/step
on time step 7014 (time=768.745), 0.130072 s/step
on time step 7045 (time=772.143), 0.130196 s/step
on time step 7076 (time=775.541), 0.130233 s/step
on time step 7107 (time=778.938), 0.13025 s/step
on time step 7138 (time=782.336), 0.130269 s/step
Meep progress: 783.6510902499913/24187.657147216796 = 3.2% done in 510.8s, 15256.3s to go
on time step 7169 (time=785.734), 0.130299 s/step
on time step 7200 (time=789.131), 0.130296 s/step
on time step 7231 (time=792.529), 0.130329 s/step
on time step 7262 (time=795.926), 0.130755 s/step
on time step 7293 (time=799.324), 0.130692 s/step
on time step 7324 (time=802.722), 0.130321 s/step
on time step 7355 (time=806.119), 0.13034 s/step
Meep progress: 808.8594469992917/24187.657147216796 = 3.3% done in 540.8s, 15632.2s to go
on time step 7386 (time=809.517), 0.130377 s/step
on time step 7417 (time=812.915), 0.130372 s/step
on time step 7448 (time=816.312), 0.130315 s/step
on time step 7479 (time=819.71), 0.130077 s/step
on time step 7510 (time=823.108), 0.129664 s/step
on time step 7542 (time=826.615), 0.12883 s/step
on time step 7574 (time=830.122), 0.127889 s/step
on time step 7606 (time=833.629), 0.127547 s/step
Meep progress: 834.3966084018439/24187.657147216796 = 3.4% done in 571.0s, 15980.1s to go
on time step 7638 (time=837.137), 0.128806 s/step
on time step 7669 (time=840.534), 0.129843 s/step
on time step 7700 (time=843.932), 0.130137 s/step
on time step 7731 (time=847.33), 0.130628 s/step
on time step 7762 (time=850.727), 0.130559 s/step
on time step 7793 (time=854.125), 0.130342 s/step
on time step 7824 (time=857.523), 0.130346 s/step
Meep progress: 859.7145667022282/24187.657147216796 = 3.6% done in 601.0s, 16308.7s to go
on time step 7855 (time=860.92), 0.130365 s/step
on time step 7886 (time=864.318), 0.130362 s/step
on time step 7917 (time=867.715), 0.130417 s/step
on time step 7948 (time=871.113), 0.130504 s/step
on time step 7979 (time=874.511), 0.130438 s/step
on time step 8010 (time=877.908), 0.130475 s/step
on time step 8041 (time=881.306), 0.130437 s/step
on time step 8072 (time=884.704), 0.130435 s/step
Meep progress: 884.9229234515286/24187.657147216796 = 3.7% done in 631.0s, 16617.2s to go
on time step 8103 (time=888.101), 0.130428 s/step
on time step 8134 (time=891.499), 0.130448 s/step
on time step 8165 (time=894.897), 0.130431 s/step
on time step 8196 (time=898.294), 0.131669 s/step
on time step 8227 (time=901.692), 0.130453 s/step
on time step 8258 (time=905.09), 0.130441 s/step
on time step 8289 (time=908.487), 0.130446 s/step
Meep progress: 910.131280200829/24187.657147216796 = 3.8% done in 661.1s, 16907.9s to go
on time step 8320 (time=911.885), 0.130462 s/step
on time step 8351 (time=915.283), 0.130293 s/step
on time step 8382 (time=918.68), 0.130201 s/step
on time step 8413 (time=922.078), 0.130241 s/step
on time step 8444 (time=925.475), 0.130243 s/step
on time step 8475 (time=928.873), 0.130305 s/step
on time step 8506 (time=932.271), 0.130349 s/step
Meep progress: 935.4492385012134/24187.657147216796 = 3.9% done in 691.2s, 17180.7s to go
on time step 8537 (time=935.668), 0.130361 s/step
on time step 8568 (time=939.066), 0.130375 s/step
on time step 8599 (time=942.464), 0.130405 s/step
on time step 8630 (time=945.861), 0.130439 s/step
on time step 8661 (time=949.259), 0.131231 s/step
on time step 8692 (time=952.657), 0.13053 s/step
on time step 8723 (time=956.054), 0.130503 s/step
on time step 8754 (time=959.452), 0.130508 s/step
Meep progress: 960.6575952505139/24187.657147216796 = 4.0% done in 721.2s, 17437.9s to go
on time step 8785 (time=962.85), 0.130516 s/step
on time step 8816 (time=966.247), 0.130542 s/step
on time step 8847 (time=969.645), 0.130605 s/step
on time step 8878 (time=973.043), 0.130602 s/step
on time step 8909 (time=976.44), 0.130593 s/step
on time step 8940 (time=979.838), 0.130647 s/step
on time step 8971 (time=983.236), 0.130562 s/step
Meep progress: 985.8659519998142/24187.657147216796 = 4.1% done in 751.3s, 17680.6s to go
on time step 9002 (time=986.633), 0.130578 s/step
on time step 9033 (time=990.031), 0.130588 s/step
on time step 9064 (time=993.428), 0.130591 s/step
on time step 9095 (time=996.826), 0.130588 s/step
on time step 9126 (time=1000.22), 0.131471 s/step
on time step 9157 (time=1003.62), 0.130605 s/step
on time step 9188 (time=1007.02), 0.130704 s/step
on time step 9219 (time=1010.42), 0.13062 s/step
Meep progress: 1011.0743087491146/24187.657147216796 = 4.2% done in 781.3s, 17910.4s to go
on time step 9250 (time=1013.81), 0.130494 s/step
on time step 9281 (time=1017.21), 0.13006 s/step
on time step 9312 (time=1020.61), 0.130167 s/step
on time step 9343 (time=1024.01), 0.130014 s/step
on time step 9374 (time=1027.4), 0.130129 s/step
on time step 9405 (time=1030.8), 0.130127 s/step
on time step 9436 (time=1034.2), 0.129977 s/step
Meep progress: 1036.392267049499/24187.657147216796 = 4.3% done in 811.4s, 18125.3s to go
on time step 9467 (time=1037.6), 0.130008 s/step
on time step 9498 (time=1041), 0.129997 s/step
on time step 9529 (time=1044.39), 0.130091 s/step
on time step 9560 (time=1047.79), 0.130003 s/step
on time step 9591 (time=1051.19), 0.130034 s/step
on time step 9622 (time=1054.59), 0.129978 s/step
on time step 9653 (time=1057.98), 0.129973 s/step
on time step 9684 (time=1061.38), 0.130064 s/step
Meep progress: 1061.7102253498833/24187.657147216796 = 4.4% done in 841.4s, 18328.1s to go
on time step 9715 (time=1064.78), 0.130063 s/step
on time step 9746 (time=1068.18), 0.130053 s/step
on time step 9777 (time=1071.57), 0.130299 s/step
on time step 9808 (time=1074.97), 0.130129 s/step
on time step 9839 (time=1078.37), 0.130112 s/step
on time step 9870 (time=1081.77), 0.13009 s/step
on time step 9901 (time=1085.16), 0.130101 s/step
Meep progress: 1087.0281836502677/24187.657147216796 = 4.5% done in 871.5s, 18520.5s to go
on time step 9932 (time=1088.56), 0.130111 s/step
on time step 9963 (time=1091.96), 0.130092 s/step
on time step 9994 (time=1095.36), 0.130108 s/step
on time step 10025 (time=1098.76), 0.130117 s/step
on time step 10056 (time=1102.15), 0.130225 s/step
on time step 10087 (time=1105.55), 0.130104 s/step
on time step 10118 (time=1108.95), 0.13009 s/step
Meep progress: 1112.346141950652/24187.657147216796 = 4.6% done in 901.6s, 18702.8s to go
on time step 10149 (time=1112.35), 0.130105 s/step
on time step 10180 (time=1115.74), 0.130072 s/step
on time step 10211 (time=1119.14), 0.129952 s/step
on time step 10242 (time=1122.54), 0.13009 s/step
on time step 10273 (time=1125.94), 0.12991 s/step
on time step 10304 (time=1129.33), 0.129899 s/step
on time step 10335 (time=1132.73), 0.129935 s/step
on time step 10366 (time=1136.13), 0.129945 s/step
Meep progress: 1137.6641002510364/24187.657147216796 = 4.7% done in 931.6s, 18874.9s to go
on time step 10397 (time=1139.53), 0.129946 s/step
on time step 10428 (time=1142.92), 0.129931 s/step
on time step 10459 (time=1146.32), 0.129947 s/step
on time step 10490 (time=1149.72), 0.129986 s/step
on time step 10521 (time=1153.12), 0.130017 s/step
on time step 10552 (time=1156.52), 0.129997 s/step
on time step 10583 (time=1159.91), 0.129967 s/step
Meep progress: 1162.9820585514206/24187.657147216796 = 4.8% done in 961.6s, 19038.3s to go
on time step 10614 (time=1163.31), 0.129971 s/step
on time step 10645 (time=1166.71), 0.129982 s/step
on time step 10676 (time=1170.11), 0.131864 s/step
on time step 10706 (time=1173.39), 0.135245 s/step
on time step 10736 (time=1176.68), 0.137646 s/step
on time step 10765 (time=1179.86), 0.139367 s/step
on time step 10794 (time=1183.04), 0.141019 s/step
on time step 10822 (time=1186.11), 0.145056 s/step
Meep progress: 1186.984798238798/24187.657147216796 = 4.9% done in 991.7s, 19216.7s to go
on time step 10849 (time=1189.07), 0.149466 s/step
on time step 10876 (time=1192.03), 0.153234 s/step
on time step 10902 (time=1194.88), 0.157118 s/step
on time step 10927 (time=1197.62), 0.160331 s/step
on time step 10952 (time=1200.36), 0.163385 s/step
on time step 10977 (time=1203.1), 0.165861 s/step
on time step 11001 (time=1205.73), 0.167704 s/step
Meep progress: 1207.48028829149/24187.657147216796 = 5.0% done in 1021.7s, 19445.4s to go
on time step 11025 (time=1208.36), 0.168868 s/step
on time step 11049 (time=1210.99), 0.169205 s/step
on time step 11073 (time=1213.62), 0.169148 s/step
on time step 11097 (time=1216.25), 0.168943 s/step
on time step 11121 (time=1218.88), 0.169197 s/step
on time step 11145 (time=1221.51), 0.16937 s/step
on time step 11169 (time=1224.14), 0.169415 s/step
on time step 11193 (time=1226.77), 0.169201 s/step
Meep progress: 1226.9893643844268/24187.657147216796 = 5.1% done in 1051.9s, 19683.7s to go
on time step 11217 (time=1229.4), 0.169341 s/step
on time step 11241 (time=1232.03), 0.169587 s/step
on time step 11265 (time=1234.66), 0.169512 s/step
on time step 11289 (time=1237.29), 0.169599 s/step
on time step 11313 (time=1239.92), 0.169535 s/step
on time step 11337 (time=1242.55), 0.169493 s/step
on time step 11361 (time=1245.18), 0.16938 s/step
Meep progress: 1246.38883892628/24187.657147216796 = 5.2% done in 1081.9s, 19913.2s to go
on time step 11385 (time=1247.81), 0.169197 s/step
on time step 11409 (time=1250.44), 0.169162 s/step
on time step 11433 (time=1253.07), 0.16992 s/step
on time step 11457 (time=1255.7), 0.169716 s/step
on time step 11481 (time=1258.34), 0.169461 s/step
on time step 11505 (time=1260.97), 0.169614 s/step
on time step 11529 (time=1263.6), 0.170062 s/step
Meep progress: 1265.7883134681329/24187.657147216796 = 5.2% done in 1111.9s, 20135.4s to go
on time step 11553 (time=1266.23), 0.170141 s/step
on time step 11577 (time=1268.86), 0.169886 s/step
on time step 11601 (time=1271.49), 0.170326 s/step
on time step 11625 (time=1274.12), 0.170615 s/step
on time step 11649 (time=1276.75), 0.170795 s/step
on time step 11673 (time=1279.38), 0.170917 s/step
on time step 11697 (time=1282.01), 0.171903 s/step
on time step 11721 (time=1284.64), 0.172218 s/step
Meep progress: 1285.0781864589019/24187.657147216796 = 5.3% done in 1142.0s, 20352.9s to go
on time step 11745 (time=1287.27), 0.172394 s/step
on time step 11769 (time=1289.9), 0.171458 s/step
on time step 11793 (time=1292.53), 0.17159 s/step
on time step 11817 (time=1295.16), 0.171861 s/step
on time step 11841 (time=1297.79), 0.172909 s/step
on time step 11865 (time=1300.42), 0.172679 s/step
on time step 11889 (time=1303.05), 0.17283 s/step
Meep progress: 1304.2584578985868/24187.657147216796 = 5.4% done in 1172.2s, 20565.7s to go
on time step 11913 (time=1305.68), 0.172425 s/step
on time step 11937 (time=1308.31), 0.173082 s/step
on time step 11961 (time=1310.94), 0.172882 s/step
on time step 11985 (time=1313.57), 0.173301 s/step
on time step 12009 (time=1316.21), 0.172952 s/step
on time step 12033 (time=1318.84), 0.173741 s/step
on time step 12057 (time=1321.47), 0.172694 s/step
Meep progress: 1323.329127787188/24187.657147216796 = 5.5% done in 1202.3s, 20772.8s to go
on time step 12081 (time=1324.1), 0.172841 s/step
on time step 12105 (time=1326.73), 0.172519 s/step
on time step 12129 (time=1329.36), 0.173097 s/step
on time step 12153 (time=1331.99), 0.172207 s/step
on time step 12177 (time=1334.62), 0.172447 s/step
on time step 12201 (time=1337.25), 0.172924 s/step
on time step 12225 (time=1339.88), 0.173382 s/step
Meep progress: 1342.3997976757894/24187.657147216796 = 5.5% done in 1232.4s, 20972.6s to go
on time step 12249 (time=1342.51), 0.173724 s/step
on time step 12273 (time=1345.14), 0.173687 s/step
on time step 12296 (time=1347.66), 0.174198 s/step
on time step 12319 (time=1350.18), 0.174376 s/step
on time step 12342 (time=1352.7), 0.174299 s/step
on time step 12365 (time=1355.22), 0.174267 s/step
on time step 12388 (time=1357.74), 0.174045 s/step
