Warning: grid volume is not an integer number of pixels; cell size will be rounded to nearest pixel.
Using MPI version 3.1, 32 processes
Argument List: ['../SidePolishModel/twoDsolve.py', '500']
WD: ../data/2022-03-08/2mm_2Dmodel/
AlreadyDir
-----------
Initializing structure...
Splitting into 32 chunks by voxels
time for choose_chunkdivision = 0.0045692 s
Working in 2D dimensions.
Computational cell is 1213.96 x 170.035 x 0 with resolution 6.45161
     block, center = (0,0,0)
          size (1e+20,1e+20,1e+20)
          axes (1,0,0), (0,1,0), (0,0,1)
          dielectric constant epsilon diagonal = (1.9881,1.9881,1.9881)
     block, center = (0,-29.2,0)
          size (1e+20,66.6,1e+20)
          axes (1,0,0), (0,1,0), (0,0,1)
          dielectric constant epsilon diagonal = (2.0736,2.0736,2.0736)
     block, center = (0,0,0)
          size (1e+20,8.2,1e+20)
          axes (1,0,0), (0,1,0), (0,0,1)
          dielectric constant epsilon diagonal = (2.08803,2.08803,2.08803)
     prism, center = (-250,-23.75,0)
          height 1, axis (0,0,1), sidewall angle: 0 radians, 4 vertices:
          (-411,4.1,-0.5)
          (-89,4.1,-0.5)
          (-122.999,-51.6,-0.5)
          (-377.001,-51.6,-0.5)
          dielectric constant epsilon diagonal = (1.9881,1.9881,1.9881)
     prism, center = (250,-23.75,0)
          height 1, axis (0,0,1), sidewall angle: 0 radians, 4 vertices:
          (89,4.1,-0.5)
          (411,4.1,-0.5)
          (377.001,-51.6,-0.5)
          (122.999,-51.6,-0.5)
          dielectric constant epsilon diagonal = (1.9881,1.9881,1.9881)
time for set_epsilon = 1.4921 s
-----------
MPB solved for frequency_1(0.4,0,0) = 0.278044 after 38 iters
MPB solved for frequency_1(0.930873,0,0) = 0.645079 after 38 iters
MPB solved for frequency_1(0.930991,0,0) = 0.645161 after 13 iters
MPB solved for frequency_1(0.930991,0,0) = 0.645161 after 1 iters
Meep: using output directory '../data/2022-03-08/2mm_2Dmodel/'

Elapsed run time = 4.0678 s
