Warning: grid volume is not an integer number of pixels; cell size will be rounded to nearest pixel.
Using MPI version 3.1, 24 processes
WD: ../data/2022-03-07/2DMode2Exp_2mm_2Dmodel/
AlreadyDir
-----------
Initializing structure...
Splitting into 24 chunks by voxels
time for choose_chunkdivision = 0.00675903 s
Working in 2D dimensions.
Computational cell is 2714.05 x 170.035 x 0 with resolution 6.45161
     block, center = (0,0,0)
          size (1e+20,1e+20,1e+20)
          axes (1,0,0), (0,1,0), (0,0,1)
          dielectric constant epsilon diagonal = (1,1,1)
     block, center = (0,-29.2,0)
          size (1e+20,66.6,1e+20)
          axes (1,0,0), (0,1,0), (0,0,1)
          dielectric constant epsilon diagonal = (2.0736,2.0736,2.0736)
     block, center = (0,0,0)
          size (1e+20,8.2,1e+20)
          axes (1,0,0), (0,1,0), (0,0,1)
          dielectric constant epsilon diagonal = (2.08803,2.08803,2.08803)
time for set_epsilon = 0.850975 s
-----------
MPB solved for frequency_1(0.4,0,0) = 0.279228 after 17 iters
MPB solved for frequency_1(0.931295,0,0) = 0.645713 after 107 iters
MPB solved for frequency_1(0.930496,0,0) = 0.645161 after 3 iters
MPB solved for frequency_1(0.930496,0,0) = 0.645161 after 1 iters
Meep: using output directory '../data/2022-03-07/2DMode2Exp_2mm_2Dmodel/'


Normalisation Run


on time step 27 (time=2.95924), 0.149831 s/step
on time step 92 (time=10.0833), 0.0620722 s/step
on time step 157 (time=17.2074), 0.0618205 s/step
on time step 222 (time=24.3315), 0.0621115 s/step
on time step 287 (time=31.4556), 0.0618186 s/step
on time step 352 (time=38.5797), 0.0618259 s/step
on time step 417 (time=45.7038), 0.0620269 s/step
Meep progress: 48.991893334509946/20149.19052734375 = 0.2% done in 30.1s, 12332.8s to go
on time step 482 (time=52.8279), 0.0618375 s/step
on time step 547 (time=59.952), 0.0618324 s/step
on time step 612 (time=67.0761), 0.0618035 s/step
on time step 677 (time=74.2003), 0.0618087 s/step
on time step 742 (time=81.3244), 0.0618051 s/step
on time step 807 (time=88.4485), 0.0620419 s/step
on time step 872 (time=95.5726), 0.0617912 s/step
Meep progress: 102.25824716129257/20149.19052734375 = 0.5% done in 60.1s, 11785.5s to go
on time step 937 (time=102.697), 0.0618218 s/step
on time step 1002 (time=109.821), 0.0618394 s/step
on time step 1067 (time=116.945), 0.0618081 s/step
on time step 1132 (time=124.069), 0.0618082 s/step
on time step 1197 (time=131.193), 0.0617944 s/step
on time step 1262 (time=138.317), 0.0618284 s/step
on time step 1327 (time=145.441), 0.0619459 s/step
on time step 1392 (time=152.565), 0.0621249 s/step
Meep progress: 155.41499943699128/20149.19052734375 = 0.8% done in 90.1s, 11596.0s to go
on time step 1457 (time=159.689), 0.062138 s/step
on time step 1522 (time=166.814), 0.0621056 s/step
on time step 1587 (time=173.938), 0.0621111 s/step
on time step 1652 (time=181.062), 0.0621738 s/step
on time step 1717 (time=188.186), 0.0621252 s/step
on time step 1782 (time=195.31), 0.0621603 s/step
on time step 1847 (time=202.434), 0.0621177 s/step
Meep progress: 208.35254861052215/20149.19052734375 = 1.0% done in 120.1s, 11499.1s to go
on time step 1912 (time=209.558), 0.062126 s/step
on time step 1977 (time=216.682), 0.0621698 s/step
on time step 2042 (time=223.806), 0.0622028 s/step
on time step 2107 (time=230.93), 0.0622743 s/step
on time step 2171 (time=237.945), 0.0625479 s/step
on time step 2236 (time=245.069), 0.0624973 s/step
on time step 2300 (time=252.084), 0.06276 s/step
on time step 2364 (time=259.098), 0.0627032 s/step
Meep progress: 261.0708946818852/20149.19052734375 = 1.3% done in 150.2s, 11441.6s to go
on time step 2428 (time=266.113), 0.0628537 s/step
on time step 2492 (time=273.127), 0.0628316 s/step
on time step 2554 (time=279.922), 0.0645851 s/step
on time step 2611 (time=286.17), 0.0707228 s/step
on time step 2662 (time=291.759), 0.0787152 s/step
on time step 2709 (time=296.911), 0.0856241 s/step
on time step 2754 (time=301.843), 0.0891695 s/step
Meep progress: 305.4595228708707/20149.19052734375 = 1.5% done in 180.3s, 11709.8s to go
on time step 2797 (time=306.556), 0.093045 s/step
on time step 2839 (time=311.159), 0.0954008 s/step
on time step 2881 (time=315.762), 0.0966244 s/step
on time step 2923 (time=320.365), 0.0971031 s/step
on time step 2965 (time=324.969), 0.097381 s/step
on time step 3007 (time=329.572), 0.0969704 s/step
on time step 3049 (time=334.175), 0.0960565 s/step
on time step 3092 (time=338.888), 0.0936622 s/step
Meep progress: 339.7648083601361/20149.19052734375 = 1.7% done in 210.3s, 12261.9s to go
on time step 3136 (time=343.71), 0.0915271 s/step
on time step 3183 (time=348.862), 0.086607 s/step
on time step 3234 (time=354.451), 0.0798372 s/step
on time step 3281 (time=359.603), 0.0862795 s/step
on time step 3323 (time=364.206), 0.0961505 s/step
on time step 3362 (time=368.48), 0.104668 s/step
on time step 3398 (time=372.426), 0.111824 s/step
Meep progress: 374.7277031559049/20149.19052734375 = 1.9% done in 240.4s, 12686.3s to go
on time step 3432 (time=376.153), 0.118694 s/step
on time step 3464 (time=379.66), 0.125088 s/step
on time step 3495 (time=383.057), 0.131459 s/step
on time step 3525 (time=386.345), 0.137244 s/step
on time step 3554 (time=389.524), 0.142407 s/step
on time step 3582 (time=392.593), 0.146748 s/step
on time step 3609 (time=395.552), 0.150363 s/step
Meep progress: 398.40163819003055/20149.19052734375 = 2.0% done in 270.5s, 13407.9s to go
on time step 3636 (time=398.511), 0.153273 s/step
on time step 3662 (time=401.361), 0.154505 s/step
on time step 3688 (time=404.211), 0.154788 s/step
on time step 3714 (time=407.06), 0.154948 s/step
on time step 3740 (time=409.91), 0.15472 s/step
on time step 3766 (time=412.759), 0.154011 s/step
on time step 3792 (time=415.609), 0.154289 s/step
on time step 3819 (time=418.568), 0.152513 s/step
Meep progress: 419.77394065139396/20149.19052734375 = 2.1% done in 300.5s, 14124.4s to go
on time step 3846 (time=421.528), 0.151365 s/step
on time step 3873 (time=424.487), 0.149 s/step
on time step 3901 (time=427.556), 0.146071 s/step
on time step 3930 (time=430.734), 0.141565 s/step
on time step 3960 (time=434.022), 0.135423 s/step
on time step 3992 (time=437.529), 0.128325 s/step
on time step 4026 (time=441.256), 0.120029 s/step
Meep progress: 444.3246880941909/20149.19052734375 = 2.2% done in 330.6s, 14659.8s to go
on time step 4062 (time=445.202), 0.112673 s/step
on time step 4097 (time=449.038), 0.117339 s/step
on time step 4129 (time=452.545), 0.128138 s/step
on time step 4158 (time=455.723), 0.138521 s/step
on time step 4185 (time=458.682), 0.148421 s/step
on time step 4211 (time=461.532), 0.157148 s/step
on time step 4236 (time=464.272), 0.165185 s/step
on time step 4260 (time=466.903), 0.171935 s/step
Meep progress: 467.34101382181296/20149.19052734375 = 2.3% done in 360.7s, 15191.9s to go
on time step 4283 (time=469.423), 0.176963 s/step
on time step 4306 (time=471.944), 0.181102 s/step
on time step 4328 (time=474.356), 0.184941 s/step
on time step 4350 (time=476.767), 0.188482 s/step
on time step 4371 (time=479.068), 0.191701 s/step
on time step 4392 (time=481.37), 0.194593 s/step
on time step 4413 (time=483.672), 0.197248 s/step
Meep progress: 484.8772619952394/20149.19052734375 = 2.4% done in 390.9s, 15854.1s to go
on time step 4434 (time=485.973), 0.1997 s/step
on time step 4454 (time=488.165), 0.201845 s/step
on time step 4474 (time=490.357), 0.203704 s/step
on time step 4494 (time=492.549), 0.205414 s/step
on time step 4514 (time=494.741), 0.20688 s/step
on time step 4534 (time=496.933), 0.208757 s/step
on time step 4554 (time=499.125), 0.209143 s/step
