Warning: grid volume is not an integer number of pixels; cell size will be rounded to nearest pixel.
Using MPI version 3.1, 24 processes
WD: ../data/2022-03-07/2DMode2Exp_2mm_2Dmodel/
AlreadyDir
-----------
Initializing structure...
Splitting into 24 chunks by voxels
time for choose_chunkdivision = 0.00685408 s
Working in 2D dimensions.
Computational cell is 2714.05 x 170.035 x 0 with resolution 6.45161
     block, center = (0,0,0)
          size (1e+20,1e+20,1e+20)
          axes (1,0,0), (0,1,0), (0,0,1)
          dielectric constant epsilon diagonal = (1,1,1)
     block, center = (0,-29.2,0)
          size (1e+20,66.6,1e+20)
          axes (1,0,0), (0,1,0), (0,0,1)
          dielectric constant epsilon diagonal = (2.0736,2.0736,2.0736)
     block, center = (0,0,0)
          size (1e+20,8.2,1e+20)
          axes (1,0,0), (0,1,0), (0,0,1)
          dielectric constant epsilon diagonal = (2.08803,2.08803,2.08803)
time for set_epsilon = 0.914747 s
-----------
MPB solved for frequency_1(0.4,0,0) = 0.279228 after 17 iters
MPB solved for frequency_1(0.931295,0,0) = 0.645713 after 107 iters
MPB solved for frequency_1(0.930496,0,0) = 0.645161 after 3 iters
MPB solved for frequency_1(0.930496,0,0) = 0.645161 after 1 iters
Meep: using output directory '../data/2022-03-07/2DMode2Exp_2mm_2Dmodel/'


Normalisation Run


on time step 33 (time=3.61685), 0.122324 s/step
on time step 110 (time=12.0562), 0.0522995 s/step
on time step 187 (time=20.4955), 0.0523878 s/step
on time step 264 (time=28.9348), 0.0523004 s/step
on time step 341 (time=37.3741), 0.0523713 s/step
on time step 418 (time=45.8134), 0.0523967 s/step
on time step 495 (time=54.2528), 0.0524627 s/step
Meep progress: 57.979220523390964/20149.19052734375 = 0.3% done in 30.0s, 10401.0s to go
on time step 572 (time=62.6921), 0.0523783 s/step
on time step 649 (time=71.1314), 0.0524402 s/step
on time step 726 (time=79.5707), 0.0524969 s/step
on time step 803 (time=88.01), 0.05254 s/step
on time step 880 (time=96.4494), 0.052528 s/step
on time step 957 (time=104.889), 0.0524698 s/step
on time step 1034 (time=113.328), 0.052504 s/step
Meep progress: 120.67130774339027/20149.19052734375 = 0.6% done in 60.0s, 9965.7s to go
on time step 1111 (time=121.767), 0.0524705 s/step
on time step 1188 (time=130.207), 0.0525697 s/step
on time step 1264 (time=138.536), 0.0526318 s/step
on time step 1341 (time=146.976), 0.0525689 s/step
on time step 1418 (time=155.415), 0.0526287 s/step
on time step 1495 (time=163.854), 0.0526306 s/step
on time step 1571 (time=172.184), 0.0526362 s/step
on time step 1647 (time=180.514), 0.0526346 s/step
Meep progress: 183.25379341230567/20149.19052734375 = 0.9% done in 90.1s, 9815.7s to go
on time step 1723 (time=188.843), 0.0527202 s/step
on time step 1800 (time=197.283), 0.052496 s/step
on time step 1877 (time=205.722), 0.0525626 s/step
on time step 1951 (time=213.833), 0.0541915 s/step
on time step 2023 (time=221.724), 0.0561583 s/step
on time step 2092 (time=229.286), 0.0584388 s/step
on time step 2160 (time=236.739), 0.0591014 s/step
Meep progress: 242.65783409978752/20149.19052734375 = 1.2% done in 120.1s, 9855.5s to go
on time step 2229 (time=244.302), 0.0582613 s/step
on time step 2300 (time=252.084), 0.056341 s/step
on time step 2373 (time=260.084), 0.055053 s/step
on time step 2444 (time=267.866), 0.0569867 s/step
on time step 2510 (time=275.1), 0.0608343 s/step
on time step 2569 (time=281.566), 0.0679458 s/step
on time step 2623 (time=287.485), 0.0750045 s/step
on time step 2673 (time=292.965), 0.0816952 s/step
Meep progress: 294.1705631092275/20149.19052734375 = 1.5% done in 150.2s, 10136.2s to go
on time step 2719 (time=298.007), 0.087903 s/step
on time step 2763 (time=302.829), 0.091986 s/step
on time step 2805 (time=307.432), 0.0954433 s/step
on time step 2846 (time=311.926), 0.0975999 s/step
on time step 2887 (time=316.42), 0.0989557 s/step
on time step 2927 (time=320.804), 0.100186 s/step
on time step 2967 (time=325.188), 0.10052 s/step
Meep progress: 328.256645496325/20149.19052734375 = 1.6% done in 180.2s, 10882.0s to go
on time step 3008 (time=329.681), 0.0997274 s/step
on time step 3049 (time=334.175), 0.0987743 s/step
on time step 3091 (time=338.778), 0.0965936 s/step
on time step 3135 (time=343.601), 0.0925278 s/step
on time step 3181 (time=348.643), 0.087601 s/step
on time step 3230 (time=354.013), 0.0822657 s/step
on time step 3276 (time=359.055), 0.0878968 s/step
on time step 3317 (time=363.548), 0.0980971 s/step
Meep progress: 363.98675114968125/20149.19052734375 = 1.8% done in 210.2s, 11427.6s to go
on time step 3355 (time=367.713), 0.106438 s/step
on time step 3391 (time=371.659), 0.113367 s/step
on time step 3425 (time=375.385), 0.120299 s/step
on time step 3457 (time=378.893), 0.126567 s/step
on time step 3488 (time=382.29), 0.132335 s/step
on time step 3517 (time=385.469), 0.138046 s/step
on time step 3545 (time=388.537), 0.143025 s/step
Meep progress: 390.071920307653/20149.19052734375 = 1.9% done in 240.2s, 12169.7s to go
on time step 3573 (time=391.606), 0.147249 s/step
on time step 3600 (time=394.566), 0.151057 s/step
on time step 3626 (time=397.415), 0.154324 s/step
on time step 3652 (time=400.265), 0.156098 s/step
on time step 3678 (time=403.115), 0.157556 s/step
on time step 3704 (time=405.964), 0.157255 s/step
srun: Job step aborted: Waiting up to 62 seconds for job step to finish.
srun: got SIGCONT
slurmstepd: error: *** JOB 652420 ON topsy-cn-1-12 CANCELLED AT 2022-03-07T19:13:16 ***
srun: forcing job termination
slurmstepd: error: *** STEP 652420.0 ON topsy-cn-1-12 CANCELLED AT 2022-03-07T19:13:16 ***
srun: error: topsy-cn-2-6: tasks 16-23: Terminated
srun: error: topsy-cn-1-12: tasks 0-15: Terminated
