Using MPI version 3.1, 32 processes
WD: data/2021-11-12/DblCavity/
AlreadyDir
-----------
Initializing structure...
Splitting into 32 chunks by voxels
time for choose_chunkdivision = 0.00248417 s
Working in 2D dimensions.
Computational cell is 810 x 100 x 0 with resolution 5
     block, center = (0,0,0)
          size (1e+20,1e+20,1e+20)
          axes (1,0,0), (0,1,0), (0,0,1)
          dielectric constant epsilon diagonal = (1,1,1)
     block, center = (0,-26.25,0)
          size (1e+20,62.5,1e+20)
          axes (1,0,0), (0,1,0), (0,0,1)
          dielectric constant epsilon diagonal = (2.0736,2.0736,2.0736)
     block, center = (0,0,0)
          size (1e+20,8.2,1e+20)
          axes (1,0,0), (0,1,0), (0,0,1)
          dielectric constant epsilon diagonal = (2.08803,2.08803,2.08803)
time for set_epsilon = 0.333403 s
-----------
MPB solved for frequency_1(0.4,0,0) = 0.278542 after 47 iters
MPB solved for frequency_1(0.931904,0,0) = 0.645792 after 67 iters
MPB solved for frequency_1(0.930992,0,0) = 0.645161 after 59 iters
MPB solved for frequency_1(0.930992,0,0) = 0.645161 after 24 iters
MPB solved for frequency_1(0.930992,0,0) = 0.645161 after 8 iters
MPB solved for frequency_1(0.930992,0,0) = 0.645161 after 4 iters
MPB solved for frequency_1(0.930992,0,0) = 0.645161 after 2 iters
Meep: using output directory 'data/2021-11-12/DblCavity/'
Vector3<401.5, 0.0, 0.0>
on time step 481 (time=48.1), 0.00831744 s/step
on time step 1073 (time=107.3), 0.00676294 s/step
on time step 1668 (time=166.8), 0.00673556 s/step
on time step 2260 (time=226), 0.00676297 s/step
on time step 2830 (time=283), 0.00702623 s/step
on time step 3397 (time=339.7), 0.0070575 s/step
on time step 3966 (time=396.6), 0.00703578 s/step
on time step 4532 (time=453.2), 0.00706835 s/step
on time step 5088 (time=508.8), 0.00720522 s/step
on time step 5661 (time=566.1), 0.00699204 s/step
on time step 6241 (time=624.1), 0.00689775 s/step
on time step 6698 (time=669.8), 0.00878721 s/step
on time step 7206 (time=720.6), 0.00788592 s/step
on time step 7796 (time=779.6), 0.00678488 s/step
on time step 8386 (time=838.6), 0.00678104 s/step
on time step 8978 (time=897.8), 0.00676192 s/step
on time step 9563 (time=956.3), 0.00683973 s/step
on time step 10155 (time=1015.5), 0.00676579 s/step
on time step 10747 (time=1074.7), 0.00675859 s/step
on time step 11338 (time=1133.8), 0.00677625 s/step
on time step 11930 (time=1193), 0.00676053 s/step
on time step 12518 (time=1251.8), 0.00681187 s/step
on time step 13110 (time=1311), 0.00675802 s/step
on time step 13702 (time=1370.2), 0.00676697 s/step
on time step 14294 (time=1429.4), 0.00676729 s/step
on time step 14886 (time=1488.6), 0.00675899 s/step
on time step 15478 (time=1547.8), 0.00675787 s/step
on time step 16070 (time=1607), 0.0067618 s/step
on time step 16660 (time=1666), 0.00678729 s/step
on time step 17251 (time=1725.1), 0.00677949 s/step
on time step 17843 (time=1784.3), 0.00676373 s/step
on time step 18434 (time=1843.4), 0.00677185 s/step
on time step 19027 (time=1902.7), 0.0067557 s/step
on time step 19620 (time=1962), 0.00674747 s/step
field decay(t = 2000.1000000000001): 0.1796493287469193 / 0.1796493287469193 = 1.0
on time step 20210 (time=2021), 0.00678158 s/step
on time step 20800 (time=2080), 0.00678863 s/step
on time step 21390 (time=2139), 0.00678355 s/step
on time step 21982 (time=2198.2), 0.00676078 s/step
on time step 22574 (time=2257.4), 0.00676484 s/step
on time step 23166 (time=2316.6), 0.00675813 s/step
on time step 23759 (time=2375.9), 0.00675656 s/step
on time step 24351 (time=2435.1), 0.00675757 s/step
on time step 24942 (time=2494.2), 0.00676869 s/step
on time step 25531 (time=2553.1), 0.00680117 s/step
on time step 26120 (time=2612), 0.00679705 s/step
on time step 26710 (time=2671), 0.00678133 s/step
on time step 27300 (time=2730), 0.00678001 s/step
on time step 27891 (time=2789.1), 0.00676911 s/step
on time step 28483 (time=2848.3), 0.00675833 s/step
on time step 29070 (time=2907), 0.00682244 s/step
on time step 29660 (time=2966), 0.00678993 s/step
on time step 30250 (time=3025), 0.00678994 s/step
on time step 30843 (time=3084.3), 0.00675603 s/step
on time step 31435 (time=3143.5), 0.00676595 s/step
on time step 32026 (time=3202.6), 0.00676988 s/step
on time step 32618 (time=3261.8), 0.00676447 s/step
on time step 33210 (time=3321), 0.00675717 s/step
on time step 33802 (time=3380.2), 0.00676701 s/step
on time step 34391 (time=3439.1), 0.00680046 s/step
on time step 34981 (time=3498.1), 0.00679075 s/step
on time step 35573 (time=3557.3), 0.00676622 s/step
on time step 36165 (time=3616.5), 0.00676294 s/step
on time step 36757 (time=3675.7), 0.00675826 s/step
on time step 37350 (time=3735), 0.00674776 s/step
on time step 37940 (time=3794), 0.00678111 s/step
on time step 38530 (time=3853), 0.00677997 s/step
on time step 39120 (time=3912), 0.0067842 s/step
on time step 39713 (time=3971.3), 0.00675151 s/step
field decay(t = 4000.1000000000004): 0.0010287880465843723 / 0.1796493287469193 = 0.0057266456477200415
on time step 40301 (time=4030.1), 0.00680772 s/step
on time step 40892 (time=4089.2), 0.00677327 s/step
on time step 41485 (time=4148.5), 0.00674878 s/step
on time step 42078 (time=4207.8), 0.00674976 s/step
on time step 42669 (time=4266.9), 0.00677308 s/step
on time step 43257 (time=4325.7), 0.00681103 s/step
on time step 43845 (time=4384.5), 0.00680782 s/step
on time step 44436 (time=4443.6), 0.00677734 s/step
on time step 45028 (time=4502.8), 0.00676284 s/step
on time step 45620 (time=4562), 0.00675737 s/step
on time step 46212 (time=4621.2), 0.00676604 s/step
on time step 46803 (time=4680.3), 0.00677274 s/step
on time step 47393 (time=4739.3), 0.00678823 s/step
on time step 47982 (time=4798.2), 0.00679659 s/step
on time step 48574 (time=4857.4), 0.00676459 s/step
on time step 49165 (time=4916.5), 0.00677232 s/step
on time step 49755 (time=4975.5), 0.00678357 s/step
on time step 50347 (time=5034.7), 0.00676306 s/step
on time step 50940 (time=5094), 0.00674824 s/step
on time step 51531 (time=5153.1), 0.00677862 s/step
on time step 52118 (time=5211.8), 0.00681898 s/step
on time step 52707 (time=5270.7), 0.00679485 s/step
on time step 53297 (time=5329.7), 0.00678423 s/step
on time step 53888 (time=5388.8), 0.00677788 s/step
on time step 54479 (time=5447.9), 0.00677609 s/step
on time step 55070 (time=5507), 0.00677921 s/step
on time step 55660 (time=5566), 0.00678219 s/step
on time step 56251 (time=5625.1), 0.00677368 s/step
on time step 56841 (time=5684.1), 0.00678466 s/step
on time step 57433 (time=5743.3), 0.0067579 s/step
on time step 58024 (time=5802.4), 0.00677181 s/step
on time step 58615 (time=5861.5), 0.00677353 s/step
on time step 59208 (time=5920.8), 0.00675336 s/step
on time step 59799 (time=5979.9), 0.0067708 s/step
field decay(t = 6000.200000000001): 6.878335331263712e-17 / 0.1796493287469193 = 3.828756488677759e-16
run 0 finished at t = 6000.200000000001 (60002 timesteps)
WD: data/2021-11-12/DblCavity/
AlreadyDir
-----------
Initializing structure...
Splitting into 32 chunks by voxels
time for choose_chunkdivision = 0.00251999 s
Working in 2D dimensions.
Computational cell is 810 x 100 x 0 with resolution 5
     block, center = (0,0,0)
          size (1e+20,1e+20,1e+20)
          axes (1,0,0), (0,1,0), (0,0,1)
          dielectric constant epsilon diagonal = (1,1,1)
     block, center = (0,-26.25,0)
          size (1e+20,62.5,1e+20)
          axes (1,0,0), (0,1,0), (0,0,1)
          dielectric constant epsilon diagonal = (2.0736,2.0736,2.0736)
     block, center = (0,0,0)
          size (1e+20,8.2,1e+20)
          axes (1,0,0), (0,1,0), (0,0,1)
          dielectric constant epsilon diagonal = (2.08803,2.08803,2.08803)
     block, center = (-100,-10.9,0)
          size (50,40,1e+20)
          axes (1,0,0), (0,1,0), (0,0,1)
          dielectric constant epsilon diagonal = (1,1,1)
     block, center = (100,-10.9,0)
          size (50,40,1e+20)
          axes (1,0,0), (0,1,0), (0,0,1)
          dielectric constant epsilon diagonal = (1,1,1)
time for set_epsilon = 0.301894 s
-----------
MPB solved for frequency_1(0.4,0,0) = 0.278542 after 47 iters
MPB solved for frequency_1(0.931904,0,0) = 0.645792 after 67 iters
MPB solved for frequency_1(0.930992,0,0) = 0.645161 after 59 iters
MPB solved for frequency_1(0.930992,0,0) = 0.645161 after 24 iters
MPB solved for frequency_1(0.930992,0,0) = 0.645161 after 8 iters
MPB solved for frequency_1(0.930992,0,0) = 0.645161 after 4 iters
MPB solved for frequency_1(0.930992,0,0) = 0.645161 after 2 iters
Meep: using output directory 'data/2021-11-12/DblCavity/'
Actual Simtime: 3.3333333333333334e-09
creating output file "data/2021-11-12/DblCavity//RunModel-eps-000000.00.h5"...
on time step 480 (time=48), 0.00833869 s/step
on time step 1063 (time=106.3), 0.00686354 s/step
on time step 1649 (time=164.9), 0.00682606 s/step
on time step 2230 (time=223), 0.00689495 s/step
on time step 2794 (time=279.4), 0.00709778 s/step
on time step 3357 (time=335.7), 0.00711495 s/step
on time step 3916 (time=391.6), 0.00716574 s/step
on time step 4471 (time=447.1), 0.0072134 s/step
on time step 5024 (time=502.4), 0.00724546 s/step
on time step 5598 (time=559.8), 0.00697383 s/step
on time step 6176 (time=617.6), 0.0069281 s/step
on time step 6667 (time=666.7), 0.00816861 s/step
on time step 7139 (time=713.9), 0.00847975 s/step
on time step 7731 (time=773.1), 0.00676043 s/step
on time step 8323 (time=832.3), 0.00676612 s/step
on time step 8913 (time=891.3), 0.00678426 s/step
on time step 9502 (time=950.2), 0.00679843 s/step
on time step 10093 (time=1009.3), 0.00677439 s/step
on time step 10684 (time=1068.4), 0.00677749 s/step
on time step 11277 (time=1127.7), 0.00675585 s/step
on time step 11869 (time=1186.9), 0.00676179 s/step
on time step 12459 (time=1245.9), 0.00678593 s/step
on time step 13048 (time=1304.8), 0.00679322 s/step
on time step 13637 (time=1363.7), 0.00680109 s/step
on time step 14227 (time=1422.7), 0.00678838 s/step
on time step 14817 (time=1481.7), 0.00678292 s/step
on time step 15408 (time=1540.8), 0.0067793 s/step
on time step 16000 (time=1600), 0.00676611 s/step
on time step 16593 (time=1659.3), 0.00675224 s/step
on time step 17184 (time=1718.4), 0.00677439 s/step
on time step 17774 (time=1777.4), 0.00679296 s/step
on time step 18361 (time=1836.1), 0.00681574 s/step
on time step 18952 (time=1895.2), 0.00677907 s/step
on time step 19543 (time=1954.3), 0.00676873 s/step
field decay(t = 2000.1000000000001): 0.5564063775843621 / 0.5564063775843621 = 1.0
on time step 20134 (time=2013.4), 0.00677007 s/step
on time step 20726 (time=2072.6), 0.00676325 s/step
on time step 21315 (time=2131.5), 0.00679735 s/step
on time step 21904 (time=2190.4), 0.00679492 s/step
on time step 22494 (time=2249.4), 0.00678576 s/step
on time step 23086 (time=2308.6), 0.00676099 s/step
on time step 23678 (time=2367.8), 0.00676788 s/step
on time step 24269 (time=2426.9), 0.00677517 s/step
on time step 24860 (time=2486), 0.00676995 s/step
on time step 25452 (time=2545.2), 0.00675999 s/step
on time step 26040 (time=2604), 0.00680829 s/step
on time step 26623 (time=2662.3), 0.00686275 s/step
on time step 27207 (time=2720.7), 0.0068521 s/step
on time step 27793 (time=2779.3), 0.00683216 s/step
on time step 28379 (time=2837.9), 0.00682888 s/step
on time step 28966 (time=2896.6), 0.00682561 s/step
on time step 29554 (time=2955.4), 0.00681397 s/step
on time step 30139 (time=3013.9), 0.00684197 s/step
on time step 30724 (time=3072.4), 0.00684734 s/step
on time step 31307 (time=3130.7), 0.0068625 s/step
on time step 31893 (time=3189.3), 0.00683724 s/step
on time step 32478 (time=3247.8), 0.00684517 s/step
on time step 33064 (time=3306.4), 0.00683316 s/step
on time step 33650 (time=3365), 0.00683144 s/step
on time step 34236 (time=3423.6), 0.00683212 s/step
on time step 34821 (time=3482.1), 0.00684647 s/step
on time step 35404 (time=3540.4), 0.0068726 s/step
on time step 35987 (time=3598.7), 0.00686286 s/step
on time step 36573 (time=3657.3), 0.00683151 s/step
on time step 37158 (time=3715.8), 0.00684375 s/step
on time step 37744 (time=3774.4), 0.00683368 s/step
on time step 38329 (time=3832.9), 0.00684116 s/step
on time step 38914 (time=3891.4), 0.00684293 s/step
on time step 39498 (time=3949.8), 0.00685446 s/step
field decay(t = 4000.1000000000004): 4.460116121746654e-06 / 0.5564063775843621 = 8.01593278119896e-06
on time step 40082 (time=4008.2), 0.00685662 s/step
on time step 40667 (time=4066.7), 0.00683824 s/step
on time step 41253 (time=4125.3), 0.00683637 s/step
on time step 41838 (time=4183.8), 0.00684233 s/step
on time step 42425 (time=4242.5), 0.00682031 s/step
on time step 43012 (time=4301.2), 0.0068232 s/step
on time step 43598 (time=4359.8), 0.00683538 s/step
on time step 44180 (time=4418), 0.00688376 s/step
on time step 44763 (time=4476.3), 0.00687199 s/step
on time step 45349 (time=4534.9), 0.00683564 s/step
on time step 45935 (time=4593.5), 0.00682715 s/step
on time step 46522 (time=4652.2), 0.00681774 s/step
on time step 47113 (time=4711.3), 0.00677852 s/step
on time step 47702 (time=4770.2), 0.0067996 s/step
on time step 48290 (time=4829), 0.0068079 s/step
on time step 48879 (time=4887.9), 0.00679674 s/step
on time step 49469 (time=4946.9), 0.00678485 s/step
on time step 50059 (time=5005.9), 0.0067816 s/step
on time step 50648 (time=5064.8), 0.00680244 s/step
on time step 51239 (time=5123.9), 0.00677891 s/step
on time step 51830 (time=5183), 0.0067738 s/step
on time step 52420 (time=5242), 0.00678394 s/step
on time step 53007 (time=5300.7), 0.00681449 s/step
on time step 53596 (time=5359.6), 0.00679848 s/step
on time step 54187 (time=5418.7), 0.00677556 s/step
on time step 54777 (time=5477.7), 0.00678401 s/step
on time step 55368 (time=5536.8), 0.00677644 s/step
on time step 55959 (time=5595.9), 0.00677629 s/step
on time step 56548 (time=5654.8), 0.00679134 s/step
on time step 57137 (time=5713.7), 0.00679247 s/step
on time step 57727 (time=5772.7), 0.0067858 s/step
on time step 58319 (time=5831.9), 0.00676026 s/step
on time step 58911 (time=5891.1), 0.00676179 s/step
on time step 59501 (time=5950.1), 0.00678568 s/step
field decay(t = 6000.200000000001): 5.573729094752641e-15 / 0.5564063775843621 = 1.0017370970748004e-14
run 0 finished at t = 6000.200000000001 (60002 timesteps)

Elapsed run time = 826.0379 s
