Using MPI version 3.1, 24 processes
None
WD: data/2021-12-19/ElongatedCircTest/
AlreadyDir
-----------
Initializing structure...
Splitting into 24 chunks by voxels
time for choose_chunkdivision = 0.00389636 s
Working in 2D dimensions.
Computational cell is 520 x 170 x 0 with resolution 10
     block, center = (0,0,0)
          size (1e+20,1e+20,1e+20)
          axes (1,0,0), (0,1,0), (0,0,1)
          dielectric constant epsilon diagonal = (1.9881,1.9881,1.9881)
     block, center = (0,0,0)
          size (1e+20,125,1e+20)
          axes (1,0,0), (0,1,0), (0,0,1)
          dielectric constant epsilon diagonal = (2.0736,2.0736,2.0736)
     block, center = (0,0,0)
          size (1e+20,8.2,1e+20)
          axes (1,0,0), (0,1,0), (0,0,1)
          dielectric constant epsilon diagonal = (2.08803,2.08803,2.08803)
     block, center = (0,62.5,0)
          size (158.8,141.2,1e+20)
          axes (1,0,0), (0,1,0), (0,0,1)
          dielectric constant epsilon diagonal = (1.9881,1.9881,1.9881)
     cylinder, center = (-79.4,62.5,0)
          radius 70.6, height 1e+20, axis (0, 0, 1)
          dielectric constant epsilon diagonal = (1.9881,1.9881,1.9881)
     cylinder, center = (79.4,62.5,0)
          radius 70.6, height 1e+20, axis (0, 0, 1)
          dielectric constant epsilon diagonal = (1.9881,1.9881,1.9881)
time for set_epsilon = 0.889936 s
-----------
MPB solved for frequency_1(0.4,0,0) = 0.2774 after 75 iters
MPB solved for frequency_1(0.930969,0,0) = 0.644871 after 63 iters
MPB solved for frequency_1(0.931388,0,0) = 0.645161 after 16 iters
MPB solved for frequency_1(0.931388,0,0) = 0.645161 after 1 iters
Meep: using output directory 'data/2021-12-19/ElongatedCircTest/'
creating output file "data/2021-12-19/ElongatedCircTest//TimeSteppingDebug-eps-000000.00.h5"...
on time step 35 (time=1.75), 0.11511 s/step
on time step 81 (time=4.05), 0.0899061 s/step
on time step 126 (time=6.3), 0.0898208 s/step
on time step 210 (time=10.5), 0.0479583 s/step
on time step 288 (time=14.4), 0.0513234 s/step
on time step 372 (time=18.6), 0.0478882 s/step
on time step 475 (time=23.75), 0.0389346 s/step
Meep progress: 24.150000000000002/5000.0 = 0.5% done in 30.0s, 6187.2s to go
on time step 577 (time=28.85), 0.0393751 s/step
on time step 680 (time=34), 0.0390896 s/step
on time step 732 (time=36.6), 0.0794081 s/step
on time step 758 (time=37.9), 0.155814 s/step
on time step 804 (time=40.2), 0.0879976 s/step
on time step 887 (time=44.35), 0.0490761 s/step
on time step 924 (time=46.2), 0.110009 s/step
Meep progress: 47.35/5000.0 = 0.9% done in 60.1s, 6284.0s to go
on time step 989 (time=49.45), 0.0619511 s/step
creating output file "data/2021-12-19/ElongatedCircTest//TimeSteppingDebug-denergy-000050.00.h5"...
on time step 1039 (time=51.95), 0.0802359 s/step
on time step 1083 (time=54.15), 0.0928984 s/step
on time step 1109 (time=55.45), 0.155814 s/step
on time step 1167 (time=58.35), 0.0693867 s/step
on time step 1209 (time=60.45), 0.0974074 s/step
on time step 1235 (time=61.75), 0.156315 s/step
Meep progress: 63.0/5000.0 = 1.3% done in 90.2s, 7069.5s to go
on time step 1262 (time=63.1), 0.149568 s/step
on time step 1288 (time=64.4), 0.156279 s/step
on time step 1351 (time=67.55), 0.0634983 s/step
on time step 1427 (time=71.35), 0.053015 s/step
on time step 1507 (time=75.35), 0.0503404 s/step
on time step 1604 (time=80.2), 0.0412614 s/step
on time step 1682 (time=84.1), 0.0516576 s/step
on time step 1770 (time=88.5), 0.0459812 s/step
Meep progress: 89.5/5000.0 = 1.8% done in 120.3s, 6599.7s to go
on time step 1808 (time=90.4), 0.105348 s/step
on time step 1834 (time=91.7), 0.156012 s/step
on time step 1860 (time=93), 0.155681 s/step
on time step 1886 (time=94.3), 0.155817 s/step
on time step 1949 (time=97.45), 0.0641324 s/step
creating output file "data/2021-12-19/ElongatedCircTest//TimeSteppingDebug-denergy-000100.00.h5"...
Meep progress: 100.0/5000.0 = 2.0% done in 178.4s, 8743.0s to go
on time step 2000 (time=100), 0.774501 s/step
on time step 2082 (time=104.1), 0.0491766 s/step
on time step 2185 (time=109.25), 0.0388462 s/step
on time step 2288 (time=114.4), 0.0389542 s/step
on time step 2384 (time=119.2), 0.0418779 s/step
on time step 2473 (time=123.65), 0.0450027 s/step
on time step 2501 (time=125.05), 0.147717 s/step
on time step 2538 (time=126.9), 0.108771 s/step
Meep progress: 128.05/5000.0 = 2.6% done in 208.5s, 7931.3s to go
on time step 2577 (time=128.85), 0.104567 s/step
on time step 2603 (time=130.15), 0.155818 s/step
on time step 2630 (time=131.5), 0.149087 s/step
on time step 2696 (time=134.8), 0.060625 s/step
on time step 2799 (time=139.95), 0.0388671 s/step
on time step 2859 (time=142.95), 0.0672012 s/step
on time step 2885 (time=144.25), 0.155819 s/step
Meep progress: 147.15/5000.0 = 2.9% done in 238.5s, 7864.2s to go
on time step 2954 (time=147.7), 0.0586586 s/step
creating output file "data/2021-12-19/ElongatedCircTest//TimeSteppingDebug-denergy-000150.00.h5"...
on time step 3001 (time=150.05), 0.0855538 s/step
on time step 3033 (time=151.65), 0.127663 s/step
on time step 3092 (time=154.6), 0.068177 s/step
on time step 3185 (time=159.25), 0.0430576 s/step
on time step 3286 (time=164.3), 0.0401116 s/step
on time step 3331 (time=166.55), 0.0896894 s/step
on time step 3391 (time=169.55), 0.0667745 s/step
Meep progress: 170.8/5000.0 = 3.4% done in 268.5s, 7591.4s to go
on time step 3469 (time=173.45), 0.0517733 s/step
on time step 3539 (time=176.95), 0.0577605 s/step
on time step 3614 (time=180.7), 0.0537884 s/step
on time step 3649 (time=182.45), 0.118119 s/step
on time step 3675 (time=183.75), 0.155818 s/step
on time step 3713 (time=185.65), 0.107273 s/step
on time step 3746 (time=187.3), 0.123972 s/step
Meep progress: 190.0/5000.0 = 3.8% done in 298.5s, 7557.0s to go
on time step 3824 (time=191.2), 0.0514548 s/step
on time step 3921 (time=196.05), 0.0413356 s/step
creating output file "data/2021-12-19/ElongatedCircTest//TimeSteppingDebug-denergy-000200.00.h5"...
Meep progress: 200.0/5000.0 = 4.0% done in 348.6s, 8365.3s to go
on time step 4000 (time=200), 0.567852 s/step
on time step 4075 (time=203.75), 0.0539909 s/step
on time step 4178 (time=208.9), 0.0390694 s/step
on time step 4255 (time=212.75), 0.0539359 s/step
on time step 4303 (time=215.15), 0.0846732 s/step
on time step 4329 (time=216.45), 0.154419 s/step
on time step 4409 (time=220.45), 0.0500027 s/step
on time step 4488 (time=224.4), 0.0506445 s/step
Meep progress: 226.60000000000002/5000.0 = 4.5% done in 378.6s, 7974.9s to go
on time step 4575 (time=228.75), 0.0462077 s/step
on time step 4606 (time=230.3), 0.12979 s/step
on time step 4686 (time=234.3), 0.0503132 s/step
on time step 4765 (time=238.25), 0.0507385 s/step
on time step 4845 (time=242.25), 0.0502025 s/step
on time step 4936 (time=246.8), 0.0439585 s/step
creating output file "data/2021-12-19/ElongatedCircTest//TimeSteppingDebug-denergy-000250.00.h5"...
on time step 5000 (time=250), 0.0753167 s/step
Meep progress: 251.8/5000.0 = 5.0% done in 408.6s, 7704.9s to go
on time step 5060 (time=253), 0.0667271 s/step
on time step 5121 (time=256.05), 0.065594 s/step
on time step 5201 (time=260.05), 0.0503518 s/step
on time step 5281 (time=264.05), 0.0503409 s/step
on time step 5344 (time=267.2), 0.0636238 s/step
on time step 5401 (time=270.05), 0.0707233 s/step
on time step 5486 (time=274.3), 0.0470864 s/step
on time step 5589 (time=279.45), 0.0389057 s/step
Meep progress: 280.35/5000.0 = 5.6% done in 438.6s, 7383.8s to go
on time step 5646 (time=282.3), 0.0701772 s/step
on time step 5680 (time=284), 0.117978 s/step
on time step 5753 (time=287.65), 0.0551393 s/step
on time step 5814 (time=290.7), 0.0670688 s/step
on time step 5842 (time=292.1), 0.144656 s/step
on time step 5879 (time=293.95), 0.1116 s/step
on time step 5933 (time=296.65), 0.0743211 s/step
Meep progress: 298.95/5000.0 = 6.0% done in 468.6s, 7369.1s to go
creating output file "data/2021-12-19/ElongatedCircTest//TimeSteppingDebug-denergy-000300.00.h5"...
Meep progress: 300.0/5000.0 = 6.0% done in 515.6s, 8078.4s to go
on time step 6000 (time=300), 0.737582 s/step
on time step 6067 (time=303.35), 0.0608193 s/step
on time step 6099 (time=304.95), 0.127847 s/step
on time step 6125 (time=306.25), 0.15632 s/step
on time step 6179 (time=308.95), 0.0747634 s/step
on time step 6257 (time=312.85), 0.0514812 s/step
on time step 6333 (time=316.65), 0.0528286 s/step
on time step 6364 (time=318.2), 0.133453 s/step
Meep progress: 318.75/5000.0 = 6.4% done in 545.8s, 8015.7s to go
on time step 6390 (time=319.5), 0.155816 s/step
on time step 6416 (time=320.8), 0.156317 s/step
on time step 6442 (time=322.1), 0.156318 s/step
on time step 6475 (time=323.75), 0.122373 s/step
on time step 6503 (time=325.15), 0.143292 s/step
on time step 6600 (time=330), 0.0416326 s/step
on time step 6662 (time=333.1), 0.0645196 s/step
Meep progress: 334.3/5000.0 = 6.7% done in 575.8s, 8036.6s to go
on time step 6690 (time=334.5), 0.146037 s/step
on time step 6732 (time=336.6), 0.0961619 s/step
on time step 6760 (time=338), 0.144203 s/step
on time step 6786 (time=339.3), 0.156316 s/step
on time step 6834 (time=341.7), 0.0843651 s/step
on time step 6928 (time=346.4), 0.0426617 s/step
creating output file "data/2021-12-19/ElongatedCircTest//TimeSteppingDebug-denergy-000350.00.h5"...
on time step 7000 (time=350), 0.0583475 s/step
on time step 7087 (time=354.35), 0.0462944 s/step
Meep progress: 355.3/5000.0 = 7.1% done in 605.8s, 7919.9s to go
on time step 7180 (time=359), 0.0433743 s/step
on time step 7283 (time=364.15), 0.0389966 s/step
on time step 7386 (time=369.3), 0.0391097 s/step
on time step 7464 (time=373.2), 0.0527842 s/step
on time step 7490 (time=374.5), 0.155814 s/step
on time step 7516 (time=375.8), 0.155819 s/step
on time step 7597 (time=379.85), 0.0494369 s/step
Meep progress: 383.25/5000.0 = 7.7% done in 635.9s, 7659.7s to go
on time step 7699 (time=384.95), 0.0395014 s/step
on time step 7760 (time=388), 0.0660509 s/step
on time step 7786 (time=389.3), 0.155813 s/step
on time step 7825 (time=391.25), 0.103158 s/step
on time step 7928 (time=396.4), 0.0388881 s/step
creating output file "data/2021-12-19/ElongatedCircTest//TimeSteppingDebug-denergy-000400.00.h5"...
Meep progress: 400.0/5000.0 = 8.0% done in 694.7s, 7989.1s to go
on time step 8000 (time=400), 0.574568 s/step
on time step 8095 (time=404.75), 0.0421056 s/step
on time step 8142 (time=407.1), 0.0854493 s/step
on time step 8196 (time=409.8), 0.0747108 s/step
on time step 8277 (time=413.85), 0.0500151 s/step
on time step 8355 (time=417.75), 0.0516573 s/step
on time step 8447 (time=422.35), 0.0438026 s/step
on time step 8492 (time=424.6), 0.0916569 s/step
Meep progress: 425.15000000000003/5000.0 = 8.5% done in 724.7s, 7798.2s to go
on time step 8518 (time=425.9), 0.155818 s/step
on time step 8554 (time=427.7), 0.111811 s/step
on time step 8590 (time=429.5), 0.112893 s/step
on time step 8616 (time=430.8), 0.156317 s/step
on time step 8650 (time=432.5), 0.121831 s/step
on time step 8676 (time=433.8), 0.156318 s/step
on time step 8727 (time=436.35), 0.0787915 s/step
Meep progress: 439.55/5000.0 = 8.8% done in 754.8s, 7831.3s to go
on time step 8796 (time=439.8), 0.0602191 s/step
on time step 8823 (time=441.15), 0.150163 s/step
on time step 8855 (time=442.75), 0.125097 s/step
on time step 8929 (time=446.45), 0.054704 s/step
creating output file "data/2021-12-19/ElongatedCircTest//TimeSteppingDebug-denergy-000450.00.h5"...
on time step 9000 (time=450), 0.0737126 s/step
on time step 9057 (time=452.85), 0.0703839 s/step
on time step 9122 (time=456.1), 0.0633384 s/step
Meep progress: 457.45000000000005/5000.0 = 9.1% done in 784.8s, 7793.3s to go
on time step 9155 (time=457.75), 0.121704 s/step
on time step 9246 (time=462.3), 0.0444643 s/step
on time step 9323 (time=466.15), 0.0536374 s/step
on time step 9359 (time=467.95), 0.111647 s/step
on time step 9439 (time=471.95), 0.0516908 s/step
on time step 9465 (time=473.25), 0.155817 s/step
on time step 9491 (time=474.55), 0.156317 s/step
on time step 9517 (time=475.85), 0.156316 s/step
Meep progress: 476.25/5000.0 = 9.5% done in 814.8s, 7739.9s to go
on time step 9543 (time=477.15), 0.156318 s/step
on time step 9586 (time=479.3), 0.093306 s/step
on time step 9612 (time=480.6), 0.156314 s/step
on time step 9640 (time=482), 0.143513 s/step
on time step 9686 (time=484.3), 0.0882195 s/step
on time step 9712 (time=485.6), 0.155818 s/step
on time step 9752 (time=487.6), 0.103856 s/step
Meep progress: 488.70000000000005/5000.0 = 9.8% done in 844.9s, 7799.1s to go
on time step 9804 (time=490.2), 0.0771059 s/step
on time step 9906 (time=495.3), 0.0393918 s/step
on time step 9966 (time=498.3), 0.0690016 s/step
creating output file "data/2021-12-19/ElongatedCircTest//TimeSteppingDebug-denergy-000500.00.h5"...
Meep progress: 500.0/5000.0 = 10.0% done in 896.6s, 8069.6s to go
on time step 10000 (time=500), 1.24796 s/step
on time step 10033 (time=501.65), 0.124609 s/step
on time step 10059 (time=502.95), 0.156306 s/step
on time step 10085 (time=504.25), 0.156326 s/step
on time step 10150 (time=507.5), 0.0627269 s/step
on time step 10190 (time=509.5), 0.10121 s/step
on time step 10272 (time=513.6), 0.0490881 s/step
on time step 10352 (time=517.6), 0.0503238 s/step
Meep progress: 519.15/5000.0 = 10.4% done in 926.7s, 7998.1s to go
on time step 10432 (time=521.6), 0.0503177 s/step
on time step 10489 (time=524.45), 0.0722484 s/step
on time step 10530 (time=526.5), 0.100689 s/step
on time step 10561 (time=528.05), 0.129041 s/step
on time step 10587 (time=529.35), 0.156318 s/step
on time step 10613 (time=530.65), 0.156318 s/step
on time step 10664 (time=533.2), 0.0796508 s/step
Meep progress: 536.15/5000.0 = 10.7% done in 956.7s, 7964.9s to go
on time step 10745 (time=537.25), 0.049404 s/step
on time step 10821 (time=541.05), 0.0543249 s/step
on time step 10847 (time=542.35), 0.156318 s/step
on time step 10873 (time=543.65), 0.156315 s/step
on time step 10952 (time=547.6), 0.0512199 s/step
creating output file "data/2021-12-19/ElongatedCircTest//TimeSteppingDebug-denergy-000550.00.h5"...
on time step 11004 (time=550.2), 0.0778514 s/step
on time step 11066 (time=553.3), 0.0650014 s/step
on time step 11133 (time=556.65), 0.0597203 s/step
Meep progress: 557.4/5000.0 = 11.1% done in 986.7s, 7864.0s to go
on time step 11202 (time=560.1), 0.0580026 s/step
on time step 11274 (time=563.7), 0.0562118 s/step
on time step 11359 (time=567.95), 0.0475913 s/step
on time step 11435 (time=571.75), 0.0530333 s/step
on time step 11486 (time=574.3), 0.0789676 s/step
on time step 11549 (time=577.45), 0.0644266 s/step
on time step 11591 (time=579.55), 0.0953581 s/step
Meep progress: 580.4/5000.0 = 11.6% done in 1016.8s, 7742.4s to go
on time step 11617 (time=580.85), 0.155818 s/step
on time step 11648 (time=582.4), 0.131522 s/step
on time step 11698 (time=584.9), 0.0806069 s/step
on time step 11775 (time=588.75), 0.0523918 s/step
on time step 11840 (time=592), 0.0619976 s/step
on time step 11906 (time=595.3), 0.0613213 s/step
on time step 11966 (time=598.3), 0.0670438 s/step
creating output file "data/2021-12-19/ElongatedCircTest//TimeSteppingDebug-denergy-000600.00.h5"...
Meep progress: 600.0/5000.0 = 12.0% done in 1095.0s, 8030.2s to go
on time step 12000 (time=600), 1.5473 s/step
on time step 12057 (time=602.85), 0.0713648 s/step
on time step 12121 (time=606.05), 0.0625241 s/step
on time step 12209 (time=610.45), 0.0456682 s/step
on time step 12281 (time=614.05), 0.0558918 s/step
on time step 12311 (time=615.55), 0.136071 s/step
on time step 12337 (time=616.85), 0.155818 s/step
on time step 12363 (time=618.15), 0.155818 s/step
Meep progress: 618.7/5000.0 = 12.4% done in 1125.1s, 7967.0s to go
on time step 12389 (time=619.45), 0.156315 s/step
on time step 12431 (time=621.55), 0.0955315 s/step
on time step 12465 (time=623.25), 0.121065 s/step
on time step 12491 (time=624.55), 0.156313 s/step
on time step 12563 (time=628.15), 0.0560736 s/step
on time step 12660 (time=633), 0.0415431 s/step
on time step 12753 (time=637.65), 0.0433637 s/step
Meep progress: 641.0/5000.0 = 12.8% done in 1155.1s, 7855.0s to go
on time step 12832 (time=641.6), 0.0509273 s/step
on time step 12922 (time=646.1), 0.0447134 s/step
on time step 12960 (time=648), 0.107426 s/step
on time step 12986 (time=649.3), 0.155812 s/step
creating output file "data/2021-12-19/ElongatedCircTest//TimeSteppingDebug-denergy-000650.00.h5"...
Meep progress: 650.0/5000.0 = 13.0% done in 1216.0s, 8138.2s to go
on time step 13000 (time=650), 3.44092 s/step
on time step 13057 (time=652.85), 0.0704058 s/step
on time step 13087 (time=654.35), 0.13617 s/step
on time step 13180 (time=659), 0.0432725 s/step
on time step 13263 (time=663.15), 0.0486172 s/step
on time step 13346 (time=667.3), 0.0487517 s/step
on time step 13426 (time=671.3), 0.0500042 s/step
on time step 13457 (time=672.85), 0.13009 s/step
Meep progress: 673.45/5000.0 = 13.5% done in 1246.2s, 8005.9s to go
on time step 13483 (time=674.15), 0.155816 s/step
on time step 13553 (time=677.65), 0.0572903 s/step
on time step 13652 (time=682.6), 0.0405491 s/step
on time step 13738 (time=686.9), 0.0466872 s/step
on time step 13841 (time=692.05), 0.038954 s/step
on time step 13944 (time=697.2), 0.0391077 s/step
creating output file "data/2021-12-19/ElongatedCircTest//TimeSteppingDebug-denergy-000700.00.h5"...
on time step 14002 (time=700.1), 0.0691776 s/step
Meep progress: 702.8000000000001/5000.0 = 14.1% done in 1276.2s, 7803.3s to go
on time step 14058 (time=702.9), 0.0729659 s/step
on time step 14137 (time=706.85), 0.0508389 s/step
on time step 14216 (time=710.8), 0.0510033 s/step
on time step 14300 (time=715), 0.0476328 s/step
on time step 14381 (time=719.05), 0.0496734 s/step
on time step 14407 (time=720.35), 0.154919 s/step
on time step 14446 (time=722.3), 0.103152 s/step
on time step 14524 (time=726.2), 0.0512947 s/step
Meep progress: 727.8000000000001/5000.0 = 14.6% done in 1306.2s, 7667.6s to go
on time step 14603 (time=730.15), 0.0509101 s/step
on time step 14682 (time=734.1), 0.0510604 s/step
on time step 14764 (time=738.2), 0.0492889 s/step
on time step 14841 (time=742.05), 0.0531313 s/step
on time step 14867 (time=743.35), 0.15582 s/step
on time step 14893 (time=744.65), 0.155812 s/step
on time step 14925 (time=746.25), 0.126074 s/step
creating output file "data/2021-12-19/ElongatedCircTest//TimeSteppingDebug-denergy-000750.00.h5"...
Meep progress: 750.0/5000.0 = 15.0% done in 1388.8s, 7869.9s to go
on time step 15000 (time=750), 0.744145 s/step
on time step 15078 (time=753.9), 0.0513896 s/step
on time step 15181 (time=759.05), 0.038893 s/step
on time step 15275 (time=763.75), 0.0430414 s/step
on time step 15301 (time=765.05), 0.155818 s/step
on time step 15327 (time=766.35), 0.156316 s/step
on time step 15400 (time=770), 0.0552775 s/step
on time step 15480 (time=774), 0.0506163 s/step
Meep progress: 775.7/5000.0 = 15.5% done in 1418.8s, 7726.7s to go
on time step 15552 (time=777.6), 0.0574183 s/step
on time step 15592 (time=779.6), 0.101135 s/step
on time step 15670 (time=783.5), 0.051323 s/step
on time step 15749 (time=787.45), 0.0512816 s/step
on time step 15831 (time=791.55), 0.0491989 s/step
on time step 15930 (time=796.5), 0.0408438 s/step
creating output file "data/2021-12-19/ElongatedCircTest//TimeSteppingDebug-denergy-000800.00.h5"...
on time step 16000 (time=800), 0.0702223 s/step
Meep progress: 802.0500000000001/5000.0 = 16.0% done in 1448.8s, 7583.3s to go
on time step 16051 (time=802.55), 0.0806068 s/step
on time step 16090 (time=804.5), 0.102877 s/step
on time step 16116 (time=805.8), 0.155817 s/step
on time step 16178 (time=808.9), 0.0649101 s/step
on time step 16270 (time=813.5), 0.0437193 s/step
on time step 16349 (time=817.45), 0.0509779 s/step
on time step 16417 (time=820.85), 0.0595765 s/step
on time step 16496 (time=824.8), 0.0509383 s/step
Meep progress: 825.0500000000001/5000.0 = 16.5% done in 1478.9s, 7483.5s to go
on time step 16574 (time=828.7), 0.0512982 s/step
on time step 16664 (time=833.2), 0.0445242 s/step
on time step 16767 (time=838.35), 0.0390025 s/step
on time step 16859 (time=842.95), 0.0437417 s/step
on time step 16962 (time=848.1), 0.0389248 s/step
creating output file "data/2021-12-19/ElongatedCircTest//TimeSteppingDebug-denergy-000850.00.h5"...
Meep progress: 850.0/5000.0 = 17.0% done in 1542.3s, 7530.1s to go
on time step 17000 (time=850), 1.14769 s/step
on time step 17079 (time=853.95), 0.0508072 s/step
on time step 17174 (time=858.7), 0.0423166 s/step
on time step 17252 (time=862.6), 0.051324 s/step
on time step 17331 (time=866.55), 0.0512807 s/step
on time step 17409 (time=870.45), 0.0516957 s/step
on time step 17464 (time=873.2), 0.0752212 s/step
on time step 17490 (time=874.5), 0.155814 s/step
Meep progress: 876.0500000000001/5000.0 = 17.5% done in 1572.3s, 7401.7s to go
on time step 17566 (time=878.3), 0.0527545 s/step
on time step 17646 (time=882.3), 0.0506009 s/step
on time step 17736 (time=886.8), 0.0444922 s/step
on time step 17829 (time=891.45), 0.0430128 s/step
on time step 17919 (time=895.95), 0.0447138 s/step
creating output file "data/2021-12-19/ElongatedCircTest//TimeSteppingDebug-denergy-000900.00.h5"...
on time step 18000 (time=900), 0.0672126 s/step
on time step 18058 (time=902.9), 0.0697007 s/step
Meep progress: 904.25/5000.0 = 18.1% done in 1602.4s, 7257.8s to go
on time step 18099 (time=904.95), 0.0986622 s/step
on time step 18125 (time=906.25), 0.155811 s/step
on time step 18170 (time=908.5), 0.0896072 s/step
on time step 18204 (time=910.2), 0.117802 s/step
on time step 18303 (time=915.15), 0.0406489 s/step
on time step 18393 (time=919.65), 0.0447695 s/step
on time step 18496 (time=924.8), 0.038956 s/step
Meep progress: 929.2/5000.0 = 18.6% done in 1632.4s, 7151.6s to go
on time step 18584 (time=929.2), 0.0456371 s/step
on time step 18636 (time=931.8), 0.0782754 s/step
on time step 18668 (time=933.4), 0.125783 s/step
on time step 18723 (time=936.15), 0.0736776 s/step
on time step 18825 (time=941.25), 0.0392374 s/step
on time step 18922 (time=946.1), 0.0415387 s/step
creating output file "data/2021-12-19/ElongatedCircTest//TimeSteppingDebug-denergy-000950.00.h5"...
Meep progress: 950.0/5000.0 = 19.0% done in 1701.9s, 7255.3s to go
on time step 19000 (time=950), 0.631692 s/step
on time step 19056 (time=952.8), 0.0726402 s/step
on time step 19101 (time=955.05), 0.0900059 s/step
on time step 19180 (time=959), 0.0507499 s/step
on time step 19266 (time=963.3), 0.0465296 s/step
on time step 19363 (time=968.15), 0.0415344 s/step
on time step 19426 (time=971.3), 0.0636679 s/step
on time step 19502 (time=975.1), 0.0527819 s/step
Meep progress: 977.45/5000.0 = 19.5% done in 1731.9s, 7127.4s to go
on time step 19605 (time=980.25), 0.0390023 s/step
on time step 19707 (time=985.35), 0.0392274 s/step
on time step 19797 (time=989.85), 0.0447255 s/step
on time step 19839 (time=991.95), 0.0959795 s/step
on time step 19865 (time=993.25), 0.155812 s/step
on time step 19911 (time=995.55), 0.0885077 s/step
on time step 19983 (time=999.15), 0.0555737 s/step
creating output file "data/2021-12-19/ElongatedCircTest//TimeSteppingDebug-denergy-001000.00.h5"...
Meep progress: 1001.45/5000.0 = 20.0% done in 1762.0s, 7035.1s to go
on time step 20033 (time=1001.65), 0.0804237 s/step
on time step 20098 (time=1004.9), 0.062204 s/step
on time step 20195 (time=1009.75), 0.0415695 s/step
on time step 20248 (time=1012.4), 0.0755707 s/step
on time step 20324 (time=1016.2), 0.0528321 s/step
on time step 20396 (time=1019.8), 0.0562648 s/step
on time step 20485 (time=1024.25), 0.0450708 s/step
on time step 20588 (time=1029.4), 0.0390307 s/step
Meep progress: 1030.8/5000.0 = 20.6% done in 1792.0s, 6900.2s to go
on time step 20637 (time=1031.85), 0.0838393 s/step
on time step 20663 (time=1033.15), 0.155856 s/step
on time step 20689 (time=1034.45), 0.155817 s/step
on time step 20715 (time=1035.75), 0.156317 s/step
on time step 20786 (time=1039.3), 0.0564816 s/step
on time step 20889 (time=1044.45), 0.0388474 s/step
on time step 20980 (time=1049), 0.044497 s/step
creating output file "data/2021-12-19/ElongatedCircTest//TimeSteppingDebug-denergy-001050.00.h5"...
Meep progress: 1050.0/5000.0 = 21.0% done in 1867.3s, 7024.7s to go
on time step 21000 (time=1050), 2.4262 s/step
on time step 21069 (time=1053.45), 0.0580118 s/step
on time step 21103 (time=1055.15), 0.117828 s/step
on time step 21129 (time=1056.45), 0.155817 s/step
on time step 21196 (time=1059.8), 0.0601848 s/step
on time step 21299 (time=1064.95), 0.0390308 s/step
on time step 21401 (time=1070.05), 0.0392405 s/step
on time step 21443 (time=1072.15), 0.0988067 s/step
Meep progress: 1073.4/5000.0 = 21.5% done in 1897.3s, 6940.7s to go
on time step 21526 (time=1076.3), 0.048232 s/step
on time step 21606 (time=1080.3), 0.0501516 s/step
on time step 21639 (time=1081.95), 0.125399 s/step
on time step 21670 (time=1083.5), 0.130266 s/step
on time step 21702 (time=1085.1), 0.129852 s/step
on time step 21728 (time=1086.4), 0.156316 s/step
on time step 21771 (time=1088.55), 0.0935325 s/step
Meep progress: 1089.8500000000001/5000.0 = 21.8% done in 1927.5s, 6915.5s to go
on time step 21801 (time=1090.05), 0.13602 s/step
on time step 21842 (time=1092.1), 0.0983482 s/step
on time step 21945 (time=1097.25), 0.0390303 s/step
creating output file "data/2021-12-19/ElongatedCircTest//TimeSteppingDebug-denergy-001100.00.h5"...
on time step 22011 (time=1100.55), 0.0606409 s/step
on time step 22111 (time=1105.55), 0.0402121 s/step
on time step 22213 (time=1110.65), 0.0392278 s/step
on time step 22295 (time=1114.75), 0.0492588 s/step
on time step 22326 (time=1116.3), 0.130133 s/step
Meep progress: 1116.7/5000.0 = 22.3% done in 1957.5s, 6807.2s to go
on time step 22357 (time=1117.85), 0.130653 s/step
on time step 22418 (time=1120.9), 0.0657231 s/step
on time step 22503 (time=1125.15), 0.0475931 s/step
on time step 22539 (time=1126.95), 0.112727 s/step
on time step 22617 (time=1130.85), 0.0519264 s/step
on time step 22695 (time=1134.75), 0.0513232 s/step
on time step 22777 (time=1138.85), 0.0491127 s/step
Meep progress: 1141.8/5000.0 = 22.8% done in 1987.5s, 6716.0s to go
on time step 22856 (time=1142.8), 0.0512223 s/step
on time step 22927 (time=1146.35), 0.0563496 s/step
on time step 22953 (time=1147.65), 0.155853 s/step
creating output file "data/2021-12-19/ElongatedCircTest//TimeSteppingDebug-denergy-001150.00.h5"...
Meep progress: 1150.0/5000.0 = 23.0% done in 2036.4s, 6817.4s to go
on time step 23000 (time=1150), 0.845722 s/step
on time step 23081 (time=1154.05), 0.0495218 s/step
on time step 23163 (time=1158.15), 0.0490844 s/step
on time step 23241 (time=1162.05), 0.0513228 s/step
on time step 23326 (time=1166.3), 0.0483788 s/step
on time step 23352 (time=1167.6), 0.15601 s/step
on time step 23378 (time=1168.9), 0.155776 s/step
on time step 23404 (time=1170.2), 0.1557 s/step
Meep progress: 1170.75/5000.0 = 23.4% done in 2066.4s, 6758.7s to go
on time step 23430 (time=1171.5), 0.156318 s/step
on time step 23463 (time=1173.15), 0.124339 s/step
on time step 23489 (time=1174.45), 0.156319 s/step
on time step 23515 (time=1175.75), 0.155814 s/step
on time step 23587 (time=1179.35), 0.0557454 s/step
on time step 23690 (time=1184.5), 0.0390091 s/step
on time step 23793 (time=1189.65), 0.0389525 s/step
Meep progress: 1194.0/5000.0 = 23.9% done in 2096.4s, 6682.6s to go
on time step 23895 (time=1194.75), 0.0392186 s/step
on time step 23994 (time=1199.7), 0.0405717 s/step
creating output file "data/2021-12-19/ElongatedCircTest//TimeSteppingDebug-denergy-001200.00.h5"...
on time step 24055 (time=1202.75), 0.0657679 s/step
on time step 24158 (time=1207.9), 0.0388565 s/step
on time step 24261 (time=1213.05), 0.0388667 s/step
on time step 24364 (time=1218.2), 0.0391088 s/step
on time step 24450 (time=1222.5), 0.0468521 s/step
on time step 24520 (time=1226), 0.05783 s/step
Meep progress: 1227.25/5000.0 = 24.5% done in 2126.5s, 6537.1s to go
on time step 24601 (time=1230.05), 0.0496694 s/step
on time step 24704 (time=1235.2), 0.0388469 s/step
on time step 24807 (time=1240.35), 0.0389179 s/step
on time step 24910 (time=1245.5), 0.0389901 s/step
creating output file "data/2021-12-19/ElongatedCircTest//TimeSteppingDebug-denergy-001250.00.h5"...
Meep progress: 1250.0/5000.0 = 25.0% done in 2184.6s, 6553.7s to go
on time step 25000 (time=1250), 0.481521 s/step
on time step 25044 (time=1252.2), 0.0917499 s/step
on time step 25136 (time=1256.8), 0.0438172 s/step
on time step 25239 (time=1261.95), 0.0390801 s/step
on time step 25324 (time=1266.2), 0.0473321 s/step
on time step 25403 (time=1270.15), 0.0510605 s/step
on time step 25482 (time=1274.1), 0.0511507 s/step
on time step 25577 (time=1278.85), 0.0422521 s/step
Meep progress: 1279.45/5000.0 = 25.6% done in 2214.6s, 6440.0s to go
on time step 25603 (time=1280.15), 0.155812 s/step
on time step 25633 (time=1281.65), 0.134457 s/step
on time step 25714 (time=1285.7), 0.0496907 s/step
on time step 25804 (time=1290.2), 0.0447679 s/step
on time step 25873 (time=1293.65), 0.0592924 s/step
on time step 25910 (time=1295.5), 0.110898 s/step
on time step 25936 (time=1296.8), 0.155816 s/step
Meep progress: 1298.8500000000001/5000.0 = 26.0% done in 2244.8s, 6396.7s to go
on time step 25980 (time=1299), 0.0932531 s/step
creating output file "data/2021-12-19/ElongatedCircTest//TimeSteppingDebug-denergy-001300.00.h5"...
on time step 26000 (time=1300), 0.244412 s/step
on time step 26049 (time=1302.45), 0.0825694 s/step
on time step 26075 (time=1303.75), 0.155857 s/step
on time step 26106 (time=1305.3), 0.130947 s/step
on time step 26172 (time=1308.6), 0.0609425 s/step
on time step 26253 (time=1312.65), 0.0497313 s/step
on time step 26333 (time=1316.65), 0.0500389 s/step
Meep progress: 1317.1000000000001/5000.0 = 26.3% done in 2274.8s, 6360.9s to go
on time step 26422 (time=1321.1), 0.0452758 s/step
on time step 26519 (time=1325.95), 0.0417211 s/step
on time step 26559 (time=1327.95), 0.101302 s/step
on time step 26585 (time=1329.25), 0.155818 s/step
on time step 26653 (time=1332.65), 0.0594314 s/step
on time step 26756 (time=1337.8), 0.0388664 s/step
on time step 26855 (time=1342.75), 0.0404059 s/step
Meep progress: 1345.0/5000.0 = 26.9% done in 2304.9s, 6263.5s to go
on time step 26933 (time=1346.65), 0.0513221 s/step
creating output file "data/2021-12-19/ElongatedCircTest//TimeSteppingDebug-denergy-001350.00.h5"...
on time step 27000 (time=1350), 0.0686596 s/step
on time step 27057 (time=1352.85), 0.0702407 s/step
on time step 27092 (time=1354.6), 0.114458 s/step
on time step 27155 (time=1357.75), 0.0642926 s/step
on time step 27190 (time=1359.5), 0.117602 s/step
on time step 27255 (time=1362.75), 0.0618517 s/step
Meep progress: 1364.7/5000.0 = 27.3% done in 2335.0s, 6220.0s to go
on time step 27297 (time=1364.85), 0.0965732 s/step
on time step 27323 (time=1366.15), 0.156315 s/step
on time step 27368 (time=1368.4), 0.0890287 s/step
on time step 27464 (time=1373.2), 0.0420241 s/step
on time step 27558 (time=1377.9), 0.0427467 s/step
on time step 27661 (time=1383.05), 0.038925 s/step
on time step 27764 (time=1388.2), 0.0390314 s/step
on time step 27831 (time=1391.55), 0.0600609 s/step
Meep progress: 1392.0/5000.0 = 27.8% done in 2365.0s, 6130.1s to go
on time step 27857 (time=1392.85), 0.155851 s/step
on time step 27883 (time=1394.15), 0.155811 s/step
on time step 27912 (time=1395.6), 0.141051 s/step
on time step 27938 (time=1396.9), 0.156281 s/step
on time step 27976 (time=1398.8), 0.106981 s/step
creating output file "data/2021-12-19/ElongatedCircTest//TimeSteppingDebug-denergy-001400.00.h5"...
Meep progress: 1400.0/5000.0 = 28.0% done in 2440.2s, 6274.8s to go
on time step 28000 (time=1400), 2.34271 s/step
on time step 28086 (time=1404.3), 0.0465221 s/step
on time step 28189 (time=1409.45), 0.0390885 s/step
on time step 28292 (time=1414.6), 0.0389912 s/step
on time step 28395 (time=1419.75), 0.038926 s/step
on time step 28483 (time=1424.15), 0.0456047 s/step
on time step 28562 (time=1428.1), 0.0512695 s/step
on time step 28603 (time=1430.15), 0.0979576 s/step
Meep progress: 1430.8500000000001/5000.0 = 28.6% done in 2470.2s, 6161.7s to go
on time step 28633 (time=1431.65), 0.134775 s/step
on time step 28663 (time=1433.15), 0.137936 s/step
on time step 28689 (time=1434.45), 0.155812 s/step
on time step 28735 (time=1436.75), 0.0882685 s/step
on time step 28761 (time=1438.05), 0.156314 s/step
on time step 28790 (time=1439.5), 0.14149 s/step
on time step 28816 (time=1440.8), 0.155818 s/step
Meep progress: 1442.0500000000002/5000.0 = 28.8% done in 2500.2s, 6168.8s to go
on time step 28849 (time=1442.45), 0.121435 s/step
on time step 28924 (time=1446.2), 0.0552949 s/step
on time step 28957 (time=1447.85), 0.121616 s/step
creating output file "data/2021-12-19/ElongatedCircTest//TimeSteppingDebug-denergy-001450.00.h5"...
on time step 29011 (time=1450.55), 0.074667 s/step
on time step 29083 (time=1454.15), 0.0559747 s/step
on time step 29118 (time=1455.9), 0.115101 s/step
on time step 29197 (time=1459.85), 0.0514046 s/step
on time step 29233 (time=1461.65), 0.111704 s/step
Meep progress: 1463.0/5000.0 = 29.3% done in 2530.3s, 6117.2s to go
on time step 29334 (time=1466.7), 0.0397945 s/step
on time step 29437 (time=1471.85), 0.0391183 s/step
on time step 29541 (time=1477.05), 0.0387903 s/step
on time step 29617 (time=1480.85), 0.0532645 s/step
on time step 29660 (time=1483), 0.093543 s/step
on time step 29741 (time=1487.05), 0.0496442 s/step
on time step 29838 (time=1491.9), 0.0415086 s/step
Meep progress: 1495.2/5000.0 = 29.9% done in 2560.3s, 6001.4s to go
on time step 29931 (time=1496.55), 0.0430882 s/step
creating output file "data/2021-12-19/ElongatedCircTest//TimeSteppingDebug-denergy-001500.00.h5"...
Meep progress: 1500.0/5000.0 = 30.0% done in 2599.3s, 6065.1s to go
on time step 30000 (time=1500), 0.549348 s/step
on time step 30078 (time=1503.9), 0.0513427 s/step
on time step 30113 (time=1505.65), 0.118288 s/step
on time step 30193 (time=1509.65), 0.0501795 s/step
on time step 30294 (time=1514.7), 0.0398829 s/step
on time step 30385 (time=1519.25), 0.043991 s/step
on time step 30467 (time=1523.35), 0.0493442 s/step
on time step 30507 (time=1525.35), 0.100855 s/step
Meep progress: 1525.95/5000.0 = 30.5% done in 2629.5s, 5986.3s to go
on time step 30533 (time=1526.65), 0.155817 s/step
on time step 30559 (time=1527.95), 0.155817 s/step
on time step 30585 (time=1529.25), 0.156318 s/step
on time step 30627 (time=1531.35), 0.0955313 s/step
on time step 30664 (time=1533.2), 0.109136 s/step
on time step 30690 (time=1534.5), 0.15631 s/step
on time step 30718 (time=1535.9), 0.146077 s/step
Meep progress: 1539.75/5000.0 = 30.8% done in 2659.5s, 5976.6s to go
on time step 30808 (time=1540.4), 0.0447654 s/step
on time step 30893 (time=1544.65), 0.0478698 s/step
on time step 30954 (time=1547.7), 0.0659712 s/step
on time step 30984 (time=1549.2), 0.137838 s/step
creating output file "data/2021-12-19/ElongatedCircTest//TimeSteppingDebug-denergy-001550.00.h5"...
on time step 31000 (time=1550), 0.269439 s/step
on time step 31054 (time=1552.7), 0.0753758 s/step
on time step 31094 (time=1554.7), 0.101281 s/step
on time step 31174 (time=1558.7), 0.0502036 s/step
Meep progress: 1559.6000000000001/5000.0 = 31.2% done in 2689.5s, 5933.0s to go
on time step 31254 (time=1562.7), 0.0504226 s/step
on time step 31333 (time=1566.65), 0.050832 s/step
on time step 31436 (time=1571.8), 0.0389141 s/step
on time step 31502 (time=1575.1), 0.0606705 s/step
on time step 31581 (time=1579.05), 0.0507676 s/step
on time step 31660 (time=1583), 0.0509387 s/step
on time step 31749 (time=1587.45), 0.0449477 s/step
Meep progress: 1590.15/5000.0 = 31.8% done in 2719.5s, 5831.7s to go
on time step 31828 (time=1591.4), 0.0507552 s/step
on time step 31890 (time=1594.5), 0.0651344 s/step
on time step 31969 (time=1598.45), 0.0510027 s/step
creating output file "data/2021-12-19/ElongatedCircTest//TimeSteppingDebug-denergy-001600.00.h5"...
Meep progress: 1600.0/5000.0 = 32.0% done in 2766.7s, 5879.2s to go
on time step 32000 (time=1600), 1.21943 s/step
on time step 32026 (time=1601.3), 0.155984 s/step
on time step 32078 (time=1603.9), 0.0774094 s/step
on time step 32169 (time=1608.45), 0.04404 s/step
on time step 32260 (time=1613), 0.044659 s/step
on time step 32298 (time=1614.9), 0.107418 s/step
on time step 32324 (time=1616.2), 0.155789 s/step
on time step 32350 (time=1617.5), 0.155813 s/step
Meep progress: 1618.0500000000002/5000.0 = 32.4% done in 2796.7s, 5845.4s to go
on time step 32421 (time=1621.05), 0.0564701 s/step
on time step 32524 (time=1626.2), 0.0388557 s/step
on time step 32613 (time=1630.65), 0.0451378 s/step
on time step 32649 (time=1632.45), 0.11206 s/step
on time step 32707 (time=1635.35), 0.0693341 s/step
on time step 32788 (time=1639.4), 0.0499896 s/step
on time step 32871 (time=1643.55), 0.0484837 s/step
Meep progress: 1647.1000000000001/5000.0 = 32.9% done in 2826.7s, 5754.1s to go
on time step 32952 (time=1647.6), 0.0497441 s/step
creating output file "data/2021-12-19/ElongatedCircTest//TimeSteppingDebug-denergy-001650.00.h5"...
on time step 33003 (time=1650.15), 0.0785247 s/step
on time step 33075 (time=1653.75), 0.0558297 s/step
on time step 33110 (time=1655.5), 0.115834 s/step
on time step 33136 (time=1656.8), 0.155816 s/step
on time step 33214 (time=1660.7), 0.0518114 s/step
on time step 33317 (time=1665.85), 0.0389443 s/step
on time step 33400 (time=1670), 0.0486997 s/step
Meep progress: 1671.2/5000.0 = 33.4% done in 2856.7s, 5690.1s to go
on time step 33478 (time=1673.9), 0.0513236 s/step
on time step 33556 (time=1677.8), 0.051301 s/step
on time step 33651 (time=1682.55), 0.0421674 s/step
on time step 33754 (time=1687.7), 0.0390137 s/step
on time step 33857 (time=1692.85), 0.0388592 s/step
on time step 33960 (time=1698), 0.039057 s/step
creating output file "data/2021-12-19/ElongatedCircTest//TimeSteppingDebug-denergy-001700.00.h5"...
Meep progress: 1700.0/5000.0 = 34.0% done in 2921.5s, 5671.1s to go
on time step 34000 (time=1700), 1.04983 s/step
on time step 34067 (time=1703.35), 0.0600101 s/step
on time step 34170 (time=1708.5), 0.0389439 s/step
on time step 34268 (time=1713.4), 0.0410227 s/step
on time step 34319 (time=1715.95), 0.0794374 s/step
on time step 34402 (time=1720.1), 0.0485083 s/step
on time step 34465 (time=1723.25), 0.0655564 s/step
on time step 34491 (time=1724.55), 0.155817 s/step
Meep progress: 1725.45/5000.0 = 34.5% done in 2951.5s, 5601.3s to go
on time step 34542 (time=1727.1), 0.079183 s/step
on time step 34604 (time=1730.2), 0.0649208 s/step
on time step 34630 (time=1731.5), 0.156316 s/step
on time step 34666 (time=1733.3), 0.112175 s/step
on time step 34717 (time=1735.85), 0.078595 s/step
on time step 34799 (time=1739.95), 0.0491494 s/step
on time step 34859 (time=1742.95), 0.0681496 s/step
Meep progress: 1744.9/5000.0 = 34.9% done in 2981.5s, 5562.0s to go
on time step 34913 (time=1745.65), 0.0741971 s/step
creating output file "data/2021-12-19/ElongatedCircTest//TimeSteppingDebug-denergy-001750.00.h5"...
on time step 35000 (time=1750), 0.0562172 s/step
on time step 35081 (time=1754.05), 0.0495922 s/step
on time step 35147 (time=1757.35), 0.0612158 s/step
on time step 35183 (time=1759.15), 0.111226 s/step
on time step 35240 (time=1762), 0.0702167 s/step
on time step 35287 (time=1764.35), 0.0880663 s/step
on time step 35313 (time=1765.65), 0.156313 s/step
Meep progress: 1765.8000000000002/5000.0 = 35.3% done in 3011.5s, 5515.9s to go
on time step 35384 (time=1769.2), 0.0563708 s/step
on time step 35464 (time=1773.2), 0.0503658 s/step
on time step 35544 (time=1777.2), 0.0504152 s/step
on time step 35587 (time=1779.35), 0.0950738 s/step
on time step 35651 (time=1782.55), 0.063005 s/step
on time step 35730 (time=1786.5), 0.0506486 s/step
on time step 35808 (time=1790.4), 0.0513092 s/step
Meep progress: 1792.7/5000.0 = 35.9% done in 3041.5s, 5441.6s to go
on time step 35899 (time=1794.95), 0.0440466 s/step
on time step 35933 (time=1796.65), 0.121591 s/step
on time step 35959 (time=1797.95), 0.155816 s/step
on time step 35992 (time=1799.6), 0.122738 s/step
creating output file "data/2021-12-19/ElongatedCircTest//TimeSteppingDebug-denergy-001800.00.h5"...
Meep progress: 1800.0/5000.0 = 36.0% done in 3106.1s, 5521.9s to go
on time step 36000 (time=1800), 6.29663 s/step
on time step 36099 (time=1804.95), 0.0406039 s/step
on time step 36197 (time=1809.85), 0.0411138 s/step
on time step 36276 (time=1813.8), 0.0509908 s/step
on time step 36355 (time=1817.75), 0.0509268 s/step
on time step 36412 (time=1820.6), 0.0704384 s/step
on time step 36438 (time=1821.9), 0.155818 s/step
on time step 36479 (time=1823.95), 0.0976421 s/step
Meep progress: 1825.75/5000.0 = 36.5% done in 3136.1s, 5452.5s to go
on time step 36558 (time=1827.9), 0.0506862 s/step
on time step 36637 (time=1831.85), 0.0509521 s/step
on time step 36684 (time=1834.2), 0.0862792 s/step
on time step 36710 (time=1835.5), 0.155818 s/step
on time step 36770 (time=1838.5), 0.0671034 s/step
on time step 36873 (time=1843.65), 0.0388568 s/step
on time step 36976 (time=1848.8), 0.0390215 s/step
creating output file "data/2021-12-19/ElongatedCircTest//TimeSteppingDebug-denergy-001850.00.h5"...
Meep progress: 1851.1000000000001/5000.0 = 37.0% done in 3166.2s, 5386.0s to go
on time step 37028 (time=1851.4), 0.0775435 s/step
on time step 37107 (time=1855.35), 0.0508384 s/step
on time step 37178 (time=1858.9), 0.0568911 s/step
on time step 37222 (time=1861.1), 0.0915279 s/step
on time step 37261 (time=1863.05), 0.103233 s/step
on time step 37296 (time=1864.8), 0.118715 s/step
on time step 37362 (time=1868.1), 0.0607196 s/step
on time step 37465 (time=1873.25), 0.0388565 s/step
Meep progress: 1875.0500000000002/5000.0 = 37.5% done in 3196.2s, 5326.7s to go
on time step 37568 (time=1878.4), 0.0391194 s/step
on time step 37656 (time=1882.8), 0.0454677 s/step
on time step 37702 (time=1885.1), 0.0893936 s/step
on time step 37728 (time=1886.4), 0.155815 s/step
on time step 37789 (time=1889.45), 0.0661349 s/step
on time step 37878 (time=1893.9), 0.0449922 s/step
on time step 37973 (time=1898.65), 0.0425912 s/step
creating output file "data/2021-12-19/ElongatedCircTest//TimeSteppingDebug-denergy-001900.00.h5"...
Meep progress: 1900.0/5000.0 = 38.0% done in 3264.2s, 5325.8s to go
on time step 38000 (time=1900), 1.52466 s/step
on time step 38082 (time=1904.1), 0.0491097 s/step
on time step 38161 (time=1908.05), 0.051006 s/step
on time step 38221 (time=1911.05), 0.0692477 s/step
on time step 38247 (time=1912.35), 0.155856 s/step
on time step 38324 (time=1916.2), 0.0522382 s/step
on time step 38403 (time=1920.15), 0.0510034 s/step
on time step 38505 (time=1925.25), 0.0394139 s/step
Meep progress: 1927.15/5000.0 = 38.5% done in 3294.2s, 5252.6s to go
on time step 38600 (time=1930), 0.0423384 s/step
on time step 38703 (time=1935.15), 0.0391183 s/step
on time step 38799 (time=1939.95), 0.0420543 s/step
on time step 38825 (time=1941.25), 0.155854 s/step
on time step 38851 (time=1942.55), 0.155819 s/step
on time step 38879 (time=1943.95), 0.14376 s/step
on time step 38982 (time=1949.1), 0.0389269 s/step
creating output file "data/2021-12-19/ElongatedCircTest//TimeSteppingDebug-denergy-001950.00.h5"...
Meep progress: 1950.6000000000001/5000.0 = 39.0% done in 3324.3s, 5196.9s to go
on time step 39021 (time=1951.05), 0.1039 s/step
on time step 39099 (time=1954.95), 0.0513517 s/step
on time step 39202 (time=1960.1), 0.0390771 s/step
on time step 39305 (time=1965.25), 0.0392643 s/step
on time step 39408 (time=1970.4), 0.0389175 s/step
on time step 39493 (time=1974.65), 0.0473407 s/step
on time step 39575 (time=1978.75), 0.0490268 s/step
on time step 39655 (time=1982.75), 0.0504155 s/step
Meep progress: 1984.4/5000.0 = 39.7% done in 3354.3s, 5097.4s to go
on time step 39758 (time=1987.9), 0.0390885 s/step
on time step 39861 (time=1993.05), 0.0392353 s/step
on time step 39957 (time=1997.85), 0.0422002 s/step
creating output file "data/2021-12-19/ElongatedCircTest//TimeSteppingDebug-denergy-002000.00.h5"...
Meep progress: 2000.0/5000.0 = 40.0% done in 3410.4s, 5115.5s to go
on time step 40000 (time=2000), 1.05221 s/step
on time step 40054 (time=2002.7), 0.074124 s/step
on time step 40133 (time=2006.65), 0.0509014 s/step
on time step 40212 (time=2010.6), 0.0510027 s/step
on time step 40291 (time=2014.55), 0.0509039 s/step
on time step 40369 (time=2018.45), 0.0516538 s/step
on time step 40449 (time=2022.45), 0.0502522 s/step
on time step 40489 (time=2024.45), 0.102705 s/step
Meep progress: 2025.0500000000002/5000.0 = 40.5% done in 3440.5s, 5054.3s to go
on time step 40516 (time=2025.8), 0.14953 s/step
on time step 40555 (time=2027.75), 0.105235 s/step
on time step 40581 (time=2029.05), 0.155819 s/step
on time step 40643 (time=2032.15), 0.0649731 s/step
on time step 40724 (time=2036.2), 0.0493846 s/step
on time step 40806 (time=2040.3), 0.0491244 s/step
on time step 40849 (time=2042.45), 0.0949553 s/step
Meep progress: 2045.4/5000.0 = 40.9% done in 3470.5s, 5013.2s to go
on time step 40920 (time=2046), 0.0569076 s/step
creating output file "data/2021-12-19/ElongatedCircTest//TimeSteppingDebug-denergy-002050.00.h5"...
on time step 41000 (time=2050), 0.0597227 s/step
on time step 41065 (time=2053.25), 0.062589 s/step
on time step 41097 (time=2054.85), 0.125975 s/step
on time step 41128 (time=2056.4), 0.130775 s/step
on time step 41197 (time=2059.85), 0.0581359 s/step
on time step 41245 (time=2062.25), 0.0836098 s/step
on time step 41289 (time=2064.45), 0.091461 s/step
Meep progress: 2064.85/5000.0 = 41.3% done in 3500.6s, 4976.0s to go
on time step 41333 (time=2066.65), 0.0915051 s/step
on time step 41400 (time=2070), 0.0606596 s/step
on time step 41430 (time=2071.5), 0.136336 s/step
on time step 41510 (time=2075.5), 0.0506427 s/step
on time step 41542 (time=2077.1), 0.127811 s/step
on time step 41626 (time=2081.3), 0.0477661 s/step
on time step 41657 (time=2082.85), 0.133617 s/step
Meep progress: 2083.55/5000.0 = 41.7% done in 3530.6s, 4942.0s to go
on time step 41683 (time=2084.15), 0.156318 s/step
on time step 41726 (time=2086.3), 0.0945183 s/step
on time step 41752 (time=2087.6), 0.154313 s/step
on time step 41788 (time=2089.4), 0.112149 s/step
on time step 41868 (time=2093.4), 0.0506002 s/step
on time step 41947 (time=2097.35), 0.0507022 s/step
creating output file "data/2021-12-19/ElongatedCircTest//TimeSteppingDebug-denergy-002100.00.h5"...
Meep progress: 2100.0/5000.0 = 42.0% done in 3601.6s, 4973.7s to go
on time step 42000 (time=2100), 0.923114 s/step
on time step 42083 (time=2104.15), 0.0484426 s/step
on time step 42162 (time=2108.1), 0.0506606 s/step
on time step 42241 (time=2112.05), 0.0510029 s/step
on time step 42282 (time=2114.1), 0.100442 s/step
on time step 42308 (time=2115.4), 0.155775 s/step
on time step 42363 (time=2118.15), 0.0734069 s/step
on time step 42448 (time=2122.4), 0.0471204 s/step
Meep progress: 2124.65/5000.0 = 42.5% done in 3631.6s, 4914.8s to go
on time step 42551 (time=2127.55), 0.039109 s/step
on time step 42631 (time=2131.55), 0.0502027 s/step
on time step 42714 (time=2135.7), 0.0484968 s/step
on time step 42775 (time=2138.75), 0.066658 s/step
on time step 42801 (time=2140.05), 0.155809 s/step
on time step 42827 (time=2141.35), 0.155748 s/step
on time step 42897 (time=2144.85), 0.0572514 s/step
Meep progress: 2149.4/5000.0 = 43.0% done in 3661.7s, 4856.2s to go
creating output file "data/2021-12-19/ElongatedCircTest//TimeSteppingDebug-denergy-002150.00.h5"...
on time step 43000 (time=2150), 0.0542542 s/step
on time step 43079 (time=2153.95), 0.0511741 s/step
on time step 43117 (time=2155.85), 0.108977 s/step
on time step 43166 (time=2158.3), 0.0822525 s/step
on time step 43244 (time=2162.2), 0.0513725 s/step
on time step 43323 (time=2166.15), 0.0507375 s/step
on time step 43425 (time=2171.25), 0.0394337 s/step
Meep progress: 2175.05/5000.0 = 43.5% done in 3691.7s, 4794.7s to go
on time step 43507 (time=2175.35), 0.0488569 s/step
on time step 43582 (time=2179.1), 0.0539357 s/step
on time step 43635 (time=2181.75), 0.0757981 s/step
on time step 43713 (time=2185.65), 0.0516312 s/step
on time step 43747 (time=2187.35), 0.121415 s/step
on time step 43842 (time=2192.1), 0.0424025 s/step
on time step 43945 (time=2197.25), 0.038917 s/step
creating output file "data/2021-12-19/ElongatedCircTest//TimeSteppingDebug-denergy-002200.00.h5"...
Meep progress: 2200.0/5000.0 = 44.0% done in 3764.5s, 4791.1s to go
on time step 44000 (time=2200), 0.876754 s/step
on time step 44079 (time=2203.95), 0.0507798 s/step
on time step 44159 (time=2207.95), 0.0505986 s/step
on time step 44213 (time=2210.65), 0.0764255 s/step
on time step 44239 (time=2211.95), 0.155935 s/step
on time step 44267 (time=2213.35), 0.143294 s/step
on time step 44295 (time=2214.75), 0.144163 s/step
on time step 44398 (time=2219.9), 0.038926 s/step
Meep progress: 2221.5/5000.0 = 44.4% done in 3794.5s, 4745.9s to go
on time step 44459 (time=2222.95), 0.0667022 s/step
on time step 44509 (time=2225.45), 0.0805042 s/step
on time step 44539 (time=2226.95), 0.135907 s/step
on time step 44571 (time=2228.55), 0.125632 s/step
on time step 44651 (time=2232.55), 0.0504283 s/step
on time step 44753 (time=2237.65), 0.0394044 s/step
on time step 44833 (time=2241.65), 0.0503137 s/step
Meep progress: 2246.0/5000.0 = 44.9% done in 3824.5s, 4689.5s to go
on time step 44925 (time=2246.25), 0.0441983 s/step
on time step 44951 (time=2247.55), 0.155816 s/step
on time step 44977 (time=2248.85), 0.155816 s/step
creating output file "data/2021-12-19/ElongatedCircTest//TimeSteppingDebug-denergy-002250.00.h5"...
on time step 45000 (time=2250), 0.234993 s/step
on time step 45057 (time=2252.85), 0.0710356 s/step
on time step 45096 (time=2254.8), 0.106235 s/step
on time step 45164 (time=2258.2), 0.0593961 s/step
Meep progress: 2262.85/5000.0 = 45.3% done in 3854.5s, 4662.4s to go
on time step 45262 (time=2263.1), 0.041098 s/step
on time step 45299 (time=2264.95), 0.108358 s/step
on time step 45325 (time=2266.25), 0.155817 s/step
on time step 45353 (time=2267.65), 0.143289 s/step
on time step 45379 (time=2268.95), 0.156316 s/step
on time step 45409 (time=2270.45), 0.135847 s/step
on time step 45478 (time=2273.9), 0.0583359 s/step
on time step 45571 (time=2278.55), 0.043035 s/step
Meep progress: 2280.3/5000.0 = 45.6% done in 3884.5s, 4633.0s to go
on time step 45625 (time=2281.25), 0.0752427 s/step
on time step 45700 (time=2285), 0.0537239 s/step
on time step 45796 (time=2289.8), 0.0419712 s/step
on time step 45876 (time=2293.8), 0.0503644 s/step
on time step 45970 (time=2298.5), 0.0428109 s/step
creating output file "data/2021-12-19/ElongatedCircTest//TimeSteppingDebug-denergy-002300.00.h5"...
Meep progress: 2300.0/5000.0 = 46.0% done in 3954.6s, 4642.4s to go
on time step 46000 (time=2300), 1.71107 s/step
on time step 46026 (time=2301.3), 0.156071 s/step
on time step 46079 (time=2303.95), 0.0759302 s/step
on time step 46169 (time=2308.45), 0.0444695 s/step
on time step 46261 (time=2313.05), 0.0438175 s/step
on time step 46350 (time=2317.5), 0.0449494 s/step
on time step 46428 (time=2321.4), 0.0516518 s/step
on time step 46507 (time=2325.35), 0.0512691 s/step
Meep progress: 2327.1/5000.0 = 46.5% done in 3984.7s, 4576.8s to go
on time step 46556 (time=2327.8), 0.0821663 s/step
on time step 46582 (time=2329.1), 0.155816 s/step
on time step 46651 (time=2332.55), 0.0586568 s/step
on time step 46743 (time=2337.15), 0.0438211 s/step
on time step 46826 (time=2341.3), 0.048733 s/step
on time step 46905 (time=2345.25), 0.0510036 s/step
on time step 46997 (time=2349.85), 0.0437416 s/step
creating output file "data/2021-12-19/ElongatedCircTest//TimeSteppingDebug-denergy-002350.00.h5"...
Meep progress: 2351.5/5000.0 = 47.0% done in 4014.7s, 4521.8s to go
on time step 47033 (time=2351.65), 0.112308 s/step
on time step 47059 (time=2352.95), 0.156162 s/step
on time step 47085 (time=2354.25), 0.156319 s/step
on time step 47144 (time=2357.2), 0.0682258 s/step
on time step 47238 (time=2361.9), 0.0425879 s/step
on time step 47314 (time=2365.7), 0.0526733 s/step
on time step 47340 (time=2367), 0.156005 s/step
on time step 47366 (time=2368.3), 0.155816 s/step
Meep progress: 2368.75/5000.0 = 47.4% done in 4044.8s, 4493.0s to go
on time step 47392 (time=2369.6), 0.155819 s/step
on time step 47418 (time=2370.9), 0.156315 s/step
on time step 47449 (time=2372.45), 0.130267 s/step
on time step 47482 (time=2374.1), 0.123944 s/step
on time step 47508 (time=2375.4), 0.154782 s/step
on time step 47578 (time=2378.9), 0.0575875 s/step
on time step 47657 (time=2382.85), 0.0506361 s/step
Meep progress: 2386.0/5000.0 = 47.7% done in 4074.8s, 4464.2s to go
on time step 47743 (time=2387.15), 0.046805 s/step
on time step 47827 (time=2391.35), 0.0479667 s/step
on time step 47924 (time=2396.2), 0.0412396 s/step
creating output file "data/2021-12-19/ElongatedCircTest//TimeSteppingDebug-denergy-002400.00.h5"...
Meep progress: 2400.0/5000.0 = 48.0% done in 4133.4s, 4477.9s to go
on time step 48000 (time=2400), 0.653293 s/step
on time step 48069 (time=2403.45), 0.0588789 s/step
on time step 48095 (time=2404.75), 0.15631 s/step
on time step 48130 (time=2406.5), 0.115496 s/step
on time step 48211 (time=2410.55), 0.0497928 s/step
on time step 48291 (time=2414.55), 0.0504034 s/step
on time step 48393 (time=2419.65), 0.0394629 s/step
on time step 48496 (time=2424.8), 0.0389445 s/step
Meep progress: 2427.05/5000.0 = 48.5% done in 4163.5s, 4413.7s to go
on time step 48598 (time=2429.9), 0.0394927 s/step
on time step 48700 (time=2435), 0.0396286 s/step
on time step 48803 (time=2440.15), 0.0390792 s/step
on time step 48906 (time=2445.3), 0.03909 s/step
creating output file "data/2021-12-19/ElongatedCircTest//TimeSteppingDebug-denergy-002450.00.h5"...
on time step 49000 (time=2450), 0.0537127 s/step
on time step 49057 (time=2452.85), 0.0713719 s/step
on time step 49094 (time=2454.7), 0.110544 s/step
Meep progress: 2455.5/5000.0 = 49.1% done in 4193.5s, 4345.5s to go
on time step 49121 (time=2456.05), 0.148755 s/step
on time step 49168 (time=2458.4), 0.0880426 s/step
on time step 49243 (time=2462.15), 0.0537507 s/step
on time step 49325 (time=2466.25), 0.0488564 s/step
on time step 49369 (time=2468.45), 0.0917763 s/step
on time step 49397 (time=2469.85), 0.144583 s/step
on time step 49432 (time=2471.6), 0.11806 s/step
on time step 49458 (time=2472.9), 0.156317 s/step
Meep progress: 2472.9500000000003/5000.0 = 49.5% done in 4223.7s, 4316.1s to go
on time step 49500 (time=2475), 0.0970798 s/step
on time step 49533 (time=2476.65), 0.123941 s/step
on time step 49563 (time=2478.15), 0.134611 s/step
on time step 49595 (time=2479.75), 0.127817 s/step
on time step 49621 (time=2481.05), 0.156316 s/step
on time step 49665 (time=2483.25), 0.0913691 s/step
on time step 49740 (time=2487), 0.0536586 s/step
Meep progress: 2488.8500000000004/5000.0 = 49.8% done in 4253.7s, 4291.8s to go
on time step 49820 (time=2491), 0.0500145 s/step
on time step 49900 (time=2495), 0.0503386 s/step
on time step 49999 (time=2499.95), 0.0407399 s/step
creating output file "data/2021-12-19/ElongatedCircTest//TimeSteppingDebug-denergy-002500.00.h5"...
Meep progress: 2500.0/5000.0 = 50.0% done in 4306.0s, 4306.0s to go
on time step 50000 (time=2500), 42.0039 s/step
on time step 50092 (time=2504.6), 0.0436201 s/step
on time step 50188 (time=2509.4), 0.0419074 s/step
on time step 50274 (time=2513.7), 0.0465524 s/step
on time step 50377 (time=2518.85), 0.0390481 s/step
on time step 50475 (time=2523.75), 0.0411456 s/step
on time step 50517 (time=2525.85), 0.095384 s/step
on time step 50543 (time=2527.15), 0.155817 s/step
Meep progress: 2528.3/5000.0 = 50.6% done in 4336.0s, 4239.0s to go
on time step 50617 (time=2530.85), 0.0542213 s/step
on time step 50702 (time=2535.1), 0.0473194 s/step
on time step 50754 (time=2537.7), 0.0774448 s/step
on time step 50796 (time=2539.8), 0.0983277 s/step
on time step 50822 (time=2541.1), 0.155815 s/step
on time step 50881 (time=2544.05), 0.0680057 s/step
on time step 50984 (time=2549.2), 0.0389437 s/step
creating output file "data/2021-12-19/ElongatedCircTest//TimeSteppingDebug-denergy-002550.00.h5"...
Meep progress: 2551.0/5000.0 = 51.0% done in 4366.1s, 4191.5s to go
on time step 51025 (time=2551.25), 0.0989567 s/step
on time step 51065 (time=2553.25), 0.102129 s/step
on time step 51091 (time=2554.55), 0.155812 s/step
on time step 51135 (time=2556.75), 0.0914809 s/step
on time step 51199 (time=2559.95), 0.0626316 s/step
on time step 51291 (time=2564.55), 0.0437949 s/step
on time step 51342 (time=2567.1), 0.0791794 s/step
on time step 51408 (time=2570.4), 0.0607771 s/step
Meep progress: 2571.8500000000004/5000.0 = 51.4% done in 4396.2s, 4150.5s to go
on time step 51454 (time=2572.7), 0.0889376 s/step
on time step 51480 (time=2574), 0.156312 s/step
on time step 51526 (time=2576.3), 0.0873094 s/step
on time step 51605 (time=2580.25), 0.0506995 s/step
on time step 51684 (time=2584.2), 0.05094 s/step
on time step 51785 (time=2589.25), 0.0398036 s/step
on time step 51888 (time=2594.4), 0.038945 s/step
Meep progress: 2598.0/5000.0 = 52.0% done in 4426.2s, 4092.3s to go
on time step 51970 (time=2598.5), 0.0490023 s/step
creating output file "data/2021-12-19/ElongatedCircTest//TimeSteppingDebug-denergy-002600.00.h5"...
Meep progress: 2600.0/5000.0 = 52.0% done in 4478.2s, 4133.8s to go
on time step 52000 (time=2600), 1.70823 s/step
on time step 52070 (time=2603.5), 0.0574697 s/step
on time step 52152 (time=2607.6), 0.0488556 s/step
on time step 52209 (time=2610.45), 0.0726337 s/step
on time step 52260 (time=2613), 0.0785947 s/step
on time step 52338 (time=2616.9), 0.0513231 s/step
on time step 52427 (time=2621.35), 0.0452837 s/step
on time step 52517 (time=2625.85), 0.0444679 s/step
Meep progress: 2627.0/5000.0 = 52.5% done in 4508.3s, 4072.4s to go
on time step 52557 (time=2627.85), 0.102704 s/step
on time step 52583 (time=2629.15), 0.155812 s/step
on time step 52651 (time=2632.55), 0.059329 s/step
on time step 52730 (time=2636.5), 0.0509525 s/step
on time step 52805 (time=2640.25), 0.0536965 s/step
on time step 52843 (time=2642.15), 0.105293 s/step
on time step 52870 (time=2643.5), 0.152452 s/step
Meep progress: 2645.4/5000.0 = 52.9% done in 4538.3s, 4039.4s to go
on time step 52912 (time=2645.6), 0.0983124 s/step
on time step 52970 (time=2648.5), 0.069059 s/step
creating output file "data/2021-12-19/ElongatedCircTest//TimeSteppingDebug-denergy-002650.00.h5"...
on time step 53019 (time=2650.95), 0.0829021 s/step
on time step 53086 (time=2654.3), 0.0598246 s/step
on time step 53165 (time=2658.25), 0.0507025 s/step
on time step 53205 (time=2660.25), 0.102747 s/step
on time step 53231 (time=2661.55), 0.155816 s/step
on time step 53273 (time=2663.65), 0.0964558 s/step
Meep progress: 2664.0/5000.0 = 53.3% done in 4568.3s, 4005.9s to go
on time step 53299 (time=2664.95), 0.156276 s/step
on time step 53377 (time=2668.85), 0.0516319 s/step
on time step 53480 (time=2674), 0.0388571 s/step
on time step 53583 (time=2679.15), 0.038866 s/step
on time step 53673 (time=2683.65), 0.0445579 s/step
on time step 53716 (time=2685.8), 0.0961889 s/step
on time step 53742 (time=2687.1), 0.155816 s/step
Meep progress: 2690.3500000000004/5000.0 = 53.8% done in 4598.4s, 3947.7s to go
on time step 53837 (time=2691.85), 0.0421392 s/step
on time step 53938 (time=2696.9), 0.0396358 s/step
on time step 53992 (time=2699.6), 0.0765388 s/step
creating output file "data/2021-12-19/ElongatedCircTest//TimeSteppingDebug-denergy-002700.00.h5"...
on time step 54019 (time=2700.95), 0.150681 s/step
on time step 54051 (time=2702.55), 0.127722 s/step
on time step 54139 (time=2706.95), 0.0458791 s/step
on time step 54223 (time=2711.15), 0.0477169 s/step
on time step 54321 (time=2716.05), 0.0408785 s/step
Meep progress: 2716.7000000000003/5000.0 = 54.3% done in 4628.4s, 3890.0s to go
on time step 54422 (time=2721.1), 0.0397654 s/step
on time step 54499 (time=2724.95), 0.0522625 s/step
on time step 54530 (time=2726.5), 0.133454 s/step
on time step 54556 (time=2727.8), 0.155815 s/step
on time step 54629 (time=2731.45), 0.0551148 s/step
on time step 54717 (time=2735.85), 0.0456613 s/step
on time step 54796 (time=2739.8), 0.0510517 s/step
Meep progress: 2742.0/5000.0 = 54.8% done in 4658.4s, 3836.2s to go
on time step 54875 (time=2743.75), 0.0512689 s/step
on time step 54954 (time=2747.7), 0.0509513 s/step
creating output file "data/2021-12-19/ElongatedCircTest//TimeSteppingDebug-denergy-002750.00.h5"...
Meep progress: 2750.0/5000.0 = 55.0% done in 4714.5s, 3857.3s to go
on time step 55000 (time=2750), 1.09126 s/step
on time step 55087 (time=2754.35), 0.0465293 s/step
on time step 55140 (time=2757), 0.0761897 s/step
on time step 55176 (time=2758.8), 0.112178 s/step
on time step 55266 (time=2763.3), 0.0444577 s/step
on time step 55358 (time=2767.9), 0.0438282 s/step
on time step 55405 (time=2770.25), 0.0873858 s/step
on time step 55431 (time=2771.55), 0.155864 s/step
Meep progress: 2772.1000000000004/5000.0 = 55.4% done in 4744.5s, 3813.1s to go
on time step 55487 (time=2774.35), 0.0717751 s/step
on time step 55579 (time=2778.95), 0.043825 s/step
on time step 55682 (time=2784.1), 0.0392734 s/step
on time step 55766 (time=2788.3), 0.0476223 s/step
on time step 55844 (time=2792.2), 0.0512977 s/step
on time step 55922 (time=2796.1), 0.0513878 s/step
on time step 55959 (time=2797.95), 0.109625 s/step
Meep progress: 2799.1000000000004/5000.0 = 56.0% done in 4774.6s, 3754.2s to go
on time step 55985 (time=2799.25), 0.155814 s/step
creating output file "data/2021-12-19/ElongatedCircTest//TimeSteppingDebug-denergy-002800.00.h5"...
on time step 56014 (time=2800.7), 0.139456 s/step
on time step 56060 (time=2803), 0.0876538 s/step
on time step 56103 (time=2805.15), 0.0942177 s/step
on time step 56139 (time=2806.95), 0.115061 s/step
on time step 56181 (time=2809.05), 0.0970555 s/step
on time step 56224 (time=2811.2), 0.094839 s/step
on time step 56250 (time=2812.5), 0.156316 s/step
Meep progress: 2812.8500000000004/5000.0 = 56.3% done in 4804.6s, 3735.9s to go
on time step 56296 (time=2814.8), 0.087483 s/step
on time step 56392 (time=2819.6), 0.0419611 s/step
on time step 56492 (time=2824.6), 0.040092 s/step
on time step 56534 (time=2826.7), 0.0970971 s/step
on time step 56560 (time=2828), 0.155816 s/step
on time step 56586 (time=2829.3), 0.156315 s/step
on time step 56616 (time=2830.8), 0.135013 s/step
Meep progress: 2833.8500000000004/5000.0 = 56.7% done in 4834.6s, 3695.5s to go
on time step 56708 (time=2835.4), 0.0435678 s/step
on time step 56766 (time=2838.3), 0.0699155 s/step
on time step 56797 (time=2839.85), 0.131969 s/step
on time step 56848 (time=2842.4), 0.0785167 s/step
on time step 56947 (time=2847.35), 0.0404297 s/step
creating output file "data/2021-12-19/ElongatedCircTest//TimeSteppingDebug-denergy-002850.00.h5"...
Meep progress: 2850.0/5000.0 = 57.0% done in 4902.8s, 3698.6s to go
on time step 57000 (time=2850), 0.958055 s/step
on time step 57056 (time=2852.8), 0.0714791 s/step
on time step 57106 (time=2855.3), 0.0818413 s/step
on time step 57132 (time=2856.6), 0.156314 s/step
on time step 57206 (time=2860.3), 0.0543702 s/step
on time step 57309 (time=2865.45), 0.0388566 s/step
on time step 57401 (time=2870.05), 0.0437855 s/step
on time step 57438 (time=2871.9), 0.111838 s/step
Meep progress: 2872.6000000000004/5000.0 = 57.5% done in 4932.8s, 3653.2s to go
on time step 57501 (time=2875.05), 0.0635437 s/step
on time step 57581 (time=2879.05), 0.050078 s/step
on time step 57675 (time=2883.75), 0.0428348 s/step
on time step 57778 (time=2888.9), 0.0390482 s/step
on time step 57881 (time=2894.05), 0.0389543 s/step
on time step 57984 (time=2899.2), 0.0389628 s/step
creating output file "data/2021-12-19/ElongatedCircTest//TimeSteppingDebug-denergy-002900.00.h5"...
on time step 58040 (time=2902), 0.0721286 s/step
Meep progress: 2904.4/5000.0 = 58.1% done in 4962.8s, 3580.8s to go
on time step 58097 (time=2904.85), 0.070755 s/step
on time step 58147 (time=2907.35), 0.0801248 s/step
on time step 58182 (time=2909.1), 0.117975 s/step
on time step 58208 (time=2910.4), 0.156315 s/step
on time step 58240 (time=2912), 0.127821 s/step
on time step 58307 (time=2915.35), 0.0603784 s/step
on time step 58404 (time=2920.2), 0.0415908 s/step
on time step 58507 (time=2925.35), 0.0391088 s/step
Meep progress: 2926.8/5000.0 = 58.5% done in 4992.8s, 3536.7s to go
on time step 58610 (time=2930.5), 0.0390006 s/step
on time step 58649 (time=2932.45), 0.10357 s/step
on time step 58681 (time=2934.05), 0.129847 s/step
on time step 58711 (time=2935.55), 0.13418 s/step
on time step 58743 (time=2937.15), 0.125789 s/step
on time step 58773 (time=2938.65), 0.13377 s/step
on time step 58866 (time=2943.3), 0.0434337 s/step
Meep progress: 2946.9500000000003/5000.0 = 58.9% done in 5022.9s, 3499.3s to go
on time step 58969 (time=2948.45), 0.0388558 s/step
creating output file "data/2021-12-19/ElongatedCircTest//TimeSteppingDebug-denergy-002950.00.h5"...
Meep progress: 2950.0/5000.0 = 59.0% done in 5066.9s, 3521.1s to go
on time step 59000 (time=2950), 1.38468 s/step
on time step 59048 (time=2952.4), 0.0853033 s/step
on time step 59074 (time=2953.7), 0.156315 s/step
on time step 59136 (time=2956.8), 0.0646347 s/step
on time step 59214 (time=2960.7), 0.0513234 s/step
on time step 59302 (time=2965.1), 0.0454565 s/step
on time step 59381 (time=2969.05), 0.0512547 s/step
on time step 59475 (time=2973.75), 0.0429165 s/step
Meep progress: 2975.55/5000.0 = 59.5% done in 5097.0s, 3467.8s to go
on time step 59535 (time=2976.75), 0.0671722 s/step
on time step 59605 (time=2980.25), 0.0572748 s/step
on time step 59683 (time=2984.15), 0.0513235 s/step
on time step 59777 (time=2988.85), 0.0427789 s/step
on time step 59879 (time=2993.95), 0.0393069 s/step
on time step 59981 (time=2999.05), 0.0393636 s/step
creating output file "data/2021-12-19/ElongatedCircTest//TimeSteppingDebug-denergy-003000.00.h5"...
on time step 60047 (time=3002.35), 0.0610039 s/step
Meep progress: 3006.9/5000.0 = 60.1% done in 5127.0s, 3398.4s to go
on time step 60145 (time=3007.25), 0.0412805 s/step
on time step 60188 (time=3009.4), 0.0961815 s/step
on time step 60219 (time=3010.95), 0.130268 s/step
on time step 60292 (time=3014.6), 0.0552639 s/step
on time step 60370 (time=3018.5), 0.0513235 s/step
on time step 60459 (time=3022.95), 0.0452303 s/step
on time step 60538 (time=3026.9), 0.0512757 s/step
on time step 60635 (time=3031.75), 0.0414874 s/step
Meep progress: 3033.1000000000004/5000.0 = 60.7% done in 5157.2s, 3344.3s to go
on time step 60705 (time=3035.25), 0.0576888 s/step
on time step 60802 (time=3040.1), 0.0413207 s/step
on time step 60869 (time=3043.45), 0.0599885 s/step
on time step 60965 (time=3048.25), 0.0417004 s/step
creating output file "data/2021-12-19/ElongatedCircTest//TimeSteppingDebug-denergy-003050.00.h5"...
Meep progress: 3050.0/5000.0 = 61.0% done in 5218.2s, 3336.2s to go
on time step 61000 (time=3050), 1.32625 s/step
on time step 61042 (time=3052.1), 0.097479 s/step
on time step 61068 (time=3053.4), 0.156312 s/step
on time step 61140 (time=3057), 0.055768 s/step
on time step 61237 (time=3061.85), 0.0415388 s/step
on time step 61292 (time=3064.6), 0.0737655 s/step
on time step 61318 (time=3065.9), 0.155816 s/step
on time step 61344 (time=3067.2), 0.156316 s/step
Meep progress: 3068.7000000000003/5000.0 = 61.4% done in 5248.2s, 3303.0s to go
on time step 61395 (time=3069.75), 0.0786707 s/step
on time step 61421 (time=3071.05), 0.156314 s/step
on time step 61460 (time=3073), 0.104212 s/step
on time step 61498 (time=3074.9), 0.106266 s/step
on time step 61526 (time=3076.3), 0.144262 s/step
on time step 61630 (time=3081.5), 0.0387232 s/step
on time step 61733 (time=3086.65), 0.0390895 s/step
Meep progress: 3090.5/5000.0 = 61.8% done in 5278.2s, 3261.2s to go
on time step 61822 (time=3091.1), 0.0451607 s/step
on time step 61902 (time=3095.1), 0.0506141 s/step
on time step 61981 (time=3099.05), 0.0510006 s/step
creating output file "data/2021-12-19/ElongatedCircTest//TimeSteppingDebug-denergy-003100.00.h5"...
on time step 62028 (time=3101.4), 0.0873865 s/step
on time step 62054 (time=3102.7), 0.156124 s/step
on time step 62080 (time=3104), 0.155853 s/step
on time step 62106 (time=3105.3), 0.155817 s/step
on time step 62135 (time=3106.75), 0.139669 s/step
Meep progress: 3107.4/5000.0 = 62.1% done in 5308.3s, 3233.1s to go
on time step 62170 (time=3108.5), 0.116517 s/step
on time step 62196 (time=3109.8), 0.15628 s/step
on time step 62256 (time=3112.8), 0.0667527 s/step
on time step 62351 (time=3117.55), 0.0422551 s/step
on time step 62442 (time=3122.1), 0.0439801 s/step
on time step 62530 (time=3126.5), 0.0459796 s/step
on time step 62609 (time=3130.45), 0.0510027 s/step
Meep progress: 3133.6000000000004/5000.0 = 62.7% done in 5338.3s, 3179.5s to go
on time step 62697 (time=3134.85), 0.0457414 s/step
on time step 62775 (time=3138.75), 0.051322 s/step
on time step 62867 (time=3143.35), 0.0440349 s/step
on time step 62945 (time=3147.25), 0.0516042 s/step
creating output file "data/2021-12-19/ElongatedCircTest//TimeSteppingDebug-denergy-003150.00.h5"...
Meep progress: 3150.0/5000.0 = 63.0% done in 5401.4s, 3172.3s to go
on time step 63000 (time=3150), 0.905655 s/step
on time step 63041 (time=3152.05), 0.0981717 s/step
on time step 63125 (time=3156.25), 0.0479539 s/step
on time step 63228 (time=3161.4), 0.0390121 s/step
on time step 63324 (time=3166.2), 0.0419601 s/step
on time step 63359 (time=3167.95), 0.115918 s/step
on time step 63385 (time=3169.25), 0.155815 s/step
on time step 63422 (time=3171.1), 0.110547 s/step
Meep progress: 3171.65/5000.0 = 63.4% done in 5431.4s, 3131.0s to go
on time step 63469 (time=3173.45), 0.085177 s/step
on time step 63565 (time=3178.25), 0.0419493 s/step
on time step 63644 (time=3182.2), 0.0509772 s/step
on time step 63722 (time=3186.1), 0.0513235 s/step
on time step 63807 (time=3190.35), 0.0473319 s/step
on time step 63909 (time=3195.45), 0.0392378 s/step
on time step 63978 (time=3198.9), 0.0584526 s/step
creating output file "data/2021-12-19/ElongatedCircTest//TimeSteppingDebug-denergy-003200.00.h5"...
Meep progress: 3200.3/5000.0 = 64.0% done in 5461.5s, 3071.3s to go
on time step 64011 (time=3200.55), 0.121492 s/step
on time step 64055 (time=3202.75), 0.0928439 s/step
on time step 64111 (time=3205.55), 0.0718071 s/step
on time step 64191 (time=3209.55), 0.0503653 s/step
on time step 64271 (time=3213.55), 0.0503406 s/step
on time step 64350 (time=3217.5), 0.0512304 s/step
on time step 64429 (time=3221.45), 0.0512813 s/step
on time step 64508 (time=3225.4), 0.051282 s/step
Meep progress: 3226.65/5000.0 = 64.5% done in 5491.5s, 3018.1s to go
on time step 64587 (time=3229.35), 0.051282 s/step
on time step 64673 (time=3233.65), 0.0468961 s/step
on time step 64776 (time=3238.8), 0.0390117 s/step
on time step 64879 (time=3243.95), 0.0389243 s/step
on time step 64968 (time=3248.4), 0.0454067 s/step
creating output file "data/2021-12-19/ElongatedCircTest//TimeSteppingDebug-denergy-003250.00.h5"...
Meep progress: 3250.0/5000.0 = 65.0% done in 5551.6s, 2989.3s to go
on time step 65000 (time=3250), 1.28886 s/step
on time step 65032 (time=3251.6), 0.125138 s/step
on time step 65103 (time=3255.15), 0.0565113 s/step
on time step 65143 (time=3257.15), 0.103553 s/step
on time step 65173 (time=3258.65), 0.135045 s/step
on time step 65204 (time=3260.2), 0.129423 s/step
on time step 65230 (time=3261.5), 0.156316 s/step
on time step 65291 (time=3264.55), 0.0663002 s/step
Meep progress: 3266.5/5000.0 = 65.3% done in 5581.6s, 2962.1s to go
on time step 65390 (time=3269.5), 0.040738 s/step
on time step 65486 (time=3274.3), 0.0418353 s/step
on time step 65589 (time=3279.45), 0.0388987 s/step
on time step 65692 (time=3284.6), 0.0390194 s/step
on time step 65760 (time=3288), 0.0596206 s/step
on time step 65790 (time=3289.5), 0.136039 s/step
on time step 65816 (time=3290.8), 0.155814 s/step
Meep progress: 3291.9/5000.0 = 65.8% done in 5611.6s, 2911.8s to go
on time step 65842 (time=3292.1), 0.155815 s/step
on time step 65938 (time=3296.9), 0.0420963 s/step
creating output file "data/2021-12-19/ElongatedCircTest//TimeSteppingDebug-denergy-003300.00.h5"...
on time step 66005 (time=3300.25), 0.0603023 s/step
on time step 66058 (time=3302.9), 0.0766461 s/step
on time step 66136 (time=3306.8), 0.0517726 s/step
on time step 66215 (time=3310.75), 0.0512181 s/step
on time step 66316 (time=3315.8), 0.0398236 s/step
on time step 66417 (time=3320.85), 0.0397056 s/step
Meep progress: 3322.3/5000.0 = 66.4% done in 5641.6s, 2848.9s to go
on time step 66520 (time=3326), 0.0390879 s/step
on time step 66607 (time=3330.35), 0.046325 s/step
on time step 66639 (time=3331.95), 0.126883 s/step
on time step 66715 (time=3335.75), 0.0528583 s/step
on time step 66793 (time=3339.65), 0.0515809 s/step
on time step 66896 (time=3344.8), 0.0401943 s/step
on time step 66933 (time=3346.65), 0.111953 s/step
Meep progress: 3347.55/5000.0 = 67.0% done in 5671.8s, 2799.7s to go
on time step 66959 (time=3347.95), 0.156317 s/step
on time step 66985 (time=3349.25), 0.156312 s/step
creating output file "data/2021-12-19/ElongatedCircTest//TimeSteppingDebug-denergy-003350.00.h5"...
Meep progress: 3350.0/5000.0 = 67.0% done in 5723.7s, 2819.2s to go
on time step 67000 (time=3350), 3.10982 s/step
on time step 67078 (time=3353.9), 0.0516266 s/step
on time step 67110 (time=3355.5), 0.127502 s/step
on time step 67179 (time=3358.95), 0.0586861 s/step
on time step 67277 (time=3363.85), 0.0408478 s/step
on time step 67380 (time=3369), 0.0388569 s/step
on time step 67480 (time=3374), 0.0400227 s/step
on time step 67543 (time=3377.15), 0.0645904 s/step
Meep progress: 3379.0/5000.0 = 67.6% done in 5753.7s, 2760.2s to go
on time step 67632 (time=3381.6), 0.0452725 s/step
on time step 67714 (time=3385.7), 0.0488072 s/step
on time step 67796 (time=3389.8), 0.0488094 s/step
on time step 67895 (time=3394.75), 0.0407283 s/step
on time step 67998 (time=3399.9), 0.0390204 s/step
creating output file "data/2021-12-19/ElongatedCircTest//TimeSteppingDebug-denergy-003400.00.h5"...
on time step 68051 (time=3402.55), 0.0763255 s/step
on time step 68130 (time=3406.5), 0.0506737 s/step
Meep progress: 3408.05/5000.0 = 68.2% done in 5783.9s, 2701.7s to go
on time step 68163 (time=3408.15), 0.123671 s/step
on time step 68236 (time=3411.8), 0.0551687 s/step
on time step 68268 (time=3413.4), 0.12938 s/step
on time step 68294 (time=3414.7), 0.155819 s/step
on time step 68370 (time=3418.5), 0.0530941 s/step
on time step 68472 (time=3423.6), 0.0394242 s/step
on time step 68564 (time=3428.2), 0.0439157 s/step
on time step 68591 (time=3429.55), 0.151192 s/step
Meep progress: 3430.0/5000.0 = 68.6% done in 5814.0s, 2661.2s to go
on time step 68628 (time=3431.4), 0.108766 s/step
on time step 68709 (time=3435.45), 0.0495704 s/step
on time step 68812 (time=3440.6), 0.039051 s/step
on time step 68908 (time=3445.4), 0.041964 s/step
on time step 68987 (time=3449.35), 0.050978 s/step
creating output file "data/2021-12-19/ElongatedCircTest//TimeSteppingDebug-denergy-003450.00.h5"...
Meep progress: 3450.0/5000.0 = 69.0% done in 5872.2s, 2638.2s to go
on time step 69000 (time=3450), 3.03471 s/step
on time step 69078 (time=3453.9), 0.0515475 s/step
on time step 69178 (time=3458.9), 0.0400312 s/step
on time step 69264 (time=3463.2), 0.0470509 s/step
on time step 69339 (time=3466.95), 0.0534497 s/step
on time step 69368 (time=3468.4), 0.142626 s/step
on time step 69394 (time=3469.7), 0.155816 s/step
on time step 69475 (time=3473.75), 0.0495098 s/step
Meep progress: 3475.9500000000003/5000.0 = 69.5% done in 5902.2s, 2587.9s to go
on time step 69576 (time=3478.8), 0.0398044 s/step
on time step 69652 (time=3482.6), 0.0526737 s/step
on time step 69679 (time=3483.95), 0.150153 s/step
on time step 69705 (time=3485.25), 0.155812 s/step
on time step 69761 (time=3488.05), 0.0724168 s/step
on time step 69787 (time=3489.35), 0.156 s/step
on time step 69822 (time=3491.1), 0.114524 s/step
Meep progress: 3495.6000000000004/5000.0 = 69.9% done in 5932.2s, 2553.0s to go
on time step 69925 (time=3496.25), 0.0389492 s/step
creating output file "data/2021-12-19/ElongatedCircTest//TimeSteppingDebug-denergy-003500.00.h5"...
on time step 70000 (time=3500), 0.0681283 s/step
on time step 70062 (time=3503.1), 0.0652261 s/step
on time step 70141 (time=3507.05), 0.0506721 s/step
on time step 70226 (time=3511.3), 0.0471443 s/step
on time step 70328 (time=3516.4), 0.0396686 s/step
on time step 70413 (time=3520.65), 0.0476258 s/step
on time step 70473 (time=3523.65), 0.0671355 s/step
Meep progress: 3523.75/5000.0 = 70.5% done in 5962.3s, 2497.9s to go
on time step 70518 (time=3525.9), 0.0893634 s/step
on time step 70604 (time=3530.2), 0.0466188 s/step
on time step 70701 (time=3535.05), 0.0415076 s/step
on time step 70803 (time=3540.15), 0.0393639 s/step
on time step 70889 (time=3544.45), 0.0465257 s/step
on time step 70984 (time=3549.2), 0.0421923 s/step
creating output file "data/2021-12-19/ElongatedCircTest//TimeSteppingDebug-denergy-003550.00.h5"...
Meep progress: 3550.0/5000.0 = 71.0% done in 6043.4s, 2468.4s to go
on time step 71000 (time=3550), 3.57937 s/step
on time step 71069 (time=3553.45), 0.0591006 s/step
on time step 71103 (time=3555.15), 0.119768 s/step
on time step 71129 (time=3556.45), 0.156317 s/step
on time step 71176 (time=3558.8), 0.0856515 s/step
on time step 71216 (time=3560.8), 0.103547 s/step
on time step 71243 (time=3562.15), 0.150012 s/step
on time step 71340 (time=3567), 0.0415069 s/step
Meep progress: 3568.8500000000004/5000.0 = 71.4% done in 6073.4s, 2435.5s to go
on time step 71424 (time=3571.2), 0.0479062 s/step
on time step 71508 (time=3575.4), 0.0479313 s/step
on time step 71587 (time=3579.35), 0.0512731 s/step
on time step 71667 (time=3583.35), 0.0502903 s/step
on time step 71697 (time=3584.85), 0.133393 s/step
on time step 71767 (time=3588.35), 0.0574335 s/step
on time step 71846 (time=3592.3), 0.051079 s/step
Meep progress: 3593.8/5000.0 = 71.9% done in 6103.4s, 2388.2s to go
on time step 71880 (time=3594), 0.118621 s/step
on time step 71906 (time=3595.3), 0.154314 s/step
creating output file "data/2021-12-19/ElongatedCircTest//TimeSteppingDebug-denergy-003600.00.h5"...
on time step 72000 (time=3600), 0.0566296 s/step
on time step 72078 (time=3603.9), 0.0515385 s/step
on time step 72123 (time=3606.15), 0.0906917 s/step
on time step 72149 (time=3607.45), 0.155815 s/step
on time step 72189 (time=3609.45), 0.100532 s/step
Meep progress: 3613.25/5000.0 = 72.3% done in 6133.4s, 2354.0s to go
on time step 72268 (time=3613.4), 0.0509525 s/step
on time step 72349 (time=3617.45), 0.0494087 s/step
on time step 72428 (time=3621.4), 0.0512837 s/step
on time step 72512 (time=3625.6), 0.0478931 s/step
on time step 72591 (time=3629.55), 0.0524696 s/step
on time step 72621 (time=3631.05), 0.13764 s/step
on time step 72647 (time=3632.35), 0.155815 s/step
on time step 72715 (time=3635.75), 0.0588433 s/step
Meep progress: 3637.6000000000004/5000.0 = 72.8% done in 6163.4s, 2308.4s to go
on time step 72818 (time=3640.9), 0.0388369 s/step
on time step 72892 (time=3644.6), 0.0555828 s/step
on time step 72944 (time=3647.2), 0.0772943 s/step
creating output file "data/2021-12-19/ElongatedCircTest//TimeSteppingDebug-denergy-003650.00.h5"...
Meep progress: 3650.0/5000.0 = 73.0% done in 6224.2s, 2302.1s to go
on time step 73000 (time=3650), 0.89432 s/step
on time step 73040 (time=3652), 0.101474 s/step
on time step 73068 (time=3653.4), 0.143112 s/step
on time step 73094 (time=3654.7), 0.155848 s/step
on time step 73147 (time=3657.35), 0.0757054 s/step
on time step 73177 (time=3658.85), 0.136337 s/step
on time step 73204 (time=3660.2), 0.148976 s/step
on time step 73231 (time=3661.55), 0.148226 s/step
Meep progress: 3662.15/5000.0 = 73.2% done in 6254.3s, 2284.8s to go
on time step 73257 (time=3662.85), 0.156317 s/step
on time step 73298 (time=3664.9), 0.0994452 s/step
on time step 73341 (time=3667.05), 0.0950257 s/step
on time step 73411 (time=3670.55), 0.0576866 s/step
on time step 73437 (time=3671.85), 0.15632 s/step
on time step 73463 (time=3673.15), 0.156313 s/step
on time step 73508 (time=3675.4), 0.0890537 s/step
Meep progress: 3677.65/5000.0 = 73.6% done in 6284.4s, 2259.6s to go
on time step 73558 (time=3677.9), 0.0800831 s/step
on time step 73587 (time=3679.35), 0.142834 s/step
on time step 73613 (time=3680.65), 0.156317 s/step
on time step 73639 (time=3681.95), 0.156323 s/step
on time step 73680 (time=3684), 0.100706 s/step
on time step 73718 (time=3685.9), 0.105829 s/step
on time step 73806 (time=3690.3), 0.0457838 s/step
on time step 73845 (time=3692.25), 0.103113 s/step
Meep progress: 3693.6000000000004/5000.0 = 73.9% done in 6314.4s, 2233.4s to go
on time step 73924 (time=3696.2), 0.0513306 s/step
on time step 73995 (time=3699.75), 0.056934 s/step
creating output file "data/2021-12-19/ElongatedCircTest//TimeSteppingDebug-denergy-003700.00.h5"...
on time step 74049 (time=3702.45), 0.0743376 s/step
on time step 74116 (time=3705.8), 0.0609554 s/step
on time step 74157 (time=3707.85), 0.0983259 s/step
on time step 74192 (time=3709.6), 0.115946 s/step
on time step 74237 (time=3711.85), 0.0889144 s/step
Meep progress: 3715.4/5000.0 = 74.3% done in 6344.4s, 2193.6s to go
on time step 74333 (time=3716.65), 0.0418794 s/step
on time step 74398 (time=3719.9), 0.0635728 s/step
on time step 74424 (time=3721.2), 0.155813 s/step
on time step 74474 (time=3723.7), 0.0808433 s/step
on time step 74539 (time=3726.95), 0.0616187 s/step
on time step 74580 (time=3729), 0.0982492 s/step
on time step 74609 (time=3730.45), 0.140593 s/step
on time step 74662 (time=3733.1), 0.0762698 s/step
Meep progress: 3733.65/5000.0 = 74.7% done in 6374.5s, 2162.0s to go
on time step 74762 (time=3738.1), 0.0402923 s/step
on time step 74821 (time=3741.05), 0.0683067 s/step
on time step 74847 (time=3742.35), 0.155816 s/step
on time step 74873 (time=3743.65), 0.156314 s/step
on time step 74899 (time=3744.95), 0.156314 s/step
on time step 74925 (time=3746.25), 0.156318 s/step
on time step 74979 (time=3748.95), 0.0767079 s/step
Meep progress: 3749.6000000000004/5000.0 = 75.0% done in 6404.5s, 2135.8s to go
creating output file "data/2021-12-19/ElongatedCircTest//TimeSteppingDebug-denergy-003750.00.h5"...
Meep progress: 3750.0/5000.0 = 75.0% done in 6452.9s, 2151.0s to go
on time step 75000 (time=3750), 2.40109 s/step
on time step 75074 (time=3753.7), 0.0553241 s/step
on time step 75114 (time=3755.7), 0.103554 s/step
on time step 75147 (time=3757.35), 0.121979 s/step
on time step 75228 (time=3761.4), 0.0497442 s/step
on time step 75312 (time=3765.6), 0.0476573 s/step
on time step 75390 (time=3769.5), 0.0513108 s/step
on time step 75468 (time=3773.4), 0.051284 s/step
Meep progress: 3775.05/5000.0 = 75.5% done in 6482.9s, 2103.6s to go
on time step 75549 (time=3777.45), 0.0494479 s/step
on time step 75640 (time=3782), 0.0443196 s/step
on time step 75687 (time=3784.35), 0.0884102 s/step
on time step 75713 (time=3785.65), 0.155814 s/step
on time step 75765 (time=3788.25), 0.0799096 s/step
on time step 75791 (time=3789.55), 0.156314 s/step
on time step 75822 (time=3791.1), 0.129423 s/step
Meep progress: 3792.15/5000.0 = 75.8% done in 6513.0s, 2074.5s to go
on time step 75848 (time=3792.4), 0.156316 s/step
on time step 75874 (time=3793.7), 0.156316 s/step
on time step 75913 (time=3795.65), 0.106211 s/step
on time step 75978 (time=3798.9), 0.0617939 s/step
creating output file "data/2021-12-19/ElongatedCircTest//TimeSteppingDebug-denergy-003800.00.h5"...
on time step 76020 (time=3801), 0.0958567 s/step
on time step 76089 (time=3804.45), 0.0582937 s/step
on time step 76175 (time=3808.75), 0.046922 s/step
on time step 76255 (time=3812.75), 0.0505876 s/step
Meep progress: 3813.6000000000004/5000.0 = 76.3% done in 6543.0s, 2035.5s to go
on time step 76334 (time=3816.7), 0.0506741 s/step
on time step 76412 (time=3820.6), 0.0516171 s/step
on time step 76491 (time=3824.55), 0.0509272 s/step
on time step 76578 (time=3828.9), 0.0460603 s/step
on time step 76627 (time=3831.35), 0.0830838 s/step
on time step 76676 (time=3833.8), 0.0825777 s/step
on time step 76754 (time=3837.7), 0.0516591 s/step
Meep progress: 3840.4/5000.0 = 76.8% done in 6573.0s, 1984.7s to go
on time step 76842 (time=3842.1), 0.0455125 s/step
on time step 76944 (time=3847.2), 0.0394133 s/step
creating output file "data/2021-12-19/ElongatedCircTest//TimeSteppingDebug-denergy-003850.00.h5"...
Meep progress: 3850.0/5000.0 = 77.0% done in 6628.6s, 1980.0s to go
on time step 77000 (time=3850), 0.897159 s/step
on time step 77063 (time=3853.15), 0.0637921 s/step
on time step 77166 (time=3858.3), 0.0391245 s/step
on time step 77258 (time=3862.9), 0.0439509 s/step
on time step 77285 (time=3864.25), 0.148438 s/step
on time step 77350 (time=3867.5), 0.0615946 s/step
on time step 77401 (time=3870.05), 0.0812206 s/step
on time step 77427 (time=3871.35), 0.156315 s/step
Meep progress: 3871.9/5000.0 = 77.4% done in 6658.6s, 1940.0s to go
on time step 77474 (time=3873.7), 0.0858114 s/step
on time step 77555 (time=3877.75), 0.0494981 s/step
on time step 77634 (time=3881.7), 0.0514956 s/step
on time step 77683 (time=3884.15), 0.0827621 s/step
on time step 77709 (time=3885.45), 0.155817 s/step
on time step 77747 (time=3887.35), 0.108322 s/step
on time step 77785 (time=3889.25), 0.106167 s/step
Meep progress: 3893.55/5000.0 = 77.9% done in 6688.7s, 1900.7s to go
on time step 77888 (time=3894.4), 0.0388555 s/step
on time step 77991 (time=3899.55), 0.0390307 s/step
creating output file "data/2021-12-19/ElongatedCircTest//TimeSteppingDebug-denergy-003900.00.h5"...
on time step 78030 (time=3901.5), 0.10329 s/step
on time step 78112 (time=3905.6), 0.0490517 s/step
on time step 78214 (time=3910.7), 0.0392375 s/step
on time step 78311 (time=3915.55), 0.041765 s/step
on time step 78393 (time=3919.65), 0.0487954 s/step
on time step 78484 (time=3924.2), 0.0443319 s/step
Meep progress: 3925.75/5000.0 = 78.5% done in 6718.7s, 1838.5s to go
on time step 78550 (time=3927.5), 0.0620453 s/step
on time step 78576 (time=3928.8), 0.155816 s/step
on time step 78606 (time=3930.3), 0.135045 s/step
on time step 78662 (time=3933.1), 0.0717183 s/step
on time step 78744 (time=3937.2), 0.0491368 s/step
on time step 78825 (time=3941.25), 0.0496821 s/step
on time step 78904 (time=3945.2), 0.0506887 s/step
Meep progress: 3948.05/5000.0 = 79.0% done in 6748.7s, 1798.2s to go
on time step 78983 (time=3949.15), 0.050948 s/step
creating output file "data/2021-12-19/ElongatedCircTest//TimeSteppingDebug-denergy-003950.00.h5"...
Meep progress: 3950.0/5000.0 = 79.0% done in 6796.8s, 1806.7s to go
on time step 79000 (time=3950), 2.76518 s/step
on time step 79036 (time=3951.8), 0.111583 s/step
on time step 79062 (time=3953.1), 0.155865 s/step
on time step 79092 (time=3954.6), 0.133816 s/step
on time step 79150 (time=3957.5), 0.0689813 s/step
on time step 79231 (time=3961.55), 0.0497189 s/step
on time step 79311 (time=3965.55), 0.0505366 s/step
on time step 79390 (time=3969.5), 0.0512559 s/step
Meep progress: 3971.25/5000.0 = 79.4% done in 6826.8s, 1768.5s to go
on time step 79468 (time=3973.4), 0.0512981 s/step
on time step 79544 (time=3977.2), 0.0527387 s/step
on time step 79623 (time=3981.15), 0.0506332 s/step
on time step 79687 (time=3984.35), 0.064786 s/step
on time step 79723 (time=3986.15), 0.111816 s/step
on time step 79814 (time=3990.7), 0.0442666 s/step
on time step 79885 (time=3994.25), 0.0581145 s/step
Meep progress: 3995.4/5000.0 = 79.9% done in 6856.9s, 1724.1s to go
on time step 79911 (time=3995.55), 0.155814 s/step
on time step 79937 (time=3996.85), 0.156317 s/step
on time step 79963 (time=3998.15), 0.156318 s/step
on time step 79992 (time=3999.6), 0.13835 s/step
creating output file "data/2021-12-19/ElongatedCircTest//TimeSteppingDebug-denergy-004000.00.h5"...
Meep progress: 4000.0/5000.0 = 80.0% done in 6924.5s, 1731.1s to go
on time step 80000 (time=4000), 6.87525 s/step
on time step 80101 (time=4005.05), 0.0397219 s/step
on time step 80150 (time=4007.5), 0.082901 s/step
on time step 80252 (time=4012.6), 0.0393852 s/step
on time step 80347 (time=4017.35), 0.0421898 s/step
on time step 80427 (time=4021.35), 0.0506153 s/step
on time step 80505 (time=4025.25), 0.0513941 s/step
on time step 80586 (time=4029.3), 0.0502177 s/step
Meep progress: 4029.9/5000.0 = 80.6% done in 6954.6s, 1674.2s to go
on time step 80614 (time=4030.7), 0.143103 s/step
on time step 80683 (time=4034.15), 0.0595439 s/step
on time step 80709 (time=4035.45), 0.155816 s/step
on time step 80765 (time=4038.25), 0.0719917 s/step
on time step 80832 (time=4041.6), 0.059745 s/step
on time step 80912 (time=4045.6), 0.0504054 s/step
on time step 80993 (time=4049.65), 0.0509246 s/step
creating output file "data/2021-12-19/ElongatedCircTest//TimeSteppingDebug-denergy-004050.00.h5"...
Meep progress: 4050.6000000000004/5000.0 = 81.0% done in 6984.6s, 1637.1s to go
on time step 81018 (time=4050.9), 0.161774 s/step
on time step 81066 (time=4053.3), 0.0839998 s/step
on time step 81113 (time=4055.65), 0.08846 s/step
on time step 81153 (time=4057.65), 0.100908 s/step
on time step 81246 (time=4062.3), 0.0433819 s/step
on time step 81329 (time=4066.45), 0.0485655 s/step
on time step 81432 (time=4071.6), 0.0390995 s/step
on time step 81535 (time=4076.75), 0.0390021 s/step
Meep progress: 4078.2000000000003/5000.0 = 81.6% done in 7014.7s, 1585.5s to go
on time step 81637 (time=4081.85), 0.0392377 s/step
on time step 81734 (time=4086.7), 0.0415897 s/step
on time step 81830 (time=4091.5), 0.042096 s/step
on time step 81932 (time=4096.6), 0.0394711 s/step
on time step 81977 (time=4098.85), 0.0912041 s/step
creating output file "data/2021-12-19/ElongatedCircTest//TimeSteppingDebug-denergy-004100.00.h5"...
Meep progress: 4100.0/5000.0 = 82.0% done in 7065.6s, 1551.0s to go
on time step 82000 (time=4100), 1.3843 s/step
on time step 82073 (time=4103.65), 0.0553154 s/step
on time step 82106 (time=4105.3), 0.125275 s/step
on time step 82132 (time=4106.6), 0.155821 s/step
on time step 82191 (time=4109.55), 0.067819 s/step
on time step 82294 (time=4114.7), 0.0388362 s/step
on time step 82395 (time=4119.75), 0.0400117 s/step
on time step 82435 (time=4121.75), 0.103404 s/step
Meep progress: 4122.3/5000.0 = 82.4% done in 7095.7s, 1510.8s to go
on time step 82461 (time=4123.05), 0.155815 s/step
on time step 82527 (time=4126.35), 0.0607926 s/step
on time step 82610 (time=4130.5), 0.0484367 s/step
on time step 82686 (time=4134.3), 0.0530023 s/step
on time step 82728 (time=4136.4), 0.095882 s/step
on time step 82770 (time=4138.5), 0.0964359 s/step
on time step 82849 (time=4142.45), 0.0506347 s/step
Meep progress: 4146.2/5000.0 = 82.9% done in 7125.7s, 1467.4s to go
on time step 82936 (time=4146.8), 0.0462448 s/step
creating output file "data/2021-12-19/ElongatedCircTest//TimeSteppingDebug-denergy-004150.00.h5"...
on time step 83000 (time=4150), 0.0625324 s/step
on time step 83072 (time=4153.6), 0.0559407 s/step
on time step 83175 (time=4158.75), 0.0391193 s/step
on time step 83240 (time=4162), 0.0632166 s/step
on time step 83266 (time=4163.3), 0.155812 s/step
on time step 83297 (time=4164.85), 0.130625 s/step
on time step 83378 (time=4168.9), 0.0497678 s/step
Meep progress: 4170.2/5000.0 = 83.4% done in 7155.7s, 1423.9s to go
on time step 83460 (time=4173), 0.0488077 s/step
on time step 83533 (time=4176.65), 0.0551943 s/step
on time step 83592 (time=4179.6), 0.0679363 s/step
on time step 83636 (time=4181.8), 0.0910271 s/step
on time step 83676 (time=4183.8), 0.103224 s/step
on time step 83728 (time=4186.4), 0.0776624 s/step
on time step 83773 (time=4188.65), 0.0897321 s/step
Meep progress: 4190.650000000001/5000.0 = 83.8% done in 7185.7s, 1387.8s to go
on time step 83839 (time=4191.95), 0.0606874 s/step
on time step 83929 (time=4196.45), 0.0447583 s/step
on time step 83962 (time=4198.1), 0.12367 s/step
srun: Job step aborted: Waiting up to 62 seconds for job step to finish.
slurmstepd: error: *** JOB 612976 ON topsy-cn-1-10 CANCELLED AT 2021-12-20T00:36:36 DUE TO TIME LIMIT ***
slurmstepd: error: *** STEP 612976.0 ON topsy-cn-1-10 CANCELLED AT 2021-12-20T00:36:36 DUE TO TIME LIMIT ***
srun: got SIGCONT
srun: forcing job termination
srun: error: topsy-cn-2-14: tasks 20-23: Terminated
srun: error: topsy-cn-1-10: tasks 0-19: Terminated
