Using MPI version 3.1, 64 processes
WD: data/2021-11-23/PossiblyWorkingNowTopsy/
AlreadyDir
-----------
Initializing structure...
Splitting into 64 chunks by voxels
time for choose_chunkdivision = 0.00569719 s
Working in 2D dimensions.
Computational cell is 1320 x 100 x 0 with resolution 6
     block, center = (0,0,0)
          size (1e+20,1e+20,1e+20)
          axes (1,0,0), (0,1,0), (0,0,1)
          dielectric constant epsilon diagonal = (1.9881,1.9881,1.9881)
     block, center = (0,-26.25,0)
          size (1e+20,62.5,1e+20)
          axes (1,0,0), (0,1,0), (0,0,1)
          dielectric constant epsilon diagonal = (2.0736,2.0736,2.0736)
     block, center = (0,0,0)
          size (1e+20,8.2,1e+20)
          axes (1,0,0), (0,1,0), (0,0,1)
          dielectric constant epsilon diagonal = (2.08803,2.08803,2.08803)
time for set_epsilon = 0.143622 s
-----------
MPB solved for frequency_1(0.4,0,0) = 0.277839 after 44 iters
MPB solved for frequency_1(0.931237,0,0) = 0.645169 after 34 iters
MPB solved for frequency_1(0.931226,0,0) = 0.645161 after 3 iters
MPB solved for frequency_1(0.931226,0,0) = 0.645161 after 1 iters
Meep: using output directory 'data/2021-11-23/PossiblyWorkingNowTopsy/'


Normalisation Run


on time step 220 (time=18.3333), 0.0181993 s/step
on time step 744 (time=62), 0.00763604 s/step
on time step 1255 (time=104.583), 0.00784146 s/step
on time step 1771 (time=147.583), 0.0077569 s/step
on time step 2270 (time=189.167), 0.00801883 s/step
on time step 2775 (time=231.25), 0.00793035 s/step
on time step 3274 (time=272.833), 0.00802917 s/step
Meep progress: 293.3333333333333/2764.347826086957 = 10.6% done in 30.0s, 252.7s to go
on time step 3765 (time=313.75), 0.00816142 s/step
on time step 4261 (time=355.083), 0.00807796 s/step
on time step 4750 (time=395.833), 0.00818201 s/step
on time step 5240 (time=436.667), 0.00817678 s/step
on time step 5727 (time=477.25), 0.0082293 s/step
on time step 6206 (time=517.167), 0.00836082 s/step
on time step 6686 (time=557.167), 0.00834919 s/step
Meep progress: 596.5/2764.347826086957 = 21.6% done in 60.0s, 218.1s to go
on time step 7167 (time=597.25), 0.0083308 s/step
on time step 7642 (time=636.833), 0.00843316 s/step
on time step 8115 (time=676.25), 0.00846961 s/step
on time step 8592 (time=716), 0.00839276 s/step
on time step 9065 (time=755.417), 0.00845839 s/step
on time step 9538 (time=794.833), 0.00846666 s/step
on time step 10009 (time=834.083), 0.00849513 s/step
on time step 10473 (time=872.75), 0.00863064 s/step
Meep progress: 891.25/2764.347826086957 = 32.2% done in 90.0s, 189.2s to go
on time step 10943 (time=911.917), 0.00851805 s/step
on time step 11409 (time=950.75), 0.00858532 s/step
on time step 11880 (time=990), 0.00850102 s/step
on time step 12349 (time=1029.08), 0.00853642 s/step
on time step 12813 (time=1067.75), 0.00862853 s/step
on time step 13279 (time=1106.58), 0.00859769 s/step
on time step 13735 (time=1144.58), 0.00877564 s/step
Meep progress: 1181.75/2764.347826086957 = 42.7% done in 120.0s, 160.7s to go
on time step 14196 (time=1183), 0.00869094 s/step
on time step 14672 (time=1222.67), 0.00841195 s/step
on time step 15148 (time=1262.33), 0.00840671 s/step
on time step 15622 (time=1301.83), 0.00845538 s/step
on time step 16093 (time=1341.08), 0.00849921 s/step
on time step 16555 (time=1379.58), 0.00866575 s/step
on time step 17028 (time=1419), 0.00845919 s/step
on time step 17504 (time=1458.67), 0.00841993 s/step
Meep progress: 1477.0833333333333/2764.347826086957 = 53.4% done in 150.0s, 130.7s to go
on time step 17981 (time=1498.42), 0.00840275 s/step
on time step 18460 (time=1538.33), 0.00835447 s/step
on time step 18910 (time=1575.83), 0.00890108 s/step
on time step 19133 (time=1594.42), 0.0180021 s/step
on time step 19405 (time=1617.08), 0.014751 s/step
on time step 19848 (time=1654), 0.00903514 s/step
on time step 20372 (time=1697.67), 0.00764566 s/step
Meep progress: 1739.9166666666665/2764.347826086957 = 62.9% done in 180.0s, 106.0s to go
on time step 20906 (time=1742.17), 0.00749161 s/step
on time step 21440 (time=1786.67), 0.00749197 s/step
on time step 21974 (time=1831.17), 0.00749677 s/step
on time step 22508 (time=1875.67), 0.00749613 s/step
on time step 23042 (time=1920.17), 0.00749852 s/step
on time step 23567 (time=1963.92), 0.0076317 s/step
on time step 24101 (time=2008.42), 0.00749935 s/step
on time step 24633 (time=2052.75), 0.00753202 s/step
Meep progress: 2072.4166666666665/2764.347826086957 = 75.0% done in 210.0s, 70.1s to go
on time step 25167 (time=2097.25), 0.00749704 s/step
on time step 25701 (time=2141.75), 0.00749438 s/step
on time step 26235 (time=2186.25), 0.00749956 s/step
on time step 26769 (time=2230.75), 0.00750052 s/step
on time step 27301 (time=2275.08), 0.00752946 s/step
on time step 27835 (time=2319.58), 0.00749701 s/step
on time step 28359 (time=2363.25), 0.00763596 s/step
Meep progress: 2404.833333333333/2764.347826086957 = 87.0% done in 240.0s, 35.9s to go
on time step 28893 (time=2407.75), 0.00749775 s/step
on time step 29427 (time=2452.25), 0.00749782 s/step
on time step 29961 (time=2496.75), 0.00749378 s/step
on time step 30494 (time=2541.17), 0.00750726 s/step
on time step 31028 (time=2585.67), 0.00749969 s/step
on time step 31552 (time=2629.33), 0.00764158 s/step
on time step 32086 (time=2673.83), 0.00749966 s/step
on time step 32618 (time=2718.17), 0.00752957 s/step
Meep progress: 2737.25/2764.347826086957 = 99.0% done in 270.0s, 2.7s to go
on time step 33152 (time=2762.67), 0.0074979 s/step
run 0 finished at t = 2764.4166666666665 (33173 timesteps)
field decay(t = 2764.4166666666665): 4.950836328033732e-06 / 4.950836328033732e-06 = 1.0
on time step 33665 (time=2805.42), 0.00780401 s/step
field decay(t = 2814.5): 4.83472330366753e-06 / 4.950836328033732e-06 = 0.9765467859018645
on time step 34178 (time=2848.17), 0.00780675 s/step
field decay(t = 2864.583333333333): 1.1177150931451382e-07 / 4.950836328033732e-06 = 0.02257628851142103
on time step 34691 (time=2890.92), 0.00779901 s/step
field decay(t = 2914.6666666666665): 1.2057294292810333e-09 / 4.950836328033732e-06 = 0.00024354055545195113
on time step 35202 (time=2933.5), 0.0078356 s/step
field decay(t = 2964.75): 7.1558204965443266e-12 / 4.950836328033732e-06 = 1.4453760985846049e-06
run 1 finished at t = 2964.75 (35577 timesteps)
WD: data/2021-11-23/PossiblyWorkingNowTopsy/
AlreadyDir
-----------
Initializing structure...
Splitting into 64 chunks by voxels
time for choose_chunkdivision = 0.00603915 s
Working in 2D dimensions.
Computational cell is 1320 x 100 x 0 with resolution 6
     block, center = (0,0,0)
          size (1e+20,1e+20,1e+20)
          axes (1,0,0), (0,1,0), (0,0,1)
          dielectric constant epsilon diagonal = (1.9881,1.9881,1.9881)
     block, center = (0,-26.25,0)
          size (1e+20,62.5,1e+20)
          axes (1,0,0), (0,1,0), (0,0,1)
          dielectric constant epsilon diagonal = (2.0736,2.0736,2.0736)
     block, center = (0,0,0)
          size (1e+20,8.2,1e+20)
          axes (1,0,0), (0,1,0), (0,0,1)
          dielectric constant epsilon diagonal = (2.08803,2.08803,2.08803)
     block, center = (-550,-10.9,0)
          size (100,40,1e+20)
          axes (1,0,0), (0,1,0), (0,0,1)
          dielectric constant epsilon diagonal = (1.9881,1.9881,1.9881)
     block, center = (550,-10.9,0)
          size (100,40,1e+20)
          axes (1,0,0), (0,1,0), (0,0,1)
          dielectric constant epsilon diagonal = (1.9881,1.9881,1.9881)
time for set_epsilon = 0.0740203 s
-----------
MPB solved for frequency_1(0.4,0,0) = 0.277839 after 44 iters
MPB solved for frequency_1(0.931237,0,0) = 0.645169 after 34 iters
MPB solved for frequency_1(0.931226,0,0) = 0.645161 after 3 iters
MPB solved for frequency_1(0.931226,0,0) = 0.645161 after 1 iters
Meep: using output directory 'data/2021-11-23/PossiblyWorkingNowTopsy/'


Actual Run


creating output file "data/2021-11-23/PossiblyWorkingNowTopsy//RunBulkExperiment-eps-000000.00.h5"...
on time step 222 (time=18.5), 0.0180226 s/step
on time step 729 (time=60.75), 0.00789452 s/step
on time step 1222 (time=101.833), 0.00811731 s/step
on time step 1705 (time=142.083), 0.00828809 s/step
on time step 2181 (time=181.75), 0.00841463 s/step
on time step 2651 (time=220.917), 0.00851488 s/step
creating output file "data/2021-11-23/PossiblyWorkingNowTopsy//RunBulkExperiment-denergy-000250.00.h5"...
on time step 3000 (time=250), 0.0125221 s/step
on time step 3465 (time=288.75), 0.00863302 s/step
on time step 3926 (time=327.167), 0.00868346 s/step
on time step 4386 (time=365.5), 0.0087027 s/step
on time step 4844 (time=403.667), 0.00873615 s/step
on time step 5294 (time=441.167), 0.00889335 s/step
on time step 5738 (time=478.167), 0.00902273 s/step
creating output file "data/2021-11-23/PossiblyWorkingNowTopsy//RunBulkExperiment-denergy-000500.00.h5"...
on time step 6162 (time=513.5), 0.00945596 s/step
on time step 6592 (time=549.333), 0.00930941 s/step
on time step 7011 (time=584.25), 0.00955809 s/step
on time step 7434 (time=619.5), 0.00945764 s/step
on time step 7860 (time=655), 0.00940133 s/step
on time step 8282 (time=690.167), 0.00949288 s/step
on time step 8699 (time=724.917), 0.00959421 s/step
creating output file "data/2021-11-23/PossiblyWorkingNowTopsy//RunBulkExperiment-denergy-000750.00.h5"...
on time step 9000 (time=750), 0.0138529 s/step
on time step 9414 (time=784.5), 0.00967003 s/step
on time step 9835 (time=819.583), 0.00952376 s/step
on time step 10251 (time=854.25), 0.00963337 s/step
on time step 10665 (time=888.75), 0.00967644 s/step
on time step 11081 (time=923.417), 0.00962722 s/step
on time step 11494 (time=957.833), 0.00969457 s/step
on time step 11908 (time=992.333), 0.00966504 s/step
creating output file "data/2021-11-23/PossiblyWorkingNowTopsy//RunBulkExperiment-denergy-001000.00.h5"...
field decay(t = 1000.1666666666666): 3.316624155445643e-14 / 3.316624155445643e-14 = 1.0
on time step 12309 (time=1025.75), 0.00998792 s/step
on time step 12717 (time=1059.75), 0.00981484 s/step
on time step 13120 (time=1093.33), 0.00993976 s/step
on time step 13528 (time=1127.33), 0.00982683 s/step
on time step 13932 (time=1161), 0.00990533 s/step
on time step 14347 (time=1195.58), 0.00965647 s/step
on time step 14773 (time=1231.08), 0.00940853 s/step
creating output file "data/2021-11-23/PossiblyWorkingNowTopsy//RunBulkExperiment-denergy-001250.00.h5"...
on time step 15077 (time=1256.42), 0.0131615 s/step
on time step 15495 (time=1291.25), 0.00957243 s/step
on time step 15910 (time=1325.83), 0.00963906 s/step
on time step 16329 (time=1360.75), 0.00954744 s/step
on time step 16745 (time=1395.42), 0.00963141 s/step
on time step 17169 (time=1430.75), 0.00943397 s/step
on time step 17595 (time=1466.25), 0.00939727 s/step
creating output file "data/2021-11-23/PossiblyWorkingNowTopsy//RunBulkExperiment-denergy-001500.00.h5"...
field decay(t = 1500.25): 0.3433469418972559 / 0.3433469418972559 = 1.0
on time step 18007 (time=1500.58), 0.00972381 s/step
on time step 18433 (time=1536.08), 0.00939595 s/step
on time step 18855 (time=1571.25), 0.00949667 s/step
on time step 19104 (time=1592), 0.0161377 s/step
on time step 19374 (time=1614.5), 0.0148507 s/step
on time step 19801 (time=1650.08), 0.00938372 s/step
on time step 20313 (time=1692.75), 0.00782156 s/step
on time step 20825 (time=1735.42), 0.00781755 s/step
creating output file "data/2021-11-23/PossiblyWorkingNowTopsy//RunBulkExperiment-denergy-001750.00.h5"...
on time step 21190 (time=1765.83), 0.0109742 s/step
on time step 21699 (time=1808.25), 0.00786112 s/step
on time step 22201 (time=1850.08), 0.00797869 s/step
on time step 22713 (time=1892.75), 0.00782335 s/step
on time step 23220 (time=1935), 0.00789579 s/step
on time step 23732 (time=1977.67), 0.00782213 s/step
creating output file "data/2021-11-23/PossiblyWorkingNowTopsy//RunBulkExperiment-denergy-002000.00.h5"...
field decay(t = 2000.3333333333333): 0.24894856570964755 / 0.3433469418972559 = 0.7250641707598013
on time step 24086 (time=2007.17), 0.0113198 s/step
on time step 24597 (time=2049.75), 0.00782818 s/step
on time step 25109 (time=2092.42), 0.00782694 s/step
on time step 25618 (time=2134.83), 0.0078589 s/step
on time step 26122 (time=2176.83), 0.00793763 s/step
on time step 26629 (time=2219.08), 0.00789289 s/step
creating output file "data/2021-11-23/PossiblyWorkingNowTopsy//RunBulkExperiment-denergy-002250.00.h5"...
on time step 27128 (time=2260.67), 0.00802841 s/step
on time step 27640 (time=2303.33), 0.00782124 s/step
on time step 28152 (time=2346), 0.00782257 s/step
on time step 28663 (time=2388.58), 0.0078286 s/step
on time step 29174 (time=2431.17), 0.00783279 s/step
on time step 29673 (time=2472.75), 0.00802303 s/step
creating output file "data/2021-11-23/PossiblyWorkingNowTopsy//RunBulkExperiment-denergy-002500.00.h5"...
on time step 30000 (time=2500), 0.012804 s/step
field decay(t = 2500.4166666666665): 4.0377851014086376e-12 / 0.3433469418972559 = 1.1760073001078064e-11
run 0 finished at t = 2500.4166666666665 (30005 timesteps)

Elapsed run time = 574.4638 s
