Using MPI version 3.1, 48 processes
WD: data/2021-12-03/DebuggingTopsy/
AlreadyDir
-----------
Initializing structure...
Splitting into 48 chunks by voxels
time for choose_chunkdivision = 0.00793102 s
Working in 2D dimensions.
Computational cell is 1420 x 100 x 0 with resolution 12
     block, center = (0,0,0)
          size (1e+20,1e+20,1e+20)
          axes (1,0,0), (0,1,0), (0,0,1)
          dielectric constant epsilon diagonal = (1.99622,1.99622,1.99622)
     block, center = (0,-26.25,0)
          size (1e+20,62.5,1e+20)
          axes (1,0,0), (0,1,0), (0,0,1)
          dielectric constant epsilon diagonal = (2.0746,2.0746,2.0746)
     block, center = (0,0,0)
          size (1e+20,8.2,1e+20)
          axes (1,0,0), (0,1,0), (0,0,1)
          dielectric constant epsilon diagonal = (2.08903,2.08903,2.08903)
time for set_epsilon = 0.51635 s
-----------
MPB solved for frequency_1(0.4,0,0) = 0.277754 after 72 iters
MPB solved for frequency_1(0.931446,0,0) = 0.645152 after 29 iters
MPB solved for frequency_1(0.93146,0,0) = 0.645161 after 11 iters
MPB solved for frequency_1(0.93146,0,0) = 0.645161 after 1 iters
Meep: using output directory 'data/2021-12-03/DebuggingTopsy/'


Normalisation Run


on time step 23 (time=0.958333), 0.174582 s/step
on time step 137 (time=5.70833), 0.0350968 s/step
on time step 253 (time=10.5417), 0.0345708 s/step
on time step 368 (time=15.3333), 0.0349022 s/step
on time step 483 (time=20.125), 0.0349633 s/step
on time step 599 (time=24.9583), 0.034671 s/step
on time step 714 (time=29.75), 0.0349011 s/step
Meep progress: 32.041666666666664/2052.394376321794 = 1.6% done in 30.0s, 1891.8s to go
on time step 829 (time=34.5417), 0.0348634 s/step
on time step 944 (time=39.3333), 0.0349688 s/step
on time step 1060 (time=44.1667), 0.034608 s/step
on time step 1176 (time=49), 0.0345683 s/step
on time step 1292 (time=53.8333), 0.034537 s/step
on time step 1407 (time=58.625), 0.0349106 s/step
on time step 1523 (time=63.4583), 0.0346267 s/step
Meep progress: 68.04166666666666/2052.394376321794 = 3.3% done in 60.0s, 1750.5s to go
on time step 1638 (time=68.25), 0.0348189 s/step
on time step 1753 (time=73.0417), 0.0349998 s/step
on time step 1869 (time=77.875), 0.034568 s/step
on time step 1985 (time=82.7083), 0.0344964 s/step
on time step 2101 (time=87.5417), 0.0345379 s/step
on time step 2217 (time=92.375), 0.0346132 s/step
on time step 2331 (time=97.125), 0.0353152 s/step
on time step 2446 (time=101.917), 0.0349092 s/step
Meep progress: 104.0/2052.394376321794 = 5.1% done in 90.0s, 1686.9s to go
on time step 2561 (time=106.708), 0.0348394 s/step
on time step 2677 (time=111.542), 0.0345917 s/step
on time step 2793 (time=116.375), 0.0346929 s/step
on time step 2909 (time=121.208), 0.034684 s/step
on time step 3024 (time=126), 0.0348033 s/step
on time step 3139 (time=130.792), 0.0351102 s/step
on time step 3255 (time=135.625), 0.0346835 s/step
Meep progress: 140.0/2052.394376321794 = 6.8% done in 120.1s, 1640.2s to go
on time step 3371 (time=140.458), 0.034748 s/step
on time step 3486 (time=145.25), 0.0349823 s/step
on time step 3601 (time=150.042), 0.0350615 s/step
on time step 3715 (time=154.792), 0.0351055 s/step
on time step 3829 (time=159.542), 0.0353664 s/step
on time step 3945 (time=164.375), 0.034708 s/step
on time step 4061 (time=169.208), 0.0346706 s/step
on time step 4177 (time=174.042), 0.0345405 s/step
Meep progress: 175.83333333333331/2052.394376321794 = 8.6% done in 150.1s, 1601.8s to go
on time step 4293 (time=178.875), 0.0345816 s/step
on time step 4409 (time=183.708), 0.0345855 s/step
on time step 4525 (time=188.542), 0.034674 s/step
on time step 4640 (time=193.333), 0.0349131 s/step
on time step 4755 (time=198.125), 0.0348786 s/step
on time step 4869 (time=202.875), 0.0353296 s/step
on time step 4984 (time=207.667), 0.0349597 s/step
Meep progress: 211.70833333333331/2052.394376321794 = 10.3% done in 180.1s, 1566.0s to go
on time step 5099 (time=212.458), 0.0350139 s/step
on time step 5214 (time=217.25), 0.0348231 s/step
on time step 5330 (time=222.083), 0.0347596 s/step
on time step 5446 (time=226.917), 0.0346962 s/step
on time step 5560 (time=231.667), 0.0351069 s/step
on time step 5676 (time=236.5), 0.0347622 s/step
on time step 5792 (time=241.333), 0.0347725 s/step
on time step 5908 (time=246.167), 0.0347805 s/step
Meep progress: 247.625/2052.394376321794 = 12.1% done in 210.1s, 1531.5s to go
on time step 6023 (time=250.958), 0.0349425 s/step
on time step 6138 (time=255.75), 0.0351113 s/step
on time step 6252 (time=260.5), 0.0350885 s/step
on time step 6366 (time=265.25), 0.0353337 s/step
on time step 6480 (time=270), 0.035183 s/step
on time step 6593 (time=274.708), 0.0354485 s/step
on time step 6709 (time=279.542), 0.0347583 s/step
Meep progress: 283.29166666666663/2052.394376321794 = 13.8% done in 240.2s, 1499.7s to go
on time step 6825 (time=284.375), 0.0345393 s/step
on time step 6941 (time=289.208), 0.0345472 s/step
on time step 7057 (time=294.042), 0.0346246 s/step
on time step 7173 (time=298.875), 0.0347597 s/step
on time step 7287 (time=303.625), 0.0350979 s/step
on time step 7402 (time=308.417), 0.034914 s/step
on time step 7517 (time=313.208), 0.034983 s/step
on time step 7632 (time=318), 0.0350025 s/step
Meep progress: 319.16666666666663/2052.394376321794 = 15.6% done in 270.2s, 1467.1s to go
on time step 7746 (time=322.75), 0.0350899 s/step
on time step 7860 (time=327.5), 0.0351656 s/step
on time step 7975 (time=332.292), 0.0348743 s/step
on time step 8090 (time=337.083), 0.0349692 s/step
on time step 8206 (time=341.917), 0.0346554 s/step
on time step 8320 (time=346.667), 0.0351584 s/step
on time step 8435 (time=351.458), 0.0347894 s/step
Meep progress: 354.9583333333333/2052.394376321794 = 17.3% done in 300.2s, 1435.5s to go
on time step 8550 (time=356.25), 0.034951 s/step
on time step 8665 (time=361.042), 0.0350571 s/step
on time step 8779 (time=365.792), 0.0351272 s/step
on time step 8893 (time=370.542), 0.0352036 s/step
on time step 9006 (time=375.25), 0.0356416 s/step
on time step 9120 (time=380), 0.0353592 s/step
on time step 9233 (time=384.708), 0.0354516 s/step
on time step 9347 (time=389.458), 0.0351407 s/step
Meep progress: 390.41666666666663/2052.394376321794 = 19.0% done in 330.2s, 1405.6s to go
on time step 9462 (time=394.25), 0.0349562 s/step
on time step 9578 (time=399.083), 0.0347605 s/step
on time step 9694 (time=403.917), 0.0347308 s/step
on time step 9809 (time=408.708), 0.0350161 s/step
on time step 9924 (time=413.5), 0.0348559 s/step
on time step 10038 (time=418.25), 0.0352881 s/step
on time step 10153 (time=423.042), 0.0349502 s/step
Meep progress: 426.2083333333333/2052.394376321794 = 20.8% done in 360.2s, 1374.3s to go
on time step 10267 (time=427.792), 0.0352349 s/step
on time step 10382 (time=432.583), 0.0350646 s/step
on time step 10496 (time=437.333), 0.0352049 s/step
on time step 10610 (time=442.083), 0.035204 s/step
on time step 10723 (time=446.792), 0.0354942 s/step
on time step 10838 (time=451.583), 0.0349173 s/step
on time step 10953 (time=456.375), 0.0350827 s/step
on time step 11068 (time=461.167), 0.0350279 s/step
Meep progress: 461.79166666666663/2052.394376321794 = 22.5% done in 390.2s, 1344.1s to go
on time step 11183 (time=465.958), 0.0350578 s/step
on time step 11297 (time=470.708), 0.0352817 s/step
on time step 11411 (time=475.458), 0.0352856 s/step
on time step 11524 (time=480.167), 0.03565 s/step
on time step 11637 (time=484.875), 0.0354926 s/step
on time step 11748 (time=489.5), 0.0360431 s/step
on time step 11861 (time=494.208), 0.0355943 s/step
Meep progress: 497.0/2052.394376321794 = 24.2% done in 420.2s, 1315.2s to go
on time step 11973 (time=498.875), 0.03583 s/step
on time step 12086 (time=503.583), 0.0355919 s/step
on time step 12200 (time=508.333), 0.035265 s/step
on time step 12314 (time=513.083), 0.0351241 s/step
on time step 12428 (time=517.833), 0.035322 s/step
on time step 12544 (time=522.667), 0.0347435 s/step
on time step 12659 (time=527.458), 0.0349387 s/step
on time step 12774 (time=532.25), 0.0349246 s/step
Meep progress: 532.5833333333333/2052.394376321794 = 25.9% done in 450.3s, 1284.9s to go
on time step 12889 (time=537.042), 0.0349683 s/step
on time step 13003 (time=541.792), 0.0351217 s/step
on time step 13117 (time=546.542), 0.0352172 s/step
on time step 13230 (time=551.25), 0.0355958 s/step
on time step 13344 (time=556), 0.0353232 s/step
on time step 13456 (time=560.667), 0.0357604 s/step
on time step 13570 (time=565.417), 0.0351448 s/step
Meep progress: 568.0416666666666/2052.394376321794 = 27.7% done in 480.3s, 1255.0s to go
on time step 13686 (time=570.25), 0.0347734 s/step
on time step 13801 (time=575.042), 0.0347991 s/step
on time step 13915 (time=579.792), 0.0350901 s/step
on time step 14029 (time=584.542), 0.0351201 s/step
on time step 14142 (time=589.25), 0.0356301 s/step
on time step 14256 (time=594), 0.0352087 s/step
on time step 14369 (time=598.708), 0.0354545 s/step
on time step 14482 (time=603.417), 0.0354923 s/step
Meep progress: 603.5416666666666/2052.394376321794 = 29.4% done in 510.3s, 1225.0s to go
on time step 14595 (time=608.125), 0.0355028 s/step
on time step 14708 (time=612.833), 0.0356123 s/step
on time step 14821 (time=617.542), 0.0355911 s/step
on time step 14933 (time=622.208), 0.0358012 s/step
on time step 15048 (time=627), 0.0350742 s/step
on time step 15162 (time=631.75), 0.0353675 s/step
on time step 15277 (time=636.542), 0.0348548 s/step
Meep progress: 638.9166666666666/2052.394376321794 = 31.1% done in 540.3s, 1195.4s to go
on time step 15392 (time=641.333), 0.0349176 s/step
on time step 15507 (time=646.125), 0.0349237 s/step
on time step 15622 (time=650.917), 0.0350203 s/step
on time step 15736 (time=655.667), 0.0350886 s/step
on time step 15849 (time=660.375), 0.0356085 s/step
on time step 15963 (time=665.125), 0.0353151 s/step
on time step 16077 (time=669.875), 0.0353707 s/step
Meep progress: 674.4166666666666/2052.394376321794 = 32.9% done in 570.3s, 1165.3s to go
on time step 16191 (time=674.625), 0.0353927 s/step
on time step 16304 (time=679.333), 0.0354192 s/step
on time step 16418 (time=684.083), 0.0352993 s/step
on time step 16534 (time=688.917), 0.0347247 s/step
on time step 16648 (time=693.667), 0.0351926 s/step
on time step 16763 (time=698.458), 0.0350056 s/step
on time step 16876 (time=703.167), 0.035664 s/step
on time step 16990 (time=707.917), 0.0351922 s/step
Meep progress: 709.9166666666666/2052.394376321794 = 34.6% done in 600.3s, 1135.3s to go
on time step 17104 (time=712.667), 0.0353162 s/step
on time step 17217 (time=717.375), 0.0354381 s/step
on time step 17330 (time=722.083), 0.0355785 s/step
on time step 17443 (time=726.792), 0.0355959 s/step
on time step 17554 (time=731.417), 0.0360694 s/step
on time step 17666 (time=736.083), 0.0357232 s/step
on time step 17779 (time=740.792), 0.0356183 s/step
Meep progress: 745.0416666666666/2052.394376321794 = 36.3% done in 630.3s, 1106.1s to go
on time step 17893 (time=745.542), 0.0351682 s/step
on time step 18008 (time=750.333), 0.0348798 s/step
on time step 18123 (time=755.125), 0.0348996 s/step
on time step 18238 (time=759.917), 0.0349121 s/step
on time step 18352 (time=764.667), 0.0352185 s/step
on time step 18467 (time=769.458), 0.0350279 s/step
on time step 18580 (time=774.167), 0.0355155 s/step
on time step 18694 (time=778.917), 0.0352269 s/step
Meep progress: 780.6666666666666/2052.394376321794 = 38.0% done in 660.4s, 1075.7s to go
on time step 18808 (time=783.667), 0.0353408 s/step
on time step 18921 (time=788.375), 0.0354456 s/step
on time step 19034 (time=793.083), 0.0354717 s/step
on time step 19147 (time=797.792), 0.0355001 s/step
on time step 19259 (time=802.458), 0.0358504 s/step
on time step 19374 (time=807.25), 0.0350816 s/step
on time step 19489 (time=812.042), 0.0350091 s/step
Meep progress: 816.0416666666666/2052.394376321794 = 39.8% done in 690.4s, 1046.0s to go
on time step 19603 (time=816.792), 0.0351603 s/step
on time step 19717 (time=821.542), 0.0352083 s/step
on time step 19831 (time=826.292), 0.0353101 s/step
on time step 19945 (time=831.042), 0.035378 s/step
on time step 20057 (time=835.708), 0.0357563 s/step
on time step 20170 (time=840.417), 0.0355986 s/step
on time step 20281 (time=845.042), 0.03613 s/step
on time step 20393 (time=849.708), 0.0357288 s/step
Meep progress: 851.2083333333333/2052.394376321794 = 41.5% done in 720.4s, 1016.6s to go
on time step 20505 (time=854.375), 0.0357631 s/step
on time step 20617 (time=859.042), 0.0357419 s/step
on time step 20730 (time=863.75), 0.0354945 s/step
on time step 20844 (time=868.5), 0.0352605 s/step
on time step 20956 (time=873.167), 0.0358003 s/step
on time step 21070 (time=877.917), 0.0353781 s/step
on time step 21184 (time=882.667), 0.0351288 s/step
Meep progress: 886.4583333333333/2052.394376321794 = 43.2% done in 750.4s, 987.0s to go
on time step 21298 (time=887.417), 0.0351984 s/step
on time step 21412 (time=892.167), 0.0353241 s/step
on time step 21525 (time=896.875), 0.03557 s/step
on time step 21638 (time=901.583), 0.0355746 s/step
on time step 21750 (time=906.25), 0.0358533 s/step
on time step 21863 (time=910.958), 0.0356494 s/step
on time step 21975 (time=915.625), 0.0359712 s/step
on time step 22087 (time=920.292), 0.035806 s/step
Meep progress: 921.5416666666666/2052.394376321794 = 44.9% done in 780.4s, 957.7s to go
on time step 22201 (time=925.042), 0.0352739 s/step
on time step 22316 (time=929.833), 0.0350044 s/step
on time step 22430 (time=934.583), 0.0352631 s/step
on time step 22544 (time=939.333), 0.0353746 s/step
on time step 22656 (time=944), 0.0358125 s/step
on time step 22769 (time=948.708), 0.0356437 s/step
on time step 22881 (time=953.375), 0.0357321 s/step
Meep progress: 956.7916666666666/2052.394376321794 = 46.6% done in 810.5s, 928.0s to go
on time step 22993 (time=958.042), 0.0358337 s/step
on time step 23105 (time=962.708), 0.0359037 s/step
on time step 23217 (time=967.375), 0.0359419 s/step
on time step 23329 (time=972.042), 0.0359676 s/step
on time step 23440 (time=976.667), 0.0363349 s/step
on time step 23552 (time=981.333), 0.0359792 s/step
on time step 23664 (time=986), 0.0358649 s/step
on time step 23778 (time=990.75), 0.0351951 s/step
Meep progress: 991.6666666666666/2052.394376321794 = 48.3% done in 840.5s, 899.0s to go
on time step 23892 (time=995.5), 0.0352832 s/step
on time step 24006 (time=1000.25), 0.0352407 s/step
on time step 24120 (time=1005), 0.0352319 s/step
on time step 24234 (time=1009.75), 0.0353403 s/step
on time step 24346 (time=1014.42), 0.0358753 s/step
on time step 24459 (time=1019.12), 0.0357059 s/step
on time step 24572 (time=1023.83), 0.0357023 s/step
Meep progress: 1026.875/2052.394376321794 = 50.0% done in 870.5s, 869.3s to go
on time step 24684 (time=1028.5), 0.0357765 s/step
on time step 24796 (time=1033.17), 0.0357797 s/step
on time step 24908 (time=1037.83), 0.0358582 s/step
on time step 25020 (time=1042.5), 0.0358409 s/step
on time step 25134 (time=1047.25), 0.0353772 s/step
on time step 25248 (time=1052), 0.0352994 s/step
on time step 25360 (time=1056.67), 0.0358331 s/step
on time step 25473 (time=1061.38), 0.0355146 s/step
Meep progress: 1061.9583333333333/2052.394376321794 = 51.7% done in 900.5s, 839.8s to go
on time step 25586 (time=1066.08), 0.03558 s/step
on time step 25698 (time=1070.75), 0.0357636 s/step
on time step 25810 (time=1075.42), 0.0358549 s/step
on time step 25922 (time=1080.08), 0.0359645 s/step
on time step 26032 (time=1084.67), 0.0363744 s/step
on time step 26143 (time=1089.29), 0.0360537 s/step
on time step 26254 (time=1093.92), 0.0360637 s/step
Meep progress: 1096.75/2052.394376321794 = 53.4% done in 930.5s, 810.8s to go
on time step 26365 (time=1098.54), 0.0360442 s/step
on time step 26477 (time=1103.21), 0.0360028 s/step
on time step 26590 (time=1107.92), 0.035439 s/step
on time step 26704 (time=1112.67), 0.035396 s/step
on time step 26817 (time=1117.38), 0.0356653 s/step
on time step 26931 (time=1122.12), 0.0353008 s/step
on time step 27044 (time=1126.83), 0.0356648 s/step
on time step 27157 (time=1131.54), 0.0354678 s/step
Meep progress: 1131.875/2052.394376321794 = 55.1% done in 960.5s, 781.2s to go
on time step 27269 (time=1136.21), 0.0357881 s/step
on time step 27382 (time=1140.92), 0.0357108 s/step
on time step 27492 (time=1145.5), 0.0365375 s/step
on time step 27601 (time=1150.04), 0.0369301 s/step
on time step 27708 (time=1154.5), 0.0373881 s/step
on time step 27816 (time=1159), 0.0372711 s/step
on time step 27925 (time=1163.54), 0.0369722 s/step
Meep progress: 1166.0416666666665/2052.394376321794 = 56.8% done in 990.6s, 753.0s to go
on time step 28036 (time=1168.17), 0.0361575 s/step
on time step 28146 (time=1172.75), 0.0364192 s/step
on time step 28256 (time=1177.33), 0.0365029 s/step
on time step 28366 (time=1181.92), 0.0365619 s/step
on time step 28475 (time=1186.46), 0.0369652 s/step
on time step 28584 (time=1191), 0.0369746 s/step
on time step 28692 (time=1195.5), 0.0371709 s/step
on time step 28800 (time=1200), 0.0370848 s/step
Meep progress: 1200.0416666666665/2052.394376321794 = 58.5% done in 1020.6s, 724.9s to go
on time step 28908 (time=1204.5), 0.0370406 s/step
on time step 29016 (time=1209), 0.0371235 s/step
on time step 29124 (time=1213.5), 0.0370517 s/step
on time step 29232 (time=1218), 0.0370785 s/step
on time step 29339 (time=1222.46), 0.0375755 s/step
on time step 29448 (time=1227), 0.0367397 s/step
on time step 29558 (time=1231.58), 0.0366123 s/step
Meep progress: 1233.8333333333333/2052.394376321794 = 60.1% done in 1050.6s, 697.0s to go
on time step 29667 (time=1236.12), 0.0367678 s/step
on time step 29777 (time=1240.71), 0.0366034 s/step
on time step 29886 (time=1245.25), 0.036739 s/step
on time step 29995 (time=1249.79), 0.0367107 s/step
on time step 30104 (time=1254.33), 0.0370158 s/step
on time step 30212 (time=1258.83), 0.0371079 s/step
on time step 30320 (time=1263.33), 0.0372961 s/step
Meep progress: 1267.7083333333333/2052.394376321794 = 61.8% done in 1080.6s, 668.9s to go
on time step 30429 (time=1267.88), 0.0370249 s/step
on time step 30537 (time=1272.38), 0.0371128 s/step
on time step 30645 (time=1276.88), 0.0370713 s/step
on time step 30754 (time=1281.42), 0.0370013 s/step
on time step 30863 (time=1285.96), 0.0368613 s/step
on time step 30972 (time=1290.5), 0.0369309 s/step
on time step 31081 (time=1295.04), 0.0367188 s/step
on time step 31190 (time=1299.58), 0.0368256 s/step
Meep progress: 1301.5833333333333/2052.394376321794 = 63.4% done in 1110.6s, 640.7s to go
on time step 31299 (time=1304.12), 0.0368289 s/step
on time step 31408 (time=1308.67), 0.0370213 s/step
on time step 31516 (time=1313.17), 0.037158 s/step
on time step 31624 (time=1317.67), 0.0371525 s/step
on time step 31731 (time=1322.12), 0.0373891 s/step
on time step 31839 (time=1326.62), 0.0372239 s/step
on time step 31947 (time=1331.12), 0.0373794 s/step
Meep progress: 1335.25/2052.394376321794 = 65.1% done in 1140.6s, 612.6s to go
on time step 32056 (time=1335.67), 0.0370394 s/step
on time step 32164 (time=1340.17), 0.0371845 s/step
on time step 32272 (time=1344.67), 0.0371993 s/step
on time step 32381 (time=1349.21), 0.0367639 s/step
on time step 32490 (time=1353.75), 0.036722 s/step
on time step 32598 (time=1358.25), 0.0371686 s/step
on time step 32708 (time=1362.83), 0.0366181 s/step
on time step 32818 (time=1367.42), 0.0364653 s/step
Meep progress: 1369.1666666666665/2052.394376321794 = 66.7% done in 1170.7s, 584.2s to go
on time step 32928 (time=1372), 0.0365658 s/step
on time step 33037 (time=1376.54), 0.0367399 s/step
on time step 33146 (time=1381.08), 0.0367799 s/step
on time step 33255 (time=1385.62), 0.0367975 s/step
on time step 33364 (time=1390.17), 0.0369872 s/step
on time step 33473 (time=1394.71), 0.0369589 s/step
on time step 33581 (time=1399.21), 0.0370936 s/step
Meep progress: 1403.0833333333333/2052.394376321794 = 68.4% done in 1200.7s, 555.6s to go
on time step 33690 (time=1403.75), 0.036863 s/step
on time step 33800 (time=1408.33), 0.0365519 s/step
on time step 33911 (time=1412.96), 0.0361727 s/step
on time step 34021 (time=1417.54), 0.0364714 s/step
on time step 34131 (time=1422.12), 0.0364604 s/step
on time step 34239 (time=1426.62), 0.0370826 s/step
on time step 34348 (time=1431.17), 0.0368565 s/step
on time step 34457 (time=1435.71), 0.0368753 s/step
Meep progress: 1437.2083333333333/2052.394376321794 = 70.0% done in 1230.7s, 526.8s to go
on time step 34566 (time=1440.25), 0.0369754 s/step
on time step 34674 (time=1444.75), 0.0371331 s/step
on time step 34782 (time=1449.25), 0.037075 s/step
on time step 34890 (time=1453.75), 0.0370637 s/step
on time step 34998 (time=1458.25), 0.0372446 s/step
on time step 35106 (time=1462.75), 0.0372239 s/step
on time step 35214 (time=1467.25), 0.0371692 s/step
Meep progress: 1470.9583333333333/2052.394376321794 = 71.7% done in 1260.7s, 498.3s to go
on time step 35325 (time=1471.88), 0.0362482 s/step
on time step 35435 (time=1476.46), 0.0363636 s/step
on time step 35545 (time=1481.04), 0.0365234 s/step
on time step 35655 (time=1485.62), 0.0365025 s/step
on time step 35765 (time=1490.21), 0.0365094 s/step
on time step 35873 (time=1494.71), 0.0370871 s/step
on time step 35983 (time=1499.29), 0.036707 s/step
on time step 36092 (time=1503.83), 0.0368514 s/step
Meep progress: 1505.0833333333333/2052.394376321794 = 73.3% done in 1290.7s, 469.4s to go
on time step 36201 (time=1508.38), 0.0368646 s/step
on time step 36310 (time=1512.92), 0.0369332 s/step
on time step 36419 (time=1517.46), 0.0368881 s/step
on time step 36528 (time=1522), 0.0369635 s/step
on time step 36636 (time=1526.5), 0.0371545 s/step
on time step 36746 (time=1531.08), 0.0364437 s/step
on time step 36856 (time=1535.67), 0.0364193 s/step
Meep progress: 1539.0833333333333/2052.394376321794 = 75.0% done in 1320.7s, 440.5s to go
on time step 36966 (time=1540.25), 0.0364733 s/step
on time step 37076 (time=1544.83), 0.0366568 s/step
on time step 37185 (time=1549.38), 0.0368402 s/step
on time step 37294 (time=1553.92), 0.0369393 s/step
on time step 37403 (time=1558.46), 0.0370126 s/step
on time step 37510 (time=1562.92), 0.0375545 s/step
on time step 37618 (time=1567.42), 0.0371817 s/step
on time step 37726 (time=1571.92), 0.0371771 s/step
Meep progress: 1572.8333333333333/2052.394376321794 = 76.6% done in 1350.7s, 411.8s to go
on time step 37834 (time=1576.42), 0.0371423 s/step
on time step 37942 (time=1580.92), 0.0371832 s/step
on time step 38050 (time=1585.42), 0.037164 s/step
on time step 38159 (time=1589.96), 0.0369484 s/step
on time step 38269 (time=1594.54), 0.0364856 s/step
on time step 38378 (time=1599.08), 0.0367303 s/step
on time step 38487 (time=1603.62), 0.036754 s/step
Meep progress: 1606.75/2052.394376321794 = 78.3% done in 1380.7s, 383.0s to go
on time step 38597 (time=1608.21), 0.0366496 s/step
on time step 38706 (time=1612.75), 0.0367164 s/step
on time step 38815 (time=1617.29), 0.036844 s/step
on time step 38924 (time=1621.83), 0.0369717 s/step
on time step 39032 (time=1626.33), 0.0370808 s/step
on time step 39140 (time=1630.83), 0.0373342 s/step
on time step 39248 (time=1635.33), 0.0370701 s/step
on time step 39357 (time=1639.88), 0.0369871 s/step
Meep progress: 1640.5833333333333/2052.394376321794 = 79.9% done in 1410.8s, 354.1s to go
on time step 39465 (time=1644.38), 0.0370798 s/step
on time step 39573 (time=1648.88), 0.0370627 s/step
on time step 39683 (time=1653.46), 0.0365377 s/step
on time step 39793 (time=1658.04), 0.0366735 s/step
on time step 39902 (time=1662.58), 0.0370118 s/step
on time step 40011 (time=1667.12), 0.0370013 s/step
on time step 40120 (time=1671.67), 0.0367465 s/step
Meep progress: 1674.5/2052.394376321794 = 81.6% done in 1440.8s, 325.1s to go
on time step 40229 (time=1676.21), 0.0367124 s/step
on time step 40339 (time=1680.79), 0.0366854 s/step
on time step 40448 (time=1685.33), 0.0367924 s/step
on time step 40558 (time=1689.92), 0.0367036 s/step
on time step 40667 (time=1694.46), 0.0368459 s/step
on time step 40775 (time=1698.96), 0.0371333 s/step
on time step 40884 (time=1703.5), 0.0367396 s/step
on time step 40993 (time=1708.04), 0.0367287 s/step
Meep progress: 1708.5/2052.394376321794 = 83.2% done in 1470.8s, 296.0s to go
on time step 41102 (time=1712.58), 0.0367377 s/step
on time step 41211 (time=1717.12), 0.0368424 s/step
on time step 41321 (time=1721.71), 0.0365845 s/step
on time step 41432 (time=1726.33), 0.036159 s/step
on time step 41543 (time=1730.96), 0.0362229 s/step
on time step 41654 (time=1735.58), 0.036366 s/step
on time step 41765 (time=1740.21), 0.0360671 s/step
Meep progress: 1742.875/2052.394376321794 = 84.9% done in 1500.8s, 266.5s to go
on time step 41877 (time=1744.88), 0.0359637 s/step
on time step 41989 (time=1749.54), 0.0359204 s/step
on time step 42101 (time=1754.21), 0.0360154 s/step
on time step 42213 (time=1758.88), 0.0360023 s/step
on time step 42324 (time=1763.5), 0.0361842 s/step
on time step 42434 (time=1768.08), 0.0364521 s/step
on time step 42545 (time=1772.71), 0.0360795 s/step
on time step 42651 (time=1777.12), 0.0377989 s/step
Meep progress: 1777.2916666666665/2052.394376321794 = 86.6% done in 1530.8s, 237.0s to go
on time step 42755 (time=1781.46), 0.0386756 s/step
on time step 42859 (time=1785.79), 0.0387955 s/step
on time step 42963 (time=1790.12), 0.0387746 s/step
on time step 43066 (time=1794.42), 0.0388822 s/step
on time step 43169 (time=1798.71), 0.039067 s/step
on time step 43271 (time=1802.96), 0.0393545 s/step
on time step 43340 (time=1805.83), 0.0586703 s/step
Meep progress: 1806.6666666666665/2052.394376321794 = 88.0% done in 1560.9s, 212.3s to go
on time step 43377 (time=1807.38), 0.110501 s/step
on time step 43407 (time=1808.62), 0.133547 s/step
on time step 43438 (time=1809.92), 0.129319 s/step
on time step 43478 (time=1811.58), 0.101699 s/step
on time step 43555 (time=1814.79), 0.0521651 s/step
on time step 43656 (time=1819), 0.0396578 s/step
on time step 43745 (time=1822.71), 0.0454528 s/step
Meep progress: 1825.8333333333333/2052.394376321794 = 89.0% done in 1590.9s, 197.4s to go
on time step 43824 (time=1826), 0.0511917 s/step
on time step 43901 (time=1829.21), 0.0523712 s/step
on time step 43979 (time=1832.46), 0.0516913 s/step
on time step 44067 (time=1836.12), 0.0456249 s/step
on time step 44171 (time=1840.46), 0.0387041 s/step
on time step 44279 (time=1844.96), 0.0371584 s/step
on time step 44389 (time=1849.54), 0.0366501 s/step
on time step 44502 (time=1854.25), 0.0357058 s/step
Meep progress: 1856.125/2052.394376321794 = 90.4% done in 1620.9s, 171.4s to go
on time step 44614 (time=1858.92), 0.0357376 s/step
on time step 44726 (time=1863.58), 0.0358099 s/step
on time step 44838 (time=1868.25), 0.0357213 s/step
on time step 44950 (time=1872.92), 0.0357469 s/step
on time step 45061 (time=1877.54), 0.0361575 s/step
on time step 45173 (time=1882.21), 0.0359232 s/step
on time step 45286 (time=1886.92), 0.0356888 s/step
Meep progress: 1891.0416666666665/2052.394376321794 = 92.1% done in 1651.0s, 140.9s to go
on time step 45399 (time=1891.62), 0.035686 s/step
on time step 45511 (time=1896.29), 0.0357159 s/step
on time step 45624 (time=1901), 0.035689 s/step
on time step 45736 (time=1905.67), 0.0357294 s/step
on time step 45848 (time=1910.33), 0.0357613 s/step
on time step 45960 (time=1915), 0.0359121 s/step
on time step 46071 (time=1919.62), 0.0360674 s/step
on time step 46184 (time=1924.33), 0.0357034 s/step
Meep progress: 1926.0/2052.394376321794 = 93.8% done in 1681.0s, 110.3s to go
on time step 46296 (time=1929), 0.0357555 s/step
on time step 46409 (time=1933.71), 0.0357068 s/step
on time step 46522 (time=1938.42), 0.0356813 s/step
on time step 46634 (time=1943.08), 0.0357571 s/step
on time step 46745 (time=1947.71), 0.0363352 s/step
on time step 46857 (time=1952.38), 0.0358738 s/step
on time step 46969 (time=1957.04), 0.0357182 s/step
Meep progress: 1960.9166666666665/2052.394376321794 = 95.5% done in 1711.0s, 79.8s to go
on time step 47082 (time=1961.75), 0.035662 s/step
on time step 47194 (time=1966.42), 0.0357377 s/step
on time step 47306 (time=1971.08), 0.0357424 s/step
on time step 47419 (time=1975.79), 0.0357076 s/step
on time step 47531 (time=1980.46), 0.0357903 s/step
on time step 47643 (time=1985.12), 0.0359201 s/step
on time step 47754 (time=1989.75), 0.0361649 s/step
on time step 47866 (time=1994.42), 0.0357337 s/step
Meep progress: 1995.8333333333333/2052.394376321794 = 97.2% done in 1741.0s, 49.3s to go
on time step 47978 (time=1999.08), 0.0357462 s/step
on time step 48090 (time=2003.75), 0.0357189 s/step
on time step 48202 (time=2008.42), 0.0357295 s/step
on time step 48314 (time=2013.08), 0.0358003 s/step
on time step 48425 (time=2017.71), 0.0361999 s/step
on time step 48537 (time=2022.38), 0.03593 s/step
on time step 48650 (time=2027.08), 0.0356957 s/step
Meep progress: 2030.75/2052.394376321794 = 98.9% done in 1771.0s, 18.9s to go
on time step 48763 (time=2031.79), 0.0356926 s/step
on time step 48876 (time=2036.5), 0.0356818 s/step
on time step 48988 (time=2041.17), 0.0357703 s/step
on time step 49100 (time=2045.83), 0.0357195 s/step
on time step 49212 (time=2050.5), 0.035872 s/step
run 0 finished at t = 2052.4166666666665 (49258 timesteps)
field decay(t = 2052.4166666666665): 1.8558307887299322e-15 / 1.8558307887299322e-15 = 1.0
on time step 49318 (time=2054.92), 0.0378578 s/step
on time step 49420 (time=2059.17), 0.0393349 s/step
on time step 49524 (time=2063.5), 0.0387968 s/step
on time step 49628 (time=2067.83), 0.0388113 s/step
on time step 49732 (time=2072.17), 0.0388339 s/step
on time step 49836 (time=2076.5), 0.0387673 s/step
on time step 49939 (time=2080.79), 0.0388773 s/step
on time step 50041 (time=2085.04), 0.0394889 s/step
on time step 50144 (time=2089.33), 0.0390214 s/step
on time step 50248 (time=2093.67), 0.0387527 s/step
on time step 50351 (time=2097.96), 0.0388472 s/step
on time step 50455 (time=2102.29), 0.0387433 s/step
on time step 50559 (time=2106.62), 0.0387898 s/step
on time step 50663 (time=2110.96), 0.0387433 s/step
on time step 50766 (time=2115.25), 0.0389645 s/step
on time step 50869 (time=2119.54), 0.0390698 s/step
on time step 50971 (time=2123.79), 0.0392289 s/step
on time step 51075 (time=2128.12), 0.0388226 s/step
on time step 51179 (time=2132.46), 0.0387711 s/step
on time step 51283 (time=2136.79), 0.038811 s/step
on time step 51387 (time=2141.12), 0.0387935 s/step
on time step 51491 (time=2145.46), 0.038834 s/step
on time step 51593 (time=2149.71), 0.0395159 s/step
on time step 51696 (time=2154), 0.0389063 s/step
on time step 51800 (time=2158.33), 0.0387858 s/step
on time step 51904 (time=2162.67), 0.038783 s/step
on time step 52008 (time=2167), 0.0388369 s/step
on time step 52112 (time=2171.33), 0.0387885 s/step
on time step 52216 (time=2175.67), 0.0387291 s/step
on time step 52319 (time=2179.96), 0.0390315 s/step
on time step 52422 (time=2184.25), 0.0391048 s/step
on time step 52524 (time=2188.5), 0.039348 s/step
on time step 52628 (time=2192.83), 0.0387541 s/step
on time step 52732 (time=2197.17), 0.0387599 s/step
on time step 52835 (time=2201.46), 0.038884 s/step
on time step 52939 (time=2205.79), 0.0388242 s/step
on time step 53043 (time=2210.12), 0.0388222 s/step
on time step 53144 (time=2214.33), 0.0396532 s/step
on time step 53247 (time=2218.62), 0.0389057 s/step
on time step 53351 (time=2222.96), 0.0387888 s/step
on time step 53455 (time=2227.29), 0.0387707 s/step
on time step 53558 (time=2231.58), 0.0388873 s/step
on time step 53662 (time=2235.92), 0.0387392 s/step
on time step 53766 (time=2240.25), 0.038789 s/step
on time step 53869 (time=2244.54), 0.0390544 s/step
on time step 53972 (time=2248.83), 0.0389962 s/step
on time step 54075 (time=2253.12), 0.0391973 s/step
on time step 54179 (time=2257.46), 0.0387042 s/step
on time step 54283 (time=2261.79), 0.0387553 s/step
on time step 54386 (time=2266.08), 0.0389076 s/step
on time step 54490 (time=2270.42), 0.0387681 s/step
on time step 54594 (time=2274.75), 0.0388035 s/step
on time step 54696 (time=2279), 0.0395365 s/step
on time step 54799 (time=2283.29), 0.0389301 s/step
on time step 54903 (time=2287.62), 0.0387625 s/step
on time step 55007 (time=2291.96), 0.0387815 s/step
on time step 55110 (time=2296.25), 0.0388523 s/step
on time step 55214 (time=2300.58), 0.0387927 s/step
on time step 55318 (time=2304.92), 0.0387632 s/step
on time step 55421 (time=2309.21), 0.0390397 s/step
on time step 55524 (time=2313.5), 0.03905 s/step
on time step 55626 (time=2317.75), 0.039259 s/step
on time step 55730 (time=2322.08), 0.0387072 s/step
on time step 55834 (time=2326.42), 0.0387646 s/step
on time step 55938 (time=2330.75), 0.0388321 s/step
on time step 56041 (time=2335.04), 0.0388653 s/step
on time step 56145 (time=2339.38), 0.0388148 s/step
on time step 56246 (time=2343.58), 0.0396377 s/step
on time step 56349 (time=2347.88), 0.0389285 s/step
on time step 56453 (time=2352.21), 0.0388178 s/step
on time step 56556 (time=2356.5), 0.0388472 s/step
on time step 56659 (time=2360.79), 0.0388654 s/step
on time step 56763 (time=2365.12), 0.0387878 s/step
on time step 56867 (time=2369.46), 0.0387802 s/step
on time step 56970 (time=2373.75), 0.0391537 s/step
on time step 57073 (time=2378.04), 0.0390695 s/step
on time step 57175 (time=2382.29), 0.0392834 s/step
on time step 57279 (time=2386.62), 0.0387546 s/step
on time step 57383 (time=2390.96), 0.0388019 s/step
on time step 57487 (time=2395.29), 0.0388356 s/step
on time step 57591 (time=2399.62), 0.038786 s/step
on time step 57695 (time=2403.96), 0.0388213 s/step
on time step 57797 (time=2408.21), 0.0395821 s/step
on time step 57900 (time=2412.5), 0.038958 s/step
on time step 58004 (time=2416.83), 0.0388045 s/step
on time step 58108 (time=2421.17), 0.0387805 s/step
on time step 58211 (time=2425.46), 0.0389839 s/step
on time step 58315 (time=2429.79), 0.0387654 s/step
on time step 58419 (time=2434.12), 0.0388077 s/step
on time step 58522 (time=2438.42), 0.0391515 s/step
on time step 58625 (time=2442.71), 0.0391086 s/step
on time step 58727 (time=2446.96), 0.0392748 s/step
on time step 58830 (time=2451.25), 0.039075 s/step
on time step 58934 (time=2455.58), 0.0388005 s/step
on time step 59037 (time=2459.88), 0.0388685 s/step
on time step 59141 (time=2464.21), 0.0388123 s/step
on time step 59245 (time=2468.54), 0.0387633 s/step
on time step 59346 (time=2472.75), 0.0398187 s/step
on time step 59450 (time=2477.08), 0.0388037 s/step
on time step 59554 (time=2481.42), 0.0388092 s/step
on time step 59658 (time=2485.75), 0.0387849 s/step
on time step 59761 (time=2490.04), 0.0388676 s/step
on time step 59865 (time=2494.38), 0.0387761 s/step
on time step 59969 (time=2498.71), 0.0387146 s/step
on time step 60072 (time=2503), 0.0391436 s/step
on time step 60175 (time=2507.29), 0.0389903 s/step
on time step 60278 (time=2511.58), 0.0391348 s/step
on time step 60382 (time=2515.92), 0.0386999 s/step
on time step 60486 (time=2520.25), 0.0388209 s/step
on time step 60589 (time=2524.54), 0.0388601 s/step
on time step 60693 (time=2528.88), 0.0388016 s/step
on time step 60797 (time=2533.21), 0.0387676 s/step
on time step 60898 (time=2537.42), 0.0396798 s/step
on time step 61002 (time=2541.75), 0.0388274 s/step
on time step 61106 (time=2546.08), 0.0387039 s/step
on time step 61210 (time=2550.42), 0.0387939 s/step
field decay(t = 2552.458333333333): 0.0047810045926956705 / 0.0047810045926956705 = 1.0
on time step 61313 (time=2554.71), 0.0388601 s/step
on time step 61417 (time=2559.04), 0.0387999 s/step
on time step 61521 (time=2563.38), 0.0387908 s/step
on time step 61624 (time=2567.67), 0.0391711 s/step
on time step 61727 (time=2571.96), 0.0389524 s/step
on time step 61830 (time=2576.25), 0.0391192 s/step
on time step 61934 (time=2580.58), 0.038771 s/step
on time step 62037 (time=2584.88), 0.0388574 s/step
on time step 62141 (time=2589.21), 0.0387708 s/step
on time step 62245 (time=2593.54), 0.0388162 s/step
on time step 62348 (time=2597.83), 0.0388822 s/step
on time step 62449 (time=2602.04), 0.0396421 s/step
on time step 62553 (time=2606.38), 0.0388259 s/step
on time step 62657 (time=2610.71), 0.0387665 s/step
on time step 62761 (time=2615.04), 0.0387784 s/step
on time step 62864 (time=2619.33), 0.0388461 s/step
on time step 62968 (time=2623.67), 0.0387957 s/step
on time step 63072 (time=2628), 0.0388296 s/step
on time step 63175 (time=2632.29), 0.0390676 s/step
on time step 63278 (time=2636.58), 0.0389839 s/step
on time step 63381 (time=2640.88), 0.0391786 s/step
on time step 63485 (time=2645.21), 0.0387768 s/step
on time step 63589 (time=2649.54), 0.038834 s/step
on time step 63693 (time=2653.88), 0.0388036 s/step
on time step 63796 (time=2658.17), 0.0388494 s/step
on time step 63899 (time=2662.46), 0.0388859 s/step
on time step 64001 (time=2666.71), 0.0395391 s/step
on time step 64105 (time=2671.04), 0.0388046 s/step
on time step 64209 (time=2675.38), 0.0387926 s/step
on time step 64313 (time=2679.71), 0.0387996 s/step
on time step 64416 (time=2684), 0.0388631 s/step
on time step 64520 (time=2688.33), 0.0387308 s/step
on time step 64623 (time=2692.62), 0.0388857 s/step
on time step 64726 (time=2696.92), 0.0391915 s/step
on time step 64829 (time=2701.21), 0.039044 s/step
on time step 64932 (time=2705.5), 0.03904 s/step
on time step 65036 (time=2709.83), 0.0387653 s/step
on time step 65139 (time=2714.12), 0.0388437 s/step
on time step 65243 (time=2718.46), 0.0388284 s/step
on time step 65347 (time=2722.79), 0.0387921 s/step
on time step 65450 (time=2727.08), 0.0390315 s/step
on time step 65552 (time=2731.33), 0.0394393 s/step
on time step 65656 (time=2735.67), 0.0387722 s/step
on time step 65760 (time=2740), 0.0388059 s/step
on time step 65864 (time=2744.33), 0.0387772 s/step
on time step 65968 (time=2748.67), 0.038822 s/step
on time step 66072 (time=2753), 0.0387221 s/step
on time step 66175 (time=2757.29), 0.0389238 s/step
on time step 66278 (time=2761.58), 0.0391802 s/step
on time step 66381 (time=2765.88), 0.0389864 s/step
on time step 66484 (time=2770.17), 0.038967 s/step
on time step 66588 (time=2774.5), 0.0387907 s/step
on time step 66691 (time=2778.79), 0.038836 s/step
on time step 66795 (time=2783.12), 0.038754 s/step
on time step 66899 (time=2787.46), 0.0388003 s/step
on time step 67002 (time=2791.75), 0.0391871 s/step
on time step 67104 (time=2796), 0.0393313 s/step
on time step 67208 (time=2800.33), 0.0387041 s/step
on time step 67312 (time=2804.67), 0.0387567 s/step
on time step 67416 (time=2809), 0.0388138 s/step
on time step 67520 (time=2813.33), 0.0388299 s/step
on time step 67624 (time=2817.67), 0.0387687 s/step
on time step 67727 (time=2821.96), 0.0389595 s/step
on time step 67830 (time=2826.25), 0.0391559 s/step
on time step 67933 (time=2830.54), 0.0389764 s/step
on time step 68036 (time=2834.83), 0.0389772 s/step
on time step 68140 (time=2839.17), 0.0387912 s/step
on time step 68243 (time=2843.46), 0.0388446 s/step
on time step 68347 (time=2847.79), 0.0387415 s/step
on time step 68451 (time=2852.12), 0.0387785 s/step
on time step 68553 (time=2856.38), 0.0393451 s/step
on time step 68656 (time=2860.67), 0.0391061 s/step
on time step 68760 (time=2865), 0.0387619 s/step
on time step 68864 (time=2869.33), 0.0387412 s/step
on time step 68968 (time=2873.67), 0.0387851 s/step
on time step 69072 (time=2878), 0.0388261 s/step
on time step 69176 (time=2882.33), 0.0387573 s/step
on time step 69279 (time=2886.62), 0.0389651 s/step
on time step 69382 (time=2890.92), 0.0390977 s/step
on time step 69485 (time=2895.21), 0.0389534 s/step
on time step 69588 (time=2899.5), 0.0389999 s/step
on time step 69692 (time=2903.83), 0.0388248 s/step
on time step 69795 (time=2908.12), 0.0388836 s/step
on time step 69899 (time=2912.46), 0.038734 s/step
on time step 70003 (time=2916.79), 0.0387793 s/step
on time step 70105 (time=2921.04), 0.0394121 s/step
on time step 70208 (time=2925.33), 0.0390754 s/step
on time step 70312 (time=2929.67), 0.0387335 s/step
on time step 70416 (time=2934), 0.03876 s/step
on time step 70519 (time=2938.29), 0.0388725 s/step
on time step 70623 (time=2942.62), 0.0387346 s/step
on time step 70727 (time=2946.96), 0.0388169 s/step
on time step 70830 (time=2951.25), 0.0389763 s/step
on time step 70933 (time=2955.54), 0.0390718 s/step
on time step 71036 (time=2959.83), 0.0390375 s/step
on time step 71139 (time=2964.12), 0.0389519 s/step
on time step 71243 (time=2968.46), 0.0387413 s/step
on time step 71346 (time=2972.75), 0.0388512 s/step
on time step 71450 (time=2977.08), 0.0387919 s/step
on time step 71554 (time=2981.42), 0.0387979 s/step
on time step 71656 (time=2985.67), 0.03956 s/step
on time step 71759 (time=2989.96), 0.0390298 s/step
on time step 71863 (time=2994.29), 0.0388128 s/step
on time step 71967 (time=2998.62), 0.0388232 s/step
on time step 72070 (time=3002.92), 0.038892 s/step
on time step 72174 (time=3007.25), 0.038817 s/step
on time step 72278 (time=3011.58), 0.0388074 s/step
on time step 72381 (time=3015.88), 0.0389577 s/step
on time step 72484 (time=3020.17), 0.0391098 s/step
on time step 72587 (time=3024.46), 0.0391197 s/step
on time step 72690 (time=3028.75), 0.0388953 s/step
on time step 72794 (time=3033.08), 0.0388006 s/step
on time step 72897 (time=3037.38), 0.0388425 s/step
on time step 73001 (time=3041.71), 0.0387777 s/step
on time step 73104 (time=3046), 0.0388776 s/step
on time step 73206 (time=3050.25), 0.0395375 s/step
field decay(t = 3052.5): 0.018569840695990453 / 0.018569840695990453 = 1.0
on time step 73309 (time=3054.54), 0.0389757 s/step
on time step 73413 (time=3058.88), 0.0388051 s/step
on time step 73517 (time=3063.21), 0.0388182 s/step
on time step 73620 (time=3067.5), 0.0388961 s/step
on time step 73724 (time=3071.83), 0.038788 s/step
on time step 73828 (time=3076.17), 0.038792 s/step
on time step 73931 (time=3080.46), 0.039023 s/step
on time step 74034 (time=3084.75), 0.0391004 s/step
on time step 74137 (time=3089.04), 0.0390822 s/step
on time step 74240 (time=3093.33), 0.0391956 s/step
on time step 74344 (time=3097.67), 0.0387088 s/step
on time step 74447 (time=3101.96), 0.0388474 s/step
on time step 74551 (time=3106.29), 0.0387774 s/step
on time step 74654 (time=3110.58), 0.0389009 s/step
on time step 74756 (time=3114.83), 0.0395354 s/step
on time step 74859 (time=3119.12), 0.0390474 s/step
on time step 74963 (time=3123.46), 0.0387491 s/step
on time step 75067 (time=3127.79), 0.0387889 s/step
on time step 75171 (time=3132.12), 0.0387951 s/step
on time step 75275 (time=3136.46), 0.0388014 s/step
on time step 75379 (time=3140.79), 0.0387996 s/step
on time step 75482 (time=3145.08), 0.0390206 s/step
on time step 75585 (time=3149.38), 0.0390395 s/step
on time step 75688 (time=3153.67), 0.0391472 s/step
on time step 75792 (time=3158), 0.0387051 s/step
on time step 75896 (time=3162.33), 0.0387124 s/step
on time step 76000 (time=3166.67), 0.0387903 s/step
on time step 76104 (time=3171), 0.038796 s/step
on time step 76208 (time=3175.33), 0.0388224 s/step
on time step 76309 (time=3179.54), 0.0396393 s/step
on time step 76412 (time=3183.83), 0.0388927 s/step
on time step 76516 (time=3188.17), 0.03877 s/step
on time step 76620 (time=3192.5), 0.0387684 s/step
on time step 76724 (time=3196.83), 0.0388146 s/step
on time step 76828 (time=3201.17), 0.0388161 s/step
on time step 76932 (time=3205.5), 0.0387717 s/step
on time step 77035 (time=3209.79), 0.0390328 s/step
on time step 77138 (time=3214.08), 0.0391251 s/step
on time step 77240 (time=3218.33), 0.03928 s/step
on time step 77344 (time=3222.67), 0.0387854 s/step
on time step 77448 (time=3227), 0.0387798 s/step
on time step 77552 (time=3231.33), 0.0387793 s/step
on time step 77656 (time=3235.67), 0.0387882 s/step
on time step 77760 (time=3240), 0.0387832 s/step
on time step 77861 (time=3244.21), 0.0396409 s/step
on time step 77964 (time=3248.5), 0.0388421 s/step
on time step 78068 (time=3252.83), 0.0387569 s/step
on time step 78172 (time=3257.17), 0.0387824 s/step
on time step 78276 (time=3261.5), 0.0387955 s/step
on time step 78380 (time=3265.83), 0.0387865 s/step
on time step 78484 (time=3270.17), 0.0387572 s/step
on time step 78587 (time=3274.46), 0.0390234 s/step
on time step 78690 (time=3278.75), 0.0390197 s/step
on time step 78793 (time=3283.04), 0.0391209 s/step
on time step 78897 (time=3287.38), 0.0387888 s/step
on time step 79001 (time=3291.71), 0.0388102 s/step
on time step 79105 (time=3296.04), 0.038818 s/step
on time step 79208 (time=3300.33), 0.0389663 s/step
on time step 79312 (time=3304.67), 0.0387491 s/step
on time step 79413 (time=3308.88), 0.0396558 s/step
on time step 79516 (time=3313.17), 0.0389021 s/step
on time step 79620 (time=3317.5), 0.0387548 s/step
on time step 79724 (time=3321.83), 0.0388129 s/step
on time step 79827 (time=3326.12), 0.0388631 s/step
on time step 79931 (time=3330.46), 0.0388228 s/step
on time step 80035 (time=3334.79), 0.0387892 s/step
on time step 80138 (time=3339.08), 0.0391493 s/step
on time step 80241 (time=3343.38), 0.0390619 s/step
on time step 80344 (time=3347.67), 0.0391121 s/step
on time step 80447 (time=3351.96), 0.0388452 s/step
on time step 80550 (time=3356.25), 0.038858 s/step
on time step 80654 (time=3360.58), 0.0387444 s/step
on time step 80758 (time=3364.92), 0.0387801 s/step
on time step 80862 (time=3369.25), 0.038773 s/step
on time step 80963 (time=3373.46), 0.0396314 s/step
on time step 81066 (time=3377.75), 0.038885 s/step
on time step 81170 (time=3382.08), 0.0387899 s/step
on time step 81274 (time=3386.42), 0.0388255 s/step
on time step 81377 (time=3390.71), 0.038992 s/step
on time step 81481 (time=3395.04), 0.0387433 s/step
on time step 81585 (time=3399.38), 0.0388172 s/step
on time step 81688 (time=3403.67), 0.0391025 s/step
on time step 81791 (time=3407.96), 0.0391331 s/step
on time step 81894 (time=3412.25), 0.0391635 s/step
on time step 81998 (time=3416.58), 0.0388072 s/step
on time step 82102 (time=3420.92), 0.0388124 s/step
on time step 82206 (time=3425.25), 0.038728 s/step
on time step 82310 (time=3429.58), 0.0388014 s/step
on time step 82414 (time=3433.92), 0.0387959 s/step
on time step 82516 (time=3438.17), 0.0395599 s/step
on time step 82620 (time=3442.5), 0.0388137 s/step
on time step 82724 (time=3446.83), 0.0387622 s/step
on time step 82828 (time=3451.17), 0.0387882 s/step
on time step 82931 (time=3455.46), 0.038906 s/step
on time step 83035 (time=3459.79), 0.0387799 s/step
on time step 83139 (time=3464.12), 0.0387735 s/step
on time step 83242 (time=3468.42), 0.039133 s/step
on time step 83345 (time=3472.71), 0.0390061 s/step
on time step 83448 (time=3477), 0.0390999 s/step
on time step 83551 (time=3481.29), 0.0388519 s/step
on time step 83655 (time=3485.62), 0.0387971 s/step
on time step 83759 (time=3489.96), 0.0387486 s/step
on time step 83862 (time=3494.25), 0.0388471 s/step
on time step 83966 (time=3498.58), 0.0388478 s/step
on time step 84067 (time=3502.79), 0.039682 s/step
on time step 84171 (time=3507.12), 0.0388335 s/step
on time step 84275 (time=3511.46), 0.0387224 s/step
on time step 84379 (time=3515.79), 0.0387899 s/step
on time step 84482 (time=3520.08), 0.0388625 s/step
on time step 84586 (time=3524.42), 0.0388122 s/step
on time step 84690 (time=3528.75), 0.0387901 s/step
on time step 84793 (time=3533.04), 0.0390947 s/step
on time step 84896 (time=3537.33), 0.0389639 s/step
on time step 84999 (time=3541.62), 0.0390951 s/step
on time step 85102 (time=3545.92), 0.038837 s/step
on time step 85206 (time=3550.25), 0.0388226 s/step
field decay(t = 3552.5416666666665): 5.607876541300583e-06 / 0.018569840695990453 = 0.000301988403299088
on time step 85310 (time=3554.58), 0.0387625 s/step
on time step 85413 (time=3558.88), 0.0388641 s/step
on time step 85516 (time=3563.17), 0.0389818 s/step
on time step 85618 (time=3567.42), 0.0394576 s/step
on time step 85722 (time=3571.75), 0.038826 s/step
on time step 85826 (time=3576.08), 0.038812 s/step
on time step 85929 (time=3580.38), 0.0388531 s/step
on time step 86033 (time=3584.71), 0.0387079 s/step
on time step 86137 (time=3589.04), 0.0387824 s/step
on time step 86240 (time=3593.33), 0.0388667 s/step
on time step 86343 (time=3597.62), 0.0391893 s/step
on time step 86446 (time=3601.92), 0.038985 s/step
on time step 86549 (time=3606.21), 0.0390854 s/step
on time step 86653 (time=3610.54), 0.0388181 s/step
on time step 86756 (time=3614.83), 0.0388358 s/step
on time step 86860 (time=3619.17), 0.0387902 s/step
on time step 86964 (time=3623.5), 0.0388158 s/step
on time step 87067 (time=3627.79), 0.0391044 s/step
on time step 87169 (time=3632.04), 0.0394998 s/step
on time step 87272 (time=3636.33), 0.038875 s/step
on time step 87375 (time=3640.62), 0.0388594 s/step
on time step 87478 (time=3644.92), 0.0388603 s/step
on time step 87581 (time=3649.21), 0.0388377 s/step
on time step 87685 (time=3653.54), 0.0387711 s/step
on time step 87788 (time=3657.83), 0.0388555 s/step
on time step 87891 (time=3662.12), 0.0390956 s/step
on time step 87994 (time=3666.42), 0.0390072 s/step
on time step 88097 (time=3670.71), 0.0391122 s/step
on time step 88201 (time=3675.04), 0.0387936 s/step
on time step 88305 (time=3679.38), 0.0387852 s/step
on time step 88409 (time=3683.71), 0.0387945 s/step
on time step 88512 (time=3688), 0.0388628 s/step
on time step 88614 (time=3692.25), 0.0393136 s/step
on time step 88716 (time=3696.5), 0.0393247 s/step
on time step 88820 (time=3700.83), 0.0387475 s/step
on time step 88924 (time=3705.17), 0.0388227 s/step
on time step 89028 (time=3709.5), 0.0387836 s/step
on time step 89132 (time=3713.83), 0.0387903 s/step
on time step 89236 (time=3718.17), 0.0388135 s/step
on time step 89339 (time=3722.46), 0.0389085 s/step
on time step 89442 (time=3726.75), 0.0390749 s/step
on time step 89545 (time=3731.04), 0.0391316 s/step
on time step 89647 (time=3735.29), 0.0394129 s/step
on time step 89751 (time=3739.62), 0.0387859 s/step
on time step 89854 (time=3743.92), 0.0389159 s/step
on time step 89958 (time=3748.25), 0.0387393 s/step
on time step 90061 (time=3752.54), 0.0388366 s/step
on time step 90163 (time=3756.79), 0.0393036 s/step
on time step 90265 (time=3761.04), 0.0393167 s/step
on time step 90369 (time=3765.38), 0.038804 s/step
on time step 90473 (time=3769.71), 0.0387804 s/step
on time step 90576 (time=3774), 0.0388598 s/step
on time step 90680 (time=3778.33), 0.038776 s/step
on time step 90784 (time=3782.67), 0.0387983 s/step
on time step 90887 (time=3786.96), 0.0389168 s/step
on time step 90990 (time=3791.25), 0.0391021 s/step
on time step 91093 (time=3795.54), 0.0390149 s/step
on time step 91196 (time=3799.83), 0.0390115 s/step
on time step 91299 (time=3804.12), 0.038876 s/step
on time step 91402 (time=3808.42), 0.0388539 s/step
on time step 91506 (time=3812.75), 0.03877 s/step
on time step 91610 (time=3817.08), 0.0388192 s/step
on time step 91712 (time=3821.33), 0.0393887 s/step
on time step 91815 (time=3825.62), 0.0392004 s/step
on time step 91919 (time=3829.96), 0.0388187 s/step
on time step 92023 (time=3834.29), 0.0387554 s/step
on time step 92126 (time=3838.58), 0.0389068 s/step
on time step 92230 (time=3842.92), 0.0388194 s/step
on time step 92334 (time=3847.25), 0.0388221 s/step
on time step 92437 (time=3851.54), 0.0389564 s/step
on time step 92540 (time=3855.83), 0.0391147 s/step
on time step 92643 (time=3860.12), 0.0391021 s/step
on time step 92746 (time=3864.42), 0.0389833 s/step
on time step 92850 (time=3868.75), 0.0387909 s/step
on time step 92953 (time=3873.04), 0.0388413 s/step
on time step 93057 (time=3877.38), 0.0387757 s/step
on time step 93161 (time=3881.71), 0.0387819 s/step
on time step 93263 (time=3885.96), 0.0394978 s/step
on time step 93366 (time=3890.25), 0.0391241 s/step
on time step 93470 (time=3894.58), 0.0387629 s/step
on time step 93574 (time=3898.92), 0.0387827 s/step
on time step 93677 (time=3903.21), 0.0388472 s/step
on time step 93781 (time=3907.54), 0.0387955 s/step
on time step 93885 (time=3911.88), 0.0388353 s/step
on time step 93988 (time=3916.17), 0.0389684 s/step
on time step 94090 (time=3920.42), 0.039221 s/step
on time step 94193 (time=3924.71), 0.0390209 s/step
on time step 94296 (time=3929), 0.0389939 s/step
on time step 94400 (time=3933.33), 0.0388272 s/step
on time step 94504 (time=3937.67), 0.0388052 s/step
on time step 94608 (time=3942), 0.0387743 s/step
on time step 94711 (time=3946.29), 0.0388477 s/step
on time step 94813 (time=3950.54), 0.0395033 s/step
on time step 94916 (time=3954.83), 0.0389848 s/step
on time step 95020 (time=3959.17), 0.0388206 s/step
on time step 95124 (time=3963.5), 0.0387674 s/step
on time step 95227 (time=3967.79), 0.0389095 s/step
on time step 95331 (time=3972.12), 0.0387986 s/step
on time step 95435 (time=3976.46), 0.0388105 s/step
on time step 95538 (time=3980.75), 0.0390318 s/step
on time step 95641 (time=3985.04), 0.0390877 s/step
on time step 95744 (time=3989.33), 0.0390064 s/step
on time step 95847 (time=3993.62), 0.0388669 s/step
on time step 95951 (time=3997.96), 0.0387906 s/step
on time step 96055 (time=4002.29), 0.0387588 s/step
on time step 96159 (time=4006.62), 0.0387985 s/step
on time step 96262 (time=4010.92), 0.0389056 s/step
on time step 96363 (time=4015.12), 0.0396249 s/step
on time step 96466 (time=4019.42), 0.0389884 s/step
on time step 96570 (time=4023.75), 0.0388067 s/step
on time step 96674 (time=4028.08), 0.038806 s/step
on time step 96778 (time=4032.42), 0.0387934 s/step
on time step 96882 (time=4036.75), 0.0387809 s/step
on time step 96986 (time=4041.08), 0.0387432 s/step
on time step 97089 (time=4045.38), 0.0389135 s/step
on time step 97192 (time=4049.67), 0.0390222 s/step
field decay(t = 4052.583333333333): 2.12130071109283e-16 / 0.018569840695990453 = 1.142336515332011e-14
run 1 finished at t = 4052.583333333333 (97262 timesteps)
WD: data/2021-12-03/DebuggingTopsy/
AlreadyDir
-----------
Initializing structure...
Splitting into 48 chunks by voxels
time for choose_chunkdivision = 0.00758021 s
Working in 2D dimensions.
Computational cell is 1420 x 100 x 0 with resolution 12
     block, center = (0,0,0)
          size (1e+20,1e+20,1e+20)
          axes (1,0,0), (0,1,0), (0,0,1)
          dielectric constant epsilon diagonal = (1.99622,1.99622,1.99622)
     block, center = (0,-26.25,0)
          size (1e+20,62.5,1e+20)
          axes (1,0,0), (0,1,0), (0,0,1)
          dielectric constant epsilon diagonal = (2.0746,2.0746,2.0746)
     block, center = (0,0,0)
          size (1e+20,8.2,1e+20)
          axes (1,0,0), (0,1,0), (0,0,1)
          dielectric constant epsilon diagonal = (2.08903,2.08903,2.08903)
     block, center = (-550,-10.9,0)
          size (100,40,1e+20)
          axes (1,0,0), (0,1,0), (0,0,1)
          dielectric constant epsilon diagonal = (1.99622,1.99622,1.99622)
     block, center = (550,-10.9,0)
          size (100,40,1e+20)
          axes (1,0,0), (0,1,0), (0,0,1)
          dielectric constant epsilon diagonal = (1.99622,1.99622,1.99622)
time for set_epsilon = 0.368556 s
-----------
MPB solved for frequency_1(0.4,0,0) = 0.277754 after 72 iters
MPB solved for frequency_1(0.931446,0,0) = 0.645152 after 29 iters
MPB solved for frequency_1(0.93146,0,0) = 0.645161 after 11 iters
MPB solved for frequency_1(0.93146,0,0) = 0.645161 after 1 iters
Meep: using output directory 'data/2021-12-03/DebuggingTopsy/'


Actual Run


on time step 30 (time=1.25), 0.133946 s/step
on time step 143 (time=5.95833), 0.0356017 s/step
on time step 256 (time=10.6667), 0.0355986 s/step
on time step 369 (time=15.375), 0.0356097 s/step
on time step 479 (time=19.9583), 0.0364097 s/step
on time step 590 (time=24.5833), 0.0362062 s/step
on time step 702 (time=29.25), 0.0357829 s/step
Meep progress: 31.458333333333332/2052.394376321794 = 1.5% done in 30.0s, 1928.0s to go
on time step 815 (time=33.9583), 0.0356791 s/step
on time step 928 (time=38.6667), 0.0356614 s/step
on time step 1041 (time=43.375), 0.0356352 s/step
on time step 1154 (time=48.0833), 0.0356531 s/step
on time step 1266 (time=52.75), 0.0359526 s/step
on time step 1378 (time=57.4167), 0.0359043 s/step
on time step 1490 (time=62.0833), 0.0358227 s/step
Meep progress: 66.41666666666666/2052.394376321794 = 3.2% done in 60.0s, 1794.5s to go
on time step 1603 (time=66.7917), 0.0357047 s/step
on time step 1716 (time=71.5), 0.0355345 s/step
on time step 1829 (time=76.2083), 0.035576 s/step
on time step 1942 (time=80.9167), 0.0355899 s/step
on time step 2055 (time=85.625), 0.0355904 s/step
on time step 2166 (time=90.25), 0.0362823 s/step
on time step 2278 (time=94.9167), 0.0358367 s/step
on time step 2390 (time=99.5833), 0.0358177 s/step
Meep progress: 101.41666666666666/2052.394376321794 = 4.9% done in 90.0s, 1732.3s to go
on time step 2502 (time=104.25), 0.0359528 s/step
on time step 2615 (time=108.958), 0.035586 s/step
on time step 2728 (time=113.667), 0.0356264 s/step
on time step 2841 (time=118.375), 0.0356022 s/step
on time step 2953 (time=123.042), 0.0359817 s/step
on time step 3065 (time=127.708), 0.0357877 s/step
on time step 3177 (time=132.375), 0.0359872 s/step
Meep progress: 136.375/2052.394376321794 = 6.6% done in 120.1s, 1687.0s to go
on time step 3289 (time=137.042), 0.0358416 s/step
on time step 3401 (time=141.708), 0.0359342 s/step
on time step 3513 (time=146.375), 0.0360315 s/step
on time step 3624 (time=151), 0.0360979 s/step
on time step 3735 (time=155.625), 0.0362396 s/step
on time step 3844 (time=160.167), 0.0367376 s/step
on time step 3956 (time=164.833), 0.03575 s/step
on time step 4069 (time=169.542), 0.0357012 s/step
Meep progress: 171.08333333333331/2052.394376321794 = 8.3% done in 150.1s, 1650.6s to go
on time step 4181 (time=174.208), 0.0357212 s/step
on time step 4294 (time=178.917), 0.0356226 s/step
on time step 4407 (time=183.625), 0.0356469 s/step
on time step 4519 (time=188.292), 0.0357353 s/step
on time step 4630 (time=192.917), 0.0360827 s/step
on time step 4741 (time=197.542), 0.0360451 s/step
on time step 4852 (time=202.167), 0.0362753 s/step
Meep progress: 205.91666666666666/2052.394376321794 = 10.0% done in 180.1s, 1615.2s to go
on time step 4963 (time=206.792), 0.0360992 s/step
on time step 5074 (time=211.417), 0.0361196 s/step
on time step 5185 (time=216.042), 0.0360733 s/step
on time step 5297 (time=220.708), 0.0357322 s/step
on time step 5410 (time=225.417), 0.0356669 s/step
on time step 5520 (time=230), 0.036373 s/step
on time step 5632 (time=234.667), 0.0357345 s/step
on time step 5744 (time=239.333), 0.0357509 s/step
Meep progress: 240.75/2052.394376321794 = 11.7% done in 210.2s, 1581.4s to go
on time step 5856 (time=244), 0.035917 s/step
on time step 5968 (time=248.667), 0.0358733 s/step
on time step 6080 (time=253.333), 0.0360094 s/step
on time step 6191 (time=257.958), 0.0360487 s/step
on time step 6301 (time=262.542), 0.0364284 s/step
on time step 6411 (time=267.125), 0.0363868 s/step
on time step 6521 (time=271.708), 0.0364585 s/step
Meep progress: 275.375/2052.394376321794 = 13.4% done in 240.2s, 1550.0s to go
on time step 6633 (time=276.375), 0.0358104 s/step
on time step 6746 (time=281.083), 0.0356193 s/step
on time step 6859 (time=285.792), 0.03566 s/step
on time step 6972 (time=290.5), 0.0356723 s/step
on time step 7084 (time=295.167), 0.0357637 s/step
on time step 7194 (time=299.75), 0.0365438 s/step
on time step 7306 (time=304.417), 0.0359449 s/step
on time step 7418 (time=309.083), 0.0359557 s/step
Meep progress: 310.25/2052.394376321794 = 15.1% done in 270.2s, 1517.4s to go
on time step 7529 (time=313.708), 0.0361213 s/step
on time step 7640 (time=318.333), 0.0362429 s/step
on time step 7751 (time=322.958), 0.0362214 s/step
on time step 7862 (time=327.583), 0.0362251 s/step
on time step 7973 (time=332.208), 0.0363192 s/step
on time step 8085 (time=336.875), 0.0359351 s/step
on time step 8196 (time=341.5), 0.036066 s/step
Meep progress: 344.875/2052.394376321794 = 16.8% done in 300.2s, 1486.5s to go
on time step 8308 (time=346.167), 0.0357434 s/step
on time step 8420 (time=350.833), 0.0357981 s/step
on time step 8532 (time=355.5), 0.0359103 s/step
on time step 8644 (time=360.167), 0.0360215 s/step
on time step 8755 (time=364.792), 0.0360789 s/step
on time step 8864 (time=369.333), 0.0368865 s/step
on time step 8975 (time=373.958), 0.0362674 s/step
on time step 9086 (time=378.583), 0.0362888 s/step
Meep progress: 379.4583333333333/2052.394376321794 = 18.5% done in 330.3s, 1456.0s to go
on time step 9196 (time=383.167), 0.0364346 s/step
on time step 9307 (time=387.792), 0.0362535 s/step
on time step 9419 (time=392.458), 0.0357782 s/step
on time step 9532 (time=397.167), 0.0356752 s/step
on time step 9644 (time=401.833), 0.035929 s/step
on time step 9756 (time=406.5), 0.0359157 s/step
on time step 9866 (time=411.083), 0.0365063 s/step
Meep progress: 414.125/2052.394376321794 = 20.2% done in 360.3s, 1425.2s to go
on time step 9978 (time=415.75), 0.0359746 s/step
on time step 10090 (time=420.417), 0.0359606 s/step
on time step 10202 (time=425.083), 0.0360044 s/step
on time step 10313 (time=429.708), 0.0361076 s/step
on time step 10424 (time=434.333), 0.0362969 s/step
on time step 10533 (time=438.875), 0.0368728 s/step
on time step 10644 (time=443.5), 0.0363367 s/step
on time step 10756 (time=448.167), 0.0360183 s/step
Meep progress: 448.66666666666663/2052.394376321794 = 21.9% done in 390.3s, 1395.0s to go
on time step 10868 (time=452.833), 0.0360242 s/step
on time step 10980 (time=457.5), 0.0360049 s/step
on time step 11092 (time=462.167), 0.0360011 s/step
on time step 11203 (time=466.792), 0.0361359 s/step
on time step 11313 (time=471.375), 0.0364907 s/step
on time step 11423 (time=475.958), 0.0364339 s/step
on time step 11533 (time=480.542), 0.0365223 s/step
Meep progress: 483.16666666666663/2052.394376321794 = 23.5% done in 420.3s, 1365.0s to go
on time step 11643 (time=485.125), 0.0364846 s/step
on time step 11753 (time=489.708), 0.0365972 s/step
on time step 11863 (time=494.292), 0.0365726 s/step
on time step 11973 (time=498.875), 0.0366028 s/step
on time step 12082 (time=503.417), 0.0369121 s/step
on time step 12192 (time=508), 0.036648 s/step
on time step 12303 (time=512.625), 0.0360609 s/step
on time step 12416 (time=517.333), 0.0357061 s/step
Meep progress: 517.5/2052.394376321794 = 25.2% done in 450.3s, 1335.7s to go
on time step 12528 (time=522), 0.0359221 s/step
on time step 12640 (time=526.667), 0.0358819 s/step
on time step 12752 (time=531.333), 0.0359684 s/step
on time step 12864 (time=536), 0.0359987 s/step
on time step 12975 (time=540.625), 0.0362995 s/step
on time step 13085 (time=545.208), 0.0363892 s/step
on time step 13195 (time=549.792), 0.0364961 s/step
Meep progress: 552.0833333333333/2052.394376321794 = 26.9% done in 480.3s, 1305.3s to go
on time step 13305 (time=554.375), 0.0364023 s/step
on time step 13415 (time=558.958), 0.0363892 s/step
on time step 13525 (time=563.542), 0.0364134 s/step
on time step 13637 (time=568.208), 0.0359005 s/step
on time step 13748 (time=572.833), 0.036148 s/step
on time step 13858 (time=577.417), 0.0363704 s/step
on time step 13970 (time=582.083), 0.0360321 s/step
Meep progress: 586.625/2052.394376321794 = 28.6% done in 510.4s, 1275.2s to go
on time step 14081 (time=586.708), 0.0360811 s/step
on time step 14192 (time=591.333), 0.0363071 s/step
on time step 14303 (time=595.958), 0.0362949 s/step
on time step 14413 (time=600.542), 0.0363861 s/step
on time step 14523 (time=605.125), 0.0365207 s/step
on time step 14633 (time=609.708), 0.0366823 s/step
on time step 14742 (time=614.25), 0.0367116 s/step
on time step 14851 (time=618.792), 0.0367101 s/step
Meep progress: 620.875/2052.394376321794 = 30.3% done in 540.4s, 1245.9s to go
on time step 14961 (time=623.375), 0.0365909 s/step
on time step 15073 (time=628.042), 0.036015 s/step
on time step 15185 (time=632.708), 0.035914 s/step
on time step 15297 (time=637.375), 0.0358849 s/step
on time step 15408 (time=642), 0.0362661 s/step
on time step 15518 (time=646.583), 0.0364352 s/step
on time step 15629 (time=651.208), 0.0361102 s/step
Meep progress: 655.4583333333333/2052.394376321794 = 31.9% done in 570.4s, 1215.6s to go
on time step 15740 (time=655.833), 0.036181 s/step
on time step 15850 (time=660.417), 0.0363668 s/step
on time step 15960 (time=665), 0.0364011 s/step
on time step 16070 (time=669.583), 0.0364453 s/step
on time step 16180 (time=674.167), 0.0364803 s/step
on time step 16289 (time=678.708), 0.0367293 s/step
on time step 16399 (time=683.292), 0.0365192 s/step
on time step 16511 (time=687.958), 0.0359898 s/step
Meep progress: 689.8333333333333/2052.394376321794 = 33.6% done in 600.4s, 1185.9s to go
on time step 16623 (time=692.625), 0.0359957 s/step
on time step 16735 (time=697.292), 0.0359966 s/step
on time step 16846 (time=701.917), 0.0361312 s/step
on time step 16957 (time=706.542), 0.0361739 s/step
on time step 17067 (time=711.125), 0.036512 s/step
on time step 17176 (time=715.667), 0.0367337 s/step
on time step 17286 (time=720.25), 0.0365819 s/step
Meep progress: 724.25/2052.394376321794 = 35.3% done in 630.4s, 1156.1s to go
on time step 17396 (time=724.833), 0.036571 s/step
on time step 17506 (time=729.417), 0.036681 s/step
on time step 17616 (time=734), 0.0366898 s/step
on time step 17725 (time=738.542), 0.0367227 s/step
on time step 17835 (time=743.125), 0.0365133 s/step
on time step 17946 (time=747.75), 0.0362333 s/step
on time step 18057 (time=752.375), 0.0362067 s/step
on time step 18168 (time=757), 0.0361812 s/step
Meep progress: 758.5833333333333/2052.394376321794 = 37.0% done in 660.5s, 1126.5s to go
on time step 18279 (time=761.625), 0.0362771 s/step
on time step 18390 (time=766.25), 0.0360911 s/step
on time step 18501 (time=770.875), 0.0361727 s/step
on time step 18612 (time=775.5), 0.0363378 s/step
on time step 18721 (time=780.042), 0.0368063 s/step
on time step 18830 (time=784.583), 0.0368933 s/step
on time step 18940 (time=789.167), 0.0366428 s/step
Meep progress: 792.875/2052.394376321794 = 38.6% done in 690.5s, 1096.9s to go
on time step 19050 (time=793.75), 0.0365515 s/step
on time step 19159 (time=798.292), 0.0367041 s/step
on time step 19269 (time=802.875), 0.036473 s/step
on time step 19381 (time=807.542), 0.0358145 s/step
on time step 19493 (time=812.208), 0.0359586 s/step
on time step 19604 (time=816.833), 0.0362593 s/step
on time step 19714 (time=821.417), 0.0363882 s/step
on time step 19824 (time=826), 0.0363929 s/step
Meep progress: 827.3333333333333/2052.394376321794 = 40.3% done in 720.5s, 1066.9s to go
on time step 19934 (time=830.583), 0.0364226 s/step
on time step 20044 (time=835.167), 0.03646 s/step
on time step 20154 (time=839.75), 0.0366727 s/step
on time step 20264 (time=844.333), 0.0366927 s/step
on time step 20372 (time=848.833), 0.0370381 s/step
on time step 20481 (time=853.375), 0.0368842 s/step
on time step 20590 (time=857.917), 0.0368263 s/step
Meep progress: 861.375/2052.394376321794 = 42.0% done in 750.5s, 1037.7s to go
on time step 20699 (time=862.458), 0.0367165 s/step
on time step 20810 (time=867.083), 0.0363178 s/step
on time step 20921 (time=871.708), 0.0362598 s/step
on time step 21032 (time=876.333), 0.036212 s/step
on time step 21143 (time=880.958), 0.0362532 s/step
on time step 21253 (time=885.542), 0.0363859 s/step
on time step 21363 (time=890.125), 0.036498 s/step
on time step 21473 (time=894.708), 0.0364645 s/step
Meep progress: 895.7916666666666/2052.394376321794 = 43.6% done in 780.5s, 1007.8s to go
on time step 21583 (time=899.292), 0.0364629 s/step
on time step 21693 (time=903.875), 0.0364921 s/step
on time step 21803 (time=908.458), 0.0365575 s/step
on time step 21912 (time=913), 0.0367237 s/step
on time step 22020 (time=917.5), 0.0371429 s/step
on time step 22129 (time=922.042), 0.036919 s/step
on time step 22241 (time=926.708), 0.0359715 s/step
Meep progress: 930.0/2052.394376321794 = 45.3% done in 810.5s, 978.2s to go
on time step 22353 (time=931.375), 0.0359185 s/step
on time step 22464 (time=936), 0.0362455 s/step
on time step 22575 (time=940.625), 0.0362291 s/step
on time step 22686 (time=945.25), 0.036362 s/step
on time step 22796 (time=949.833), 0.0365882 s/step
on time step 22905 (time=954.375), 0.0368095 s/step
on time step 23014 (time=958.917), 0.03697 s/step
on time step 23123 (time=963.458), 0.0367239 s/step
Meep progress: 964.2083333333333/2052.394376321794 = 47.0% done in 840.6s, 948.6s to go
on time step 23232 (time=968), 0.0368696 s/step
on time step 23341 (time=972.542), 0.0367487 s/step
on time step 23450 (time=977.083), 0.0369109 s/step
on time step 23559 (time=981.625), 0.0368589 s/step
on time step 23669 (time=986.208), 0.0366711 s/step
on time step 23780 (time=990.833), 0.0362842 s/step
on time step 23891 (time=995.458), 0.0361195 s/step
Meep progress: 998.375/2052.394376321794 = 48.6% done in 870.6s, 919.1s to go
on time step 24002 (time=1000.08), 0.03622 s/step
on time step 24112 (time=1004.67), 0.0363899 s/step
on time step 24223 (time=1009.29), 0.0363018 s/step
on time step 24333 (time=1013.88), 0.0364708 s/step
on time step 24442 (time=1018.42), 0.0367214 s/step
on time step 24552 (time=1023), 0.0366527 s/step
on time step 24660 (time=1027.5), 0.037089 s/step
on time step 24769 (time=1032.04), 0.0369341 s/step
Meep progress: 1032.5/2052.394376321794 = 50.3% done in 900.6s, 889.6s to go
on time step 24878 (time=1036.58), 0.0368787 s/step
on time step 24987 (time=1041.12), 0.0367109 s/step
on time step 25098 (time=1045.75), 0.0361955 s/step
on time step 25209 (time=1050.38), 0.0360738 s/step
on time step 25318 (time=1054.92), 0.0367813 s/step
on time step 25428 (time=1059.5), 0.0365992 s/step
on time step 25538 (time=1064.08), 0.0364709 s/step
Meep progress: 1066.75/2052.394376321794 = 52.0% done in 930.6s, 859.8s to go
on time step 25648 (time=1068.67), 0.0365808 s/step
on time step 25757 (time=1073.21), 0.0367607 s/step
on time step 25866 (time=1077.75), 0.0367127 s/step
on time step 25975 (time=1082.29), 0.0369246 s/step
on time step 26083 (time=1086.79), 0.0371021 s/step
on time step 26191 (time=1091.29), 0.0370926 s/step
on time step 26299 (time=1095.79), 0.0372449 s/step
on time step 26407 (time=1100.29), 0.0370767 s/step
Meep progress: 1100.5833333333333/2052.394376321794 = 53.6% done in 960.6s, 830.8s to go
on time step 26516 (time=1104.83), 0.0367494 s/step
on time step 26627 (time=1109.46), 0.0361191 s/step
on time step 26738 (time=1114.08), 0.036259 s/step
on time step 26849 (time=1118.71), 0.0363249 s/step
on time step 26958 (time=1123.25), 0.0367439 s/step
on time step 27068 (time=1127.83), 0.036588 s/step
on time step 27178 (time=1132.42), 0.0365106 s/step
Meep progress: 1134.875/2052.394376321794 = 55.3% done in 990.6s, 800.9s to go
on time step 27287 (time=1136.96), 0.0367083 s/step
on time step 27396 (time=1141.5), 0.0367801 s/step
on time step 27505 (time=1146.04), 0.0367313 s/step
on time step 27614 (time=1150.58), 0.0368409 s/step
on time step 27723 (time=1155.12), 0.0368931 s/step
on time step 27832 (time=1159.67), 0.0369503 s/step
on time step 27941 (time=1164.21), 0.0368779 s/step
on time step 28052 (time=1168.83), 0.0360763 s/step
Meep progress: 1168.9166666666665/2052.394376321794 = 57.0% done in 1020.6s, 771.4s to go
on time step 28162 (time=1173.42), 0.0363834 s/step
on time step 28273 (time=1178.04), 0.0362641 s/step
on time step 28383 (time=1182.62), 0.0364088 s/step
on time step 28493 (time=1187.21), 0.036547 s/step
on time step 28601 (time=1191.71), 0.0372446 s/step
on time step 28710 (time=1196.25), 0.0369608 s/step
on time step 28819 (time=1200.79), 0.0368718 s/step
Meep progress: 1203.0/2052.394376321794 = 58.6% done in 1050.7s, 741.8s to go
on time step 28928 (time=1205.33), 0.0369157 s/step
on time step 29037 (time=1209.88), 0.036988 s/step
on time step 29146 (time=1214.42), 0.0369325 s/step
on time step 29255 (time=1218.96), 0.0369894 s/step
on time step 29363 (time=1223.46), 0.0371023 s/step
on time step 29473 (time=1228.04), 0.0365931 s/step
on time step 29582 (time=1232.58), 0.0367582 s/step
Meep progress: 1236.9166666666665/2052.394376321794 = 60.3% done in 1080.7s, 712.5s to go
on time step 29692 (time=1237.17), 0.0366619 s/step
on time step 29802 (time=1241.75), 0.0365184 s/step
on time step 29912 (time=1246.33), 0.0365745 s/step
on time step 30022 (time=1250.92), 0.0366931 s/step
on time step 30131 (time=1255.46), 0.0368702 s/step
on time step 30238 (time=1259.92), 0.0373956 s/step
on time step 30346 (time=1264.42), 0.0371281 s/step
on time step 30455 (time=1268.96), 0.0370176 s/step
Meep progress: 1270.8333333333333/2052.394376321794 = 61.9% done in 1110.7s, 683.1s to go
on time step 30563 (time=1273.46), 0.0370531 s/step
on time step 30672 (time=1278), 0.0370108 s/step
on time step 30781 (time=1282.54), 0.0369759 s/step
on time step 30891 (time=1287.12), 0.0366278 s/step
on time step 31001 (time=1291.71), 0.036468 s/step
on time step 31111 (time=1296.29), 0.0366116 s/step
on time step 31220 (time=1300.83), 0.0369947 s/step
Meep progress: 1304.7916666666665/2052.394376321794 = 63.6% done in 1140.7s, 653.6s to go
on time step 31329 (time=1305.38), 0.0369208 s/step
on time step 31438 (time=1309.92), 0.0369659 s/step
on time step 31546 (time=1314.42), 0.0370389 s/step
on time step 31654 (time=1318.92), 0.0372195 s/step
on time step 31762 (time=1323.42), 0.0371471 s/step
on time step 31869 (time=1327.88), 0.0375556 s/step
on time step 31977 (time=1332.38), 0.0372361 s/step
on time step 32085 (time=1336.88), 0.0372159 s/step
Meep progress: 1338.4166666666665/2052.394376321794 = 65.2% done in 1170.7s, 624.5s to go
on time step 32193 (time=1341.38), 0.0371542 s/step
on time step 32301 (time=1345.88), 0.0370649 s/step
on time step 32411 (time=1350.46), 0.0365236 s/step
on time step 32521 (time=1355.04), 0.0366465 s/step
on time step 32630 (time=1359.58), 0.0368512 s/step
on time step 32740 (time=1364.17), 0.0364996 s/step
on time step 32849 (time=1368.71), 0.0367642 s/step
Meep progress: 1372.4166666666665/2052.394376321794 = 66.9% done in 1200.7s, 594.9s to go
on time step 32958 (time=1373.25), 0.0367929 s/step
on time step 33067 (time=1377.79), 0.0367707 s/step
on time step 33176 (time=1382.33), 0.0367675 s/step
on time step 33285 (time=1386.88), 0.0368889 s/step
on time step 33394 (time=1391.42), 0.0368617 s/step
on time step 33502 (time=1395.92), 0.0373573 s/step
on time step 33611 (time=1400.46), 0.0368867 s/step
on time step 33720 (time=1405), 0.0369235 s/step
Meep progress: 1406.2916666666665/2052.394376321794 = 68.5% done in 1230.7s, 565.4s to go
on time step 33831 (time=1409.62), 0.0362661 s/step
on time step 33942 (time=1414.25), 0.0360783 s/step
on time step 34053 (time=1418.88), 0.036331 s/step
on time step 34163 (time=1423.46), 0.0364 s/step
on time step 34273 (time=1428.04), 0.0366142 s/step
on time step 34382 (time=1432.58), 0.0367531 s/step
on time step 34491 (time=1437.12), 0.0369449 s/step
Meep progress: 1440.5416666666665/2052.394376321794 = 70.2% done in 1260.8s, 535.5s to go
on time step 34600 (time=1441.67), 0.0368811 s/step
on time step 34709 (time=1446.21), 0.036945 s/step
on time step 34818 (time=1450.75), 0.0369699 s/step
on time step 34927 (time=1455.29), 0.0369446 s/step
on time step 35036 (time=1459.83), 0.0369686 s/step
on time step 35144 (time=1464.33), 0.0373097 s/step
on time step 35253 (time=1468.88), 0.0368024 s/step
on time step 35364 (time=1473.5), 0.036136 s/step
Meep progress: 1474.4583333333333/2052.394376321794 = 71.8% done in 1290.8s, 505.9s to go
on time step 35474 (time=1478.08), 0.0365119 s/step
on time step 35584 (time=1482.67), 0.0364865 s/step
on time step 35694 (time=1487.25), 0.0363888 s/step
on time step 35804 (time=1491.83), 0.0365672 s/step
on time step 35913 (time=1496.38), 0.0368963 s/step
on time step 36022 (time=1500.92), 0.0368861 s/step
on time step 36131 (time=1505.46), 0.0368703 s/step
Meep progress: 1508.5416666666665/2052.394376321794 = 73.5% done in 1320.8s, 476.2s to go
on time step 36240 (time=1510), 0.0369937 s/step
on time step 36349 (time=1514.54), 0.036838 s/step
on time step 36458 (time=1519.08), 0.0369182 s/step
on time step 36567 (time=1523.62), 0.036894 s/step
on time step 36676 (time=1528.17), 0.0368803 s/step
on time step 36786 (time=1532.75), 0.0365347 s/step
on time step 36896 (time=1537.33), 0.0365166 s/step
on time step 37006 (time=1541.92), 0.0364642 s/step
Meep progress: 1542.5833333333333/2052.394376321794 = 75.2% done in 1350.8s, 446.4s to go
on time step 37116 (time=1546.5), 0.0366836 s/step
on time step 37225 (time=1551.04), 0.0367917 s/step
on time step 37334 (time=1555.58), 0.036826 s/step
on time step 37443 (time=1560.12), 0.0369628 s/step
on time step 37551 (time=1564.62), 0.0370822 s/step
on time step 37659 (time=1569.12), 0.0371136 s/step
on time step 37767 (time=1573.62), 0.0371938 s/step
Meep progress: 1576.4166666666665/2052.394376321794 = 76.8% done in 1380.8s, 416.9s to go
on time step 37875 (time=1578.12), 0.0372574 s/step
on time step 37984 (time=1582.67), 0.0370266 s/step
on time step 38093 (time=1587.21), 0.0370302 s/step
on time step 38203 (time=1591.79), 0.0364293 s/step
on time step 38314 (time=1596.42), 0.0363418 s/step
on time step 38423 (time=1600.96), 0.0369012 s/step
on time step 38533 (time=1605.54), 0.03662 s/step
on time step 38643 (time=1610.12), 0.0366424 s/step
Meep progress: 1610.4583333333333/2052.394376321794 = 78.5% done in 1410.8s, 387.2s to go
on time step 38752 (time=1614.67), 0.0367621 s/step
on time step 38861 (time=1619.21), 0.0367564 s/step
on time step 38970 (time=1623.75), 0.0368909 s/step
on time step 39079 (time=1628.29), 0.0368991 s/step
on time step 39187 (time=1632.79), 0.0370529 s/step
on time step 39295 (time=1637.29), 0.0371009 s/step
on time step 39404 (time=1641.83), 0.0369602 s/step
Meep progress: 1644.3333333333333/2052.394376321794 = 80.1% done in 1440.9s, 357.6s to go
on time step 39512 (time=1646.33), 0.0370876 s/step
on time step 39622 (time=1650.92), 0.0366918 s/step
on time step 39732 (time=1655.5), 0.0364766 s/step
on time step 39842 (time=1660.08), 0.0365966 s/step
on time step 39951 (time=1664.62), 0.0367099 s/step
on time step 40059 (time=1669.12), 0.0371624 s/step
on time step 40168 (time=1673.67), 0.0368094 s/step
on time step 40278 (time=1678.25), 0.036693 s/step
Meep progress: 1678.375/2052.394376321794 = 81.8% done in 1470.9s, 327.8s to go
on time step 40387 (time=1682.79), 0.0366989 s/step
on time step 40497 (time=1687.38), 0.0366762 s/step
on time step 40607 (time=1691.96), 0.0366046 s/step
on time step 40717 (time=1696.54), 0.0367 s/step
on time step 40826 (time=1701.08), 0.0367686 s/step
on time step 40935 (time=1705.62), 0.0367755 s/step
on time step 41043 (time=1710.12), 0.0372145 s/step
Meep progress: 1712.375/2052.394376321794 = 83.4% done in 1500.9s, 298.0s to go
on time step 41152 (time=1714.67), 0.0369219 s/step
on time step 41262 (time=1719.25), 0.0364696 s/step
on time step 41373 (time=1723.88), 0.0360527 s/step
on time step 41485 (time=1728.54), 0.0358691 s/step
on time step 41596 (time=1733.17), 0.0360549 s/step
on time step 41706 (time=1737.75), 0.0364512 s/step
on time step 41817 (time=1742.38), 0.0360576 s/step
Meep progress: 1746.9583333333333/2052.394376321794 = 85.1% done in 1530.9s, 267.7s to go
on time step 41929 (time=1747.04), 0.035888 s/step
on time step 42041 (time=1751.71), 0.0360111 s/step
on time step 42153 (time=1756.38), 0.0359261 s/step
on time step 42265 (time=1761.04), 0.0359141 s/step
on time step 42377 (time=1765.71), 0.0359162 s/step
on time step 42488 (time=1770.33), 0.0361645 s/step
on time step 42597 (time=1774.88), 0.0369087 s/step
on time step 42700 (time=1779.17), 0.0388911 s/step
Meep progress: 1781.0833333333333/2052.394376321794 = 86.8% done in 1560.9s, 237.8s to go
on time step 42803 (time=1783.46), 0.0390032 s/step
on time step 42906 (time=1787.75), 0.0388907 s/step
on time step 43009 (time=1792.04), 0.038903 s/step
on time step 43112 (time=1796.33), 0.0388853 s/step
on time step 43215 (time=1800.62), 0.0389625 s/step
on time step 43309 (time=1804.54), 0.0429153 s/step
on time step 43357 (time=1806.54), 0.0840748 s/step
Meep progress: 1807.8333333333333/2052.394376321794 = 88.1% done in 1591.1s, 215.2s to go
on time step 43390 (time=1807.92), 0.123102 s/step
on time step 43420 (time=1809.17), 0.136335 s/step
on time step 43454 (time=1810.58), 0.119622 s/step
on time step 43507 (time=1812.79), 0.076395 s/step
on time step 43606 (time=1816.92), 0.0407569 s/step
on time step 43702 (time=1820.92), 0.0417009 s/step
on time step 43783 (time=1824.29), 0.0495997 s/step
on time step 43860 (time=1827.5), 0.0524236 s/step
Meep progress: 1828.6666666666665/2052.394376321794 = 89.1% done in 1621.1s, 198.3s to go
on time step 43937 (time=1830.71), 0.0522699 s/step
on time step 44018 (time=1834.08), 0.0497552 s/step
on time step 44115 (time=1838.12), 0.041372 s/step
on time step 44224 (time=1842.67), 0.0369607 s/step
on time step 44335 (time=1847.29), 0.0362536 s/step
on time step 44446 (time=1851.92), 0.0362682 s/step
on time step 44558 (time=1856.58), 0.0357193 s/step
Meep progress: 1860.5/2052.394376321794 = 90.7% done in 1651.1s, 170.3s to go
on time step 44671 (time=1861.29), 0.0356169 s/step
on time step 44784 (time=1866), 0.0356897 s/step
on time step 44897 (time=1870.71), 0.0356229 s/step
on time step 45010 (time=1875.42), 0.0356281 s/step
on time step 45123 (time=1880.12), 0.0357306 s/step
on time step 45235 (time=1884.79), 0.0357614 s/step
on time step 45347 (time=1889.46), 0.0357488 s/step
on time step 45459 (time=1894.12), 0.0357276 s/step
Meep progress: 1895.5416666666665/2052.394376321794 = 92.4% done in 1681.2s, 139.1s to go
on time step 45571 (time=1898.79), 0.0357705 s/step
on time step 45684 (time=1903.5), 0.0356309 s/step
on time step 45797 (time=1908.21), 0.0356097 s/step
on time step 45910 (time=1912.92), 0.035624 s/step
on time step 46022 (time=1917.58), 0.0358213 s/step
on time step 46133 (time=1922.21), 0.0361346 s/step
on time step 46245 (time=1926.88), 0.035755 s/step
Meep progress: 1930.5416666666665/2052.394376321794 = 94.1% done in 1711.2s, 108.0s to go
on time step 46358 (time=1931.58), 0.0356447 s/step
on time step 46471 (time=1936.29), 0.0356691 s/step
on time step 46584 (time=1941), 0.0356468 s/step
on time step 46697 (time=1945.71), 0.0356361 s/step
on time step 46809 (time=1950.38), 0.0357755 s/step
on time step 46921 (time=1955.04), 0.0358651 s/step
on time step 47033 (time=1959.71), 0.0358045 s/step
on time step 47146 (time=1964.42), 0.0356466 s/step
Meep progress: 1965.5416666666665/2052.394376321794 = 95.8% done in 1741.2s, 76.9s to go
on time step 47258 (time=1969.08), 0.0357647 s/step
on time step 47371 (time=1973.79), 0.0356188 s/step
on time step 47484 (time=1978.5), 0.0356415 s/step
on time step 47597 (time=1983.21), 0.0356535 s/step
on time step 47709 (time=1987.88), 0.0358451 s/step
on time step 47821 (time=1992.54), 0.0360236 s/step
on time step 47933 (time=1997.21), 0.0357524 s/step
Meep progress: 2000.5416666666665/2052.394376321794 = 97.5% done in 1771.2s, 45.9s to go
on time step 48046 (time=2001.92), 0.0356669 s/step
on time step 48159 (time=2006.62), 0.0356335 s/step
on time step 48272 (time=2011.33), 0.0356182 s/step
on time step 48385 (time=2016.04), 0.0356325 s/step
on time step 48497 (time=2020.71), 0.0357649 s/step
on time step 48609 (time=2025.38), 0.035837 s/step
on time step 48721 (time=2030.04), 0.035832 s/step
on time step 48833 (time=2034.71), 0.0357294 s/step
Meep progress: 2035.5416666666665/2052.394376321794 = 99.2% done in 1801.2s, 14.9s to go
on time step 48945 (time=2039.38), 0.0357834 s/step
on time step 49058 (time=2044.08), 0.0355897 s/step
on time step 49171 (time=2048.79), 0.0356582 s/step
run 0 finished at t = 2052.4166666666665 (49258 timesteps)
field decay(t = 2052.4166666666665): 7.642817490900356e-06 / 7.642817490900356e-06 = 1.0
on time step 49282 (time=2053.42), 0.0363638 s/step
on time step 49385 (time=2057.71), 0.0389571 s/step
on time step 49487 (time=2061.96), 0.0393838 s/step
on time step 49590 (time=2066.25), 0.0388388 s/step
on time step 49694 (time=2070.58), 0.038815 s/step
on time step 49798 (time=2074.92), 0.0387236 s/step
on time step 49902 (time=2079.25), 0.0387294 s/step
on time step 50006 (time=2083.58), 0.0386973 s/step
on time step 50110 (time=2087.92), 0.0387999 s/step
on time step 50213 (time=2092.21), 0.038961 s/step
on time step 50316 (time=2096.5), 0.038865 s/step
on time step 50419 (time=2100.79), 0.0389817 s/step
on time step 50523 (time=2105.12), 0.0388251 s/step
on time step 50627 (time=2109.46), 0.0386956 s/step
on time step 50731 (time=2113.79), 0.0386581 s/step
on time step 50835 (time=2118.12), 0.0387246 s/step
on time step 50938 (time=2122.42), 0.0390725 s/step
on time step 51040 (time=2126.67), 0.0394134 s/step
on time step 51144 (time=2131), 0.038721 s/step
on time step 51248 (time=2135.33), 0.0387494 s/step
on time step 51352 (time=2139.67), 0.0387195 s/step
on time step 51456 (time=2144), 0.0387134 s/step
on time step 51560 (time=2148.33), 0.0386817 s/step
on time step 51664 (time=2152.67), 0.0387377 s/step
on time step 51767 (time=2156.96), 0.0389991 s/step
on time step 51870 (time=2161.25), 0.0389288 s/step
on time step 51973 (time=2165.54), 0.038985 s/step
on time step 52077 (time=2169.88), 0.0387926 s/step
on time step 52181 (time=2174.21), 0.0386509 s/step
on time step 52285 (time=2178.54), 0.0387022 s/step
on time step 52389 (time=2182.88), 0.0387351 s/step
on time step 52492 (time=2187.17), 0.0391434 s/step
on time step 52594 (time=2191.42), 0.0392933 s/step
on time step 52698 (time=2195.75), 0.0387433 s/step
on time step 52802 (time=2200.08), 0.0388095 s/step
on time step 52906 (time=2204.42), 0.0387057 s/step
on time step 53010 (time=2208.75), 0.0387337 s/step
on time step 53114 (time=2213.08), 0.0386923 s/step
on time step 53218 (time=2217.42), 0.0388599 s/step
on time step 53321 (time=2221.71), 0.0389127 s/step
on time step 53424 (time=2226), 0.0389961 s/step
on time step 53527 (time=2230.29), 0.0388963 s/step
on time step 53630 (time=2234.58), 0.038841 s/step
on time step 53733 (time=2238.88), 0.0388487 s/step
on time step 53837 (time=2243.21), 0.0386797 s/step
on time step 53941 (time=2247.54), 0.0387454 s/step
on time step 54043 (time=2251.79), 0.0393832 s/step
on time step 54146 (time=2256.08), 0.0391797 s/step
on time step 54250 (time=2260.42), 0.038766 s/step
on time step 54354 (time=2264.75), 0.0387753 s/step
on time step 54458 (time=2269.08), 0.0387265 s/step
on time step 54562 (time=2273.42), 0.03871 s/step
on time step 54666 (time=2277.75), 0.0386884 s/step
on time step 54769 (time=2282.04), 0.0389205 s/step
on time step 54872 (time=2286.33), 0.038973 s/step
on time step 54975 (time=2290.62), 0.038919 s/step
on time step 55078 (time=2294.92), 0.0388794 s/step
on time step 55181 (time=2299.21), 0.0388486 s/step
on time step 55285 (time=2303.54), 0.0386774 s/step
on time step 55389 (time=2307.88), 0.0387323 s/step
on time step 55493 (time=2312.21), 0.0388688 s/step
on time step 55596 (time=2316.5), 0.039196 s/step
on time step 55699 (time=2320.79), 0.0391379 s/step
on time step 55803 (time=2325.12), 0.0387308 s/step
on time step 55906 (time=2329.42), 0.0389061 s/step
on time step 56010 (time=2333.75), 0.0386742 s/step
on time step 56114 (time=2338.08), 0.0387239 s/step
on time step 56218 (time=2342.42), 0.038646 s/step
on time step 56321 (time=2346.71), 0.0389812 s/step
on time step 56424 (time=2351), 0.0388761 s/step
on time step 56526 (time=2355.25), 0.0393591 s/step
on time step 56629 (time=2359.54), 0.0389603 s/step
on time step 56733 (time=2363.88), 0.0387976 s/step
on time step 56837 (time=2368.21), 0.038668 s/step
on time step 56941 (time=2372.54), 0.0387258 s/step
on time step 57044 (time=2376.83), 0.0388765 s/step
on time step 57146 (time=2381.08), 0.0392406 s/step
on time step 57249 (time=2385.38), 0.0391235 s/step
on time step 57353 (time=2389.71), 0.0388131 s/step
on time step 57457 (time=2394.04), 0.0388129 s/step
on time step 57561 (time=2398.38), 0.038709 s/step
on time step 57665 (time=2402.71), 0.0386625 s/step
on time step 57769 (time=2407.04), 0.0387323 s/step
on time step 57872 (time=2411.33), 0.0389377 s/step
on time step 57975 (time=2415.62), 0.0389555 s/step
on time step 58078 (time=2419.92), 0.0389529 s/step
on time step 58181 (time=2424.21), 0.0388853 s/step
on time step 58285 (time=2428.54), 0.0387972 s/step
on time step 58389 (time=2432.88), 0.0386773 s/step
on time step 58493 (time=2437.21), 0.0387065 s/step
on time step 58597 (time=2441.54), 0.0387538 s/step
on time step 58699 (time=2445.79), 0.0393384 s/step
on time step 58802 (time=2450.08), 0.0391088 s/step
on time step 58906 (time=2454.42), 0.038723 s/step
on time step 59010 (time=2458.75), 0.0387807 s/step
on time step 59114 (time=2463.08), 0.0387258 s/step
on time step 59218 (time=2467.42), 0.0386904 s/step
on time step 59322 (time=2471.75), 0.0386763 s/step
on time step 59425 (time=2476.04), 0.0389207 s/step
on time step 59528 (time=2480.33), 0.039019 s/step
on time step 59631 (time=2484.62), 0.0389265 s/step
on time step 59734 (time=2488.92), 0.0390166 s/step
on time step 59838 (time=2493.25), 0.0387146 s/step
on time step 59942 (time=2497.58), 0.0386921 s/step
on time step 60046 (time=2501.92), 0.038694 s/step
on time step 60149 (time=2506.21), 0.0388847 s/step
on time step 60251 (time=2510.46), 0.0392696 s/step
on time step 60354 (time=2514.75), 0.0391616 s/step
on time step 60458 (time=2519.08), 0.0387352 s/step
on time step 60562 (time=2523.42), 0.038813 s/step
on time step 60666 (time=2527.75), 0.0387283 s/step
on time step 60770 (time=2532.08), 0.038687 s/step
on time step 60874 (time=2536.42), 0.0387228 s/step
on time step 60977 (time=2540.71), 0.0389072 s/step
on time step 61080 (time=2545), 0.0389102 s/step
on time step 61183 (time=2549.29), 0.0390329 s/step
on time step 61286 (time=2553.58), 0.0390225 s/step
on time step 61390 (time=2557.92), 0.0386875 s/step
on time step 61494 (time=2562.25), 0.0386882 s/step
on time step 61598 (time=2566.58), 0.0386779 s/step
on time step 61702 (time=2570.92), 0.0387425 s/step
on time step 61804 (time=2575.17), 0.03937 s/step
on time step 61907 (time=2579.46), 0.0390585 s/step
on time step 62011 (time=2583.79), 0.0387009 s/step
