Using MPI version 3.1, 72 processes
WD: data/2021-12-03/DebuggingTopsy/
AlreadyDir
-----------
Initializing structure...
Splitting into 72 chunks by voxels
time for choose_chunkdivision = 0.00861846 s
Working in 2D dimensions.
Computational cell is 1420 x 100 x 0 with resolution 12
     block, center = (0,0,0)
          size (1e+20,1e+20,1e+20)
          axes (1,0,0), (0,1,0), (0,0,1)
          dielectric constant epsilon diagonal = (1.99622,1.99622,1.99622)
     block, center = (0,-26.25,0)
          size (1e+20,62.5,1e+20)
          axes (1,0,0), (0,1,0), (0,0,1)
          dielectric constant epsilon diagonal = (2.0746,2.0746,2.0746)
     block, center = (0,0,0)
          size (1e+20,8.2,1e+20)
          axes (1,0,0), (0,1,0), (0,0,1)
          dielectric constant epsilon diagonal = (2.08903,2.08903,2.08903)
time for set_epsilon = 0.41148 s
-----------
MPB solved for frequency_1(0.4,0,0) = 0.277754 after 72 iters
MPB solved for frequency_1(0.931446,0,0) = 0.645152 after 29 iters
MPB solved for frequency_1(0.93146,0,0) = 0.645161 after 11 iters
MPB solved for frequency_1(0.93146,0,0) = 0.645161 after 1 iters
Meep: using output directory 'data/2021-12-03/DebuggingTopsy/'


Normalisation Run


on time step 1 (time=0.0416667), 4.8199 s/step
on time step 143 (time=5.95833), 0.0283269 s/step
on time step 288 (time=12), 0.0277304 s/step
on time step 430 (time=17.9167), 0.0281693 s/step
on time step 573 (time=23.875), 0.0280508 s/step
on time step 717 (time=29.875), 0.0278741 s/step
on time step 860 (time=35.8333), 0.0281061 s/step
Meep progress: 37.5/2052.394376321794 = 1.8% done in 30.0s, 1613.1s to go
on time step 1003 (time=41.7917), 0.0280415 s/step
on time step 1146 (time=47.75), 0.0280713 s/step
on time step 1291 (time=53.7917), 0.0277127 s/step
on time step 1436 (time=59.8333), 0.0277195 s/step
srun: Job step aborted: Waiting up to 62 seconds for job step to finish.
srun: got SIGCONT
slurmstepd: error: *** STEP 557631.0 ON topsy-cn-1-4 CANCELLED AT 2021-12-03T11:53:42 ***
slurmstepd: error: *** JOB 557631 ON topsy-cn-1-4 CANCELLED AT 2021-12-03T11:53:43 ***
srun: forcing job termination
srun: error: topsy-cn-1-5: tasks 20-27: Terminated
srun: error: topsy-cn-1-9: tasks 68-71: Terminated
srun: error: topsy-cn-1-7: tasks 28-47: Terminated
srun: error: topsy-cn-1-8: tasks 48-67: Terminated
srun: error: topsy-cn-1-4: tasks 0-19: Terminated
