Using MPI version 3.1, 32 processes
WD: data/2021-11-19/CoatedvsUncoated/
AlreadyDir
-----------
Initializing structure...
Splitting into 32 chunks by voxels
time for choose_chunkdivision = 0.00467371 s
Working in 2D dimensions.
Computational cell is 1710 x 100 x 0 with resolution 5
     block, center = (0,0,0)
          size (1e+20,1e+20,1e+20)
          axes (1,0,0), (0,1,0), (0,0,1)
          dielectric constant epsilon diagonal = (1.9881,1.9881,1.9881)
     block, center = (0,-26.25,0)
          size (1e+20,62.5,1e+20)
          axes (1,0,0), (0,1,0), (0,0,1)
          dielectric constant epsilon diagonal = (2.0736,2.0736,2.0736)
     block, center = (0,0,0)
          size (1e+20,8.2,1e+20)
          axes (1,0,0), (0,1,0), (0,0,1)
          dielectric constant epsilon diagonal = (2.08803,2.08803,2.08803)
time for set_epsilon = 0.642026 s
-----------
MPB solved for frequency_1(0.4,0,0) = 0.277852 after 53 iters
MPB solved for frequency_1(0.93122,0,0) = 0.645165 after 34 iters
MPB solved for frequency_1(0.931214,0,0) = 0.645161 after 6 iters
MPB solved for frequency_1(0.931214,0,0) = 0.645161 after 1 iters
Meep: using output directory 'data/2021-11-19/CoatedvsUncoated/'
Vector3<851.5, 0.0, 0.0>
on time step 152 (time=15.2), 0.0263323 s/step
on time step 391 (time=39.1), 0.0167697 s/step
on time step 628 (time=62.8), 0.0168836 s/step
on time step 866 (time=86.6), 0.0168942 s/step
on time step 1103 (time=110.3), 0.0168852 s/step
on time step 1341 (time=134.1), 0.0168387 s/step
on time step 1578 (time=157.8), 0.0168793 s/step
on time step 1813 (time=181.3), 0.0170242 s/step
on time step 2052 (time=205.2), 0.0167777 s/step
on time step 2292 (time=229.2), 0.0167326 s/step
on time step 2529 (time=252.9), 0.0169017 s/step
on time step 2766 (time=276.6), 0.0169238 s/step
on time step 2999 (time=299.9), 0.0171721 s/step
on time step 3237 (time=323.7), 0.0168543 s/step
on time step 3473 (time=347.3), 0.016954 s/step
on time step 3843 (time=384.3), 0.0108318 s/step
on time step 4223 (time=422.3), 0.0105328 s/step
on time step 4607 (time=460.7), 0.0104396 s/step
on time step 4987 (time=498.7), 0.0105515 s/step
on time step 5369 (time=536.9), 0.0104781 s/step
on time step 5745 (time=574.5), 0.0106401 s/step
on time step 6125 (time=612.5), 0.0105338 s/step
on time step 6510 (time=651), 0.0104098 s/step
on time step 6892 (time=689.2), 0.0104787 s/step
on time step 7276 (time=727.6), 0.0104246 s/step
on time step 7656 (time=765.6), 0.0105503 s/step
on time step 8038 (time=803.8), 0.0104915 s/step
on time step 8411 (time=841.1), 0.0107511 s/step
on time step 8790 (time=879), 0.0105548 s/step
on time step 9158 (time=915.8), 0.0108876 s/step
on time step 9540 (time=954), 0.0104844 s/step
on time step 9907 (time=990.7), 0.010925 s/step
on time step 10285 (time=1028.5), 0.010585 s/step
on time step 10654 (time=1065.4), 0.0108455 s/step
on time step 11024 (time=1102.4), 0.0108259 s/step
on time step 11394 (time=1139.4), 0.0108217 s/step
on time step 11762 (time=1176.2), 0.0108972 s/step
on time step 12131 (time=1213.1), 0.0108645 s/step
on time step 12495 (time=1249.5), 0.0109927 s/step
on time step 12865 (time=1286.5), 0.0108268 s/step
on time step 13223 (time=1322.3), 0.0111844 s/step
on time step 13591 (time=1359.1), 0.0108859 s/step
on time step 13944 (time=1394.4), 0.0113635 s/step
on time step 14290 (time=1429), 0.0115929 s/step
on time step 14603 (time=1460.3), 0.012808 s/step
on time step 14922 (time=1492.2), 0.0125694 s/step
on time step 15240 (time=1524), 0.0126107 s/step
on time step 15548 (time=1554.8), 0.0130104 s/step
on time step 15874 (time=1587.4), 0.0122807 s/step
on time step 16180 (time=1618), 0.0130788 s/step
on time step 16505 (time=1650.5), 0.0123301 s/step
on time step 16813 (time=1681.3), 0.0129955 s/step
on time step 17135 (time=1713.5), 0.0124526 s/step
on time step 17445 (time=1744.5), 0.0129311 s/step
on time step 17755 (time=1775.5), 0.0129254 s/step
on time step 18074 (time=1807.4), 0.0125669 s/step
on time step 18377 (time=1837.7), 0.0132102 s/step
on time step 18699 (time=1869.9), 0.0124476 s/step
on time step 19000 (time=1900), 0.0132891 s/step
on time step 19318 (time=1931.8), 0.0125947 s/step
on time step 19623 (time=1962.3), 0.0131283 s/step
on time step 19931 (time=1993.1), 0.0130192 s/step
run 0 finished at t = 2000.1000000000001 (20001 timesteps)
WD: data/2021-11-19/PDMSCoated/
AlreadyDir
-----------
Initializing structure...
Splitting into 32 chunks by voxels
time for choose_chunkdivision = 0.00465483 s
Working in 2D dimensions.
Computational cell is 1710 x 100 x 0 with resolution 5
     block, center = (0,0,0)
          size (1e+20,1e+20,1e+20)
          axes (1,0,0), (0,1,0), (0,0,1)
          dielectric constant epsilon diagonal = (1.9881,1.9881,1.9881)
     block, center = (0,-26.25,0)
          size (1e+20,62.5,1e+20)
          axes (1,0,0), (0,1,0), (0,0,1)
          dielectric constant epsilon diagonal = (2.0736,2.0736,2.0736)
     block, center = (0,0,0)
          size (1e+20,8.2,1e+20)
          axes (1,0,0), (0,1,0), (0,0,1)
          dielectric constant epsilon diagonal = (2.08803,2.08803,2.08803)
     block, center = (-500,-10.9,0)
          size (100,40,1e+20)
          axes (1,0,0), (0,1,0), (0,0,1)
          dielectric constant epsilon diagonal = (1.9881,1.9881,1.9881)
     block, center = (500,-10.9,0)
          size (100,40,1e+20)
          axes (1,0,0), (0,1,0), (0,0,1)
          dielectric constant epsilon diagonal = (1.9881,1.9881,1.9881)
time for set_epsilon = 0.616434 s
-----------
MPB solved for frequency_1(0.4,0,0) = 0.277852 after 53 iters
MPB solved for frequency_1(0.93122,0,0) = 0.645165 after 34 iters
MPB solved for frequency_1(0.931214,0,0) = 0.645161 after 6 iters
MPB solved for frequency_1(0.931214,0,0) = 0.645161 after 1 iters
Meep: using output directory 'data/2021-11-19/PDMSCoated/'
Actual Simtime: 3.3333333333333334e-09
creating output file "data/2021-11-19/PDMSCoated//RunBulkExperiment-eps-000000.00.h5"...
on time step 250 (time=25), 0.0160293 s/step
on time step 642 (time=64.2), 0.0102063 s/step
on time step 1040 (time=104), 0.0100573 s/step
on time step 1438 (time=143.8), 0.0100643 s/step
on time step 1837 (time=183.7), 0.0100382 s/step
on time step 2233 (time=223.3), 0.0101099 s/step
on time step 2628 (time=262.8), 0.0101442 s/step
on time step 3019 (time=301.9), 0.0102534 s/step
on time step 3411 (time=341.1), 0.0102084 s/step
on time step 3804 (time=380.4), 0.0102016 s/step
on time step 4186 (time=418.6), 0.0104822 s/step
on time step 4575 (time=457.5), 0.0103044 s/step
on time step 4957 (time=495.7), 0.0104738 s/step
on time step 5342 (time=534.2), 0.0103925 s/step
on time step 5719 (time=571.9), 0.0106277 s/step
on time step 6107 (time=610.7), 0.0103102 s/step
on time step 6488 (time=648.8), 0.0105214 s/step
on time step 6870 (time=687), 0.0104911 s/step
on time step 7252 (time=725.2), 0.0104903 s/step
on time step 7633 (time=763.3), 0.0105133 s/step
on time step 8016 (time=801.6), 0.0104471 s/step
on time step 8390 (time=839), 0.010696 s/step
on time step 8771 (time=877.1), 0.0105045 s/step
on time step 9139 (time=913.9), 0.0108833 s/step
on time step 9521 (time=952.1), 0.0104882 s/step
on time step 9882 (time=988.2), 0.0110845 s/step
on time step 10264 (time=1026.4), 0.0104866 s/step
on time step 10631 (time=1063.1), 0.0109204 s/step
on time step 11007 (time=1100.7), 0.0106431 s/step
on time step 11375 (time=1137.5), 0.0108848 s/step
on time step 11746 (time=1174.6), 0.0107957 s/step
on time step 12111 (time=1211.1), 0.010961 s/step
on time step 12479 (time=1247.9), 0.0108988 s/step
on time step 12850 (time=1285), 0.0108075 s/step
on time step 13212 (time=1321.2), 0.01105 s/step
on time step 13582 (time=1358.2), 0.0108276 s/step
on time step 13937 (time=1393.7), 0.0112709 s/step
on time step 14288 (time=1428.8), 0.011413 s/step
on time step 14603 (time=1460.3), 0.0127063 s/step
on time step 14924 (time=1492.4), 0.0124756 s/step
on time step 15240 (time=1524), 0.0126662 s/step
on time step 15549 (time=1554.9), 0.0129628 s/step
on time step 15877 (time=1587.7), 0.0122032 s/step
on time step 16186 (time=1618.6), 0.0129489 s/step
on time step 16511 (time=1651.1), 0.0123104 s/step
on time step 16820 (time=1682), 0.0129797 s/step
on time step 17139 (time=1713.9), 0.012561 s/step
on time step 17449 (time=1744.9), 0.012933 s/step
on time step 17762 (time=1776.2), 0.0128114 s/step
on time step 18079 (time=1807.9), 0.0126345 s/step
on time step 18384 (time=1838.4), 0.0131475 s/step
on time step 18705 (time=1870.5), 0.0124953 s/step
on time step 19010 (time=1901), 0.0131361 s/step
on time step 19328 (time=1932.8), 0.0125899 s/step
on time step 19633 (time=1963.3), 0.0131266 s/step
on time step 19940 (time=1994), 0.0130311 s/step
field decay(t = 2000.1000000000001): 0.4245168172890421 / 0.4245168172890421 = 1.0
on time step 20251 (time=2025.1), 0.0128999 s/step
on time step 20552 (time=2055.2), 0.0133265 s/step
on time step 20868 (time=2086.8), 0.0126615 s/step
on time step 21165 (time=2116.5), 0.0134757 s/step
on time step 21304 (time=2130.4), 0.0289557 s/step
on time step 21560 (time=2156), 0.0156566 s/step
on time step 21958 (time=2195.8), 0.0100541 s/step
on time step 22357 (time=2235.7), 0.0100435 s/step
on time step 22757 (time=2275.7), 0.0100008 s/step
on time step 23156 (time=2315.6), 0.0100416 s/step
on time step 23555 (time=2355.5), 0.0100304 s/step
on time step 23954 (time=2395.4), 0.0100271 s/step
on time step 24353 (time=2435.3), 0.010035 s/step
on time step 24752 (time=2475.2), 0.0100339 s/step
on time step 25144 (time=2514.4), 0.0102071 s/step
on time step 25543 (time=2554.3), 0.0100254 s/step
on time step 25942 (time=2594.2), 0.010027 s/step
on time step 26342 (time=2634.2), 0.0100171 s/step
on time step 26742 (time=2674.2), 0.0100211 s/step
on time step 27142 (time=2714.2), 0.010018 s/step
on time step 27536 (time=2753.6), 0.0101638 s/step
on time step 27935 (time=2793.5), 0.0100357 s/step
on time step 28334 (time=2833.4), 0.0100279 s/step
on time step 28735 (time=2873.5), 0.00999379 s/step
on time step 29135 (time=2913.5), 0.0100218 s/step
on time step 29534 (time=2953.4), 0.0100272 s/step
on time step 29933 (time=2993.3), 0.0100302 s/step
on time step 30332 (time=3033.2), 0.0100309 s/step
on time step 30731 (time=3073.1), 0.0100303 s/step
on time step 31124 (time=3112.4), 0.0101874 s/step
on time step 31524 (time=3152.4), 0.0100204 s/step
on time step 31923 (time=3192.3), 0.0100325 s/step
on time step 32322 (time=3232.2), 0.0100271 s/step
on time step 32722 (time=3272.2), 0.0100227 s/step
on time step 33122 (time=3312.2), 0.0100243 s/step
on time step 33516 (time=3351.6), 0.0101565 s/step
on time step 33915 (time=3391.5), 0.0100432 s/step
on time step 34315 (time=3431.5), 0.0100245 s/step
on time step 34716 (time=3471.6), 0.00999576 s/step
on time step 35115 (time=3511.5), 0.0100302 s/step
on time step 35515 (time=3551.5), 0.0100224 s/step
on time step 35914 (time=3591.4), 0.0100285 s/step
on time step 36313 (time=3631.3), 0.0100277 s/step
on time step 36712 (time=3671.2), 0.0100308 s/step
on time step 37105 (time=3710.5), 0.0101859 s/step
on time step 37505 (time=3750.5), 0.0100195 s/step
on time step 37904 (time=3790.4), 0.0100272 s/step
on time step 38303 (time=3830.3), 0.0100343 s/step
on time step 38702 (time=3870.2), 0.0100354 s/step
on time step 39101 (time=3910.1), 0.0100306 s/step
on time step 39495 (time=3949.5), 0.0101626 s/step
on time step 39894 (time=3989.4), 0.0100403 s/step
field decay(t = 4000.1000000000004): 0.07239858771761196 / 0.4245168172890421 = 0.1705435091593031
on time step 40293 (time=4029.3), 0.0100295 s/step
on time step 40694 (time=4069.4), 0.00999287 s/step
on time step 41093 (time=4109.3), 0.0100382 s/step
on time step 41492 (time=4149.2), 0.0100258 s/step
on time step 41891 (time=4189.1), 0.0100278 s/step
on time step 42290 (time=4229), 0.0100368 s/step
on time step 42689 (time=4268.9), 0.0100255 s/step
on time step 43082 (time=4308.2), 0.0101913 s/step
on time step 43481 (time=4348.1), 0.0100343 s/step
on time step 43880 (time=4388), 0.0100296 s/step
on time step 44279 (time=4427.9), 0.0100299 s/step
on time step 44678 (time=4467.8), 0.0100258 s/step
on time step 45078 (time=4507.8), 0.0100242 s/step
on time step 45472 (time=4547.2), 0.0101687 s/step
on time step 45871 (time=4587.1), 0.0100403 s/step
on time step 46270 (time=4627), 0.0100301 s/step
on time step 46671 (time=4667.1), 0.00999167 s/step
on time step 47070 (time=4707), 0.0100382 s/step
on time step 47469 (time=4746.9), 0.0100265 s/step
on time step 47868 (time=4786.8), 0.0100272 s/step
on time step 48267 (time=4826.7), 0.0100366 s/step
on time step 48666 (time=4866.6), 0.0100345 s/step
on time step 49059 (time=4905.9), 0.0102008 s/step
on time step 49459 (time=4945.9), 0.0100194 s/step
on time step 49858 (time=4985.8), 0.0100255 s/step
on time step 50257 (time=5025.7), 0.0100272 s/step
on time step 50656 (time=5065.6), 0.0100346 s/step
on time step 51055 (time=5105.5), 0.0100338 s/step
on time step 51449 (time=5144.9), 0.0101683 s/step
on time step 51848 (time=5184.8), 0.0100441 s/step
on time step 52248 (time=5224.8), 0.0100221 s/step
on time step 52649 (time=5264.9), 0.00999751 s/step
on time step 53048 (time=5304.8), 0.0100406 s/step
on time step 53447 (time=5344.7), 0.0100288 s/step
on time step 53846 (time=5384.6), 0.0100321 s/step
on time step 54245 (time=5424.5), 0.010037 s/step
on time step 54644 (time=5464.4), 0.0100431 s/step
on time step 55036 (time=5503.6), 0.0102063 s/step
on time step 55435 (time=5543.5), 0.0100322 s/step
on time step 55834 (time=5583.4), 0.0100311 s/step
on time step 56233 (time=5623.3), 0.01003 s/step
on time step 56632 (time=5663.2), 0.0100344 s/step
on time step 57031 (time=5703.1), 0.0100285 s/step
on time step 57425 (time=5742.5), 0.0101716 s/step
on time step 57824 (time=5782.4), 0.0100487 s/step
on time step 58223 (time=5822.3), 0.0100278 s/step
on time step 58624 (time=5862.4), 0.0099976 s/step
on time step 59023 (time=5902.3), 0.0100369 s/step
on time step 59422 (time=5942.2), 0.0100326 s/step
on time step 59821 (time=5982.1), 0.0100254 s/step
Traceback (most recent call last):
  File "/share/nobackup/b5025250/MEEP_Models/SidePolishedFabryPerot/TransmissionAndReflectanceModel/RunBulkExperiment.py", line 48, in <module>
    Model.AutoRun()
  File "/share/nobackup/b5025250/MEEP_Models/SidePolishedFabryPerot/TransmissionAndReflectanceModel/Model.py", line 308, in AutoRun
    Rs = np.append(Rs,-refl_flux[i]/self.norm_tran[i])
ZeroDivisionError: float division by zero
Traceback (most recent call last):
  File "/share/nobackup/b5025250/MEEP_Models/SidePolishedFabryPerot/TransmissionAndReflectanceModel/RunBulkExperiment.py", line 48, in <module>
    Model.AutoRun()
  File "/share/nobackup/b5025250/MEEP_Models/SidePolishedFabryPerot/TransmissionAndReflectanceModel/Model.py", line 308, in AutoRun
    Rs = np.append(Rs,-refl_flux[i]/self.norm_tran[i])
ZeroDivisionError: float division by zero
Traceback (most recent call last):
  File "/share/nobackup/b5025250/MEEP_Models/SidePolishedFabryPerot/TransmissionAndReflectanceModel/RunBulkExperiment.py", line 48, in <module>
    Model.AutoRun()
  File "/share/nobackup/b5025250/MEEP_Models/SidePolishedFabryPerot/TransmissionAndReflectanceModel/Model.py", line 308, in AutoRun
    Rs = np.append(Rs,-refl_flux[i]/self.norm_tran[i])
ZeroDivisionError: float division by zero
Traceback (most recent call last):
  File "/share/nobackup/b5025250/MEEP_Models/SidePolishedFabryPerot/TransmissionAndReflectanceModel/RunBulkExperiment.py", line 48, in <module>
    Model.AutoRun()
  File "/share/nobackup/b5025250/MEEP_Models/SidePolishedFabryPerot/TransmissionAndReflectanceModel/Model.py", line 308, in AutoRun
    Rs = np.append(Rs,-refl_flux[i]/self.norm_tran[i])
ZeroDivisionError: float division by zero
Traceback (most recent call last):
  File "/share/nobackup/b5025250/MEEP_Models/SidePolishedFabryPerot/TransmissionAndReflectanceModel/RunBulkExperiment.py", line 48, in <module>
    Model.AutoRun()
  File "/share/nobackup/b5025250/MEEP_Models/SidePolishedFabryPerot/TransmissionAndReflectanceModel/Model.py", line 308, in AutoRun
    Rs = np.append(Rs,-refl_flux[i]/self.norm_tran[i])
ZeroDivisionError: float division by zero
Traceback (most recent call last):
  File "/share/nobackup/b5025250/MEEP_Models/SidePolishedFabryPerot/TransmissionAndReflectanceModel/RunBulkExperiment.py", line 48, in <module>
    Model.AutoRun()
  File "/share/nobackup/b5025250/MEEP_Models/SidePolishedFabryPerot/TransmissionAndReflectanceModel/Model.py", line 308, in AutoRun
    Rs = np.append(Rs,-refl_flux[i]/self.norm_tran[i])
ZeroDivisionError: float division by zero
Traceback (most recent call last):
  File "/share/nobackup/b5025250/MEEP_Models/SidePolishedFabryPerot/TransmissionAndReflectanceModel/RunBulkExperiment.py", line 48, in <module>
    Model.AutoRun()
  File "/share/nobackup/b5025250/MEEP_Models/SidePolishedFabryPerot/TransmissionAndReflectanceModel/Model.py", line 308, in AutoRun
    Rs = np.append(Rs,-refl_flux[i]/self.norm_tran[i])
ZeroDivisionError: float division by zero
Traceback (most recent call last):
  File "/share/nobackup/b5025250/MEEP_Models/SidePolishedFabryPerot/TransmissionAndReflectanceModel/RunBulkExperiment.py", line 48, in <module>
    Model.AutoRun()
  File "/share/nobackup/b5025250/MEEP_Models/SidePolishedFabryPerot/TransmissionAndReflectanceModel/Model.py", line 308, in AutoRun
    Rs = np.append(Rs,-refl_flux[i]/self.norm_tran[i])
ZeroDivisionError: float division by zero
field decay(t = 6000.200000000001): 1.2610362726702848e-08 / 0.4245168172890421 = 2.97052135819552e-08
run 0 finished at t = 6000.200000000001 (60002 timesteps)
Traceback (most recent call last):
  File "/share/nobackup/b5025250/MEEP_Models/SidePolishedFabryPerot/TransmissionAndReflectanceModel/RunBulkExperiment.py", line 48, in <module>
    Model.AutoRun()
  File "/share/nobackup/b5025250/MEEP_Models/SidePolishedFabryPerot/TransmissionAndReflectanceModel/Model.py", line 308, in AutoRun
    Rs = np.append(Rs,-refl_flux[i]/self.norm_tran[i])
ZeroDivisionError: float division by zero

Elapsed run time = 892.6920 s
Traceback (most recent call last):
  File "/share/nobackup/b5025250/MEEP_Models/SidePolishedFabryPerot/TransmissionAndReflectanceModel/RunBulkExperiment.py", line 48, in <module>
    Model.AutoRun()
  File "/share/nobackup/b5025250/MEEP_Models/SidePolishedFabryPerot/TransmissionAndReflectanceModel/Model.py", line 308, in AutoRun
    Rs = np.append(Rs,-refl_flux[i]/self.norm_tran[i])
ZeroDivisionError: float division by zero
Traceback (most recent call last):
  File "/share/nobackup/b5025250/MEEP_Models/SidePolishedFabryPerot/TransmissionAndReflectanceModel/RunBulkExperiment.py", line 48, in <module>
    Model.AutoRun()
  File "/share/nobackup/b5025250/MEEP_Models/SidePolishedFabryPerot/TransmissionAndReflectanceModel/Model.py", line 308, in AutoRun
    Rs = np.append(Rs,-refl_flux[i]/self.norm_tran[i])
ZeroDivisionError: float division by zero
Traceback (most recent call last):
  File "/share/nobackup/b5025250/MEEP_Models/SidePolishedFabryPerot/TransmissionAndReflectanceModel/RunBulkExperiment.py", line 48, in <module>
    Model.AutoRun()
  File "/share/nobackup/b5025250/MEEP_Models/SidePolishedFabryPerot/TransmissionAndReflectanceModel/Model.py", line 308, in AutoRun
    Rs = np.append(Rs,-refl_flux[i]/self.norm_tran[i])
ZeroDivisionError: float division by zero
Traceback (most recent call last):
  File "/share/nobackup/b5025250/MEEP_Models/SidePolishedFabryPerot/TransmissionAndReflectanceModel/RunBulkExperiment.py", line 48, in <module>
    Model.AutoRun()
  File "/share/nobackup/b5025250/MEEP_Models/SidePolishedFabryPerot/TransmissionAndReflectanceModel/Model.py", line 308, in AutoRun
    Rs = np.append(Rs,-refl_flux[i]/self.norm_tran[i])
ZeroDivisionError: float division by zero
Traceback (most recent call last):
  File "/share/nobackup/b5025250/MEEP_Models/SidePolishedFabryPerot/TransmissionAndReflectanceModel/RunBulkExperiment.py", line 48, in <module>
    Model.AutoRun()
  File "/share/nobackup/b5025250/MEEP_Models/SidePolishedFabryPerot/TransmissionAndReflectanceModel/Model.py", line 308, in AutoRun
    Rs = np.append(Rs,-refl_flux[i]/self.norm_tran[i])
ZeroDivisionError: float division by zero
Traceback (most recent call last):
  File "/share/nobackup/b5025250/MEEP_Models/SidePolishedFabryPerot/TransmissionAndReflectanceModel/RunBulkExperiment.py", line 48, in <module>
    Model.AutoRun()
  File "/share/nobackup/b5025250/MEEP_Models/SidePolishedFabryPerot/TransmissionAndReflectanceModel/Model.py", line 308, in AutoRun
    Rs = np.append(Rs,-refl_flux[i]/self.norm_tran[i])
ZeroDivisionError: float division by zero
Traceback (most recent call last):
  File "/share/nobackup/b5025250/MEEP_Models/SidePolishedFabryPerot/TransmissionAndReflectanceModel/RunBulkExperiment.py", line 48, in <module>
    Model.AutoRun()
  File "/share/nobackup/b5025250/MEEP_Models/SidePolishedFabryPerot/TransmissionAndReflectanceModel/Model.py", line 308, in AutoRun
    Rs = np.append(Rs,-refl_flux[i]/self.norm_tran[i])
ZeroDivisionError: float division by zero
Traceback (most recent call last):
  File "/share/nobackup/b5025250/MEEP_Models/SidePolishedFabryPerot/TransmissionAndReflectanceModel/RunBulkExperiment.py", line 48, in <module>
    Model.AutoRun()
  File "/share/nobackup/b5025250/MEEP_Models/SidePolishedFabryPerot/TransmissionAndReflectanceModel/Model.py", line 308, in AutoRun
    Rs = np.append(Rs,-refl_flux[i]/self.norm_tran[i])
ZeroDivisionError: float division by zero
Traceback (most recent call last):
  File "/share/nobackup/b5025250/MEEP_Models/SidePolishedFabryPerot/TransmissionAndReflectanceModel/RunBulkExperiment.py", line 48, in <module>
    Model.AutoRun()
  File "/share/nobackup/b5025250/MEEP_Models/SidePolishedFabryPerot/TransmissionAndReflectanceModel/Model.py", line 308, in AutoRun
    Rs = np.append(Rs,-refl_flux[i]/self.norm_tran[i])
ZeroDivisionError: float division by zero
Traceback (most recent call last):
  File "/share/nobackup/b5025250/MEEP_Models/SidePolishedFabryPerot/TransmissionAndReflectanceModel/RunBulkExperiment.py", line 48, in <module>
    Model.AutoRun()
  File "/share/nobackup/b5025250/MEEP_Models/SidePolishedFabryPerot/TransmissionAndReflectanceModel/Model.py", line 308, in AutoRun
    Rs = np.append(Rs,-refl_flux[i]/self.norm_tran[i])
ZeroDivisionError: float division by zero
Traceback (most recent call last):
  File "/share/nobackup/b5025250/MEEP_Models/SidePolishedFabryPerot/TransmissionAndReflectanceModel/RunBulkExperiment.py", line 48, in <module>
    Model.AutoRun()
  File "/share/nobackup/b5025250/MEEP_Models/SidePolishedFabryPerot/TransmissionAndReflectanceModel/Model.py", line 308, in AutoRun
    Rs = np.append(Rs,-refl_flux[i]/self.norm_tran[i])
ZeroDivisionError: float division by zero
Traceback (most recent call last):
  File "/share/nobackup/b5025250/MEEP_Models/SidePolishedFabryPerot/TransmissionAndReflectanceModel/RunBulkExperiment.py", line 48, in <module>
    Model.AutoRun()
  File "/share/nobackup/b5025250/MEEP_Models/SidePolishedFabryPerot/TransmissionAndReflectanceModel/Model.py", line 308, in AutoRun
    Rs = np.append(Rs,-refl_flux[i]/self.norm_tran[i])
ZeroDivisionError: float division by zero
Traceback (most recent call last):
  File "/share/nobackup/b5025250/MEEP_Models/SidePolishedFabryPerot/TransmissionAndReflectanceModel/RunBulkExperiment.py", line 48, in <module>
    Model.AutoRun()
  File "/share/nobackup/b5025250/MEEP_Models/SidePolishedFabryPerot/TransmissionAndReflectanceModel/Model.py", line 308, in AutoRun
    Rs = np.append(Rs,-refl_flux[i]/self.norm_tran[i])
ZeroDivisionError: float division by zero
Traceback (most recent call last):
  File "/share/nobackup/b5025250/MEEP_Models/SidePolishedFabryPerot/TransmissionAndReflectanceModel/RunBulkExperiment.py", line 48, in <module>
    Model.AutoRun()
  File "/share/nobackup/b5025250/MEEP_Models/SidePolishedFabryPerot/TransmissionAndReflectanceModel/Model.py", line 308, in AutoRun
    Rs = np.append(Rs,-refl_flux[i]/self.norm_tran[i])
ZeroDivisionError: float division by zero
Traceback (most recent call last):
  File "/share/nobackup/b5025250/MEEP_Models/SidePolishedFabryPerot/TransmissionAndReflectanceModel/RunBulkExperiment.py", line 48, in <module>
    Model.AutoRun()
  File "/share/nobackup/b5025250/MEEP_Models/SidePolishedFabryPerot/TransmissionAndReflectanceModel/Model.py", line 308, in AutoRun
    Rs = np.append(Rs,-refl_flux[i]/self.norm_tran[i])
ZeroDivisionError: float division by zero
Traceback (most recent call last):
  File "/share/nobackup/b5025250/MEEP_Models/SidePolishedFabryPerot/TransmissionAndReflectanceModel/RunBulkExperiment.py", line 48, in <module>
    Model.AutoRun()
  File "/share/nobackup/b5025250/MEEP_Models/SidePolishedFabryPerot/TransmissionAndReflectanceModel/Model.py", line 308, in AutoRun
    Rs = np.append(Rs,-refl_flux[i]/self.norm_tran[i])
ZeroDivisionError: float division by zero
Traceback (most recent call last):
  File "/share/nobackup/b5025250/MEEP_Models/SidePolishedFabryPerot/TransmissionAndReflectanceModel/RunBulkExperiment.py", line 48, in <module>
    Model.AutoRun()
  File "/share/nobackup/b5025250/MEEP_Models/SidePolishedFabryPerot/TransmissionAndReflectanceModel/Model.py", line 308, in AutoRun
    Rs = np.append(Rs,-refl_flux[i]/self.norm_tran[i])
ZeroDivisionError: float division by zero
Traceback (most recent call last):
  File "/share/nobackup/b5025250/MEEP_Models/SidePolishedFabryPerot/TransmissionAndReflectanceModel/RunBulkExperiment.py", line 48, in <module>
    Model.AutoRun()
  File "/share/nobackup/b5025250/MEEP_Models/SidePolishedFabryPerot/TransmissionAndReflectanceModel/Model.py", line 308, in AutoRun
    Rs = np.append(Rs,-refl_flux[i]/self.norm_tran[i])
ZeroDivisionError: float division by zero
Traceback (most recent call last):
  File "/share/nobackup/b5025250/MEEP_Models/SidePolishedFabryPerot/TransmissionAndReflectanceModel/RunBulkExperiment.py", line 48, in <module>
    Model.AutoRun()
  File "/share/nobackup/b5025250/MEEP_Models/SidePolishedFabryPerot/TransmissionAndReflectanceModel/Model.py", line 308, in AutoRun
    Rs = np.append(Rs,-refl_flux[i]/self.norm_tran[i])
ZeroDivisionError: float division by zero
Traceback (most recent call last):
  File "/share/nobackup/b5025250/MEEP_Models/SidePolishedFabryPerot/TransmissionAndReflectanceModel/RunBulkExperiment.py", line 48, in <module>
    Model.AutoRun()
  File "/share/nobackup/b5025250/MEEP_Models/SidePolishedFabryPerot/TransmissionAndReflectanceModel/Model.py", line 308, in AutoRun
    Rs = np.append(Rs,-refl_flux[i]/self.norm_tran[i])
ZeroDivisionError: float division by zero
Traceback (most recent call last):
  File "/share/nobackup/b5025250/MEEP_Models/SidePolishedFabryPerot/TransmissionAndReflectanceModel/RunBulkExperiment.py", line 48, in <module>
    Model.AutoRun()
  File "/share/nobackup/b5025250/MEEP_Models/SidePolishedFabryPerot/TransmissionAndReflectanceModel/Model.py", line 308, in AutoRun
    Rs = np.append(Rs,-refl_flux[i]/self.norm_tran[i])
ZeroDivisionError: float division by zero
Traceback (most recent call last):
  File "/share/nobackup/b5025250/MEEP_Models/SidePolishedFabryPerot/TransmissionAndReflectanceModel/RunBulkExperiment.py", line 48, in <module>
    Model.AutoRun()
  File "/share/nobackup/b5025250/MEEP_Models/SidePolishedFabryPerot/TransmissionAndReflectanceModel/Model.py", line 308, in AutoRun
    Rs = np.append(Rs,-refl_flux[i]/self.norm_tran[i])
ZeroDivisionError: float division by zero
Traceback (most recent call last):
  File "/share/nobackup/b5025250/MEEP_Models/SidePolishedFabryPerot/TransmissionAndReflectanceModel/RunBulkExperiment.py", line 48, in <module>
    Model.AutoRun()
  File "/share/nobackup/b5025250/MEEP_Models/SidePolishedFabryPerot/TransmissionAndReflectanceModel/Model.py", line 308, in AutoRun
    Rs = np.append(Rs,-refl_flux[i]/self.norm_tran[i])
ZeroDivisionError: float division by zero
srun: error: topsy-cn-2-22: tasks 10-14: Exited with exit code 1
srun: error: topsy-cn-2-23: tasks 15-31: Exited with exit code 1
srun: error: topsy-cn-2-21: tasks 0-9: Exited with exit code 1
