Using MPI version 3.1, 24 processes
WD: data/2021-12-10/300umFilledBubbleFullFibre/
AlreadyDir
-----------
Initializing structure...
Splitting into 24 chunks by voxels
time for choose_chunkdivision = 0.00391981 s
Working in 2D dimensions.
Computational cell is 820 x 80.5 x 0 with resolution 10
     block, center = (0,0,0)
          size (1e+20,1e+20,1e+20)
          axes (1,0,0), (0,1,0), (0,0,1)
          dielectric constant epsilon diagonal = (1.99622,1.99622,1.99622)
     block, center = (0,0,0)
          size (1e+20,62.5,1e+20)
          axes (1,0,0), (0,1,0), (0,0,1)
          dielectric constant epsilon diagonal = (2.0746,2.0746,2.0746)
     block, center = (0,0,0)
          size (1e+20,8.2,1e+20)
          axes (1,0,0), (0,1,0), (0,0,1)
          dielectric constant epsilon diagonal = (2.08903,2.08903,2.08903)
time for set_epsilon = 0.413521 s
-----------
MPB solved for frequency_1(0.4,0,0) = 0.277333 after 75 iters
MPB solved for frequency_1(0.931194,0,0) = 0.644871 after 63 iters
MPB solved for frequency_1(0.931613,0,0) = 0.645161 after 16 iters
MPB solved for frequency_1(0.931613,0,0) = 0.645161 after 1 iters
Meep: using output directory 'data/2021-12-10/300umFilledBubbleFullFibre/'


Normalisation Run


on time step 186 (time=9.3), 0.0215104 s/step
on time step 477 (time=23.85), 0.0137882 s/step
on time step 760 (time=38), 0.0141592 s/step
on time step 1048 (time=52.4), 0.0139295 s/step
on time step 1333 (time=66.65), 0.0140648 s/step
on time step 1598 (time=79.9), 0.0151436 s/step
on time step 1865 (time=93.25), 0.0150184 s/step
Meep progress: 99.55000000000001/1185.1854849182191 = 8.4% done in 30.0s, 327.2s to go
on time step 2120 (time=106), 0.0157308 s/step
on time step 2409 (time=120.45), 0.0138678 s/step
on time step 2687 (time=134.35), 0.0144159 s/step
on time step 2972 (time=148.6), 0.0140453 s/step
on time step 3258 (time=162.9), 0.0140136 s/step
on time step 3539 (time=176.95), 0.014268 s/step
on time step 3813 (time=190.65), 0.01466 s/step
Meep progress: 202.95000000000002/1185.1854849182191 = 17.1% done in 60.0s, 290.4s to go
on time step 4068 (time=203.4), 0.0157437 s/step
on time step 4313 (time=215.65), 0.0163523 s/step
on time step 4563 (time=228.15), 0.0160656 s/step
on time step 4832 (time=241.6), 0.0148853 s/step
on time step 5111 (time=255.55), 0.0143454 s/step
on time step 5391 (time=269.55), 0.0143008 s/step
on time step 5658 (time=282.9), 0.0150234 s/step
on time step 5933 (time=296.65), 0.0145868 s/step
Meep progress: 302.90000000000003/1185.1854849182191 = 25.6% done in 90.0s, 262.2s to go
on time step 6202 (time=310.1), 0.0148974 s/step
on time step 6483 (time=324.15), 0.0142739 s/step
on time step 6764 (time=338.2), 0.0142915 s/step
on time step 7049 (time=352.45), 0.0140535 s/step
on time step 7338 (time=366.9), 0.0138606 s/step
on time step 7628 (time=381.4), 0.0138153 s/step
on time step 7910 (time=395.5), 0.014206 s/step
Meep progress: 409.15000000000003/1185.1854849182191 = 34.5% done in 120.0s, 227.6s to go
on time step 8202 (time=410.1), 0.0137254 s/step
on time step 8487 (time=424.35), 0.0140758 s/step
on time step 8779 (time=438.95), 0.0137276 s/step
on time step 9071 (time=453.55), 0.0137344 s/step
on time step 9348 (time=467.4), 0.0144867 s/step
on time step 9616 (time=480.8), 0.0149403 s/step
on time step 9876 (time=493.8), 0.0154009 s/step
on time step 10161 (time=508.05), 0.0140988 s/step
Meep progress: 514.3000000000001/1185.1854849182191 = 43.4% done in 150.0s, 195.7s to go
on time step 10447 (time=522.35), 0.0139906 s/step
on time step 10743 (time=537.15), 0.0135416 s/step
on time step 11030 (time=551.5), 0.0139832 s/step
on time step 11323 (time=566.15), 0.0136752 s/step
on time step 11617 (time=580.85), 0.0136206 s/step
on time step 11904 (time=595.2), 0.0139666 s/step
on time step 12158 (time=607.9), 0.0157821 s/step
Meep progress: 619.75/1185.1854849182191 = 52.3% done in 180.0s, 164.3s to go
on time step 12420 (time=621), 0.0153168 s/step
on time step 12678 (time=633.9), 0.0155057 s/step
on time step 12970 (time=648.5), 0.0137291 s/step
on time step 13263 (time=663.15), 0.0137455 s/step
on time step 13559 (time=677.95), 0.0135483 s/step
on time step 13853 (time=692.65), 0.0136494 s/step
on time step 14137 (time=706.85), 0.0141265 s/step
on time step 14430 (time=721.5), 0.0136723 s/step
Meep progress: 727.25/1185.1854849182191 = 61.4% done in 210.0s, 132.3s to go
on time step 14693 (time=734.65), 0.0152784 s/step
on time step 14919 (time=745.95), 0.0177009 s/step
on time step 15141 (time=757.05), 0.0180509 s/step
on time step 15364 (time=768.2), 0.017993 s/step
on time step 15645 (time=782.25), 0.014288 s/step
on time step 15937 (time=796.85), 0.0137343 s/step
on time step 16221 (time=811.05), 0.0141064 s/step
Meep progress: 823.95/1185.1854849182191 = 69.5% done in 240.1s, 105.2s to go
on time step 16517 (time=825.85), 0.0135219 s/step
on time step 16802 (time=840.1), 0.0140573 s/step
on time step 17093 (time=854.65), 0.0137823 s/step
on time step 17371 (time=868.55), 0.0144195 s/step
on time step 17596 (time=879.8), 0.0178123 s/step
on time step 17814 (time=890.7), 0.0183508 s/step
on time step 18026 (time=901.3), 0.01887 s/step
on time step 18263 (time=913.15), 0.016901 s/step
Meep progress: 918.0500000000001/1185.1854849182191 = 77.5% done in 270.1s, 78.6s to go
on time step 18519 (time=925.95), 0.0156419 s/step
on time step 18779 (time=938.95), 0.0153974 s/step
on time step 19033 (time=951.65), 0.0157756 s/step
on time step 19291 (time=964.55), 0.0155357 s/step
on time step 19549 (time=977.45), 0.0155101 s/step
on time step 19686 (time=984.3), 0.0294274 s/step
on time step 19861 (time=993.05), 0.02295 s/step
Meep progress: 1000.35/1185.1854849182191 = 84.4% done in 300.1s, 55.4s to go
on time step 20034 (time=1001.7), 0.0232389 s/step
on time step 20282 (time=1014.1), 0.0161693 s/step
on time step 20577 (time=1028.85), 0.0135727 s/step
on time step 20871 (time=1043.55), 0.0136389 s/step
on time step 21171 (time=1058.55), 0.0133479 s/step
on time step 21467 (time=1073.35), 0.0135177 s/step
on time step 21757 (time=1087.85), 0.0138238 s/step
on time step 22054 (time=1102.7), 0.0134955 s/step
Meep progress: 1107.75/1185.1854849182191 = 93.5% done in 330.1s, 23.1s to go
on time step 22344 (time=1117.2), 0.0138006 s/step
on time step 22645 (time=1132.25), 0.0133278 s/step
on time step 22938 (time=1146.9), 0.0136534 s/step
on time step 23236 (time=1161.8), 0.0134271 s/step
on time step 23535 (time=1176.75), 0.013405 s/step
run 0 finished at t = 1185.2 (23704 timesteps)
field decay(t = 1185.2): 6.068711908500444e-15 / 6.068711908500444e-15 = 1.0
on time step 23813 (time=1190.65), 0.0144353 s/step
on time step 24061 (time=1203.05), 0.0161893 s/step
on time step 24320 (time=1216), 0.015471 s/step
on time step 24571 (time=1228.55), 0.015997 s/step
on time step 24825 (time=1241.25), 0.0157628 s/step
on time step 25078 (time=1253.9), 0.0158586 s/step
on time step 25337 (time=1266.85), 0.0154932 s/step
on time step 25593 (time=1279.65), 0.0156339 s/step
on time step 25843 (time=1292.15), 0.0160605 s/step
on time step 26099 (time=1304.95), 0.0156345 s/step
on time step 26350 (time=1317.5), 0.0159574 s/step
on time step 26609 (time=1330.45), 0.0154921 s/step
on time step 26862 (time=1343.1), 0.0158274 s/step
on time step 27118 (time=1355.9), 0.0156715 s/step
on time step 27374 (time=1368.7), 0.0156281 s/step
on time step 27628 (time=1381.4), 0.0158011 s/step
on time step 27877 (time=1393.85), 0.0160703 s/step
on time step 28136 (time=1406.8), 0.0155071 s/step
on time step 28388 (time=1419.4), 0.0158918 s/step
on time step 28643 (time=1432.15), 0.015687 s/step
on time step 28897 (time=1444.85), 0.0157942 s/step
on time step 29156 (time=1457.8), 0.0154716 s/step
on time step 29412 (time=1470.6), 0.0156401 s/step
on time step 29663 (time=1483.15), 0.015948 s/step
on time step 29920 (time=1496), 0.0156136 s/step
on time step 30174 (time=1508.7), 0.0158061 s/step
on time step 30432 (time=1521.6), 0.0155632 s/step
on time step 30684 (time=1534.2), 0.0159101 s/step
on time step 30937 (time=1546.85), 0.0158222 s/step
on time step 31191 (time=1559.55), 0.0157873 s/step
on time step 31442 (time=1572.1), 0.0159592 s/step
on time step 31691 (time=1584.55), 0.0161063 s/step
on time step 31946 (time=1597.3), 0.0157406 s/step
on time step 32198 (time=1609.9), 0.015908 s/step
on time step 32452 (time=1622.6), 0.0157719 s/step
on time step 32704 (time=1635.2), 0.0159217 s/step
on time step 32961 (time=1648.05), 0.0156054 s/step
on time step 33215 (time=1660.75), 0.0157716 s/step
on time step 33464 (time=1673.2), 0.0160865 s/step
field decay(t = 1685.25): 0.0055824505676403385 / 0.0055824505676403385 = 1.0
on time step 33719 (time=1685.95), 0.015702 s/step
on time step 33972 (time=1698.6), 0.0158642 s/step
on time step 34229 (time=1711.45), 0.0155715 s/step
on time step 34483 (time=1724.15), 0.0157834 s/step
on time step 34739 (time=1736.95), 0.0156569 s/step
on time step 34996 (time=1749.8), 0.0155751 s/step
on time step 35249 (time=1762.45), 0.0158686 s/step
on time step 35500 (time=1775), 0.0159663 s/step
on time step 35757 (time=1787.85), 0.0156119 s/step
on time step 36012 (time=1800.6), 0.0157272 s/step
on time step 36268 (time=1813.4), 0.0156472 s/step
on time step 36521 (time=1826.05), 0.0158272 s/step
on time step 36780 (time=1839), 0.0155019 s/step
on time step 37036 (time=1851.8), 0.0156725 s/step
on time step 37290 (time=1864.5), 0.0158012 s/step
on time step 37546 (time=1877.3), 0.0156672 s/step
on time step 37799 (time=1889.95), 0.0158343 s/step
on time step 38057 (time=1902.85), 0.0155382 s/step
on time step 38312 (time=1915.6), 0.0157166 s/step
on time step 38569 (time=1928.45), 0.0155999 s/step
on time step 38828 (time=1941.4), 0.0154893 s/step
on time step 39081 (time=1954.05), 0.0158653 s/step
on time step 39333 (time=1966.65), 0.0159098 s/step
on time step 39591 (time=1979.55), 0.0155588 s/step
on time step 39848 (time=1992.4), 0.01561 s/step
on time step 40105 (time=2005.25), 0.0155862 s/step
on time step 40360 (time=2018), 0.0157432 s/step
on time step 40619 (time=2030.95), 0.0154823 s/step
on time step 40876 (time=2043.8), 0.015615 s/step
on time step 41130 (time=2056.5), 0.0157485 s/step
on time step 41386 (time=2069.3), 0.0156443 s/step
on time step 41637 (time=2081.85), 0.0159695 s/step
on time step 41896 (time=2094.8), 0.0154894 s/step
on time step 42152 (time=2107.6), 0.0156404 s/step
on time step 42409 (time=2120.45), 0.0155826 s/step
on time step 42667 (time=2133.35), 0.015527 s/step
on time step 42920 (time=2146), 0.0158494 s/step
on time step 43173 (time=2158.65), 0.0158238 s/step
on time step 43431 (time=2171.55), 0.0155455 s/step
on time step 43687 (time=2184.35), 0.0156255 s/step
field decay(t = 2185.3): 0.01824962593736839 / 0.01824962593736839 = 1.0
on time step 43943 (time=2197.15), 0.015717 s/step
on time step 44199 (time=2209.95), 0.0156262 s/step
on time step 44458 (time=2222.9), 0.0154558 s/step
on time step 44714 (time=2235.7), 0.0156635 s/step
on time step 44969 (time=2248.45), 0.0156969 s/step
on time step 45226 (time=2261.3), 0.0156179 s/step
on time step 45479 (time=2273.95), 0.0158398 s/step
on time step 45738 (time=2286.9), 0.015487 s/step
on time step 45994 (time=2299.7), 0.0156377 s/step
on time step 46251 (time=2312.55), 0.015605 s/step
on time step 46509 (time=2325.45), 0.0155264 s/step
on time step 46763 (time=2338.15), 0.015785 s/step
on time step 47015 (time=2350.75), 0.0159092 s/step
on time step 47273 (time=2363.65), 0.0155609 s/step
on time step 47529 (time=2376.45), 0.0156588 s/step
on time step 47785 (time=2389.25), 0.0156581 s/step
on time step 48043 (time=2402.15), 0.0155515 s/step
on time step 48302 (time=2415.1), 0.0154653 s/step
on time step 48559 (time=2427.95), 0.0156054 s/step
on time step 48815 (time=2440.75), 0.0156512 s/step
on time step 49072 (time=2453.6), 0.0156134 s/step
on time step 49326 (time=2466.3), 0.0157559 s/step
on time step 49586 (time=2479.3), 0.0154403 s/step
on time step 49843 (time=2492.15), 0.0155787 s/step
on time step 50100 (time=2505), 0.0155844 s/step
on time step 50358 (time=2517.9), 0.0155457 s/step
on time step 50611 (time=2530.55), 0.0158542 s/step
on time step 50864 (time=2543.2), 0.015869 s/step
on time step 51121 (time=2556.05), 0.0156178 s/step
on time step 51378 (time=2568.9), 0.0155765 s/step
on time step 51635 (time=2581.75), 0.0156109 s/step
on time step 51891 (time=2594.55), 0.0156332 s/step
on time step 52150 (time=2607.5), 0.0154958 s/step
on time step 52408 (time=2620.4), 0.0155598 s/step
on time step 52664 (time=2633.2), 0.0156707 s/step
on time step 52922 (time=2646.1), 0.0155195 s/step
on time step 53178 (time=2658.9), 0.0156472 s/step
on time step 53437 (time=2671.85), 0.0154763 s/step
on time step 53688 (time=2684.4), 0.0159412 s/step
field decay(t = 2685.3500000000004): 3.590464603273229e-06 / 0.01824962593736839 = 0.00019674181901566015
on time step 53938 (time=2696.9), 0.016054 s/step
on time step 54190 (time=2709.5), 0.0158857 s/step
on time step 54438 (time=2721.9), 0.0162067 s/step
on time step 54687 (time=2734.35), 0.0161182 s/step
on time step 54939 (time=2746.95), 0.0159321 s/step
on time step 55190 (time=2759.5), 0.0159485 s/step
on time step 55440 (time=2772), 0.0160048 s/step
on time step 55691 (time=2784.55), 0.0159886 s/step
on time step 55944 (time=2797.2), 0.0158463 s/step
on time step 56195 (time=2809.75), 0.0159939 s/step
on time step 56444 (time=2822.2), 0.0161005 s/step
on time step 56697 (time=2834.85), 0.0158681 s/step
on time step 56946 (time=2847.3), 0.0160966 s/step
on time step 57198 (time=2859.9), 0.0159125 s/step
on time step 57450 (time=2872.5), 0.0159044 s/step
on time step 57700 (time=2885), 0.0160447 s/step
on time step 57955 (time=2897.75), 0.0157411 s/step
on time step 58202 (time=2910.1), 0.0162676 s/step
on time step 58453 (time=2922.65), 0.015937 s/step
on time step 58705 (time=2935.25), 0.0158999 s/step
on time step 58957 (time=2947.85), 0.0159299 s/step
on time step 59208 (time=2960.4), 0.0159893 s/step
on time step 59459 (time=2972.95), 0.0159837 s/step
on time step 59713 (time=2985.65), 0.0157798 s/step
on time step 59965 (time=2998.25), 0.0159063 s/step
on time step 60215 (time=3010.75), 0.0160548 s/step
on time step 60468 (time=3023.4), 0.0158105 s/step
on time step 60719 (time=3035.95), 0.0159799 s/step
on time step 60972 (time=3048.6), 0.0158704 s/step
on time step 61224 (time=3061.2), 0.0158906 s/step
on time step 61475 (time=3073.75), 0.0159718 s/step
on time step 61730 (time=3086.5), 0.015728 s/step
on time step 61977 (time=3098.85), 0.0162151 s/step
on time step 62229 (time=3111.45), 0.0159066 s/step
on time step 62481 (time=3124.05), 0.0159285 s/step
on time step 62735 (time=3136.75), 0.0158056 s/step
on time step 62988 (time=3149.4), 0.0158663 s/step
on time step 63239 (time=3161.95), 0.0159584 s/step
on time step 63494 (time=3174.7), 0.0157476 s/step
field decay(t = 3185.4): 1.473904360699673e-16 / 0.01824962593736839 = 8.076353815459142e-15
run 1 finished at t = 3185.4 (63708 timesteps)
WD: data/2021-12-10/300umFilledBubbleFullFibre/
AlreadyDir
-----------
Initializing structure...
Splitting into 24 chunks by voxels
time for choose_chunkdivision = 0.00391803 s
Working in 2D dimensions.
Computational cell is 820 x 80.5 x 0 with resolution 10
     block, center = (0,0,0)
          size (1e+20,1e+20,1e+20)
          axes (1,0,0), (0,1,0), (0,0,1)
          dielectric constant epsilon diagonal = (1.99622,1.99622,1.99622)
     block, center = (0,0,0)
          size (1e+20,62.5,1e+20)
          axes (1,0,0), (0,1,0), (0,0,1)
          dielectric constant epsilon diagonal = (2.0746,2.0746,2.0746)
     block, center = (0,0,0)
          size (1e+20,8.2,1e+20)
          axes (1,0,0), (0,1,0), (0,0,1)
          dielectric constant epsilon diagonal = (2.08903,2.08903,2.08903)
     block, center = (0,22.25,0)
          size (300,80.5,1e+20)
          axes (1,0,0), (0,1,0), (0,0,1)
          dielectric constant epsilon diagonal = (1.99622,1.99622,1.99622)
time for set_epsilon = 0.276064 s
-----------
MPB solved for frequency_1(0.4,0,0) = 0.277333 after 75 iters
MPB solved for frequency_1(0.931194,0,0) = 0.644871 after 63 iters
MPB solved for frequency_1(0.931613,0,0) = 0.645161 after 16 iters
MPB solved for frequency_1(0.931613,0,0) = 0.645161 after 1 iters
Meep: using output directory 'data/2021-12-10/300umFilledBubbleFullFibre/'


Actual Run


on time step 209 (time=10.45), 0.0191588 s/step
on time step 502 (time=25.1), 0.0136874 s/step
on time step 793 (time=39.65), 0.0137524 s/step
on time step 1082 (time=54.1), 0.0138585 s/step
on time step 1369 (time=68.45), 0.0139777 s/step
on time step 1647 (time=82.35), 0.0143961 s/step
on time step 1919 (time=95.95), 0.0147359 s/step
Meep progress: 102.2/1185.1854849182191 = 8.6% done in 30.0s, 318.0s to go
on time step 2186 (time=109.3), 0.0150067 s/step
on time step 2477 (time=123.85), 0.0137687 s/step
on time step 2761 (time=138.05), 0.0141048 s/step
on time step 3046 (time=152.3), 0.0140652 s/step
on time step 3328 (time=166.4), 0.0142382 s/step
on time step 3613 (time=180.65), 0.0140503 s/step
on time step 3891 (time=194.55), 0.0144349 s/step
Meep progress: 206.9/1185.1854849182191 = 17.5% done in 60.0s, 283.8s to go
on time step 4144 (time=207.2), 0.0158311 s/step
on time step 4398 (time=219.9), 0.0157525 s/step
on time step 4649 (time=232.45), 0.0159796 s/step
on time step 4929 (time=246.45), 0.0142986 s/step
on time step 5208 (time=260.4), 0.0143748 s/step
on time step 5484 (time=274.2), 0.0144991 s/step
on time step 5762 (time=288.1), 0.0144377 s/step
on time step 6038 (time=301.9), 0.0144974 s/step
Meep progress: 308.05/1185.1854849182191 = 26.0% done in 90.0s, 256.3s to go
on time step 6306 (time=315.3), 0.0149435 s/step
on time step 6591 (time=329.55), 0.0140615 s/step
on time step 6875 (time=343.75), 0.0141158 s/step
on time step 7159 (time=357.95), 0.0140898 s/step
on time step 7446 (time=372.3), 0.013942 s/step
on time step 7741 (time=387.05), 0.0135842 s/step
on time step 8036 (time=401.8), 0.0136019 s/step
Meep progress: 415.55/1185.1854849182191 = 35.1% done in 120.0s, 222.3s to go
on time step 8324 (time=416.2), 0.0139155 s/step
on time step 8618 (time=430.9), 0.0136341 s/step
on time step 8910 (time=445.5), 0.0137313 s/step
on time step 9197 (time=459.85), 0.0139463 s/step
on time step 9470 (time=473.5), 0.0147034 s/step
on time step 9740 (time=487), 0.0148636 s/step
on time step 10018 (time=500.9), 0.0144249 s/step
on time step 10311 (time=515.55), 0.0136823 s/step
Meep progress: 521.65/1185.1854849182191 = 44.0% done in 150.0s, 190.8s to go
on time step 10596 (time=529.8), 0.0140708 s/step
on time step 10890 (time=544.5), 0.0136194 s/step
on time step 11179 (time=558.95), 0.0138549 s/step
on time step 11471 (time=573.55), 0.0137095 s/step
on time step 11760 (time=588), 0.0138594 s/step
on time step 12000 (time=600), 0.0167136 s/step
on time step 12227 (time=611.35), 0.0176716 s/step
Meep progress: 621.6500000000001/1185.1854849182191 = 52.5% done in 180.0s, 163.2s to go
on time step 12450 (time=622.5), 0.017973 s/step
on time step 12679 (time=633.95), 0.0174957 s/step
on time step 12966 (time=648.3), 0.0139564 s/step
on time step 13257 (time=662.85), 0.0137512 s/step
on time step 13548 (time=677.4), 0.0137497 s/step
on time step 13838 (time=691.9), 0.0138395 s/step
on time step 14130 (time=706.5), 0.0137392 s/step
on time step 14421 (time=721.05), 0.0137766 s/step
Meep progress: 726.8000000000001/1185.1854849182191 = 61.3% done in 210.1s, 132.5s to go
on time step 14677 (time=733.85), 0.0156591 s/step
on time step 14905 (time=745.25), 0.0175826 s/step
on time step 15128 (time=756.4), 0.0179622 s/step
on time step 15354 (time=767.7), 0.0177207 s/step
on time step 15625 (time=781.25), 0.0147696 s/step
on time step 15917 (time=795.85), 0.0137086 s/step
on time step 16209 (time=810.45), 0.0137336 s/step
Meep progress: 823.3000000000001/1185.1854849182191 = 69.5% done in 240.1s, 105.5s to go
on time step 16495 (time=824.75), 0.0140011 s/step
on time step 16787 (time=839.35), 0.0137303 s/step
on time step 17075 (time=853.75), 0.013934 s/step
on time step 17359 (time=867.95), 0.014086 s/step
on time step 17583 (time=879.15), 0.0178625 s/step
on time step 17803 (time=890.15), 0.0182454 s/step
on time step 18024 (time=901.2), 0.0181727 s/step
on time step 18263 (time=913.15), 0.0167845 s/step
Meep progress: 918.1/1185.1854849182191 = 77.5% done in 270.1s, 78.6s to go
on time step 18522 (time=926.1), 0.0154553 s/step
on time step 18784 (time=939.2), 0.0152907 s/step
on time step 19042 (time=952.1), 0.0155447 s/step
on time step 19302 (time=965.1), 0.015403 s/step
on time step 19558 (time=977.9), 0.0156385 s/step
on time step 19680 (time=984), 0.0330341 s/step
on time step 19872 (time=993.6), 0.0209287 s/step
Meep progress: 1000.9000000000001/1185.1854849182191 = 84.5% done in 300.1s, 55.2s to go
on time step 20042 (time=1002.1), 0.0235316 s/step
on time step 20303 (time=1015.15), 0.0153543 s/step
on time step 20596 (time=1029.8), 0.0136722 s/step
on time step 20891 (time=1044.55), 0.0135764 s/step
on time step 21186 (time=1059.3), 0.0135689 s/step
on time step 21480 (time=1074), 0.0136225 s/step
on time step 21776 (time=1088.8), 0.0135225 s/step
on time step 22069 (time=1103.45), 0.013676 s/step
Meep progress: 1108.55/1185.1854849182191 = 93.5% done in 330.1s, 22.8s to go
on time step 22360 (time=1118), 0.0137701 s/step
on time step 22654 (time=1132.7), 0.0136184 s/step
on time step 22948 (time=1147.4), 0.0136081 s/step
on time step 23244 (time=1162.2), 0.0135286 s/step
on time step 23535 (time=1176.75), 0.0137555 s/step
run 0 finished at t = 1185.2 (23704 timesteps)
field decay(t = 1185.2): 0.14023526316509913 / 0.14023526316509913 = 1.0
on time step 23813 (time=1190.65), 0.0144063 s/step
on time step 24066 (time=1203.3), 0.0158619 s/step
on time step 24317 (time=1215.85), 0.0159505 s/step
on time step 24570 (time=1228.5), 0.015816 s/step
on time step 24821 (time=1241.05), 0.0159448 s/step
on time step 25073 (time=1253.65), 0.0159237 s/step
on time step 25325 (time=1266.25), 0.015898 s/step
on time step 25576 (time=1278.8), 0.0159694 s/step
on time step 25829 (time=1291.45), 0.0158526 s/step
on time step 26079 (time=1303.95), 0.0160032 s/step
on time step 26327 (time=1316.35), 0.0161381 s/step
on time step 26579 (time=1328.95), 0.015925 s/step
on time step 26830 (time=1341.5), 0.0159494 s/step
on time step 27082 (time=1354.1), 0.0159113 s/step
on time step 27331 (time=1366.55), 0.0160997 s/step
on time step 27585 (time=1379.25), 0.0157985 s/step
on time step 27836 (time=1391.8), 0.0159363 s/step
on time step 28087 (time=1404.35), 0.015966 s/step
on time step 28340 (time=1417), 0.0158281 s/step
on time step 28590 (time=1429.5), 0.0160051 s/step
on time step 28843 (time=1442.15), 0.0158708 s/step
on time step 29096 (time=1454.8), 0.0158471 s/step
on time step 29347 (time=1467.35), 0.0159798 s/step
on time step 29601 (time=1480.05), 0.0158053 s/step
field decay(t = 1485.25): 0.19974225659578687 / 0.19974225659578687 = 1.0
on time step 29851 (time=1492.55), 0.0160258 s/step
on time step 30099 (time=1504.95), 0.0161325 s/step
on time step 30351 (time=1517.55), 0.0158757 s/step
on time step 30603 (time=1530.15), 0.0158959 s/step
on time step 30856 (time=1542.8), 0.0158488 s/step
on time step 31106 (time=1555.3), 0.0160373 s/step
on time step 31360 (time=1568), 0.0157768 s/step
on time step 31613 (time=1580.65), 0.0158671 s/step
on time step 31864 (time=1593.2), 0.0159903 s/step
on time step 32117 (time=1605.85), 0.0158251 s/step
on time step 32368 (time=1618.4), 0.0159921 s/step
on time step 32621 (time=1631.05), 0.0158512 s/step
on time step 32875 (time=1643.75), 0.0158023 s/step
on time step 33127 (time=1656.35), 0.0159244 s/step
on time step 33381 (time=1669.05), 0.0157657 s/step
on time step 33632 (time=1681.6), 0.0159916 s/step
on time step 33882 (time=1694.1), 0.0160539 s/step
on time step 34134 (time=1706.7), 0.0158754 s/step
on time step 34387 (time=1719.35), 0.0158534 s/step
on time step 34638 (time=1731.9), 0.0159539 s/step
on time step 34889 (time=1744.45), 0.0159403 s/step
on time step 35144 (time=1757.2), 0.0157291 s/step
on time step 35397 (time=1769.85), 0.0158617 s/step
on time step 35647 (time=1782.35), 0.0160202 s/step
field decay(t = 1785.3000000000002): 0.0012479566786185174 / 0.19974225659578687 = 0.006247835084510807
on time step 35901 (time=1795.05), 0.0158066 s/step
on time step 36152 (time=1807.6), 0.0159623 s/step
on time step 36405 (time=1820.25), 0.015859 s/step
on time step 36658 (time=1832.9), 0.0158464 s/step
on time step 36910 (time=1845.5), 0.0158891 s/step
on time step 37164 (time=1858.2), 0.0157506 s/step
on time step 37414 (time=1870.7), 0.0160094 s/step
on time step 37664 (time=1883.2), 0.016028 s/step
on time step 37917 (time=1895.85), 0.0158219 s/step
on time step 38169 (time=1908.45), 0.0158857 s/step
on time step 38420 (time=1921), 0.0159771 s/step
on time step 38673 (time=1933.65), 0.015859 s/step
on time step 38927 (time=1946.35), 0.0157485 s/step
on time step 39180 (time=1959), 0.0158655 s/step
on time step 39432 (time=1971.6), 0.0159304 s/step
on time step 39686 (time=1984.3), 0.0157901 s/step
on time step 39938 (time=1996.9), 0.015909 s/step
on time step 40191 (time=2009.55), 0.0158239 s/step
on time step 40444 (time=2022.2), 0.0158252 s/step
on time step 40697 (time=2034.85), 0.0158641 s/step
on time step 40952 (time=2047.6), 0.015744 s/step
on time step 41203 (time=2060.15), 0.015982 s/step
on time step 41454 (time=2072.7), 0.0159658 s/step
field decay(t = 2085.35): 2.8928425411705773e-06 / 0.19974225659578687 = 1.4482877036003185e-05
on time step 41707 (time=2085.35), 0.0158141 s/step
on time step 41960 (time=2098), 0.0158419 s/step
on time step 42212 (time=2110.6), 0.0158859 s/step
on time step 42465 (time=2123.25), 0.0158709 s/step
on time step 42720 (time=2136), 0.015737 s/step
on time step 42974 (time=2148.7), 0.0157984 s/step
on time step 43227 (time=2161.35), 0.0158587 s/step
on time step 43482 (time=2174.1), 0.0157376 s/step
on time step 43735 (time=2186.75), 0.015857 s/step
on time step 43988 (time=2199.4), 0.0158603 s/step
on time step 44240 (time=2212), 0.0159229 s/step
on time step 44490 (time=2224.5), 0.0160046 s/step
on time step 44744 (time=2237.2), 0.0157647 s/step
on time step 44994 (time=2249.7), 0.0160626 s/step
on time step 45244 (time=2262.2), 0.0160406 s/step
on time step 45497 (time=2274.85), 0.015866 s/step
on time step 45750 (time=2287.5), 0.0158421 s/step
on time step 46001 (time=2300.05), 0.0159626 s/step
on time step 46253 (time=2312.65), 0.0159337 s/step
on time step 46506 (time=2325.3), 0.0158362 s/step
on time step 46759 (time=2337.95), 0.0158522 s/step
on time step 47010 (time=2350.5), 0.0159508 s/step
on time step 47264 (time=2363.2), 0.0157662 s/step
on time step 47517 (time=2375.85), 0.0158323 s/step
field decay(t = 2385.4): 5.363758321581192e-10 / 0.19974225659578687 = 2.685339803903231e-09
on time step 47771 (time=2388.55), 0.0158064 s/step
on time step 48024 (time=2401.2), 0.0158371 s/step
on time step 48276 (time=2413.8), 0.0159006 s/step
on time step 48531 (time=2426.55), 0.015715 s/step
on time step 48781 (time=2439.05), 0.0160616 s/step
on time step 49033 (time=2451.65), 0.015915 s/step
on time step 49286 (time=2464.3), 0.0158352 s/step
on time step 49540 (time=2477), 0.0157786 s/step
on time step 49793 (time=2489.65), 0.0158656 s/step
on time step 50046 (time=2502.3), 0.0158619 s/step
on time step 50301 (time=2515.05), 0.0157364 s/step
on time step 50555 (time=2527.75), 0.0158074 s/step
on time step 50807 (time=2540.35), 0.015902 s/step
on time step 51061 (time=2553.05), 0.0157931 s/step
on time step 51315 (time=2565.75), 0.0158042 s/step
on time step 51568 (time=2578.4), 0.0158327 s/step
on time step 51821 (time=2591.05), 0.0158266 s/step
on time step 52073 (time=2603.65), 0.0158843 s/step
on time step 52329 (time=2616.45), 0.0156849 s/step
on time step 52579 (time=2628.95), 0.0160124 s/step
on time step 52832 (time=2641.6), 0.015867 s/step
on time step 53085 (time=2654.25), 0.0158206 s/step
on time step 53339 (time=2666.95), 0.0157597 s/step
on time step 53591 (time=2679.55), 0.0159277 s/step
field decay(t = 2685.4500000000003): 1.3570082705713973e-12 / 0.19974225659578687 = 6.7937966342171605e-12
run 1 finished at t = 2685.4500000000003 (53709 timesteps)
WD: data/2021-12-10/300umFilledBubbleFullFibre/
AlreadyDir
-----------
Initializing structure...
Splitting into 24 chunks by voxels
time for choose_chunkdivision = 0.00384403 s
Working in 2D dimensions.
Computational cell is 820 x 80.5 x 0 with resolution 10
     block, center = (0,0,0)
          size (1e+20,1e+20,1e+20)
          axes (1,0,0), (0,1,0), (0,0,1)
          dielectric constant epsilon diagonal = (1,1,1)
     block, center = (0,0,0)
          size (1e+20,62.5,1e+20)
          axes (1,0,0), (0,1,0), (0,0,1)
          dielectric constant epsilon diagonal = (2.0746,2.0746,2.0746)
     block, center = (0,0,0)
          size (1e+20,8.2,1e+20)
          axes (1,0,0), (0,1,0), (0,0,1)
          dielectric constant epsilon diagonal = (2.08903,2.08903,2.08903)
time for set_epsilon = 0.548018 s
-----------
MPB solved for frequency_1(0.4,0,0) = 0.277333 after 75 iters
MPB solved for frequency_1(0.931194,0,0) = 0.644871 after 63 iters
MPB solved for frequency_1(0.931613,0,0) = 0.645161 after 16 iters
MPB solved for frequency_1(0.931613,0,0) = 0.645161 after 1 iters
Meep: using output directory 'data/2021-12-10/300umFilledBubbleFullFibre/'


Normalisation Run


on time step 213 (time=10.65), 0.0187859 s/step
on time step 505 (time=25.25), 0.0137109 s/step
on time step 798 (time=39.9), 0.0136654 s/step
on time step 1085 (time=54.25), 0.0139761 s/step
on time step 1371 (time=68.55), 0.013999 s/step
on time step 1645 (time=82.25), 0.0145997 s/step
on time step 1930 (time=96.5), 0.0140599 s/step
Meep progress: 103.7/1185.1854849182191 = 8.7% done in 30.0s, 313.0s to go
on time step 2223 (time=111.15), 0.0136957 s/step
on time step 2513 (time=125.65), 0.013833 s/step
on time step 2796 (time=139.8), 0.0141407 s/step
on time step 3082 (time=154.1), 0.0140307 s/step
on time step 3359 (time=167.95), 0.0144892 s/step
on time step 3633 (time=181.65), 0.0146163 s/step
on time step 3923 (time=196.15), 0.0138223 s/step
Meep progress: 210.05/1185.1854849182191 = 17.7% done in 60.0s, 278.6s to go
on time step 4207 (time=210.35), 0.0140919 s/step
on time step 4492 (time=224.6), 0.0140519 s/step
on time step 4772 (time=238.6), 0.0143284 s/step
on time step 5061 (time=253.05), 0.0138464 s/step
on time step 5353 (time=267.65), 0.0137207 s/step
on time step 5650 (time=282.5), 0.0135103 s/step
on time step 5944 (time=297.2), 0.0136181 s/step
on time step 6241 (time=312.05), 0.0134993 s/step
Meep progress: 318.95000000000005/1185.1854849182191 = 26.9% done in 90.0s, 244.5s to go
on time step 6538 (time=326.9), 0.0135105 s/step
on time step 6832 (time=341.6), 0.0136168 s/step
on time step 7119 (time=355.95), 0.0139735 s/step
on time step 7409 (time=370.45), 0.0138155 s/step
on time step 7704 (time=385.2), 0.0135757 s/step
on time step 7999 (time=399.95), 0.0135646 s/step
on time step 8293 (time=414.65), 0.0136136 s/step
Meep progress: 428.8/1185.1854849182191 = 36.2% done in 120.0s, 211.7s to go
on time step 8589 (time=429.45), 0.0135419 s/step
on time step 8862 (time=443.1), 0.0146841 s/step
on time step 9113 (time=455.65), 0.0159399 s/step
on time step 9379 (time=468.95), 0.0150406 s/step
on time step 9674 (time=483.7), 0.0135952 s/step
on time step 9969 (time=498.45), 0.0135809 s/step
on time step 10263 (time=513.15), 0.0136373 s/step
on time step 10558 (time=527.9), 0.0135837 s/step
Meep progress: 534.25/1185.1854849182191 = 45.1% done in 150.0s, 182.8s to go
on time step 10838 (time=541.9), 0.0143032 s/step
on time step 11096 (time=554.8), 0.015511 s/step
on time step 11369 (time=568.45), 0.0146707 s/step
on time step 11664 (time=583.2), 0.0135625 s/step
on time step 11959 (time=597.95), 0.0135992 s/step
on time step 12253 (time=612.65), 0.0136432 s/step
on time step 12546 (time=627.3), 0.013679 s/step
Meep progress: 640.0/1185.1854849182191 = 54.0% done in 180.1s, 153.4s to go
on time step 12817 (time=640.85), 0.0148143 s/step
on time step 13067 (time=653.35), 0.016002 s/step
on time step 13332 (time=666.6), 0.0151229 s/step
on time step 13608 (time=680.4), 0.0145321 s/step
on time step 13877 (time=693.85), 0.0148977 s/step
on time step 14143 (time=707.15), 0.0150523 s/step
on time step 14392 (time=719.6), 0.0161171 s/step
on time step 14619 (time=730.95), 0.0176457 s/step
Meep progress: 733.9000000000001/1185.1854849182191 = 61.9% done in 210.1s, 129.2s to go
on time step 14800 (time=740), 0.0221407 s/step
on time step 15090 (time=754.5), 0.0138361 s/step
on time step 15382 (time=769.1), 0.0137003 s/step
on time step 15679 (time=783.95), 0.0134983 s/step
on time step 15977 (time=798.85), 0.0134615 s/step
on time step 16273 (time=813.65), 0.0135586 s/step
on time step 16568 (time=828.4), 0.0135836 s/step
Meep progress: 841.9000000000001/1185.1854849182191 = 71.0% done in 240.1s, 97.9s to go
on time step 16866 (time=843.3), 0.0134364 s/step
on time step 17165 (time=858.25), 0.0134019 s/step
on time step 17459 (time=872.95), 0.0136079 s/step
on time step 17758 (time=887.9), 0.0134133 s/step
on time step 18054 (time=902.7), 0.0135215 s/step
on time step 18351 (time=917.55), 0.0135106 s/step
on time step 18647 (time=932.35), 0.0135192 s/step
on time step 18945 (time=947.25), 0.0134271 s/step
Meep progress: 953.1500000000001/1185.1854849182191 = 80.4% done in 270.1s, 65.7s to go
on time step 19244 (time=962.2), 0.0134176 s/step
on time step 19542 (time=977.1), 0.0134299 s/step
on time step 19835 (time=991.75), 0.0136761 s/step
on time step 20132 (time=1006.6), 0.0134872 s/step
on time step 20429 (time=1021.45), 0.0134981 s/step
on time step 20725 (time=1036.25), 0.0135346 s/step
on time step 21021 (time=1051.05), 0.013544 s/step
Meep progress: 1064.2/1185.1854849182191 = 89.8% done in 300.1s, 34.1s to go
on time step 21319 (time=1065.95), 0.0134545 s/step
on time step 21618 (time=1080.9), 0.0134132 s/step
on time step 21912 (time=1095.6), 0.0136147 s/step
on time step 22209 (time=1110.45), 0.0134751 s/step
on time step 22505 (time=1125.25), 0.0135183 s/step
on time step 22801 (time=1140.05), 0.0135501 s/step
on time step 23097 (time=1154.85), 0.0135313 s/step
on time step 23395 (time=1169.75), 0.0134493 s/step
Meep progress: 1175.25/1185.1854849182191 = 99.2% done in 330.1s, 2.8s to go
on time step 23693 (time=1184.65), 0.0134584 s/step
run 0 finished at t = 1185.2 (23704 timesteps)
field decay(t = 1185.2): 5.93812064349114e-15 / 5.93812064349114e-15 = 1.0
on time step 23949 (time=1197.45), 0.015629 s/step
on time step 24200 (time=1210), 0.0159508 s/step
on time step 24455 (time=1222.75), 0.0157319 s/step
on time step 24710 (time=1235.5), 0.0157231 s/step
on time step 24965 (time=1248.25), 0.0156937 s/step
on time step 25220 (time=1261), 0.0157387 s/step
on time step 25476 (time=1273.8), 0.0156766 s/step
on time step 25733 (time=1286.65), 0.0155973 s/step
on time step 25986 (time=1299.3), 0.0158199 s/step
on time step 26242 (time=1312.1), 0.015629 s/step
on time step 26498 (time=1324.9), 0.0156769 s/step
on time step 26754 (time=1337.7), 0.0156663 s/step
on time step 27010 (time=1350.5), 0.0156781 s/step
on time step 27266 (time=1363.3), 0.0156449 s/step
on time step 27522 (time=1376.1), 0.0156255 s/step
on time step 27778 (time=1388.9), 0.0156622 s/step
on time step 28031 (time=1401.55), 0.0158432 s/step
on time step 28287 (time=1414.35), 0.0156289 s/step
on time step 28542 (time=1427.1), 0.0156992 s/step
on time step 28798 (time=1439.9), 0.015663 s/step
on time step 29053 (time=1452.65), 0.0157204 s/step
on time step 29310 (time=1465.5), 0.0156225 s/step
on time step 29567 (time=1478.35), 0.0156114 s/step
on time step 29821 (time=1491.05), 0.0157731 s/step
on time step 30077 (time=1503.85), 0.0156579 s/step
on time step 30331 (time=1516.55), 0.01578 s/step
on time step 30585 (time=1529.25), 0.0157781 s/step
on time step 30839 (time=1541.95), 0.0157994 s/step
on time step 31092 (time=1554.6), 0.0158113 s/step
on time step 31347 (time=1567.35), 0.0157284 s/step
on time step 31601 (time=1580.05), 0.015781 s/step
on time step 31851 (time=1592.55), 0.0160221 s/step
on time step 32105 (time=1605.25), 0.0158008 s/step
on time step 32359 (time=1617.95), 0.0158014 s/step
on time step 32613 (time=1630.65), 0.015778 s/step
on time step 32867 (time=1643.35), 0.0157856 s/step
on time step 33122 (time=1656.1), 0.0157228 s/step
on time step 33377 (time=1668.85), 0.0157223 s/step
on time step 33629 (time=1681.45), 0.015876 s/step
field decay(t = 1685.25): 0.005579186980153127 / 0.005579186980153127 = 1.0
on time step 33884 (time=1694.2), 0.0157341 s/step
on time step 34137 (time=1706.85), 0.0158379 s/step
on time step 34392 (time=1719.6), 0.0157423 s/step
on time step 34646 (time=1732.3), 0.0157668 s/step
on time step 34901 (time=1745.05), 0.0157367 s/step
on time step 35156 (time=1757.8), 0.0157107 s/step
on time step 35410 (time=1770.5), 0.0157782 s/step
on time step 35661 (time=1783.05), 0.0159778 s/step
on time step 35914 (time=1795.7), 0.015819 s/step
on time step 36168 (time=1808.4), 0.0157766 s/step
on time step 36422 (time=1821.1), 0.0157506 s/step
on time step 36676 (time=1833.8), 0.0157946 s/step
on time step 36930 (time=1846.5), 0.0157519 s/step
on time step 37185 (time=1859.25), 0.0157126 s/step
on time step 37438 (time=1871.9), 0.0158624 s/step
on time step 37693 (time=1884.65), 0.0156982 s/step
on time step 37946 (time=1897.3), 0.0158456 s/step
on time step 38201 (time=1910.05), 0.0157477 s/step
on time step 38455 (time=1922.75), 0.0157621 s/step
on time step 38710 (time=1935.5), 0.0157002 s/step
on time step 38966 (time=1948.3), 0.0156742 s/step
on time step 39220 (time=1961), 0.0157609 s/step
on time step 39472 (time=1973.6), 0.0159167 s/step
on time step 39725 (time=1986.25), 0.0158407 s/step
on time step 39980 (time=1999), 0.0157405 s/step
on time step 40235 (time=2011.75), 0.0157356 s/step
on time step 40489 (time=2024.45), 0.0157968 s/step
on time step 40744 (time=2037.2), 0.0157225 s/step
on time step 40999 (time=2049.95), 0.0157117 s/step
on time step 41253 (time=2062.65), 0.0157854 s/step
on time step 41508 (time=2075.4), 0.0156886 s/step
on time step 41760 (time=2088), 0.0158752 s/step
on time step 42015 (time=2100.75), 0.0156983 s/step
on time step 42270 (time=2113.5), 0.0156972 s/step
on time step 42525 (time=2126.25), 0.015691 s/step
on time step 42781 (time=2139.05), 0.0156484 s/step
on time step 43036 (time=2151.8), 0.015736 s/step
on time step 43288 (time=2164.4), 0.0159197 s/step
on time step 43541 (time=2177.05), 0.0158228 s/step
field decay(t = 2185.3): 0.018243841500818675 / 0.018243841500818675 = 1.0
on time step 43796 (time=2189.8), 0.0157507 s/step
on time step 44049 (time=2202.45), 0.0158263 s/step
on time step 44302 (time=2215.1), 0.0158216 s/step
on time step 44557 (time=2227.85), 0.0157463 s/step
on time step 44811 (time=2240.55), 0.015771 s/step
on time step 45062 (time=2253.1), 0.0159704 s/step
on time step 45315 (time=2265.75), 0.0158502 s/step
on time step 45566 (time=2278.3), 0.0159841 s/step
on time step 45819 (time=2290.95), 0.0158274 s/step
on time step 46072 (time=2303.6), 0.0158519 s/step
on time step 46324 (time=2316.2), 0.0158766 s/step
on time step 46578 (time=2328.9), 0.0157785 s/step
on time step 46831 (time=2341.55), 0.0158367 s/step
on time step 47082 (time=2354.1), 0.0159824 s/step
on time step 47333 (time=2366.65), 0.0159782 s/step
on time step 47587 (time=2379.35), 0.0158063 s/step
on time step 47840 (time=2392), 0.0158313 s/step
on time step 48094 (time=2404.7), 0.0157862 s/step
on time step 48348 (time=2417.4), 0.0157622 s/step
on time step 48603 (time=2430.15), 0.0157419 s/step
on time step 48855 (time=2442.75), 0.0158955 s/step
on time step 49109 (time=2455.45), 0.0157838 s/step
on time step 49361 (time=2468.05), 0.015924 s/step
on time step 49615 (time=2480.75), 0.0157643 s/step
on time step 49870 (time=2493.5), 0.015746 s/step
on time step 50124 (time=2506.2), 0.015792 s/step
on time step 50379 (time=2518.95), 0.0156876 s/step
on time step 50634 (time=2531.7), 0.0157277 s/step
on time step 50885 (time=2544.25), 0.0160126 s/step
on time step 51138 (time=2556.9), 0.0158116 s/step
on time step 51392 (time=2569.6), 0.0157838 s/step
on time step 51646 (time=2582.3), 0.0157836 s/step
on time step 51900 (time=2595), 0.0157981 s/step
on time step 52155 (time=2607.75), 0.015728 s/step
on time step 52410 (time=2620.5), 0.0157004 s/step
on time step 52663 (time=2633.15), 0.0158422 s/step
on time step 52918 (time=2645.9), 0.0157176 s/step
on time step 53171 (time=2658.55), 0.0158189 s/step
on time step 53426 (time=2671.3), 0.0157192 s/step
on time step 53681 (time=2684.05), 0.0157108 s/step
field decay(t = 2685.3500000000004): 3.5781846056964985e-06 / 0.018243841500818675 = 0.00019613109473330662
on time step 53936 (time=2696.8), 0.0157391 s/step
on time step 54192 (time=2709.6), 0.0156637 s/step
on time step 54446 (time=2722.3), 0.0157787 s/step
on time step 54698 (time=2734.9), 0.0159321 s/step
on time step 54951 (time=2747.55), 0.0158158 s/step
on time step 55206 (time=2760.3), 0.015726 s/step
on time step 55460 (time=2773), 0.0157994 s/step
on time step 55715 (time=2785.75), 0.0157355 s/step
on time step 55970 (time=2798.5), 0.0156937 s/step
on time step 56225 (time=2811.25), 0.0157261 s/step
on time step 56479 (time=2823.95), 0.015805 s/step
on time step 56735 (time=2836.75), 0.0156793 s/step
on time step 56988 (time=2849.4), 0.0158178 s/step
on time step 57244 (time=2862.2), 0.0156766 s/step
on time step 57499 (time=2874.95), 0.0157469 s/step
on time step 57754 (time=2887.7), 0.0157235 s/step
on time step 58009 (time=2900.45), 0.0156932 s/step
on time step 58263 (time=2913.15), 0.0158042 s/step
on time step 58516 (time=2925.8), 0.0158189 s/step
on time step 58770 (time=2938.5), 0.0157801 s/step
on time step 59025 (time=2951.25), 0.0157244 s/step
on time step 59279 (time=2963.95), 0.0157923 s/step
on time step 59534 (time=2976.7), 0.0157363 s/step
on time step 59789 (time=2989.45), 0.0156978 s/step
on time step 60044 (time=3002.2), 0.0156935 s/step
on time step 60297 (time=3014.85), 0.015814 s/step
on time step 60553 (time=3027.65), 0.0156258 s/step
on time step 60806 (time=3040.3), 0.0158495 s/step
on time step 61062 (time=3053.1), 0.0156669 s/step
on time step 61317 (time=3065.85), 0.0157083 s/step
on time step 61572 (time=3078.6), 0.0157012 s/step
on time step 61828 (time=3091.4), 0.015664 s/step
on time step 62082 (time=3104.1), 0.0157812 s/step
on time step 62336 (time=3116.8), 0.0158057 s/step
on time step 62590 (time=3129.5), 0.0157666 s/step
on time step 62845 (time=3142.25), 0.0157172 s/step
on time step 63100 (time=3155), 0.0157214 s/step
on time step 63353 (time=3167.65), 0.0158116 s/step
on time step 63607 (time=3180.35), 0.0157604 s/step
field decay(t = 3185.4): 2.429193988644046e-16 / 0.018243841500818675 = 1.3315145215085531e-14
run 1 finished at t = 3185.4 (63708 timesteps)
WD: data/2021-12-10/300umFilledBubbleFullFibre/
AlreadyDir
-----------
Initializing structure...
Splitting into 24 chunks by voxels
time for choose_chunkdivision = 0.00396959 s
Working in 2D dimensions.
Computational cell is 820 x 80.5 x 0 with resolution 10
     block, center = (0,0,0)
          size (1e+20,1e+20,1e+20)
          axes (1,0,0), (0,1,0), (0,0,1)
          dielectric constant epsilon diagonal = (1,1,1)
     block, center = (0,0,0)
          size (1e+20,62.5,1e+20)
          axes (1,0,0), (0,1,0), (0,0,1)
          dielectric constant epsilon diagonal = (2.0746,2.0746,2.0746)
     block, center = (0,0,0)
          size (1e+20,8.2,1e+20)
          axes (1,0,0), (0,1,0), (0,0,1)
          dielectric constant epsilon diagonal = (2.08903,2.08903,2.08903)
     block, center = (0,22.25,0)
          size (300,80.5,1e+20)
          axes (1,0,0), (0,1,0), (0,0,1)
          dielectric constant epsilon diagonal = (1,1,1)
time for set_epsilon = 0.275007 s
-----------
MPB solved for frequency_1(0.4,0,0) = 0.277333 after 75 iters
MPB solved for frequency_1(0.931194,0,0) = 0.644871 after 63 iters
MPB solved for frequency_1(0.931613,0,0) = 0.645161 after 16 iters
MPB solved for frequency_1(0.931613,0,0) = 0.645161 after 1 iters
Meep: using output directory 'data/2021-12-10/300umFilledBubbleFullFibre/'


Actual Run


on time step 209 (time=10.45), 0.0191689 s/step
on time step 505 (time=25.25), 0.0135177 s/step
on time step 795 (time=39.75), 0.0138016 s/step
on time step 1084 (time=54.2), 0.0138467 s/step
on time step 1369 (time=68.45), 0.0140662 s/step
on time step 1646 (time=82.3), 0.0144607 s/step
on time step 1935 (time=96.75), 0.0138826 s/step
Meep progress: 103.95/1185.1854849182191 = 8.8% done in 30.0s, 312.1s to go
on time step 2227 (time=111.35), 0.0137371 s/step
on time step 2514 (time=125.7), 0.0139408 s/step
on time step 2800 (time=140), 0.0139884 s/step
on time step 3085 (time=154.25), 0.0140672 s/step
on time step 3361 (time=168.05), 0.0145275 s/step
on time step 3637 (time=181.85), 0.0145388 s/step
on time step 3928 (time=196.4), 0.0137887 s/step
Meep progress: 210.4/1185.1854849182191 = 17.8% done in 60.0s, 278.1s to go
on time step 4214 (time=210.7), 0.0139954 s/step
on time step 4495 (time=224.75), 0.0142845 s/step
on time step 4776 (time=238.8), 0.0142618 s/step
on time step 5062 (time=253.1), 0.0140269 s/step
on time step 5353 (time=267.65), 0.0137568 s/step
on time step 5647 (time=282.35), 0.0136281 s/step
on time step 5943 (time=297.15), 0.0135403 s/step
on time step 6240 (time=312), 0.013511 s/step
Meep progress: 318.85/1185.1854849182191 = 26.9% done in 90.0s, 244.6s to go
on time step 6534 (time=326.7), 0.0136516 s/step
on time step 6825 (time=341.25), 0.0137685 s/step
on time step 7108 (time=355.4), 0.0141375 s/step
on time step 7394 (time=369.7), 0.0140121 s/step
on time step 7688 (time=384.4), 0.0136194 s/step
on time step 7984 (time=399.2), 0.0135573 s/step
on time step 8280 (time=414), 0.0135563 s/step
Meep progress: 428.0/1185.1854849182191 = 36.1% done in 120.0s, 212.4s to go
on time step 8574 (time=428.7), 0.0136117 s/step
on time step 8829 (time=441.45), 0.0157514 s/step
on time step 9069 (time=453.45), 0.016667 s/step
on time step 9322 (time=466.1), 0.0158157 s/step
on time step 9617 (time=480.85), 0.0136029 s/step
on time step 9910 (time=495.5), 0.013659 s/step
on time step 10206 (time=510.3), 0.0135388 s/step
on time step 10502 (time=525.1), 0.0135442 s/step
Meep progress: 531.5/1185.1854849182191 = 44.8% done in 150.1s, 184.6s to go
on time step 10784 (time=539.2), 0.0142005 s/step
on time step 11042 (time=552.1), 0.0155368 s/step
on time step 11307 (time=565.35), 0.0151443 s/step
on time step 11602 (time=580.1), 0.0136034 s/step
on time step 11895 (time=594.75), 0.0136534 s/step
on time step 12189 (time=609.45), 0.013607 s/step
on time step 12484 (time=624.2), 0.0135669 s/step
Meep progress: 637.1500000000001/1185.1854849182191 = 53.8% done in 180.1s, 154.9s to go
on time step 12761 (time=638.05), 0.0144646 s/step
on time step 13015 (time=650.75), 0.0158025 s/step
on time step 13276 (time=663.8), 0.0153368 s/step
on time step 13552 (time=677.6), 0.0145373 s/step
on time step 13822 (time=691.1), 0.0148358 s/step
on time step 14089 (time=704.45), 0.0150321 s/step
on time step 14348 (time=717.4), 0.0154949 s/step
on time step 14588 (time=729.4), 0.0167318 s/step
Meep progress: 732.5500000000001/1185.1854849182191 = 61.8% done in 210.1s, 129.8s to go
on time step 14749 (time=737.45), 0.0249313 s/step
on time step 15031 (time=751.55), 0.0141885 s/step
on time step 15325 (time=766.25), 0.0136092 s/step
on time step 15622 (time=781.1), 0.01349 s/step
on time step 15918 (time=795.9), 0.013529 s/step
on time step 16216 (time=810.8), 0.0134607 s/step
on time step 16514 (time=825.7), 0.0134262 s/step
Meep progress: 839.1/1185.1854849182191 = 70.8% done in 240.1s, 99.0s to go
on time step 16811 (time=840.55), 0.0134833 s/step
on time step 17106 (time=855.3), 0.0135805 s/step
on time step 17402 (time=870.1), 0.0135289 s/step
on time step 17699 (time=884.95), 0.0135124 s/step
on time step 17996 (time=899.8), 0.0134694 s/step
on time step 18292 (time=914.6), 0.0135349 s/step
on time step 18590 (time=929.5), 0.0134475 s/step
on time step 18889 (time=944.45), 0.0134188 s/step
Meep progress: 950.25/1185.1854849182191 = 80.2% done in 270.1s, 66.8s to go
on time step 19184 (time=959.2), 0.0135923 s/step
on time step 19480 (time=974), 0.0135421 s/step
on time step 19774 (time=988.7), 0.0136332 s/step
on time step 20070 (time=1003.5), 0.0135471 s/step
on time step 20365 (time=1018.25), 0.013581 s/step
on time step 20661 (time=1033.05), 0.0135242 s/step
on time step 20956 (time=1047.8), 0.0135614 s/step
Meep progress: 1060.75/1185.1854849182191 = 89.5% done in 300.1s, 35.2s to go
on time step 21250 (time=1062.5), 0.0136136 s/step
on time step 21543 (time=1077.15), 0.0136759 s/step
on time step 21838 (time=1091.9), 0.0135644 s/step
on time step 22133 (time=1106.65), 0.0136017 s/step
on time step 22428 (time=1121.4), 0.0135645 s/step
on time step 22722 (time=1136.1), 0.0136218 s/step
on time step 23019 (time=1150.95), 0.013505 s/step
on time step 23314 (time=1165.7), 0.013566 s/step
Meep progress: 1171.15/1185.1854849182191 = 98.8% done in 330.1s, 4.0s to go
on time step 23606 (time=1180.3), 0.0137113 s/step
run 0 finished at t = 1185.2 (23704 timesteps)
field decay(t = 1185.2): 0.00042293638435906395 / 0.00042293638435906395 = 1.0
on time step 23869 (time=1193.45), 0.0152373 s/step
on time step 24118 (time=1205.9), 0.0161072 s/step
on time step 24369 (time=1218.45), 0.0159722 s/step
on time step 24619 (time=1230.95), 0.01601 s/step
on time step 24871 (time=1243.55), 0.01592 s/step
on time step 25123 (time=1256.15), 0.0158919 s/step
on time step 25375 (time=1268.75), 0.0159305 s/step
on time step 25626 (time=1281.3), 0.0159837 s/step
on time step 25878 (time=1293.9), 0.0159113 s/step
on time step 26129 (time=1306.45), 0.0159537 s/step
on time step 26381 (time=1319.05), 0.0158979 s/step
on time step 26632 (time=1331.6), 0.015972 s/step
on time step 26885 (time=1344.25), 0.0158663 s/step
on time step 27137 (time=1356.85), 0.0158786 s/step
on time step 27388 (time=1369.4), 0.0159696 s/step
on time step 27639 (time=1381.95), 0.0159863 s/step
on time step 27889 (time=1394.45), 0.0160052 s/step
on time step 28141 (time=1407.05), 0.0159037 s/step
on time step 28392 (time=1419.6), 0.0159563 s/step
on time step 28644 (time=1432.2), 0.0158902 s/step
on time step 28897 (time=1444.85), 0.0158628 s/step
on time step 29148 (time=1457.4), 0.0159522 s/step
on time step 29399 (time=1469.95), 0.0159769 s/step
on time step 29651 (time=1482.55), 0.0158898 s/step
field decay(t = 1485.25): 0.17886821009282738 / 0.17886821009282738 = 1.0
on time step 29903 (time=1495.15), 0.0158909 s/step
on time step 30155 (time=1507.75), 0.015884 s/step
on time step 30407 (time=1520.35), 0.0159089 s/step
on time step 30660 (time=1533), 0.0158191 s/step
on time step 30913 (time=1545.65), 0.0158323 s/step
on time step 31164 (time=1558.2), 0.015957 s/step
on time step 31415 (time=1570.75), 0.0159693 s/step
on time step 31665 (time=1583.25), 0.0160415 s/step
on time step 31918 (time=1595.9), 0.0158616 s/step
on time step 32170 (time=1608.5), 0.0159175 s/step
on time step 32423 (time=1621.15), 0.0158672 s/step
on time step 32676 (time=1633.8), 0.0158223 s/step
on time step 32928 (time=1646.4), 0.0159047 s/step
on time step 33179 (time=1658.95), 0.0159421 s/step
on time step 33432 (time=1671.6), 0.0158347 s/step
on time step 33684 (time=1684.2), 0.0158805 s/step
on time step 33936 (time=1696.8), 0.0158742 s/step
on time step 34187 (time=1709.35), 0.0159531 s/step
on time step 34441 (time=1722.05), 0.0157965 s/step
on time step 34695 (time=1734.75), 0.0157864 s/step
on time step 34948 (time=1747.4), 0.0158591 s/step
on time step 35201 (time=1760.05), 0.015875 s/step
on time step 35453 (time=1772.65), 0.0158986 s/step
field decay(t = 1785.3000000000002): 0.0014426397403886331 / 0.17886821009282738 = 0.00806537807718848
on time step 35707 (time=1785.35), 0.0157645 s/step
on time step 35960 (time=1798), 0.0158289 s/step
on time step 36214 (time=1810.7), 0.0157935 s/step
on time step 36469 (time=1823.45), 0.0157343 s/step
on time step 36722 (time=1836.1), 0.0158287 s/step
on time step 36975 (time=1848.75), 0.0158478 s/step
on time step 37229 (time=1861.45), 0.0157871 s/step
on time step 37483 (time=1874.15), 0.0157861 s/step
on time step 37737 (time=1886.85), 0.0157933 s/step
on time step 37991 (time=1899.55), 0.0157731 s/step
on time step 38247 (time=1912.35), 0.0156754 s/step
on time step 38502 (time=1925.1), 0.0157147 s/step
on time step 38755 (time=1937.75), 0.0158222 s/step
on time step 39008 (time=1950.4), 0.015858 s/step
on time step 39261 (time=1963.05), 0.0158637 s/step
on time step 39516 (time=1975.8), 0.0157321 s/step
on time step 39768 (time=1988.4), 0.0159078 s/step
on time step 40021 (time=2001.05), 0.0158727 s/step
on time step 40274 (time=2013.7), 0.0158575 s/step
on time step 40526 (time=2026.3), 0.0159057 s/step
on time step 40777 (time=2038.85), 0.0159379 s/step
on time step 41029 (time=2051.45), 0.0158888 s/step
on time step 41282 (time=2064.1), 0.0158664 s/step
on time step 41534 (time=2076.7), 0.0158898 s/step
field decay(t = 2085.35): 0.00020265639031768776 / 0.17886821009282738 = 0.0011329927783842362
on time step 41787 (time=2089.35), 0.0158673 s/step
on time step 42040 (time=2102), 0.0158218 s/step
on time step 42293 (time=2114.65), 0.0158392 s/step
on time step 42545 (time=2127.25), 0.015913 s/step
on time step 42797 (time=2139.85), 0.0159114 s/step
on time step 43049 (time=2152.45), 0.0159176 s/step
on time step 43303 (time=2165.15), 0.0157941 s/step
on time step 43556 (time=2177.8), 0.0158553 s/step
on time step 43809 (time=2190.45), 0.0158174 s/step
on time step 44062 (time=2203.1), 0.0158226 s/step
on time step 44314 (time=2215.7), 0.0158996 s/step
on time step 44566 (time=2228.3), 0.0158794 s/step
on time step 44819 (time=2240.95), 0.015813 s/step
on time step 45072 (time=2253.6), 0.0158111 s/step
on time step 45325 (time=2266.25), 0.0158598 s/step
on time step 45578 (time=2278.9), 0.0158419 s/step
on time step 45832 (time=2291.6), 0.0157638 s/step
on time step 46086 (time=2304.3), 0.0158047 s/step
on time step 46338 (time=2316.9), 0.0159002 s/step
on time step 46589 (time=2329.45), 0.015968 s/step
on time step 46841 (time=2342.05), 0.0159193 s/step
on time step 47095 (time=2354.75), 0.0157987 s/step
on time step 47347 (time=2367.35), 0.0158734 s/step
on time step 47601 (time=2380.05), 0.0157729 s/step
field decay(t = 2385.4): 7.99398724162996e-06 / 0.17886821009282738 = 4.469205141305609e-05
on time step 47855 (time=2392.75), 0.015801 s/step
on time step 48107 (time=2405.35), 0.0158783 s/step
on time step 48361 (time=2418.05), 0.015804 s/step
on time step 48615 (time=2430.75), 0.0157873 s/step
on time step 48869 (time=2443.45), 0.0158013 s/step
on time step 49122 (time=2456.1), 0.0158635 s/step
on time step 49375 (time=2468.75), 0.0158238 s/step
on time step 49629 (time=2481.45), 0.0157561 s/step
on time step 49883 (time=2494.15), 0.0158074 s/step
on time step 50135 (time=2506.75), 0.015892 s/step
on time step 50388 (time=2519.4), 0.0158483 s/step
on time step 50641 (time=2532.05), 0.0158245 s/step
on time step 50895 (time=2544.75), 0.015769 s/step
on time step 51148 (time=2557.4), 0.0158546 s/step
on time step 51402 (time=2570.1), 0.0157895 s/step
on time step 51656 (time=2582.8), 0.0157563 s/step
on time step 51908 (time=2595.4), 0.0159292 s/step
on time step 52162 (time=2608.1), 0.0157727 s/step
on time step 52416 (time=2620.8), 0.0157732 s/step
on time step 52670 (time=2633.5), 0.0157729 s/step
on time step 52923 (time=2646.15), 0.0158127 s/step
on time step 53177 (time=2658.85), 0.0157983 s/step
on time step 53432 (time=2671.6), 0.0157369 s/step
on time step 53686 (time=2684.3), 0.0157707 s/step
field decay(t = 2685.4500000000003): 1.5425286335332685e-07 / 0.17886821009282738 = 8.623827748557114e-07
on time step 53938 (time=2696.9), 0.0159112 s/step
on time step 54191 (time=2709.55), 0.0158553 s/step
on time step 54444 (time=2722.2), 0.0158588 s/step
on time step 54697 (time=2734.85), 0.0158283 s/step
on time step 54950 (time=2747.5), 0.0158362 s/step
on time step 55204 (time=2760.2), 0.0157522 s/step
on time step 55459 (time=2772.95), 0.0157271 s/step
on time step 55712 (time=2785.6), 0.0158508 s/step
on time step 55966 (time=2798.3), 0.0157665 s/step
on time step 56219 (time=2810.95), 0.015865 s/step
on time step 56473 (time=2823.65), 0.0157766 s/step
on time step 56727 (time=2836.35), 0.0157733 s/step
on time step 56981 (time=2849.05), 0.0157935 s/step
on time step 57236 (time=2861.8), 0.0157635 s/step
on time step 57490 (time=2874.5), 0.0157861 s/step
on time step 57742 (time=2887.1), 0.0159007 s/step
on time step 57995 (time=2899.75), 0.0158601 s/step
on time step 58248 (time=2912.4), 0.0158367 s/step
on time step 58502 (time=2925.1), 0.0158045 s/step
on time step 58754 (time=2937.7), 0.0159069 s/step
on time step 59007 (time=2950.35), 0.0158575 s/step
on time step 59260 (time=2963), 0.0158169 s/step
on time step 59511 (time=2975.55), 0.0159801 s/step
field decay(t = 2985.5): 3.3216848550403063e-09 / 0.17886821009282738 = 1.857057133470754e-08
on time step 59764 (time=2988.2), 0.0158408 s/step
on time step 60017 (time=3000.85), 0.0158608 s/step
on time step 60270 (time=3013.5), 0.0158274 s/step
on time step 60523 (time=3026.15), 0.0158557 s/step
on time step 60776 (time=3038.8), 0.0158222 s/step
on time step 61030 (time=3051.5), 0.0157626 s/step
on time step 61284 (time=3064.2), 0.0158008 s/step
on time step 61536 (time=3076.8), 0.0159081 s/step
on time step 61788 (time=3089.4), 0.015932 s/step
on time step 62040 (time=3102), 0.0158974 s/step
on time step 62293 (time=3114.65), 0.0158399 s/step
on time step 62546 (time=3127.3), 0.0158697 s/step
on time step 62800 (time=3140), 0.0157971 s/step
on time step 63054 (time=3152.7), 0.0157714 s/step
on time step 63306 (time=3165.3), 0.0158876 s/step
on time step 63560 (time=3178), 0.0157809 s/step
on time step 63813 (time=3190.65), 0.0158293 s/step
on time step 64064 (time=3203.2), 0.0159857 s/step
on time step 64318 (time=3215.9), 0.0158032 s/step
on time step 64572 (time=3228.6), 0.0157808 s/step
on time step 64826 (time=3241.3), 0.0157797 s/step
on time step 65080 (time=3254), 0.0157759 s/step
on time step 65332 (time=3266.6), 0.0158941 s/step
on time step 65584 (time=3279.2), 0.0158735 s/step
field decay(t = 3285.55): 1.0472706912297375e-10 / 0.17886821009282738 = 5.854985023253906e-10
run 1 finished at t = 3285.55 (65711 timesteps)

Elapsed run time = 3787.8160 s
