Using MPI version 3.1, 64 processes
WD: data/2021-11-12/LargerDevice/
AlreadyDir
-----------
Initializing structure...
Splitting into 64 chunks by voxels
time for choose_chunkdivision = 0.00581874 s
Working in 2D dimensions.
Computational cell is 1710 x 100 x 0 with resolution 5
     block, center = (0,0,0)
          size (1e+20,1e+20,1e+20)
          axes (1,0,0), (0,1,0), (0,0,1)
          dielectric constant epsilon diagonal = (1,1,1)
     block, center = (0,-26.25,0)
          size (1e+20,62.5,1e+20)
          axes (1,0,0), (0,1,0), (0,0,1)
          dielectric constant epsilon diagonal = (2.0736,2.0736,2.0736)
     block, center = (0,0,0)
          size (1e+20,8.2,1e+20)
          axes (1,0,0), (0,1,0), (0,0,1)
          dielectric constant epsilon diagonal = (2.08803,2.08803,2.08803)
time for set_epsilon = 0.366709 s
-----------
MPB solved for frequency_1(0.4,0,0) = 0.278542 after 47 iters
MPB solved for frequency_1(0.931904,0,0) = 0.645792 after 67 iters
MPB solved for frequency_1(0.930992,0,0) = 0.645161 after 59 iters
MPB solved for frequency_1(0.930992,0,0) = 0.645161 after 24 iters
MPB solved for frequency_1(0.930992,0,0) = 0.645161 after 8 iters
MPB solved for frequency_1(0.930992,0,0) = 0.645161 after 4 iters
MPB solved for frequency_1(0.930992,0,0) = 0.645161 after 2 iters
Meep: using output directory 'data/2021-11-12/LargerDevice/'
Vector3<851.5, 0.0, 0.0>
on time step 154 (time=15.4), 0.0259927 s/step
on time step 600 (time=60), 0.00898623 s/step
on time step 1043 (time=104.3), 0.00904065 s/step
on time step 1487 (time=148.7), 0.0090207 s/step
on time step 1932 (time=193.2), 0.00900876 s/step
on time step 2382 (time=238.2), 0.00888968 s/step
on time step 2833 (time=283.3), 0.00887538 s/step
on time step 3280 (time=328), 0.00896163 s/step
on time step 3733 (time=373.3), 0.00885307 s/step
on time step 4182 (time=418.2), 0.00891134 s/step
on time step 4635 (time=463.5), 0.00883471 s/step
on time step 5089 (time=508.9), 0.00881726 s/step
on time step 5541 (time=554.1), 0.00885988 s/step
on time step 5970 (time=597), 0.00933482 s/step
on time step 6421 (time=642.1), 0.00887487 s/step
on time step 6866 (time=686.6), 0.00900282 s/step
on time step 7312 (time=731.2), 0.00896864 s/step
on time step 7761 (time=776.1), 0.00892383 s/step
on time step 8214 (time=821.4), 0.00884509 s/step
on time step 8668 (time=866.8), 0.0088206 s/step
on time step 9122 (time=912.2), 0.00882428 s/step
on time step 9567 (time=956.7), 0.009006 s/step
on time step 10019 (time=1001.9), 0.00886553 s/step
on time step 10441 (time=1044.1), 0.00949889 s/step
on time step 10857 (time=1085.7), 0.00963782 s/step
on time step 11269 (time=1126.9), 0.00971478 s/step
on time step 11679 (time=1167.9), 0.00977662 s/step
on time step 12090 (time=1209), 0.00975091 s/step
on time step 12500 (time=1250), 0.00975815 s/step
on time step 12908 (time=1290.8), 0.0098066 s/step
on time step 13317 (time=1331.7), 0.00978691 s/step
on time step 13734 (time=1373.4), 0.00960823 s/step
on time step 14168 (time=1416.8), 0.0092187 s/step
on time step 14601 (time=1460.1), 0.00924828 s/step
on time step 15031 (time=1503.1), 0.00932136 s/step
on time step 15291 (time=1529.1), 0.0154119 s/step
on time step 15698 (time=1569.8), 0.00984319 s/step
on time step 16153 (time=1615.3), 0.00880532 s/step
on time step 16606 (time=1660.6), 0.00884791 s/step
on time step 17061 (time=1706.1), 0.00879211 s/step
on time step 17515 (time=1751.5), 0.00882877 s/step
on time step 17971 (time=1797.1), 0.00878139 s/step
on time step 18425 (time=1842.5), 0.00881536 s/step
on time step 18874 (time=1887.4), 0.00892457 s/step
on time step 19322 (time=1932.2), 0.00892864 s/step
on time step 19775 (time=1977.5), 0.00884669 s/step
field decay(t = 2000.1000000000001): 4.046049275462005e-16 / 4.046049275462005e-16 = 1.0
on time step 20228 (time=2022.8), 0.00884101 s/step
on time step 20682 (time=2068.2), 0.00882851 s/step
on time step 21134 (time=2113.4), 0.0088497 s/step
on time step 21584 (time=2158.4), 0.00889079 s/step
on time step 22035 (time=2203.5), 0.00888333 s/step
on time step 22459 (time=2245.9), 0.00945016 s/step
on time step 22912 (time=2291.2), 0.00883083 s/step
on time step 23363 (time=2336.3), 0.00887578 s/step
on time step 23818 (time=2381.8), 0.00880194 s/step
on time step 24269 (time=2426.9), 0.00888057 s/step
on time step 24724 (time=2472.4), 0.00880461 s/step
on time step 25174 (time=2517.4), 0.00889367 s/step
on time step 25623 (time=2562.3), 0.0089147 s/step
on time step 26074 (time=2607.4), 0.00888349 s/step
on time step 26524 (time=2652.4), 0.00889295 s/step
on time step 26971 (time=2697.1), 0.00896311 s/step
on time step 27425 (time=2742.5), 0.00882618 s/step
on time step 27875 (time=2787.5), 0.0088982 s/step
on time step 28323 (time=2832.3), 0.00894267 s/step
on time step 28775 (time=2877.5), 0.00885538 s/step
on time step 29225 (time=2922.5), 0.00890053 s/step
on time step 29677 (time=2967.7), 0.00886813 s/step
on time step 30128 (time=3012.8), 0.00888192 s/step
on time step 30574 (time=3057.4), 0.00897278 s/step
on time step 31026 (time=3102.6), 0.00886578 s/step
on time step 31476 (time=3147.6), 0.00889317 s/step
on time step 31928 (time=3192.8), 0.00885084 s/step
on time step 32373 (time=3237.3), 0.00899431 s/step
on time step 32820 (time=3282), 0.00895987 s/step
on time step 33270 (time=3327), 0.00889671 s/step
on time step 33720 (time=3372), 0.0088945 s/step
on time step 34151 (time=3415.1), 0.0092814 s/step
on time step 34600 (time=3460), 0.00891081 s/step
on time step 35046 (time=3504.6), 0.00897553 s/step
on time step 35494 (time=3549.4), 0.00894313 s/step
on time step 35921 (time=3592.1), 0.00938577 s/step
on time step 36367 (time=3636.7), 0.00897383 s/step
on time step 36806 (time=3680.6), 0.00911924 s/step
on time step 37254 (time=3725.4), 0.00892973 s/step
on time step 37701 (time=3770.1), 0.00895173 s/step
on time step 38151 (time=3815.1), 0.00890484 s/step
on time step 38591 (time=3859.1), 0.00909961 s/step
on time step 39031 (time=3903.1), 0.00910029 s/step
on time step 39476 (time=3947.6), 0.00899266 s/step
on time step 39921 (time=3992.1), 0.00899642 s/step
field decay(t = 4000.1000000000004): 0.19334645205855874 / 0.19334645205855874 = 1.0
on time step 40367 (time=4036.7), 0.00898483 s/step
on time step 40813 (time=4081.3), 0.00897272 s/step
on time step 41256 (time=4125.6), 0.00902971 s/step
on time step 41696 (time=4169.6), 0.0091084 s/step
on time step 42138 (time=4213.8), 0.00905276 s/step
on time step 42574 (time=4257.4), 0.00918873 s/step
on time step 43015 (time=4301.5), 0.0090789 s/step
on time step 43458 (time=4345.8), 0.00904189 s/step
on time step 43889 (time=4388.9), 0.00928165 s/step
on time step 44332 (time=4433.2), 0.00903646 s/step
on time step 44777 (time=4477.7), 0.00900769 s/step
on time step 45223 (time=4522.3), 0.0089758 s/step
on time step 45667 (time=4566.7), 0.00904139 s/step
on time step 46115 (time=4611.5), 0.0089315 s/step
on time step 46559 (time=4655.9), 0.00901477 s/step
on time step 47002 (time=4700.2), 0.00904678 s/step
on time step 47455 (time=4745.5), 0.00883029 s/step
on time step 47907 (time=4790.7), 0.00885134 s/step
on time step 48344 (time=4834.4), 0.00916095 s/step
on time step 48794 (time=4879.4), 0.00889697 s/step
on time step 49246 (time=4924.6), 0.008856 s/step
on time step 49700 (time=4970), 0.00882781 s/step
on time step 50150 (time=5015), 0.00890709 s/step
on time step 50604 (time=5060.4), 0.00882194 s/step
on time step 51059 (time=5105.9), 0.00879807 s/step
on time step 51514 (time=5151.4), 0.00881254 s/step
on time step 51969 (time=5196.9), 0.00880178 s/step
on time step 52415 (time=5241.5), 0.00898874 s/step
on time step 52869 (time=5286.9), 0.00882212 s/step
on time step 53323 (time=5332.3), 0.00881388 s/step
on time step 53776 (time=5377.6), 0.00883586 s/step
on time step 54199 (time=5419.9), 0.00945947 s/step
on time step 54653 (time=5465.3), 0.00881665 s/step
on time step 55102 (time=5510.2), 0.00891404 s/step
on time step 55545 (time=5554.5), 0.00904636 s/step
on time step 55996 (time=5599.6), 0.00887305 s/step
on time step 56447 (time=5644.7), 0.0088845 s/step
on time step 56899 (time=5689.9), 0.00885701 s/step
on time step 57355 (time=5735.5), 0.00877874 s/step
on time step 57810 (time=5781), 0.00880317 s/step
on time step 58263 (time=5826.3), 0.00884633 s/step
on time step 58710 (time=5871), 0.00896722 s/step
on time step 59156 (time=5915.6), 0.00897295 s/step
on time step 59610 (time=5961), 0.00881767 s/step
field decay(t = 6000.200000000001): 5.435345062197039e-15 / 0.19334645205855874 = 2.8111946220512175e-14
run 0 finished at t = 6000.200000000001 (60002 timesteps)
WD: data/2021-11-12/LargerDevice/
AlreadyDir
-----------
Initializing structure...
Splitting into 64 chunks by voxels
time for choose_chunkdivision = 0.00599512 s
Working in 2D dimensions.
Computational cell is 1710 x 100 x 0 with resolution 5
     block, center = (0,0,0)
          size (1e+20,1e+20,1e+20)
          axes (1,0,0), (0,1,0), (0,0,1)
          dielectric constant epsilon diagonal = (1,1,1)
     block, center = (0,-26.25,0)
          size (1e+20,62.5,1e+20)
          axes (1,0,0), (0,1,0), (0,0,1)
          dielectric constant epsilon diagonal = (2.0736,2.0736,2.0736)
     block, center = (0,0,0)
          size (1e+20,8.2,1e+20)
          axes (1,0,0), (0,1,0), (0,0,1)
          dielectric constant epsilon diagonal = (2.08803,2.08803,2.08803)
     block, center = (-500,-10.9,0)
          size (100,40,1e+20)
          axes (1,0,0), (0,1,0), (0,0,1)
          dielectric constant epsilon diagonal = (1,1,1)
     block, center = (500,-10.9,0)
          size (100,40,1e+20)
          axes (1,0,0), (0,1,0), (0,0,1)
          dielectric constant epsilon diagonal = (1,1,1)
time for set_epsilon = 0.310361 s
-----------
MPB solved for frequency_1(0.4,0,0) = 0.278542 after 47 iters
MPB solved for frequency_1(0.931904,0,0) = 0.645792 after 67 iters
MPB solved for frequency_1(0.930992,0,0) = 0.645161 after 59 iters
MPB solved for frequency_1(0.930992,0,0) = 0.645161 after 24 iters
MPB solved for frequency_1(0.930992,0,0) = 0.645161 after 8 iters
MPB solved for frequency_1(0.930992,0,0) = 0.645161 after 4 iters
MPB solved for frequency_1(0.930992,0,0) = 0.645161 after 2 iters
Meep: using output directory 'data/2021-11-12/LargerDevice/'
Actual Simtime: 3.3333333333333334e-09
creating output file "data/2021-11-12/LargerDevice//RunModel-eps-000000.00.h5"...
on time step 170 (time=17), 0.0235778 s/step
on time step 620 (time=62), 0.00890021 s/step
on time step 1068 (time=106.8), 0.00895799 s/step
on time step 1520 (time=152), 0.00885574 s/step
on time step 1971 (time=197.1), 0.00889525 s/step
on time step 2429 (time=242.9), 0.00873578 s/step
on time step 2884 (time=288.4), 0.0088 s/step
on time step 3344 (time=334.4), 0.00871014 s/step
on time step 3805 (time=380.5), 0.00868968 s/step
on time step 4263 (time=426.3), 0.00875133 s/step
on time step 4721 (time=472.1), 0.00874459 s/step
on time step 5178 (time=517.8), 0.00875434 s/step
on time step 5623 (time=562.3), 0.00900269 s/step
on time step 6081 (time=608.1), 0.00873782 s/step
on time step 6537 (time=653.7), 0.00877359 s/step
on time step 6998 (time=699.8), 0.008696 s/step
on time step 7457 (time=745.7), 0.00871544 s/step
on time step 7914 (time=791.4), 0.00876663 s/step
on time step 8351 (time=835.1), 0.009154 s/step
on time step 8806 (time=880.6), 0.00879675 s/step
on time step 9261 (time=926.1), 0.00880933 s/step
on time step 9715 (time=971.5), 0.00882056 s/step
on time step 10167 (time=1016.7), 0.00884985 s/step
on time step 10583 (time=1058.3), 0.00961623 s/step
on time step 11003 (time=1100.3), 0.00953201 s/step
on time step 11421 (time=1142.1), 0.00958371 s/step
on time step 11837 (time=1183.7), 0.00961782 s/step
on time step 12244 (time=1224.4), 0.00983915 s/step
on time step 12654 (time=1265.4), 0.00977259 s/step
on time step 13063 (time=1306.3), 0.00980253 s/step
on time step 13484 (time=1348.4), 0.00952018 s/step
on time step 13919 (time=1391.9), 0.00919909 s/step
on time step 14356 (time=1435.6), 0.00917018 s/step
on time step 14785 (time=1478.5), 0.0093258 s/step
on time step 15189 (time=1518.9), 0.00992827 s/step
on time step 15455 (time=1545.5), 0.0150591 s/step
on time step 15905 (time=1590.5), 0.00889237 s/step
on time step 16363 (time=1636.3), 0.00873537 s/step
on time step 16823 (time=1682.3), 0.00870852 s/step
on time step 17280 (time=1728), 0.0087718 s/step
on time step 17740 (time=1774), 0.00871343 s/step
on time step 18199 (time=1819.9), 0.00872198 s/step
on time step 18645 (time=1864.5), 0.00897268 s/step
on time step 19104 (time=1910.4), 0.00872832 s/step
on time step 19561 (time=1956.1), 0.00875807 s/step
field decay(t = 2000.1000000000001): 0.3329734755111129 / 0.3329734755111129 = 1.0
on time step 20022 (time=2002.2), 0.00868297 s/step
on time step 20481 (time=2048.1), 0.00872598 s/step
on time step 20940 (time=2094), 0.00872667 s/step
on time step 21386 (time=2138.6), 0.00898587 s/step
on time step 21843 (time=2184.3), 0.00876763 s/step
on time step 22302 (time=2230.2), 0.00873004 s/step
on time step 22761 (time=2276.1), 0.00872666 s/step
on time step 23219 (time=2321.9), 0.00873745 s/step
on time step 23674 (time=2367.4), 0.00880781 s/step
on time step 24132 (time=2413.2), 0.00874428 s/step
on time step 24590 (time=2459), 0.00874503 s/step
on time step 25050 (time=2505), 0.00870989 s/step
on time step 25499 (time=2549.9), 0.00891457 s/step
on time step 25956 (time=2595.6), 0.00876542 s/step
on time step 26414 (time=2641.4), 0.00874702 s/step
on time step 26874 (time=2687.4), 0.00871193 s/step
on time step 27334 (time=2733.4), 0.00870006 s/step
on time step 27794 (time=2779.4), 0.00871274 s/step
on time step 28247 (time=2824.7), 0.00883551 s/step
on time step 28703 (time=2870.3), 0.0087749 s/step
on time step 29163 (time=2916.3), 0.00871422 s/step
on time step 29621 (time=2962.1), 0.00874019 s/step
on time step 30080 (time=3008), 0.008722 s/step
on time step 30529 (time=3052.9), 0.00892548 s/step
on time step 30988 (time=3098.8), 0.00871948 s/step
on time step 31444 (time=3144.4), 0.00877246 s/step
on time step 31902 (time=3190.2), 0.00874642 s/step
on time step 32351 (time=3235.1), 0.00891465 s/step
on time step 32808 (time=3280.8), 0.00877153 s/step
on time step 33264 (time=3326.4), 0.00878859 s/step
on time step 33722 (time=3372.2), 0.00874134 s/step
on time step 34172 (time=3417.2), 0.00890086 s/step
on time step 34630 (time=3463), 0.00873933 s/step
on time step 35080 (time=3508), 0.00890174 s/step
on time step 35535 (time=3553.5), 0.0087941 s/step
on time step 35991 (time=3599.1), 0.00877885 s/step
on time step 36445 (time=3644.5), 0.00881473 s/step
on time step 36893 (time=3689.3), 0.00894041 s/step
on time step 37351 (time=3735.1), 0.00875121 s/step
on time step 37805 (time=3780.5), 0.00882608 s/step
on time step 38253 (time=3825.3), 0.0089472 s/step
on time step 38708 (time=3870.8), 0.00880368 s/step
on time step 39149 (time=3914.9), 0.00907238 s/step
on time step 39593 (time=3959.3), 0.00901955 s/step
field decay(t = 4000.1000000000004): 0.005618275293129225 / 0.3329734755111129 = 0.016873041567365677
on time step 40043 (time=4004.3), 0.00889408 s/step
on time step 40493 (time=4049.3), 0.00889707 s/step
on time step 40943 (time=4094.3), 0.00889523 s/step
on time step 41381 (time=4138.1), 0.0091523 s/step
on time step 41823 (time=4182.3), 0.00906315 s/step
on time step 42269 (time=4226.9), 0.00898228 s/step
on time step 42718 (time=4271.8), 0.00892298 s/step
on time step 43162 (time=4316.2), 0.00901586 s/step
on time step 43610 (time=4361), 0.00893712 s/step
on time step 44055 (time=4405.5), 0.00900005 s/step
on time step 44503 (time=4450.3), 0.00894275 s/step
on time step 44947 (time=4494.7), 0.00902075 s/step
on time step 45396 (time=4539.6), 0.00892435 s/step
on time step 45837 (time=4583.7), 0.00908525 s/step
on time step 46286 (time=4628.6), 0.00891418 s/step
on time step 46724 (time=4672.4), 0.00913977 s/step
on time step 47168 (time=4716.8), 0.00901926 s/step
on time step 47617 (time=4761.7), 0.00892768 s/step
on time step 48055 (time=4805.5), 0.00913414 s/step
on time step 48493 (time=4849.3), 0.00915171 s/step
on time step 48938 (time=4893.8), 0.00899159 s/step
on time step 49378 (time=4937.8), 0.0091094 s/step
on time step 49824 (time=4982.4), 0.00897468 s/step
on time step 50272 (time=5027.2), 0.00894698 s/step
on time step 50719 (time=5071.9), 0.00895201 s/step
on time step 51163 (time=5116.3), 0.00902275 s/step
on time step 51611 (time=5161.1), 0.00892907 s/step
on time step 52060 (time=5206), 0.00892134 s/step
on time step 52504 (time=5250.4), 0.00902167 s/step
on time step 52955 (time=5295.5), 0.00887093 s/step
on time step 53403 (time=5340.3), 0.00894443 s/step
on time step 53854 (time=5385.4), 0.00887456 s/step
on time step 54310 (time=5431), 0.00878774 s/step
on time step 54767 (time=5476.7), 0.00876118 s/step
on time step 55217 (time=5521.7), 0.0088969 s/step
on time step 55669 (time=5566.9), 0.00885322 s/step
on time step 56126 (time=5612.6), 0.00875745 s/step
on time step 56583 (time=5658.3), 0.00875864 s/step
on time step 57041 (time=5704.1), 0.00873844 s/step
on time step 57501 (time=5750.1), 0.00871324 s/step
on time step 57959 (time=5795.9), 0.00874632 s/step
on time step 58417 (time=5841.7), 0.00874707 s/step
on time step 58874 (time=5887.4), 0.00876212 s/step
on time step 59325 (time=5932.5), 0.00887988 s/step
on time step 59782 (time=5978.2), 0.00875338 s/step
field decay(t = 6000.200000000001): 0.00010196381050802322 / 0.3329734755111129 = 0.0003062220206925167
on time step 60232 (time=6023.2), 0.00889084 s/step
on time step 60691 (time=6069.1), 0.00871626 s/step
on time step 61150 (time=6115), 0.00872421 s/step
on time step 61609 (time=6160.9), 0.00872015 s/step
on time step 62061 (time=6206.1), 0.00885899 s/step
on time step 62512 (time=6251.2), 0.00887912 s/step
on time step 62970 (time=6297), 0.00874665 s/step
on time step 63428 (time=6342.8), 0.00875074 s/step
on time step 63888 (time=6388.8), 0.00870936 s/step
on time step 64340 (time=6434), 0.0088538 s/step
on time step 64799 (time=6479.9), 0.0087283 s/step
on time step 65257 (time=6525.7), 0.00874644 s/step
on time step 65714 (time=6571.4), 0.00876065 s/step
on time step 66167 (time=6616.7), 0.00884729 s/step
on time step 66626 (time=6662.6), 0.00872621 s/step
on time step 67079 (time=6707.9), 0.00883609 s/step
on time step 67538 (time=6753.8), 0.00873231 s/step
on time step 67997 (time=6799.7), 0.00872705 s/step
on time step 68450 (time=6845), 0.00883688 s/step
on time step 68892 (time=6889.2), 0.00906036 s/step
on time step 69349 (time=6934.9), 0.00876382 s/step
on time step 69793 (time=6979.3), 0.00901255 s/step
on time step 70249 (time=7024.9), 0.00878633 s/step
on time step 70705 (time=7070.5), 0.00878567 s/step
on time step 71165 (time=7116.5), 0.00870812 s/step
on time step 71624 (time=7162.4), 0.00872487 s/step
on time step 72083 (time=7208.3), 0.00872412 s/step
on time step 72538 (time=7253.8), 0.00880697 s/step
on time step 72986 (time=7298.6), 0.00892967 s/step
on time step 73442 (time=7344.2), 0.00878452 s/step
on time step 73901 (time=7390.1), 0.00872516 s/step
on time step 74362 (time=7436.2), 0.00869339 s/step
on time step 74810 (time=7481), 0.00893154 s/step
on time step 75268 (time=7526.8), 0.00873603 s/step
on time step 75720 (time=7572), 0.00886376 s/step
on time step 76174 (time=7617.4), 0.00881496 s/step
on time step 76634 (time=7663.4), 0.00869831 s/step
on time step 77091 (time=7709.1), 0.00876009 s/step
on time step 77549 (time=7754.9), 0.00873398 s/step
on time step 78008 (time=7800.8), 0.00872586 s/step
on time step 78467 (time=7846.7), 0.00872488 s/step
on time step 78926 (time=7892.6), 0.0087289 s/step
on time step 79381 (time=7938.1), 0.00879441 s/step
on time step 79835 (time=7983.5), 0.00881095 s/step
field decay(t = 8000.3): 3.94190570538394e-06 / 0.3329734755111129 = 1.1838497644093515e-05
on time step 80293 (time=8029.3), 0.00874533 s/step
on time step 80751 (time=8075.1), 0.00874484 s/step
on time step 81206 (time=8120.6), 0.00879513 s/step
on time step 81662 (time=8166.2), 0.00877996 s/step
on time step 82122 (time=8212.2), 0.00870126 s/step
on time step 82572 (time=8257.2), 0.0089035 s/step
on time step 83029 (time=8302.9), 0.00875422 s/step
on time step 83488 (time=8348.8), 0.00873322 s/step
on time step 83945 (time=8394.5), 0.00875805 s/step
on time step 84405 (time=8440.5), 0.00870769 s/step
on time step 84865 (time=8486.5), 0.00870556 s/step
on time step 85324 (time=8532.4), 0.00871542 s/step
on time step 85781 (time=8578.1), 0.00876602 s/step
on time step 86236 (time=8623.6), 0.00879689 s/step
on time step 86692 (time=8669.2), 0.00878862 s/step
on time step 87151 (time=8715.1), 0.00872505 s/step
on time step 87610 (time=8761), 0.00872518 s/step
on time step 88070 (time=8807), 0.00870663 s/step
on time step 88529 (time=8852.9), 0.00872644 s/step
on time step 88988 (time=8898.8), 0.00872577 s/step
on time step 89441 (time=8944.1), 0.00884522 s/step
on time step 89898 (time=8989.8), 0.00876334 s/step
on time step 90350 (time=9035), 0.00885951 s/step
on time step 90807 (time=9080.7), 0.00875395 s/step
on time step 91267 (time=9126.7), 0.00869832 s/step
on time step 91727 (time=9172.7), 0.00870837 s/step
on time step 92178 (time=9217.8), 0.00887448 s/step
on time step 92637 (time=9263.7), 0.00872462 s/step
on time step 93092 (time=9309.2), 0.00880684 s/step
on time step 93546 (time=9354.6), 0.00881497 s/step
on time step 94000 (time=9400), 0.00882525 s/step
on time step 94454 (time=9445.4), 0.00884258 s/step
on time step 94903 (time=9490.3), 0.0089095 s/step
on time step 95358 (time=9535.8), 0.00880037 s/step
on time step 95810 (time=9581), 0.00886475 s/step
on time step 96263 (time=9626.3), 0.00883652 s/step
on time step 96719 (time=9671.9), 0.00878158 s/step
on time step 97179 (time=9717.9), 0.00871339 s/step
on time step 97636 (time=9763.6), 0.00875661 s/step
on time step 98096 (time=9809.6), 0.00869768 s/step
on time step 98554 (time=9855.4), 0.00873643 s/step
on time step 99013 (time=9901.3), 0.00871471 s/step
on time step 99470 (time=9947), 0.00875488 s/step
on time step 99925 (time=9992.5), 0.00880768 s/step
field decay(t = 10000.400000000001): 1.0247654731144702e-07 / 0.3329734755111129 = 3.077618935086224e-07
on time step 100380 (time=10038), 0.00879719 s/step
on time step 100833 (time=10083.3), 0.00883876 s/step
on time step 101291 (time=10129.1), 0.00874472 s/step
on time step 101751 (time=10175.1), 0.00870525 s/step
on time step 102206 (time=10220.6), 0.00879135 s/step
on time step 102664 (time=10266.4), 0.00874206 s/step
on time step 103117 (time=10311.7), 0.00883285 s/step
on time step 103573 (time=10357.3), 0.00877493 s/step
on time step 104031 (time=10403.1), 0.00873581 s/step
on time step 104478 (time=10447.8), 0.00896605 s/step
on time step 104937 (time=10493.7), 0.00872799 s/step
creating output file "data/2021-11-12/LargerDevice//RunModel-denergy-010500.00.h5"...
on time step 105354 (time=10535.4), 0.0095963 s/step
on time step 105811 (time=10581.1), 0.00875375 s/step
on time step 106269 (time=10626.9), 0.00874027 s/step
on time step 106720 (time=10672), 0.00887498 s/step
on time step 107170 (time=10717), 0.00890051 s/step
on time step 107628 (time=10762.8), 0.00875268 s/step
on time step 108083 (time=10808.3), 0.00881026 s/step
on time step 108539 (time=10853.9), 0.00878159 s/step
on time step 108995 (time=10899.5), 0.0087898 s/step
on time step 109449 (time=10944.9), 0.00882342 s/step
on time step 109888 (time=10988.8), 0.00912282 s/step
on time step 110339 (time=11033.9), 0.00888435 s/step
on time step 110793 (time=11079.3), 0.00882754 s/step
on time step 111245 (time=11124.5), 0.0088561 s/step
on time step 111700 (time=11170), 0.00880517 s/step
on time step 112150 (time=11215), 0.00890772 s/step
on time step 112605 (time=11260.5), 0.00880928 s/step
on time step 113059 (time=11305.9), 0.00882738 s/step
on time step 113509 (time=11350.9), 0.00890162 s/step
on time step 113956 (time=11395.6), 0.00894894 s/step
on time step 114409 (time=11440.9), 0.00883242 s/step
on time step 114853 (time=11485.3), 0.00902478 s/step
on time step 115305 (time=11530.5), 0.00886584 s/step
on time step 115756 (time=11575.6), 0.00888632 s/step
on time step 116209 (time=11620.9), 0.00884425 s/step
on time step 116657 (time=11665.7), 0.00893676 s/step
on time step 117108 (time=11710.8), 0.00887384 s/step
on time step 117560 (time=11756), 0.00886001 s/step
on time step 118006 (time=11800.6), 0.00897028 s/step
on time step 118459 (time=11845.9), 0.00883978 s/step
on time step 118910 (time=11891), 0.00887993 s/step
on time step 119364 (time=11936.4), 0.00881251 s/step
on time step 119814 (time=11981.4), 0.00890022 s/step
field decay(t = 12000.5): 3.2059696528252897e-09 / 0.3329734755111129 = 9.628303419376393e-09
on time step 120261 (time=12026.1), 0.00895255 s/step
on time step 120706 (time=12070.6), 0.00899242 s/step
on time step 121155 (time=12115.5), 0.00892428 s/step
on time step 121602 (time=12160.2), 0.00894865 s/step
on time step 122049 (time=12204.9), 0.00895891 s/step
on time step 122500 (time=12250), 0.00887042 s/step
on time step 122950 (time=12295), 0.00890102 s/step
on time step 123389 (time=12338.9), 0.00912597 s/step
on time step 123841 (time=12384.1), 0.0088551 s/step
on time step 124298 (time=12429.8), 0.00875805 s/step
on time step 124747 (time=12474.7), 0.00891017 s/step
on time step 125206 (time=12520.6), 0.00872282 s/step
on time step 125664 (time=12566.4), 0.00874391 s/step
on time step 126123 (time=12612.3), 0.00872014 s/step
on time step 126572 (time=12657.2), 0.00892669 s/step
on time step 127026 (time=12702.6), 0.00881384 s/step
on time step 127480 (time=12748), 0.00881838 s/step
on time step 127939 (time=12793.9), 0.00872015 s/step
on time step 128398 (time=12839.8), 0.00873616 s/step
on time step 128859 (time=12885.9), 0.00869182 s/step
on time step 129318 (time=12931.8), 0.00871812 s/step
on time step 129776 (time=12977.6), 0.00874979 s/step
on time step 130231 (time=13023.1), 0.00880971 s/step
on time step 130683 (time=13068.3), 0.00885292 s/step
on time step 131143 (time=13114.3), 0.00870347 s/step
on time step 131597 (time=13159.7), 0.00881698 s/step
on time step 132057 (time=13205.7), 0.00871117 s/step
on time step 132517 (time=13251.7), 0.00870886 s/step
on time step 132977 (time=13297.7), 0.00869988 s/step
on time step 133436 (time=13343.6), 0.00873117 s/step
on time step 133891 (time=13389.1), 0.00879927 s/step
on time step 134344 (time=13434.4), 0.00884372 s/step
on time step 134804 (time=13480.4), 0.00870017 s/step
on time step 135261 (time=13526.1), 0.00875704 s/step
on time step 135722 (time=13572.2), 0.00869341 s/step
on time step 136179 (time=13617.9), 0.00876855 s/step
on time step 136633 (time=13663.3), 0.00882638 s/step
on time step 137086 (time=13708.6), 0.00884882 s/step
on time step 137543 (time=13754.3), 0.00876066 s/step
on time step 137997 (time=13799.7), 0.00882934 s/step
on time step 138454 (time=13845.4), 0.00875621 s/step
on time step 138914 (time=13891.4), 0.00870784 s/step
on time step 139372 (time=13937.2), 0.00873435 s/step
on time step 139831 (time=13983.1), 0.00872153 s/step
field decay(t = 14000.6): 1.1305675873736911e-11 / 0.3329734755111129 = 3.395368311659884e-11
run 0 finished at t = 14000.6 (140006 timesteps)

Elapsed run time = 1792.2185 s
