Using MPI version 3.1, 16 processes
WD: data/2021-11-08/TopsyTestRes5StopCenter/
AlreadyDir
-----------
Initializing structure...
Splitting into 16 chunks by voxels
time for choose_chunkdivision = 0.00206679 s
Working in 2D dimensions.
Computational cell is 670 x 100 x 0 with resolution 5
     block, center = (0,0,0)
          size (1e+20,1e+20,1e+20)
          axes (1,0,0), (0,1,0), (0,0,1)
          dielectric constant epsilon diagonal = (1.9881,1.9881,1.9881)
     block, center = (0,-30.25,0)
          size (1e+20,62.5,1e+20)
          axes (1,0,0), (0,1,0), (0,0,1)
          dielectric constant epsilon diagonal = (2.0736,2.0736,2.0736)
     block, center = (0,0,0)
          size (1e+20,8.2,1e+20)
          axes (1,0,0), (0,1,0), (0,0,1)
          dielectric constant epsilon diagonal = (2.08803,2.08803,2.08803)
time for set_epsilon = 0.446738 s
-----------
MPB solved for frequency_1(0.4,0,0) = 0.278047 after 54 iters
MPB solved for frequency_1(0.930869,0,0) = 0.645079 after 34 iters
MPB solved for frequency_1(0.930988,0,0) = 0.645161 after 11 iters
MPB solved for frequency_1(0.930988,0,0) = 0.645161 after 1 iters
Meep: using output directory 'data/2021-11-08/TopsyTestRes5StopCenter/'
Vector3<331.5, 0.0, 0.0>
on time step 498 (time=49.8), 0.00804615 s/step
on time step 1041 (time=104.1), 0.00737639 s/step
on time step 1577 (time=157.7), 0.00747312 s/step
on time step 2108 (time=210.8), 0.00754439 s/step
on time step 2637 (time=263.7), 0.00757186 s/step
on time step 3159 (time=315.9), 0.00766607 s/step
on time step 3685 (time=368.5), 0.00760739 s/step
on time step 4200 (time=420), 0.00777965 s/step
on time step 4721 (time=472.1), 0.00768275 s/step
on time step 5233 (time=523.3), 0.00781318 s/step
on time step 5776 (time=577.6), 0.00736727 s/step
on time step 6334 (time=633.4), 0.00717936 s/step
on time step 6890 (time=689), 0.00719653 s/step
on time step 7396 (time=739.6), 0.00792686 s/step
on time step 7817 (time=781.7), 0.00951479 s/step
on time step 8375 (time=837.5), 0.00717715 s/step
on time step 8932 (time=893.2), 0.00718951 s/step
on time step 9490 (time=949), 0.00717861 s/step
on time step 10048 (time=1004.8), 0.00717875 s/step
on time step 10606 (time=1060.6), 0.00717767 s/step
on time step 11164 (time=1116.4), 0.00717862 s/step
on time step 11717 (time=1171.7), 0.00723557 s/step
on time step 12275 (time=1227.5), 0.00717796 s/step
on time step 12833 (time=1283.3), 0.00718123 s/step
on time step 13391 (time=1339.1), 0.00717986 s/step
on time step 13949 (time=1394.9), 0.00718062 s/step
on time step 14507 (time=1450.7), 0.00717823 s/step
on time step 15065 (time=1506.5), 0.00718094 s/step
on time step 15622 (time=1562.2), 0.0071915 s/step
on time step 16172 (time=1617.2), 0.00727404 s/step
on time step 16706 (time=1670.6), 0.00749503 s/step
on time step 17234 (time=1723.4), 0.00758952 s/step
on time step 17761 (time=1776.1), 0.00759235 s/step
on time step 18289 (time=1828.9), 0.00758649 s/step
on time step 18812 (time=1881.2), 0.00765636 s/step
on time step 19339 (time=1933.9), 0.00759706 s/step
on time step 19866 (time=1986.6), 0.00760344 s/step
field decay(t = 2000.1000000000001): 0.20579103187900455 / 0.20579103187900455 = 1.0
on time step 20393 (time=2039.3), 0.00760072 s/step
on time step 20919 (time=2091.9), 0.00760619 s/step
on time step 21446 (time=2144.6), 0.007593 s/step
on time step 21973 (time=2197.3), 0.00759723 s/step
on time step 22500 (time=2250), 0.00759428 s/step
on time step 23027 (time=2302.7), 0.0075906 s/step
on time step 23552 (time=2355.2), 0.00762215 s/step
on time step 24079 (time=2407.9), 0.00759477 s/step
on time step 24606 (time=2460.6), 0.00760044 s/step
on time step 25133 (time=2513.3), 0.00760245 s/step
on time step 25660 (time=2566), 0.00759537 s/step
on time step 26187 (time=2618.7), 0.00759625 s/step
on time step 26711 (time=2671.1), 0.00764599 s/step
on time step 27238 (time=2723.8), 0.00759626 s/step
on time step 27765 (time=2776.5), 0.00759671 s/step
on time step 28291 (time=2829.1), 0.00761728 s/step
on time step 28816 (time=2881.6), 0.00761996 s/step
on time step 29341 (time=2934.1), 0.00763136 s/step
on time step 29866 (time=2986.6), 0.00763209 s/step
on time step 30390 (time=3039), 0.00764097 s/step
on time step 30913 (time=3091.3), 0.0076515 s/step
on time step 31434 (time=3143.4), 0.00767826 s/step
on time step 31957 (time=3195.7), 0.00765531 s/step
on time step 32480 (time=3248), 0.00766201 s/step
on time step 33003 (time=3300.3), 0.00764831 s/step
on time step 33527 (time=3352.7), 0.0076429 s/step
on time step 34051 (time=3405.1), 0.00763381 s/step
on time step 34573 (time=3457.3), 0.00767582 s/step
on time step 35100 (time=3510), 0.00759821 s/step
on time step 35627 (time=3562.7), 0.00760362 s/step
on time step 36154 (time=3615.4), 0.00759886 s/step
on time step 36681 (time=3668.1), 0.00759824 s/step
on time step 37208 (time=3720.8), 0.00759585 s/step
on time step 37735 (time=3773.5), 0.00759672 s/step
on time step 38262 (time=3826.2), 0.00759292 s/step
on time step 38789 (time=3878.9), 0.00759304 s/step
on time step 39314 (time=3931.4), 0.00762725 s/step
on time step 39841 (time=3984.1), 0.0075949 s/step
field decay(t = 4000.1000000000004): 1.1759586036301515e-14 / 0.20579103187900455 = 5.714333578547582e-14
run 0 finished at t = 4000.1000000000004 (40001 timesteps)
WD: data/2021-11-08/TopsyTestRes5StopCenter/
AlreadyDir
-----------
Initializing structure...
Splitting into 16 chunks by voxels
time for choose_chunkdivision = 0.00226866 s
Working in 2D dimensions.
Computational cell is 670 x 100 x 0 with resolution 5
     block, center = (0,0,0)
          size (1e+20,1e+20,1e+20)
          axes (1,0,0), (0,1,0), (0,0,1)
          dielectric constant epsilon diagonal = (1.9881,1.9881,1.9881)
     block, center = (0,-30.25,0)
          size (1e+20,62.5,1e+20)
          axes (1,0,0), (0,1,0), (0,0,1)
          dielectric constant epsilon diagonal = (2.0736,2.0736,2.0736)
     block, center = (0,0,0)
          size (1e+20,8.2,1e+20)
          axes (1,0,0), (0,1,0), (0,0,1)
          dielectric constant epsilon diagonal = (2.08803,2.08803,2.08803)
     block, center = (0,-14.9,0)
          size (30,40,1e+20)
          axes (1,0,0), (0,1,0), (0,0,1)
          dielectric constant epsilon diagonal = (1.9881,1.9881,1.9881)
time for set_epsilon = 0.478123 s
-----------
MPB solved for frequency_1(0.4,0,0) = 0.278047 after 54 iters
MPB solved for frequency_1(0.930869,0,0) = 0.645079 after 33 iters
MPB solved for frequency_1(0.930988,0,0) = 0.645161 after 11 iters
MPB solved for frequency_1(0.930988,0,0) = 0.645161 after 1 iters
Meep: using output directory 'data/2021-11-08/TopsyTestRes5StopCenter/'
Actual Simtime: 3.3333333333333334e-09
creating output file "data/2021-11-08/TopsyTestRes5StopCenter//RunModel-eps-000000.00.h5"...
on time step 474 (time=47.4), 0.0084401 s/step
on time step 994 (time=99.4), 0.00770289 s/step
on time step 1507 (time=150.7), 0.00781048 s/step
on time step 2013 (time=201.3), 0.00791328 s/step
on time step 2515 (time=251.5), 0.00797556 s/step
on time step 3014 (time=301.4), 0.00802696 s/step
on time step 3514 (time=351.4), 0.00801022 s/step
on time step 4007 (time=400.7), 0.00811949 s/step
on time step 4501 (time=450.1), 0.0081065 s/step
on time step 4991 (time=499.1), 0.0081688 s/step
on time step 5486 (time=548.6), 0.00809632 s/step
on time step 5999 (time=599.9), 0.00780356 s/step
on time step 6507 (time=650.7), 0.00788144 s/step
on time step 7015 (time=701.5), 0.00787644 s/step
on time step 7423 (time=742.3), 0.00981875 s/step
on time step 7861 (time=786.1), 0.00914282 s/step
on time step 8387 (time=838.7), 0.00760473 s/step
on time step 8913 (time=891.3), 0.00761142 s/step
on time step 9439 (time=943.9), 0.00760903 s/step
on time step 9961 (time=996.1), 0.00767052 s/step
on time step 10488 (time=1048.8), 0.00760043 s/step
on time step 11016 (time=1101.6), 0.00758987 s/step
on time step 11542 (time=1154.2), 0.0076136 s/step
on time step 12068 (time=1206.8), 0.00760889 s/step
on time step 12594 (time=1259.4), 0.00760728 s/step
on time step 13120 (time=1312), 0.00761095 s/step
on time step 13646 (time=1364.6), 0.0076154 s/step
on time step 14170 (time=1417), 0.00764555 s/step
on time step 14697 (time=1469.7), 0.00760114 s/step
on time step 15223 (time=1522.3), 0.00760676 s/step
on time step 15749 (time=1574.9), 0.00760977 s/step
on time step 16275 (time=1627.5), 0.00761547 s/step
on time step 16802 (time=1680.2), 0.00760222 s/step
on time step 17328 (time=1732.8), 0.00760914 s/step
on time step 17849 (time=1784.9), 0.00768443 s/step
on time step 18375 (time=1837.5), 0.00761273 s/step
on time step 18901 (time=1890.1), 0.00761188 s/step
on time step 19427 (time=1942.7), 0.00761078 s/step
on time step 19953 (time=1995.3), 0.00760873 s/step
field decay(t = 2000.1000000000001): 0.7815530598009773 / 0.7815530598009773 = 1.0
on time step 20479 (time=2047.9), 0.00761429 s/step
on time step 21005 (time=2100.5), 0.00761583 s/step
on time step 21531 (time=2153.1), 0.00761448 s/step
on time step 22055 (time=2205.5), 0.00764223 s/step
on time step 22582 (time=2258.2), 0.00760405 s/step
on time step 23107 (time=2310.7), 0.0076199 s/step
on time step 23633 (time=2363.3), 0.00761386 s/step
on time step 24159 (time=2415.9), 0.00761132 s/step
on time step 24685 (time=2468.5), 0.00760564 s/step
on time step 25211 (time=2521.1), 0.00761225 s/step
on time step 25733 (time=2573.3), 0.00766413 s/step
on time step 26259 (time=2625.9), 0.00760778 s/step
on time step 26785 (time=2678.5), 0.00761667 s/step
on time step 27311 (time=2731.1), 0.00761282 s/step
on time step 27837 (time=2783.7), 0.00761707 s/step
on time step 28363 (time=2836.3), 0.0076097 s/step
on time step 28889 (time=2888.9), 0.00761009 s/step
on time step 29415 (time=2941.5), 0.0076137 s/step
on time step 29939 (time=2993.9), 0.00763825 s/step
on time step 30465 (time=3046.5), 0.00761221 s/step
on time step 30991 (time=3099.1), 0.0076185 s/step
on time step 31517 (time=3151.7), 0.0076164 s/step
on time step 32043 (time=3204.3), 0.00760774 s/step
on time step 32569 (time=3256.9), 0.00761755 s/step
on time step 33095 (time=3309.5), 0.00760625 s/step
on time step 33617 (time=3361.7), 0.00766418 s/step
on time step 34143 (time=3414.3), 0.0076186 s/step
on time step 34669 (time=3466.9), 0.00761344 s/step
on time step 35194 (time=3519.4), 0.00762296 s/step
on time step 35719 (time=3571.9), 0.00761908 s/step
on time step 36244 (time=3624.4), 0.00762204 s/step
on time step 36770 (time=3677), 0.00761322 s/step
on time step 37296 (time=3729.6), 0.00761826 s/step
on time step 37820 (time=3782), 0.00763865 s/step
on time step 38347 (time=3834.7), 0.00759589 s/step
on time step 38873 (time=3887.3), 0.00761144 s/step
on time step 39398 (time=3939.8), 0.00762202 s/step
on time step 39923 (time=3992.3), 0.00763019 s/step
field decay(t = 4000.1000000000004): 6.148441394019938e-09 / 0.7815530598009773 = 7.866953263014082e-09
on time step 40448 (time=4044.8), 0.00762136 s/step
on time step 40974 (time=4097.4), 0.00761641 s/step
on time step 41495 (time=4149.5), 0.0076843 s/step
on time step 42021 (time=4202.1), 0.00760978 s/step
on time step 42547 (time=4254.7), 0.00760799 s/step
on time step 43073 (time=4307.3), 0.00761446 s/step
on time step 43599 (time=4359.9), 0.00761639 s/step
on time step 44124 (time=4412.4), 0.00762022 s/step
on time step 44649 (time=4464.9), 0.0076273 s/step
on time step 45175 (time=4517.5), 0.00761479 s/step
on time step 45699 (time=4569.9), 0.00764474 s/step
on time step 46225 (time=4622.5), 0.00761015 s/step
on time step 46751 (time=4675.1), 0.00761287 s/step
on time step 47276 (time=4727.6), 0.00762614 s/step
on time step 47802 (time=4780.2), 0.00761063 s/step
on time step 48327 (time=4832.7), 0.00762112 s/step
on time step 48852 (time=4885.2), 0.00762207 s/step
on time step 49374 (time=4937.4), 0.00767073 s/step
on time step 49899 (time=4989.9), 0.00761964 s/step
on time step 50424 (time=5042.4), 0.00763186 s/step
on time step 50950 (time=5095), 0.00761788 s/step
on time step 51476 (time=5147.6), 0.00761165 s/step
on time step 52002 (time=5200.2), 0.00761098 s/step
on time step 52527 (time=5252.7), 0.00762497 s/step
on time step 53053 (time=5305.3), 0.00761166 s/step
on time step 53577 (time=5357.7), 0.00764018 s/step
on time step 54103 (time=5410.3), 0.00760998 s/step
on time step 54628 (time=5462.8), 0.007623 s/step
on time step 55153 (time=5515.3), 0.00762075 s/step
on time step 55679 (time=5567.9), 0.00760781 s/step
on time step 56205 (time=5620.5), 0.00761423 s/step
on time step 56731 (time=5673.1), 0.00761493 s/step
on time step 57252 (time=5725.2), 0.00768483 s/step
on time step 57778 (time=5777.8), 0.00761821 s/step
on time step 58304 (time=5830.4), 0.00760919 s/step
on time step 58830 (time=5883), 0.0076117 s/step
on time step 59355 (time=5935.5), 0.0076198 s/step
on time step 59881 (time=5988.1), 0.00761782 s/step
field decay(t = 6000.200000000001): 7.488959176044663e-16 / 0.7815530598009773 = 9.582150670552973e-16
run 0 finished at t = 6000.200000000001 (60002 timesteps)

Elapsed run time = 766.7355 s
