Using MPI version 3.1, 256 processes
WD: data/2021-11-20/LargeModelPDMS/
AlreadyDir
-----------
Initializing structure...
Splitting into 256 chunks by voxels
time for choose_chunkdivision = 0.0133953 s
Working in 2D dimensions.
Computational cell is 1710 x 100 x 0 with resolution 6
     block, center = (0,0,0)
          size (1e+20,1e+20,1e+20)
          axes (1,0,0), (0,1,0), (0,0,1)
          dielectric constant epsilon diagonal = (1.9881,1.9881,1.9881)
     block, center = (0,-26.25,0)
          size (1e+20,62.5,1e+20)
          axes (1,0,0), (0,1,0), (0,0,1)
          dielectric constant epsilon diagonal = (2.0736,2.0736,2.0736)
     block, center = (0,0,0)
          size (1e+20,8.2,1e+20)
          axes (1,0,0), (0,1,0), (0,0,1)
          dielectric constant epsilon diagonal = (2.08803,2.08803,2.08803)
time for set_epsilon = 0.374628 s
-----------
MPB solved for frequency_1(0.4,0,0) = 0.277839 after 44 iters
MPB solved for frequency_1(0.931237,0,0) = 0.645169 after 34 iters
MPB solved for frequency_1(0.931226,0,0) = 0.645161 after 3 iters
MPB solved for frequency_1(0.931226,0,0) = 0.645161 after 1 iters
Meep: using output directory 'data/2021-11-20/LargeModelPDMS/'
Vector3<850.0, 0.0, 0.0>
on time step 1 (time=0.0833333), 63.3027 s/step
on time step 37 (time=3.08333), 0.113767 s/step
on time step 66 (time=5.5), 0.139026 s/step
on time step 108 (time=9), 0.0959924 s/step
on time step 146 (time=12.1667), 0.106972 s/step
on time step 180 (time=15), 0.11789 s/step
on time step 221 (time=18.4167), 0.0989948 s/step
srun: Job step aborted: Waiting up to 62 seconds for job step to finish.
srun: got SIGCONT
slurmstepd: error: *** JOB 552721 ON topsy-cn-1-10 CANCELLED AT 2021-11-20T17:55:05 ***
srun: forcing job termination
slurmstepd: error: *** STEP 552721.0 ON topsy-cn-1-10 CANCELLED AT 2021-11-20T17:55:05 ***
srun: error: topsy-cn-2-14: tasks 123-126: Terminated
srun: error: topsy-cn-2-16: tasks 127-145: Terminated
srun: error: topsy-cn-2-22: tasks 235-255: Terminated
srun: error: topsy-cn-2-19: tasks 169-192: Terminated
srun: error: topsy-cn-2-7: tasks 85-103: Terminated
srun: error: topsy-cn-1-10: tasks 0-12: Terminated
srun: error: topsy-cn-2-6: tasks 63-84: Terminated
srun: error: topsy-cn-2-13: tasks 104-122: Terminated
srun: error: topsy-cn-2-17: tasks 146-168: Terminated
srun: error: topsy-cn-1-13: tasks 29-40: Terminated
srun: error: topsy-cn-1-12: tasks 13-28: Terminated
srun: error: topsy-cn-2-20: tasks 193-213: Terminated
srun: error: topsy-cn-2-21: tasks 214-234: Terminated
srun: error: topsy-cn-1-14: tasks 41-62: Terminated
