Using MPI version 3.1, 16 processes
WD: data/2021-12-03/DebuggingTopsy/
-----------
Initializing structure...
Splitting into 16 chunks by voxels
time for choose_chunkdivision = 0.00209119 s
Working in 2D dimensions.
Computational cell is 250 x 100 x 0 with resolution 12
     block, center = (0,0,0)
          size (1e+20,1e+20,1e+20)
          axes (1,0,0), (0,1,0), (0,0,1)
          dielectric constant epsilon diagonal = (1.99622,1.99622,1.99622)
     block, center = (0,-26.25,0)
          size (1e+20,62.5,1e+20)
          axes (1,0,0), (0,1,0), (0,0,1)
          dielectric constant epsilon diagonal = (2.0746,2.0746,2.0746)
     block, center = (0,0,0)
          size (1e+20,8.2,1e+20)
          axes (1,0,0), (0,1,0), (0,0,1)
          dielectric constant epsilon diagonal = (2.08903,2.08903,2.08903)
time for set_epsilon = 0.203031 s
-----------
MPB solved for frequency_1(0.4,0,0) = 0.277754 after 72 iters
MPB solved for frequency_1(0.931446,0,0) = 0.645152 after 29 iters
MPB solved for frequency_1(0.93146,0,0) = 0.645161 after 11 iters
MPB solved for frequency_1(0.93146,0,0) = 0.645161 after 1 iters
Meep: using output directory 'data/2021-12-03/DebuggingTopsy/'


Normalisation Run


on time step 188 (time=7.83333), 0.0213175 s/step
on time step 401 (time=16.7083), 0.0188533 s/step
on time step 612 (time=25.5), 0.0190407 s/step
on time step 826 (time=34.4167), 0.0187532 s/step
on time step 1040 (time=43.3333), 0.0187371 s/step
on time step 1253 (time=52.2083), 0.0188456 s/step
on time step 1465 (time=61.0417), 0.0188905 s/step
Meep progress: 65.33333333333333/361.3370380848229 = 18.1% done in 30.0s, 136.0s to go
on time step 1679 (time=69.9583), 0.0187135 s/step
on time step 1893 (time=78.875), 0.0187501 s/step
on time step 2104 (time=87.6667), 0.019005 s/step
on time step 2315 (time=96.4583), 0.0189697 s/step
on time step 2528 (time=105.333), 0.0188265 s/step
on time step 2735 (time=113.958), 0.0193649 s/step
on time step 2940 (time=122.5), 0.0195449 s/step
Meep progress: 130.79166666666666/361.3370380848229 = 36.2% done in 60.0s, 105.8s to go
on time step 3145 (time=131.042), 0.0195503 s/step
on time step 3351 (time=139.625), 0.019482 s/step
on time step 3555 (time=148.125), 0.0196268 s/step
on time step 3760 (time=156.667), 0.0195249 s/step
on time step 3965 (time=165.208), 0.0195581 s/step
on time step 4170 (time=173.75), 0.0195819 s/step
on time step 4377 (time=182.375), 0.0193634 s/step
on time step 4585 (time=191.042), 0.0193157 s/step
Meep progress: 194.95833333333331/361.3370380848229 = 54.0% done in 90.0s, 76.8s to go
on time step 4793 (time=199.708), 0.0193125 s/step
srun: Job step aborted: Waiting up to 62 seconds for job step to finish.
srun: got SIGCONT
slurmstepd: error: *** STEP 557628.0 ON topsy-cn-1-8 CANCELLED AT 2021-12-03T11:00:53 ***
slurmstepd: error: *** JOB 557628 ON topsy-cn-1-8 CANCELLED AT 2021-12-03T11:00:53 ***
srun: forcing job termination
srun: error: topsy-cn-1-8: tasks 0-15: Terminated
