Using MPI version 3.1, 24 processes
WD: data/2021-12-15/EllipseTopsy/
AlreadyDir
-----------
Initializing structure...
Splitting into 24 chunks by voxels
time for choose_chunkdivision = 0.00475916 s
Working in 2D dimensions.
Computational cell is 820 x 120 x 0 with resolution 10
     block, center = (0,0,0)
          size (1e+20,1e+20,1e+20)
          axes (1,0,0), (0,1,0), (0,0,1)
          dielectric constant epsilon diagonal = (1.99622,1.99622,1.99622)
     block, center = (0,-57.4,0)
          size (1e+20,125,1e+20)
          axes (1,0,0), (0,1,0), (0,0,1)
          dielectric constant epsilon diagonal = (2.0746,2.0746,2.0746)
     block, center = (0,0,0)
          size (1e+20,8.2,1e+20)
          axes (1,0,0), (0,1,0), (0,0,1)
          dielectric constant epsilon diagonal = (2.08903,2.08903,2.08903)
time for set_epsilon = 0.540005 s
-----------
MPB solved for frequency_1(0.4,0,0) = 0.27776 after 47 iters
MPB solved for frequency_1(0.931428,0,0) = 0.645149 after 32 iters
MPB solved for frequency_1(0.931446,0,0) = 0.645161 after 6 iters
MPB solved for frequency_1(0.931446,0,0) = 0.645161 after 1 iters
Meep: using output directory 'data/2021-12-15/EllipseTopsy/'


Normalisation Run


on time step 179 (time=8.95), 0.0223932 s/step
on time step 451 (time=22.55), 0.0147433 s/step
on time step 710 (time=35.5), 0.0154705 s/step
on time step 982 (time=49.1), 0.0147585 s/step
on time step 1247 (time=62.35), 0.0151351 s/step
on time step 1506 (time=75.3), 0.0154899 s/step
on time step 1761 (time=88.05), 0.0157073 s/step
Meep progress: 93.95/2370.3709698364382 = 4.0% done in 30.0s, 727.0s to go
on time step 2009 (time=100.45), 0.0161292 s/step
on time step 2256 (time=112.8), 0.0162192 s/step
on time step 2505 (time=125.25), 0.0160862 s/step
on time step 2759 (time=137.95), 0.0157626 s/step
on time step 3006 (time=150.3), 0.016242 s/step
on time step 3249 (time=162.45), 0.0165255 s/step
on time step 3488 (time=174.4), 0.0167657 s/step
Meep progress: 186.15/2370.3709698364382 = 7.9% done in 60.0s, 704.1s to go
on time step 3731 (time=186.55), 0.0164982 s/step
on time step 3980 (time=199), 0.0160801 s/step
on time step 4221 (time=211.05), 0.0166127 s/step
on time step 4461 (time=223.05), 0.0166872 s/step
on time step 4701 (time=235.05), 0.0167368 s/step
on time step 4939 (time=246.95), 0.016828 s/step
on time step 5178 (time=258.9), 0.0167486 s/step
on time step 5420 (time=271), 0.0165704 s/step
Meep progress: 276.6/2370.3709698364382 = 11.7% done in 90.0s, 681.4s to go
on time step 5664 (time=283.2), 0.0164501 s/step
on time step 5905 (time=295.25), 0.0166165 s/step
on time step 6146 (time=307.3), 0.0166627 s/step
on time step 6388 (time=319.4), 0.0165704 s/step
on time step 6633 (time=331.65), 0.0163606 s/step
on time step 6875 (time=343.75), 0.0165762 s/step
on time step 7110 (time=355.5), 0.0170415 s/step
Meep progress: 366.8/2370.3709698364382 = 15.5% done in 120.0s, 655.6s to go
on time step 7350 (time=367.5), 0.0167013 s/step
on time step 7590 (time=379.5), 0.016706 s/step
on time step 7837 (time=391.85), 0.0162022 s/step
on time step 8078 (time=403.9), 0.0166657 s/step
on time step 8318 (time=415.9), 0.0166722 s/step
on time step 8555 (time=427.75), 0.0169033 s/step
on time step 8786 (time=439.3), 0.017354 s/step
on time step 9025 (time=451.25), 0.0167934 s/step
Meep progress: 456.65000000000003/2370.3709698364382 = 19.3% done in 150.0s, 628.8s to go
on time step 9274 (time=463.7), 0.01611 s/step
on time step 9519 (time=475.95), 0.0163742 s/step
on time step 9764 (time=488.2), 0.0163909 s/step
on time step 10008 (time=500.4), 0.0164319 s/step
on time step 10251 (time=512.55), 0.0164648 s/step
on time step 10501 (time=525.05), 0.0160633 s/step
on time step 10738 (time=536.9), 0.016888 s/step
Meep progress: 548.0/2370.3709698364382 = 23.1% done in 180.0s, 598.7s to go
on time step 10982 (time=549.1), 0.0164518 s/step
on time step 11226 (time=561.3), 0.0164008 s/step
on time step 11470 (time=573.5), 0.0164447 s/step
on time step 11715 (time=585.75), 0.0163361 s/step
on time step 11960 (time=598), 0.016343 s/step
on time step 12196 (time=609.8), 0.0170047 s/step
on time step 12426 (time=621.3), 0.0174119 s/step
on time step 12662 (time=633.1), 0.0169503 s/step
Meep progress: 637.8000000000001/2370.3709698364382 = 26.9% done in 210.0s, 570.6s to go
on time step 12897 (time=644.85), 0.0170317 s/step
on time step 13138 (time=656.9), 0.0166113 s/step
on time step 13374 (time=668.7), 0.0169595 s/step
on time step 13608 (time=680.4), 0.0171156 s/step
on time step 13841 (time=692.05), 0.0172081 s/step
on time step 14071 (time=703.55), 0.0174533 s/step
on time step 14295 (time=714.75), 0.0178979 s/step
Meep progress: 725.3000000000001/2370.3709698364382 = 30.6% done in 240.1s, 544.5s to go
on time step 14532 (time=726.6), 0.0169154 s/step
on time step 14758 (time=737.9), 0.01775 s/step
on time step 14981 (time=749.05), 0.0179685 s/step
on time step 15203 (time=760.15), 0.0180553 s/step
on time step 15424 (time=771.2), 0.0181673 s/step
on time step 15641 (time=782.05), 0.0185173 s/step
on time step 15861 (time=793.05), 0.0181935 s/step
on time step 16084 (time=804.2), 0.0179883 s/step
Meep progress: 808.3000000000001/2370.3709698364382 = 34.1% done in 270.1s, 521.9s to go
on time step 16304 (time=815.2), 0.0182094 s/step
on time step 16523 (time=826.15), 0.0182742 s/step
on time step 16743 (time=837.15), 0.0181917 s/step
on time step 16962 (time=848.1), 0.0182733 s/step
on time step 17181 (time=859.05), 0.0182866 s/step
on time step 17414 (time=870.7), 0.0172315 s/step
on time step 17633 (time=881.65), 0.0183269 s/step
Meep progress: 891.2/2370.3709698364382 = 37.6% done in 300.1s, 498.0s to go
on time step 17855 (time=892.75), 0.0180313 s/step
on time step 18078 (time=903.9), 0.0180087 s/step
on time step 18299 (time=914.95), 0.01816 s/step
on time step 18520 (time=926), 0.0181464 s/step
on time step 18730 (time=936.5), 0.0190999 s/step
on time step 18917 (time=945.85), 0.0214727 s/step
on time step 19101 (time=955.05), 0.021789 s/step
on time step 19290 (time=964.5), 0.0212389 s/step
Meep progress: 967.7/2370.3709698364382 = 40.8% done in 330.1s, 478.4s to go
on time step 19419 (time=970.95), 0.0313758 s/step
on time step 19477 (time=973.85), 0.0699107 s/step
on time step 19615 (time=980.75), 0.0290233 s/step
on time step 19753 (time=987.65), 0.0291972 s/step
on time step 19853 (time=992.65), 0.0402035 s/step
on time step 19955 (time=997.75), 0.0395447 s/step
on time step 20106 (time=1005.3), 0.0264919 s/step
Meep progress: 1013.1/2370.3709698364382 = 42.7% done in 360.1s, 482.4s to go
on time step 20316 (time=1015.8), 0.0190835 s/step
on time step 20590 (time=1029.5), 0.0146021 s/step
on time step 20864 (time=1043.2), 0.0146212 s/step
on time step 21139 (time=1056.95), 0.0145835 s/step
on time step 21414 (time=1070.7), 0.0145592 s/step
on time step 21684 (time=1084.2), 0.0148615 s/step
on time step 21949 (time=1097.45), 0.0151012 s/step
on time step 22224 (time=1111.2), 0.0145783 s/step
Meep progress: 1115.05/2370.3709698364382 = 47.0% done in 390.1s, 439.2s to go
on time step 22498 (time=1124.9), 0.0146099 s/step
on time step 22772 (time=1138.6), 0.014622 s/step
on time step 23046 (time=1152.3), 0.0146345 s/step
on time step 23320 (time=1166), 0.0146157 s/step
on time step 23594 (time=1179.7), 0.0146277 s/step
on time step 23861 (time=1193.05), 0.0149937 s/step
on time step 24130 (time=1206.5), 0.0149232 s/step
Meep progress: 1216.95/2370.3709698364382 = 51.3% done in 420.1s, 398.2s to go
on time step 24403 (time=1220.15), 0.0146914 s/step
on time step 24678 (time=1233.9), 0.0145666 s/step
on time step 24952 (time=1247.6), 0.0146108 s/step
on time step 25227 (time=1261.35), 0.0145979 s/step
on time step 25501 (time=1275.05), 0.014605 s/step
on time step 25772 (time=1288.6), 0.0147826 s/step
on time step 26038 (time=1301.9), 0.0150706 s/step
on time step 26312 (time=1315.6), 0.0145997 s/step
Meep progress: 1319.1000000000001/2370.3709698364382 = 55.6% done in 450.1s, 358.7s to go
on time step 26587 (time=1329.35), 0.0145655 s/step
on time step 26861 (time=1343.05), 0.0146242 s/step
on time step 27135 (time=1356.75), 0.0146171 s/step
on time step 27411 (time=1370.55), 0.0145411 s/step
on time step 27686 (time=1384.3), 0.0145531 s/step
on time step 27955 (time=1397.75), 0.0149213 s/step
on time step 28224 (time=1411.2), 0.0148795 s/step
Meep progress: 1421.3500000000001/2370.3709698364382 = 60.0% done in 480.1s, 320.6s to go
on time step 28498 (time=1424.9), 0.0146247 s/step
on time step 28773 (time=1438.65), 0.0145568 s/step
on time step 29048 (time=1452.4), 0.0145532 s/step
on time step 29323 (time=1466.15), 0.0145523 s/step
on time step 29599 (time=1479.95), 0.0145212 s/step
on time step 29871 (time=1493.55), 0.0147221 s/step
on time step 30138 (time=1506.9), 0.0150129 s/step
on time step 30413 (time=1520.65), 0.0145496 s/step
Meep progress: 1523.8500000000001/2370.3709698364382 = 64.3% done in 510.1s, 283.4s to go
on time step 30687 (time=1534.35), 0.0146054 s/step
on time step 30961 (time=1548.05), 0.0146002 s/step
on time step 31235 (time=1561.75), 0.0146234 s/step
on time step 31510 (time=1575.5), 0.0145737 s/step
on time step 31784 (time=1589.2), 0.0145988 s/step
on time step 32053 (time=1602.65), 0.014892 s/step
on time step 32322 (time=1616.1), 0.0149228 s/step
Meep progress: 1626.0500000000002/2370.3709698364382 = 68.6% done in 540.1s, 247.2s to go
on time step 32596 (time=1629.8), 0.0145995 s/step
on time step 32871 (time=1643.55), 0.0145536 s/step
on time step 33147 (time=1657.35), 0.0145382 s/step
on time step 33423 (time=1671.15), 0.0145257 s/step
on time step 33699 (time=1684.95), 0.0145319 s/step
on time step 33971 (time=1698.55), 0.0147376 s/step
on time step 34238 (time=1711.9), 0.0150177 s/step
on time step 34514 (time=1725.7), 0.0145467 s/step
Meep progress: 1728.6000000000001/2370.3709698364382 = 72.9% done in 570.1s, 211.7s to go
on time step 34790 (time=1739.5), 0.0145255 s/step
on time step 35065 (time=1753.25), 0.0145761 s/step
on time step 35339 (time=1766.95), 0.0145988 s/step
on time step 35615 (time=1780.75), 0.0145432 s/step
on time step 35891 (time=1794.55), 0.0145432 s/step
on time step 36159 (time=1807.95), 0.0149639 s/step
on time step 36429 (time=1821.45), 0.0148446 s/step
Meep progress: 1830.95/2370.3709698364382 = 77.2% done in 600.1s, 176.8s to go
on time step 36703 (time=1835.15), 0.0146072 s/step
on time step 36978 (time=1848.9), 0.0145908 s/step
on time step 37253 (time=1862.65), 0.0145504 s/step
on time step 37529 (time=1876.45), 0.0145243 s/step
on time step 37805 (time=1890.25), 0.0145118 s/step
on time step 38077 (time=1903.85), 0.0147553 s/step
on time step 38343 (time=1917.15), 0.0150649 s/step
on time step 38619 (time=1930.95), 0.014535 s/step
Meep progress: 1933.45/2370.3709698364382 = 81.6% done in 630.1s, 142.4s to go
on time step 38894 (time=1944.7), 0.0145711 s/step
on time step 39168 (time=1958.4), 0.0146112 s/step
on time step 39443 (time=1972.15), 0.0145919 s/step
on time step 39718 (time=1985.9), 0.0145951 s/step
on time step 39993 (time=1999.65), 0.014559 s/step
on time step 40260 (time=2013), 0.0150238 s/step
on time step 40529 (time=2026.45), 0.014898 s/step
Meep progress: 2035.5500000000002/2370.3709698364382 = 85.9% done in 660.1s, 108.6s to go
on time step 40802 (time=2040.1), 0.0146633 s/step
on time step 41077 (time=2053.85), 0.0145896 s/step
on time step 41351 (time=2067.55), 0.0146363 s/step
on time step 41625 (time=2081.25), 0.0146381 s/step
on time step 41898 (time=2094.9), 0.014652 s/step
on time step 42168 (time=2108.4), 0.0148219 s/step
on time step 42433 (time=2121.65), 0.015139 s/step
on time step 42707 (time=2135.35), 0.0146228 s/step
Meep progress: 2137.5/2370.3709698364382 = 90.2% done in 690.2s, 75.2s to go
on time step 42981 (time=2149.05), 0.0146192 s/step
on time step 43254 (time=2162.7), 0.0146876 s/step
on time step 43527 (time=2176.35), 0.0147021 s/step
on time step 43799 (time=2189.95), 0.0147209 s/step
on time step 44070 (time=2203.5), 0.0147902 s/step
on time step 44334 (time=2216.7), 0.0151559 s/step
on time step 44603 (time=2230.15), 0.0149125 s/step
Meep progress: 2238.9500000000003/2370.3709698364382 = 94.5% done in 720.2s, 42.3s to go
on time step 44876 (time=2243.8), 0.014682 s/step
on time step 45149 (time=2257.45), 0.0146692 s/step
on time step 45423 (time=2271.15), 0.0146441 s/step
on time step 45696 (time=2284.8), 0.0146957 s/step
on time step 45969 (time=2298.45), 0.0146889 s/step
on time step 46239 (time=2311.95), 0.0148526 s/step
on time step 46503 (time=2325.15), 0.0151817 s/step
on time step 46776 (time=2338.8), 0.014677 s/step
Meep progress: 2340.55/2370.3709698364382 = 98.7% done in 750.2s, 9.6s to go
on time step 47049 (time=2352.45), 0.0147026 s/step
on time step 47321 (time=2366.05), 0.0147461 s/step
run 0 finished at t = 2370.4 (47408 timesteps)
field decay(t = 2370.4): 3.234867074474557e-18 / 3.234867074474557e-18 = 1.0
on time step 47578 (time=2378.9), 0.0155822 s/step
on time step 47828 (time=2391.4), 0.0160461 s/step
on time step 48078 (time=2403.9), 0.0160164 s/step
on time step 48320 (time=2416), 0.0165834 s/step
on time step 48567 (time=2428.35), 0.0162569 s/step
on time step 48817 (time=2440.85), 0.0160174 s/step
on time step 49069 (time=2453.45), 0.0159309 s/step
on time step 49320 (time=2466), 0.0159464 s/step
on time step 49573 (time=2478.65), 0.0158581 s/step
on time step 49825 (time=2491.25), 0.01592 s/step
on time step 50074 (time=2503.7), 0.016077 s/step
on time step 50318 (time=2515.9), 0.0164176 s/step
on time step 50570 (time=2528.5), 0.0158774 s/step
on time step 50822 (time=2541.1), 0.0158924 s/step
on time step 51072 (time=2553.6), 0.016019 s/step
on time step 51324 (time=2566.2), 0.0158954 s/step
on time step 51576 (time=2578.8), 0.0158819 s/step
on time step 51829 (time=2591.45), 0.0158591 s/step
on time step 52072 (time=2603.6), 0.0165058 s/step
on time step 52321 (time=2616.05), 0.0160652 s/step
on time step 52573 (time=2628.65), 0.0159283 s/step
on time step 52825 (time=2641.25), 0.0159081 s/step
on time step 53075 (time=2653.75), 0.0160161 s/step
on time step 53327 (time=2666.35), 0.0158737 s/step
on time step 53579 (time=2678.95), 0.0159065 s/step
on time step 53829 (time=2691.45), 0.016085 s/step
on time step 54074 (time=2703.7), 0.0163643 s/step
on time step 54327 (time=2716.35), 0.0158341 s/step
on time step 54580 (time=2729), 0.0158641 s/step
on time step 54832 (time=2741.6), 0.0159272 s/step
on time step 55084 (time=2754.2), 0.0159277 s/step
on time step 55336 (time=2766.8), 0.0158961 s/step
on time step 55588 (time=2779.4), 0.0159192 s/step
on time step 55831 (time=2791.55), 0.0165092 s/step
on time step 56081 (time=2804.05), 0.0160562 s/step
on time step 56332 (time=2816.6), 0.0159405 s/step
on time step 56584 (time=2829.2), 0.0158735 s/step
on time step 56837 (time=2841.85), 0.0158681 s/step
on time step 57089 (time=2854.45), 0.0158868 s/step
on time step 57342 (time=2867.1), 0.0158284 s/step
field decay(t = 2870.4500000000003): 5.827248770280121e-18 / 5.827248770280121e-18 = 1.0
on time step 57590 (time=2879.5), 0.0161756 s/step
on time step 57835 (time=2891.75), 0.0163318 s/step
on time step 58088 (time=2904.4), 0.0158515 s/step
on time step 58340 (time=2917), 0.0159031 s/step
on time step 58592 (time=2929.6), 0.0159078 s/step
on time step 58844 (time=2942.2), 0.0158988 s/step
on time step 59097 (time=2954.85), 0.0158655 s/step
on time step 59350 (time=2967.5), 0.0158527 s/step
on time step 59593 (time=2979.65), 0.016485 s/step
on time step 59843 (time=2992.15), 0.0160047 s/step
on time step 60096 (time=3004.8), 0.0158709 s/step
on time step 60349 (time=3017.45), 0.0158307 s/step
on time step 60602 (time=3030.1), 0.0158143 s/step
on time step 60855 (time=3042.75), 0.0158674 s/step
on time step 61109 (time=3055.45), 0.0157541 s/step
on time step 61359 (time=3067.95), 0.0160406 s/step
on time step 61605 (time=3080.25), 0.0163057 s/step
on time step 61859 (time=3092.95), 0.0157862 s/step
on time step 62112 (time=3105.6), 0.0158577 s/step
on time step 62364 (time=3118.2), 0.0158973 s/step
on time step 62615 (time=3130.75), 0.0159737 s/step
on time step 62868 (time=3143.4), 0.0158469 s/step
on time step 63122 (time=3156.1), 0.0157922 s/step
on time step 63364 (time=3168.2), 0.0165734 s/step
on time step 63615 (time=3180.75), 0.0159838 s/step
on time step 63867 (time=3193.35), 0.0159038 s/step
on time step 64120 (time=3206), 0.0158232 s/step
on time step 64373 (time=3218.65), 0.0158688 s/step
on time step 64627 (time=3231.35), 0.0158006 s/step
on time step 64880 (time=3244), 0.0158373 s/step
on time step 65128 (time=3256.4), 0.0162058 s/step
on time step 65375 (time=3268.75), 0.0162452 s/step
on time step 65628 (time=3281.4), 0.0158525 s/step
on time step 65880 (time=3294), 0.0158777 s/step
on time step 66132 (time=3306.6), 0.0158747 s/step
on time step 66384 (time=3319.2), 0.015919 s/step
on time step 66637 (time=3331.85), 0.0158321 s/step
on time step 66889 (time=3344.45), 0.0158929 s/step
on time step 67132 (time=3356.6), 0.0164947 s/step
on time step 67384 (time=3369.2), 0.0159298 s/step
field decay(t = 3370.5): 1.2476917961975172e-18 / 5.827248770280121e-18 = 0.21411335698605152
on time step 67637 (time=3381.85), 0.0158546 s/step
on time step 67890 (time=3394.5), 0.0158154 s/step
on time step 68143 (time=3407.15), 0.0158183 s/step
on time step 68397 (time=3419.85), 0.0157987 s/step
on time step 68650 (time=3432.5), 0.0158331 s/step
on time step 68898 (time=3444.9), 0.0161386 s/step
on time step 69146 (time=3457.3), 0.0161727 s/step
on time step 69399 (time=3469.95), 0.0158339 s/step
on time step 69652 (time=3482.6), 0.0158113 s/step
on time step 69904 (time=3495.2), 0.0158811 s/step
on time step 70156 (time=3507.8), 0.0158832 s/step
on time step 70410 (time=3520.5), 0.0157858 s/step
on time step 70663 (time=3533.15), 0.0158124 s/step
on time step 70905 (time=3545.25), 0.0165477 s/step
on time step 71158 (time=3557.9), 0.0158462 s/step
on time step 71411 (time=3570.55), 0.0158465 s/step
on time step 71664 (time=3583.2), 0.0158127 s/step
on time step 71918 (time=3595.9), 0.0158114 s/step
on time step 72172 (time=3608.6), 0.0157899 s/step
on time step 72425 (time=3621.25), 0.0158416 s/step
on time step 72672 (time=3633.6), 0.0161965 s/step
on time step 72920 (time=3646), 0.0161314 s/step
on time step 73174 (time=3658.7), 0.0157847 s/step
on time step 73427 (time=3671.35), 0.0158264 s/step
on time step 73679 (time=3683.95), 0.0159006 s/step
on time step 73932 (time=3696.6), 0.0158611 s/step
on time step 74185 (time=3709.25), 0.0158367 s/step
on time step 74438 (time=3721.9), 0.0158105 s/step
on time step 74679 (time=3733.95), 0.0166077 s/step
on time step 74930 (time=3746.5), 0.0159709 s/step
on time step 75184 (time=3759.2), 0.0158086 s/step
on time step 75437 (time=3771.85), 0.0158112 s/step
on time step 75690 (time=3784.5), 0.0158257 s/step
on time step 75944 (time=3797.2), 0.0157666 s/step
on time step 76197 (time=3809.85), 0.0158293 s/step
on time step 76445 (time=3822.25), 0.0161801 s/step
on time step 76693 (time=3834.65), 0.0161432 s/step
on time step 76946 (time=3847.3), 0.0158161 s/step
on time step 77200 (time=3860), 0.0157815 s/step
field decay(t = 3870.55): 2.3647205126568183e-19 / 5.827248770280121e-18 = 0.04058039403976131
on time step 77452 (time=3872.6), 0.0159153 s/step
on time step 77705 (time=3885.25), 0.0158297 s/step
on time step 77960 (time=3898), 0.0157259 s/step
on time step 78215 (time=3910.75), 0.0157255 s/step
on time step 78457 (time=3922.85), 0.0165339 s/step
on time step 78709 (time=3935.45), 0.015903 s/step
on time step 78962 (time=3948.1), 0.0158131 s/step
on time step 79217 (time=3960.85), 0.0157392 s/step
on time step 79472 (time=3973.6), 0.0157463 s/step
on time step 79727 (time=3986.35), 0.015748 s/step
on time step 79982 (time=3999.1), 0.0157451 s/step
on time step 80230 (time=4011.5), 0.0161701 s/step
on time step 80479 (time=4023.95), 0.0160768 s/step
on time step 80733 (time=4036.65), 0.0158079 s/step
on time step 80987 (time=4049.35), 0.0157765 s/step
on time step 81240 (time=4062), 0.0158185 s/step
on time step 81493 (time=4074.65), 0.0158319 s/step
on time step 81746 (time=4087.3), 0.0158118 s/step
on time step 82000 (time=4100), 0.0157857 s/step
on time step 82243 (time=4112.15), 0.0164959 s/step
on time step 82495 (time=4124.75), 0.0158994 s/step
on time step 82749 (time=4137.45), 0.0157673 s/step
on time step 83003 (time=4150.15), 0.0158067 s/step
on time step 83257 (time=4162.85), 0.0157653 s/step
on time step 83511 (time=4175.55), 0.0157854 s/step
on time step 83765 (time=4188.25), 0.0157806 s/step
on time step 84013 (time=4200.65), 0.0162158 s/step
on time step 84262 (time=4213.1), 0.0160704 s/step
on time step 84516 (time=4225.8), 0.0157989 s/step
on time step 84770 (time=4238.5), 0.0157608 s/step
on time step 85023 (time=4251.15), 0.0158367 s/step
on time step 85276 (time=4263.8), 0.0158428 s/step
on time step 85531 (time=4276.55), 0.0157195 s/step
on time step 85786 (time=4289.3), 0.0157292 s/step
on time step 86028 (time=4301.4), 0.0165555 s/step
on time step 86280 (time=4314), 0.0158951 s/step
on time step 86534 (time=4326.7), 0.0157722 s/step
on time step 86787 (time=4339.35), 0.015834 s/step
on time step 87040 (time=4352), 0.0158629 s/step
on time step 87293 (time=4364.65), 0.0158447 s/step
field decay(t = 4370.6): 3.916341165053842e-20 / 5.827248770280121e-18 = 0.006720737897835757
run 1 finished at t = 4370.6 (87412 timesteps)
WD: data/2021-12-15/EllipseTopsy/
AlreadyDir
-----------
Initializing structure...
Splitting into 24 chunks by voxels
time for choose_chunkdivision = 0.00531574 s
Working in 2D dimensions.
Computational cell is 820 x 120 x 0 with resolution 10
     block, center = (0,0,0)
          size (1e+20,1e+20,1e+20)
          axes (1,0,0), (0,1,0), (0,0,1)
          dielectric constant epsilon diagonal = (1.99622,1.99622,1.99622)
     block, center = (0,-57.4,0)
          size (1e+20,125,1e+20)
          axes (1,0,0), (0,1,0), (0,0,1)
          dielectric constant epsilon diagonal = (2.0746,2.0746,2.0746)
     block, center = (0,0,0)
          size (1e+20,8.2,1e+20)
          axes (1,0,0), (0,1,0), (0,0,1)
          dielectric constant epsilon diagonal = (2.08903,2.08903,2.08903)
     ellipsoid, center = (0,5.1,0)
          size (300,100,1e+20)
          axes (1,0,0), (0,1,0), (0,0,1)
          dielectric constant epsilon diagonal = (1.99622,1.99622,1.99622)
time for set_epsilon = 0.457766 s
-----------
MPB solved for frequency_1(0.4,0,0) = 0.27776 after 47 iters
MPB solved for frequency_1(0.931428,0,0) = 0.645149 after 32 iters
MPB solved for frequency_1(0.931446,0,0) = 0.645161 after 6 iters
MPB solved for frequency_1(0.931446,0,0) = 0.645161 after 1 iters
Meep: using output directory 'data/2021-12-15/EllipseTopsy/'


Actual Run


on time step 183 (time=9.15), 0.0219027 s/step
on time step 458 (time=22.9), 0.014548 s/step
on time step 727 (time=36.35), 0.0148998 s/step
on time step 1001 (time=50.05), 0.0146452 s/step
on time step 1273 (time=63.65), 0.014752 s/step
on time step 1539 (time=76.95), 0.015053 s/step
on time step 1796 (time=89.8), 0.0156076 s/step
Meep progress: 95.95/1185.1854849182191 = 8.1% done in 30.0s, 340.6s to go
on time step 2044 (time=102.2), 0.0161927 s/step
on time step 2291 (time=114.55), 0.0162241 s/step
on time step 2541 (time=127.05), 0.0160032 s/step
on time step 2796 (time=139.8), 0.0157193 s/step
on time step 3043 (time=152.15), 0.0162011 s/step
on time step 3291 (time=164.55), 0.0161624 s/step
on time step 3537 (time=176.85), 0.0162991 s/step
Meep progress: 188.70000000000002/1185.1854849182191 = 15.9% done in 60.0s, 316.9s to go
on time step 3781 (time=189.05), 0.0164193 s/step
on time step 4022 (time=201.1), 0.0165979 s/step
on time step 4265 (time=213.25), 0.0164697 s/step
on time step 4506 (time=225.3), 0.0166057 s/step
on time step 4745 (time=237.25), 0.0167592 s/step
on time step 4981 (time=249.05), 0.0169564 s/step
on time step 5229 (time=261.45), 0.0161385 s/step
on time step 5475 (time=273.75), 0.0163001 s/step
Meep progress: 279.45/1185.1854849182191 = 23.6% done in 90.0s, 291.8s to go
on time step 5712 (time=285.6), 0.0168926 s/step
on time step 5951 (time=297.55), 0.0167912 s/step
on time step 6191 (time=309.55), 0.016717 s/step
on time step 6435 (time=321.75), 0.0164228 s/step
on time step 6681 (time=334.05), 0.0163214 s/step
on time step 6925 (time=346.25), 0.0164051 s/step
on time step 7169 (time=358.45), 0.0164595 s/step
Meep progress: 369.85/1185.1854849182191 = 31.2% done in 120.0s, 264.6s to go
on time step 7408 (time=370.4), 0.0167615 s/step
on time step 7642 (time=382.1), 0.0170984 s/step
on time step 7891 (time=394.55), 0.0161303 s/step
on time step 8132 (time=406.6), 0.0166326 s/step
on time step 8372 (time=418.6), 0.0167168 s/step
on time step 8610 (time=430.5), 0.0168711 s/step
on time step 8847 (time=442.35), 0.016916 s/step
on time step 9091 (time=454.55), 0.0164191 s/step
Meep progress: 459.90000000000003/1185.1854849182191 = 38.8% done in 150.0s, 236.6s to go
on time step 9331 (time=466.55), 0.0167179 s/step
on time step 9573 (time=478.65), 0.0165629 s/step
on time step 9816 (time=490.8), 0.016465 s/step
on time step 10060 (time=503), 0.0164234 s/step
on time step 10303 (time=515.15), 0.0164614 s/step
on time step 10554 (time=527.7), 0.0159468 s/step
on time step 10800 (time=540), 0.0163182 s/step
Meep progress: 551.15/1185.1854849182191 = 46.5% done in 180.0s, 207.1s to go
on time step 11041 (time=552.05), 0.0166288 s/step
on time step 11279 (time=563.95), 0.0168724 s/step
on time step 11523 (time=576.15), 0.0164478 s/step
on time step 11772 (time=588.6), 0.016124 s/step
on time step 12010 (time=600.5), 0.01685 s/step
on time step 12245 (time=612.25), 0.0170288 s/step
on time step 12480 (time=624), 0.0170885 s/step
on time step 12714 (time=635.7), 0.0171256 s/step
Meep progress: 640.4000000000001/1185.1854849182191 = 54.0% done in 210.1s, 178.7s to go
on time step 12940 (time=647), 0.0177436 s/step
on time step 13178 (time=658.9), 0.0168327 s/step
on time step 13413 (time=670.65), 0.0170263 s/step
on time step 13648 (time=682.4), 0.0170562 s/step
on time step 13881 (time=694.05), 0.0172247 s/step
on time step 14113 (time=705.65), 0.0172725 s/step
on time step 14345 (time=717.25), 0.0173118 s/step
Meep progress: 727.7/1185.1854849182191 = 61.4% done in 240.1s, 150.9s to go
on time step 14578 (time=728.9), 0.0172343 s/step
on time step 14797 (time=739.85), 0.0183292 s/step
on time step 15020 (time=751), 0.0180031 s/step
on time step 15241 (time=762.05), 0.0181744 s/step
on time step 15460 (time=773), 0.0183171 s/step
on time step 15677 (time=783.85), 0.018513 s/step
on time step 15904 (time=795.2), 0.0176356 s/step
on time step 16124 (time=806.2), 0.0182624 s/step
Meep progress: 810.2/1185.1854849182191 = 68.4% done in 270.1s, 125.0s to go
on time step 16337 (time=816.85), 0.0187908 s/step
on time step 16555 (time=827.75), 0.0184207 s/step
on time step 16774 (time=838.7), 0.0182697 s/step
on time step 16993 (time=849.65), 0.0183168 s/step
on time step 17216 (time=860.8), 0.0179495 s/step
on time step 17450 (time=872.5), 0.017166 s/step
on time step 17676 (time=883.8), 0.0177579 s/step
Meep progress: 893.3000000000001/1185.1854849182191 = 75.4% done in 300.1s, 98.1s to go
on time step 17898 (time=894.9), 0.018067 s/step
on time step 18117 (time=905.85), 0.0182906 s/step
on time step 18340 (time=917), 0.0179561 s/step
on time step 18564 (time=928.2), 0.0178912 s/step
on time step 18767 (time=938.35), 0.0197282 s/step
on time step 18957 (time=947.85), 0.0210641 s/step
on time step 19147 (time=957.35), 0.0210743 s/step
on time step 19337 (time=966.85), 0.0210993 s/step
Meep progress: 969.35/1185.1854849182191 = 81.8% done in 330.1s, 73.5s to go
on time step 19432 (time=971.6), 0.0421666 s/step
on time step 19493 (time=974.65), 0.0659587 s/step
on time step 19656 (time=982.8), 0.0246255 s/step
on time step 19777 (time=988.85), 0.0333619 s/step
on time step 19877 (time=993.85), 0.0402789 s/step
on time step 19988 (time=999.4), 0.0361742 s/step
on time step 20161 (time=1008.05), 0.023201 s/step
Meep progress: 1018.8000000000001/1185.1854849182191 = 86.0% done in 360.1s, 58.8s to go
on time step 20426 (time=1021.3), 0.0151066 s/step
on time step 20698 (time=1034.9), 0.0147299 s/step
on time step 20976 (time=1048.8), 0.0144301 s/step
on time step 21253 (time=1062.65), 0.0144626 s/step
on time step 21529 (time=1076.45), 0.0144967 s/step
on time step 21806 (time=1090.3), 0.0144847 s/step
on time step 22083 (time=1104.15), 0.0144856 s/step
on time step 22360 (time=1118), 0.0144891 s/step
Meep progress: 1122.1000000000001/1185.1854849182191 = 94.7% done in 390.1s, 21.9s to go
on time step 22627 (time=1131.35), 0.0150004 s/step
on time step 22901 (time=1145.05), 0.0146498 s/step
on time step 23176 (time=1158.8), 0.0145569 s/step
on time step 23453 (time=1172.65), 0.0144685 s/step
run 0 finished at t = 1185.2 (23704 timesteps)
field decay(t = 1185.2): 2.0658039204545868e-09 / 2.0658039204545868e-09 = 1.0
on time step 23728 (time=1186.4), 0.014572 s/step
on time step 23983 (time=1199.15), 0.0156954 s/step
on time step 24239 (time=1211.95), 0.0156683 s/step
on time step 24489 (time=1224.45), 0.0160557 s/step
on time step 24739 (time=1236.95), 0.0160104 s/step
on time step 24994 (time=1249.7), 0.0157423 s/step
on time step 25249 (time=1262.45), 0.0157168 s/step
on time step 25503 (time=1275.15), 0.015759 s/step
on time step 25757 (time=1287.85), 0.0157712 s/step
on time step 26012 (time=1300.6), 0.0157097 s/step
on time step 26266 (time=1313.3), 0.0157549 s/step
on time step 26512 (time=1325.6), 0.0163188 s/step
on time step 26764 (time=1338.2), 0.0158982 s/step
on time step 27018 (time=1350.9), 0.0157721 s/step
on time step 27273 (time=1363.65), 0.0156869 s/step
on time step 27529 (time=1376.45), 0.0156833 s/step
on time step 27785 (time=1389.25), 0.0156709 s/step
on time step 28040 (time=1402), 0.0156973 s/step
on time step 28291 (time=1414.55), 0.0159491 s/step
on time step 28541 (time=1427.05), 0.0160307 s/step
on time step 28796 (time=1439.8), 0.0157175 s/step
on time step 29051 (time=1452.55), 0.0156934 s/step
on time step 29304 (time=1465.2), 0.0158126 s/step
on time step 29558 (time=1477.9), 0.0157643 s/step
field decay(t = 1485.25): 4.211565114223743e-09 / 4.211565114223743e-09 = 1.0
on time step 29812 (time=1490.6), 0.0157632 s/step
on time step 30067 (time=1503.35), 0.0157347 s/step
on time step 30313 (time=1515.65), 0.0162948 s/step
on time step 30565 (time=1528.25), 0.0159018 s/step
on time step 30818 (time=1540.9), 0.0158696 s/step
on time step 31073 (time=1553.65), 0.0157108 s/step
on time step 31329 (time=1566.45), 0.0156844 s/step
on time step 31584 (time=1579.2), 0.0157344 s/step
on time step 31839 (time=1591.95), 0.0157349 s/step
on time step 32088 (time=1604.4), 0.0161002 s/step
on time step 32338 (time=1616.9), 0.0160143 s/step
on time step 32592 (time=1629.6), 0.0157516 s/step
on time step 32848 (time=1642.4), 0.0156749 s/step
on time step 33102 (time=1655.1), 0.0158065 s/step
on time step 33355 (time=1667.75), 0.0158359 s/step
on time step 33609 (time=1680.45), 0.0157998 s/step
on time step 33862 (time=1693.1), 0.0158186 s/step
on time step 34106 (time=1705.3), 0.0164122 s/step
on time step 34357 (time=1717.85), 0.015999 s/step
on time step 34610 (time=1730.5), 0.0158632 s/step
on time step 34864 (time=1743.2), 0.0157798 s/step
on time step 35118 (time=1755.9), 0.015755 s/step
on time step 35372 (time=1768.6), 0.0157928 s/step
on time step 35626 (time=1781.3), 0.0157712 s/step
Traceback (most recent call last):
  File "/share/nobackup/b5025250/MEEP_Models/SidePolishedFabryPerot/TransmissionAndReflectanceModel/PolishedFibre.py", line 39, in <module>
    Model.RunTRspectrum()
  File "/share/nobackup/b5025250/MEEP_Models/SidePolishedFabryPerot/TransmissionAndReflectanceModel/Model.py", line 96, in RunTRspectrum
    self.SaveMeta()
  File "/share/nobackup/b5025250/MEEP_Models/SidePolishedFabryPerot/TransmissionAndReflectanceModel/Model.py", line 622, in SaveMeta
    "WorkingDir":self.workDir,
AttributeError: 'Model' object has no attribute 'workDir'
Traceback (most recent call last):
  File "/share/nobackup/b5025250/MEEP_Models/SidePolishedFabryPerot/TransmissionAndReflectanceModel/PolishedFibre.py", line 39, in <module>
    Model.RunTRspectrum()
  File "/share/nobackup/b5025250/MEEP_Models/SidePolishedFabryPerot/TransmissionAndReflectanceModel/Model.py", line 96, in RunTRspectrum
    self.SaveMeta()
  File "/share/nobackup/b5025250/MEEP_Models/SidePolishedFabryPerot/TransmissionAndReflectanceModel/Model.py", line 622, in SaveMeta
    "WorkingDir":self.workDir,
AttributeError: 'Model' object has no attribute 'workDir'
Traceback (most recent call last):
  File "/share/nobackup/b5025250/MEEP_Models/SidePolishedFabryPerot/TransmissionAndReflectanceModel/PolishedFibre.py", line 39, in <module>
    Model.RunTRspectrum()
  File "/share/nobackup/b5025250/MEEP_Models/SidePolishedFabryPerot/TransmissionAndReflectanceModel/Model.py", line 96, in RunTRspectrum
    self.SaveMeta()
  File "/share/nobackup/b5025250/MEEP_Models/SidePolishedFabryPerot/TransmissionAndReflectanceModel/Model.py", line 622, in SaveMeta
    "WorkingDir":self.workDir,
AttributeError: 'Model' object has no attribute 'workDir'
Traceback (most recent call last):
  File "/share/nobackup/b5025250/MEEP_Models/SidePolishedFabryPerot/TransmissionAndReflectanceModel/PolishedFibre.py", line 39, in <module>
    Model.RunTRspectrum()
  File "/share/nobackup/b5025250/MEEP_Models/SidePolishedFabryPerot/TransmissionAndReflectanceModel/Model.py", line 96, in RunTRspectrum
    self.SaveMeta()
  File "/share/nobackup/b5025250/MEEP_Models/SidePolishedFabryPerot/TransmissionAndReflectanceModel/Model.py", line 622, in SaveMeta
    "WorkingDir":self.workDir,
AttributeError: 'Model' object has no attribute 'workDir'
Traceback (most recent call last):
Traceback (most recent call last):
  File "/share/nobackup/b5025250/MEEP_Models/SidePolishedFabryPerot/TransmissionAndReflectanceModel/PolishedFibre.py", line 39, in <module>
    Model.RunTRspectrum()
  File "/share/nobackup/b5025250/MEEP_Models/SidePolishedFabryPerot/TransmissionAndReflectanceModel/Model.py", line 96, in RunTRspectrum
    self.SaveMeta()
  File "/share/nobackup/b5025250/MEEP_Models/SidePolishedFabryPerot/TransmissionAndReflectanceModel/Model.py", line 622, in SaveMeta
    "WorkingDir":self.workDir,
AttributeError: 'Model' object has no attribute 'workDir'
  File "/share/nobackup/b5025250/MEEP_Models/SidePolishedFabryPerot/TransmissionAndReflectanceModel/PolishedFibre.py", line 39, in <module>
    Model.RunTRspectrum()
  File "/share/nobackup/b5025250/MEEP_Models/SidePolishedFabryPerot/TransmissionAndReflectanceModel/Model.py", line 96, in RunTRspectrum
    self.SaveMeta()
  File "/share/nobackup/b5025250/MEEP_Models/SidePolishedFabryPerot/TransmissionAndReflectanceModel/Model.py", line 622, in SaveMeta
    "WorkingDir":self.workDir,
AttributeError: 'Model' object has no attribute 'workDir'
field decay(t = 1785.3000000000002): 1.4552338101774456e-13 / 4.211565114223743e-09 = 3.455327819253408e-05
run 1 finished at t = 1785.3000000000002 (35706 timesteps)
Traceback (most recent call last):
  File "/share/nobackup/b5025250/MEEP_Models/SidePolishedFabryPerot/TransmissionAndReflectanceModel/PolishedFibre.py", line 39, in <module>
    Model.RunTRspectrum()
  File "/share/nobackup/b5025250/MEEP_Models/SidePolishedFabryPerot/TransmissionAndReflectanceModel/Model.py", line 96, in RunTRspectrum
    self.SaveMeta()
  File "/share/nobackup/b5025250/MEEP_Models/SidePolishedFabryPerot/TransmissionAndReflectanceModel/Model.py", line 622, in SaveMeta
    "WorkingDir":self.workDir,
AttributeError: 'Model' object has no attribute 'workDir'

Elapsed run time = 2007.6007 s
Traceback (most recent call last):
  File "/share/nobackup/b5025250/MEEP_Models/SidePolishedFabryPerot/TransmissionAndReflectanceModel/PolishedFibre.py", line 39, in <module>
    Model.RunTRspectrum()
  File "/share/nobackup/b5025250/MEEP_Models/SidePolishedFabryPerot/TransmissionAndReflectanceModel/Model.py", line 96, in RunTRspectrum
    self.SaveMeta()
  File "/share/nobackup/b5025250/MEEP_Models/SidePolishedFabryPerot/TransmissionAndReflectanceModel/Model.py", line 622, in SaveMeta
    "WorkingDir":self.workDir,
AttributeError: 'Model' object has no attribute 'workDir'
Traceback (most recent call last):
  File "/share/nobackup/b5025250/MEEP_Models/SidePolishedFabryPerot/TransmissionAndReflectanceModel/PolishedFibre.py", line 39, in <module>
    Model.RunTRspectrum()
  File "/share/nobackup/b5025250/MEEP_Models/SidePolishedFabryPerot/TransmissionAndReflectanceModel/Model.py", line 96, in RunTRspectrum
    self.SaveMeta()
  File "/share/nobackup/b5025250/MEEP_Models/SidePolishedFabryPerot/TransmissionAndReflectanceModel/Model.py", line 622, in SaveMeta
    "WorkingDir":self.workDir,
AttributeError: 'Model' object has no attribute 'workDir'
Traceback (most recent call last):
  File "/share/nobackup/b5025250/MEEP_Models/SidePolishedFabryPerot/TransmissionAndReflectanceModel/PolishedFibre.py", line 39, in <module>
    Model.RunTRspectrum()
  File "/share/nobackup/b5025250/MEEP_Models/SidePolishedFabryPerot/TransmissionAndReflectanceModel/Model.py", line 96, in RunTRspectrum
    self.SaveMeta()
  File "/share/nobackup/b5025250/MEEP_Models/SidePolishedFabryPerot/TransmissionAndReflectanceModel/Model.py", line 622, in SaveMeta
    "WorkingDir":self.workDir,
AttributeError: 'Model' object has no attribute 'workDir'
Traceback (most recent call last):
  File "/share/nobackup/b5025250/MEEP_Models/SidePolishedFabryPerot/TransmissionAndReflectanceModel/PolishedFibre.py", line 39, in <module>
    Model.RunTRspectrum()
  File "/share/nobackup/b5025250/MEEP_Models/SidePolishedFabryPerot/TransmissionAndReflectanceModel/Model.py", line 96, in RunTRspectrum
    self.SaveMeta()
  File "/share/nobackup/b5025250/MEEP_Models/SidePolishedFabryPerot/TransmissionAndReflectanceModel/Model.py", line 622, in SaveMeta
    "WorkingDir":self.workDir,
AttributeError: 'Model' object has no attribute 'workDir'
Traceback (most recent call last):
Traceback (most recent call last):
  File "/share/nobackup/b5025250/MEEP_Models/SidePolishedFabryPerot/TransmissionAndReflectanceModel/PolishedFibre.py", line 39, in <module>
    Model.RunTRspectrum()
  File "/share/nobackup/b5025250/MEEP_Models/SidePolishedFabryPerot/TransmissionAndReflectanceModel/Model.py", line 96, in RunTRspectrum
    self.SaveMeta()
  File "/share/nobackup/b5025250/MEEP_Models/SidePolishedFabryPerot/TransmissionAndReflectanceModel/Model.py", line 622, in SaveMeta
    "WorkingDir":self.workDir,
AttributeError: 'Model' object has no attribute 'workDir'
  File "/share/nobackup/b5025250/MEEP_Models/SidePolishedFabryPerot/TransmissionAndReflectanceModel/PolishedFibre.py", line 39, in <module>
    Model.RunTRspectrum()
  File "/share/nobackup/b5025250/MEEP_Models/SidePolishedFabryPerot/TransmissionAndReflectanceModel/Model.py", line 96, in RunTRspectrum
    self.SaveMeta()
  File "/share/nobackup/b5025250/MEEP_Models/SidePolishedFabryPerot/TransmissionAndReflectanceModel/Model.py", line 622, in SaveMeta
    "WorkingDir":self.workDir,
AttributeError: 'Model' object has no attribute 'workDir'
Traceback (most recent call last):
  File "/share/nobackup/b5025250/MEEP_Models/SidePolishedFabryPerot/TransmissionAndReflectanceModel/PolishedFibre.py", line 39, in <module>
    Model.RunTRspectrum()
  File "/share/nobackup/b5025250/MEEP_Models/SidePolishedFabryPerot/TransmissionAndReflectanceModel/Model.py", line 96, in RunTRspectrum
    self.SaveMeta()
  File "/share/nobackup/b5025250/MEEP_Models/SidePolishedFabryPerot/TransmissionAndReflectanceModel/Model.py", line 622, in SaveMeta
Traceback (most recent call last):
  File "/share/nobackup/b5025250/MEEP_Models/SidePolishedFabryPerot/TransmissionAndReflectanceModel/PolishedFibre.py", line 39, in <module>
    "WorkingDir":self.workDir,
AttributeError: 'Model' object has no attribute 'workDir'
Traceback (most recent call last):
  File "/share/nobackup/b5025250/MEEP_Models/SidePolishedFabryPerot/TransmissionAndReflectanceModel/PolishedFibre.py", line 39, in <module>
    Model.RunTRspectrum()
  File "/share/nobackup/b5025250/MEEP_Models/SidePolishedFabryPerot/TransmissionAndReflectanceModel/Model.py", line 96, in RunTRspectrum
    self.SaveMeta()
  File "/share/nobackup/b5025250/MEEP_Models/SidePolishedFabryPerot/TransmissionAndReflectanceModel/Model.py", line 622, in SaveMeta
    "WorkingDir":self.workDir,
AttributeError: 'Model' object has no attribute 'workDir'
    Model.RunTRspectrum()
  File "/share/nobackup/b5025250/MEEP_Models/SidePolishedFabryPerot/TransmissionAndReflectanceModel/Model.py", line 96, in RunTRspectrum
    self.SaveMeta()
  File "/share/nobackup/b5025250/MEEP_Models/SidePolishedFabryPerot/TransmissionAndReflectanceModel/Model.py", line 622, in SaveMeta
    "WorkingDir":self.workDir,
AttributeError: 'Model' object has no attribute 'workDir'
Traceback (most recent call last):
  File "/share/nobackup/b5025250/MEEP_Models/SidePolishedFabryPerot/TransmissionAndReflectanceModel/PolishedFibre.py", line 39, in <module>
    Model.RunTRspectrum()
  File "/share/nobackup/b5025250/MEEP_Models/SidePolishedFabryPerot/TransmissionAndReflectanceModel/Model.py", line 96, in RunTRspectrum
    self.SaveMeta()
  File "/share/nobackup/b5025250/MEEP_Models/SidePolishedFabryPerot/TransmissionAndReflectanceModel/Model.py", line 622, in SaveMeta
    "WorkingDir":self.workDir,
AttributeError: 'Model' object has no attribute 'workDir'
Traceback (most recent call last):
  File "/share/nobackup/b5025250/MEEP_Models/SidePolishedFabryPerot/TransmissionAndReflectanceModel/PolishedFibre.py", line 39, in <module>
    Model.RunTRspectrum()
  File "/share/nobackup/b5025250/MEEP_Models/SidePolishedFabryPerot/TransmissionAndReflectanceModel/Model.py", line 96, in RunTRspectrum
    self.SaveMeta()
  File "/share/nobackup/b5025250/MEEP_Models/SidePolishedFabryPerot/TransmissionAndReflectanceModel/Model.py", line 622, in SaveMeta
    "WorkingDir":self.workDir,
AttributeError: 'Model' object has no attribute 'workDir'
Traceback (most recent call last):
  File "/share/nobackup/b5025250/MEEP_Models/SidePolishedFabryPerot/TransmissionAndReflectanceModel/PolishedFibre.py", line 39, in <module>
    Model.RunTRspectrum()
  File "/share/nobackup/b5025250/MEEP_Models/SidePolishedFabryPerot/TransmissionAndReflectanceModel/Model.py", line 96, in RunTRspectrum
    self.SaveMeta()
  File "/share/nobackup/b5025250/MEEP_Models/SidePolishedFabryPerot/TransmissionAndReflectanceModel/Model.py", line 622, in SaveMeta
    "WorkingDir":self.workDir,
AttributeError: 'Model' object has no attribute 'workDir'
Traceback (most recent call last):
  File "/share/nobackup/b5025250/MEEP_Models/SidePolishedFabryPerot/TransmissionAndReflectanceModel/PolishedFibre.py", line 39, in <module>
    Model.RunTRspectrum()
  File "/share/nobackup/b5025250/MEEP_Models/SidePolishedFabryPerot/TransmissionAndReflectanceModel/Model.py", line 96, in RunTRspectrum
    self.SaveMeta()
  File "/share/nobackup/b5025250/MEEP_Models/SidePolishedFabryPerot/TransmissionAndReflectanceModel/Model.py", line 622, in SaveMeta
    "WorkingDir":self.workDir,
AttributeError: 'Model' object has no attribute 'workDir'
Traceback (most recent call last):
  File "/share/nobackup/b5025250/MEEP_Models/SidePolishedFabryPerot/TransmissionAndReflectanceModel/PolishedFibre.py", line 39, in <module>
    Model.RunTRspectrum()
  File "/share/nobackup/b5025250/MEEP_Models/SidePolishedFabryPerot/TransmissionAndReflectanceModel/Model.py", line 96, in RunTRspectrum
    self.SaveMeta()
  File "/share/nobackup/b5025250/MEEP_Models/SidePolishedFabryPerot/TransmissionAndReflectanceModel/Model.py", line 622, in SaveMeta
    "WorkingDir":self.workDir,
AttributeError: 'Model' object has no attribute 'workDir'
Traceback (most recent call last):
  File "/share/nobackup/b5025250/MEEP_Models/SidePolishedFabryPerot/TransmissionAndReflectanceModel/PolishedFibre.py", line 39, in <module>
    Model.RunTRspectrum()
  File "/share/nobackup/b5025250/MEEP_Models/SidePolishedFabryPerot/TransmissionAndReflectanceModel/Model.py", line 96, in RunTRspectrum
    self.SaveMeta()
  File "/share/nobackup/b5025250/MEEP_Models/SidePolishedFabryPerot/TransmissionAndReflectanceModel/Model.py", line 622, in SaveMeta
    "WorkingDir":self.workDir,
AttributeError: 'Model' object has no attribute 'workDir'
Traceback (most recent call last):
  File "/share/nobackup/b5025250/MEEP_Models/SidePolishedFabryPerot/TransmissionAndReflectanceModel/PolishedFibre.py", line 39, in <module>
    Model.RunTRspectrum()
  File "/share/nobackup/b5025250/MEEP_Models/SidePolishedFabryPerot/TransmissionAndReflectanceModel/Model.py", line 96, in RunTRspectrum
    self.SaveMeta()
  File "/share/nobackup/b5025250/MEEP_Models/SidePolishedFabryPerot/TransmissionAndReflectanceModel/Model.py", line 622, in SaveMeta
    "WorkingDir":self.workDir,
AttributeError: 'Model' object has no attribute 'workDir'
Traceback (most recent call last):
  File "/share/nobackup/b5025250/MEEP_Models/SidePolishedFabryPerot/TransmissionAndReflectanceModel/PolishedFibre.py", line 39, in <module>
    Model.RunTRspectrum()
  File "/share/nobackup/b5025250/MEEP_Models/SidePolishedFabryPerot/TransmissionAndReflectanceModel/Model.py", line 96, in RunTRspectrum
    self.SaveMeta()
  File "/share/nobackup/b5025250/MEEP_Models/SidePolishedFabryPerot/TransmissionAndReflectanceModel/Model.py", line 622, in SaveMeta
    "WorkingDir":self.workDir,
AttributeError: 'Model' object has no attribute 'workDir'
srun: error: topsy-cn-2-22: tasks 18-20: Exited with exit code 1
srun: error: topsy-cn-2-23: tasks 21-23: Exited with exit code 1
srun: error: topsy-cn-1-14: tasks 0-2: Exited with exit code 1
srun: error: topsy-cn-2-19: tasks 3-11: Exited with exit code 1
srun: error: topsy-cn-2-20: tasks 12-14: Exited with exit code 1
srun: error: topsy-cn-2-21: tasks 15-17: Exited with exit code 1
