Using MPI version 3.1, 32 processes
WD: data/2021-11-03/CPUScalling/
AlreadyDir
Actual Simtime: 3.3333333333333335e-11
-----------
Initializing structure...
Splitting into 32 chunks by voxels
time for choose_chunkdivision = 0.00352496 s
Working in 2D dimensions.
Computational cell is 400 x 50 x 0 with resolution 5
     block, center = (0,0,0)
          size (1e+20,1e+20,1e+20)
          axes (1,0,0), (0,1,0), (0,0,1)
          dielectric constant epsilon diagonal = (1.9881,1.9881,1.9881)
     block, center = (0,-30.25,0)
          size (1e+20,62.5,1e+20)
          axes (1,0,0), (0,1,0), (0,0,1)
          dielectric constant epsilon diagonal = (2.0736,2.0736,2.0736)
     block, center = (0,0,0)
          size (1e+20,8.2,1e+20)
          axes (1,0,0), (0,1,0), (0,0,1)
          dielectric constant epsilon diagonal = (2.08803,2.08803,2.08803)
     prism, center = (-50,0,0)
          height 1, axis (0,0,1), sidewall angle: 0 radians, 4 vertices:
          (-81.75,20,-0.5)
          (-18.25,20,-0.5)
          (-49.5,-20,-0.5)
          (-50.5,-20,-0.5)
          dielectric constant epsilon diagonal = (1.9881,1.9881,1.9881)
     prism, center = (50,0,0)
          height 1, axis (0,0,1), sidewall angle: 0 radians, 4 vertices:
          (18.25,20,-0.5)
          (81.75,20,-0.5)
          (50.5,-20,-0.5)
          (49.5,-20,-0.5)
          dielectric constant epsilon diagonal = (1.9881,1.9881,1.9881)
time for set_epsilon = 0.639853 s
-----------
MPB solved for frequency_1(0.4,0,0) = 0.277758 after 101 iters
MPB solved for frequency_1(0.931075,0,0) = 0.645088 after 44 iters
MPB solved for frequency_1(0.93118,0,0) = 0.645161 after 9 iters
Meep: using output directory 'data/2021-11-03/CPUScalling/'
creating output file "data/2021-11-03/CPUScalling//RunModel-eps-000000.00.h5"...
Meep progress: 185.0/3000.0000000000005 = 6.2% done in 4.0s, 60.9s to go
on time step 2347 (time=234.7), 0.00170439 s/step
Meep progress: 428.5/3000.0000000000005 = 14.3% done in 8.0s, 48.0s to go
on time step 4975 (time=497.5), 0.0015221 s/step
Meep progress: 750.7/3000.0000000000005 = 25.0% done in 12.0s, 36.0s to go
on time step 8196 (time=819.6), 0.00124196 s/step
Meep progress: 1077.4/3000.0000000000005 = 35.9% done in 16.0s, 28.6s to go
on time step 11463 (time=1146.3), 0.00122442 s/step
Meep progress: 1400.4/3000.0000000000005 = 46.7% done in 20.0s, 22.8s to go
on time step 14688 (time=1468.8), 0.00124051 s/step
Meep progress: 1726.4/3000.0000000000005 = 57.5% done in 24.0s, 17.7s to go
on time step 17954 (time=1795.4), 0.00122503 s/step
Meep progress: 2052.6/3000.0000000000005 = 68.4% done in 28.0s, 12.9s to go
on time step 21217 (time=2121.7), 0.00122617 s/step
Meep progress: 2377.1/3000.0000000000005 = 79.2% done in 32.0s, 8.4s to go
on time step 24461 (time=2446.1), 0.00123325 s/step
Meep progress: 2702.0/3000.0000000000005 = 90.1% done in 36.0s, 4.0s to go
on time step 27709 (time=2770.9), 0.00123172 s/step
run 0 finished at t = 3000.1000000000004 (30001 timesteps)

Elapsed run time = 42.3754 s
