Using MPI version 3.1, 64 processes
WD: data/2021-11-21/FullRunTopsy/
AlreadyDir
-----------
Initializing structure...
Splitting into 64 chunks by voxels
time for choose_chunkdivision = 0.00516771 s
Working in 2D dimensions.
Computational cell is 1130 x 100 x 0 with resolution 5
     block, center = (0,0,0)
          size (1e+20,1e+20,1e+20)
          axes (1,0,0), (0,1,0), (0,0,1)
          dielectric constant epsilon diagonal = (1.9881,1.9881,1.9881)
     block, center = (0,-26.25,0)
          size (1e+20,62.5,1e+20)
          axes (1,0,0), (0,1,0), (0,0,1)
          dielectric constant epsilon diagonal = (2.0736,2.0736,2.0736)
     block, center = (0,0,0)
          size (1e+20,8.2,1e+20)
          axes (1,0,0), (0,1,0), (0,0,1)
          dielectric constant epsilon diagonal = (2.08803,2.08803,2.08803)
time for set_epsilon = 0.150762 s
-----------
MPB solved for frequency_1(0.4,0,0) = 0.277835 after 56 iters
MPB solved for frequency_1(0.931246,0,0) = 0.645171 after 40 iters
MPB solved for frequency_1(0.931231,0,0) = 0.645161 after 1 iters
Meep: using output directory 'data/2021-11-21/FullRunTopsy/'


Normalisation Run


[Vector3<-282.5, 0.0, 0.0>, Vector3<0.0, 0.0, 0.0>, Vector3<282.5, 0.0, 0.0>, Vector3<555.0, 0.0, 0.0>]


Next Monitor Point:  Vector3<-282.5, 0.0, 0.0>


on time step 334 (time=33.4), 0.0119811 s/step
on time step 926 (time=92.6), 0.00676344 s/step
on time step 1502 (time=150.2), 0.0069503 s/step
on time step 2109 (time=210.9), 0.00659607 s/step
on time step 2680 (time=268), 0.00700709 s/step
on time step 3221 (time=322.1), 0.00739717 s/step
on time step 3761 (time=376.1), 0.00740992 s/step
on time step 4293 (time=429.3), 0.00752772 s/step
on time step 4815 (time=481.5), 0.00766289 s/step
field decay(t = 500.1): 8.128935617292608e-10 / 8.128935617292608e-10 = 1.0
on time step 5330 (time=533), 0.00777305 s/step
on time step 5854 (time=585.4), 0.00763425 s/step
on time step 6383 (time=638.3), 0.00756869 s/step
on time step 6906 (time=690.6), 0.00765365 s/step
on time step 7426 (time=742.6), 0.00769853 s/step
on time step 7948 (time=794.8), 0.00767454 s/step
on time step 8474 (time=847.4), 0.00761858 s/step
on time step 8993 (time=899.3), 0.00771342 s/step
on time step 9515 (time=951.5), 0.0076748 s/step
field decay(t = 1000.2): 0.4388649674499321 / 0.4388649674499321 = 1.0
on time step 10033 (time=1003.3), 0.00772427 s/step
on time step 10547 (time=1054.7), 0.00779556 s/step
on time step 11058 (time=1105.8), 0.00784115 s/step
on time step 11558 (time=1155.8), 0.00801506 s/step
on time step 12064 (time=1206.4), 0.00790633 s/step
on time step 12568 (time=1256.8), 0.0079496 s/step
on time step 13045 (time=1304.5), 0.00841453 s/step
on time step 13312 (time=1331.2), 0.0149958 s/step
on time step 13824 (time=1382.4), 0.00782443 s/step
on time step 14441 (time=1444.1), 0.00649234 s/step
field decay(t = 1500.3000000000002): 0.04258821605630099 / 0.4388649674499321 = 0.09704173086260222
on time step 15052 (time=1505.2), 0.00654872 s/step
on time step 15668 (time=1566.8), 0.00650102 s/step
on time step 16286 (time=1628.6), 0.00647517 s/step
on time step 16907 (time=1690.7), 0.0064507 s/step
on time step 17527 (time=1752.7), 0.0064527 s/step
on time step 18148 (time=1814.8), 0.00644821 s/step
on time step 18762 (time=1876.2), 0.00651889 s/step
on time step 19374 (time=1937.4), 0.00654241 s/step
on time step 19991 (time=1999.1), 0.00648995 s/step
field decay(t = 2000.4): 3.3385446249224234e-15 / 0.4388649674499321 = 7.607225166140201e-15
run 0 finished at t = 2000.4 (20004 timesteps)


Next Monitor Point:  Vector3<0.0, 0.0, 0.0>


field decay(t = 2000.4): 5.0274090654133406e-15 / 5.0274090654133406e-15 = 1.0
on time step 20609 (time=2060.9), 0.00647927 s/step
on time step 21227 (time=2122.7), 0.00647834 s/step
on time step 21845 (time=2184.5), 0.00647854 s/step
on time step 22463 (time=2246.3), 0.0064757 s/step
on time step 23082 (time=2308.2), 0.00646808 s/step
on time step 23702 (time=2370.2), 0.00645691 s/step
on time step 24314 (time=2431.4), 0.00654343 s/step
on time step 24930 (time=2493), 0.00649383 s/step
field decay(t = 2500.5): 1.5590439406126606e-14 / 1.5590439406126606e-14 = 1.0
on time step 25550 (time=2555), 0.00646114 s/step
on time step 26170 (time=2617), 0.00645316 s/step
on time step 26790 (time=2679), 0.00645434 s/step
on time step 27410 (time=2741), 0.00645649 s/step
on time step 28023 (time=2802.3), 0.00653364 s/step
on time step 28634 (time=2863.4), 0.00654721 s/step
on time step 29251 (time=2925.1), 0.00649225 s/step
on time step 29871 (time=2987.1), 0.00645699 s/step
field decay(t = 3000.6000000000004): 4.9885495557764405e-15 / 1.5590439406126606e-14 = 0.3199749170517978
on time step 30491 (time=3049.1), 0.00645646 s/step
on time step 31111 (time=3111.1), 0.00645506 s/step
on time step 31731 (time=3173.1), 0.0064544 s/step
on time step 32351 (time=3235.1), 0.00645666 s/step
on time step 32970 (time=3297), 0.00646801 s/step
on time step 33583 (time=3358.3), 0.0065338 s/step
on time step 34201 (time=3420.1), 0.00648266 s/step
srun: Job step aborted: Waiting up to 62 seconds for job step to finish.
srun: got SIGCONT
slurmstepd: error: *** STEP 552761.0 ON topsy-cn-2-13 CANCELLED AT 2021-11-21T16:36:42 ***
slurmstepd: error: *** JOB 552761 ON topsy-cn-2-13 CANCELLED AT 2021-11-21T16:36:42 ***
srun: forcing job termination
srun: error: topsy-cn-2-13: tasks 0-16: Terminated
srun: error: topsy-cn-2-16: tasks 17-39: Terminated
srun: error: topsy-cn-2-17: tasks 40-63: Terminated
