Using MPI version 3.1, 64 processes
WD: data/2021-11-26/RuntimeTest_2000/
AlreadyDir
-----------
Initializing structure...
Splitting into 64 chunks by voxels
time for choose_chunkdivision = 0.00911725 s
Working in 2D dimensions.
Computational cell is 2320 x 100 x 0 with resolution 10
     block, center = (0,0,0)
          size (1e+20,1e+20,1e+20)
          axes (1,0,0), (0,1,0), (0,0,1)
          dielectric constant epsilon diagonal = (1.9881,1.9881,1.9881)
     block, center = (0,-26.25,0)
          size (1e+20,62.5,1e+20)
          axes (1,0,0), (0,1,0), (0,0,1)
          dielectric constant epsilon diagonal = (2.0736,2.0736,2.0736)
     block, center = (0,0,0)
          size (1e+20,8.2,1e+20)
          axes (1,0,0), (0,1,0), (0,0,1)
          dielectric constant epsilon diagonal = (2.08803,2.08803,2.08803)
time for set_epsilon = 0.462091 s
-----------
MPB solved for frequency_1(0.4,0,0) = 0.277848 after 59 iters
MPB solved for frequency_1(0.931221,0,0) = 0.645167 after 30 iters
MPB solved for frequency_1(0.931214,0,0) = 0.645161 after 6 iters
MPB solved for frequency_1(0.931214,0,0) = 0.645161 after 1 iters
Meep: using output directory 'data/2021-11-26/RuntimeTest_2000/'


Normalisation Run


on time step 1 (time=0.05), 4.27014 s/step
on time step 139 (time=6.95), 0.0291889 s/step
on time step 281 (time=14.05), 0.0283495 s/step
on time step 419 (time=20.95), 0.029074 s/step
on time step 558 (time=27.9), 0.0288613 s/step
on time step 697 (time=34.85), 0.0288028 s/step
on time step 836 (time=41.8), 0.0289422 s/step
Meep progress: 44.650000000000006/4858.550724637682 = 0.9% done in 30.0s, 3235.2s to go
on time step 976 (time=48.8), 0.0287132 s/step
on time step 1116 (time=55.8), 0.0287114 s/step
on time step 1258 (time=62.9), 0.0283257 s/step
on time step 1400 (time=70), 0.0283333 s/step
on time step 1542 (time=77.1), 0.0283535 s/step
on time step 1681 (time=84.05), 0.0289101 s/step
on time step 1822 (time=91.1), 0.0284778 s/step
Meep progress: 97.2/4858.550724637682 = 2.0% done in 60.0s, 2940.6s to go
on time step 1962 (time=98.1), 0.0286563 s/step
on time step 2101 (time=105.05), 0.0288719 s/step
on time step 2242 (time=112.1), 0.0285307 s/step
on time step 2383 (time=119.15), 0.0284334 s/step
on time step 2525 (time=126.25), 0.0283288 s/step
on time step 2667 (time=133.35), 0.0283365 s/step
on time step 2805 (time=140.25), 0.0290181 s/step
on time step 2947 (time=147.35), 0.0283294 s/step
Meep progress: 149.75/4858.550724637682 = 3.1% done in 90.0s, 2831.0s to go
on time step 3089 (time=154.45), 0.0283646 s/step
on time step 3231 (time=161.55), 0.0283517 s/step
on time step 3372 (time=168.6), 0.0284791 s/step
on time step 3512 (time=175.6), 0.0286513 s/step
on time step 3653 (time=182.65), 0.0285027 s/step
on time step 3791 (time=189.55), 0.0291323 s/step
on time step 3931 (time=196.55), 0.0285924 s/step
Meep progress: 202.25/4858.550724637682 = 4.2% done in 120.1s, 2764.0s to go
on time step 4071 (time=203.55), 0.0286271 s/step
on time step 4212 (time=210.6), 0.0283776 s/step
on time step 4354 (time=217.7), 0.0282982 s/step
on time step 4496 (time=224.8), 0.0283513 s/step
on time step 4635 (time=231.75), 0.0289149 s/step
on time step 4777 (time=238.85), 0.0283577 s/step
on time step 4918 (time=245.9), 0.028554 s/step
on time step 5059 (time=252.95), 0.0284543 s/step
Meep progress: 254.95000000000002/4858.550724637682 = 5.2% done in 150.1s, 2709.9s to go
on time step 5200 (time=260), 0.0284914 s/step
on time step 5341 (time=267.05), 0.0285726 s/step
on time step 5481 (time=274.05), 0.0286333 s/step
on time step 5620 (time=281), 0.0288537 s/step
on time step 5760 (time=288), 0.0286784 s/step
on time step 5897 (time=294.85), 0.0292789 s/step
on time step 6038 (time=301.9), 0.0284619 s/step
Meep progress: 307.25/4858.550724637682 = 6.3% done in 180.1s, 2667.5s to go
on time step 6180 (time=309), 0.0283486 s/step
on time step 6322 (time=316.1), 0.0283321 s/step
on time step 6464 (time=323.2), 0.0283326 s/step
on time step 6605 (time=330.25), 0.0283797 s/step
on time step 6744 (time=337.2), 0.028959 s/step
on time step 6884 (time=344.2), 0.0285738 s/step
on time step 7024 (time=351.2), 0.0286474 s/step
on time step 7165 (time=358.25), 0.0285705 s/step
Meep progress: 359.8/4858.550724637682 = 7.4% done in 210.1s, 2626.8s to go
on time step 7305 (time=365.25), 0.0287183 s/step
on time step 7445 (time=372.25), 0.0287144 s/step
on time step 7584 (time=379.2), 0.0288219 s/step
on time step 7722 (time=386.1), 0.028996 s/step
on time step 7862 (time=393.1), 0.0287516 s/step
on time step 8000 (time=400), 0.0291246 s/step
on time step 8142 (time=407.1), 0.0283579 s/step
Meep progress: 412.0/4858.550724637682 = 8.5% done in 240.1s, 2591.2s to go
on time step 8284 (time=414.2), 0.0283596 s/step
on time step 8425 (time=421.25), 0.0284431 s/step
on time step 8566 (time=428.3), 0.028499 s/step
on time step 8707 (time=435.35), 0.0285609 s/step
on time step 8845 (time=442.25), 0.0291525 s/step
on time step 8985 (time=449.25), 0.0285956 s/step
on time step 9124 (time=456.2), 0.0287797 s/step
on time step 9264 (time=463.2), 0.0286681 s/step
Meep progress: 464.35/4858.550724637682 = 9.6% done in 270.1s, 2556.0s to go
on time step 9404 (time=470.2), 0.0287123 s/step
on time step 9544 (time=477.2), 0.0287387 s/step
on time step 9684 (time=484.2), 0.028745 s/step
on time step 9824 (time=491.2), 0.0286494 s/step
on time step 9966 (time=498.3), 0.0283551 s/step
on time step 10104 (time=505.2), 0.0290287 s/step
on time step 10245 (time=512.25), 0.028487 s/step
Meep progress: 516.7/4858.550724637682 = 10.6% done in 300.1s, 2521.9s to go
on time step 10386 (time=519.3), 0.0285341 s/step
on time step 10527 (time=526.35), 0.0285623 s/step
on time step 10667 (time=533.35), 0.0285788 s/step
on time step 10807 (time=540.35), 0.0286159 s/step
on time step 10944 (time=547.2), 0.029336 s/step
on time step 11084 (time=554.2), 0.0287288 s/step
on time step 11223 (time=561.15), 0.0288515 s/step
on time step 11363 (time=568.15), 0.0287503 s/step
Meep progress: 568.85/4858.550724637682 = 11.7% done in 330.1s, 2489.5s to go
on time step 11502 (time=575.1), 0.0287963 s/step
on time step 11642 (time=582.1), 0.0286235 s/step
on time step 11783 (time=589.15), 0.0284268 s/step
on time step 11923 (time=596.15), 0.028588 s/step
on time step 12064 (time=603.2), 0.0283957 s/step
on time step 12202 (time=610.1), 0.0291276 s/step
on time step 12343 (time=617.15), 0.0285352 s/step
Meep progress: 621.25/4858.550724637682 = 12.8% done in 360.1s, 2456.3s to go
on time step 12484 (time=624.2), 0.0285705 s/step
on time step 12624 (time=631.2), 0.0286029 s/step
on time step 12764 (time=638.2), 0.0286881 s/step
on time step 12903 (time=645.15), 0.0287866 s/step
on time step 13039 (time=651.95), 0.0294546 s/step
on time step 13178 (time=658.9), 0.0287788 s/step
on time step 13317 (time=665.85), 0.0288417 s/step
on time step 13457 (time=672.85), 0.0287498 s/step
Meep progress: 673.3000000000001/4858.550724637682 = 13.9% done in 390.1s, 2425.2s to go
on time step 13597 (time=679.85), 0.0285746 s/step
on time step 13738 (time=686.9), 0.0284097 s/step
on time step 13879 (time=693.95), 0.0285115 s/step
on time step 14019 (time=700.95), 0.0287413 s/step
on time step 14159 (time=707.95), 0.0285829 s/step
on time step 14296 (time=714.8), 0.0293625 s/step
on time step 14436 (time=721.8), 0.02865 s/step
Meep progress: 725.6/4858.550724637682 = 14.9% done in 420.2s, 2393.2s to go
on time step 14576 (time=728.8), 0.0287385 s/step
on time step 14715 (time=735.75), 0.0287794 s/step
on time step 14854 (time=742.7), 0.0287985 s/step
on time step 14993 (time=749.65), 0.0288076 s/step
on time step 15129 (time=756.45), 0.0294287 s/step
on time step 15268 (time=763.4), 0.0288491 s/step
on time step 15407 (time=770.35), 0.0289183 s/step
on time step 15547 (time=777.35), 0.028603 s/step
Meep progress: 777.5500000000001/4858.550724637682 = 16.0% done in 450.2s, 2362.7s to go
on time step 15688 (time=784.4), 0.0284434 s/step
on time step 15829 (time=791.45), 0.0284984 s/step
on time step 15969 (time=798.45), 0.0286004 s/step
on time step 16109 (time=805.45), 0.0287698 s/step
on time step 16249 (time=812.45), 0.0286121 s/step
on time step 16386 (time=819.3), 0.0293433 s/step
on time step 16526 (time=826.3), 0.0287503 s/step
Meep progress: 829.8000000000001/4858.550724637682 = 17.1% done in 480.2s, 2331.3s to go
on time step 16665 (time=833.25), 0.0288259 s/step
on time step 16804 (time=840.2), 0.0287924 s/step
on time step 16943 (time=847.15), 0.0288208 s/step
on time step 17082 (time=854.1), 0.0288868 s/step
on time step 17218 (time=860.9), 0.0295965 s/step
on time step 17356 (time=867.8), 0.028996 s/step
on time step 17495 (time=874.75), 0.0288033 s/step
Meep progress: 881.6500000000001/4858.550724637682 = 18.1% done in 510.2s, 2301.4s to go
on time step 17635 (time=881.75), 0.0287054 s/step
on time step 17775 (time=888.75), 0.0285988 s/step
on time step 17915 (time=895.75), 0.0286144 s/step
on time step 18055 (time=902.75), 0.02868 s/step
on time step 18194 (time=909.7), 0.0288424 s/step
on time step 18333 (time=916.65), 0.0287808 s/step
on time step 18469 (time=923.45), 0.0295493 s/step
on time step 18608 (time=930.4), 0.028851 s/step
Meep progress: 933.6500000000001/4858.550724637682 = 19.2% done in 540.2s, 2270.9s to go
on time step 18747 (time=937.35), 0.0288632 s/step
on time step 18886 (time=944.3), 0.0288732 s/step
on time step 19025 (time=951.25), 0.0289021 s/step
on time step 19164 (time=958.2), 0.028949 s/step
on time step 19300 (time=965), 0.0294975 s/step
on time step 19440 (time=972), 0.0287552 s/step
on time step 19581 (time=979.05), 0.0284697 s/step
Meep progress: 985.6500000000001/4858.550724637682 = 20.3% done in 570.2s, 2240.5s to go
on time step 19722 (time=986.1), 0.0285717 s/step
on time step 19862 (time=993.1), 0.0286642 s/step
on time step 20002 (time=1000.1), 0.0286397 s/step
on time step 20142 (time=1007.1), 0.0287076 s/step
on time step 20281 (time=1014.05), 0.0289401 s/step
on time step 20420 (time=1021), 0.0288797 s/step
on time step 20556 (time=1027.8), 0.0295123 s/step
on time step 20695 (time=1034.75), 0.0288879 s/step
Meep progress: 1037.6000000000001/4858.550724637682 = 21.4% done in 600.2s, 2210.4s to go
on time step 20834 (time=1041.7), 0.0289158 s/step
on time step 20973 (time=1048.65), 0.0289773 s/step
on time step 21111 (time=1055.55), 0.0290019 s/step
on time step 21249 (time=1062.45), 0.0290192 s/step
on time step 21385 (time=1069.25), 0.0294508 s/step
on time step 21525 (time=1076.25), 0.0286569 s/step
on time step 21666 (time=1083.3), 0.0285627 s/step
Meep progress: 1089.5/4858.550724637682 = 22.4% done in 630.2s, 2180.3s to go
on time step 21806 (time=1090.3), 0.0286071 s/step
on time step 21946 (time=1097.3), 0.0285962 s/step
on time step 22086 (time=1104.3), 0.0286059 s/step
on time step 22226 (time=1111.3), 0.02872 s/step
on time step 22364 (time=1118.2), 0.0289874 s/step
on time step 22503 (time=1125.15), 0.0288247 s/step
on time step 22638 (time=1131.9), 0.029667 s/step
on time step 22777 (time=1138.85), 0.0288615 s/step
Meep progress: 1141.45/4858.550724637682 = 23.5% done in 660.3s, 2150.1s to go
on time step 22916 (time=1145.8), 0.0289061 s/step
on time step 23055 (time=1152.75), 0.0289262 s/step
on time step 23194 (time=1159.7), 0.0289511 s/step
on time step 23334 (time=1166.7), 0.0287187 s/step
on time step 23472 (time=1173.6), 0.0291727 s/step
on time step 23612 (time=1180.6), 0.0286913 s/step
on time step 23752 (time=1187.6), 0.0286474 s/step
Meep progress: 1193.5/4858.550724637682 = 24.6% done in 690.3s, 2119.7s to go
on time step 23892 (time=1194.6), 0.0286625 s/step
on time step 24032 (time=1201.6), 0.0287437 s/step
on time step 24171 (time=1208.55), 0.028797 s/step
on time step 24310 (time=1215.5), 0.0289087 s/step
on time step 24448 (time=1222.4), 0.0290826 s/step
on time step 24587 (time=1229.35), 0.028899 s/step
on time step 24723 (time=1236.15), 0.0295336 s/step
on time step 24862 (time=1243.1), 0.0289384 s/step
Meep progress: 1245.3000000000002/4858.550724637682 = 25.6% done in 720.3s, 2090.0s to go
on time step 25001 (time=1250.05), 0.0289806 s/step
on time step 25139 (time=1256.95), 0.0290188 s/step
on time step 25278 (time=1263.9), 0.0288605 s/step
on time step 25418 (time=1270.9), 0.0286494 s/step
on time step 25555 (time=1277.75), 0.0292978 s/step
on time step 25695 (time=1284.75), 0.0287751 s/step
on time step 25835 (time=1291.75), 0.0286722 s/step
Meep progress: 1297.3000000000002/4858.550724637682 = 26.7% done in 750.3s, 2059.8s to go
on time step 25975 (time=1298.75), 0.0286727 s/step
on time step 26115 (time=1305.75), 0.0287563 s/step
on time step 26254 (time=1312.7), 0.0288352 s/step
on time step 26393 (time=1319.65), 0.0289316 s/step
on time step 26531 (time=1326.55), 0.0290997 s/step
on time step 26670 (time=1333.5), 0.0289305 s/step
on time step 26805 (time=1340.25), 0.0296922 s/step
on time step 26943 (time=1347.15), 0.0289907 s/step
Meep progress: 1349.0/4858.550724637682 = 27.8% done in 780.3s, 2030.1s to go
on time step 27081 (time=1354.05), 0.0290117 s/step
on time step 27219 (time=1360.95), 0.0289856 s/step
on time step 27358 (time=1367.9), 0.0289353 s/step
on time step 27498 (time=1374.9), 0.0287728 s/step
on time step 27634 (time=1381.7), 0.0294213 s/step
on time step 27773 (time=1388.65), 0.0288888 s/step
on time step 27913 (time=1395.65), 0.0287201 s/step
Meep progress: 1400.8500000000001/4858.550724637682 = 28.8% done in 810.4s, 2000.2s to go
on time step 28052 (time=1402.6), 0.028821 s/step
on time step 28191 (time=1409.55), 0.0289407 s/step
on time step 28330 (time=1416.5), 0.0289026 s/step
on time step 28469 (time=1423.45), 0.0289738 s/step
on time step 28607 (time=1430.35), 0.0291441 s/step
on time step 28745 (time=1437.25), 0.0290077 s/step
on time step 28880 (time=1444), 0.0297342 s/step
on time step 29018 (time=1450.9), 0.0290495 s/step
Meep progress: 1452.4/4858.550724637682 = 29.9% done in 840.4s, 1970.8s to go
on time step 29156 (time=1457.8), 0.0290045 s/step
on time step 29296 (time=1464.8), 0.0287173 s/step
on time step 29436 (time=1471.8), 0.0286755 s/step
on time step 29576 (time=1478.8), 0.0287259 s/step
on time step 29713 (time=1485.65), 0.0293982 s/step
on time step 29852 (time=1492.6), 0.0288832 s/step
on time step 29991 (time=1499.55), 0.0288512 s/step
Meep progress: 1504.3500000000001/4858.550724637682 = 31.0% done in 870.4s, 1940.7s to go
on time step 30130 (time=1506.5), 0.0289267 s/step
on time step 30269 (time=1513.45), 0.0289429 s/step
on time step 30408 (time=1520.4), 0.0289587 s/step
on time step 30546 (time=1527.3), 0.029016 s/step
on time step 30684 (time=1534.2), 0.0291946 s/step
on time step 30822 (time=1541.1), 0.0291216 s/step
on time step 30957 (time=1547.85), 0.0296924 s/step
on time step 31095 (time=1554.75), 0.0290712 s/step
Meep progress: 1555.8500000000001/4858.550724637682 = 32.0% done in 900.4s, 1911.3s to go
on time step 31234 (time=1561.7), 0.0288634 s/step
on time step 31374 (time=1568.7), 0.0287362 s/step
on time step 31514 (time=1575.7), 0.0286882 s/step
on time step 31654 (time=1582.7), 0.0287307 s/step
on time step 31790 (time=1589.5), 0.0294359 s/step
on time step 31928 (time=1596.4), 0.0289915 s/step
on time step 32067 (time=1603.35), 0.0289407 s/step
Meep progress: 1607.75/4858.550724637682 = 33.1% done in 930.4s, 1881.3s to go
on time step 32206 (time=1610.3), 0.0289824 s/step
on time step 32344 (time=1617.2), 0.0290294 s/step
on time step 32482 (time=1624.1), 0.0290101 s/step
on time step 32620 (time=1631), 0.0290652 s/step
on time step 32757 (time=1637.85), 0.0292223 s/step
on time step 32894 (time=1644.7), 0.0292486 s/step
on time step 33029 (time=1651.45), 0.029632 s/step
on time step 33168 (time=1658.4), 0.0289288 s/step
Meep progress: 1659.25/4858.550724637682 = 34.2% done in 960.4s, 1851.9s to go
on time step 33308 (time=1665.4), 0.0287429 s/step
on time step 33448 (time=1672.4), 0.0286992 s/step
on time step 33588 (time=1679.4), 0.0287346 s/step
on time step 33727 (time=1686.35), 0.0288122 s/step
on time step 33862 (time=1693.1), 0.0298034 s/step
on time step 34000 (time=1700), 0.0290709 s/step
on time step 34138 (time=1706.9), 0.0289877 s/step
Meep progress: 1711.0500000000002/4858.550724637682 = 35.2% done in 990.5s, 1822.0s to go
on time step 34276 (time=1713.8), 0.0290058 s/step
on time step 34414 (time=1720.7), 0.0290101 s/step
on time step 34552 (time=1727.6), 0.0290478 s/step
on time step 34690 (time=1734.5), 0.029088 s/step
on time step 34827 (time=1741.35), 0.0292432 s/step
on time step 34963 (time=1748.15), 0.0294597 s/step
on time step 35099 (time=1754.95), 0.0294856 s/step
on time step 35238 (time=1761.9), 0.0288434 s/step
Meep progress: 1762.5/4858.550724637682 = 36.3% done in 1020.5s, 1792.6s to go
on time step 35378 (time=1768.9), 0.0287693 s/step
on time step 35518 (time=1775.9), 0.0287527 s/step
on time step 35657 (time=1782.85), 0.0287819 s/step
on time step 35796 (time=1789.8), 0.0288134 s/step
on time step 35932 (time=1796.6), 0.0296116 s/step
on time step 36070 (time=1803.5), 0.0291087 s/step
on time step 36208 (time=1810.4), 0.0290143 s/step
Meep progress: 1814.25/4858.550724637682 = 37.3% done in 1050.5s, 1762.7s to go
on time step 36346 (time=1817.3), 0.0290495 s/step
on time step 36484 (time=1824.2), 0.0291026 s/step
on time step 36622 (time=1831.1), 0.0291053 s/step
on time step 36760 (time=1838), 0.0291505 s/step
on time step 36897 (time=1844.85), 0.029339 s/step
on time step 37033 (time=1851.65), 0.029591 s/step
on time step 37169 (time=1858.45), 0.0294327 s/step
on time step 37307 (time=1865.35), 0.0290831 s/step
Meep progress: 1865.5500000000002/4858.550724637682 = 38.4% done in 1080.5s, 1733.5s to go
on time step 37446 (time=1872.3), 0.0288574 s/step
on time step 37585 (time=1879.25), 0.028827 s/step
on time step 37724 (time=1886.2), 0.0288983 s/step
on time step 37862 (time=1893.1), 0.0290152 s/step
on time step 37997 (time=1899.85), 0.0298203 s/step
on time step 38135 (time=1906.75), 0.0291929 s/step
on time step 38273 (time=1913.65), 0.0291079 s/step
Meep progress: 1917.1000000000001/4858.550724637682 = 39.5% done in 1110.5s, 1703.9s to go
on time step 38411 (time=1920.55), 0.0291451 s/step
on time step 38549 (time=1927.45), 0.0291569 s/step
on time step 38687 (time=1934.35), 0.029195 s/step
on time step 38824 (time=1941.2), 0.0292579 s/step
on time step 38960 (time=1948), 0.0294408 s/step
on time step 39096 (time=1954.8), 0.0295763 s/step
on time step 39233 (time=1961.65), 0.029225 s/step
Meep progress: 1968.45/4858.550724637682 = 40.5% done in 1140.5s, 1674.5s to go
on time step 39372 (time=1968.6), 0.0288179 s/step
on time step 39511 (time=1975.55), 0.0288089 s/step
on time step 39650 (time=1982.5), 0.0288562 s/step
on time step 39789 (time=1989.45), 0.0289421 s/step
on time step 39927 (time=1996.35), 0.0290158 s/step
on time step 40062 (time=2003.1), 0.0297467 s/step
on time step 40199 (time=2009.95), 0.0292279 s/step
on time step 40337 (time=2016.85), 0.0291146 s/step
Meep progress: 2020.0/4858.550724637682 = 41.6% done in 1170.5s, 1644.9s to go
on time step 40475 (time=2023.75), 0.0291572 s/step
on time step 40612 (time=2030.6), 0.029212 s/step
on time step 40749 (time=2037.45), 0.0292062 s/step
on time step 40886 (time=2044.3), 0.0292598 s/step
on time step 41023 (time=2051.15), 0.0294067 s/step
on time step 41159 (time=2057.95), 0.0295253 s/step
on time step 41296 (time=2064.8), 0.0292559 s/step
Meep progress: 2071.3/4858.550724637682 = 42.6% done in 1200.5s, 1615.5s to go
on time step 41435 (time=2071.75), 0.0289054 s/step
on time step 41574 (time=2078.7), 0.0289671 s/step
on time step 41712 (time=2085.6), 0.0290388 s/step
on time step 41850 (time=2092.5), 0.0291385 s/step
on time step 41987 (time=2099.35), 0.0292191 s/step
on time step 42121 (time=2106.05), 0.0298589 s/step
on time step 42258 (time=2112.9), 0.0293632 s/step
on time step 42395 (time=2119.75), 0.0292658 s/step
Meep progress: 2122.6/4858.550724637682 = 43.7% done in 1230.6s, 1586.2s to go
on time step 42532 (time=2126.6), 0.0293028 s/step
on time step 42669 (time=2133.45), 0.0293275 s/step
on time step 42806 (time=2140.3), 0.0293984 s/step
on time step 42942 (time=2147.1), 0.029455 s/step
on time step 43078 (time=2153.9), 0.0294579 s/step
on time step 43215 (time=2160.75), 0.0294068 s/step
on time step 43353 (time=2167.65), 0.0291293 s/step
Meep progress: 2173.8/4858.550724637682 = 44.7% done in 1260.6s, 1556.9s to go
on time step 43492 (time=2174.6), 0.0288423 s/step
on time step 43631 (time=2181.55), 0.0289204 s/step
on time step 43769 (time=2188.45), 0.0289922 s/step
on time step 43907 (time=2195.35), 0.0290928 s/step
on time step 44045 (time=2202.25), 0.0291037 s/step
on time step 44180 (time=2209), 0.0298 s/step
on time step 44317 (time=2215.85), 0.0292782 s/step
on time step 44455 (time=2222.75), 0.029172 s/step
Meep progress: 2225.2000000000003/4858.550724637682 = 45.8% done in 1290.6s, 1527.3s to go
on time step 44592 (time=2229.6), 0.0292121 s/step
on time step 44729 (time=2236.45), 0.0292724 s/step
on time step 44866 (time=2243.3), 0.0292943 s/step
on time step 45003 (time=2250.15), 0.0293644 s/step
on time step 45140 (time=2257), 0.029258 s/step
on time step 45277 (time=2263.85), 0.0293764 s/step
on time step 45415 (time=2270.75), 0.0290159 s/step
Meep progress: 2276.55/4858.550724637682 = 46.9% done in 1320.6s, 1497.8s to go
on time step 45554 (time=2277.7), 0.0288836 s/step
on time step 45693 (time=2284.65), 0.0289314 s/step
on time step 45831 (time=2291.55), 0.029024 s/step
on time step 45969 (time=2298.45), 0.0291296 s/step
on time step 46106 (time=2305.3), 0.0292164 s/step
on time step 46240 (time=2312), 0.0298793 s/step
on time step 46377 (time=2318.85), 0.0293325 s/step
on time step 46514 (time=2325.7), 0.0292297 s/step
Meep progress: 2327.85/4858.550724637682 = 47.9% done in 1350.6s, 1468.3s to go
on time step 46651 (time=2332.55), 0.0292481 s/step
on time step 46788 (time=2339.4), 0.0293088 s/step
on time step 46925 (time=2346.25), 0.0293828 s/step
on time step 47062 (time=2353.1), 0.029369 s/step
on time step 47198 (time=2359.9), 0.0294799 s/step
on time step 47335 (time=2366.75), 0.0294035 s/step
on time step 47473 (time=2373.65), 0.0290984 s/step
Meep progress: 2379.1/4858.550724637682 = 49.0% done in 1380.6s, 1438.9s to go
on time step 47612 (time=2380.6), 0.0289185 s/step
on time step 47750 (time=2387.5), 0.0290034 s/step
on time step 47888 (time=2394.4), 0.029075 s/step
on time step 48026 (time=2401.3), 0.0290936 s/step
on time step 48164 (time=2408.2), 0.0291052 s/step
on time step 48298 (time=2414.9), 0.0298812 s/step
on time step 48435 (time=2421.75), 0.0292898 s/step
on time step 48572 (time=2428.6), 0.0292123 s/step
Meep progress: 2430.4500000000003/4858.550724637682 = 50.0% done in 1410.7s, 1409.3s to go
on time step 48709 (time=2435.45), 0.0292515 s/step
on time step 48846 (time=2442.3), 0.0293703 s/step
on time step 48983 (time=2449.15), 0.0293866 s/step
on time step 49121 (time=2456.05), 0.0291322 s/step
on time step 49259 (time=2462.95), 0.0290963 s/step
on time step 49396 (time=2469.8), 0.0292676 s/step
on time step 49533 (time=2476.65), 0.0291996 s/step
Meep progress: 2481.8/4858.550724637682 = 51.1% done in 1440.7s, 1379.7s to go
on time step 49671 (time=2483.55), 0.0290333 s/step
on time step 49809 (time=2490.45), 0.0290828 s/step
on time step 49947 (time=2497.35), 0.0291131 s/step
on time step 50085 (time=2504.25), 0.0291331 s/step
on time step 50222 (time=2511.1), 0.0292014 s/step
on time step 50356 (time=2517.8), 0.0299437 s/step
on time step 50493 (time=2524.65), 0.0293199 s/step
on time step 50630 (time=2531.5), 0.029277 s/step
Meep progress: 2533.05/4858.550724637682 = 52.1% done in 1470.7s, 1350.2s to go
on time step 50767 (time=2538.35), 0.0293418 s/step
on time step 50904 (time=2545.2), 0.0294102 s/step
on time step 51041 (time=2552.05), 0.0292814 s/step
on time step 51179 (time=2558.95), 0.028991 s/step
on time step 51317 (time=2565.85), 0.0290661 s/step
on time step 51454 (time=2572.7), 0.0293873 s/step
on time step 51592 (time=2579.6), 0.0291564 s/step
Meep progress: 2584.4/4858.550724637682 = 53.2% done in 1500.7s, 1320.5s to go
on time step 51730 (time=2586.5), 0.0290264 s/step
on time step 51868 (time=2593.4), 0.0290903 s/step
on time step 52006 (time=2600.3), 0.0291234 s/step
on time step 52144 (time=2607.2), 0.0291614 s/step
on time step 52281 (time=2614.05), 0.0292316 s/step
on time step 52415 (time=2620.75), 0.0300109 s/step
on time step 52552 (time=2627.6), 0.0293492 s/step
on time step 52689 (time=2634.45), 0.029344 s/step
Meep progress: 2635.6000000000004/4858.550724637682 = 54.2% done in 1530.7s, 1291.1s to go
on time step 52825 (time=2641.25), 0.029426 s/step
on time step 52961 (time=2648.05), 0.0295195 s/step
on time step 53099 (time=2654.95), 0.0291301 s/step
on time step 53238 (time=2661.9), 0.0289675 s/step
on time step 53376 (time=2668.8), 0.0290571 s/step
on time step 53512 (time=2675.6), 0.0294871 s/step
on time step 53649 (time=2682.45), 0.029309 s/step
Meep progress: 2686.9/4858.550724637682 = 55.3% done in 1560.7s, 1261.4s to go
on time step 53787 (time=2689.35), 0.0291204 s/step
on time step 53925 (time=2696.25), 0.0291388 s/step
on time step 54063 (time=2703.15), 0.0291672 s/step
on time step 54200 (time=2710), 0.0292141 s/step
on time step 54336 (time=2716.8), 0.0296427 s/step
on time step 54470 (time=2723.5), 0.0299464 s/step
on time step 54607 (time=2730.35), 0.0293389 s/step
on time step 54744 (time=2737.2), 0.0294097 s/step
Meep progress: 2737.9500000000003/4858.550724637682 = 56.4% done in 1590.8s, 1232.1s to go
on time step 54880 (time=2744), 0.0295045 s/step
on time step 55016 (time=2750.8), 0.0294182 s/step
on time step 55154 (time=2757.7), 0.0290406 s/step
on time step 55293 (time=2764.65), 0.0289688 s/step
on time step 55431 (time=2771.55), 0.0290807 s/step
on time step 55567 (time=2778.35), 0.0295389 s/step
on time step 55704 (time=2785.2), 0.0292329 s/step
Meep progress: 2789.25/4858.550724637682 = 57.4% done in 1620.8s, 1202.4s to go
on time step 55842 (time=2792.1), 0.0291329 s/step
on time step 55980 (time=2799), 0.0291814 s/step
on time step 56117 (time=2805.85), 0.0292214 s/step
on time step 56254 (time=2812.7), 0.0292612 s/step
on time step 56390 (time=2819.5), 0.0295201 s/step
on time step 56524 (time=2826.2), 0.0299368 s/step
on time step 56660 (time=2833), 0.0294633 s/step
on time step 56796 (time=2839.8), 0.029538 s/step
Meep progress: 2840.25/4858.550724637682 = 58.5% done in 1650.8s, 1173.1s to go
on time step 56931 (time=2846.55), 0.0296313 s/step
on time step 57067 (time=2853.35), 0.0294653 s/step
on time step 57205 (time=2860.25), 0.0291149 s/step
on time step 57346 (time=2867.3), 0.0285365 s/step
on time step 57487 (time=2874.35), 0.0285618 s/step
on time step 57626 (time=2881.3), 0.0288937 s/step
on time step 57767 (time=2888.35), 0.0285313 s/step
Meep progress: 2892.15/4858.550724637682 = 59.5% done in 1680.8s, 1142.8s to go
on time step 57909 (time=2895.45), 0.0283459 s/step
on time step 58051 (time=2902.55), 0.0283478 s/step
on time step 58193 (time=2909.65), 0.0283421 s/step
on time step 58335 (time=2916.75), 0.0283467 s/step
on time step 58474 (time=2923.7), 0.0288812 s/step
on time step 58613 (time=2930.65), 0.028956 s/step
on time step 58755 (time=2937.75), 0.0283521 s/step
Meep progress: 2944.8/4858.550724637682 = 60.6% done in 1710.8s, 1111.8s to go
on time step 58897 (time=2944.85), 0.0283525 s/step
on time step 59039 (time=2951.95), 0.0283528 s/step
on time step 59181 (time=2959.05), 0.0283388 s/step
on time step 59322 (time=2966.1), 0.0284052 s/step
on time step 59463 (time=2973.15), 0.0284275 s/step
on time step 59604 (time=2980.2), 0.0285656 s/step
on time step 59742 (time=2987.1), 0.0290865 s/step
on time step 59883 (time=2994.15), 0.0285477 s/step
Meep progress: 2997.4/4858.550724637682 = 61.7% done in 1740.8s, 1080.9s to go
on time step 60024 (time=3001.2), 0.0283916 s/step
on time step 60165 (time=3008.25), 0.0283811 s/step
on time step 60306 (time=3015.3), 0.028385 s/step
on time step 60433 (time=3021.65), 0.0318341 s/step
on time step 60516 (time=3025.8), 0.0483772 s/step
on time step 60607 (time=3030.35), 0.044191 s/step
on time step 60746 (time=3037.3), 0.0289751 s/step
Meep progress: 3042.8500000000004/4858.550724637682 = 62.6% done in 1770.9s, 1056.7s to go
on time step 60865 (time=3043.25), 0.0338759 s/step
on time step 60986 (time=3049.3), 0.0331485 s/step
on time step 61110 (time=3055.5), 0.0323774 s/step
on time step 61245 (time=3062.25), 0.0296739 s/step
on time step 61385 (time=3069.25), 0.0285971 s/step
on time step 61526 (time=3076.3), 0.0285169 s/step
on time step 61664 (time=3083.2), 0.0290088 s/step
on time step 61805 (time=3090.25), 0.0284468 s/step
Meep progress: 3093.2000000000003/4858.550724637682 = 63.7% done in 1800.9s, 1027.8s to go
on time step 61947 (time=3097.35), 0.0283611 s/step
on time step 62089 (time=3104.45), 0.0283533 s/step
on time step 62231 (time=3111.55), 0.0283471 s/step
on time step 62373 (time=3118.65), 0.0283513 s/step
on time step 62512 (time=3125.6), 0.0288791 s/step
on time step 62652 (time=3132.6), 0.0287245 s/step
on time step 62794 (time=3139.7), 0.0283456 s/step
Meep progress: 3145.9/4858.550724637682 = 64.7% done in 1830.9s, 996.7s to go
on time step 62936 (time=3146.8), 0.0283454 s/step
on time step 63078 (time=3153.9), 0.0283591 s/step
on time step 63220 (time=3161), 0.0283488 s/step
on time step 63362 (time=3168.1), 0.028354 s/step
on time step 63503 (time=3175.15), 0.0284583 s/step
on time step 63644 (time=3182.2), 0.0284815 s/step
on time step 63782 (time=3189.1), 0.0291232 s/step
on time step 63923 (time=3196.15), 0.0284104 s/step
Meep progress: 3198.55/4858.550724637682 = 65.8% done in 1860.9s, 965.8s to go
on time step 64065 (time=3203.25), 0.0283529 s/step
on time step 64207 (time=3210.35), 0.0283561 s/step
on time step 64349 (time=3217.45), 0.0283421 s/step
on time step 64491 (time=3224.55), 0.0283693 s/step
on time step 64629 (time=3231.45), 0.0289984 s/step
on time step 64769 (time=3238.45), 0.0286399 s/step
on time step 64911 (time=3245.55), 0.0283583 s/step
Meep progress: 3251.25/4858.550724637682 = 66.9% done in 1890.9s, 934.8s to go
on time step 65053 (time=3252.65), 0.0283476 s/step
on time step 65194 (time=3259.7), 0.0283936 s/step
on time step 65336 (time=3266.8), 0.0283507 s/step
on time step 65478 (time=3273.9), 0.0283418 s/step
on time step 65619 (time=3280.95), 0.0284674 s/step
on time step 65760 (time=3288), 0.0285135 s/step
on time step 65898 (time=3294.9), 0.0290344 s/step
on time step 66039 (time=3301.95), 0.0284199 s/step
Meep progress: 3303.9/4858.550724637682 = 68.0% done in 1920.9s, 903.9s to go
on time step 66181 (time=3309.05), 0.0283558 s/step
on time step 66323 (time=3316.15), 0.0283496 s/step
on time step 66465 (time=3323.25), 0.0283518 s/step
on time step 66606 (time=3330.3), 0.0284078 s/step
on time step 66744 (time=3337.2), 0.0289914 s/step
on time step 66884 (time=3344.2), 0.0286751 s/step
on time step 67026 (time=3351.3), 0.0283417 s/step
Meep progress: 3356.55/4858.550724637682 = 69.1% done in 1950.9s, 873.0s to go
on time step 67168 (time=3358.4), 0.0283558 s/step
on time step 67310 (time=3365.5), 0.0283614 s/step
on time step 67451 (time=3372.55), 0.028401 s/step
on time step 67592 (time=3379.6), 0.0284027 s/step
on time step 67733 (time=3386.65), 0.0284366 s/step
on time step 67874 (time=3393.7), 0.0285823 s/step
on time step 68012 (time=3400.6), 0.0289951 s/step
on time step 68153 (time=3407.65), 0.0284137 s/step
Meep progress: 3409.2000000000003/4858.550724637682 = 70.2% done in 1980.9s, 842.2s to go
on time step 68295 (time=3414.75), 0.0283491 s/step
on time step 68437 (time=3421.85), 0.0283532 s/step
on time step 68579 (time=3428.95), 0.0283448 s/step
on time step 68721 (time=3436.05), 0.0283609 s/step
on time step 68859 (time=3442.95), 0.0291725 s/step
on time step 69000 (time=3450), 0.0285667 s/step
on time step 69142 (time=3457.1), 0.02835 s/step
Meep progress: 3461.8500000000004/4858.550724637682 = 71.3% done in 2010.9s, 811.3s to go
on time step 69284 (time=3464.2), 0.0283386 s/step
on time step 69425 (time=3471.25), 0.0284008 s/step
on time step 69567 (time=3478.35), 0.0283573 s/step
on time step 69708 (time=3485.4), 0.0283849 s/step
on time step 69849 (time=3492.45), 0.0284254 s/step
on time step 69989 (time=3499.45), 0.0286328 s/step
on time step 70128 (time=3506.4), 0.0289436 s/step
on time step 70269 (time=3513.45), 0.0283827 s/step
Meep progress: 3514.5/4858.550724637682 = 72.3% done in 2041.0s, 780.5s to go
on time step 70411 (time=3520.55), 0.02835 s/step
on time step 70553 (time=3527.65), 0.0283538 s/step
on time step 70695 (time=3534.75), 0.028351 s/step
on time step 70836 (time=3541.8), 0.028401 s/step
on time step 70974 (time=3548.7), 0.0290737 s/step
on time step 71115 (time=3555.75), 0.0285657 s/step
on time step 71257 (time=3562.85), 0.0283546 s/step
Meep progress: 3567.2000000000003/4858.550724637682 = 73.4% done in 2071.0s, 749.7s to go
on time step 71399 (time=3569.95), 0.0283612 s/step
on time step 71541 (time=3577.05), 0.0283559 s/step
on time step 71683 (time=3584.15), 0.0283482 s/step
on time step 71824 (time=3591.2), 0.0283872 s/step
on time step 71965 (time=3598.25), 0.0284292 s/step
on time step 72105 (time=3605.25), 0.0286173 s/step
on time step 72243 (time=3612.15), 0.0289963 s/step
on time step 72384 (time=3619.2), 0.0283944 s/step
Meep progress: 3619.8500000000004/4858.550724637682 = 74.5% done in 2101.0s, 719.0s to go
on time step 72526 (time=3626.3), 0.0283632 s/step
on time step 72668 (time=3633.4), 0.0283516 s/step
on time step 72810 (time=3640.5), 0.0283683 s/step
on time step 72952 (time=3647.6), 0.028346 s/step
on time step 73090 (time=3654.5), 0.0291426 s/step
on time step 73230 (time=3661.5), 0.0286035 s/step
on time step 73372 (time=3668.6), 0.0283428 s/step
Meep progress: 3672.5/4858.550724637682 = 75.6% done in 2131.0s, 688.2s to go
on time step 73514 (time=3675.7), 0.0283623 s/step
on time step 73655 (time=3682.75), 0.0283821 s/step
on time step 73797 (time=3689.85), 0.0283559 s/step
on time step 73938 (time=3696.9), 0.0283755 s/step
on time step 74079 (time=3703.95), 0.0284097 s/step
on time step 74219 (time=3710.95), 0.0286259 s/step
on time step 74358 (time=3717.9), 0.0289449 s/step
on time step 74499 (time=3724.95), 0.0283868 s/step
Meep progress: 3725.15/4858.550724637682 = 76.7% done in 2161.0s, 657.5s to go
on time step 74641 (time=3732.05), 0.0283496 s/step
on time step 74783 (time=3739.15), 0.0283415 s/step
on time step 74925 (time=3746.25), 0.0283615 s/step
on time step 75066 (time=3753.3), 0.0285089 s/step
on time step 75204 (time=3760.2), 0.0291588 s/step
on time step 75345 (time=3767.25), 0.0285578 s/step
on time step 75487 (time=3774.35), 0.0283467 s/step
Meep progress: 3777.8/4858.550724637682 = 77.8% done in 2191.0s, 626.8s to go
on time step 75629 (time=3781.45), 0.0283492 s/step
on time step 75771 (time=3788.55), 0.028355 s/step
on time step 75913 (time=3795.65), 0.0283429 s/step
on time step 76054 (time=3802.7), 0.0283863 s/step
on time step 76195 (time=3809.75), 0.0284422 s/step
on time step 76335 (time=3816.75), 0.0286087 s/step
on time step 76474 (time=3823.7), 0.0289483 s/step
Meep progress: 3830.4500000000003/4858.550724637682 = 78.8% done in 2221.0s, 596.1s to go
on time step 76615 (time=3830.75), 0.028389 s/step
on time step 76757 (time=3837.85), 0.0283466 s/step
on time step 76899 (time=3844.95), 0.0283422 s/step
on time step 77041 (time=3852.05), 0.0283619 s/step
on time step 77183 (time=3859.15), 0.028355 s/step
on time step 77321 (time=3866.05), 0.0291416 s/step
on time step 77462 (time=3873.1), 0.0285371 s/step
on time step 77604 (time=3880.2), 0.0283574 s/step
Meep progress: 3883.15/4858.550724637682 = 79.9% done in 2251.0s, 565.4s to go
on time step 77746 (time=3887.3), 0.0283492 s/step
on time step 77887 (time=3894.35), 0.0283954 s/step
on time step 78029 (time=3901.45), 0.0283391 s/step
on time step 78170 (time=3908.5), 0.0285173 s/step
on time step 78311 (time=3915.55), 0.0284454 s/step
on time step 78451 (time=3922.55), 0.0285843 s/step
on time step 78590 (time=3929.5), 0.0289172 s/step
Meep progress: 3935.8/4858.550724637682 = 81.0% done in 2281.1s, 534.8s to go
on time step 78731 (time=3936.55), 0.0283697 s/step
on time step 78873 (time=3943.65), 0.0283552 s/step
on time step 79015 (time=3950.75), 0.0283478 s/step
on time step 79157 (time=3957.85), 0.0283458 s/step
on time step 79298 (time=3964.9), 0.0283863 s/step
on time step 79436 (time=3971.8), 0.0291431 s/step
on time step 79576 (time=3978.8), 0.0285741 s/step
on time step 79718 (time=3985.9), 0.0283552 s/step
Meep progress: 3988.4500000000003/4858.550724637682 = 82.1% done in 2311.1s, 504.2s to go
on time step 79860 (time=3993), 0.0283379 s/step
on time step 80002 (time=4000.1), 0.0283517 s/step
on time step 80144 (time=4007.2), 0.0283552 s/step
on time step 80285 (time=4014.25), 0.0283781 s/step
on time step 80426 (time=4021.3), 0.0284713 s/step
on time step 80566 (time=4028.3), 0.0286238 s/step
on time step 80704 (time=4035.2), 0.0290006 s/step
Meep progress: 4041.1000000000004/4858.550724637682 = 83.2% done in 2341.1s, 473.6s to go
on time step 80845 (time=4042.25), 0.0283786 s/step
on time step 80987 (time=4049.35), 0.0283539 s/step
on time step 81129 (time=4056.45), 0.0283402 s/step
on time step 81271 (time=4063.55), 0.0283455 s/step
on time step 81413 (time=4070.65), 0.0283443 s/step
on time step 81550 (time=4077.5), 0.0292074 s/step
on time step 81691 (time=4084.55), 0.0285362 s/step
on time step 81832 (time=4091.6), 0.0283699 s/step
Meep progress: 4093.75/4858.550724637682 = 84.3% done in 2371.1s, 443.0s to go
on time step 81974 (time=4098.7), 0.0283499 s/step
on time step 82115 (time=4105.75), 0.0283805 s/step
on time step 82257 (time=4112.85), 0.028366 s/step
on time step 82398 (time=4119.9), 0.0283902 s/step
on time step 82539 (time=4126.95), 0.028475 s/step
on time step 82679 (time=4133.95), 0.0286113 s/step
on time step 82818 (time=4140.9), 0.0289097 s/step
Meep progress: 4146.400000000001/4858.550724637682 = 85.3% done in 2401.1s, 412.4s to go
on time step 82959 (time=4147.95), 0.0283804 s/step
on time step 83101 (time=4155.05), 0.0283487 s/step
on time step 83243 (time=4162.15), 0.0283495 s/step
on time step 83385 (time=4169.25), 0.0283376 s/step
on time step 83526 (time=4176.3), 0.0283936 s/step
on time step 83663 (time=4183.15), 0.0292654 s/step
on time step 83804 (time=4190.2), 0.0284457 s/step
on time step 83946 (time=4197.3), 0.0283417 s/step
Meep progress: 4199.05/4858.550724637682 = 86.4% done in 2431.1s, 381.8s to go
on time step 84088 (time=4204.4), 0.0283416 s/step
on time step 84230 (time=4211.5), 0.0283466 s/step
on time step 84372 (time=4218.6), 0.0283469 s/step
on time step 84513 (time=4225.65), 0.0283756 s/step
on time step 84654 (time=4232.7), 0.0284664 s/step
on time step 84794 (time=4239.7), 0.0286174 s/step
on time step 84932 (time=4246.6), 0.029012 s/step
Meep progress: 4251.7/4858.550724637682 = 87.5% done in 2461.1s, 351.3s to go
on time step 85073 (time=4253.65), 0.0283841 s/step
on time step 85215 (time=4260.75), 0.0283493 s/step
on time step 85357 (time=4267.85), 0.0283446 s/step
on time step 85499 (time=4274.95), 0.0283444 s/step
on time step 85641 (time=4282.05), 0.0283441 s/step
on time step 85779 (time=4288.95), 0.0291751 s/step
on time step 85920 (time=4296), 0.0284275 s/step
on time step 86062 (time=4303.1), 0.0283511 s/step
Meep progress: 4304.400000000001/4858.550724637682 = 88.6% done in 2491.1s, 320.7s to go
on time step 86204 (time=4310.2), 0.0283499 s/step
on time step 86345 (time=4317.25), 0.0283807 s/step
on time step 86487 (time=4324.35), 0.0283515 s/step
on time step 86628 (time=4331.4), 0.0283885 s/step
on time step 86769 (time=4338.45), 0.0284588 s/step
on time step 86909 (time=4345.45), 0.0286078 s/step
on time step 87048 (time=4352.4), 0.0288944 s/step
Meep progress: 4357.05/4858.550724637682 = 89.7% done in 2521.1s, 290.2s to go
on time step 87189 (time=4359.45), 0.0283959 s/step
on time step 87331 (time=4366.55), 0.0283454 s/step
on time step 87473 (time=4373.65), 0.0283505 s/step
on time step 87615 (time=4380.75), 0.0283591 s/step
on time step 87756 (time=4387.8), 0.0285075 s/step
on time step 87894 (time=4394.7), 0.0291686 s/step
on time step 88035 (time=4401.75), 0.028454 s/step
on time step 88177 (time=4408.85), 0.0283449 s/step
Meep progress: 4409.7/4858.550724637682 = 90.8% done in 2551.1s, 259.7s to go
on time step 88319 (time=4415.95), 0.0283479 s/step
on time step 88461 (time=4423.05), 0.0283555 s/step
on time step 88603 (time=4430.15), 0.0283617 s/step
on time step 88744 (time=4437.2), 0.0283762 s/step
on time step 88885 (time=4444.25), 0.0284678 s/step
on time step 89025 (time=4451.25), 0.0286926 s/step
on time step 89164 (time=4458.2), 0.0289094 s/step
Meep progress: 4462.35/4858.550724637682 = 91.8% done in 2581.1s, 229.2s to go
on time step 89305 (time=4465.25), 0.0283983 s/step
on time step 89447 (time=4472.35), 0.0283444 s/step
on time step 89589 (time=4479.45), 0.0283464 s/step
on time step 89731 (time=4486.55), 0.0283585 s/step
on time step 89873 (time=4493.65), 0.0283527 s/step
on time step 90010 (time=4500.5), 0.0292377 s/step
on time step 90151 (time=4507.55), 0.0284832 s/step
on time step 90293 (time=4514.65), 0.028351 s/step
Meep progress: 4515.05/4858.550724637682 = 92.9% done in 2611.2s, 198.7s to go
on time step 90435 (time=4521.75), 0.0283477 s/step
on time step 90576 (time=4528.8), 0.028386 s/step
on time step 90718 (time=4535.9), 0.0283611 s/step
on time step 90859 (time=4542.95), 0.0283768 s/step
on time step 91000 (time=4550), 0.0285305 s/step
on time step 91140 (time=4557), 0.0287879 s/step
on time step 91279 (time=4563.95), 0.0287898 s/step
Meep progress: 4567.7/4858.550724637682 = 94.0% done in 2641.2s, 168.2s to go
on time step 91420 (time=4571), 0.0283915 s/step
on time step 91562 (time=4578.1), 0.0283589 s/step
on time step 91704 (time=4585.2), 0.0283571 s/step
on time step 91846 (time=4592.3), 0.0283478 s/step
on time step 91987 (time=4599.35), 0.0283913 s/step
on time step 92125 (time=4606.25), 0.0291138 s/step
on time step 92266 (time=4613.3), 0.0284533 s/step
Meep progress: 4620.400000000001/4858.550724637682 = 95.1% done in 2671.2s, 137.7s to go
on time step 92408 (time=4620.4), 0.0283454 s/step
on time step 92550 (time=4627.5), 0.0283524 s/step
on time step 92692 (time=4634.6), 0.0283544 s/step
on time step 92834 (time=4641.7), 0.0283607 s/step
on time step 92975 (time=4648.75), 0.0283878 s/step
on time step 93116 (time=4655.8), 0.0285479 s/step
on time step 93255 (time=4662.75), 0.0287782 s/step
on time step 93395 (time=4669.75), 0.0287389 s/step
Meep progress: 4673.05/4858.550724637682 = 96.2% done in 2701.2s, 107.2s to go
on time step 93536 (time=4676.8), 0.0283835 s/step
on time step 93678 (time=4683.9), 0.0283461 s/step
on time step 93820 (time=4691), 0.0283475 s/step
on time step 93962 (time=4698.1), 0.0283513 s/step
on time step 94104 (time=4705.2), 0.028346 s/step
on time step 94242 (time=4712.1), 0.0291681 s/step
on time step 94383 (time=4719.15), 0.0284389 s/step
Meep progress: 4725.75/4858.550724637682 = 97.3% done in 2731.2s, 76.8s to go
on time step 94525 (time=4726.25), 0.0283536 s/step
on time step 94667 (time=4733.35), 0.0283504 s/step
on time step 94808 (time=4740.4), 0.0283919 s/step
on time step 94950 (time=4747.5), 0.0283525 s/step
on time step 95091 (time=4754.55), 0.0283813 s/step
on time step 95232 (time=4761.6), 0.0285204 s/step
on time step 95371 (time=4768.55), 0.0288015 s/step
on time step 95511 (time=4775.55), 0.0286667 s/step
Meep progress: 4778.400000000001/4858.550724637682 = 98.4% done in 2761.2s, 46.3s to go
on time step 95652 (time=4782.6), 0.0283912 s/step
on time step 95794 (time=4789.7), 0.0283394 s/step
on time step 95936 (time=4796.8), 0.0283483 s/step
on time step 96078 (time=4803.9), 0.0283593 s/step
on time step 96218 (time=4810.9), 0.0286024 s/step
on time step 96355 (time=4817.75), 0.0292772 s/step
on time step 96496 (time=4824.8), 0.0284809 s/step
Meep progress: 4831.0/4858.550724637682 = 99.4% done in 2791.2s, 15.9s to go
on time step 96638 (time=4831.9), 0.0283442 s/step
on time step 96780 (time=4839), 0.0283558 s/step
on time step 96922 (time=4846.1), 0.0283453 s/step
on time step 97064 (time=4853.2), 0.0283621 s/step
run 0 finished at t = 4858.6 (97172 timesteps)
field decay(t = 4858.6): 3.195330874370032e-17 / 3.195330874370032e-17 = 1.0
on time step 97205 (time=4860.25), 0.0285159 s/step
on time step 97342 (time=4867.1), 0.0292639 s/step
on time step 97479 (time=4873.95), 0.0293837 s/step
on time step 97616 (time=4880.8), 0.0293735 s/step
on time step 97754 (time=4887.7), 0.0290145 s/step
on time step 97893 (time=4894.65), 0.0289609 s/step
on time step 98032 (time=4901.6), 0.02896 s/step
on time step 98171 (time=4908.55), 0.0289682 s/step
field decay(t = 4908.650000000001): 5.465858483186994e-17 / 5.465858483186994e-17 = 1.0
on time step 98310 (time=4915.5), 0.0289831 s/step
on time step 98445 (time=4922.25), 0.0298147 s/step
on time step 98583 (time=4929.15), 0.0290395 s/step
on time step 98722 (time=4936.1), 0.028976 s/step
on time step 98861 (time=4943.05), 0.0289512 s/step
on time step 98999 (time=4949.95), 0.0290174 s/step
on time step 99138 (time=4956.9), 0.0289516 s/step
field decay(t = 4958.700000000001): 4.9361311668399345e-17 / 5.465858483186994e-17 = 0.9030843337827894
on time step 99276 (time=4963.8), 0.0289869 s/step
on time step 99413 (time=4970.65), 0.0293575 s/step
on time step 99550 (time=4977.5), 0.0293736 s/step
on time step 99687 (time=4984.35), 0.0293236 s/step
on time step 99825 (time=4991.25), 0.0289938 s/step
on time step 99963 (time=4998.15), 0.0291152 s/step
on time step 100102 (time=5005.1), 0.0289683 s/step
field decay(t = 5008.75): 4.5756121047083286e-17 / 5.465858483186994e-17 = 0.8371259736751203
on time step 100241 (time=5012.05), 0.0289681 s/step
on time step 100379 (time=5018.95), 0.0291795 s/step
on time step 100513 (time=5025.65), 0.0298926 s/step
on time step 100651 (time=5032.55), 0.0290383 s/step
on time step 100790 (time=5039.5), 0.028952 s/step
on time step 100929 (time=5046.45), 0.0289642 s/step
on time step 101068 (time=5053.4), 0.0289787 s/step
field decay(t = 5058.8): 4.190243784509633e-17 / 5.465858483186994e-17 = 0.7666213454663787
on time step 101207 (time=5060.35), 0.0289639 s/step
on time step 101345 (time=5067.25), 0.0290331 s/step
on time step 101482 (time=5074.1), 0.0292798 s/step
on time step 101619 (time=5080.95), 0.0294055 s/step
on time step 101756 (time=5087.8), 0.0292773 s/step
on time step 101894 (time=5094.7), 0.0290038 s/step
on time step 102033 (time=5101.65), 0.0289558 s/step
on time step 102172 (time=5108.6), 0.0289821 s/step
field decay(t = 5108.85): 4.0257669744517455e-17 / 5.465858483186994e-17 = 0.7365296754087255
on time step 102311 (time=5115.55), 0.0289562 s/step
on time step 102449 (time=5122.45), 0.0291699 s/step
on time step 102584 (time=5129.2), 0.029728 s/step
on time step 102722 (time=5136.1), 0.0290233 s/step
on time step 102861 (time=5143.05), 0.028962 s/step
on time step 103000 (time=5150), 0.0289527 s/step
on time step 103138 (time=5156.9), 0.0289969 s/step
field decay(t = 5158.900000000001): 3.828248520022925e-17 / 5.465858483186994e-17 = 0.7003929084147779
on time step 103277 (time=5163.85), 0.0289566 s/step
on time step 103415 (time=5170.75), 0.0290141 s/step
on time step 103552 (time=5177.6), 0.0292981 s/step
on time step 103688 (time=5184.4), 0.0294524 s/step
on time step 103825 (time=5191.25), 0.0292973 s/step
on time step 103963 (time=5198.15), 0.0290111 s/step
on time step 104102 (time=5205.1), 0.0289499 s/step
field decay(t = 5208.950000000001): 3.6630088538924524e-17 / 5.465858483186994e-17 = 0.6701616708811405
on time step 104241 (time=5212.05), 0.0289714 s/step
on time step 104380 (time=5219), 0.0289651 s/step
on time step 104517 (time=5225.85), 0.029307 s/step
on time step 104652 (time=5232.6), 0.0296506 s/step
on time step 104790 (time=5239.5), 0.0290221 s/step
on time step 104929 (time=5246.45), 0.028974 s/step
on time step 105068 (time=5253.4), 0.0289462 s/step
field decay(t = 5259.0): 3.47480405881888e-17 / 5.465858483186994e-17 = 0.6357288739742153
on time step 105207 (time=5260.35), 0.0289816 s/step
on time step 105346 (time=5267.3), 0.0289609 s/step
on time step 105484 (time=5274.2), 0.0290295 s/step
on time step 105621 (time=5281.05), 0.029374 s/step
on time step 105758 (time=5287.9), 0.0293718 s/step
on time step 105895 (time=5294.75), 0.029273 s/step
on time step 106033 (time=5301.65), 0.029002 s/step
on time step 106172 (time=5308.6), 0.0289605 s/step
field decay(t = 5309.05): 3.2495832540653043e-17 / 5.465858483186994e-17 = 0.5945238545895466
on time step 106311 (time=5315.55), 0.0289694 s/step
on time step 106450 (time=5322.5), 0.0289584 s/step
on time step 106587 (time=5329.35), 0.029402 s/step
on time step 106723 (time=5336.15), 0.0294946 s/step
on time step 106861 (time=5343.05), 0.0290396 s/step
on time step 107000 (time=5350), 0.0289611 s/step
on time step 107139 (time=5356.95), 0.0289597 s/step
field decay(t = 5359.1): 2.953177104682269e-17 / 5.465858483186994e-17 = 0.5402952004275734
on time step 107277 (time=5363.85), 0.0290335 s/step
on time step 107416 (time=5370.8), 0.0289758 s/step
on time step 107554 (time=5377.7), 0.029032 s/step
on time step 107691 (time=5384.55), 0.0293493 s/step
on time step 107828 (time=5391.4), 0.029381 s/step
on time step 107965 (time=5398.25), 0.0293107 s/step
on time step 108104 (time=5405.2), 0.0289593 s/step
field decay(t = 5409.150000000001): 2.7112606586211048e-17 / 5.465858483186994e-17 = 0.4960356487386117
on time step 108243 (time=5412.15), 0.0289643 s/step
on time step 108382 (time=5419.1), 0.0289646 s/step
on time step 108521 (time=5426.05), 0.0289487 s/step
on time step 108657 (time=5432.85), 0.0295966 s/step
on time step 108794 (time=5439.7), 0.0294018 s/step
on time step 108932 (time=5446.6), 0.0290265 s/step
srun: Job step aborted: Waiting up to 62 seconds for job step to finish.
srun: got SIGCONT
slurmstepd: error: *** JOB 553230 ON topsy-cn-1-4 CANCELLED AT 2021-11-26T11:56:17 ***
srun: forcing job termination
slurmstepd: error: *** STEP 553230.0 ON topsy-cn-1-4 CANCELLED AT 2021-11-26T11:56:17 ***
srun: error: topsy-cn-1-8: tasks 60-63: Terminated
srun: error: topsy-cn-1-5: tasks 20-39: Terminated
srun: error: topsy-cn-1-7: tasks 40-59: Terminated
srun: error: topsy-cn-1-4: tasks 0-19: Terminated
