Using MPI version 3.1, 16 processes
WD: data/2021-11-05/TopsyTestRes5StopCenter/
AlreadyDir
Vector3<364.0, 0.0, 0.0>
-----------
Initializing structure...
Splitting into 16 chunks by voxels
time for choose_chunkdivision = 0.00177936 s
Working in 2D dimensions.
Computational cell is 735 x 100 x 0 with resolution 5
     block, center = (0,0,0)
          size (1e+20,1e+20,1e+20)
          axes (1,0,0), (0,1,0), (0,0,1)
          dielectric constant epsilon diagonal = (1.9881,1.9881,1.9881)
     block, center = (0,-30.25,0)
          size (1e+20,62.5,1e+20)
          axes (1,0,0), (0,1,0), (0,0,1)
          dielectric constant epsilon diagonal = (2.0736,2.0736,2.0736)
     block, center = (0,0,0)
          size (1e+20,8.2,1e+20)
          axes (1,0,0), (0,1,0), (0,0,1)
          dielectric constant epsilon diagonal = (2.08803,2.08803,2.08803)
time for set_epsilon = 0.396112 s
-----------
MPB solved for frequency_1(0.4,0,0) = 0.278047 after 54 iters
MPB solved for frequency_1(0.930869,0,0) = 0.645079 after 33 iters
MPB solved for frequency_1(0.930988,0,0) = 0.645161 after 11 iters
MPB solved for frequency_1(0.930988,0,0) = 0.645161 after 1 iters
Meep: using output directory 'data/2021-11-05/TopsyTestRes5StopCenter/'
on time step 428 (time=42.8), 0.00935848 s/step
on time step 897 (time=89.7), 0.00852907 s/step
on time step 1362 (time=136.2), 0.00860412 s/step
on time step 1832 (time=183.2), 0.00852485 s/step
on time step 2297 (time=229.7), 0.0086081 s/step
on time step 2760 (time=276), 0.00865076 s/step
on time step 3226 (time=322.6), 0.00858528 s/step
on time step 3684 (time=368.4), 0.00874955 s/step
on time step 4151 (time=415.1), 0.00857067 s/step
on time step 4606 (time=460.6), 0.00879314 s/step
on time step 5070 (time=507), 0.00862962 s/step
on time step 5545 (time=554.5), 0.0084315 s/step
on time step 6020 (time=602), 0.00843282 s/step
on time step 6494 (time=649.4), 0.00844896 s/step
on time step 6969 (time=696.9), 0.00843417 s/step
on time step 7443 (time=744.3), 0.00844058 s/step
on time step 7915 (time=791.5), 0.00848013 s/step
on time step 8327 (time=832.7), 0.00972509 s/step
on time step 8800 (time=880), 0.00847283 s/step
on time step 9275 (time=927.5), 0.00842548 s/step
on time step 9750 (time=975), 0.00842575 s/step
on time step 10225 (time=1022.5), 0.00843817 s/step
on time step 10700 (time=1070), 0.0084283 s/step
on time step 11169 (time=1116.9), 0.00852967 s/step
on time step 11638 (time=1163.8), 0.00853628 s/step
on time step 12107 (time=1210.7), 0.00853984 s/step
on time step 12576 (time=1257.6), 0.00854546 s/step
on time step 13045 (time=1304.5), 0.00853965 s/step
on time step 13511 (time=1351.1), 0.00858488 s/step
on time step 13980 (time=1398), 0.00854291 s/step
on time step 14449 (time=1444.9), 0.00853934 s/step
on time step 14918 (time=1491.8), 0.00853933 s/step
on time step 15387 (time=1538.7), 0.00853784 s/step
on time step 15856 (time=1585.6), 0.00853936 s/step
on time step 16325 (time=1632.5), 0.00853943 s/step
on time step 16793 (time=1679.3), 0.00855747 s/step
on time step 17262 (time=1726.2), 0.00853857 s/step
on time step 17731 (time=1773.1), 0.00854156 s/step
on time step 18200 (time=1820), 0.00854227 s/step
on time step 18669 (time=1866.9), 0.0085444 s/step
on time step 19137 (time=1913.7), 0.00855019 s/step
on time step 19605 (time=1960.5), 0.00854842 s/step
field decay(t = 2000.1000000000001): 0.24795249688583204 / 0.24795249688583204 = 1.0
on time step 20073 (time=2007.3), 0.00855705 s/step
on time step 20539 (time=2053.9), 0.00858847 s/step
on time step 21008 (time=2100.8), 0.00854557 s/step
on time step 21477 (time=2147.7), 0.00854147 s/step
on time step 21944 (time=2194.4), 0.00857076 s/step
on time step 22412 (time=2241.2), 0.00855386 s/step
on time step 22880 (time=2288), 0.00855409 s/step
on time step 23348 (time=2334.8), 0.00855813 s/step
on time step 23816 (time=2381.6), 0.00856277 s/step
on time step 24284 (time=2428.4), 0.00854769 s/step
on time step 24752 (time=2475.2), 0.00855219 s/step
on time step 25220 (time=2522), 0.00855239 s/step
on time step 25688 (time=2568.8), 0.0085483 s/step
on time step 26157 (time=2615.7), 0.00854118 s/step
on time step 26625 (time=2662.5), 0.00854892 s/step
on time step 27094 (time=2709.4), 0.00854649 s/step
on time step 27560 (time=2756), 0.0085925 s/step
on time step 28028 (time=2802.8), 0.00855344 s/step
on time step 28497 (time=2849.7), 0.00854676 s/step
on time step 28964 (time=2896.4), 0.0085797 s/step
on time step 29432 (time=2943.2), 0.00854906 s/step
on time step 29900 (time=2990), 0.00854923 s/step
on time step 30368 (time=3036.8), 0.00855605 s/step
on time step 30836 (time=3083.6), 0.00856105 s/step
on time step 31304 (time=3130.4), 0.0085538 s/step
on time step 31772 (time=3177.2), 0.00855237 s/step
on time step 32240 (time=3224), 0.00855325 s/step
on time step 32709 (time=3270.9), 0.0085446 s/step
on time step 33177 (time=3317.7), 0.00854717 s/step
on time step 33646 (time=3364.6), 0.00854556 s/step
on time step 34115 (time=3411.5), 0.00854413 s/step
on time step 34581 (time=3458.1), 0.0085918 s/step
on time step 35050 (time=3505), 0.00854219 s/step
on time step 35518 (time=3551.8), 0.00855232 s/step
on time step 35987 (time=3598.7), 0.00854645 s/step
on time step 36456 (time=3645.6), 0.00854434 s/step
on time step 36925 (time=3692.5), 0.00854463 s/step
on time step 37393 (time=3739.3), 0.008551 s/step
on time step 37861 (time=3786.1), 0.0085635 s/step
on time step 38329 (time=3832.9), 0.008548 s/step
on time step 38797 (time=3879.7), 0.00854922 s/step
on time step 39265 (time=3926.5), 0.00855115 s/step
on time step 39734 (time=3973.4), 0.00854702 s/step
field decay(t = 4000.1000000000004): 2.1142089745572696e-10 / 0.24795249688583204 = 8.526669427050545e-10
on time step 40203 (time=4020.3), 0.00854404 s/step
on time step 40671 (time=4067.1), 0.00855321 s/step
on time step 41139 (time=4113.9), 0.00854915 s/step
on time step 41604 (time=4160.4), 0.00860516 s/step
on time step 42072 (time=4207.2), 0.00854722 s/step
on time step 42540 (time=4254), 0.00855147 s/step
on time step 43009 (time=4300.9), 0.00854649 s/step
on time step 43477 (time=4347.7), 0.00854899 s/step
on time step 43945 (time=4394.5), 0.00855131 s/step
on time step 44413 (time=4441.3), 0.00855698 s/step
on time step 44881 (time=4488.1), 0.00856335 s/step
on time step 45349 (time=4534.9), 0.00854981 s/step
on time step 45817 (time=4581.7), 0.00855525 s/step
on time step 46285 (time=4628.5), 0.00855204 s/step
on time step 46753 (time=4675.3), 0.00854903 s/step
on time step 47221 (time=4722.1), 0.00855361 s/step
on time step 47689 (time=4768.9), 0.00855939 s/step
on time step 48157 (time=4815.7), 0.00854775 s/step
on time step 48623 (time=4862.3), 0.00859193 s/step
on time step 49091 (time=4909.1), 0.00854953 s/step
on time step 49559 (time=4955.9), 0.00854942 s/step
on time step 50027 (time=5002.7), 0.00855051 s/step
on time step 50495 (time=5049.5), 0.00855351 s/step
on time step 50963 (time=5096.3), 0.00855201 s/step
on time step 51431 (time=5143.1), 0.00855472 s/step
on time step 51898 (time=5189.8), 0.00856828 s/step
on time step 52366 (time=5236.6), 0.00855927 s/step
on time step 52833 (time=5283.3), 0.00857268 s/step
on time step 53302 (time=5330.2), 0.00854634 s/step
on time step 53770 (time=5377), 0.00855159 s/step
on time step 54239 (time=5423.9), 0.00854258 s/step
on time step 54707 (time=5470.7), 0.00855473 s/step
on time step 55175 (time=5517.5), 0.00854916 s/step
on time step 55641 (time=5564.1), 0.00858661 s/step
on time step 56109 (time=5610.9), 0.00854895 s/step
on time step 56577 (time=5657.7), 0.00855087 s/step
on time step 57046 (time=5704.6), 0.00854383 s/step
on time step 57515 (time=5751.5), 0.00854626 s/step
on time step 57983 (time=5798.3), 0.00855353 s/step
on time step 58451 (time=5845.1), 0.00855271 s/step
on time step 58918 (time=5891.8), 0.00857346 s/step
on time step 59386 (time=5938.6), 0.00855004 s/step
on time step 59854 (time=5985.4), 0.00855039 s/step
field decay(t = 6000.200000000001): 2.2234990675512077e-16 / 0.24795249688583204 = 8.967439713160065e-16
run 0 finished at t = 6000.200000000001 (60002 timesteps)
WD: data/2021-11-05/TopsyTestRes5StopCenter/
AlreadyDir
-----------
Initializing structure...
Splitting into 16 chunks by voxels
time for choose_chunkdivision = 0.00213231 s
Working in 2D dimensions.
Computational cell is 735 x 100 x 0 with resolution 5
     block, center = (0,0,0)
          size (1e+20,1e+20,1e+20)
          axes (1,0,0), (0,1,0), (0,0,1)
          dielectric constant epsilon diagonal = (1.9881,1.9881,1.9881)
     block, center = (0,-30.25,0)
          size (1e+20,62.5,1e+20)
          axes (1,0,0), (0,1,0), (0,0,1)
          dielectric constant epsilon diagonal = (2.0736,2.0736,2.0736)
     block, center = (0,0,0)
          size (1e+20,8.2,1e+20)
          axes (1,0,0), (0,1,0), (0,0,1)
          dielectric constant epsilon diagonal = (2.08803,2.08803,2.08803)
     prism, center = (-50,0,0)
          height 1, axis (0,0,1), sidewall angle: 0 radians, 4 vertices:
          (-81.75,20,-0.5)
          (-18.25,20,-0.5)
          (-49.5,-20,-0.5)
          (-50.5,-20,-0.5)
          dielectric constant epsilon diagonal = (1.9881,1.9881,1.9881)
     prism, center = (50,0,0)
          height 1, axis (0,0,1), sidewall angle: 0 radians, 4 vertices:
          (18.25,20,-0.5)
          (81.75,20,-0.5)
          (50.5,-20,-0.5)
          (49.5,-20,-0.5)
          dielectric constant epsilon diagonal = (1.9881,1.9881,1.9881)
time for set_epsilon = 1.4419 s
-----------
MPB solved for frequency_1(0.4,0,0) = 0.278047 after 54 iters
MPB solved for frequency_1(0.930869,0,0) = 0.645079 after 33 iters
MPB solved for frequency_1(0.930988,0,0) = 0.645161 after 11 iters
MPB solved for frequency_1(0.930988,0,0) = 0.645161 after 1 iters
Meep: using output directory 'data/2021-11-05/TopsyTestRes5StopCenter/'
Actual Simtime: 3.3333333333333334e-09
creating output file "data/2021-11-05/TopsyTestRes5StopCenter//RunModel-eps-000000.00.h5"...
on time step 411 (time=41.1), 0.00974695 s/step
on time step 860 (time=86), 0.00892158 s/step
on time step 1306 (time=130.6), 0.00897751 s/step
on time step 1752 (time=175.2), 0.0089829 s/step
on time step 2195 (time=219.5), 0.00903057 s/step
on time step 2635 (time=263.5), 0.00909952 s/step
on time step 3078 (time=307.8), 0.00904219 s/step
on time step 3512 (time=351.2), 0.00923223 s/step
on time step 3951 (time=395.1), 0.0091122 s/step
on time step 4388 (time=438.8), 0.00915395 s/step
on time step 4819 (time=481.9), 0.0093041 s/step
on time step 5267 (time=526.7), 0.00894761 s/step
on time step 5717 (time=571.7), 0.00890391 s/step
on time step 6166 (time=616.6), 0.00891478 s/step
on time step 6615 (time=661.5), 0.00891103 s/step
on time step 7064 (time=706.4), 0.00891661 s/step
on time step 7513 (time=751.3), 0.00892498 s/step
on time step 7961 (time=796.1), 0.0089325 s/step
on time step 8347 (time=834.7), 0.0103789 s/step
on time step 8793 (time=879.3), 0.00897109 s/step
on time step 9242 (time=924.2), 0.00891657 s/step
on time step 9692 (time=969.2), 0.00889209 s/step
on time step 10143 (time=1014.3), 0.00888277 s/step
on time step 10593 (time=1059.3), 0.0088901 s/step
on time step 11043 (time=1104.3), 0.0088927 s/step
on time step 11493 (time=1149.3), 0.00889935 s/step
on time step 11942 (time=1194.2), 0.00891134 s/step
on time step 12392 (time=1239.2), 0.00889975 s/step
on time step 12842 (time=1284.2), 0.00889539 s/step
on time step 13292 (time=1329.2), 0.00889991 s/step
on time step 13742 (time=1374.2), 0.00889357 s/step
on time step 14192 (time=1419.2), 0.00889224 s/step
on time step 14642 (time=1464.2), 0.00889335 s/step
on time step 15092 (time=1509.2), 0.00889956 s/step
on time step 15541 (time=1554.1), 0.0089124 s/step
on time step 15989 (time=1598.9), 0.00893203 s/step
on time step 16439 (time=1643.9), 0.00889719 s/step
on time step 16890 (time=1689), 0.0088854 s/step
on time step 17340 (time=1734), 0.00890019 s/step
on time step 17790 (time=1779), 0.00890296 s/step
on time step 18240 (time=1824), 0.00890194 s/step
on time step 18689 (time=1868.9), 0.00891402 s/step
on time step 19139 (time=1913.9), 0.00889407 s/step
on time step 19589 (time=1958.9), 0.00890241 s/step
field decay(t = 2000.1000000000001): 0.404359834566677 / 0.404359834566677 = 1.0
on time step 20039 (time=2003.9), 0.00889426 s/step
on time step 20489 (time=2048.9), 0.00890179 s/step
on time step 20939 (time=2093.9), 0.00889596 s/step
on time step 21389 (time=2138.9), 0.00889896 s/step
on time step 21839 (time=2183.9), 0.00890068 s/step
on time step 22288 (time=2228.8), 0.00891947 s/step
on time step 22736 (time=2273.6), 0.00892989 s/step
on time step 23186 (time=2318.6), 0.00890181 s/step
on time step 23636 (time=2363.6), 0.00890053 s/step
on time step 24086 (time=2408.6), 0.00889627 s/step
on time step 24536 (time=2453.6), 0.00889924 s/step
on time step 24986 (time=2498.6), 0.00890605 s/step
on time step 25435 (time=2543.5), 0.00892319 s/step
on time step 25885 (time=2588.5), 0.00889759 s/step
on time step 26335 (time=2633.5), 0.00890013 s/step
on time step 26785 (time=2678.5), 0.00889574 s/step
on time step 27235 (time=2723.5), 0.00889788 s/step
on time step 27685 (time=2768.5), 0.0088938 s/step
on time step 28135 (time=2813.5), 0.00889699 s/step
on time step 28585 (time=2858.5), 0.00890655 s/step
on time step 29034 (time=2903.4), 0.00892211 s/step
on time step 29483 (time=2948.3), 0.00892141 s/step
on time step 29933 (time=2993.3), 0.00890472 s/step
on time step 30381 (time=3038.1), 0.00892898 s/step
on time step 30831 (time=3083.1), 0.00889395 s/step
on time step 31281 (time=3128.1), 0.0089039 s/step
on time step 31731 (time=3173.1), 0.00890571 s/step
on time step 32181 (time=3218.1), 0.00890409 s/step
on time step 32631 (time=3263.1), 0.00890801 s/step
on time step 33081 (time=3308.1), 0.00889915 s/step
on time step 33531 (time=3353.1), 0.0088999 s/step
on time step 33981 (time=3398.1), 0.00889996 s/step
on time step 34431 (time=3443.1), 0.00889507 s/step
on time step 34881 (time=3488.1), 0.00889827 s/step
on time step 35331 (time=3533.1), 0.00890291 s/step
on time step 35780 (time=3578), 0.0089237 s/step
on time step 36229 (time=3622.9), 0.00891937 s/step
on time step 36679 (time=3667.9), 0.00890352 s/step
on time step 37129 (time=3712.9), 0.00890052 s/step
on time step 37579 (time=3757.9), 0.00890099 s/step
on time step 38029 (time=3802.9), 0.0088939 s/step
on time step 38479 (time=3847.9), 0.00890167 s/step
on time step 38928 (time=3892.8), 0.00891263 s/step
on time step 39378 (time=3937.8), 0.0088974 s/step
on time step 39828 (time=3982.8), 0.00890204 s/step
field decay(t = 4000.1000000000004): 1.3293967568657426e-09 / 0.404359834566677 = 3.287657782060279e-09
on time step 40278 (time=4027.8), 0.00890262 s/step
on time step 40728 (time=4072.8), 0.00890661 s/step
on time step 41178 (time=4117.8), 0.00889937 s/step
on time step 41628 (time=4162.8), 0.00890157 s/step
on time step 42078 (time=4207.8), 0.00890508 s/step
on time step 42526 (time=4252.6), 0.00893361 s/step
on time step 42975 (time=4297.5), 0.00892544 s/step
on time step 43425 (time=4342.5), 0.00889979 s/step
on time step 43875 (time=4387.5), 0.00889617 s/step
on time step 44325 (time=4432.5), 0.00890264 s/step
on time step 44775 (time=4477.5), 0.00890435 s/step
on time step 45225 (time=4522.5), 0.00890382 s/step
on time step 45674 (time=4567.4), 0.0089206 s/step
on time step 46124 (time=4612.4), 0.00889618 s/step
on time step 46574 (time=4657.4), 0.00890115 s/step
on time step 47024 (time=4702.4), 0.0088977 s/step
on time step 47474 (time=4747.4), 0.00889969 s/step
on time step 47924 (time=4792.4), 0.00890339 s/step
on time step 48374 (time=4837.4), 0.00889994 s/step
on time step 48824 (time=4882.4), 0.00890859 s/step
on time step 49272 (time=4927.2), 0.00893035 s/step
on time step 49721 (time=4972.1), 0.00891796 s/step
on time step 50171 (time=5017.1), 0.00890677 s/step
on time step 50621 (time=5062.1), 0.00889877 s/step
on time step 51071 (time=5107.1), 0.00890745 s/step
on time step 51521 (time=5152.1), 0.00890734 s/step
on time step 51971 (time=5197.1), 0.00890636 s/step
on time step 52421 (time=5242.1), 0.00890711 s/step
on time step 52871 (time=5287.1), 0.00890133 s/step
on time step 53321 (time=5332.1), 0.00889922 s/step
on time step 53771 (time=5377.1), 0.00889415 s/step
on time step 54221 (time=5422.1), 0.00889888 s/step
on time step 54671 (time=5467.1), 0.00890858 s/step
on time step 55121 (time=5512.1), 0.00890074 s/step
on time step 55571 (time=5557.1), 0.00890601 s/step
on time step 56019 (time=5601.9), 0.00893181 s/step
on time step 56468 (time=5646.8), 0.00892288 s/step
on time step 56918 (time=5691.8), 0.00889771 s/step
on time step 57368 (time=5736.8), 0.00889744 s/step
on time step 57818 (time=5781.8), 0.00890727 s/step
on time step 58268 (time=5826.8), 0.00890359 s/step
on time step 58718 (time=5871.8), 0.00890005 s/step
on time step 59167 (time=5916.7), 0.00891945 s/step
on time step 59617 (time=5961.7), 0.00889847 s/step
field decay(t = 6000.200000000001): 2.624953156025355e-18 / 0.404359834566677 = 6.491626842310701e-18
run 0 finished at t = 6000.200000000001 (60002 timesteps)

Elapsed run time = 1053.3846 s
