Using MPI version 3.1, 24 processes
WD: data/2021-12-17/EllipseAndCladVisible/
AlreadyDir
-----------
Initializing structure...
Splitting into 24 chunks by voxels
time for choose_chunkdivision = 0.00404289 s
Working in 2D dimensions.
Computational cell is 820 x 120 x 0 with resolution 10
     block, center = (0,0,0)
          size (1e+20,1e+20,1e+20)
          axes (1,0,0), (0,1,0), (0,0,1)
          dielectric constant epsilon diagonal = (1.99622,1.99622,1.99622)
     block, center = (0,-28.7,0)
          size (1e+20,67.6,1e+20)
          axes (1,0,0), (0,1,0), (0,0,1)
          dielectric constant epsilon diagonal = (2.0746,2.0746,2.0746)
     block, center = (0,0,0)
          size (1e+20,8.2,1e+20)
          axes (1,0,0), (0,1,0), (0,0,1)
          dielectric constant epsilon diagonal = (2.08903,2.08903,2.08903)
time for set_epsilon = 1.06425 s
-----------
MPB solved for frequency_1(0.4,0,0) = 0.27776 after 47 iters
MPB solved for frequency_1(0.931428,0,0) = 0.645149 after 32 iters
MPB solved for frequency_1(0.931446,0,0) = 0.645161 after 6 iters
MPB solved for frequency_1(0.931446,0,0) = 0.645161 after 1 iters
Meep: using output directory 'data/2021-12-17/EllipseAndCladVisible/'


Normalisation Run


on time step 147 (time=7.35), 0.0272155 s/step
on time step 353 (time=17.65), 0.0195071 s/step
on time step 556 (time=27.8), 0.0197358 s/step
on time step 762 (time=38.1), 0.0194696 s/step
on time step 962 (time=48.1), 0.0200888 s/step
on time step 1166 (time=58.3), 0.0196229 s/step
on time step 1371 (time=68.55), 0.0195486 s/step
Meep progress: 73.5/2370.3709698364382 = 3.1% done in 30.0s, 937.5s to go
on time step 1575 (time=78.75), 0.0196326 s/step
on time step 1779 (time=88.95), 0.0196306 s/step
on time step 1984 (time=99.2), 0.0195967 s/step
on time step 2192 (time=109.6), 0.0192887 s/step
on time step 2397 (time=119.85), 0.0195709 s/step
on time step 2602 (time=130.1), 0.0195952 s/step
on time step 2807 (time=140.35), 0.0195291 s/step
Meep progress: 150.4/2370.3709698364382 = 6.3% done in 60.0s, 885.8s to go
on time step 3015 (time=150.75), 0.0192586 s/step
on time step 3221 (time=161.05), 0.0194596 s/step
on time step 3428 (time=171.4), 0.0193276 s/step
on time step 3634 (time=181.7), 0.019464 s/step
on time step 3840 (time=192), 0.0194539 s/step
on time step 4045 (time=202.25), 0.0195621 s/step
on time step 4252 (time=212.6), 0.0194098 s/step
on time step 4457 (time=222.85), 0.019546 s/step
Meep progress: 227.55/2370.3709698364382 = 9.6% done in 90.0s, 847.8s to go
on time step 4665 (time=233.25), 0.0192825 s/step
on time step 4872 (time=243.6), 0.0194257 s/step
on time step 5079 (time=253.95), 0.0194013 s/step
on time step 5287 (time=264.35), 0.0193408 s/step
on time step 5492 (time=274.6), 0.0195132 s/step
on time step 5697 (time=284.85), 0.0195348 s/step
on time step 5902 (time=295.1), 0.019576 s/step
Meep progress: 304.75/2370.3709698364382 = 12.9% done in 120.0s, 813.6s to go
on time step 6110 (time=305.5), 0.0192865 s/step
on time step 6317 (time=315.85), 0.0193775 s/step
on time step 6525 (time=326.25), 0.0192598 s/step
on time step 6731 (time=336.55), 0.0194244 s/step
on time step 6938 (time=346.9), 0.0194068 s/step
on time step 7141 (time=357.05), 0.0197678 s/step
on time step 7347 (time=367.35), 0.0194761 s/step
on time step 7554 (time=377.7), 0.0193357 s/step
Meep progress: 382.0/2370.3709698364382 = 16.1% done in 150.0s, 781.0s to go
on time step 7761 (time=388.05), 0.0193332 s/step
on time step 7968 (time=398.4), 0.0193726 s/step
on time step 8175 (time=408.75), 0.0194375 s/step
on time step 8383 (time=419.15), 0.0192827 s/step
on time step 8589 (time=429.45), 0.0194775 s/step
on time step 8795 (time=439.75), 0.0195052 s/step
on time step 8999 (time=449.95), 0.0196217 s/step
Meep progress: 458.90000000000003/2370.3709698364382 = 19.4% done in 180.1s, 750.0s to go
on time step 9199 (time=459.95), 0.0200672 s/step
on time step 9393 (time=469.65), 0.020714 s/step
on time step 9587 (time=479.35), 0.0207154 s/step
on time step 9779 (time=488.95), 0.0208841 s/step
on time step 9970 (time=498.5), 0.0209887 s/step
on time step 10157 (time=507.85), 0.0214217 s/step
on time step 10346 (time=517.3), 0.0211779 s/step
on time step 10545 (time=527.25), 0.0201881 s/step
Meep progress: 530.85/2370.3709698364382 = 22.4% done in 210.1s, 727.9s to go
on time step 10737 (time=536.85), 0.0208674 s/step
on time step 10928 (time=546.4), 0.02102 s/step
on time step 11118 (time=555.9), 0.02111 s/step
on time step 11308 (time=565.4), 0.0211345 s/step
on time step 11495 (time=574.75), 0.0214299 s/step
on time step 11682 (time=584.1), 0.0214719 s/step
on time step 11877 (time=593.85), 0.0205814 s/step
Meep progress: 602.1/2370.3709698364382 = 25.4% done in 240.1s, 705.1s to go
on time step 12071 (time=603.55), 0.0207229 s/step
on time step 12262 (time=613.1), 0.020964 s/step
on time step 12452 (time=622.6), 0.0210565 s/step
on time step 12641 (time=632.05), 0.0211944 s/step
on time step 12829 (time=641.45), 0.0212887 s/step
on time step 13013 (time=650.65), 0.0217458 s/step
on time step 13208 (time=660.4), 0.0205942 s/step
on time step 13401 (time=670.05), 0.0207729 s/step
Meep progress: 673.3000000000001/2370.3709698364382 = 28.4% done in 270.1s, 680.8s to go
on time step 13591 (time=679.55), 0.0210891 s/step
on time step 13779 (time=688.95), 0.0212951 s/step
on time step 13967 (time=698.35), 0.0213818 s/step
on time step 14155 (time=707.75), 0.0213111 s/step
on time step 14340 (time=717), 0.0217033 s/step
on time step 14529 (time=726.45), 0.0212064 s/step
on time step 14722 (time=736.1), 0.0207647 s/step
Meep progress: 744.6500000000001/2370.3709698364382 = 31.4% done in 300.1s, 655.2s to go
on time step 14930 (time=746.5), 0.0193486 s/step
on time step 15137 (time=756.85), 0.0194117 s/step
on time step 15343 (time=767.15), 0.0194855 s/step
on time step 15550 (time=777.5), 0.019366 s/step
on time step 15757 (time=787.85), 0.0194039 s/step
on time step 15960 (time=798), 0.0197588 s/step
on time step 16165 (time=808.25), 0.0195635 s/step
on time step 16372 (time=818.6), 0.0193504 s/step
Meep progress: 821.7/2370.3709698364382 = 34.7% done in 330.1s, 622.2s to go
on time step 16578 (time=828.9), 0.0194295 s/step
on time step 16785 (time=839.25), 0.019373 s/step
on time step 16991 (time=849.55), 0.0194394 s/step
on time step 17199 (time=859.95), 0.0192958 s/step
on time step 17403 (time=870.15), 0.0196151 s/step
on time step 17607 (time=880.35), 0.0196177 s/step
on time step 17811 (time=890.55), 0.0196333 s/step
Meep progress: 898.7/2370.3709698364382 = 37.9% done in 360.1s, 589.7s to go
on time step 18017 (time=900.85), 0.0194428 s/step
on time step 18221 (time=911.05), 0.0196615 s/step
on time step 18425 (time=921.25), 0.0196678 s/step
on time step 18630 (time=931.5), 0.0195317 s/step
on time step 18829 (time=941.45), 0.0201118 s/step
on time step 19021 (time=951.05), 0.0208844 s/step
on time step 19214 (time=960.7), 0.0207555 s/step
on time step 19393 (time=969.65), 0.0225361 s/step
Meep progress: 970.8000000000001/2370.3709698364382 = 41.0% done in 390.1s, 562.4s to go
on time step 19463 (time=973.15), 0.0574111 s/step
on time step 19588 (time=979.4), 0.032138 s/step
on time step 19761 (time=988.05), 0.0231676 s/step
on time step 19902 (time=995.1), 0.0284873 s/step
on time step 20052 (time=1002.6), 0.0266902 s/step
on time step 20235 (time=1011.75), 0.0219011 s/step
on time step 20440 (time=1022), 0.0195254 s/step
Meep progress: 1029.9/2370.3709698364382 = 43.4% done in 420.1s, 546.8s to go
on time step 20649 (time=1032.45), 0.0192067 s/step
on time step 20857 (time=1042.85), 0.0193005 s/step
on time step 21064 (time=1053.2), 0.0193306 s/step
on time step 21272 (time=1063.6), 0.0192512 s/step
on time step 21478 (time=1073.9), 0.0194188 s/step
on time step 21682 (time=1084.1), 0.0196308 s/step
on time step 21888 (time=1094.4), 0.019487 s/step
on time step 22096 (time=1104.8), 0.0192545 s/step
Meep progress: 1107.3/2370.3709698364382 = 46.7% done in 450.1s, 513.5s to go
on time step 22303 (time=1115.15), 0.0193453 s/step
on time step 22511 (time=1125.55), 0.01929 s/step
on time step 22718 (time=1135.9), 0.0193496 s/step
on time step 22926 (time=1146.3), 0.0192727 s/step
on time step 23132 (time=1156.6), 0.019503 s/step
on time step 23339 (time=1166.95), 0.0193804 s/step
on time step 23546 (time=1177.3), 0.0193564 s/step
Meep progress: 1184.9/2370.3709698364382 = 50.0% done in 480.2s, 480.4s to go
on time step 23755 (time=1187.75), 0.0191796 s/step
on time step 23963 (time=1198.15), 0.0192311 s/step
on time step 24170 (time=1208.5), 0.0193281 s/step
on time step 24378 (time=1218.9), 0.0192711 s/step
on time step 24585 (time=1229.25), 0.019392 s/step
on time step 24790 (time=1239.5), 0.0195554 s/step
on time step 24995 (time=1249.75), 0.0195285 s/step
on time step 25203 (time=1260.15), 0.0192314 s/step
Meep progress: 1262.4/2370.3709698364382 = 53.3% done in 510.2s, 447.8s to go
on time step 25411 (time=1270.55), 0.0192637 s/step
on time step 25619 (time=1280.95), 0.0192778 s/step
on time step 25826 (time=1291.3), 0.0193243 s/step
on time step 26035 (time=1301.75), 0.0191634 s/step
on time step 26241 (time=1312.05), 0.0194347 s/step
on time step 26449 (time=1322.45), 0.0193003 s/step
on time step 26656 (time=1332.8), 0.0193302 s/step
Meep progress: 1340.2/2370.3709698364382 = 56.5% done in 540.2s, 415.2s to go
on time step 26864 (time=1343.2), 0.0192497 s/step
on time step 27073 (time=1353.65), 0.0192162 s/step
on time step 27281 (time=1364.05), 0.0193124 s/step
on time step 27489 (time=1374.45), 0.0193012 s/step
on time step 27695 (time=1384.75), 0.019454 s/step
on time step 27900 (time=1395), 0.0195731 s/step
on time step 28106 (time=1405.3), 0.0195018 s/step
on time step 28314 (time=1415.7), 0.0192478 s/step
Meep progress: 1417.65/2370.3709698364382 = 59.8% done in 570.2s, 383.2s to go
on time step 28522 (time=1426.1), 0.0192438 s/step
on time step 28730 (time=1436.5), 0.0192624 s/step
on time step 28937 (time=1446.85), 0.0193684 s/step
on time step 29145 (time=1457.25), 0.0192866 s/step
on time step 29351 (time=1467.55), 0.0194767 s/step
on time step 29558 (time=1477.9), 0.0193534 s/step
on time step 29765 (time=1488.25), 0.0193559 s/step
Meep progress: 1495.25/2370.3709698364382 = 63.1% done in 600.2s, 351.3s to go
on time step 29973 (time=1498.65), 0.0192821 s/step
on time step 30182 (time=1509.1), 0.0192116 s/step
on time step 30389 (time=1519.45), 0.0194021 s/step
on time step 30597 (time=1529.85), 0.0192482 s/step
on time step 30804 (time=1540.2), 0.0193946 s/step
on time step 31009 (time=1550.45), 0.0195773 s/step
on time step 31215 (time=1560.75), 0.0194628 s/step
on time step 31424 (time=1571.2), 0.0192286 s/step
Meep progress: 1572.75/2370.3709698364382 = 66.4% done in 630.2s, 319.6s to go
on time step 31632 (time=1581.6), 0.0192765 s/step
on time step 31840 (time=1592), 0.0192429 s/step
on time step 32047 (time=1602.35), 0.0193341 s/step
on time step 32255 (time=1612.75), 0.0193091 s/step
on time step 32461 (time=1623.05), 0.0194556 s/step
on time step 32668 (time=1633.4), 0.0193648 s/step
on time step 32874 (time=1643.7), 0.019426 s/step
Meep progress: 1650.3500000000001/2370.3709698364382 = 69.6% done in 660.2s, 288.0s to go
on time step 33083 (time=1654.15), 0.0191872 s/step
on time step 33292 (time=1664.6), 0.0192288 s/step
on time step 33499 (time=1674.95), 0.0193993 s/step
on time step 33708 (time=1685.4), 0.0191655 s/step
on time step 33915 (time=1695.75), 0.0193525 s/step
on time step 34121 (time=1706.05), 0.019497 s/step
on time step 34327 (time=1716.35), 0.0194663 s/step
on time step 34536 (time=1726.8), 0.0192162 s/step
Meep progress: 1728.0/2370.3709698364382 = 72.9% done in 690.2s, 256.6s to go
on time step 34745 (time=1737.25), 0.0191742 s/step
on time step 34954 (time=1747.7), 0.0192193 s/step
on time step 35162 (time=1758.1), 0.0192915 s/step
on time step 35370 (time=1768.5), 0.0192403 s/step
on time step 35576 (time=1778.8), 0.0194803 s/step
on time step 35784 (time=1789.2), 0.019288 s/step
on time step 35991 (time=1799.55), 0.0193815 s/step
Meep progress: 1805.75/2370.3709698364382 = 76.2% done in 720.2s, 225.2s to go
on time step 36200 (time=1810), 0.0191565 s/step
on time step 36408 (time=1820.4), 0.019255 s/step
on time step 36615 (time=1830.75), 0.0193658 s/step
on time step 36824 (time=1841.2), 0.0191467 s/step
on time step 37031 (time=1851.55), 0.0193866 s/step
on time step 37236 (time=1861.8), 0.019528 s/step
on time step 37443 (time=1872.15), 0.019395 s/step
on time step 37653 (time=1882.65), 0.0191332 s/step
Meep progress: 1883.45/2370.3709698364382 = 79.5% done in 750.2s, 193.9s to go
on time step 37862 (time=1893.1), 0.0192271 s/step
on time step 38071 (time=1903.55), 0.0191752 s/step
on time step 38278 (time=1913.9), 0.0193627 s/step
on time step 38487 (time=1924.35), 0.0191905 s/step
on time step 38694 (time=1934.7), 0.0193919 s/step
on time step 38902 (time=1945.1), 0.0192815 s/step
on time step 39109 (time=1955.45), 0.0193413 s/step
Meep progress: 1961.25/2370.3709698364382 = 82.7% done in 780.2s, 162.8s to go
on time step 39318 (time=1965.9), 0.0191974 s/step
on time step 39527 (time=1976.35), 0.0192185 s/step
on time step 39735 (time=1986.75), 0.019308 s/step
on time step 39945 (time=1997.25), 0.0191195 s/step
on time step 40151 (time=2007.55), 0.0194294 s/step
on time step 40356 (time=2017.8), 0.0195266 s/step
on time step 40563 (time=2028.15), 0.0193736 s/step
on time step 40773 (time=2038.65), 0.0191104 s/step
Meep progress: 2039.0500000000002/2370.3709698364382 = 86.0% done in 810.2s, 131.7s to go
on time step 40982 (time=2049.1), 0.0191777 s/step
on time step 41192 (time=2059.6), 0.0191308 s/step
on time step 41400 (time=2070), 0.0193004 s/step
on time step 41608 (time=2080.4), 0.0192493 s/step
on time step 41815 (time=2090.75), 0.0193956 s/step
on time step 42023 (time=2101.15), 0.0192709 s/step
on time step 42230 (time=2111.5), 0.0193578 s/step
Meep progress: 2116.9500000000003/2370.3709698364382 = 89.3% done in 840.2s, 100.6s to go
on time step 42439 (time=2121.95), 0.0191701 s/step
on time step 42647 (time=2132.35), 0.0192427 s/step
on time step 42855 (time=2142.75), 0.0192815 s/step
on time step 43065 (time=2153.25), 0.0191266 s/step
on time step 43272 (time=2163.6), 0.0193556 s/step
on time step 43477 (time=2173.85), 0.0195241 s/step
on time step 43684 (time=2184.2), 0.0193566 s/step
on time step 43894 (time=2194.7), 0.0190842 s/step
Meep progress: 2194.8/2370.3709698364382 = 92.6% done in 870.3s, 69.6s to go
on time step 44103 (time=2205.15), 0.0192222 s/step
on time step 44313 (time=2215.65), 0.0191279 s/step
on time step 44520 (time=2226), 0.0193254 s/step
on time step 44729 (time=2236.45), 0.0192175 s/step
on time step 44936 (time=2246.8), 0.0193959 s/step
on time step 45144 (time=2257.2), 0.0192865 s/step
on time step 45352 (time=2267.6), 0.019288 s/step
Meep progress: 2272.7000000000003/2370.3709698364382 = 95.9% done in 900.3s, 38.7s to go
on time step 45561 (time=2278.05), 0.0191559 s/step
on time step 45770 (time=2288.5), 0.0192063 s/step
on time step 45978 (time=2298.9), 0.0192852 s/step
on time step 46186 (time=2309.3), 0.0192619 s/step
on time step 46393 (time=2319.65), 0.0194002 s/step
on time step 46597 (time=2329.85), 0.0196082 s/step
on time step 46803 (time=2340.15), 0.0194663 s/step
Meep progress: 2350.3/2370.3709698364382 = 99.2% done in 930.3s, 7.9s to go
on time step 47012 (time=2350.6), 0.0191924 s/step
on time step 47220 (time=2361), 0.0192879 s/step
run 0 finished at t = 2370.4 (47408 timesteps)
field decay(t = 2370.4): 3.305954905825469e-18 / 3.305954905825469e-18 = 1.0
on time step 47426 (time=2371.3), 0.0194214 s/step
on time step 47613 (time=2380.65), 0.0215019 s/step
on time step 47800 (time=2390), 0.0214658 s/step
on time step 47985 (time=2399.25), 0.0216698 s/step
on time step 48171 (time=2408.55), 0.0215869 s/step
on time step 48358 (time=2417.9), 0.0214942 s/step
on time step 48545 (time=2427.25), 0.0214275 s/step
on time step 48730 (time=2436.5), 0.0217035 s/step
on time step 48916 (time=2445.8), 0.0215124 s/step
on time step 49104 (time=2455.2), 0.0213706 s/step
on time step 49289 (time=2464.45), 0.0216451 s/step
on time step 49474 (time=2473.7), 0.0217616 s/step
on time step 49660 (time=2483), 0.0215896 s/step
on time step 49848 (time=2492.4), 0.0213426 s/step
on time step 50035 (time=2501.75), 0.0214682 s/step
on time step 50221 (time=2511.05), 0.0215145 s/step
on time step 50407 (time=2520.35), 0.0215218 s/step
on time step 50593 (time=2529.65), 0.0215341 s/step
on time step 50778 (time=2538.9), 0.0217107 s/step
on time step 50963 (time=2548.15), 0.0217131 s/step
on time step 51149 (time=2557.45), 0.0215625 s/step
on time step 51335 (time=2566.75), 0.0215139 s/step
on time step 51521 (time=2576.05), 0.0215832 s/step
on time step 51707 (time=2585.35), 0.0215285 s/step
on time step 51894 (time=2594.7), 0.0214636 s/step
on time step 52079 (time=2603.95), 0.0216446 s/step
on time step 52262 (time=2613.1), 0.0218623 s/step
on time step 52448 (time=2622.4), 0.0215439 s/step
on time step 52636 (time=2631.8), 0.0213661 s/step
on time step 52822 (time=2641.1), 0.0215704 s/step
on time step 53009 (time=2650.45), 0.0214957 s/step
on time step 53196 (time=2659.8), 0.0214166 s/step
on time step 53383 (time=2669.15), 0.0214739 s/step
on time step 53568 (time=2678.4), 0.0216387 s/step
on time step 53753 (time=2687.65), 0.0217311 s/step
on time step 53939 (time=2696.95), 0.0215834 s/step
on time step 54124 (time=2706.2), 0.021639 s/step
on time step 54310 (time=2715.5), 0.0215876 s/step
on time step 54496 (time=2724.8), 0.0215186 s/step
on time step 54683 (time=2734.15), 0.0214966 s/step
on time step 54868 (time=2743.4), 0.0216395 s/step
on time step 55051 (time=2752.55), 0.0219051 s/step
on time step 55237 (time=2761.85), 0.0215809 s/step
on time step 55424 (time=2771.2), 0.0214803 s/step
on time step 55610 (time=2780.5), 0.0215366 s/step
on time step 55796 (time=2789.8), 0.0215595 s/step
on time step 55982 (time=2799.1), 0.0215069 s/step
on time step 56169 (time=2808.45), 0.0214338 s/step
on time step 56354 (time=2817.7), 0.0217056 s/step
on time step 56540 (time=2827), 0.0215836 s/step
on time step 56726 (time=2836.3), 0.0215493 s/step
on time step 56912 (time=2845.6), 0.0215245 s/step
on time step 57098 (time=2854.9), 0.0215385 s/step
on time step 57284 (time=2864.2), 0.0215565 s/step
field decay(t = 2870.4500000000003): 6.082170324224948e-18 / 6.082170324224948e-18 = 1.0
on time step 57471 (time=2873.55), 0.0214276 s/step
on time step 57656 (time=2882.8), 0.0216813 s/step
on time step 57840 (time=2892), 0.0217654 s/step
on time step 58026 (time=2901.3), 0.0215115 s/step
on time step 58213 (time=2910.65), 0.0214388 s/step
on time step 58399 (time=2919.95), 0.0215257 s/step
on time step 58585 (time=2929.25), 0.0215283 s/step
on time step 58772 (time=2938.6), 0.0214544 s/step
on time step 58959 (time=2947.95), 0.0214825 s/step
on time step 59145 (time=2957.25), 0.021568 s/step
on time step 59330 (time=2966.5), 0.0216422 s/step
on time step 59517 (time=2975.85), 0.0214799 s/step
on time step 59703 (time=2985.15), 0.0215573 s/step
on time step 59890 (time=2994.5), 0.0214968 s/step
on time step 60077 (time=3003.85), 0.0214939 s/step
on time step 60264 (time=3013.2), 0.0214341 s/step
on time step 60449 (time=3022.45), 0.0216668 s/step
on time step 60633 (time=3031.65), 0.0217571 s/step
on time step 60820 (time=3041), 0.0214781 s/step
on time step 61007 (time=3050.35), 0.0214545 s/step
on time step 61194 (time=3059.7), 0.0214388 s/step
on time step 61380 (time=3069), 0.0215472 s/step
on time step 61567 (time=3078.35), 0.0214454 s/step
on time step 61753 (time=3087.65), 0.0215135 s/step
on time step 61940 (time=3097), 0.0214654 s/step
on time step 62126 (time=3106.3), 0.021552 s/step
on time step 62313 (time=3115.65), 0.0214894 s/step
on time step 62500 (time=3125), 0.0214346 s/step
on time step 62687 (time=3134.35), 0.0213969 s/step
on time step 62874 (time=3143.7), 0.0213921 s/step
on time step 63062 (time=3153.1), 0.0213467 s/step
on time step 63248 (time=3162.4), 0.0216105 s/step
on time step 63433 (time=3171.65), 0.0216681 s/step
on time step 63620 (time=3181), 0.0214779 s/step
on time step 63807 (time=3190.35), 0.021398 s/step
on time step 63994 (time=3199.7), 0.0214742 s/step
on time step 64181 (time=3209.05), 0.0214631 s/step
on time step 64369 (time=3218.45), 0.0213146 s/step
on time step 64556 (time=3227.8), 0.0214276 s/step
on time step 64743 (time=3237.15), 0.0214525 s/step
on time step 64929 (time=3246.45), 0.0215546 s/step
on time step 65116 (time=3255.8), 0.0214887 s/step
on time step 65303 (time=3265.15), 0.0214712 s/step
on time step 65490 (time=3274.5), 0.021412 s/step
on time step 65678 (time=3283.9), 0.0213866 s/step
on time step 65865 (time=3293.25), 0.0213913 s/step
on time step 66051 (time=3302.55), 0.0215849 s/step
on time step 66236 (time=3311.8), 0.0217201 s/step
on time step 66423 (time=3321.15), 0.0214639 s/step
on time step 66611 (time=3330.55), 0.0213504 s/step
on time step 66799 (time=3339.95), 0.0213828 s/step
on time step 66986 (time=3349.3), 0.0214821 s/step
on time step 67174 (time=3358.7), 0.0213423 s/step
on time step 67361 (time=3368.05), 0.0215049 s/step
field decay(t = 3370.5): 1.2440419955094553e-18 / 6.082170324224948e-18 = 0.20453915776651385
on time step 67549 (time=3377.45), 0.0213939 s/step
on time step 67735 (time=3386.75), 0.0215212 s/step
on time step 67923 (time=3396.15), 0.0213647 s/step
on time step 68110 (time=3405.5), 0.0214277 s/step
on time step 68298 (time=3414.9), 0.0213826 s/step
on time step 68486 (time=3424.3), 0.0213675 s/step
on time step 68674 (time=3433.7), 0.0212924 s/step
on time step 68859 (time=3442.95), 0.0216314 s/step
on time step 69044 (time=3452.2), 0.0216605 s/step
on time step 69231 (time=3461.55), 0.0214163 s/step
on time step 69419 (time=3470.95), 0.0213147 s/step
on time step 69607 (time=3480.35), 0.0213748 s/step
on time step 69793 (time=3489.65), 0.0215179 s/step
on time step 69982 (time=3499.1), 0.0212288 s/step
on time step 70168 (time=3508.4), 0.02152 s/step
on time step 70357 (time=3517.85), 0.0212712 s/step
on time step 70544 (time=3527.2), 0.0214873 s/step
on time step 70732 (time=3536.6), 0.0213544 s/step
on time step 70920 (time=3546), 0.0213749 s/step
on time step 71108 (time=3555.4), 0.0212927 s/step
on time step 71296 (time=3564.8), 0.0213533 s/step
on time step 71484 (time=3574.2), 0.0213164 s/step
on time step 71670 (time=3583.5), 0.0215635 s/step
on time step 71855 (time=3592.75), 0.021635 s/step
on time step 72042 (time=3602.1), 0.0214988 s/step
on time step 72229 (time=3611.45), 0.0214131 s/step
on time step 72415 (time=3620.75), 0.0216024 s/step
on time step 72600 (time=3630), 0.0216429 s/step
on time step 72787 (time=3639.35), 0.0214306 s/step
on time step 72972 (time=3648.6), 0.0217332 s/step
on time step 73158 (time=3657.9), 0.0215603 s/step
on time step 73343 (time=3667.15), 0.0217021 s/step
on time step 73529 (time=3676.45), 0.0215981 s/step
on time step 73714 (time=3685.7), 0.0216309 s/step
on time step 73900 (time=3695), 0.0215074 s/step
on time step 74086 (time=3704.3), 0.0216098 s/step
on time step 74272 (time=3713.6), 0.0215218 s/step
on time step 74456 (time=3722.8), 0.0217977 s/step
on time step 74640 (time=3732), 0.0217536 s/step
on time step 74825 (time=3741.25), 0.0216716 s/step
on time step 75012 (time=3750.6), 0.0214645 s/step
on time step 75197 (time=3759.85), 0.0216691 s/step
on time step 75383 (time=3769.15), 0.0215894 s/step
on time step 75570 (time=3778.5), 0.0214082 s/step
on time step 75755 (time=3787.75), 0.0217354 s/step
on time step 75940 (time=3797), 0.0216241 s/step
on time step 76123 (time=3806.15), 0.0218754 s/step
on time step 76308 (time=3815.4), 0.0216444 s/step
on time step 76493 (time=3824.65), 0.0217094 s/step
on time step 76677 (time=3833.85), 0.0217472 s/step
on time step 76862 (time=3843.1), 0.0217187 s/step
on time step 77047 (time=3852.35), 0.0216626 s/step
on time step 77231 (time=3861.55), 0.0218544 s/step
field decay(t = 3870.55): 2.327521029421642e-19 / 6.082170324224948e-18 = 0.038267935709581404
on time step 77414 (time=3870.7), 0.0218634 s/step
on time step 77599 (time=3879.95), 0.0217206 s/step
on time step 77785 (time=3889.25), 0.0215592 s/step
on time step 77970 (time=3898.5), 0.0216848 s/step
on time step 78155 (time=3907.75), 0.0216779 s/step
on time step 78341 (time=3917.05), 0.0216146 s/step
on time step 78526 (time=3926.3), 0.0216973 s/step
on time step 78711 (time=3935.55), 0.021662 s/step
on time step 78895 (time=3944.75), 0.0217732 s/step
on time step 79081 (time=3954.05), 0.0216098 s/step
on time step 79266 (time=3963.3), 0.0216947 s/step
on time step 79451 (time=3972.55), 0.0217018 s/step
on time step 79637 (time=3981.85), 0.0216017 s/step
on time step 79823 (time=3991.15), 0.0215872 s/step
on time step 80007 (time=4000.35), 0.0218122 s/step
on time step 80190 (time=4009.5), 0.0218655 s/step
on time step 80375 (time=4018.75), 0.0216558 s/step
on time step 80560 (time=4028), 0.0216238 s/step
on time step 80745 (time=4037.25), 0.0216407 s/step
on time step 80930 (time=4046.5), 0.0216523 s/step
on time step 81116 (time=4055.8), 0.0215737 s/step
on time step 81301 (time=4065.05), 0.0216933 s/step
on time step 81486 (time=4074.3), 0.0216555 s/step
on time step 81671 (time=4083.55), 0.0217215 s/step
on time step 81857 (time=4092.85), 0.0215963 s/step
on time step 82042 (time=4102.1), 0.0217018 s/step
on time step 82228 (time=4111.4), 0.0215692 s/step
on time step 82414 (time=4120.7), 0.0216125 s/step
on time step 82600 (time=4130), 0.0215936 s/step
on time step 82784 (time=4139.2), 0.0217707 s/step
on time step 82967 (time=4148.35), 0.0219609 s/step
on time step 83153 (time=4157.65), 0.0216079 s/step
on time step 83339 (time=4166.95), 0.0215824 s/step
on time step 83524 (time=4176.2), 0.0216682 s/step
on time step 83710 (time=4185.5), 0.0215514 s/step
on time step 83896 (time=4194.8), 0.0215345 s/step
on time step 84081 (time=4204.05), 0.0216506 s/step
on time step 84266 (time=4213.3), 0.0216416 s/step
on time step 84451 (time=4222.55), 0.0217223 s/step
on time step 84637 (time=4231.85), 0.0215868 s/step
on time step 84822 (time=4241.1), 0.0217143 s/step
on time step 85008 (time=4250.4), 0.0216304 s/step
on time step 85194 (time=4259.7), 0.0215508 s/step
on time step 85380 (time=4269), 0.0215976 s/step
on time step 85564 (time=4278.2), 0.0217501 s/step
on time step 85747 (time=4287.35), 0.0219582 s/step
on time step 85933 (time=4296.65), 0.0215882 s/step
on time step 86119 (time=4305.95), 0.0215761 s/step
on time step 86305 (time=4315.25), 0.0216069 s/step
on time step 86490 (time=4324.5), 0.0216217 s/step
on time step 86676 (time=4333.8), 0.0215453 s/step
on time step 86861 (time=4343.05), 0.0216781 s/step
on time step 87046 (time=4352.3), 0.0216665 s/step
on time step 87231 (time=4361.55), 0.0216429 s/step
field decay(t = 4370.6): 3.9524655760265746e-20 / 6.082170324224948e-18 = 0.0064984460568033135
run 1 finished at t = 4370.6 (87412 timesteps)
WD: data/2021-12-17/EllipseAndCladVisible/
AlreadyDir
-----------
Initializing structure...
Splitting into 24 chunks by voxels
time for choose_chunkdivision = 0.00445355 s
Working in 2D dimensions.
Computational cell is 820 x 120 x 0 with resolution 10
     block, center = (0,0,0)
          size (1e+20,1e+20,1e+20)
          axes (1,0,0), (0,1,0), (0,0,1)
          dielectric constant epsilon diagonal = (1.99622,1.99622,1.99622)
     block, center = (0,-28.7,0)
          size (1e+20,67.6,1e+20)
          axes (1,0,0), (0,1,0), (0,0,1)
          dielectric constant epsilon diagonal = (2.0746,2.0746,2.0746)
     block, center = (0,0,0)
          size (1e+20,8.2,1e+20)
          axes (1,0,0), (0,1,0), (0,0,1)
          dielectric constant epsilon diagonal = (2.08903,2.08903,2.08903)
     ellipsoid, center = (0,5.1,0)
          size (300,100,1e+20)
          axes (1,0,0), (0,1,0), (0,0,1)
          dielectric constant epsilon diagonal = (1.99622,1.99622,1.99622)
time for set_epsilon = 0.371455 s
-----------
MPB solved for frequency_1(0.4,0,0) = 0.27776 after 47 iters
MPB solved for frequency_1(0.931428,0,0) = 0.645149 after 32 iters
MPB solved for frequency_1(0.931446,0,0) = 0.645161 after 6 iters
MPB solved for frequency_1(0.931446,0,0) = 0.645161 after 1 iters
Meep: using output directory 'data/2021-12-17/EllipseAndCladVisible/'


Actual Run


on time step 146 (time=7.3), 0.0274163 s/step
on time step 353 (time=17.65), 0.0193509 s/step
on time step 561 (time=28.05), 0.0193164 s/step
on time step 766 (time=38.3), 0.0195488 s/step
on time step 967 (time=48.35), 0.0199748 s/step
on time step 1173 (time=58.65), 0.0194652 s/step
on time step 1380 (time=69), 0.0194095 s/step
Meep progress: 73.95/1185.1854849182191 = 6.2% done in 30.0s, 451.0s to go
on time step 1586 (time=79.3), 0.0194305 s/step
on time step 1791 (time=89.55), 0.0195187 s/step
on time step 1998 (time=99.9), 0.0193845 s/step
on time step 2205 (time=110.25), 0.0193956 s/step
on time step 2412 (time=120.6), 0.0193696 s/step
on time step 2619 (time=130.95), 0.0193871 s/step
on time step 2826 (time=141.3), 0.0193836 s/step
Meep progress: 151.3/1185.1854849182191 = 12.8% done in 60.0s, 410.2s to go
on time step 3033 (time=151.65), 0.0193719 s/step
on time step 3240 (time=162), 0.0193661 s/step
on time step 3447 (time=172.35), 0.0193574 s/step
on time step 3655 (time=182.75), 0.0192923 s/step
on time step 3860 (time=193), 0.019558 s/step
on time step 4064 (time=203.2), 0.0196335 s/step
on time step 4271 (time=213.55), 0.0193308 s/step
on time step 4479 (time=223.95), 0.019318 s/step
Meep progress: 228.60000000000002/1185.1854849182191 = 19.3% done in 90.0s, 376.7s to go
on time step 4686 (time=234.3), 0.0193325 s/step
on time step 4893 (time=244.65), 0.0193312 s/step
on time step 5101 (time=255.05), 0.0193016 s/step
on time step 5308 (time=265.4), 0.0193703 s/step
on time step 5515 (time=275.75), 0.0193405 s/step
on time step 5721 (time=286.05), 0.0194211 s/step
on time step 5928 (time=296.4), 0.0193667 s/step
Meep progress: 306.1/1185.1854849182191 = 25.8% done in 120.0s, 344.7s to go
on time step 6135 (time=306.75), 0.0193812 s/step
on time step 6342 (time=317.1), 0.019369 s/step
on time step 6549 (time=327.45), 0.0193331 s/step
on time step 6757 (time=337.85), 0.0193061 s/step
on time step 6962 (time=348.1), 0.0195154 s/step
on time step 7167 (time=358.35), 0.0195608 s/step
on time step 7374 (time=368.7), 0.0193386 s/step
on time step 7581 (time=379.05), 0.0193399 s/step
Meep progress: 383.5/1185.1854849182191 = 32.4% done in 150.1s, 313.7s to go
on time step 7789 (time=389.45), 0.0193016 s/step
on time step 7996 (time=399.8), 0.0193928 s/step
on time step 8204 (time=410.2), 0.0193167 s/step
on time step 8411 (time=420.55), 0.019397 s/step
on time step 8619 (time=430.95), 0.019321 s/step
on time step 8824 (time=441.2), 0.0195615 s/step
on time step 9030 (time=451.5), 0.0195143 s/step
Meep progress: 460.25/1185.1854849182191 = 38.8% done in 180.1s, 283.6s to go
on time step 9224 (time=461.2), 0.0206794 s/step
on time step 9418 (time=470.9), 0.0207138 s/step
on time step 9610 (time=480.5), 0.0208378 s/step
on time step 9802 (time=490.1), 0.0208911 s/step
on time step 9992 (time=499.6), 0.0211188 s/step
on time step 10180 (time=509), 0.0213283 s/step
on time step 10371 (time=518.55), 0.0210251 s/step
on time step 10567 (time=528.35), 0.0205021 s/step
Meep progress: 532.0/1185.1854849182191 = 44.9% done in 210.1s, 257.9s to go
on time step 10759 (time=537.95), 0.0208982 s/step
on time step 10949 (time=547.45), 0.021095 s/step
on time step 11140 (time=557), 0.0210298 s/step
on time step 11328 (time=566.4), 0.0213409 s/step
on time step 11517 (time=575.85), 0.0212569 s/step
on time step 11705 (time=585.25), 0.0213616 s/step
on time step 11899 (time=594.95), 0.0206839 s/step
Meep progress: 603.15/1185.1854849182191 = 50.9% done in 240.1s, 231.7s to go
on time step 12090 (time=604.5), 0.0209837 s/step
on time step 12281 (time=614.05), 0.0209883 s/step
on time step 12471 (time=623.55), 0.0210983 s/step
on time step 12660 (time=633), 0.0212001 s/step
on time step 12847 (time=642.35), 0.0214398 s/step
on time step 13032 (time=651.6), 0.0216885 s/step
on time step 13227 (time=661.35), 0.0206071 s/step
on time step 13419 (time=670.95), 0.0209104 s/step
Meep progress: 674.1500000000001/1185.1854849182191 = 56.9% done in 270.1s, 204.7s to go
on time step 13609 (time=680.45), 0.0211045 s/step
on time step 13798 (time=689.9), 0.0212698 s/step
on time step 13988 (time=699.4), 0.0211204 s/step
on time step 14175 (time=708.75), 0.0214865 s/step
on time step 14361 (time=718.05), 0.0215397 s/step
on time step 14552 (time=727.6), 0.0210465 s/step
on time step 14750 (time=737.5), 0.0202589 s/step
Meep progress: 745.9000000000001/1185.1854849182191 = 62.9% done in 300.1s, 176.7s to go
on time step 14957 (time=747.85), 0.0193994 s/step
on time step 15165 (time=758.25), 0.0193208 s/step
on time step 15372 (time=768.6), 0.0193954 s/step
on time step 15579 (time=778.95), 0.0193593 s/step
on time step 15784 (time=789.2), 0.0195498 s/step
on time step 15988 (time=799.4), 0.019641 s/step
on time step 16195 (time=809.75), 0.0193898 s/step
on time step 16402 (time=820.1), 0.019351 s/step
Meep progress: 823.1/1185.1854849182191 = 69.4% done in 330.1s, 145.2s to go
on time step 16608 (time=830.4), 0.0194679 s/step
on time step 16815 (time=840.75), 0.0194151 s/step
on time step 17023 (time=851.15), 0.0192524 s/step
on time step 17229 (time=861.45), 0.0194501 s/step
on time step 17436 (time=871.8), 0.019359 s/step
on time step 17641 (time=882.05), 0.0195923 s/step
on time step 17847 (time=892.35), 0.0195151 s/step
Meep progress: 900.25/1185.1854849182191 = 76.0% done in 360.1s, 114.0s to go
on time step 18052 (time=902.6), 0.0195889 s/step
on time step 18256 (time=912.8), 0.0196249 s/step
on time step 18461 (time=923.05), 0.0195231 s/step
on time step 18666 (time=933.3), 0.0195457 s/step
on time step 18862 (time=943.1), 0.0204796 s/step
on time step 19056 (time=952.8), 0.0207113 s/step
on time step 19251 (time=962.55), 0.02052 s/step
on time step 19409 (time=970.45), 0.0253984 s/step
Meep progress: 971.35/1185.1854849182191 = 82.0% done in 390.1s, 85.9s to go
on time step 19475 (time=973.75), 0.0607869 s/step
on time step 19622 (time=981.1), 0.0272491 s/step
on time step 19788 (time=989.4), 0.0241135 s/step
on time step 19920 (time=996), 0.0304756 s/step
on time step 20076 (time=1003.8), 0.025694 s/step
on time step 20268 (time=1013.4), 0.0209253 s/step
on time step 20477 (time=1023.85), 0.019223 s/step
Meep progress: 1031.3/1185.1854849182191 = 87.0% done in 420.1s, 62.7s to go
on time step 20681 (time=1034.05), 0.0196476 s/step
on time step 20888 (time=1044.4), 0.0193672 s/step
on time step 21091 (time=1054.55), 0.0197505 s/step
on time step 21292 (time=1064.6), 0.0199629 s/step
on time step 21493 (time=1074.65), 0.019951 s/step
on time step 21697 (time=1084.85), 0.0196084 s/step
on time step 21905 (time=1095.25), 0.0193 s/step
on time step 22112 (time=1105.6), 0.0194307 s/step
Meep progress: 1107.65/1185.1854849182191 = 93.5% done in 450.1s, 31.5s to go
on time step 22314 (time=1115.7), 0.0198049 s/step
on time step 22521 (time=1126.05), 0.0193387 s/step
on time step 22728 (time=1136.4), 0.0193438 s/step
on time step 22927 (time=1146.35), 0.0201137 s/step
on time step 23131 (time=1156.55), 0.0196474 s/step
on time step 23337 (time=1166.85), 0.0194291 s/step
on time step 23545 (time=1177.25), 0.0192932 s/step
Meep progress: 1184.55/1185.1854849182191 = 99.9% done in 480.2s, 0.3s to go
run 0 finished at t = 1185.2 (23704 timesteps)
field decay(t = 1185.2): 1.9958567231128705e-09 / 1.9958567231128705e-09 = 1.0
on time step 23747 (time=1187.35), 0.0198799 s/step
on time step 23934 (time=1196.7), 0.0215033 s/step
on time step 24114 (time=1205.7), 0.0222957 s/step
on time step 24299 (time=1214.95), 0.0216575 s/step
on time step 24484 (time=1224.2), 0.0216244 s/step
on time step 24669 (time=1233.45), 0.0217041 s/step
on time step 24849 (time=1242.45), 0.0223225 s/step
on time step 25036 (time=1251.8), 0.0214122 s/step
on time step 25222 (time=1261.1), 0.0215452 s/step
on time step 25403 (time=1270.15), 0.0221873 s/step
on time step 25592 (time=1279.6), 0.021267 s/step
on time step 25779 (time=1288.95), 0.0214947 s/step
on time step 25965 (time=1298.25), 0.0215175 s/step
on time step 26152 (time=1307.6), 0.021423 s/step
on time step 26335 (time=1316.75), 0.0219225 s/step
on time step 26516 (time=1325.8), 0.0221863 s/step
on time step 26703 (time=1335.15), 0.0214418 s/step
on time step 26889 (time=1344.45), 0.0215177 s/step
on time step 27074 (time=1353.7), 0.0216901 s/step
on time step 27260 (time=1363), 0.0215567 s/step
on time step 27444 (time=1372.2), 0.021765 s/step
on time step 27627 (time=1381.35), 0.0218582 s/step
on time step 27813 (time=1390.65), 0.0216048 s/step
on time step 27993 (time=1399.65), 0.0223045 s/step
on time step 28176 (time=1408.8), 0.0219581 s/step
on time step 28361 (time=1418.05), 0.0216673 s/step
on time step 28538 (time=1426.9), 0.0226872 s/step
on time step 28723 (time=1436.15), 0.0217332 s/step
on time step 28905 (time=1445.25), 0.0219932 s/step
on time step 29093 (time=1454.65), 0.0213909 s/step
on time step 29279 (time=1463.95), 0.0215273 s/step
on time step 29462 (time=1473.1), 0.0218756 s/step
on time step 29647 (time=1482.35), 0.0216452 s/step
field decay(t = 1485.25): 3.984819124812616e-09 / 3.984819124812616e-09 = 1.0
on time step 29835 (time=1491.75), 0.0213459 s/step
on time step 30022 (time=1501.1), 0.0214756 s/step
on time step 30205 (time=1510.25), 0.0219389 s/step
on time step 30389 (time=1519.45), 0.021742 s/step
on time step 30576 (time=1528.8), 0.0214893 s/step
on time step 30762 (time=1538.1), 0.0216103 s/step
on time step 30942 (time=1547.1), 0.0222511 s/step
on time step 31128 (time=1556.4), 0.021561 s/step
on time step 31314 (time=1565.7), 0.0215079 s/step
on time step 31500 (time=1575), 0.0215474 s/step
on time step 31682 (time=1584.1), 0.0220036 s/step
on time step 31870 (time=1593.5), 0.0213539 s/step
on time step 32057 (time=1602.85), 0.0214584 s/step
on time step 32243 (time=1612.15), 0.021614 s/step
on time step 32431 (time=1621.55), 0.0213518 s/step
on time step 32620 (time=1631), 0.0212339 s/step
on time step 32807 (time=1640.35), 0.0214359 s/step
on time step 32992 (time=1649.6), 0.0217106 s/step
on time step 33180 (time=1659), 0.0213545 s/step
on time step 33367 (time=1668.35), 0.0214069 s/step
on time step 33555 (time=1677.75), 0.0213588 s/step
on time step 33743 (time=1687.15), 0.0213695 s/step
on time step 33933 (time=1696.65), 0.0211635 s/step
on time step 34120 (time=1706), 0.0215013 s/step
on time step 34307 (time=1715.35), 0.0214381 s/step
on time step 34495 (time=1724.75), 0.0212955 s/step
on time step 34683 (time=1734.15), 0.0213334 s/step
on time step 34870 (time=1743.5), 0.021417 s/step
on time step 35057 (time=1752.85), 0.0214239 s/step
on time step 35246 (time=1762.3), 0.0212288 s/step
on time step 35434 (time=1771.7), 0.0212818 s/step
on time step 35622 (time=1781.1), 0.0213604 s/step
field decay(t = 1785.3000000000002): 1.5266604613058143e-13 / 3.984819124812616e-09 = 3.831191362738716e-05
run 1 finished at t = 1785.3000000000002 (35706 timesteps)
WD: data/2021-12-17/EllipseAndCladVisible/
AlreadyDir
-----------
Initializing structure...
Splitting into 24 chunks by voxels
time for choose_chunkdivision = 0.00423633 s
Working in 2D dimensions.
Computational cell is 820 x 120 x 0 with resolution 10
     block, center = (0,0,0)
          size (1e+20,1e+20,1e+20)
          axes (1,0,0), (0,1,0), (0,0,1)
          dielectric constant epsilon diagonal = (1,1,1)
     block, center = (0,-28.7,0)
          size (1e+20,67.6,1e+20)
          axes (1,0,0), (0,1,0), (0,0,1)
          dielectric constant epsilon diagonal = (2.0746,2.0746,2.0746)
     block, center = (0,0,0)
          size (1e+20,8.2,1e+20)
          axes (1,0,0), (0,1,0), (0,0,1)
          dielectric constant epsilon diagonal = (2.08903,2.08903,2.08903)
time for set_epsilon = 0.488555 s
-----------
MPB solved for frequency_1(0.4,0,0) = 0.278455 after 35 iters
MPB solved for frequency_1(0.932003,0,0) = 0.645693 after 53 iters
MPB solved for frequency_1(0.931234,0,0) = 0.645161 after 41 iters
MPB solved for frequency_1(0.931234,0,0) = 0.645161 after 20 iters
MPB solved for frequency_1(0.931234,0,0) = 0.645161 after 10 iters
MPB solved for frequency_1(0.931234,0,0) = 0.645161 after 5 iters
MPB solved for frequency_1(0.931234,0,0) = 0.645161 after 3 iters
Meep: using output directory 'data/2021-12-17/EllipseAndCladVisible/'


Normalisation Run


on time step 156 (time=7.8), 0.0256615 s/step
on time step 368 (time=18.4), 0.0189247 s/step
on time step 581 (time=29.05), 0.0188094 s/step
on time step 791 (time=39.55), 0.0191003 s/step
on time step 1002 (time=50.1), 0.0189991 s/step
on time step 1213 (time=60.65), 0.0190163 s/step
on time step 1424 (time=71.2), 0.0189603 s/step
Meep progress: 76.35000000000001/2370.3709698364382 = 3.2% done in 30.0s, 901.8s to go
on time step 1636 (time=81.8), 0.0189253 s/step
on time step 1847 (time=92.35), 0.019003 s/step
on time step 2059 (time=102.95), 0.0189 s/step
on time step 2271 (time=113.55), 0.0189182 s/step
on time step 2485 (time=124.25), 0.0187608 s/step
on time step 2697 (time=134.85), 0.0189061 s/step
on time step 2908 (time=145.4), 0.0189626 s/step
Meep progress: 155.55/2370.3709698364382 = 6.6% done in 60.0s, 854.6s to go
on time step 3117 (time=155.85), 0.0191819 s/step
on time step 3330 (time=166.5), 0.018819 s/step
on time step 3541 (time=177.05), 0.0190246 s/step
on time step 3753 (time=187.65), 0.01892 s/step
on time step 3964 (time=198.2), 0.0190018 s/step
on time step 4177 (time=208.85), 0.0188538 s/step
on time step 4388 (time=219.4), 0.0190387 s/step
on time step 4599 (time=229.95), 0.018971 s/step
Meep progress: 234.75/2370.3709698364382 = 9.9% done in 90.0s, 819.1s to go
on time step 4811 (time=240.55), 0.0189296 s/step
on time step 5022 (time=251.1), 0.0190394 s/step
on time step 5233 (time=261.65), 0.0190241 s/step
on time step 5444 (time=272.2), 0.0190197 s/step
on time step 5656 (time=282.8), 0.0188834 s/step
on time step 5867 (time=293.35), 0.0189574 s/step
on time step 6078 (time=303.9), 0.0190157 s/step
Meep progress: 313.65000000000003/2370.3709698364382 = 13.2% done in 120.0s, 787.2s to go
on time step 6287 (time=314.35), 0.0192224 s/step
on time step 6499 (time=324.95), 0.0189582 s/step
on time step 6705 (time=335.25), 0.0194887 s/step
on time step 6909 (time=345.45), 0.0196443 s/step
on time step 7111 (time=355.55), 0.019851 s/step
on time step 7312 (time=365.6), 0.0200237 s/step
on time step 7516 (time=375.8), 0.0196721 s/step
on time step 7722 (time=386.1), 0.0194697 s/step
Meep progress: 390.3/2370.3709698364382 = 16.5% done in 150.1s, 761.3s to go
on time step 7927 (time=396.35), 0.0195262 s/step
on time step 8129 (time=406.45), 0.0198719 s/step
on time step 8328 (time=416.4), 0.0201737 s/step
on time step 8532 (time=426.6), 0.0196922 s/step
on time step 8738 (time=436.9), 0.0194893 s/step
on time step 8940 (time=447), 0.0198593 s/step
on time step 9139 (time=456.95), 0.0201146 s/step
Meep progress: 465.70000000000005/2370.3709698364382 = 19.6% done in 180.1s, 736.5s to go
on time step 9336 (time=466.8), 0.0203402 s/step
on time step 9543 (time=477.15), 0.0194075 s/step
on time step 9747 (time=487.35), 0.0196826 s/step
on time step 9949 (time=497.45), 0.0198683 s/step
on time step 10150 (time=507.5), 0.0199673 s/step
on time step 10349 (time=517.45), 0.0201222 s/step
on time step 10548 (time=527.4), 0.0201111 s/step
on time step 10747 (time=537.35), 0.0201825 s/step
Meep progress: 541.0500000000001/2370.3709698364382 = 22.8% done in 210.1s, 710.3s to go
on time step 10947 (time=547.35), 0.0200934 s/step
on time step 11145 (time=557.25), 0.0202398 s/step
on time step 11353 (time=567.65), 0.0193158 s/step
on time step 11564 (time=578.2), 0.0190437 s/step
on time step 11776 (time=588.8), 0.0188803 s/step
on time step 11986 (time=599.3), 0.0190572 s/step
on time step 12196 (time=609.8), 0.0190491 s/step
Meep progress: 618.75/2370.3709698364382 = 26.1% done in 240.1s, 679.7s to go
on time step 12406 (time=620.3), 0.0191309 s/step
on time step 12618 (time=630.9), 0.0188922 s/step
on time step 12829 (time=641.45), 0.0190109 s/step
on time step 13040 (time=652), 0.0189803 s/step
on time step 13251 (time=662.55), 0.0190219 s/step
on time step 13461 (time=673.05), 0.0191086 s/step
on time step 13668 (time=683.4), 0.0193648 s/step
on time step 13857 (time=692.85), 0.0212942 s/step
Meep progress: 694.95/2370.3709698364382 = 29.3% done in 270.1s, 651.2s to go
on time step 13983 (time=699.15), 0.0319822 s/step
on time step 14117 (time=705.85), 0.0299143 s/step
on time step 14299 (time=714.95), 0.0219867 s/step
on time step 14507 (time=725.35), 0.0192408 s/step
on time step 14718 (time=735.9), 0.0189927 s/step
on time step 14926 (time=746.3), 0.0192581 s/step
on time step 15128 (time=756.4), 0.0198303 s/step
Meep progress: 764.95/2370.3709698364382 = 32.3% done in 300.1s, 629.9s to go
on time step 15336 (time=766.8), 0.0192673 s/step
on time step 15549 (time=777.45), 0.0188295 s/step
on time step 15762 (time=788.1), 0.0188489 s/step
on time step 15974 (time=798.7), 0.0188734 s/step
on time step 16187 (time=809.35), 0.0188422 s/step
on time step 16399 (time=819.95), 0.0188698 s/step
on time step 16612 (time=830.6), 0.0188646 s/step
on time step 16824 (time=841.2), 0.0188789 s/step
Meep progress: 844.5/2370.3709698364382 = 35.6% done in 330.2s, 596.5s to go
on time step 17037 (time=851.85), 0.0188206 s/step
on time step 17248 (time=862.4), 0.0190066 s/step
on time step 17461 (time=873.05), 0.0188303 s/step
on time step 17673 (time=883.65), 0.0189285 s/step
on time step 17886 (time=894.3), 0.0187827 s/step
on time step 18098 (time=904.9), 0.0189515 s/step
on time step 18310 (time=915.5), 0.0188899 s/step
Meep progress: 923.85/2370.3709698364382 = 39.0% done in 360.2s, 563.9s to go
on time step 18521 (time=926.05), 0.0190284 s/step
on time step 18734 (time=936.7), 0.0188371 s/step
on time step 18947 (time=947.35), 0.018863 s/step
on time step 19159 (time=957.95), 0.0188749 s/step
on time step 19372 (time=968.6), 0.0187989 s/step
on time step 19585 (time=979.25), 0.0188603 s/step
on time step 19798 (time=989.9), 0.0187883 s/step
on time step 20011 (time=1000.55), 0.0188285 s/step
Meep progress: 1003.5/2370.3709698364382 = 42.3% done in 390.2s, 531.5s to go
on time step 20224 (time=1011.2), 0.0187925 s/step
on time step 20436 (time=1021.8), 0.0189317 s/step
on time step 20649 (time=1032.45), 0.0188331 s/step
on time step 20861 (time=1043.05), 0.0188884 s/step
on time step 21075 (time=1053.75), 0.0187466 s/step
on time step 21287 (time=1064.35), 0.0189469 s/step
on time step 21499 (time=1074.95), 0.0188846 s/step
Meep progress: 1082.95/2370.3709698364382 = 45.7% done in 420.2s, 499.5s to go
on time step 21709 (time=1085.45), 0.0190519 s/step
on time step 21921 (time=1096.05), 0.0188977 s/step
on time step 22133 (time=1106.65), 0.0189506 s/step
on time step 22343 (time=1117.15), 0.0190724 s/step
on time step 22554 (time=1127.7), 0.0189697 s/step
on time step 22765 (time=1138.25), 0.0190353 s/step
on time step 22976 (time=1148.8), 0.0189944 s/step
on time step 23186 (time=1159.3), 0.0190636 s/step
Meep progress: 1161.95/2370.3709698364382 = 49.0% done in 450.2s, 468.2s to go
on time step 23398 (time=1169.9), 0.0189329 s/step
on time step 23608 (time=1180.4), 0.0191304 s/step
on time step 23820 (time=1191), 0.0189521 s/step
on time step 24030 (time=1201.5), 0.0190671 s/step
on time step 24242 (time=1212.1), 0.018942 s/step
on time step 24453 (time=1222.65), 0.0190399 s/step
on time step 24664 (time=1233.2), 0.0189689 s/step
Meep progress: 1240.8000000000002/2370.3709698364382 = 52.3% done in 480.2s, 437.2s to go
on time step 24873 (time=1243.65), 0.0191804 s/step
on time step 25085 (time=1254.25), 0.0189331 s/step
on time step 25296 (time=1264.8), 0.0189969 s/step
on time step 25506 (time=1275.3), 0.0190575 s/step
on time step 25719 (time=1285.95), 0.0188639 s/step
on time step 25930 (time=1296.5), 0.019036 s/step
on time step 26141 (time=1307.05), 0.0189743 s/step
on time step 26352 (time=1317.6), 0.0190182 s/step
Meep progress: 1319.8500000000001/2370.3709698364382 = 55.7% done in 510.2s, 406.1s to go
on time step 26564 (time=1328.2), 0.0189189 s/step
on time step 26774 (time=1338.7), 0.0191052 s/step
on time step 26986 (time=1349.3), 0.0189093 s/step
on time step 27197 (time=1359.85), 0.0190448 s/step
on time step 27408 (time=1370.4), 0.0190003 s/step
on time step 27618 (time=1380.9), 0.019107 s/step
on time step 27828 (time=1391.4), 0.0190653 s/step
Meep progress: 1398.6000000000001/2370.3709698364382 = 59.0% done in 540.2s, 375.4s to go
on time step 28036 (time=1401.8), 0.01925 s/step
on time step 28247 (time=1412.35), 0.0190213 s/step
on time step 28457 (time=1422.85), 0.019101 s/step
on time step 28667 (time=1433.35), 0.0191414 s/step
on time step 28879 (time=1443.95), 0.0189052 s/step
on time step 29089 (time=1454.45), 0.0190716 s/step
on time step 29299 (time=1464.95), 0.0190661 s/step
on time step 29510 (time=1475.5), 0.0190338 s/step
Meep progress: 1477.3500000000001/2370.3709698364382 = 62.3% done in 570.2s, 344.7s to go
on time step 29721 (time=1486.05), 0.0190314 s/step
on time step 29931 (time=1496.55), 0.0191059 s/step
on time step 30143 (time=1507.15), 0.0189496 s/step
on time step 30353 (time=1517.65), 0.0191363 s/step
on time step 30565 (time=1528.25), 0.0189315 s/step
on time step 30774 (time=1538.7), 0.0191499 s/step
on time step 30985 (time=1549.25), 0.018981 s/step
Meep progress: 1556.0500000000002/2370.3709698364382 = 65.6% done in 600.3s, 314.1s to go
on time step 31193 (time=1559.65), 0.0192397 s/step
on time step 31404 (time=1570.2), 0.0189579 s/step
on time step 31614 (time=1580.7), 0.019102 s/step
on time step 31823 (time=1591.15), 0.0192126 s/step
on time step 32034 (time=1601.7), 0.0189724 s/step
on time step 32243 (time=1612.15), 0.0191592 s/step
on time step 32453 (time=1622.65), 0.0190504 s/step
on time step 32663 (time=1633.15), 0.0191031 s/step
Meep progress: 1634.7/2370.3709698364382 = 69.0% done in 630.3s, 283.6s to go
on time step 32874 (time=1643.7), 0.0190202 s/step
on time step 33083 (time=1654.15), 0.0191788 s/step
on time step 33294 (time=1664.7), 0.0189985 s/step
on time step 33504 (time=1675.2), 0.0191266 s/step
on time step 33715 (time=1685.75), 0.0189612 s/step
on time step 33923 (time=1696.15), 0.0192493 s/step
on time step 34133 (time=1706.65), 0.0190742 s/step
Meep progress: 1713.2/2370.3709698364382 = 72.3% done in 660.3s, 253.3s to go
on time step 34340 (time=1717), 0.0193319 s/step
on time step 34551 (time=1727.55), 0.0189978 s/step
on time step 34760 (time=1738), 0.0191405 s/step
on time step 34969 (time=1748.45), 0.0191409 s/step
on time step 35180 (time=1759), 0.0189605 s/step
on time step 35389 (time=1769.45), 0.0191538 s/step
on time step 35599 (time=1779.95), 0.0190595 s/step
on time step 35809 (time=1790.45), 0.0191186 s/step
Meep progress: 1791.8500000000001/2370.3709698364382 = 75.6% done in 690.3s, 222.9s to go
on time step 36020 (time=1801), 0.0189999 s/step
on time step 36229 (time=1811.45), 0.0191852 s/step
on time step 36440 (time=1822), 0.0189901 s/step
on time step 36650 (time=1832.5), 0.0191131 s/step
on time step 36862 (time=1843.1), 0.018931 s/step
on time step 37071 (time=1853.55), 0.0191821 s/step
on time step 37282 (time=1864.1), 0.0189996 s/step
Meep progress: 1870.5/2370.3709698364382 = 78.9% done in 720.3s, 192.5s to go
on time step 37490 (time=1874.5), 0.0192636 s/step
on time step 37701 (time=1885.05), 0.0189823 s/step
on time step 37912 (time=1895.6), 0.019033 s/step
on time step 38122 (time=1906.1), 0.0190723 s/step
on time step 38334 (time=1916.7), 0.0189136 s/step
on time step 38544 (time=1927.2), 0.0190722 s/step
on time step 38755 (time=1937.75), 0.0190187 s/step
on time step 38965 (time=1948.25), 0.0190665 s/step
Meep progress: 1949.3500000000001/2370.3709698364382 = 82.2% done in 750.3s, 162.1s to go
on time step 39176 (time=1958.8), 0.0189721 s/step
on time step 39386 (time=1969.3), 0.0191067 s/step
on time step 39598 (time=1979.9), 0.0189156 s/step
on time step 39808 (time=1990.4), 0.0191152 s/step
on time step 40020 (time=2001), 0.0189144 s/step
on time step 40230 (time=2011.5), 0.0190898 s/step
on time step 40441 (time=2022.05), 0.0189903 s/step
Meep progress: 2028.15/2370.3709698364382 = 85.6% done in 780.3s, 131.7s to go
on time step 40650 (time=2032.5), 0.0191875 s/step
on time step 40861 (time=2043.05), 0.0189846 s/step
on time step 41071 (time=2053.55), 0.0190556 s/step
on time step 41280 (time=2064), 0.0191893 s/step
on time step 41491 (time=2074.55), 0.018959 s/step
on time step 41701 (time=2085.05), 0.0190534 s/step
on time step 41911 (time=2095.55), 0.0190541 s/step
on time step 42121 (time=2106.05), 0.0190848 s/step
Meep progress: 2106.9/2370.3709698364382 = 88.9% done in 810.3s, 101.3s to go
on time step 42333 (time=2116.65), 0.0189525 s/step
on time step 42542 (time=2127.1), 0.0191441 s/step
on time step 42753 (time=2137.65), 0.0190344 s/step
on time step 42963 (time=2148.15), 0.0191339 s/step
on time step 43175 (time=2158.75), 0.0189292 s/step
on time step 43385 (time=2169.25), 0.0191124 s/step
on time step 43596 (time=2179.8), 0.0190261 s/step
Meep progress: 2185.55/2370.3709698364382 = 92.2% done in 840.3s, 71.1s to go
on time step 43805 (time=2190.25), 0.0192222 s/step
on time step 44016 (time=2200.8), 0.0190028 s/step
on time step 44227 (time=2211.35), 0.0189771 s/step
on time step 44437 (time=2221.85), 0.0191004 s/step
on time step 44649 (time=2232.45), 0.0189347 s/step
on time step 44860 (time=2243), 0.0190185 s/step
on time step 45071 (time=2253.55), 0.0190041 s/step
on time step 45282 (time=2264.1), 0.0190138 s/step
Meep progress: 2264.5/2370.3709698364382 = 95.5% done in 870.4s, 40.7s to go
on time step 45494 (time=2274.7), 0.0188884 s/step
on time step 45704 (time=2285.2), 0.0191063 s/step
on time step 45915 (time=2295.75), 0.0189665 s/step
on time step 46125 (time=2306.25), 0.0190589 s/step
on time step 46337 (time=2316.85), 0.0188827 s/step
on time step 46547 (time=2327.35), 0.0191192 s/step
on time step 46758 (time=2337.9), 0.0189593 s/step
Meep progress: 2343.4/2370.3709698364382 = 98.9% done in 900.4s, 10.4s to go
on time step 46967 (time=2348.35), 0.0191643 s/step
on time step 47179 (time=2358.95), 0.0189474 s/step
on time step 47390 (time=2369.5), 0.0189777 s/step
run 0 finished at t = 2370.4 (47408 timesteps)
field decay(t = 2370.4): 3.257545975526568e-18 / 3.257545975526568e-18 = 1.0
on time step 47582 (time=2379.1), 0.0209403 s/step
on time step 47773 (time=2388.65), 0.0209477 s/step
on time step 47963 (time=2398.15), 0.0211126 s/step
on time step 48153 (time=2407.65), 0.0210559 s/step
on time step 48344 (time=2417.2), 0.0210318 s/step
on time step 48535 (time=2426.75), 0.0209569 s/step
on time step 48724 (time=2436.2), 0.0212181 s/step
on time step 48915 (time=2445.75), 0.02103 s/step
on time step 49105 (time=2455.25), 0.0210543 s/step
on time step 49297 (time=2464.85), 0.0209259 s/step
on time step 49486 (time=2474.3), 0.02119 s/step
on time step 49677 (time=2483.85), 0.0210411 s/step
on time step 49866 (time=2493.3), 0.0212066 s/step
on time step 50056 (time=2502.8), 0.0210542 s/step
on time step 50247 (time=2512.35), 0.0209706 s/step
on time step 50437 (time=2521.85), 0.0210624 s/step
on time step 50628 (time=2531.4), 0.0209599 s/step
on time step 50818 (time=2540.9), 0.0210642 s/step
on time step 51008 (time=2550.4), 0.0210999 s/step
on time step 51199 (time=2559.95), 0.0210252 s/step
on time step 51391 (time=2569.55), 0.0209504 s/step
on time step 51581 (time=2579.05), 0.0211177 s/step
on time step 51771 (time=2588.55), 0.0211151 s/step
on time step 51962 (time=2598.1), 0.0210515 s/step
on time step 52153 (time=2607.65), 0.0210101 s/step
on time step 52342 (time=2617.1), 0.0212647 s/step
on time step 52532 (time=2626.6), 0.0211533 s/step
on time step 52720 (time=2636), 0.0212933 s/step
on time step 52910 (time=2645.5), 0.0211464 s/step
on time step 53100 (time=2655), 0.0211074 s/step
on time step 53289 (time=2664.45), 0.0211936 s/step
on time step 53480 (time=2674), 0.0210149 s/step
on time step 53669 (time=2683.45), 0.0211993 s/step
on time step 53859 (time=2692.95), 0.0211693 s/step
on time step 54049 (time=2702.45), 0.0210848 s/step
on time step 54238 (time=2711.9), 0.0211643 s/step
on time step 54427 (time=2721.35), 0.0212401 s/step
on time step 54617 (time=2730.85), 0.0211507 s/step
on time step 54807 (time=2740.35), 0.0210926 s/step
on time step 54997 (time=2749.85), 0.0210874 s/step
on time step 55186 (time=2759.3), 0.0212369 s/step
on time step 55375 (time=2768.75), 0.0212162 s/step
on time step 55563 (time=2778.15), 0.0212857 s/step
on time step 55752 (time=2787.6), 0.0212178 s/step
on time step 55942 (time=2797.1), 0.0211346 s/step
on time step 56131 (time=2806.55), 0.0212176 s/step
on time step 56322 (time=2816.1), 0.0210058 s/step
on time step 56511 (time=2825.55), 0.0212518 s/step
on time step 56700 (time=2835), 0.0212267 s/step
on time step 56891 (time=2844.55), 0.0210461 s/step
on time step 57081 (time=2854.05), 0.0211461 s/step
on time step 57270 (time=2863.5), 0.0212332 s/step
field decay(t = 2870.4500000000003): 6.496056301825219e-18 / 6.496056301825219e-18 = 1.0
on time step 57459 (time=2872.95), 0.0211864 s/step
on time step 57649 (time=2882.45), 0.021098 s/step
on time step 57838 (time=2891.9), 0.0212048 s/step
on time step 58028 (time=2901.4), 0.0211073 s/step
on time step 58218 (time=2910.9), 0.0211728 s/step
on time step 58406 (time=2920.3), 0.0213307 s/step
on time step 58595 (time=2929.75), 0.0211957 s/step
on time step 58785 (time=2939.25), 0.0211145 s/step
on time step 58974 (time=2948.7), 0.0212439 s/step
on time step 59165 (time=2958.25), 0.0210277 s/step
on time step 59354 (time=2967.7), 0.0212211 s/step
on time step 59543 (time=2977.15), 0.0211661 s/step
on time step 59734 (time=2986.7), 0.0210488 s/step
on time step 59924 (time=2996.2), 0.0211294 s/step
on time step 60113 (time=3005.65), 0.0211806 s/step
on time step 60303 (time=3015.15), 0.0211615 s/step
on time step 60494 (time=3024.7), 0.0210394 s/step
on time step 60684 (time=3034.2), 0.0211339 s/step
on time step 60874 (time=3043.7), 0.0210884 s/step
on time step 61063 (time=3053.15), 0.0212187 s/step
on time step 61252 (time=3062.6), 0.0212367 s/step
on time step 61442 (time=3072.1), 0.0211422 s/step
on time step 61633 (time=3081.65), 0.0210564 s/step
on time step 61822 (time=3091.1), 0.0211725 s/step
on time step 62013 (time=3100.65), 0.0210346 s/step
on time step 62202 (time=3110.1), 0.0212446 s/step
on time step 62392 (time=3119.6), 0.0211181 s/step
on time step 62583 (time=3129.15), 0.0210203 s/step
on time step 62773 (time=3138.65), 0.0211246 s/step
on time step 62962 (time=3148.1), 0.021185 s/step
on time step 63152 (time=3157.6), 0.0211542 s/step
on time step 63343 (time=3167.15), 0.0209644 s/step
on time step 63533 (time=3176.65), 0.0211039 s/step
on time step 63724 (time=3186.2), 0.0210638 s/step
on time step 63913 (time=3195.65), 0.0211673 s/step
on time step 64103 (time=3205.15), 0.0211456 s/step
on time step 64293 (time=3214.65), 0.0211226 s/step
on time step 64484 (time=3224.2), 0.0209822 s/step
on time step 64674 (time=3233.7), 0.0211606 s/step
on time step 64865 (time=3243.25), 0.0210307 s/step
on time step 65055 (time=3252.75), 0.0211273 s/step
on time step 65245 (time=3262.25), 0.0210885 s/step
on time step 65436 (time=3271.8), 0.0209945 s/step
on time step 65627 (time=3281.35), 0.0210239 s/step
on time step 65816 (time=3290.8), 0.0211776 s/step
on time step 66005 (time=3300.25), 0.0212107 s/step
on time step 66197 (time=3309.85), 0.0208953 s/step
on time step 66387 (time=3319.35), 0.0211605 s/step
on time step 66578 (time=3328.9), 0.0210498 s/step
on time step 66768 (time=3338.4), 0.0211711 s/step
on time step 66958 (time=3347.9), 0.0211181 s/step
on time step 67148 (time=3357.4), 0.0211264 s/step
on time step 67339 (time=3366.95), 0.0209746 s/step
field decay(t = 3370.5): 1.2508439991847712e-18 / 6.496056301825219e-18 = 0.19255436545913515
on time step 67529 (time=3376.45), 0.0211606 s/step
on time step 67720 (time=3386), 0.0210032 s/step
on time step 67909 (time=3395.45), 0.0212006 s/step
on time step 68100 (time=3405), 0.0210463 s/step
on time step 68291 (time=3414.55), 0.0209891 s/step
on time step 68482 (time=3424.1), 0.021048 s/step
on time step 68671 (time=3433.55), 0.0212171 s/step
on time step 68861 (time=3443.05), 0.0211539 s/step
on time step 69053 (time=3452.65), 0.020911 s/step
on time step 69242 (time=3462.1), 0.0212002 s/step
on time step 69433 (time=3471.65), 0.0210268 s/step
on time step 69623 (time=3481.15), 0.0211431 s/step
on time step 69814 (time=3490.7), 0.0210332 s/step
on time step 70004 (time=3500.2), 0.0211349 s/step
on time step 70196 (time=3509.8), 0.0209117 s/step
on time step 70386 (time=3519.3), 0.0210703 s/step
on time step 70577 (time=3528.85), 0.0209521 s/step
on time step 70767 (time=3538.35), 0.0211313 s/step
on time step 70958 (time=3547.9), 0.0209491 s/step
on time step 71149 (time=3557.45), 0.0210322 s/step
on time step 71340 (time=3567), 0.021001 s/step
on time step 71529 (time=3576.45), 0.0212474 s/step
on time step 71719 (time=3585.95), 0.0211377 s/step
on time step 71911 (time=3595.55), 0.0209153 s/step
on time step 72101 (time=3605.05), 0.0210865 s/step
on time step 72292 (time=3614.6), 0.0210094 s/step
on time step 72481 (time=3624.05), 0.0212465 s/step
on time step 72672 (time=3633.6), 0.0209789 s/step
on time step 72862 (time=3643.1), 0.021157 s/step
on time step 73053 (time=3652.65), 0.0209453 s/step
on time step 73243 (time=3662.15), 0.0210831 s/step
on time step 73434 (time=3671.7), 0.0209429 s/step
on time step 73624 (time=3681.2), 0.0211518 s/step
on time step 73815 (time=3690.75), 0.0210049 s/step
on time step 74006 (time=3700.3), 0.0210177 s/step
on time step 74197 (time=3709.85), 0.0210118 s/step
on time step 74388 (time=3719.4), 0.0210321 s/step
on time step 74578 (time=3728.9), 0.0211173 s/step
on time step 74770 (time=3738.5), 0.0209205 s/step
on time step 74960 (time=3748), 0.0210727 s/step
on time step 75151 (time=3757.55), 0.0210088 s/step
on time step 75340 (time=3767), 0.0212305 s/step
on time step 75531 (time=3776.55), 0.02096 s/step
on time step 75721 (time=3786.05), 0.0211521 s/step
on time step 75913 (time=3795.65), 0.0209145 s/step
on time step 76104 (time=3805.2), 0.0209543 s/step
on time step 76296 (time=3814.8), 0.0208973 s/step
on time step 76487 (time=3824.35), 0.0209742 s/step
on time step 76679 (time=3833.95), 0.0208616 s/step
on time step 76871 (time=3843.55), 0.0208722 s/step
on time step 77062 (time=3853.1), 0.0209453 s/step
on time step 77253 (time=3862.65), 0.020996 s/step
field decay(t = 3870.55): 2.2831273301587503e-19 / 6.496056301825219e-18 = 0.03514635994637627
on time step 77444 (time=3872.2), 0.0209919 s/step
on time step 77636 (time=3881.8), 0.0208708 s/step
on time step 77827 (time=3891.35), 0.0209594 s/step
on time step 78019 (time=3900.95), 0.0208644 s/step
on time step 78209 (time=3910.45), 0.0210916 s/step
on time step 78401 (time=3920.05), 0.0208931 s/step
on time step 78593 (time=3929.65), 0.0209275 s/step
on time step 78785 (time=3939.25), 0.020887 s/step
on time step 78977 (time=3948.85), 0.0209267 s/step
on time step 79169 (time=3958.45), 0.0208997 s/step
on time step 79360 (time=3968), 0.0209622 s/step
on time step 79552 (time=3977.6), 0.0209112 s/step
on time step 79745 (time=3987.25), 0.0208272 s/step
on time step 79937 (time=3996.85), 0.0209392 s/step
on time step 80128 (time=4006.4), 0.0209717 s/step
on time step 80319 (time=4015.95), 0.0209646 s/step
on time step 80510 (time=4025.5), 0.0209721 s/step
on time step 80700 (time=4035), 0.0210664 s/step
on time step 80891 (time=4044.55), 0.0209964 s/step
on time step 81081 (time=4054.05), 0.0211425 s/step
on time step 81272 (time=4063.6), 0.0209711 s/step
on time step 81462 (time=4073.1), 0.0210896 s/step
on time step 81652 (time=4082.6), 0.0210812 s/step
on time step 81843 (time=4092.15), 0.0210065 s/step
on time step 82034 (time=4101.7), 0.0209987 s/step
on time step 82225 (time=4111.25), 0.021009 s/step
on time step 82416 (time=4120.8), 0.0210255 s/step
on time step 82608 (time=4130.4), 0.0209082 s/step
on time step 82798 (time=4139.9), 0.0210558 s/step
on time step 82988 (time=4149.4), 0.0210841 s/step
on time step 83179 (time=4158.95), 0.0210088 s/step
on time step 83370 (time=4168.5), 0.0209618 s/step
on time step 83561 (time=4178.05), 0.0210037 s/step
on time step 83752 (time=4187.6), 0.0209971 s/step
on time step 83943 (time=4197.15), 0.021036 s/step
on time step 84134 (time=4206.7), 0.0210183 s/step
on time step 84325 (time=4216.25), 0.0210233 s/step
on time step 84515 (time=4225.75), 0.0210698 s/step
on time step 84707 (time=4235.35), 0.0208784 s/step
on time step 84898 (time=4244.9), 0.0209707 s/step
on time step 85089 (time=4254.45), 0.0209903 s/step
on time step 85280 (time=4264), 0.0209619 s/step
on time step 85472 (time=4273.6), 0.0208759 s/step
on time step 85663 (time=4283.15), 0.0209949 s/step
on time step 85853 (time=4292.65), 0.0210708 s/step
on time step 86044 (time=4302.2), 0.0210063 s/step
on time step 86236 (time=4311.8), 0.0209309 s/step
on time step 86427 (time=4321.35), 0.0210171 s/step
on time step 86618 (time=4330.9), 0.0209767 s/step
on time step 86809 (time=4340.45), 0.0210491 s/step
on time step 87000 (time=4350), 0.020988 s/step
on time step 87192 (time=4359.6), 0.0209376 s/step
on time step 87383 (time=4369.15), 0.0210363 s/step
field decay(t = 4370.6): 4.622867954299251e-20 / 6.496056301825219e-18 = 0.007116422240676005
run 1 finished at t = 4370.6 (87412 timesteps)
WD: data/2021-12-17/EllipseAndCladVisible/
AlreadyDir
-----------
Initializing structure...
Splitting into 24 chunks by voxels
time for choose_chunkdivision = 0.00391258 s
Working in 2D dimensions.
Computational cell is 820 x 120 x 0 with resolution 10
     block, center = (0,0,0)
          size (1e+20,1e+20,1e+20)
          axes (1,0,0), (0,1,0), (0,0,1)
          dielectric constant epsilon diagonal = (1,1,1)
     block, center = (0,-28.7,0)
          size (1e+20,67.6,1e+20)
          axes (1,0,0), (0,1,0), (0,0,1)
          dielectric constant epsilon diagonal = (2.0746,2.0746,2.0746)
     block, center = (0,0,0)
          size (1e+20,8.2,1e+20)
          axes (1,0,0), (0,1,0), (0,0,1)
          dielectric constant epsilon diagonal = (2.08903,2.08903,2.08903)
     ellipsoid, center = (0,5.1,0)
          size (300,100,1e+20)
          axes (1,0,0), (0,1,0), (0,0,1)
          dielectric constant epsilon diagonal = (1,1,1)
time for set_epsilon = 0.365214 s
-----------
MPB solved for frequency_1(0.4,0,0) = 0.278455 after 35 iters
MPB solved for frequency_1(0.932003,0,0) = 0.645693 after 53 iters
MPB solved for frequency_1(0.931234,0,0) = 0.645161 after 40 iters
MPB solved for frequency_1(0.931234,0,0) = 0.645161 after 20 iters
MPB solved for frequency_1(0.931234,0,0) = 0.645161 after 10 iters
MPB solved for frequency_1(0.931234,0,0) = 0.645161 after 5 iters
MPB solved for frequency_1(0.931234,0,0) = 0.645161 after 3 iters
Meep: using output directory 'data/2021-12-17/EllipseAndCladVisible/'


Actual Run


on time step 155 (time=7.75), 0.0258257 s/step
on time step 368 (time=18.4), 0.0188359 s/step
on time step 581 (time=29.05), 0.0187883 s/step
on time step 793 (time=39.65), 0.0189425 s/step
on time step 1003 (time=50.15), 0.0190489 s/step
on time step 1214 (time=60.7), 0.0189819 s/step
on time step 1425 (time=71.25), 0.019018 s/step
Meep progress: 76.45/1185.1854849182191 = 6.5% done in 30.0s, 435.3s to go
on time step 1638 (time=81.9), 0.0188625 s/step
on time step 1849 (time=92.45), 0.0190009 s/step
on time step 2063 (time=103.15), 0.018775 s/step
on time step 2276 (time=113.8), 0.0187971 s/step
on time step 2488 (time=124.4), 0.0189297 s/step
on time step 2701 (time=135.05), 0.0188505 s/step
on time step 2914 (time=145.7), 0.0187928 s/step
Meep progress: 156.0/1185.1854849182191 = 13.2% done in 60.0s, 396.0s to go
on time step 3126 (time=156.3), 0.0188887 s/step
on time step 3339 (time=166.95), 0.0188363 s/step
on time step 3551 (time=177.55), 0.0188783 s/step
on time step 3765 (time=188.25), 0.0187554 s/step
on time step 3979 (time=198.95), 0.0187354 s/step
on time step 4192 (time=209.6), 0.018822 s/step
on time step 4404 (time=220.2), 0.0188802 s/step
on time step 4616 (time=230.8), 0.0189308 s/step
Meep progress: 235.70000000000002/1185.1854849182191 = 19.9% done in 90.0s, 362.7s to go
on time step 4829 (time=241.45), 0.0188109 s/step
on time step 5042 (time=252.1), 0.0188449 s/step
on time step 5255 (time=262.75), 0.0188053 s/step
on time step 5468 (time=273.4), 0.0187826 s/step
on time step 5680 (time=284), 0.0189239 s/step
on time step 5892 (time=294.6), 0.0188772 s/step
on time step 6105 (time=305.25), 0.0188037 s/step
Meep progress: 315.3/1185.1854849182191 = 26.6% done in 120.0s, 331.2s to go
on time step 6318 (time=315.9), 0.0188546 s/step
on time step 6528 (time=326.4), 0.0190997 s/step
on time step 6728 (time=336.4), 0.0200417 s/step
on time step 6925 (time=346.25), 0.0203278 s/step
on time step 7121 (time=356.05), 0.0204835 s/step
on time step 7317 (time=365.85), 0.0205014 s/step
on time step 7518 (time=375.9), 0.0199532 s/step
on time step 7718 (time=385.9), 0.020086 s/step
Meep progress: 390.1/1185.1854849182191 = 32.9% done in 150.0s, 305.8s to go
on time step 7916 (time=395.8), 0.0202492 s/step
on time step 8112 (time=405.6), 0.0204431 s/step
on time step 8307 (time=415.35), 0.0205184 s/step
on time step 8508 (time=425.4), 0.0199313 s/step
on time step 8707 (time=435.35), 0.0201185 s/step
on time step 8905 (time=445.25), 0.0202961 s/step
on time step 9103 (time=455.15), 0.0202099 s/step
Meep progress: 464.20000000000005/1185.1854849182191 = 39.2% done in 180.1s, 279.7s to go
on time step 9301 (time=465.05), 0.0202031 s/step
on time step 9506 (time=475.3), 0.0195938 s/step
on time step 9709 (time=485.45), 0.0198017 s/step
on time step 9908 (time=495.4), 0.0201245 s/step
on time step 10107 (time=505.35), 0.0201719 s/step
on time step 10304 (time=515.2), 0.0203791 s/step
on time step 10504 (time=525.2), 0.0200336 s/step
srun: Job step aborted: Waiting up to 62 seconds for job step to finish.
srun: got SIGCONT
slurmstepd: error: *** JOB 598876 ON topsy-cn-1-5 CANCELLED AT 2021-12-17T12:49:05 ***
srun: forcing job termination
slurmstepd: error: *** STEP 598876.0 ON topsy-cn-1-5 CANCELLED AT 2021-12-17T12:49:05 ***
srun: error: topsy-cn-2-14: task 23: Terminated
srun: error: topsy-cn-1-10: tasks 20-22: Terminated
srun: error: topsy-cn-1-8: tasks 8-11: Terminated
srun: error: topsy-cn-1-5: tasks 0-5: Terminated
srun: error: topsy-cn-1-9: tasks 12-19: Terminated
srun: error: topsy-cn-1-7: tasks 6-7: Terminated
