Using MPI version 3.1, 16 processes
WD: data/2021-11-04/TopsyTestRes5/
AlreadyDir
Vector3<364.0, 0.0, 0.0>
-----------
Initializing structure...
Splitting into 16 chunks by voxels
time for choose_chunkdivision = 0.00213238 s
Working in 2D dimensions.
Computational cell is 735 x 100 x 0 with resolution 5
     block, center = (0,0,0)
          size (1e+20,1e+20,1e+20)
          axes (1,0,0), (0,1,0), (0,0,1)
          dielectric constant epsilon diagonal = (1.9881,1.9881,1.9881)
     block, center = (0,-30.25,0)
          size (1e+20,62.5,1e+20)
          axes (1,0,0), (0,1,0), (0,0,1)
          dielectric constant epsilon diagonal = (2.0736,2.0736,2.0736)
     block, center = (0,0,0)
          size (1e+20,8.2,1e+20)
          axes (1,0,0), (0,1,0), (0,0,1)
          dielectric constant epsilon diagonal = (2.08803,2.08803,2.08803)
time for set_epsilon = 0.517756 s
-----------
MPB solved for frequency_1(0.4,0,0) = 0.278047 after 54 iters
MPB solved for frequency_1(0.930869,0,0) = 0.645079 after 33 iters
MPB solved for frequency_1(0.930988,0,0) = 0.645161 after 11 iters
MPB solved for frequency_1(0.930988,0,0) = 0.645161 after 1 iters
Meep: using output directory 'data/2021-11-04/TopsyTestRes5/'
on time step 463 (time=46.3), 0.00864527 s/step
on time step 982 (time=98.2), 0.007719 s/step
on time step 1490 (time=149), 0.00787968 s/step
on time step 2004 (time=200.4), 0.00778732 s/step
on time step 2503 (time=250.3), 0.00802902 s/step
on time step 3010 (time=301), 0.0079039 s/step
on time step 3506 (time=350.6), 0.00807383 s/step
on time step 4005 (time=400.5), 0.00802834 s/step
on time step 4494 (time=449.4), 0.0081832 s/step
on time step 4987 (time=498.7), 0.00811993 s/step
on time step 5477 (time=547.7), 0.00816799 s/step
on time step 5964 (time=596.4), 0.00822644 s/step
on time step 6487 (time=648.7), 0.0076601 s/step
on time step 7010 (time=701), 0.00765377 s/step
on time step 7534 (time=753.4), 0.00764539 s/step
on time step 8060 (time=806), 0.0076096 s/step
on time step 8479 (time=847.9), 0.00955759 s/step
on time step 9009 (time=900.9), 0.00755794 s/step
on time step 9539 (time=953.9), 0.00755825 s/step
on time step 10069 (time=1006.9), 0.00755952 s/step
on time step 10599 (time=1059.9), 0.00755653 s/step
on time step 11123 (time=1112.3), 0.00764502 s/step
on time step 11651 (time=1165.1), 0.00758679 s/step
on time step 12181 (time=1218.1), 0.0075541 s/step
on time step 12711 (time=1271.1), 0.00755541 s/step
on time step 13241 (time=1324.1), 0.0075599 s/step
on time step 13771 (time=1377.1), 0.00755774 s/step
on time step 14301 (time=1430.1), 0.0075591 s/step
on time step 14831 (time=1483.1), 0.00756024 s/step
on time step 15356 (time=1535.6), 0.00762688 s/step
on time step 15886 (time=1588.6), 0.00756068 s/step
on time step 16416 (time=1641.6), 0.00755702 s/step
on time step 16945 (time=1694.5), 0.0075622 s/step
on time step 17475 (time=1747.5), 0.00756039 s/step
on time step 18005 (time=1800.5), 0.007559 s/step
on time step 18529 (time=1852.9), 0.00763577 s/step
on time step 19057 (time=1905.7), 0.00758809 s/step
on time step 19585 (time=1958.5), 0.00757632 s/step
field decay(t = 2000.1000000000001): 0.24795249688583204 / 0.24795249688583204 = 1.0
on time step 20115 (time=2011.5), 0.0075606 s/step
on time step 20645 (time=2064.5), 0.00756046 s/step
on time step 21174 (time=2117.4), 0.00756461 s/step
on time step 21704 (time=2170.4), 0.00756131 s/step
on time step 22233 (time=2223.3), 0.00756346 s/step
on time step 22761 (time=2276.1), 0.00759479 s/step
on time step 23287 (time=2328.7), 0.00761807 s/step
on time step 23816 (time=2381.6), 0.0075634 s/step
on time step 24345 (time=2434.5), 0.00756339 s/step
on time step 24874 (time=2487.4), 0.0075637 s/step
on time step 25404 (time=2540.4), 0.00756047 s/step
on time step 25933 (time=2593.3), 0.00756395 s/step
on time step 26458 (time=2645.8), 0.00763104 s/step
on time step 26985 (time=2698.5), 0.00759071 s/step
on time step 27513 (time=2751.3), 0.00758087 s/step
on time step 28042 (time=2804.2), 0.00756446 s/step
on time step 28571 (time=2857.1), 0.00756299 s/step
on time step 29100 (time=2910), 0.00756649 s/step
on time step 29629 (time=2962.9), 0.00756298 s/step
on time step 30158 (time=3015.8), 0.00756354 s/step
on time step 30686 (time=3068.6), 0.00758974 s/step
on time step 31212 (time=3121.2), 0.00760862 s/step
on time step 31741 (time=3174.1), 0.00756633 s/step
on time step 32270 (time=3227), 0.00756571 s/step
on time step 32799 (time=3279.9), 0.00756687 s/step
on time step 33328 (time=3332.8), 0.00756316 s/step
on time step 33857 (time=3385.7), 0.00756443 s/step
on time step 34381 (time=3438.1), 0.00763509 s/step
on time step 34908 (time=3490.8), 0.00759048 s/step
on time step 35436 (time=3543.6), 0.00758365 s/step
on time step 35965 (time=3596.5), 0.00756837 s/step
on time step 36494 (time=3649.4), 0.00756366 s/step
on time step 37023 (time=3702.3), 0.00756835 s/step
on time step 37552 (time=3755.2), 0.00756438 s/step
on time step 38081 (time=3808.1), 0.00756742 s/step
on time step 38609 (time=3860.9), 0.00758311 s/step
on time step 39135 (time=3913.5), 0.00761316 s/step
on time step 39664 (time=3966.4), 0.00756762 s/step
field decay(t = 4000.1000000000004): 2.1142089745572696e-10 / 0.24795249688583204 = 8.526669427050545e-10
run 0 finished at t = 4000.1000000000004 (40001 timesteps)
WD: data/2021-11-04/TopsyTestRes5/
AlreadyDir
-----------
Initializing structure...
Splitting into 16 chunks by voxels
time for choose_chunkdivision = 0.00233179 s
Working in 2D dimensions.
Computational cell is 735 x 100 x 0 with resolution 5
     block, center = (0,0,0)
          size (1e+20,1e+20,1e+20)
          axes (1,0,0), (0,1,0), (0,0,1)
          dielectric constant epsilon diagonal = (1.9881,1.9881,1.9881)
     block, center = (0,-30.25,0)
          size (1e+20,62.5,1e+20)
          axes (1,0,0), (0,1,0), (0,0,1)
          dielectric constant epsilon diagonal = (2.0736,2.0736,2.0736)
     block, center = (0,0,0)
          size (1e+20,8.2,1e+20)
          axes (1,0,0), (0,1,0), (0,0,1)
          dielectric constant epsilon diagonal = (2.08803,2.08803,2.08803)
     prism, center = (-50,0,0)
          height 1, axis (0,0,1), sidewall angle: 0 radians, 4 vertices:
          (-81.75,20,-0.5)
          (-18.25,20,-0.5)
          (-49.5,-20,-0.5)
          (-50.5,-20,-0.5)
          dielectric constant epsilon diagonal = (1.9881,1.9881,1.9881)
     prism, center = (50,0,0)
          height 1, axis (0,0,1), sidewall angle: 0 radians, 4 vertices:
          (18.25,20,-0.5)
          (81.75,20,-0.5)
          (50.5,-20,-0.5)
          (49.5,-20,-0.5)
          dielectric constant epsilon diagonal = (1.9881,1.9881,1.9881)
time for set_epsilon = 1.77818 s
-----------
MPB solved for frequency_1(0.4,0,0) = 0.278047 after 54 iters
MPB solved for frequency_1(0.930869,0,0) = 0.645079 after 33 iters
MPB solved for frequency_1(0.930988,0,0) = 0.645161 after 11 iters
MPB solved for frequency_1(0.930988,0,0) = 0.645161 after 1 iters
Meep: using output directory 'data/2021-11-04/TopsyTestRes5/'
Actual Simtime: 3.3333333333333334e-09
creating output file "data/2021-11-04/TopsyTestRes5//RunModel-eps-000000.00.h5"...
on time step 455 (time=45.5), 0.00880297 s/step
on time step 961 (time=96.1), 0.00790753 s/step
on time step 1454 (time=145.4), 0.00812202 s/step
on time step 1954 (time=195.4), 0.00801096 s/step
on time step 2443 (time=244.3), 0.00818316 s/step
on time step 2931 (time=293.1), 0.0082133 s/step
on time step 3410 (time=341), 0.00836638 s/step
on time step 3889 (time=388.9), 0.00835427 s/step
on time step 4365 (time=436.5), 0.00841107 s/step
on time step 4837 (time=483.7), 0.00847933 s/step
on time step 5321 (time=532.1), 0.008273 s/step
on time step 5802 (time=580.2), 0.00833307 s/step
on time step 6295 (time=629.5), 0.00811618 s/step
on time step 6803 (time=680.3), 0.00788452 s/step
on time step 7311 (time=731.1), 0.0078871 s/step
on time step 7818 (time=781.8), 0.00790049 s/step
on time step 8270 (time=827), 0.0088589 s/step
on time step 8727 (time=872.7), 0.00876257 s/step
on time step 9236 (time=923.6), 0.00786064 s/step
on time step 9744 (time=974.4), 0.00788886 s/step
on time step 10254 (time=1025.4), 0.00784415 s/step
on time step 10764 (time=1076.4), 0.0078472 s/step
on time step 11274 (time=1127.4), 0.00784744 s/step
on time step 11784 (time=1178.4), 0.00784681 s/step
on time step 12294 (time=1229.4), 0.00784855 s/step
on time step 12804 (time=1280.4), 0.00784861 s/step
on time step 13313 (time=1331.3), 0.00786824 s/step
on time step 13820 (time=1382), 0.00789079 s/step
on time step 14330 (time=1433), 0.00785045 s/step
on time step 14840 (time=1484), 0.00785402 s/step
on time step 15350 (time=1535), 0.00784791 s/step
on time step 15860 (time=1586), 0.00784943 s/step
on time step 16365 (time=1636.5), 0.00792214 s/step
on time step 16874 (time=1687.4), 0.00786228 s/step
on time step 17381 (time=1738.1), 0.00789276 s/step
on time step 17891 (time=1789.1), 0.00785497 s/step
on time step 18401 (time=1840.1), 0.00784995 s/step
on time step 18911 (time=1891.1), 0.00785518 s/step
on time step 19421 (time=1942.1), 0.00785261 s/step
on time step 19931 (time=1993.1), 0.00785072 s/step
field decay(t = 2000.1000000000001): 0.10412016482074404 / 0.10412016482074404 = 1.0
on time step 20441 (time=2044.1), 0.00785756 s/step
on time step 20950 (time=2095), 0.00786408 s/step
on time step 21457 (time=2145.7), 0.00790146 s/step
on time step 21967 (time=2196.7), 0.00785666 s/step
on time step 22477 (time=2247.7), 0.00785014 s/step
on time step 22987 (time=2298.7), 0.00785706 s/step
on time step 23497 (time=2349.7), 0.00785156 s/step
on time step 24003 (time=2400.3), 0.00791893 s/step
on time step 24512 (time=2451.2), 0.00786629 s/step
on time step 25019 (time=2501.9), 0.00789564 s/step
on time step 25528 (time=2552.8), 0.00786272 s/step
on time step 26038 (time=2603.8), 0.00785171 s/step
on time step 26548 (time=2654.8), 0.00785377 s/step
on time step 27057 (time=2705.7), 0.00786486 s/step
on time step 27567 (time=2756.7), 0.00785338 s/step
on time step 28076 (time=2807.6), 0.00785886 s/step
on time step 28585 (time=2858.5), 0.00786952 s/step
on time step 29092 (time=2909.2), 0.00789859 s/step
on time step 29602 (time=2960.2), 0.0078543 s/step
on time step 30112 (time=3011.2), 0.00785098 s/step
on time step 30622 (time=3062.2), 0.00785699 s/step
on time step 31132 (time=3113.2), 0.00785364 s/step
on time step 31638 (time=3163.8), 0.00791564 s/step
on time step 32147 (time=3214.7), 0.00786779 s/step
on time step 32654 (time=3265.4), 0.00789792 s/step
on time step 33164 (time=3316.4), 0.00785539 s/step
on time step 33674 (time=3367.4), 0.00785066 s/step
on time step 34184 (time=3418.4), 0.00785548 s/step
on time step 34694 (time=3469.4), 0.00785247 s/step
on time step 35204 (time=3520.4), 0.00785249 s/step
on time step 35714 (time=3571.4), 0.00785393 s/step
on time step 36223 (time=3622.3), 0.00788562 s/step
on time step 36731 (time=3673.1), 0.00788931 s/step
on time step 37241 (time=3724.1), 0.00785279 s/step
on time step 37751 (time=3775.1), 0.00785463 s/step
on time step 38261 (time=3826.1), 0.00785591 s/step
on time step 38771 (time=3877.1), 0.00785297 s/step
on time step 39276 (time=3927.6), 0.00792312 s/step
on time step 39785 (time=3978.5), 0.00786386 s/step
field decay(t = 4000.1000000000004): 5.347442843672526e-11 / 0.10412016482074404 = 5.135837858957314e-10
run 0 finished at t = 4000.1000000000004 (40001 timesteps)

Elapsed run time = 629.0746 s
