Using MPI version 3.1, 32 processes
WD: data/2021-12-01/Debugging/
AlreadyDir
-----------
Initializing structure...
Splitting into 32 chunks by voxels
time for choose_chunkdivision = 0.00341491 s
Working in 2D dimensions.
Computational cell is 420 x 100 x 0 with resolution 12
     block, center = (0,0,0)
          size (1e+20,1e+20,1e+20)
          axes (1,0,0), (0,1,0), (0,0,1)
          dielectric constant epsilon diagonal = (1.99622,1.99622,1.99622)
     block, center = (0,-26.25,0)
          size (1e+20,62.5,1e+20)
          axes (1,0,0), (0,1,0), (0,0,1)
          dielectric constant epsilon diagonal = (2.0746,2.0746,2.0746)
     block, center = (0,0,0)
          size (1e+20,8.2,1e+20)
          axes (1,0,0), (0,1,0), (0,0,1)
          dielectric constant epsilon diagonal = (2.08903,2.08903,2.08903)
time for set_epsilon = 0.334866 s
-----------
MPB solved for frequency_1(0.4,0,0) = 0.277754 after 72 iters
MPB solved for frequency_1(0.931446,0,0) = 0.645152 after 29 iters
MPB solved for frequency_1(0.93146,0,0) = 0.645161 after 11 iters
MPB solved for frequency_1(0.93146,0,0) = 0.645161 after 1 iters
Meep: using output directory 'data/2021-12-01/Debugging/'


Normalisation Run


on time step 170 (time=7.08333), 0.0235393 s/step
on time step 419 (time=17.4583), 0.0160712 s/step
on time step 665 (time=27.7083), 0.016283 s/step
on time step 913 (time=38.0417), 0.0161921 s/step
on time step 1162 (time=48.4167), 0.0161113 s/step
on time step 1410 (time=58.75), 0.0161429 s/step
on time step 1657 (time=69.0417), 0.01622 s/step
Meep progress: 74.08333333333333/607.0462239825024 = 12.2% done in 30.0s, 215.8s to go
on time step 1905 (time=79.375), 0.0161809 s/step
on time step 2145 (time=89.375), 0.0167172 s/step
on time step 2384 (time=99.3333), 0.0167836 s/step
on time step 2627 (time=109.458), 0.0165251 s/step
on time step 2866 (time=119.417), 0.0167658 s/step
on time step 3104 (time=129.333), 0.0168461 s/step
on time step 3343 (time=139.292), 0.0167935 s/step
Meep progress: 148.91666666666666/607.0462239825024 = 24.5% done in 60.0s, 184.6s to go
on time step 3582 (time=149.25), 0.016779 s/step
on time step 3819 (time=159.125), 0.0169338 s/step
on time step 4055 (time=168.958), 0.017009 s/step
on time step 4293 (time=178.875), 0.0168185 s/step
on time step 4527 (time=188.625), 0.0171293 s/step
on time step 4762 (time=198.417), 0.0170437 s/step
on time step 4998 (time=208.25), 0.0169515 s/step
on time step 5232 (time=218), 0.0171051 s/step
Meep progress: 222.45833333333331/607.0462239825024 = 36.6% done in 90.0s, 155.6s to go
on time step 5467 (time=227.792), 0.0170685 s/step
on time step 5701 (time=237.542), 0.0171363 s/step
on time step 5934 (time=247.25), 0.0172235 s/step
on time step 6169 (time=257.042), 0.0170671 s/step
on time step 6401 (time=266.708), 0.0172921 s/step
on time step 6635 (time=276.458), 0.0171028 s/step
on time step 6868 (time=286.167), 0.0172419 s/step
Meep progress: 295.16666666666663/607.0462239825024 = 48.6% done in 120.0s, 126.8s to go
on time step 7099 (time=295.792), 0.0173604 s/step
on time step 7330 (time=305.417), 0.0173191 s/step
on time step 7565 (time=315.208), 0.0170357 s/step
on time step 7801 (time=325.042), 0.0169529 s/step
on time step 8034 (time=334.75), 0.0172265 s/step
on time step 8270 (time=344.583), 0.0170049 s/step
on time step 8507 (time=354.458), 0.0169146 s/step
on time step 8740 (time=364.167), 0.0171885 s/step
Meep progress: 368.25/607.0462239825024 = 60.7% done in 150.0s, 97.3s to go
on time step 8973 (time=373.875), 0.0172005 s/step
on time step 9209 (time=383.708), 0.0169561 s/step
on time step 9442 (time=393.417), 0.0172417 s/step
on time step 9674 (time=403.083), 0.0173089 s/step
on time step 9909 (time=412.875), 0.017078 s/step
on time step 10143 (time=422.625), 0.0171302 s/step
on time step 10374 (time=432.25), 0.017333 s/step
Meep progress: 440.8333333333333/607.0462239825024 = 72.6% done in 180.0s, 67.9s to go
on time step 10600 (time=441.667), 0.0177473 s/step
on time step 10729 (time=447.042), 0.031379 s/step
on time step 10781 (time=449.208), 0.0771722 s/step
on time step 10845 (time=451.875), 0.0628965 s/step
on time step 11039 (time=459.958), 0.0207028 s/step
on time step 11180 (time=465.833), 0.0285253 s/step
on time step 11316 (time=471.5), 0.0294903 s/step
on time step 11454 (time=477.25), 0.0291269 s/step
Meep progress: 479.625/607.0462239825024 = 79.0% done in 210.1s, 55.8s to go
on time step 11627 (time=484.458), 0.0232148 s/step
on time step 11875 (time=494.792), 0.0161928 s/step
on time step 12125 (time=505.208), 0.0160269 s/step
on time step 12376 (time=515.667), 0.0159877 s/step
on time step 12628 (time=526.167), 0.0159151 s/step
on time step 12878 (time=536.583), 0.0160726 s/step
on time step 13128 (time=547), 0.0160396 s/step
Meep progress: 555.75/607.0462239825024 = 91.5% done in 240.1s, 22.2s to go
on time step 13377 (time=557.375), 0.0160951 s/step
on time step 13626 (time=567.75), 0.0160755 s/step
on time step 13878 (time=578.25), 0.0159156 s/step
on time step 14128 (time=588.667), 0.0160371 s/step
on time step 14379 (time=599.125), 0.0159721 s/step
run 0 finished at t = 607.0833333333333 (14570 timesteps)
field decay(t = 607.0833333333333): 2.1365543702369287e-13 / 2.1365543702369287e-13 = 1.0
on time step 14628 (time=609.5), 0.0160724 s/step
on time step 14870 (time=619.583), 0.0165964 s/step
on time step 15112 (time=629.667), 0.016552 s/step
on time step 15355 (time=639.792), 0.0164902 s/step
on time step 15595 (time=649.792), 0.0167025 s/step
on time step 15836 (time=659.833), 0.0166025 s/step
on time step 16079 (time=669.958), 0.0164942 s/step
on time step 16320 (time=680), 0.016623 s/step
on time step 16561 (time=690.042), 0.0166344 s/step
on time step 16802 (time=700.083), 0.0165998 s/step
on time step 17040 (time=710), 0.016851 s/step
on time step 17283 (time=720.125), 0.0165056 s/step
on time step 17524 (time=730.167), 0.0166327 s/step
on time step 17766 (time=740.25), 0.0165668 s/step
on time step 18009 (time=750.375), 0.0165297 s/step
on time step 18250 (time=760.417), 0.0166602 s/step
on time step 18492 (time=770.5), 0.0165794 s/step
on time step 18734 (time=780.583), 0.0165607 s/step
on time step 18975 (time=790.625), 0.0166293 s/step
on time step 19214 (time=800.583), 0.0167748 s/step
on time step 19456 (time=810.667), 0.0165841 s/step
on time step 19697 (time=820.708), 0.0166558 s/step
on time step 19937 (time=830.708), 0.0166792 s/step
on time step 20178 (time=840.75), 0.016624 s/step
on time step 20422 (time=850.917), 0.0164501 s/step
on time step 20675 (time=861.458), 0.0158649 s/step
on time step 20931 (time=872.125), 0.0156272 s/step
on time step 21188 (time=882.833), 0.0155701 s/step
on time step 21445 (time=893.542), 0.0155835 s/step
on time step 21702 (time=904.25), 0.0155851 s/step
on time step 21959 (time=914.958), 0.0156036 s/step
on time step 22216 (time=925.667), 0.0156171 s/step
on time step 22472 (time=936.333), 0.0156555 s/step
on time step 22729 (time=947.042), 0.0156162 s/step
on time step 22983 (time=957.625), 0.0157833 s/step
on time step 23240 (time=968.333), 0.0156095 s/step
on time step 23497 (time=979.042), 0.0156014 s/step
on time step 23753 (time=989.708), 0.015635 s/step
on time step 24009 (time=1000.38), 0.0156595 s/step
on time step 24265 (time=1011.04), 0.0156345 s/step
on time step 24519 (time=1021.62), 0.0158058 s/step
on time step 24775 (time=1032.29), 0.0156529 s/step
on time step 25031 (time=1042.96), 0.0156432 s/step
on time step 25288 (time=1053.67), 0.0156206 s/step
on time step 25528 (time=1063.67), 0.0166725 s/step
on time step 25768 (time=1073.67), 0.016691 s/step
on time step 26008 (time=1083.67), 0.0167236 s/step
on time step 26248 (time=1093.67), 0.016705 s/step
on time step 26490 (time=1103.75), 0.0165931 s/step
field decay(t = 1107.0833333333333): 0.020408626226197747 / 0.020408626226197747 = 1.0
on time step 26725 (time=1113.54), 0.0170455 s/step
on time step 26965 (time=1123.54), 0.0166936 s/step
on time step 27207 (time=1133.62), 0.0165889 s/step
on time step 27447 (time=1143.62), 0.0166714 s/step
on time step 27688 (time=1153.67), 0.0166855 s/step
on time step 27927 (time=1163.62), 0.0167686 s/step
on time step 28164 (time=1173.5), 0.0168994 s/step
on time step 28405 (time=1183.54), 0.0166269 s/step
on time step 28644 (time=1193.5), 0.0167819 s/step
on time step 28884 (time=1203.5), 0.0167577 s/step
on time step 29127 (time=1213.62), 0.0165268 s/step
on time step 29367 (time=1223.62), 0.0167241 s/step
on time step 29608 (time=1233.67), 0.0166814 s/step
on time step 29848 (time=1243.67), 0.0166771 s/step
on time step 30087 (time=1253.62), 0.0167608 s/step
on time step 30324 (time=1263.5), 0.0169073 s/step
on time step 30565 (time=1273.54), 0.0166531 s/step
on time step 30805 (time=1283.54), 0.0167311 s/step
on time step 31045 (time=1293.54), 0.0166869 s/step
on time step 31285 (time=1303.54), 0.0167247 s/step
on time step 31523 (time=1313.46), 0.0168288 s/step
on time step 31761 (time=1323.38), 0.0168741 s/step
on time step 32001 (time=1333.38), 0.0166724 s/step
on time step 32240 (time=1343.33), 0.0167931 s/step
on time step 32480 (time=1353.33), 0.016715 s/step
on time step 32721 (time=1363.38), 0.0166499 s/step
on time step 32959 (time=1373.29), 0.0168145 s/step
on time step 33199 (time=1383.29), 0.0167551 s/step
on time step 33438 (time=1393.25), 0.016757 s/step
on time step 33677 (time=1403.21), 0.0167811 s/step
on time step 33913 (time=1413.04), 0.0169753 s/step
on time step 34153 (time=1423.04), 0.0167162 s/step
on time step 34392 (time=1433), 0.0167759 s/step
on time step 34633 (time=1443.04), 0.0166314 s/step
on time step 34872 (time=1453), 0.0167897 s/step
on time step 35111 (time=1462.96), 0.0168008 s/step
on time step 35350 (time=1472.92), 0.016742 s/step
on time step 35589 (time=1482.88), 0.0167428 s/step
on time step 35829 (time=1492.88), 0.0167184 s/step
on time step 36070 (time=1502.92), 0.01662 s/step
on time step 36309 (time=1512.88), 0.0167851 s/step
on time step 36547 (time=1522.79), 0.0168497 s/step
on time step 36786 (time=1532.75), 0.0167836 s/step
on time step 37025 (time=1542.71), 0.0167445 s/step
on time step 37266 (time=1552.75), 0.0166463 s/step
on time step 37504 (time=1562.67), 0.0168721 s/step
on time step 37744 (time=1572.67), 0.0167257 s/step
on time step 37983 (time=1582.62), 0.0167717 s/step
on time step 38224 (time=1592.67), 0.0166282 s/step
on time step 38461 (time=1602.54), 0.0168844 s/step
field decay(t = 1607.125): 0.0008994700717556633 / 0.020408626226197747 = 0.04407303371556921
on time step 38699 (time=1612.46), 0.0168237 s/step
on time step 38937 (time=1622.38), 0.0168106 s/step
on time step 39176 (time=1632.33), 0.0167754 s/step
on time step 39415 (time=1642.29), 0.016778 s/step
on time step 39655 (time=1652.29), 0.016676 s/step
on time step 39894 (time=1662.25), 0.016799 s/step
on time step 40134 (time=1672.25), 0.0167282 s/step
on time step 40374 (time=1682.25), 0.0166763 s/step
on time step 40613 (time=1692.21), 0.0167713 s/step
on time step 40853 (time=1702.21), 0.0167263 s/step
on time step 41090 (time=1712.08), 0.0169086 s/step
on time step 41329 (time=1722.04), 0.0167802 s/step
on time step 41569 (time=1732.04), 0.016688 s/step
on time step 41808 (time=1742), 0.0167472 s/step
on time step 42045 (time=1751.88), 0.0169008 s/step
on time step 42285 (time=1761.88), 0.0166946 s/step
on time step 42521 (time=1771.71), 0.0169888 s/step
on time step 42760 (time=1781.67), 0.0168141 s/step
on time step 43001 (time=1791.71), 0.0166366 s/step
on time step 43239 (time=1801.62), 0.0168345 s/step
on time step 43478 (time=1811.58), 0.0168002 s/step
on time step 43717 (time=1821.54), 0.0167652 s/step
on time step 43953 (time=1831.38), 0.0169792 s/step
on time step 44191 (time=1841.29), 0.0168213 s/step
on time step 44430 (time=1851.25), 0.0167537 s/step
on time step 44665 (time=1861.04), 0.017056 s/step
on time step 44905 (time=1871.04), 0.0166905 s/step
on time step 45145 (time=1881.04), 0.0167297 s/step
on time step 45384 (time=1891), 0.0167739 s/step
on time step 45623 (time=1900.96), 0.0167469 s/step
on time step 45863 (time=1910.96), 0.0166992 s/step
on time step 46100 (time=1920.83), 0.0168881 s/step
on time step 46341 (time=1930.88), 0.0166585 s/step
on time step 46582 (time=1940.92), 0.0166298 s/step
on time step 46820 (time=1950.83), 0.0168608 s/step
on time step 47059 (time=1960.79), 0.01676 s/step
on time step 47299 (time=1970.79), 0.0167024 s/step
on time step 47538 (time=1980.75), 0.0167909 s/step
on time step 47777 (time=1990.71), 0.0167692 s/step
on time step 48017 (time=2000.71), 0.0167067 s/step
on time step 48252 (time=2010.5), 0.0170367 s/step
on time step 48492 (time=2020.5), 0.0167447 s/step
on time step 48732 (time=2030.5), 0.0166973 s/step
on time step 48971 (time=2040.46), 0.0167738 s/step
on time step 49211 (time=2050.46), 0.016703 s/step
on time step 49448 (time=2060.33), 0.0168913 s/step
on time step 49683 (time=2070.12), 0.0170292 s/step
on time step 49922 (time=2080.08), 0.0167999 s/step
on time step 50162 (time=2090.08), 0.0167 s/step
on time step 50401 (time=2100.04), 0.0167947 s/step
field decay(t = 2107.1666666666665): 5.829723223364953e-17 / 0.020408626226197747 = 2.8564995795168064e-15
run 1 finished at t = 2107.1666666666665 (50572 timesteps)
WD: data/2021-12-01/Debugging/
AlreadyDir
-----------
Initializing structure...
Splitting into 32 chunks by voxels
time for choose_chunkdivision = 0.00411672 s
Working in 2D dimensions.
Computational cell is 420 x 100 x 0 with resolution 12
     block, center = (0,0,0)
          size (1e+20,1e+20,1e+20)
          axes (1,0,0), (0,1,0), (0,0,1)
          dielectric constant epsilon diagonal = (1.99622,1.99622,1.99622)
     block, center = (0,-26.25,0)
          size (1e+20,62.5,1e+20)
          axes (1,0,0), (0,1,0), (0,0,1)
          dielectric constant epsilon diagonal = (2.0746,2.0746,2.0746)
     block, center = (0,0,0)
          size (1e+20,8.2,1e+20)
          axes (1,0,0), (0,1,0), (0,0,1)
          dielectric constant epsilon diagonal = (2.08903,2.08903,2.08903)
     block, center = (0,-10.9,0)
          size (100,40,1e+20)
          axes (1,0,0), (0,1,0), (0,0,1)
          dielectric constant epsilon diagonal = (1.99622,1.99622,1.99622)
time for set_epsilon = 0.198293 s
-----------
MPB solved for frequency_1(0.4,0,0) = 0.277754 after 72 iters
MPB solved for frequency_1(0.931446,0,0) = 0.645152 after 29 iters
MPB solved for frequency_1(0.93146,0,0) = 0.645161 after 11 iters
MPB solved for frequency_1(0.93146,0,0) = 0.645161 after 1 iters
Meep: using output directory 'data/2021-12-01/Debugging/'


Actual Run


on time step 172 (time=7.16667), 0.0232804 s/step
on time step 419 (time=17.4583), 0.0162564 s/step
on time step 667 (time=27.7917), 0.0161559 s/step
on time step 916 (time=38.1667), 0.0161174 s/step
on time step 1161 (time=48.375), 0.0163913 s/step
on time step 1409 (time=58.7083), 0.0161408 s/step
on time step 1658 (time=69.0833), 0.0160966 s/step
Meep progress: 74.0/607.0462239825024 = 12.2% done in 30.0s, 216.1s to go
on time step 1904 (time=79.3333), 0.0163104 s/step
on time step 2142 (time=89.25), 0.0168628 s/step
on time step 2379 (time=99.125), 0.0169352 s/step
on time step 2620 (time=109.167), 0.0166323 s/step
on time step 2857 (time=119.042), 0.0168885 s/step
on time step 3093 (time=128.875), 0.0170063 s/step
on time step 3329 (time=138.708), 0.0170189 s/step
Meep progress: 148.20833333333331/607.0462239825024 = 24.4% done in 60.0s, 185.8s to go
on time step 3566 (time=148.583), 0.0169433 s/step
on time step 3801 (time=158.375), 0.0170829 s/step
on time step 4035 (time=168.125), 0.0171624 s/step
on time step 4272 (time=178), 0.0169317 s/step
on time step 4504 (time=187.667), 0.0172898 s/step
on time step 4733 (time=197.208), 0.0174946 s/step
on time step 4968 (time=207), 0.0170827 s/step
on time step 5201 (time=216.708), 0.0172069 s/step
Meep progress: 220.95833333333331/607.0462239825024 = 36.4% done in 90.0s, 157.3s to go
on time step 5431 (time=226.292), 0.0174547 s/step
on time step 5660 (time=235.833), 0.0175039 s/step
on time step 5891 (time=245.458), 0.0173889 s/step
on time step 6122 (time=255.083), 0.0173652 s/step
on time step 6352 (time=264.667), 0.0174263 s/step
on time step 6586 (time=274.417), 0.0171198 s/step
on time step 6818 (time=284.083), 0.0172953 s/step
Meep progress: 292.875/607.0462239825024 = 48.2% done in 120.1s, 128.8s to go
on time step 7047 (time=293.625), 0.0175331 s/step
on time step 7276 (time=303.167), 0.0175212 s/step
on time step 7512 (time=313), 0.0170047 s/step
on time step 7748 (time=322.833), 0.0170233 s/step
on time step 7982 (time=332.583), 0.0171032 s/step
on time step 8217 (time=342.375), 0.0170643 s/step
on time step 8452 (time=352.167), 0.0170526 s/step
on time step 8686 (time=361.917), 0.0170995 s/step
Meep progress: 365.875/607.0462239825024 = 60.3% done in 150.1s, 98.9s to go
on time step 8920 (time=371.667), 0.0171289 s/step
on time step 9154 (time=381.417), 0.0171436 s/step
on time step 9387 (time=391.125), 0.0172545 s/step
on time step 9620 (time=400.833), 0.0172107 s/step
on time step 9852 (time=410.5), 0.0172992 s/step
on time step 10086 (time=420.25), 0.0171322 s/step
on time step 10319 (time=429.958), 0.0172409 s/step
Meep progress: 438.375/607.0462239825024 = 72.2% done in 180.1s, 69.3s to go
on time step 10547 (time=439.458), 0.0175573 s/step
on time step 10715 (time=446.458), 0.024185 s/step
on time step 10768 (time=448.667), 0.07604 s/step
on time step 10822 (time=450.917), 0.0745 s/step
on time step 10992 (time=458), 0.0236398 s/step
on time step 11146 (time=464.417), 0.0260281 s/step
on time step 11281 (time=470.042), 0.0297831 s/step
on time step 11417 (time=475.708), 0.0294294 s/step
Meep progress: 477.79166666666663/607.0462239825024 = 78.7% done in 210.1s, 56.8s to go
on time step 11587 (time=482.792), 0.0235911 s/step
on time step 11833 (time=493.042), 0.0163063 s/step
on time step 12078 (time=503.25), 0.0163655 s/step
on time step 12325 (time=513.542), 0.0162327 s/step
on time step 12573 (time=523.875), 0.0161756 s/step
on time step 12818 (time=534.083), 0.0163555 s/step
on time step 13065 (time=544.375), 0.0162276 s/step
Meep progress: 552.9583333333333/607.0462239825024 = 91.1% done in 240.1s, 23.5s to go
on time step 13313 (time=554.708), 0.0161343 s/step
on time step 13561 (time=565.042), 0.0161737 s/step
on time step 13809 (time=575.375), 0.0161354 s/step
on time step 14057 (time=585.708), 0.0161738 s/step
on time step 14305 (time=596.042), 0.0161488 s/step
on time step 14552 (time=606.333), 0.0162422 s/step
run 0 finished at t = 607.0833333333333 (14570 timesteps)
field decay(t = 607.0833333333333): 0.18148162672079204 / 0.18148162672079204 = 1.0
on time step 14792 (time=616.333), 0.0167156 s/step
on time step 15032 (time=626.333), 0.0166773 s/step
on time step 15274 (time=636.417), 0.0165907 s/step
on time step 15511 (time=646.292), 0.0168887 s/step
on time step 15748 (time=656.167), 0.0168833 s/step
on time step 15989 (time=666.208), 0.0166234 s/step
on time step 16228 (time=676.167), 0.0167912 s/step
on time step 16468 (time=686.167), 0.0167077 s/step
on time step 16709 (time=696.208), 0.0166535 s/step
on time step 16947 (time=706.125), 0.0168101 s/step
field decay(t = 707.125): 0.36164965047556247 / 0.36164965047556247 = 1.0
on time step 17185 (time=716.042), 0.0168512 s/step
on time step 17426 (time=726.083), 0.0166617 s/step
on time step 17664 (time=736), 0.0168115 s/step
on time step 17903 (time=745.958), 0.0168078 s/step
on time step 18139 (time=755.792), 0.0170092 s/step
on time step 18377 (time=765.708), 0.0168079 s/step
on time step 18616 (time=775.667), 0.0168167 s/step
on time step 18853 (time=785.542), 0.0168818 s/step
on time step 19090 (time=795.417), 0.0168995 s/step
on time step 19329 (time=805.375), 0.0168111 s/step
field decay(t = 807.1666666666666): 0.26443317855258025 / 0.36164965047556247 = 0.7311860476150208
on time step 19568 (time=815.333), 0.0167435 s/step
on time step 19807 (time=825.292), 0.0167513 s/step
on time step 20049 (time=835.375), 0.0165816 s/step
on time step 20288 (time=845.333), 0.0167427 s/step
on time step 20529 (time=855.375), 0.016669 s/step
on time step 20769 (time=865.375), 0.0167029 s/step
on time step 21007 (time=875.292), 0.0168369 s/step
on time step 21246 (time=885.25), 0.0167436 s/step
on time step 21484 (time=895.167), 0.0168076 s/step
on time step 21718 (time=904.917), 0.0171166 s/step
field decay(t = 907.2083333333333): 0.010523334407981227 / 0.36164965047556247 = 0.02909814621455666
on time step 21959 (time=914.958), 0.0166592 s/step
on time step 22199 (time=924.958), 0.016726 s/step
on time step 22436 (time=934.833), 0.0169453 s/step
on time step 22673 (time=944.708), 0.0169229 s/step
on time step 22910 (time=954.583), 0.0169187 s/step
on time step 23148 (time=964.5), 0.0168369 s/step
on time step 23388 (time=974.5), 0.0167157 s/step
on time step 23628 (time=984.5), 0.0166727 s/step
on time step 23868 (time=994.5), 0.0167322 s/step
on time step 24107 (time=1004.46), 0.0167746 s/step
field decay(t = 1007.25): 3.6739155120727864e-06 / 0.36164965047556247 = 1.015876970222882e-05
on time step 24346 (time=1014.42), 0.0167883 s/step
on time step 24584 (time=1024.33), 0.0168657 s/step
on time step 24823 (time=1034.29), 0.0167925 s/step
on time step 25063 (time=1044.29), 0.0166985 s/step
on time step 25298 (time=1054.08), 0.0170667 s/step
on time step 25539 (time=1064.12), 0.0166606 s/step
on time step 25779 (time=1074.12), 0.016667 s/step
on time step 26019 (time=1084.12), 0.0167189 s/step
on time step 26259 (time=1094.12), 0.0166746 s/step
on time step 26496 (time=1104), 0.0169239 s/step
field decay(t = 1107.2916666666665): 1.7427960160446016e-08 / 0.36164965047556247 = 4.8190175595437675e-08
on time step 26736 (time=1114), 0.0167162 s/step
on time step 26978 (time=1124.08), 0.0165696 s/step
on time step 27217 (time=1134.04), 0.0167391 s/step
on time step 27456 (time=1144), 0.016745 s/step
on time step 27697 (time=1154.04), 0.0166479 s/step
on time step 27936 (time=1164), 0.0168019 s/step
on time step 28175 (time=1173.96), 0.0167776 s/step
on time step 28416 (time=1184), 0.0166564 s/step
on time step 28655 (time=1193.96), 0.0167725 s/step
on time step 28891 (time=1203.79), 0.0169622 s/step
field decay(t = 1207.3333333333333): 1.4682960953956314e-11 / 0.36164965047556247 = 4.05999589233627e-11
run 1 finished at t = 1207.3333333333333 (28976 timesteps)

Elapsed run time = 1366.5890 s
