Using MPI version 3.1, 64 processes
WD: data/2021-11-12/LargerDevice/
AlreadyDir
-----------
Initializing structure...
Splitting into 64 chunks by voxels
time for choose_chunkdivision = 0.00577806 s
Working in 2D dimensions.
Computational cell is 1710 x 100 x 0 with resolution 5
     block, center = (0,0,0)
          size (1e+20,1e+20,1e+20)
          axes (1,0,0), (0,1,0), (0,0,1)
          dielectric constant epsilon diagonal = (1,1,1)
     block, center = (0,-26.25,0)
          size (1e+20,62.5,1e+20)
          axes (1,0,0), (0,1,0), (0,0,1)
          dielectric constant epsilon diagonal = (2.0736,2.0736,2.0736)
     block, center = (0,0,0)
          size (1e+20,8.2,1e+20)
          axes (1,0,0), (0,1,0), (0,0,1)
          dielectric constant epsilon diagonal = (2.08803,2.08803,2.08803)
time for set_epsilon = 0.34818 s
-----------
MPB solved for frequency_1(0.4,0,0) = 0.278542 after 47 iters
MPB solved for frequency_1(0.931904,0,0) = 0.645792 after 67 iters
MPB solved for frequency_1(0.930992,0,0) = 0.645161 after 59 iters
MPB solved for frequency_1(0.930992,0,0) = 0.645161 after 24 iters
MPB solved for frequency_1(0.930992,0,0) = 0.645161 after 8 iters
MPB solved for frequency_1(0.930992,0,0) = 0.645161 after 4 iters
MPB solved for frequency_1(0.930992,0,0) = 0.645161 after 2 iters
Meep: using output directory 'data/2021-11-12/LargerDevice/'
Vector3<851.5, 0.0, 0.0>
on time step 166 (time=16.6), 0.0241435 s/step
on time step 614 (time=61.4), 0.00892889 s/step
on time step 1054 (time=105.4), 0.00909406 s/step
on time step 1506 (time=150.6), 0.00885679 s/step
on time step 1952 (time=195.2), 0.0089699 s/step
on time step 2401 (time=240.1), 0.00892419 s/step
on time step 2851 (time=285.1), 0.00888938 s/step
on time step 3297 (time=329.7), 0.00897428 s/step
on time step 3750 (time=375), 0.00883258 s/step
on time step 4199 (time=419.9), 0.00892577 s/step
on time step 4648 (time=464.8), 0.00892488 s/step
on time step 5102 (time=510.2), 0.00882636 s/step
on time step 5553 (time=555.3), 0.00887888 s/step
on time step 6001 (time=600.1), 0.00894474 s/step
on time step 6454 (time=645.4), 0.00883329 s/step
on time step 6907 (time=690.7), 0.00883791 s/step
on time step 7353 (time=735.3), 0.00897477 s/step
on time step 7807 (time=780.7), 0.0088292 s/step
on time step 8259 (time=825.9), 0.00886422 s/step
on time step 8713 (time=871.3), 0.0088211 s/step
on time step 9163 (time=916.3), 0.00889667 s/step
on time step 9593 (time=959.3), 0.00931882 s/step
on time step 10045 (time=1004.5), 0.00886443 s/step
on time step 10466 (time=1046.6), 0.00951364 s/step
on time step 10880 (time=1088), 0.00966237 s/step
on time step 11294 (time=1129.4), 0.00967294 s/step
on time step 11709 (time=1170.9), 0.00964512 s/step
on time step 12123 (time=1212.3), 0.00968188 s/step
on time step 12529 (time=1252.9), 0.00987288 s/step
on time step 12941 (time=1294.1), 0.00971999 s/step
on time step 13352 (time=1335.2), 0.00973367 s/step
on time step 13780 (time=1378), 0.00935309 s/step
on time step 14212 (time=1421.2), 0.00927229 s/step
on time step 14643 (time=1464.3), 0.00929353 s/step
on time step 15071 (time=1507.1), 0.009356 s/step
on time step 15314 (time=1531.4), 0.0164883 s/step
on time step 15733 (time=1573.3), 0.00956266 s/step
on time step 16186 (time=1618.6), 0.00884067 s/step
on time step 16639 (time=1663.9), 0.00883391 s/step
on time step 17091 (time=1709.1), 0.00885656 s/step
on time step 17543 (time=1754.3), 0.00885366 s/step
on time step 17997 (time=1799.7), 0.00881645 s/step
on time step 18450 (time=1845), 0.00884269 s/step
on time step 18893 (time=1889.3), 0.00904786 s/step
on time step 19346 (time=1934.6), 0.0088476 s/step
on time step 19798 (time=1979.8), 0.00886045 s/step
field decay(t = 2000.1000000000001): 4.046049275462005e-16 / 4.046049275462005e-16 = 1.0
on time step 20247 (time=2024.7), 0.00892381 s/step
on time step 20697 (time=2069.7), 0.00888981 s/step
on time step 21147 (time=2114.7), 0.00889781 s/step
on time step 21594 (time=2159.4), 0.00896934 s/step
on time step 22038 (time=2203.8), 0.00902844 s/step
on time step 22484 (time=2248.4), 0.00897077 s/step
on time step 22934 (time=2293.4), 0.00890392 s/step
on time step 23386 (time=2338.6), 0.00886445 s/step
on time step 23837 (time=2383.7), 0.00888196 s/step
on time step 24286 (time=2428.6), 0.00891166 s/step
on time step 24735 (time=2473.5), 0.00892173 s/step
on time step 25184 (time=2518.4), 0.0089132 s/step
on time step 25623 (time=2562.3), 0.00911931 s/step
on time step 26070 (time=2607), 0.0089536 s/step
on time step 26517 (time=2651.7), 0.00895069 s/step
on time step 26961 (time=2696.1), 0.00900936 s/step
on time step 27409 (time=2740.9), 0.00894396 s/step
on time step 27852 (time=2785.2), 0.00903414 s/step
on time step 28295 (time=2829.5), 0.00903849 s/step
on time step 28739 (time=2873.9), 0.00902389 s/step
on time step 29182 (time=2918.2), 0.00903817 s/step
on time step 29626 (time=2962.6), 0.00902865 s/step
on time step 30068 (time=3006.8), 0.00906795 s/step
on time step 30512 (time=3051.2), 0.00902299 s/step
on time step 30955 (time=3095.5), 0.00905954 s/step
on time step 31402 (time=3140.2), 0.00896433 s/step
on time step 31843 (time=3184.3), 0.00907439 s/step
on time step 32273 (time=3227.3), 0.00931612 s/step
on time step 32709 (time=3270.9), 0.00918591 s/step
on time step 33140 (time=3314), 0.00928928 s/step
on time step 33580 (time=3358), 0.00910867 s/step
on time step 33998 (time=3399.8), 0.00958233 s/step
on time step 34435 (time=3443.5), 0.00917128 s/step
on time step 34864 (time=3486.4), 0.00933485 s/step
on time step 35301 (time=3530.1), 0.00917045 s/step
on time step 35733 (time=3573.3), 0.00927634 s/step
on time step 36176 (time=3617.6), 0.00904965 s/step
on time step 36619 (time=3661.9), 0.00904277 s/step
on time step 37049 (time=3704.9), 0.00930769 s/step
on time step 37488 (time=3748.8), 0.00912847 s/step
on time step 37933 (time=3793.3), 0.00899616 s/step
on time step 38370 (time=3837), 0.00916471 s/step
on time step 38808 (time=3880.8), 0.00915046 s/step
on time step 39259 (time=3925.9), 0.00888099 s/step
on time step 39700 (time=3970), 0.00907413 s/step
field decay(t = 4000.1000000000004): 0.19334645205855874 / 0.19334645205855874 = 1.0
on time step 40154 (time=4015.4), 0.00882164 s/step
on time step 40606 (time=4060.6), 0.00886478 s/step
on time step 41050 (time=4105), 0.00902408 s/step
on time step 41492 (time=4149.2), 0.00905278 s/step
on time step 41944 (time=4194.4), 0.00886075 s/step
on time step 42394 (time=4239.4), 0.00890135 s/step
on time step 42848 (time=4284.8), 0.00882149 s/step
on time step 43303 (time=4330.3), 0.00880549 s/step
on time step 43755 (time=4375.5), 0.00884982 s/step
on time step 44206 (time=4420.6), 0.0088744 s/step
on time step 44661 (time=4466.1), 0.00880948 s/step
on time step 45116 (time=4511.6), 0.00880534 s/step
on time step 45557 (time=4555.7), 0.00908951 s/step
on time step 46010 (time=4601), 0.00883701 s/step
on time step 46464 (time=4646.4), 0.00882397 s/step
on time step 46919 (time=4691.9), 0.00880905 s/step
on time step 47370 (time=4737), 0.00887539 s/step
on time step 47822 (time=4782.2), 0.00885466 s/step
on time step 48271 (time=4827.1), 0.00891836 s/step
on time step 48724 (time=4872.4), 0.00884075 s/step
on time step 49174 (time=4917.4), 0.00890092 s/step
on time step 49628 (time=4962.8), 0.00882776 s/step
on time step 50082 (time=5008.2), 0.00881284 s/step
on time step 50533 (time=5053.3), 0.00887676 s/step
on time step 50984 (time=5098.4), 0.00887943 s/step
on time step 51436 (time=5143.6), 0.00885366 s/step
on time step 51887 (time=5188.7), 0.00887994 s/step
on time step 52331 (time=5233.1), 0.00901592 s/step
on time step 52784 (time=5278.4), 0.00884756 s/step
on time step 53238 (time=5323.8), 0.00882131 s/step
on time step 53692 (time=5369.2), 0.00881209 s/step
on time step 54145 (time=5414.5), 0.00884287 s/step
on time step 54597 (time=5459.7), 0.00885296 s/step
on time step 55045 (time=5504.5), 0.00893125 s/step
on time step 55498 (time=5549.8), 0.00884462 s/step
on time step 55948 (time=5594.8), 0.00890932 s/step
on time step 56402 (time=5640.2), 0.00881296 s/step
on time step 56851 (time=5685.1), 0.0089105 s/step
on time step 57305 (time=5730.5), 0.00882445 s/step
on time step 57757 (time=5775.7), 0.00885991 s/step
on time step 58211 (time=5821.1), 0.00881592 s/step
on time step 58664 (time=5866.4), 0.00883783 s/step
on time step 59109 (time=5910.9), 0.00900322 s/step
on time step 59562 (time=5956.2), 0.00883378 s/step
field decay(t = 6000.200000000001): 5.435345062197039e-15 / 0.19334645205855874 = 2.8111946220512175e-14
run 0 finished at t = 6000.200000000001 (60002 timesteps)
WD: data/2021-11-12/LargerDevice/
AlreadyDir
-----------
Initializing structure...
Splitting into 64 chunks by voxels
time for choose_chunkdivision = 0.00630794 s
Working in 2D dimensions.
Computational cell is 1710 x 100 x 0 with resolution 5
     block, center = (0,0,0)
          size (1e+20,1e+20,1e+20)
          axes (1,0,0), (0,1,0), (0,0,1)
          dielectric constant epsilon diagonal = (1,1,1)
     block, center = (0,-26.25,0)
          size (1e+20,62.5,1e+20)
          axes (1,0,0), (0,1,0), (0,0,1)
          dielectric constant epsilon diagonal = (2.0736,2.0736,2.0736)
     block, center = (0,0,0)
          size (1e+20,8.2,1e+20)
          axes (1,0,0), (0,1,0), (0,0,1)
          dielectric constant epsilon diagonal = (2.08803,2.08803,2.08803)
     block, center = (-500,-10.9,0)
          size (100,40,1e+20)
          axes (1,0,0), (0,1,0), (0,0,1)
          dielectric constant epsilon diagonal = (1,1,1)
     block, center = (500,-10.9,0)
          size (100,40,1e+20)
          axes (1,0,0), (0,1,0), (0,0,1)
          dielectric constant epsilon diagonal = (1,1,1)
time for set_epsilon = 0.314058 s
-----------
MPB solved for frequency_1(0.4,0,0) = 0.278542 after 47 iters
MPB solved for frequency_1(0.931904,0,0) = 0.645792 after 67 iters
MPB solved for frequency_1(0.930992,0,0) = 0.645161 after 59 iters
MPB solved for frequency_1(0.930992,0,0) = 0.645161 after 24 iters
MPB solved for frequency_1(0.930992,0,0) = 0.645161 after 8 iters
MPB solved for frequency_1(0.930992,0,0) = 0.645161 after 4 iters
MPB solved for frequency_1(0.930992,0,0) = 0.645161 after 2 iters
Meep: using output directory 'data/2021-11-12/LargerDevice/'
Actual Simtime: 3.3333333333333334e-09
creating output file "data/2021-11-12/LargerDevice//RunModel-eps-000000.00.h5"...
on time step 202 (time=20.2), 0.0198125 s/step
on time step 653 (time=65.3), 0.00887203 s/step
on time step 1102 (time=110.2), 0.00891631 s/step
on time step 1553 (time=155.3), 0.00887737 s/step
on time step 2002 (time=200.2), 0.00890882 s/step
on time step 2448 (time=244.8), 0.00899447 s/step
on time step 2897 (time=289.7), 0.00891887 s/step
on time step 3349 (time=334.9), 0.00886431 s/step
on time step 3802 (time=380.2), 0.00884567 s/step
on time step 4254 (time=425.4), 0.00885568 s/step
on time step 4707 (time=470.7), 0.00883795 s/step
on time step 5152 (time=515.2), 0.00900254 s/step
on time step 5601 (time=560.1), 0.00891724 s/step
on time step 6054 (time=605.4), 0.00883555 s/step
on time step 6509 (time=650.9), 0.00879321 s/step
on time step 6960 (time=696), 0.00888767 s/step
on time step 7410 (time=741), 0.00890603 s/step
on time step 7859 (time=785.9), 0.0089269 s/step
on time step 8302 (time=830.2), 0.00904865 s/step
on time step 8751 (time=875.1), 0.00891401 s/step
on time step 9203 (time=920.3), 0.00885668 s/step
on time step 9657 (time=965.7), 0.00882548 s/step
on time step 10109 (time=1010.9), 0.00886165 s/step
on time step 10525 (time=1052.5), 0.00962471 s/step
on time step 10941 (time=1094.1), 0.00961691 s/step
on time step 11346 (time=1134.6), 0.00987873 s/step
on time step 11749 (time=1174.9), 0.00996248 s/step
on time step 12159 (time=1215.9), 0.00976805 s/step
on time step 12572 (time=1257.2), 0.00971195 s/step
on time step 12982 (time=1298.2), 0.00975611 s/step
on time step 13378 (time=1337.8), 0.0101073 s/step
on time step 13804 (time=1380.4), 0.00939932 s/step
on time step 14237 (time=1423.7), 0.00924593 s/step
on time step 14668 (time=1466.8), 0.00929184 s/step
on time step 15093 (time=1509.3), 0.00942061 s/step
on time step 15328 (time=1532.8), 0.0170495 s/step
on time step 15765 (time=1576.5), 0.00916576 s/step
on time step 16214 (time=1621.4), 0.00891254 s/step
on time step 16662 (time=1666.2), 0.00894182 s/step
on time step 17114 (time=1711.4), 0.00886622 s/step
on time step 17568 (time=1756.8), 0.00881211 s/step
on time step 18011 (time=1801.1), 0.00903792 s/step
on time step 18465 (time=1846.5), 0.00882893 s/step
on time step 18920 (time=1892), 0.00880003 s/step
on time step 19374 (time=1937.4), 0.00882497 s/step
on time step 19828 (time=1982.8), 0.00882121 s/step
field decay(t = 2000.1000000000001): 0.3329734755111129 / 0.3329734755111129 = 1.0
on time step 20281 (time=2028.1), 0.00883506 s/step
on time step 20731 (time=2073.1), 0.00889501 s/step
on time step 21181 (time=2118.1), 0.0089053 s/step
on time step 21631 (time=2163.1), 0.00889462 s/step
on time step 22084 (time=2208.4), 0.0088435 s/step
on time step 22538 (time=2253.8), 0.00881637 s/step
on time step 22990 (time=2299), 0.00886848 s/step
on time step 23436 (time=2343.6), 0.00898149 s/step
on time step 23885 (time=2388.5), 0.00891354 s/step
on time step 24336 (time=2433.6), 0.00887325 s/step
on time step 24777 (time=2477.7), 0.00908718 s/step
on time step 25228 (time=2522.8), 0.00888582 s/step
on time step 25680 (time=2568), 0.00885868 s/step
on time step 26131 (time=2613.1), 0.00887306 s/step
on time step 26581 (time=2658.1), 0.00890426 s/step
on time step 27027 (time=2702.7), 0.00897233 s/step
on time step 27474 (time=2747.4), 0.00896791 s/step
on time step 27912 (time=2791.2), 0.00914418 s/step
on time step 28360 (time=2836), 0.00892865 s/step
on time step 28809 (time=2880.9), 0.00891987 s/step
on time step 29259 (time=2925.9), 0.00890747 s/step
on time step 29707 (time=2970.7), 0.00893931 s/step
on time step 30154 (time=3015.4), 0.00895932 s/step
on time step 30599 (time=3059.9), 0.0089909 s/step
on time step 31048 (time=3104.8), 0.00891387 s/step
on time step 31480 (time=3148), 0.00927224 s/step
on time step 31923 (time=3192.3), 0.00904086 s/step
on time step 32364 (time=3236.4), 0.00907892 s/step
on time step 32807 (time=3280.7), 0.00903542 s/step
on time step 33249 (time=3324.9), 0.00906374 s/step
on time step 33681 (time=3368.1), 0.00926371 s/step
on time step 34101 (time=3410.1), 0.00954255 s/step
on time step 34532 (time=3453.2), 0.00929971 s/step
on time step 34965 (time=3496.5), 0.00924795 s/step
on time step 35403 (time=3540.3), 0.00913791 s/step
on time step 35840 (time=3584), 0.00919488 s/step
on time step 36279 (time=3627.9), 0.00912279 s/step
on time step 36718 (time=3671.8), 0.00912918 s/step
on time step 37157 (time=3715.7), 0.00912632 s/step
on time step 37597 (time=3759.7), 0.00910196 s/step
on time step 38025 (time=3802.5), 0.00935409 s/step
on time step 38463 (time=3846.3), 0.00914859 s/step
on time step 38904 (time=3890.4), 0.00908335 s/step
on time step 39341 (time=3934.1), 0.00915765 s/step
on time step 39782 (time=3978.2), 0.00908554 s/step
field decay(t = 4000.1000000000004): 0.005618275293129225 / 0.3329734755111129 = 0.016873041567365677
on time step 40219 (time=4021.9), 0.00916221 s/step
on time step 40662 (time=4066.2), 0.00904833 s/step
on time step 41104 (time=4110.4), 0.00906504 s/step
on time step 41547 (time=4154.7), 0.00904308 s/step
on time step 41994 (time=4199.4), 0.00895375 s/step
on time step 42439 (time=4243.9), 0.00899893 s/step
on time step 42884 (time=4288.4), 0.00900185 s/step
on time step 43328 (time=4332.8), 0.00902642 s/step
on time step 43773 (time=4377.3), 0.00899404 s/step
on time step 44223 (time=4422.3), 0.00890737 s/step
on time step 44663 (time=4466.3), 0.00910112 s/step
on time step 45105 (time=4510.5), 0.00906934 s/step
on time step 45556 (time=4555.6), 0.00887126 s/step
on time step 46007 (time=4600.7), 0.00891572 s/step
on time step 46455 (time=4645.5), 0.00894788 s/step
on time step 46904 (time=4690.4), 0.00890872 s/step
on time step 47353 (time=4735.3), 0.00892012 s/step
on time step 47803 (time=4780.3), 0.00890061 s/step
on time step 48253 (time=4825.3), 0.00890377 s/step
on time step 48698 (time=4869.8), 0.00899885 s/step
on time step 49151 (time=4915.1), 0.0088386 s/step
on time step 49590 (time=4959), 0.00913214 s/step
on time step 50042 (time=5004.2), 0.00885017 s/step
on time step 50480 (time=5048), 0.00914865 s/step
on time step 50933 (time=5093.3), 0.00883847 s/step
on time step 51377 (time=5137.7), 0.00902755 s/step
on time step 51830 (time=5183), 0.00883762 s/step
on time step 52282 (time=5228.2), 0.00885088 s/step
on time step 52736 (time=5273.6), 0.00881092 s/step
on time step 53188 (time=5318.8), 0.0088603 s/step
on time step 53638 (time=5363.8), 0.00890393 s/step
on time step 54087 (time=5408.7), 0.0089262 s/step
on time step 54537 (time=5453.7), 0.00890603 s/step
on time step 54989 (time=5498.9), 0.00886744 s/step
on time step 55442 (time=5544.2), 0.00883621 s/step
on time step 55895 (time=5589.5), 0.00883624 s/step
on time step 56349 (time=5634.9), 0.00882127 s/step
on time step 56800 (time=5680), 0.00888529 s/step
on time step 57253 (time=5725.3), 0.00884942 s/step
on time step 57707 (time=5770.7), 0.00882092 s/step
on time step 58149 (time=5814.9), 0.00905324 s/step
on time step 58601 (time=5860.1), 0.00886972 s/step
on time step 59054 (time=5905.4), 0.00884299 s/step
on time step 59498 (time=5949.8), 0.00900994 s/step
on time step 59946 (time=5994.6), 0.0089351 s/step
field decay(t = 6000.200000000001): 0.00010196381050802322 / 0.3329734755111129 = 0.0003062220206925167
on time step 60398 (time=6039.8), 0.00886747 s/step
on time step 60848 (time=6084.8), 0.00890479 s/step
on time step 61297 (time=6129.7), 0.00892195 s/step
on time step 61748 (time=6174.8), 0.00887855 s/step
on time step 62194 (time=6219.4), 0.00898082 s/step
on time step 62641 (time=6264.1), 0.00895503 s/step
on time step 63094 (time=6309.4), 0.00884212 s/step
on time step 63545 (time=6354.5), 0.00888051 s/step
on time step 63997 (time=6399.7), 0.0088517 s/step
on time step 64452 (time=6445.2), 0.00880964 s/step
on time step 64895 (time=6489.5), 0.0090447 s/step
on time step 65347 (time=6534.7), 0.00885543 s/step
on time step 65801 (time=6580.1), 0.00882061 s/step
on time step 66247 (time=6624.7), 0.00898143 s/step
on time step 66699 (time=6669.9), 0.00885404 s/step
on time step 67151 (time=6715.1), 0.00886921 s/step
on time step 67601 (time=6760.1), 0.00890292 s/step
on time step 68051 (time=6805.1), 0.00890506 s/step
on time step 68501 (time=6850.1), 0.00890107 s/step
on time step 68953 (time=6895.3), 0.00885791 s/step
on time step 69399 (time=6939.9), 0.00898569 s/step
on time step 69852 (time=6985.2), 0.00883653 s/step
on time step 70305 (time=7030.5), 0.00884629 s/step
on time step 70758 (time=7075.8), 0.00884476 s/step
on time step 71193 (time=7119.3), 0.00921729 s/step
on time step 71636 (time=7163.6), 0.00903821 s/step
on time step 72088 (time=7208.8), 0.00885399 s/step
on time step 72543 (time=7254.3), 0.00880586 s/step
on time step 72996 (time=7299.6), 0.00883666 s/step
on time step 73449 (time=7344.9), 0.00883466 s/step
on time step 73900 (time=7390), 0.00888141 s/step
on time step 74345 (time=7434.5), 0.00900277 s/step
on time step 74789 (time=7478.9), 0.00901142 s/step
on time step 75231 (time=7523.1), 0.00905906 s/step
on time step 75683 (time=7568.3), 0.00885749 s/step
on time step 76136 (time=7613.6), 0.00884027 s/step
on time step 76589 (time=7658.9), 0.00883904 s/step
on time step 77040 (time=7704), 0.00888081 s/step
on time step 77492 (time=7749.2), 0.00885158 s/step
on time step 77947 (time=7794.7), 0.00880765 s/step
on time step 78390 (time=7839), 0.00903869 s/step
on time step 78844 (time=7884.4), 0.00882923 s/step
on time step 79294 (time=7929.4), 0.00889629 s/step
on time step 79746 (time=7974.6), 0.00886337 s/step
field decay(t = 8000.3): 3.94190570538394e-06 / 0.3329734755111129 = 1.1838497644093515e-05
on time step 80199 (time=8019.9), 0.00884758 s/step
on time step 80651 (time=8065.1), 0.00885275 s/step
on time step 81101 (time=8110.1), 0.0088898 s/step
on time step 81543 (time=8154.3), 0.00905206 s/step
on time step 81985 (time=8198.5), 0.00905945 s/step
on time step 82435 (time=8243.5), 0.00889153 s/step
on time step 82888 (time=8288.8), 0.00883865 s/step
on time step 83331 (time=8333.1), 0.00904652 s/step
on time step 83783 (time=8378.3), 0.0088564 s/step
on time step 84237 (time=8423.7), 0.00882681 s/step
on time step 84689 (time=8468.9), 0.00885428 s/step
on time step 85134 (time=8513.4), 0.00900445 s/step
on time step 85587 (time=8558.7), 0.00883165 s/step
on time step 86041 (time=8604.1), 0.00881105 s/step
on time step 86493 (time=8649.3), 0.00885309 s/step
on time step 86948 (time=8694.8), 0.00880334 s/step
on time step 87398 (time=8739.8), 0.00890119 s/step
on time step 87848 (time=8784.8), 0.00889464 s/step
on time step 88275 (time=8827.5), 0.00938162 s/step
on time step 88718 (time=8871.8), 0.00904728 s/step
on time step 89170 (time=8917), 0.00886326 s/step
on time step 89622 (time=8962.2), 0.0088601 s/step
on time step 90073 (time=9007.3), 0.00888199 s/step
on time step 90524 (time=9052.4), 0.00888758 s/step
on time step 90974 (time=9097.4), 0.00889824 s/step
on time step 91418 (time=9141.8), 0.00902253 s/step
on time step 91859 (time=9185.9), 0.00908222 s/step
on time step 92310 (time=9231), 0.00888713 s/step
on time step 92760 (time=9276), 0.00888937 s/step
on time step 93209 (time=9320.9), 0.00892774 s/step
on time step 93656 (time=9365.6), 0.00896752 s/step
on time step 94105 (time=9410.5), 0.00891402 s/step
on time step 94543 (time=9454.3), 0.0091473 s/step
on time step 94987 (time=9498.7), 0.00901736 s/step
on time step 95433 (time=9543.3), 0.008974 s/step
on time step 95880 (time=9588), 0.00895078 s/step
on time step 96329 (time=9632.9), 0.00893023 s/step
on time step 96777 (time=9677.7), 0.00893912 s/step
on time step 97218 (time=9721.8), 0.00907132 s/step
on time step 97659 (time=9765.9), 0.00907265 s/step
on time step 98102 (time=9810.2), 0.0090388 s/step
on time step 98529 (time=9852.9), 0.0093735 s/step
on time step 98970 (time=9897), 0.00908542 s/step
on time step 99414 (time=9941.4), 0.00902517 s/step
on time step 99861 (time=9986.1), 0.00896395 s/step
field decay(t = 10000.400000000001): 1.0247654731144702e-07 / 0.3329734755111129 = 3.077618935086224e-07
on time step 100306 (time=10030.6), 0.00899204 s/step
on time step 100751 (time=10075.1), 0.00899048 s/step
on time step 101193 (time=10119.3), 0.00906234 s/step
on time step 101633 (time=10163.3), 0.0090974 s/step
on time step 102076 (time=10207.6), 0.00904132 s/step
on time step 102521 (time=10252.1), 0.00900399 s/step
on time step 102959 (time=10295.9), 0.00914219 s/step
on time step 103404 (time=10340.4), 0.00900398 s/step
on time step 103846 (time=10384.6), 0.00905058 s/step
on time step 104275 (time=10427.5), 0.00932889 s/step
on time step 104718 (time=10471.8), 0.00904965 s/step
creating output file "data/2021-11-12/LargerDevice//RunModel-denergy-010500.00.h5"...
on time step 105130 (time=10513), 0.00972492 s/step
on time step 105572 (time=10557.2), 0.00905217 s/step
on time step 106017 (time=10601.7), 0.00900527 s/step
on time step 106464 (time=10646.4), 0.00895457 s/step
on time step 106911 (time=10691.1), 0.00896263 s/step
on time step 107357 (time=10735.7), 0.00898607 s/step
on time step 107789 (time=10778.9), 0.00927372 s/step
on time step 108238 (time=10823.8), 0.0089108 s/step
on time step 108688 (time=10868.8), 0.00890135 s/step
on time step 109132 (time=10913.2), 0.00900978 s/step
on time step 109586 (time=10958.6), 0.00882624 s/step
on time step 110036 (time=11003.6), 0.00890787 s/step
on time step 110482 (time=11048.2), 0.00897854 s/step
on time step 110937 (time=11093.7), 0.00880439 s/step
on time step 111392 (time=11139.2), 0.00881202 s/step
on time step 111836 (time=11183.6), 0.00902333 s/step
on time step 112289 (time=11228.9), 0.00884368 s/step
on time step 112737 (time=11273.7), 0.00894447 s/step
on time step 113191 (time=11319.1), 0.00882305 s/step
on time step 113644 (time=11364.4), 0.00883548 s/step
on time step 114097 (time=11409.7), 0.00883609 s/step
on time step 114547 (time=11454.7), 0.00889239 s/step
on time step 114999 (time=11499.9), 0.00886173 s/step
on time step 115450 (time=11545), 0.00887602 s/step
on time step 115881 (time=11588.1), 0.00928867 s/step
on time step 116327 (time=11632.7), 0.00897021 s/step
on time step 116781 (time=11678.1), 0.00882755 s/step
on time step 117234 (time=11723.4), 0.00884655 s/step
on time step 117689 (time=11768.9), 0.00879917 s/step
on time step 118133 (time=11813.3), 0.00902347 s/step
on time step 118578 (time=11857.8), 0.00900307 s/step
on time step 119030 (time=11903), 0.008864 s/step
on time step 119485 (time=11948.5), 0.0087985 s/step
on time step 119937 (time=11993.7), 0.00886186 s/step
field decay(t = 12000.5): 3.2059696528252897e-09 / 0.3329734755111129 = 9.628303419376393e-09
on time step 120391 (time=12039.1), 0.00882627 s/step
on time step 120843 (time=12084.3), 0.00886335 s/step
on time step 121295 (time=12129.5), 0.00886679 s/step
on time step 121748 (time=12174.8), 0.00884434 s/step
on time step 122199 (time=12219.9), 0.00888747 s/step
on time step 122648 (time=12264.8), 0.00891371 s/step
on time step 123101 (time=12310.1), 0.00883027 s/step
on time step 123555 (time=12355.5), 0.00882177 s/step
on time step 124008 (time=12400.8), 0.00883991 s/step
on time step 124463 (time=12446.3), 0.00879711 s/step
on time step 124917 (time=12491.7), 0.00881663 s/step
on time step 125361 (time=12536.1), 0.00901611 s/step
on time step 125814 (time=12581.4), 0.00883982 s/step
on time step 126270 (time=12627), 0.00878127 s/step
on time step 126709 (time=12670.9), 0.0091117 s/step
on time step 127161 (time=12716.1), 0.00885693 s/step
on time step 127614 (time=12761.4), 0.00883228 s/step
on time step 128065 (time=12806.5), 0.00887084 s/step
on time step 128511 (time=12851.1), 0.00897701 s/step
on time step 128961 (time=12896.1), 0.0088981 s/step
on time step 129415 (time=12941.5), 0.00881098 s/step
on time step 129866 (time=12986.6), 0.00888436 s/step
on time step 130319 (time=13031.9), 0.00883357 s/step
on time step 130771 (time=13077.1), 0.00886735 s/step
on time step 131226 (time=13122.6), 0.00879861 s/step
on time step 131671 (time=13167.1), 0.00898981 s/step
on time step 132116 (time=13211.6), 0.00900752 s/step
on time step 132569 (time=13256.9), 0.00884262 s/step
on time step 133022 (time=13302.2), 0.00883288 s/step
on time step 133476 (time=13347.6), 0.00882125 s/step
on time step 133916 (time=13391.6), 0.0091001 s/step
on time step 134368 (time=13436.8), 0.0088679 s/step
on time step 134819 (time=13481.9), 0.00887963 s/step
on time step 135261 (time=13526.1), 0.0090682 s/step
on time step 135701 (time=13570.1), 0.00909299 s/step
on time step 136155 (time=13615.5), 0.00881278 s/step
on time step 136602 (time=13660.2), 0.00895573 s/step
on time step 137055 (time=13705.5), 0.00883287 s/step
on time step 137506 (time=13750.6), 0.00887919 s/step
on time step 137960 (time=13796), 0.00881525 s/step
on time step 138414 (time=13841.4), 0.00881272 s/step
on time step 138858 (time=13885.8), 0.0090167 s/step
on time step 139312 (time=13931.2), 0.00881443 s/step
on time step 139767 (time=13976.7), 0.00879979 s/step
field decay(t = 14000.6): 1.1305675873736911e-11 / 0.3329734755111129 = 3.395368311659884e-11
run 0 finished at t = 14000.6 (140006 timesteps)

Elapsed run time = 1809.9671 s
