Using MPI version 3.1, 24 processes
WD: data/2021-12-20/ElongatedCirc_Close2Paper/
AlreadyDir
-----------
Initializing structure...
Splitting into 24 chunks by voxels
time for choose_chunkdivision = 0.00418611 s
Working in 2D dimensions.
Computational cell is 520 x 170 x 0 with resolution 10
     block, center = (0,0,0)
          size (1e+20,1e+20,1e+20)
          axes (1,0,0), (0,1,0), (0,0,1)
          dielectric constant epsilon diagonal = (1.99622,1.99622,1.99622)
     block, center = (0,0,0)
          size (1e+20,125,1e+20)
          axes (1,0,0), (0,1,0), (0,0,1)
          dielectric constant epsilon diagonal = (2.0746,2.0746,2.0746)
     block, center = (0,0,0)
          size (1e+20,8.2,1e+20)
          axes (1,0,0), (0,1,0), (0,0,1)
          dielectric constant epsilon diagonal = (2.08903,2.08903,2.08903)
time for set_epsilon = 0.380922 s
-----------
MPB solved for frequency_1(0.4,0,0) = 0.277333 after 75 iters
MPB solved for frequency_1(0.931194,0,0) = 0.644871 after 63 iters
MPB solved for frequency_1(0.931613,0,0) = 0.645161 after 16 iters
MPB solved for frequency_1(0.931613,0,0) = 0.645161 after 1 iters
Meep: using output directory 'data/2021-12-20/ElongatedCirc_Close2Paper/'


Normalisation Run


on time step 120 (time=6), 0.0333347 s/step
on time step 287 (time=14.35), 0.0240509 s/step
on time step 453 (time=22.65), 0.0241997 s/step
on time step 620 (time=31), 0.0240531 s/step
on time step 784 (time=39.2), 0.0244412 s/step
on time step 947 (time=47.35), 0.0246607 s/step
on time step 1114 (time=55.7), 0.0240667 s/step
Meep progress: 59.6/1503.1620784328632 = 4.0% done in 30.0s, 726.9s to go
on time step 1280 (time=64), 0.0241914 s/step
on time step 1445 (time=72.25), 0.0242651 s/step
on time step 1612 (time=80.6), 0.0240232 s/step
on time step 1779 (time=88.95), 0.024088 s/step
on time step 1946 (time=97.3), 0.0240662 s/step
on time step 2112 (time=105.6), 0.0242324 s/step
on time step 2278 (time=113.9), 0.0241241 s/step
Meep progress: 121.80000000000001/1503.1620784328632 = 8.1% done in 60.0s, 680.7s to go
on time step 2444 (time=122.2), 0.0241317 s/step
on time step 2611 (time=130.55), 0.0241245 s/step
on time step 2777 (time=138.85), 0.0242242 s/step
on time step 2944 (time=147.2), 0.0240448 s/step
on time step 3110 (time=155.5), 0.0241091 s/step
on time step 3276 (time=163.8), 0.0241559 s/step
on time step 3442 (time=172.1), 0.024156 s/step
on time step 3608 (time=180.4), 0.0242275 s/step
Meep progress: 183.95000000000002/1503.1620784328632 = 12.2% done in 90.0s, 645.7s to go
on time step 3775 (time=188.75), 0.0240596 s/step
on time step 3942 (time=197.1), 0.0240304 s/step
on time step 4109 (time=205.45), 0.0240539 s/step
on time step 4275 (time=213.75), 0.0241577 s/step
on time step 4441 (time=222.05), 0.0241392 s/step
on time step 4608 (time=230.4), 0.0240822 s/step
on time step 4773 (time=238.65), 0.0242892 s/step
Meep progress: 246.20000000000002/1503.1620784328632 = 16.4% done in 120.1s, 613.0s to go
on time step 4940 (time=247), 0.0240401 s/step
on time step 5107 (time=255.35), 0.0240612 s/step
on time step 5274 (time=263.7), 0.0240658 s/step
on time step 5440 (time=272), 0.0241166 s/step
on time step 5607 (time=280.35), 0.0240927 s/step
on time step 5772 (time=288.6), 0.0243779 s/step
on time step 5938 (time=296.9), 0.0242222 s/step
on time step 6103 (time=305.15), 0.0243205 s/step
Meep progress: 308.25/1503.1620784328632 = 20.5% done in 150.1s, 581.8s to go
on time step 6268 (time=313.4), 0.0242791 s/step
on time step 6434 (time=321.7), 0.024135 s/step
on time step 6600 (time=330), 0.024183 s/step
on time step 6767 (time=338.35), 0.0240848 s/step
on time step 6933 (time=346.65), 0.0242149 s/step
on time step 7098 (time=354.9), 0.0242753 s/step
on time step 7261 (time=363.05), 0.0245829 s/step
Meep progress: 370.1/1503.1620784328632 = 24.6% done in 180.1s, 551.3s to go
on time step 7426 (time=371.3), 0.0242964 s/step
on time step 7592 (time=379.6), 0.0241194 s/step
on time step 7758 (time=387.9), 0.0241472 s/step
on time step 7924 (time=396.2), 0.0242083 s/step
on time step 8089 (time=404.45), 0.0242948 s/step
on time step 8252 (time=412.6), 0.0246179 s/step
on time step 8417 (time=420.85), 0.024328 s/step
on time step 8581 (time=429.05), 0.0244132 s/step
Meep progress: 431.85/1503.1620784328632 = 28.7% done in 210.1s, 521.2s to go
on time step 8747 (time=437.35), 0.0241304 s/step
on time step 8913 (time=445.65), 0.0242023 s/step
on time step 9078 (time=453.9), 0.0243554 s/step
on time step 9242 (time=462.1), 0.0244104 s/step
on time step 9406 (time=470.3), 0.0244524 s/step
on time step 9570 (time=478.5), 0.0245429 s/step
on time step 9733 (time=486.65), 0.0246818 s/step
Meep progress: 493.40000000000003/1503.1620784328632 = 32.8% done in 240.1s, 491.4s to go
on time step 9899 (time=494.95), 0.0241538 s/step
on time step 10064 (time=503.2), 0.0242857 s/step
on time step 10228 (time=511.4), 0.024433 s/step
on time step 10392 (time=519.6), 0.0244712 s/step
on time step 10556 (time=527.8), 0.0244852 s/step
on time step 10718 (time=535.9), 0.0247948 s/step
on time step 10882 (time=544.1), 0.0245387 s/step
on time step 11043 (time=552.15), 0.0248513 s/step
Meep progress: 554.3000000000001/1503.1620784328632 = 36.9% done in 270.1s, 462.4s to go
on time step 11190 (time=559.5), 0.0272731 s/step
on time step 11336 (time=566.8), 0.0274192 s/step
on time step 11481 (time=574.05), 0.0276016 s/step
on time step 11593 (time=579.65), 0.0361407 s/step
on time step 11706 (time=585.3), 0.0355772 s/step
on time step 11847 (time=592.35), 0.0284161 s/step
on time step 11958 (time=597.9), 0.0362912 s/step
Meep progress: 601.8000000000001/1503.1620784328632 = 40.0% done in 300.1s, 449.5s to go
on time step 12061 (time=603.05), 0.0390263 s/step
on time step 12178 (time=608.9), 0.0343173 s/step
on time step 12343 (time=617.15), 0.0242528 s/step
on time step 12509 (time=625.45), 0.0241746 s/step
on time step 12675 (time=633.75), 0.0241494 s/step
on time step 12840 (time=642), 0.0243636 s/step
on time step 13006 (time=650.3), 0.024208 s/step
on time step 13172 (time=658.6), 0.0241445 s/step
Meep progress: 660.6/1503.1620784328632 = 43.9% done in 330.2s, 421.1s to go
on time step 13338 (time=666.9), 0.0241825 s/step
on time step 13504 (time=675.2), 0.024202 s/step
on time step 13670 (time=683.5), 0.0241512 s/step
on time step 13836 (time=691.8), 0.0241704 s/step
on time step 14002 (time=700.1), 0.0241714 s/step
on time step 14168 (time=708.4), 0.0242367 s/step
on time step 14334 (time=716.7), 0.0241321 s/step
Meep progress: 722.6500000000001/1503.1620784328632 = 48.1% done in 360.2s, 389.0s to go
on time step 14500 (time=725), 0.0241888 s/step
on time step 14666 (time=733.3), 0.0241711 s/step
on time step 14832 (time=741.6), 0.0242031 s/step
on time step 14998 (time=749.9), 0.0241988 s/step
on time step 15164 (time=758.2), 0.0241663 s/step
on time step 15329 (time=766.45), 0.0243167 s/step
on time step 15495 (time=774.75), 0.02423 s/step
on time step 15661 (time=783.05), 0.0241381 s/step
Meep progress: 784.6500000000001/1503.1620784328632 = 52.2% done in 390.2s, 357.3s to go
on time step 15827 (time=791.35), 0.0242047 s/step
on time step 15993 (time=799.65), 0.0241885 s/step
on time step 16159 (time=807.95), 0.0242084 s/step
on time step 16325 (time=816.25), 0.0242109 s/step
on time step 16491 (time=824.55), 0.0241993 s/step
on time step 16656 (time=832.8), 0.0243264 s/step
on time step 16822 (time=841.1), 0.0241748 s/step
Meep progress: 846.6/1503.1620784328632 = 56.3% done in 420.2s, 325.9s to go
on time step 16988 (time=849.4), 0.0242066 s/step
on time step 17154 (time=857.7), 0.0241991 s/step
on time step 17320 (time=866), 0.0241978 s/step
on time step 17486 (time=874.3), 0.0241911 s/step
on time step 17652 (time=882.6), 0.0241963 s/step
on time step 17817 (time=890.85), 0.0243602 s/step
on time step 17983 (time=899.15), 0.0241922 s/step
on time step 18149 (time=907.45), 0.0241941 s/step
Meep progress: 908.5500000000001/1503.1620784328632 = 60.4% done in 450.2s, 294.6s to go
on time step 18315 (time=915.75), 0.0241752 s/step
on time step 18481 (time=924.05), 0.0241744 s/step
on time step 18647 (time=932.35), 0.0242156 s/step
on time step 18813 (time=940.65), 0.0241884 s/step
on time step 18979 (time=948.95), 0.0241977 s/step
on time step 19144 (time=957.2), 0.0243208 s/step
on time step 19310 (time=965.5), 0.0241654 s/step
Meep progress: 970.5500000000001/1503.1620784328632 = 64.6% done in 480.2s, 263.5s to go
on time step 19476 (time=973.8), 0.024197 s/step
on time step 19642 (time=982.1), 0.0242185 s/step
on time step 19808 (time=990.4), 0.0241951 s/step
on time step 19974 (time=998.7), 0.0242069 s/step
on time step 20140 (time=1007), 0.0241869 s/step
on time step 20305 (time=1015.25), 0.0243201 s/step
on time step 20471 (time=1023.55), 0.0242032 s/step
on time step 20637 (time=1031.85), 0.0242108 s/step
Meep progress: 1032.5/1503.1620784328632 = 68.7% done in 510.2s, 232.6s to go
on time step 20803 (time=1040.15), 0.0242282 s/step
on time step 20969 (time=1048.45), 0.024172 s/step
on time step 21135 (time=1056.75), 0.024217 s/step
on time step 21301 (time=1065.05), 0.0242038 s/step
on time step 21467 (time=1073.35), 0.0241937 s/step
on time step 21633 (time=1081.65), 0.0242324 s/step
on time step 21799 (time=1089.95), 0.0241795 s/step
Meep progress: 1094.5/1503.1620784328632 = 72.8% done in 540.3s, 201.7s to go
on time step 21965 (time=1098.25), 0.0241824 s/step
on time step 22131 (time=1106.55), 0.0242126 s/step
on time step 22297 (time=1114.85), 0.0242175 s/step
on time step 22463 (time=1123.15), 0.0241883 s/step
on time step 22629 (time=1131.45), 0.0242258 s/step
on time step 22794 (time=1139.7), 0.0243137 s/step
on time step 22960 (time=1148), 0.0241844 s/step
on time step 23126 (time=1156.3), 0.0242256 s/step
Meep progress: 1156.45/1503.1620784328632 = 76.9% done in 570.3s, 171.0s to go
on time step 23292 (time=1164.6), 0.0242279 s/step
on time step 23458 (time=1172.9), 0.0242215 s/step
on time step 23624 (time=1181.2), 0.0242329 s/step
on time step 23790 (time=1189.5), 0.0242191 s/step
on time step 23956 (time=1197.8), 0.0241879 s/step
on time step 24121 (time=1206.05), 0.0242558 s/step
on time step 24286 (time=1214.3), 0.0242436 s/step
Meep progress: 1218.4/1503.1620784328632 = 81.1% done in 600.3s, 140.3s to go
on time step 24452 (time=1222.6), 0.0242 s/step
on time step 24618 (time=1230.9), 0.0242329 s/step
on time step 24784 (time=1239.2), 0.0242226 s/step
on time step 24950 (time=1247.5), 0.0242216 s/step
on time step 25116 (time=1255.8), 0.0242162 s/step
on time step 25281 (time=1264.05), 0.0243703 s/step
on time step 25447 (time=1272.35), 0.024226 s/step
Meep progress: 1280.3000000000002/1503.1620784328632 = 85.2% done in 630.3s, 109.7s to go
on time step 25613 (time=1280.65), 0.0242246 s/step
on time step 25779 (time=1288.95), 0.0242095 s/step
on time step 25945 (time=1297.25), 0.0241984 s/step
on time step 26111 (time=1305.55), 0.0242077 s/step
on time step 26277 (time=1313.85), 0.0241954 s/step
on time step 26443 (time=1322.15), 0.0241734 s/step
on time step 26609 (time=1330.45), 0.0242206 s/step
on time step 26775 (time=1338.75), 0.024153 s/step
Meep progress: 1342.3000000000002/1503.1620784328632 = 89.3% done in 660.3s, 79.1s to go
on time step 26941 (time=1347.05), 0.0241975 s/step
on time step 27107 (time=1355.35), 0.0242341 s/step
on time step 27273 (time=1363.65), 0.0241926 s/step
on time step 27439 (time=1371.95), 0.0241829 s/step
on time step 27605 (time=1380.25), 0.0242286 s/step
on time step 27770 (time=1388.5), 0.0242913 s/step
on time step 27936 (time=1396.8), 0.0242064 s/step
Meep progress: 1404.25/1503.1620784328632 = 93.4% done in 690.3s, 48.6s to go
on time step 28102 (time=1405.1), 0.0242176 s/step
on time step 28268 (time=1413.4), 0.0242318 s/step
on time step 28434 (time=1421.7), 0.0242005 s/step
on time step 28600 (time=1430), 0.0241976 s/step
on time step 28766 (time=1438.3), 0.0241732 s/step
on time step 28932 (time=1446.6), 0.0241908 s/step
on time step 29098 (time=1454.9), 0.0242256 s/step
on time step 29264 (time=1463.2), 0.024184 s/step
Meep progress: 1466.25/1503.1620784328632 = 97.5% done in 720.4s, 18.1s to go
on time step 29430 (time=1471.5), 0.0241936 s/step
on time step 29596 (time=1479.8), 0.0242031 s/step
on time step 29762 (time=1488.1), 0.0242068 s/step
on time step 29928 (time=1496.4), 0.0241998 s/step
run 0 finished at t = 1503.2 (30064 timesteps)
field decay(t = 1503.2): 6.726868433136376e-19 / 6.726868433136376e-19 = 1.0
on time step 30093 (time=1504.65), 0.0243452 s/step
on time step 30258 (time=1512.9), 0.0243313 s/step
on time step 30424 (time=1521.2), 0.0242275 s/step
on time step 30590 (time=1529.5), 0.0242167 s/step
on time step 30756 (time=1537.8), 0.024194 s/step
on time step 30922 (time=1546.1), 0.0242153 s/step
on time step 31088 (time=1554.4), 0.024201 s/step
on time step 31254 (time=1562.7), 0.0242148 s/step
on time step 31420 (time=1571), 0.0241978 s/step
on time step 31584 (time=1579.2), 0.024407 s/step
on time step 31750 (time=1587.5), 0.0242175 s/step
on time step 31915 (time=1595.75), 0.0242436 s/step
on time step 32081 (time=1604.05), 0.0242049 s/step
on time step 32247 (time=1612.35), 0.0242117 s/step
on time step 32413 (time=1620.65), 0.0241934 s/step
on time step 32577 (time=1628.85), 0.024463 s/step
on time step 32743 (time=1637.15), 0.0242057 s/step
on time step 32909 (time=1645.45), 0.0242201 s/step
on time step 33075 (time=1653.75), 0.0241899 s/step
on time step 33241 (time=1662.05), 0.024228 s/step
on time step 33407 (time=1670.35), 0.0242036 s/step
on time step 33573 (time=1678.65), 0.0242193 s/step
on time step 33739 (time=1686.95), 0.0242134 s/step
on time step 33905 (time=1695.25), 0.0242343 s/step
on time step 34070 (time=1703.5), 0.0244237 s/step
on time step 34236 (time=1711.8), 0.0241638 s/step
on time step 34402 (time=1720.1), 0.0241992 s/step
on time step 34568 (time=1728.4), 0.0242322 s/step
on time step 34734 (time=1736.7), 0.0242332 s/step
on time step 34900 (time=1745), 0.0242414 s/step
on time step 35064 (time=1753.2), 0.0245099 s/step
on time step 35230 (time=1761.5), 0.0241454 s/step
on time step 35396 (time=1769.8), 0.0242196 s/step
on time step 35562 (time=1778.1), 0.0242301 s/step
on time step 35728 (time=1786.4), 0.0241904 s/step
on time step 35893 (time=1794.65), 0.0242743 s/step
on time step 36059 (time=1802.95), 0.0241952 s/step
on time step 36225 (time=1811.25), 0.0242047 s/step
on time step 36391 (time=1819.55), 0.0242233 s/step
on time step 36555 (time=1827.75), 0.0244729 s/step
on time step 36721 (time=1836.05), 0.0242383 s/step
on time step 36887 (time=1844.35), 0.0242075 s/step
on time step 37053 (time=1852.65), 0.0242113 s/step
on time step 37219 (time=1860.95), 0.024196 s/step
on time step 37385 (time=1869.25), 0.0242201 s/step
on time step 37549 (time=1877.45), 0.0244724 s/step
on time step 37715 (time=1885.75), 0.0241519 s/step
on time step 37881 (time=1894.05), 0.0242293 s/step
on time step 38047 (time=1902.35), 0.0241961 s/step
on time step 38213 (time=1910.65), 0.0242297 s/step
on time step 38379 (time=1918.95), 0.0242119 s/step
on time step 38545 (time=1927.25), 0.0242081 s/step
on time step 38711 (time=1935.55), 0.0242132 s/step
on time step 38877 (time=1943.85), 0.024216 s/step
on time step 39042 (time=1952.1), 0.0243833 s/step
on time step 39208 (time=1960.4), 0.0241987 s/step
on time step 39374 (time=1968.7), 0.0242168 s/step
on time step 39540 (time=1977), 0.0242047 s/step
on time step 39706 (time=1985.3), 0.0242205 s/step
on time step 39872 (time=1993.6), 0.0242176 s/step
on time step 40036 (time=2001.8), 0.0244809 s/step
field decay(t = 2003.25): 1.707998664731462e-17 / 1.707998664731462e-17 = 1.0
on time step 40202 (time=2010.1), 0.0241776 s/step
on time step 40368 (time=2018.4), 0.0242063 s/step
on time step 40534 (time=2026.7), 0.0241769 s/step
on time step 40700 (time=2035), 0.024197 s/step
on time step 40866 (time=2043.3), 0.0242069 s/step
on time step 41032 (time=2051.6), 0.0241866 s/step
on time step 41198 (time=2059.9), 0.024185 s/step
on time step 41364 (time=2068.2), 0.0242058 s/step
on time step 41529 (time=2076.45), 0.0243601 s/step
on time step 41695 (time=2084.75), 0.0241914 s/step
on time step 41861 (time=2093.05), 0.0241999 s/step
on time step 42027 (time=2101.35), 0.024183 s/step
on time step 42193 (time=2109.65), 0.0242267 s/step
on time step 42359 (time=2117.95), 0.0242068 s/step
on time step 42523 (time=2126.15), 0.0244753 s/step
on time step 42689 (time=2134.45), 0.0242226 s/step
on time step 42855 (time=2142.75), 0.0242108 s/step
on time step 43021 (time=2151.05), 0.0242027 s/step
on time step 43187 (time=2159.35), 0.0242239 s/step
on time step 43353 (time=2167.65), 0.0242177 s/step
on time step 43519 (time=2175.95), 0.0242084 s/step
on time step 43685 (time=2184.25), 0.0241982 s/step
on time step 43851 (time=2192.55), 0.0242157 s/step
on time step 44016 (time=2200.8), 0.0243479 s/step
on time step 44182 (time=2209.1), 0.0242025 s/step
on time step 44348 (time=2217.4), 0.0241976 s/step
on time step 44514 (time=2225.7), 0.0242155 s/step
on time step 44679 (time=2233.95), 0.0242623 s/step
on time step 44845 (time=2242.25), 0.0242201 s/step
on time step 45009 (time=2250.45), 0.0244561 s/step
on time step 45175 (time=2258.75), 0.0242072 s/step
on time step 45341 (time=2267.05), 0.0242257 s/step
on time step 45507 (time=2275.35), 0.0242025 s/step
on time step 45673 (time=2283.65), 0.0242177 s/step
on time step 45839 (time=2291.95), 0.0242102 s/step
on time step 46005 (time=2300.25), 0.0241872 s/step
on time step 46171 (time=2308.55), 0.0242038 s/step
on time step 46337 (time=2316.85), 0.0242263 s/step
on time step 46502 (time=2325.1), 0.0243552 s/step
on time step 46668 (time=2333.4), 0.0242185 s/step
on time step 46834 (time=2341.7), 0.0241952 s/step
on time step 46999 (time=2349.95), 0.0242573 s/step
on time step 47165 (time=2358.25), 0.024185 s/step
on time step 47331 (time=2366.55), 0.0242023 s/step
on time step 47495 (time=2374.75), 0.0244729 s/step
on time step 47661 (time=2383.05), 0.0241916 s/step
on time step 47827 (time=2391.35), 0.0242312 s/step
on time step 47993 (time=2399.65), 0.0242107 s/step
on time step 48159 (time=2407.95), 0.0242284 s/step
on time step 48325 (time=2416.25), 0.0241996 s/step
on time step 48491 (time=2424.55), 0.0242057 s/step
on time step 48657 (time=2432.85), 0.0242073 s/step
on time step 48823 (time=2441.15), 0.0242049 s/step
on time step 48988 (time=2449.4), 0.0243618 s/step
on time step 49154 (time=2457.7), 0.0242107 s/step
on time step 49320 (time=2466), 0.024192 s/step
on time step 49486 (time=2474.3), 0.0242422 s/step
on time step 49652 (time=2482.6), 0.0241683 s/step
on time step 49818 (time=2490.9), 0.024205 s/step
on time step 49982 (time=2499.1), 0.0244408 s/step
field decay(t = 2503.3): 6.995145102289681e-19 / 1.707998664731462e-17 = 0.04095521411540145
on time step 50147 (time=2507.35), 0.0242439 s/step
on time step 50313 (time=2515.65), 0.0242322 s/step
on time step 50479 (time=2523.95), 0.024197 s/step
on time step 50645 (time=2532.25), 0.0241966 s/step
on time step 50811 (time=2540.55), 0.0241902 s/step
on time step 50977 (time=2548.85), 0.0242219 s/step
on time step 51143 (time=2557.15), 0.0242107 s/step
on time step 51309 (time=2565.45), 0.0242141 s/step
on time step 51474 (time=2573.7), 0.0243542 s/step
on time step 51640 (time=2582), 0.0242109 s/step
on time step 51806 (time=2590.3), 0.0241824 s/step
on time step 51972 (time=2598.6), 0.0242016 s/step
on time step 52138 (time=2606.9), 0.0242053 s/step
on time step 52304 (time=2615.2), 0.0242391 s/step
on time step 52468 (time=2623.4), 0.0244508 s/step
on time step 52633 (time=2631.65), 0.0242469 s/step
on time step 52799 (time=2639.95), 0.0241718 s/step
on time step 52965 (time=2648.25), 0.0241902 s/step
on time step 53131 (time=2656.55), 0.0241966 s/step
on time step 53297 (time=2664.85), 0.0242 s/step
on time step 53463 (time=2673.15), 0.0242195 s/step
on time step 53629 (time=2681.45), 0.0242571 s/step
on time step 53795 (time=2689.75), 0.0241848 s/step
on time step 53959 (time=2697.95), 0.024422 s/step
on time step 54125 (time=2706.25), 0.0242125 s/step
on time step 54291 (time=2714.55), 0.024174 s/step
on time step 54457 (time=2722.85), 0.0242239 s/step
on time step 54623 (time=2731.15), 0.0241762 s/step
on time step 54789 (time=2739.45), 0.024209 s/step
on time step 54953 (time=2747.65), 0.0244321 s/step
on time step 55119 (time=2755.95), 0.0242323 s/step
on time step 55285 (time=2764.25), 0.0242303 s/step
on time step 55451 (time=2772.55), 0.0242049 s/step
on time step 55617 (time=2780.85), 0.0242304 s/step
on time step 55783 (time=2789.15), 0.0242137 s/step
on time step 55949 (time=2797.45), 0.0242184 s/step
on time step 56115 (time=2805.75), 0.0241941 s/step
on time step 56281 (time=2814.05), 0.024188 s/step
on time step 56445 (time=2822.25), 0.024395 s/step
on time step 56611 (time=2830.55), 0.0242207 s/step
on time step 56777 (time=2838.85), 0.024209 s/step
on time step 56943 (time=2847.15), 0.024201 s/step
on time step 57109 (time=2855.45), 0.0242084 s/step
on time step 57275 (time=2863.75), 0.0241947 s/step
on time step 57439 (time=2871.95), 0.0244816 s/step
on time step 57605 (time=2880.25), 0.0241939 s/step
on time step 57771 (time=2888.55), 0.0242015 s/step
on time step 57937 (time=2896.85), 0.0242088 s/step
on time step 58103 (time=2905.15), 0.0242109 s/step
on time step 58269 (time=2913.45), 0.0241762 s/step
on time step 58435 (time=2921.75), 0.024204 s/step
on time step 58601 (time=2930.05), 0.0241869 s/step
on time step 58767 (time=2938.35), 0.0242445 s/step
on time step 58932 (time=2946.6), 0.0243731 s/step
on time step 59098 (time=2954.9), 0.0242018 s/step
on time step 59264 (time=2963.2), 0.0241952 s/step
on time step 59430 (time=2971.5), 0.0241874 s/step
on time step 59596 (time=2979.8), 0.0242366 s/step
on time step 59762 (time=2988.1), 0.0241913 s/step
on time step 59926 (time=2996.3), 0.0244309 s/step
field decay(t = 3003.3500000000004): 7.076869356733537e-20 / 1.707998664731462e-17 = 0.004143369373093854
run 1 finished at t = 3003.3500000000004 (60067 timesteps)
WD: data/2021-12-20/ElongatedCirc_Close2Paper/
AlreadyDir
-----------
Initializing structure...
Splitting into 24 chunks by voxels
time for choose_chunkdivision = 0.00484306 s
Working in 2D dimensions.
Computational cell is 520 x 170 x 0 with resolution 10
     block, center = (0,0,0)
          size (1e+20,1e+20,1e+20)
          axes (1,0,0), (0,1,0), (0,0,1)
          dielectric constant epsilon diagonal = (1.99622,1.99622,1.99622)
     block, center = (0,0,0)
          size (1e+20,125,1e+20)
          axes (1,0,0), (0,1,0), (0,0,1)
          dielectric constant epsilon diagonal = (2.0746,2.0746,2.0746)
     block, center = (0,0,0)
          size (1e+20,8.2,1e+20)
          axes (1,0,0), (0,1,0), (0,0,1)
          dielectric constant epsilon diagonal = (2.08903,2.08903,2.08903)
     block, center = (0,62.5,0)
          size (158.8,141.2,1e+20)
          axes (1,0,0), (0,1,0), (0,0,1)
          dielectric constant epsilon diagonal = (1.99622,1.99622,1.99622)
     cylinder, center = (-79.4,62.5,0)
          radius 70.6, height 1e+20, axis (0, 0, 1)
          dielectric constant epsilon diagonal = (1.99622,1.99622,1.99622)
     cylinder, center = (79.4,62.5,0)
          radius 70.6, height 1e+20, axis (0, 0, 1)
          dielectric constant epsilon diagonal = (1.99622,1.99622,1.99622)
time for set_epsilon = 0.40356 s
-----------
MPB solved for frequency_1(0.4,0,0) = 0.277333 after 75 iters
MPB solved for frequency_1(0.931194,0,0) = 0.644871 after 63 iters
MPB solved for frequency_1(0.931613,0,0) = 0.645161 after 16 iters
MPB solved for frequency_1(0.931613,0,0) = 0.645161 after 1 iters
Meep: using output directory 'data/2021-12-20/ElongatedCirc_Close2Paper/'


Actual Run


on time step 121 (time=6.05), 0.0332128 s/step
on time step 287 (time=14.35), 0.0241269 s/step
on time step 453 (time=22.65), 0.0241824 s/step
on time step 619 (time=30.95), 0.0241078 s/step
on time step 786 (time=39.3), 0.0240951 s/step
on time step 948 (time=47.4), 0.0247126 s/step
on time step 1113 (time=55.65), 0.0243047 s/step
Meep progress: 59.650000000000006/751.5810392164316 = 7.9% done in 30.0s, 348.2s to go
on time step 1279 (time=63.95), 0.0241668 s/step
on time step 1445 (time=72.25), 0.0241712 s/step
on time step 1611 (time=80.55), 0.0242143 s/step
on time step 1777 (time=88.85), 0.0242058 s/step
on time step 1943 (time=97.15), 0.0241298 s/step
on time step 2108 (time=105.4), 0.0243111 s/step
on time step 2274 (time=113.7), 0.0241203 s/step
Meep progress: 121.7/751.5810392164316 = 16.2% done in 60.0s, 310.7s to go
on time step 2440 (time=122), 0.024156 s/step
on time step 2606 (time=130.3), 0.0241642 s/step
on time step 2772 (time=138.6), 0.0241149 s/step
on time step 2938 (time=146.9), 0.0241039 s/step
on time step 3104 (time=155.2), 0.0241255 s/step
on time step 3270 (time=163.5), 0.0241603 s/step
on time step 3436 (time=171.8), 0.0241646 s/step
on time step 3602 (time=180.1), 0.024231 s/step
Meep progress: 183.85000000000002/751.5810392164316 = 24.5% done in 90.1s, 278.1s to go
on time step 3769 (time=188.45), 0.0240475 s/step
on time step 3936 (time=196.8), 0.0240804 s/step
on time step 4102 (time=205.1), 0.0240987 s/step
on time step 4268 (time=213.4), 0.0241478 s/step
on time step 4434 (time=221.7), 0.024147 s/step
on time step 4599 (time=229.95), 0.0243703 s/step
on time step 4766 (time=238.3), 0.0240014 s/step
Meep progress: 246.0/751.5810392164316 = 32.7% done in 120.1s, 246.7s to go
on time step 4932 (time=246.6), 0.0241247 s/step
on time step 5099 (time=254.95), 0.024067 s/step
on time step 5266 (time=263.3), 0.0240921 s/step
on time step 5432 (time=271.6), 0.0241386 s/step
on time step 5598 (time=279.9), 0.0240984 s/step
on time step 5764 (time=288.2), 0.0241663 s/step
on time step 5929 (time=296.45), 0.0242806 s/step
on time step 6092 (time=304.6), 0.0246045 s/step
Meep progress: 307.95000000000005/751.5810392164316 = 41.0% done in 150.1s, 216.2s to go
on time step 6257 (time=312.85), 0.0242824 s/step
on time step 6424 (time=321.2), 0.0240819 s/step
on time step 6591 (time=329.55), 0.02409 s/step
on time step 6757 (time=337.85), 0.0241283 s/step
on time step 6922 (time=346.1), 0.0242541 s/step
on time step 7085 (time=354.25), 0.0246512 s/step
on time step 7250 (time=362.5), 0.0243075 s/step
Meep progress: 369.75/751.5810392164316 = 49.2% done in 180.1s, 185.9s to go
on time step 7415 (time=370.75), 0.0243754 s/step
on time step 7582 (time=379.1), 0.0240577 s/step
on time step 7748 (time=387.4), 0.0241438 s/step
on time step 7913 (time=395.65), 0.0242815 s/step
on time step 8078 (time=403.9), 0.0243425 s/step
on time step 8243 (time=412.15), 0.0243523 s/step
on time step 8408 (time=420.4), 0.0243899 s/step
on time step 8571 (time=428.55), 0.0246406 s/step
Meep progress: 431.5/751.5810392164316 = 57.4% done in 210.1s, 155.8s to go
on time step 8738 (time=436.9), 0.0240767 s/step
on time step 8903 (time=445.15), 0.024248 s/step
on time step 9068 (time=453.4), 0.0243868 s/step
on time step 9232 (time=461.6), 0.0244311 s/step
on time step 9396 (time=469.8), 0.024442 s/step
on time step 9558 (time=477.9), 0.0247743 s/step
on time step 9723 (time=486.15), 0.0243627 s/step
Meep progress: 493.05/751.5810392164316 = 65.6% done in 240.1s, 125.9s to go
on time step 9889 (time=494.45), 0.0241264 s/step
on time step 10054 (time=502.7), 0.0243418 s/step
on time step 10218 (time=510.9), 0.0244734 s/step
on time step 10382 (time=519.1), 0.0244935 s/step
on time step 10546 (time=527.3), 0.024497 s/step
on time step 10710 (time=535.5), 0.0245016 s/step
on time step 10873 (time=543.65), 0.0246572 s/step
on time step 11025 (time=551.25), 0.0264787 s/step
Meep progress: 553.45/751.5810392164316 = 73.6% done in 270.1s, 96.7s to go
on time step 11172 (time=558.6), 0.0272947 s/step
on time step 11318 (time=565.9), 0.0274308 s/step
on time step 11452 (time=572.6), 0.0299639 s/step
on time step 11538 (time=576.9), 0.0468565 s/step
on time step 11678 (time=583.9), 0.0287675 s/step
on time step 11802 (time=590.1), 0.0323443 s/step
on time step 11906 (time=595.3), 0.0388199 s/step
Meep progress: 599.25/751.5810392164316 = 79.7% done in 300.1s, 76.3s to go
on time step 12010 (time=600.5), 0.0386908 s/step
on time step 12126 (time=606.3), 0.0345342 s/step
on time step 12283 (time=614.15), 0.0256049 s/step
on time step 12449 (time=622.45), 0.0241773 s/step
on time step 12615 (time=630.75), 0.0241441 s/step
on time step 12781 (time=639.05), 0.0241402 s/step
on time step 12947 (time=647.35), 0.024156 s/step
on time step 13113 (time=655.65), 0.024145 s/step
Meep progress: 657.6500000000001/751.5810392164316 = 87.5% done in 330.1s, 47.1s to go
on time step 13279 (time=663.95), 0.0241685 s/step
on time step 13445 (time=672.25), 0.0241635 s/step
on time step 13611 (time=680.55), 0.0241821 s/step
on time step 13777 (time=688.85), 0.0241838 s/step
on time step 13943 (time=697.15), 0.0241523 s/step
on time step 14108 (time=705.4), 0.0242746 s/step
on time step 14274 (time=713.7), 0.0241517 s/step
Meep progress: 719.7/751.5810392164316 = 95.8% done in 360.1s, 16.0s to go
on time step 14440 (time=722), 0.0241808 s/step
on time step 14606 (time=730.3), 0.0241641 s/step
on time step 14772 (time=738.6), 0.0241379 s/step
on time step 14938 (time=746.9), 0.0241702 s/step
run 0 finished at t = 751.6 (15032 timesteps)
field decay(t = 751.6): 1.7024315086249433e-09 / 1.7024315086249433e-09 = 1.0
on time step 15104 (time=755.2), 0.024163 s/step
on time step 15270 (time=763.5), 0.0241975 s/step
on time step 15436 (time=771.8), 0.0242066 s/step
on time step 15601 (time=780.05), 0.0243436 s/step
on time step 15767 (time=788.35), 0.0241531 s/step
on time step 15933 (time=796.65), 0.0241758 s/step
on time step 16099 (time=804.95), 0.0241834 s/step
on time step 16265 (time=813.25), 0.0241874 s/step
on time step 16431 (time=821.55), 0.0241842 s/step
on time step 16595 (time=829.75), 0.0244985 s/step
on time step 16761 (time=838.05), 0.0242044 s/step
on time step 16927 (time=846.35), 0.0241935 s/step
on time step 17093 (time=854.65), 0.0241952 s/step
on time step 17259 (time=862.95), 0.0241815 s/step
on time step 17425 (time=871.25), 0.0241602 s/step
on time step 17591 (time=879.55), 0.0242008 s/step
on time step 17757 (time=887.85), 0.0241873 s/step
on time step 17923 (time=896.15), 0.0241762 s/step
on time step 18088 (time=904.4), 0.0243546 s/step
on time step 18254 (time=912.7), 0.0241971 s/step
on time step 18420 (time=921), 0.024172 s/step
on time step 18586 (time=929.3), 0.0241885 s/step
on time step 18752 (time=937.6), 0.0241961 s/step
on time step 18918 (time=945.9), 0.0241876 s/step
on time step 19082 (time=954.1), 0.0244076 s/step
on time step 19248 (time=962.4), 0.0241852 s/step
on time step 19414 (time=970.7), 0.0242025 s/step
on time step 19580 (time=979), 0.0241901 s/step
on time step 19746 (time=987.3), 0.024173 s/step
on time step 19912 (time=995.6), 0.0242009 s/step
on time step 20078 (time=1003.9), 0.0241903 s/step
on time step 20244 (time=1012.2), 0.0241858 s/step
on time step 20410 (time=1020.5), 0.024173 s/step
on time step 20575 (time=1028.75), 0.024336 s/step
on time step 20741 (time=1037.05), 0.0241968 s/step
on time step 20907 (time=1045.35), 0.0242071 s/step
field decay(t = 1051.65): 1.8243561939756966e-08 / 1.8243561939756966e-08 = 1.0
on time step 21073 (time=1053.65), 0.0242093 s/step
on time step 21239 (time=1061.95), 0.0242076 s/step
on time step 21405 (time=1070.25), 0.0242338 s/step
on time step 21569 (time=1078.45), 0.0244364 s/step
on time step 21735 (time=1086.75), 0.024201 s/step
on time step 21901 (time=1095.05), 0.0242048 s/step
on time step 22067 (time=1103.35), 0.0242278 s/step
on time step 22233 (time=1111.65), 0.0241771 s/step
on time step 22399 (time=1119.95), 0.0242183 s/step
on time step 22565 (time=1128.25), 0.0241998 s/step
on time step 22731 (time=1136.55), 0.0241874 s/step
on time step 22897 (time=1144.85), 0.0241901 s/step
on time step 23061 (time=1153.05), 0.0244066 s/step
on time step 23227 (time=1161.35), 0.0241851 s/step
on time step 23393 (time=1169.65), 0.0241983 s/step
on time step 23559 (time=1177.95), 0.0241785 s/step
on time step 23725 (time=1186.25), 0.0241723 s/step
on time step 23891 (time=1194.55), 0.024176 s/step
on time step 24055 (time=1202.75), 0.0244265 s/step
on time step 24221 (time=1211.05), 0.0241945 s/step
on time step 24387 (time=1219.35), 0.0242088 s/step
on time step 24553 (time=1227.65), 0.0241518 s/step
on time step 24719 (time=1235.95), 0.0241862 s/step
on time step 24885 (time=1244.25), 0.0241988 s/step
on time step 25051 (time=1252.55), 0.0241784 s/step
on time step 25217 (time=1260.85), 0.0241899 s/step
on time step 25382 (time=1269.1), 0.0242547 s/step
on time step 25547 (time=1277.35), 0.0243219 s/step
on time step 25713 (time=1285.65), 0.0241888 s/step
on time step 25879 (time=1293.95), 0.0241934 s/step
on time step 26045 (time=1302.25), 0.02418 s/step
on time step 26211 (time=1310.55), 0.0242113 s/step
on time step 26377 (time=1318.85), 0.0242051 s/step
on time step 26541 (time=1327.05), 0.0244478 s/step
on time step 26707 (time=1335.35), 0.0242093 s/step
on time step 26873 (time=1343.65), 0.024204 s/step
field decay(t = 1351.7): 1.7711067803732437e-14 / 1.8243561939756966e-08 = 9.70811942438494e-07
run 1 finished at t = 1351.7 (27034 timesteps)
WD: data/2021-12-20/ElongatedCirc_Close2Paper/
AlreadyDir
-----------
Initializing structure...
Splitting into 24 chunks by voxels
time for choose_chunkdivision = 0.00428037 s
Working in 2D dimensions.
Computational cell is 520 x 170 x 0 with resolution 10
     block, center = (0,0,0)
          size (1e+20,1e+20,1e+20)
          axes (1,0,0), (0,1,0), (0,0,1)
          dielectric constant epsilon diagonal = (1,1,1)
     block, center = (0,0,0)
          size (1e+20,125,1e+20)
          axes (1,0,0), (0,1,0), (0,0,1)
          dielectric constant epsilon diagonal = (2.0746,2.0746,2.0746)
     block, center = (0,0,0)
          size (1e+20,8.2,1e+20)
          axes (1,0,0), (0,1,0), (0,0,1)
          dielectric constant epsilon diagonal = (2.08903,2.08903,2.08903)
time for set_epsilon = 0.360664 s
-----------
MPB solved for frequency_1(0.4,0,0) = 0.277333 after 75 iters
MPB solved for frequency_1(0.931194,0,0) = 0.644871 after 63 iters
MPB solved for frequency_1(0.931613,0,0) = 0.645161 after 16 iters
MPB solved for frequency_1(0.931613,0,0) = 0.645161 after 1 iters
Meep: using output directory 'data/2021-12-20/ElongatedCirc_Close2Paper/'


Normalisation Run


on time step 120 (time=6), 0.0333412 s/step
on time step 287 (time=14.35), 0.0239663 s/step
on time step 454 (time=22.7), 0.0240053 s/step
on time step 622 (time=31.1), 0.0239519 s/step
on time step 787 (time=39.35), 0.0243709 s/step
on time step 952 (time=47.6), 0.0242542 s/step
on time step 1119 (time=55.95), 0.0239569 s/step
Meep progress: 60.0/1503.1620784328632 = 4.0% done in 30.0s, 721.8s to go
on time step 1286 (time=64.3), 0.0239704 s/step
on time step 1453 (time=72.65), 0.0239786 s/step
on time step 1620 (time=81), 0.0239551 s/step
on time step 1787 (time=89.35), 0.0240453 s/step
on time step 1955 (time=97.75), 0.0238786 s/step
on time step 2122 (time=106.1), 0.0239697 s/step
on time step 2289 (time=114.45), 0.0239563 s/step
Meep progress: 122.60000000000001/1503.1620784328632 = 8.2% done in 60.0s, 675.9s to go
on time step 2456 (time=122.8), 0.0239773 s/step
on time step 2624 (time=131.2), 0.0239365 s/step
on time step 2792 (time=139.6), 0.0239419 s/step
on time step 2960 (time=148), 0.0239348 s/step
on time step 3127 (time=156.35), 0.0239545 s/step
on time step 3294 (time=164.7), 0.0240219 s/step
on time step 3462 (time=173.1), 0.0238976 s/step
on time step 3630 (time=181.5), 0.023929 s/step
Meep progress: 185.25/1503.1620784328632 = 12.3% done in 90.0s, 640.5s to go
on time step 3798 (time=189.9), 0.0239262 s/step
on time step 3965 (time=198.25), 0.0240173 s/step
on time step 4132 (time=206.6), 0.0240007 s/step
on time step 4298 (time=214.9), 0.0241662 s/step
on time step 4466 (time=223.3), 0.0239057 s/step
on time step 4634 (time=231.7), 0.0239273 s/step
on time step 4802 (time=240.1), 0.0239378 s/step
Meep progress: 247.8/1503.1620784328632 = 16.5% done in 120.0s, 608.1s to go
on time step 4969 (time=248.45), 0.023965 s/step
on time step 5136 (time=256.8), 0.023968 s/step
on time step 5304 (time=265.2), 0.0239012 s/step
on time step 5472 (time=273.6), 0.0238408 s/step
on time step 5640 (time=282), 0.0238923 s/step
on time step 5808 (time=290.4), 0.0239071 s/step
on time step 5976 (time=298.8), 0.0238935 s/step
on time step 6144 (time=307.2), 0.0238677 s/step
Meep progress: 310.6/1503.1620784328632 = 20.7% done in 150.1s, 576.1s to go
on time step 6312 (time=315.6), 0.0238789 s/step
on time step 6480 (time=324), 0.0238922 s/step
on time step 6648 (time=332.4), 0.023915 s/step
on time step 6815 (time=340.75), 0.0240313 s/step
on time step 6983 (time=349.15), 0.0238791 s/step
on time step 7151 (time=357.55), 0.0239139 s/step
on time step 7319 (time=365.95), 0.0239286 s/step
Meep progress: 373.3/1503.1620784328632 = 24.8% done in 180.1s, 545.0s to go
on time step 7487 (time=374.35), 0.0238908 s/step
on time step 7655 (time=382.75), 0.0238808 s/step
on time step 7823 (time=391.15), 0.0238751 s/step
on time step 7991 (time=399.55), 0.0239348 s/step
on time step 8159 (time=407.95), 0.0239099 s/step
on time step 8327 (time=416.35), 0.023919 s/step
on time step 8495 (time=424.75), 0.0239095 s/step
on time step 8662 (time=433.1), 0.0239978 s/step
Meep progress: 436.0/1503.1620784328632 = 29.0% done in 210.1s, 514.2s to go
on time step 8826 (time=441.3), 0.0244005 s/step
on time step 8988 (time=449.4), 0.024761 s/step
on time step 9147 (time=457.35), 0.0251888 s/step
on time step 9293 (time=464.65), 0.0274185 s/step
on time step 9446 (time=472.3), 0.0262425 s/step
on time step 9609 (time=480.45), 0.0245672 s/step
on time step 9772 (time=488.6), 0.0245612 s/step
Meep progress: 495.5/1503.1620784328632 = 33.0% done in 240.1s, 488.3s to go
on time step 9936 (time=496.8), 0.0244463 s/step
on time step 10098 (time=504.9), 0.0247947 s/step
on time step 10224 (time=511.2), 0.0318673 s/step
on time step 10391 (time=519.55), 0.0239958 s/step
on time step 10558 (time=527.9), 0.0239883 s/step
on time step 10726 (time=536.3), 0.0239232 s/step
on time step 10893 (time=544.65), 0.0240118 s/step
on time step 11060 (time=553), 0.0240051 s/step
Meep progress: 555.7/1503.1620784328632 = 37.0% done in 270.1s, 460.5s to go
on time step 11227 (time=561.35), 0.0239804 s/step
on time step 11394 (time=569.7), 0.0239907 s/step
on time step 11561 (time=578.05), 0.0239716 s/step
on time step 11728 (time=586.4), 0.0240149 s/step
on time step 11895 (time=594.75), 0.023975 s/step
on time step 12062 (time=603.1), 0.0240011 s/step
on time step 12229 (time=611.45), 0.0239794 s/step
Meep progress: 618.25/1503.1620784328632 = 41.1% done in 300.1s, 429.6s to go
on time step 12396 (time=619.8), 0.0239525 s/step
on time step 12563 (time=628.15), 0.0239627 s/step
on time step 12730 (time=636.5), 0.0240305 s/step
on time step 12897 (time=644.85), 0.0239643 s/step
on time step 13064 (time=653.2), 0.0239754 s/step
on time step 13232 (time=661.6), 0.0239503 s/step
on time step 13399 (time=669.95), 0.0239607 s/step
on time step 13566 (time=678.3), 0.0240133 s/step
Meep progress: 680.8000000000001/1503.1620784328632 = 45.3% done in 330.1s, 398.8s to go
on time step 13733 (time=686.65), 0.0240025 s/step
on time step 13900 (time=695), 0.023973 s/step
on time step 14067 (time=703.35), 0.0240213 s/step
on time step 14234 (time=711.7), 0.0239864 s/step
on time step 14401 (time=720.05), 0.0239683 s/step
on time step 14568 (time=728.4), 0.0239767 s/step
on time step 14735 (time=736.75), 0.0239863 s/step
Meep progress: 743.35/1503.1620784328632 = 49.5% done in 360.1s, 368.1s to go
on time step 14902 (time=745.1), 0.0239848 s/step
on time step 15069 (time=753.45), 0.0239948 s/step
on time step 15236 (time=761.8), 0.0239615 s/step
on time step 15403 (time=770.15), 0.0240066 s/step
on time step 15570 (time=778.5), 0.0239733 s/step
on time step 15738 (time=786.9), 0.0239506 s/step
on time step 15905 (time=795.25), 0.0239643 s/step
on time step 16072 (time=803.6), 0.023962 s/step
Meep progress: 805.95/1503.1620784328632 = 53.6% done in 390.2s, 337.5s to go
on time step 16239 (time=811.95), 0.0239709 s/step
on time step 16406 (time=820.3), 0.0239929 s/step
on time step 16573 (time=828.65), 0.0239667 s/step
on time step 16740 (time=837), 0.0240163 s/step
on time step 16907 (time=845.35), 0.0239763 s/step
on time step 17074 (time=853.7), 0.0240145 s/step
on time step 17241 (time=862.05), 0.0239703 s/step
Meep progress: 868.5/1503.1620784328632 = 57.8% done in 420.2s, 307.0s to go
on time step 17408 (time=870.4), 0.0239699 s/step
on time step 17575 (time=878.75), 0.0239781 s/step
on time step 17742 (time=887.1), 0.0239806 s/step
on time step 17909 (time=895.45), 0.0239806 s/step
on time step 18076 (time=903.8), 0.0239692 s/step
on time step 18244 (time=912.2), 0.0239099 s/step
on time step 18412 (time=920.6), 0.023932 s/step
on time step 18580 (time=929), 0.0239469 s/step
Meep progress: 931.1/1503.1620784328632 = 61.9% done in 450.2s, 276.6s to go
on time step 18747 (time=937.35), 0.0239897 s/step
on time step 18914 (time=945.7), 0.0239751 s/step
on time step 19081 (time=954.05), 0.0239784 s/step
on time step 19248 (time=962.4), 0.0240056 s/step
on time step 19415 (time=970.75), 0.0239599 s/step
on time step 19582 (time=979.1), 0.0239704 s/step
on time step 19749 (time=987.45), 0.0239751 s/step
Meep progress: 993.6500000000001/1503.1620784328632 = 66.1% done in 480.2s, 246.2s to go
on time step 19916 (time=995.8), 0.0239652 s/step
on time step 20083 (time=1004.15), 0.0239663 s/step
on time step 20250 (time=1012.5), 0.0239795 s/step
on time step 20417 (time=1020.85), 0.0239592 s/step
on time step 20584 (time=1029.2), 0.023958 s/step
on time step 20752 (time=1037.6), 0.0239189 s/step
on time step 20919 (time=1045.95), 0.0239582 s/step
on time step 21086 (time=1054.3), 0.0239567 s/step
Meep progress: 1056.25/1503.1620784328632 = 70.3% done in 510.2s, 215.9s to go
on time step 21253 (time=1062.65), 0.0239899 s/step
on time step 21420 (time=1071), 0.0239835 s/step
on time step 21587 (time=1079.35), 0.0239622 s/step
on time step 21754 (time=1087.7), 0.0239651 s/step
on time step 21921 (time=1096.05), 0.0239574 s/step
on time step 22089 (time=1104.45), 0.0239452 s/step
on time step 22257 (time=1112.85), 0.0239462 s/step
Meep progress: 1118.8500000000001/1503.1620784328632 = 74.4% done in 540.2s, 185.5s to go
on time step 22424 (time=1121.2), 0.0239591 s/step
on time step 22591 (time=1129.55), 0.023969 s/step
on time step 22758 (time=1137.9), 0.0239651 s/step
on time step 22926 (time=1146.3), 0.023949 s/step
on time step 23093 (time=1154.65), 0.0239725 s/step
on time step 23261 (time=1163.05), 0.0239471 s/step
on time step 23428 (time=1171.4), 0.0239694 s/step
on time step 23595 (time=1179.75), 0.0239704 s/step
Meep progress: 1181.45/1503.1620784328632 = 78.6% done in 570.2s, 155.3s to go
on time step 23762 (time=1188.1), 0.023974 s/step
on time step 23929 (time=1196.45), 0.0239637 s/step
on time step 24096 (time=1204.8), 0.0239576 s/step
on time step 24263 (time=1213.15), 0.0239877 s/step
on time step 24430 (time=1221.5), 0.0239654 s/step
on time step 24597 (time=1229.85), 0.0239822 s/step
on time step 24764 (time=1238.2), 0.0239638 s/step
Meep progress: 1244.0500000000002/1503.1620784328632 = 82.8% done in 600.2s, 125.0s to go
on time step 24931 (time=1246.55), 0.0239724 s/step
on time step 25098 (time=1254.9), 0.0239794 s/step
on time step 25265 (time=1263.25), 0.0239807 s/step
on time step 25432 (time=1271.6), 0.023983 s/step
on time step 25599 (time=1279.95), 0.0239709 s/step
on time step 25766 (time=1288.3), 0.0239893 s/step
on time step 25933 (time=1296.65), 0.0239783 s/step
on time step 26100 (time=1305), 0.0239773 s/step
Meep progress: 1306.6000000000001/1503.1620784328632 = 86.9% done in 630.2s, 94.8s to go
on time step 26267 (time=1313.35), 0.0239615 s/step
on time step 26434 (time=1321.7), 0.0239724 s/step
on time step 26601 (time=1330.05), 0.0239863 s/step
on time step 26768 (time=1338.4), 0.0240157 s/step
on time step 26935 (time=1346.75), 0.0239788 s/step
on time step 27102 (time=1355.1), 0.0240173 s/step
on time step 27270 (time=1363.5), 0.0239409 s/step
Meep progress: 1369.15/1503.1620784328632 = 91.1% done in 660.2s, 64.6s to go
on time step 27437 (time=1371.85), 0.0239574 s/step
on time step 27604 (time=1380.2), 0.023989 s/step
on time step 27771 (time=1388.55), 0.0239916 s/step
on time step 27938 (time=1396.9), 0.0240269 s/step
on time step 28105 (time=1405.25), 0.0239866 s/step
on time step 28273 (time=1413.65), 0.023928 s/step
on time step 28440 (time=1422), 0.0239711 s/step
on time step 28607 (time=1430.35), 0.0239884 s/step
Meep progress: 1431.7/1503.1620784328632 = 95.2% done in 690.2s, 34.5s to go
on time step 28774 (time=1438.7), 0.0239938 s/step
on time step 28941 (time=1447.05), 0.0240012 s/step
on time step 29108 (time=1455.4), 0.0239996 s/step
on time step 29275 (time=1463.75), 0.0239935 s/step
on time step 29442 (time=1472.1), 0.0239663 s/step
on time step 29609 (time=1480.45), 0.0240015 s/step
on time step 29776 (time=1488.8), 0.0239885 s/step
Meep progress: 1494.25/1503.1620784328632 = 99.4% done in 720.3s, 4.3s to go
on time step 29943 (time=1497.15), 0.0240053 s/step
run 0 finished at t = 1503.2 (30064 timesteps)
field decay(t = 1503.2): 1.3798448914019463e-18 / 1.3798448914019463e-18 = 1.0
on time step 30110 (time=1505.5), 0.0239684 s/step
on time step 30277 (time=1513.85), 0.0240045 s/step
on time step 30444 (time=1522.2), 0.0239724 s/step
on time step 30611 (time=1530.55), 0.0240068 s/step
on time step 30778 (time=1538.9), 0.0239919 s/step
on time step 30945 (time=1547.25), 0.0239994 s/step
on time step 31112 (time=1555.6), 0.0239946 s/step
on time step 31279 (time=1563.95), 0.0239968 s/step
on time step 31446 (time=1572.3), 0.0240022 s/step
on time step 31613 (time=1580.65), 0.0239766 s/step
on time step 31779 (time=1588.95), 0.0241394 s/step
on time step 31946 (time=1597.3), 0.0239858 s/step
on time step 32113 (time=1605.65), 0.0240072 s/step
on time step 32280 (time=1614), 0.0239881 s/step
on time step 32447 (time=1622.35), 0.0239733 s/step
on time step 32614 (time=1630.7), 0.0239934 s/step
on time step 32781 (time=1639.05), 0.0239613 s/step
on time step 32948 (time=1647.4), 0.0240075 s/step
on time step 33115 (time=1655.75), 0.023992 s/step
on time step 33282 (time=1664.1), 0.0240099 s/step
on time step 33449 (time=1672.45), 0.0239871 s/step
on time step 33616 (time=1680.8), 0.0239974 s/step
on time step 33783 (time=1689.15), 0.0239734 s/step
on time step 33950 (time=1697.5), 0.0239864 s/step
on time step 34117 (time=1705.85), 0.0239902 s/step
on time step 34283 (time=1714.15), 0.0241306 s/step
on time step 34450 (time=1722.5), 0.0240365 s/step
on time step 34617 (time=1730.85), 0.0240214 s/step
on time step 34784 (time=1739.2), 0.0239707 s/step
on time step 34951 (time=1747.55), 0.0240008 s/step
on time step 35118 (time=1755.9), 0.0239982 s/step
on time step 35285 (time=1764.25), 0.0239904 s/step
on time step 35452 (time=1772.6), 0.0239721 s/step
on time step 35619 (time=1780.95), 0.0240388 s/step
on time step 35786 (time=1789.3), 0.0239867 s/step
on time step 35953 (time=1797.65), 0.0240044 s/step
on time step 36120 (time=1806), 0.0240027 s/step
on time step 36287 (time=1814.35), 0.0239946 s/step
on time step 36454 (time=1822.7), 0.0239721 s/step
on time step 36621 (time=1831.05), 0.0239994 s/step
on time step 36787 (time=1839.35), 0.0241123 s/step
on time step 36954 (time=1847.7), 0.0239999 s/step
on time step 37121 (time=1856.05), 0.024008 s/step
on time step 37288 (time=1864.4), 0.0240049 s/step
on time step 37455 (time=1872.75), 0.0240122 s/step
on time step 37622 (time=1881.1), 0.0239967 s/step
on time step 37789 (time=1889.45), 0.0239878 s/step
on time step 37956 (time=1897.8), 0.0239775 s/step
on time step 38123 (time=1906.15), 0.0239973 s/step
on time step 38290 (time=1914.5), 0.0239908 s/step
on time step 38457 (time=1922.85), 0.0239967 s/step
on time step 38624 (time=1931.2), 0.0240061 s/step
on time step 38791 (time=1939.55), 0.0240012 s/step
on time step 38958 (time=1947.9), 0.0239794 s/step
on time step 39125 (time=1956.25), 0.0239759 s/step
on time step 39292 (time=1964.6), 0.0240786 s/step
on time step 39459 (time=1972.95), 0.0239765 s/step
on time step 39626 (time=1981.3), 0.023982 s/step
on time step 39793 (time=1989.65), 0.023994 s/step
on time step 39960 (time=1998), 0.0239857 s/step
field decay(t = 2003.25): 2.4213874683767152e-17 / 2.4213874683767152e-17 = 1.0
on time step 40127 (time=2006.35), 0.0239856 s/step
on time step 40294 (time=2014.7), 0.0239639 s/step
on time step 40461 (time=2023.05), 0.0239898 s/step
on time step 40628 (time=2031.4), 0.0239946 s/step
on time step 40795 (time=2039.75), 0.023998 s/step
on time step 40962 (time=2048.1), 0.0239965 s/step
on time step 41129 (time=2056.45), 0.0239832 s/step
on time step 41296 (time=2064.8), 0.0239764 s/step
on time step 41463 (time=2073.15), 0.0239985 s/step
on time step 41630 (time=2081.5), 0.0239672 s/step
on time step 41796 (time=2089.8), 0.0241073 s/step
on time step 41963 (time=2098.15), 0.0239788 s/step
on time step 42130 (time=2106.5), 0.0239694 s/step
on time step 42297 (time=2114.85), 0.0239915 s/step
on time step 42464 (time=2123.2), 0.0239671 s/step
on time step 42631 (time=2131.55), 0.0239846 s/step
on time step 42798 (time=2139.9), 0.0240009 s/step
on time step 42965 (time=2148.25), 0.023977 s/step
on time step 43132 (time=2156.6), 0.0239777 s/step
on time step 43299 (time=2164.95), 0.0239938 s/step
on time step 43466 (time=2173.3), 0.0239821 s/step
on time step 43633 (time=2181.65), 0.0239798 s/step
on time step 43800 (time=2190), 0.0239907 s/step
on time step 43967 (time=2198.35), 0.0239865 s/step
on time step 44134 (time=2206.7), 0.0240223 s/step
on time step 44300 (time=2215), 0.0241137 s/step
on time step 44467 (time=2223.35), 0.0240155 s/step
on time step 44634 (time=2231.7), 0.0239997 s/step
on time step 44801 (time=2240.05), 0.0239785 s/step
on time step 44968 (time=2248.4), 0.0240071 s/step
on time step 45135 (time=2256.75), 0.0240054 s/step
on time step 45302 (time=2265.1), 0.0239756 s/step
on time step 45469 (time=2273.45), 0.0239971 s/step
on time step 45636 (time=2281.8), 0.0239786 s/step
on time step 45803 (time=2290.15), 0.0239997 s/step
on time step 45970 (time=2298.5), 0.0239742 s/step
on time step 46137 (time=2306.85), 0.0239895 s/step
on time step 46304 (time=2315.2), 0.0239942 s/step
on time step 46471 (time=2323.55), 0.0240049 s/step
on time step 46638 (time=2331.9), 0.0239776 s/step
on time step 46804 (time=2340.2), 0.0241154 s/step
on time step 46971 (time=2348.55), 0.0239954 s/step
on time step 47138 (time=2356.9), 0.0240189 s/step
on time step 47305 (time=2365.25), 0.0240111 s/step
on time step 47472 (time=2373.6), 0.0240191 s/step
on time step 47639 (time=2381.95), 0.0240261 s/step
on time step 47806 (time=2390.3), 0.0239989 s/step
on time step 47973 (time=2398.65), 0.0240104 s/step
on time step 48140 (time=2407), 0.0240488 s/step
on time step 48307 (time=2415.35), 0.0239963 s/step
on time step 48474 (time=2423.7), 0.0240043 s/step
on time step 48641 (time=2432.05), 0.0240109 s/step
on time step 48808 (time=2440.4), 0.0240031 s/step
on time step 48975 (time=2448.75), 0.0240024 s/step
on time step 49142 (time=2457.1), 0.0239829 s/step
on time step 49308 (time=2465.4), 0.0241305 s/step
on time step 49475 (time=2473.75), 0.0239918 s/step
on time step 49642 (time=2482.1), 0.023974 s/step
on time step 49809 (time=2490.45), 0.0240065 s/step
on time step 49976 (time=2498.8), 0.024 s/step
field decay(t = 2503.3): 6.957808770950371e-19 / 2.4213874683767152e-17 = 0.02873480127331644
on time step 50143 (time=2507.15), 0.0240089 s/step
on time step 50310 (time=2515.5), 0.0239727 s/step
on time step 50477 (time=2523.85), 0.0239538 s/step
on time step 50644 (time=2532.2), 0.0240662 s/step
on time step 50811 (time=2540.55), 0.0239992 s/step
on time step 50978 (time=2548.9), 0.0240256 s/step
on time step 51145 (time=2557.25), 0.0239828 s/step
on time step 51312 (time=2565.6), 0.0239836 s/step
on time step 51479 (time=2573.95), 0.0239765 s/step
on time step 51646 (time=2582.3), 0.0239728 s/step
on time step 51812 (time=2590.6), 0.0240998 s/step
on time step 51979 (time=2598.95), 0.0239866 s/step
on time step 52146 (time=2607.3), 0.0240042 s/step
on time step 52313 (time=2615.65), 0.0239974 s/step
on time step 52480 (time=2624), 0.0239755 s/step
on time step 52647 (time=2632.35), 0.0239987 s/step
on time step 52814 (time=2640.7), 0.0239747 s/step
on time step 52981 (time=2649.05), 0.0240032 s/step
on time step 53148 (time=2657.4), 0.0239897 s/step
on time step 53315 (time=2665.75), 0.0240213 s/step
on time step 53482 (time=2674.1), 0.0239838 s/step
on time step 53649 (time=2682.45), 0.0239749 s/step
on time step 53816 (time=2690.8), 0.0239968 s/step
on time step 53983 (time=2699.15), 0.0239929 s/step
on time step 54150 (time=2707.5), 0.024003 s/step
on time step 54317 (time=2715.85), 0.0240811 s/step
on time step 54484 (time=2724.2), 0.023998 s/step
on time step 54651 (time=2732.55), 0.0239905 s/step
on time step 54818 (time=2740.9), 0.0239844 s/step
on time step 54985 (time=2749.25), 0.0239902 s/step
on time step 55152 (time=2757.6), 0.0239914 s/step
on time step 55319 (time=2765.95), 0.0239661 s/step
on time step 55486 (time=2774.3), 0.0239698 s/step
on time step 55653 (time=2782.65), 0.0239827 s/step
on time step 55820 (time=2791), 0.0240067 s/step
on time step 55987 (time=2799.35), 0.0239597 s/step
on time step 56154 (time=2807.7), 0.0239895 s/step
on time step 56321 (time=2816.05), 0.0239877 s/step
on time step 56488 (time=2824.4), 0.0240012 s/step
on time step 56655 (time=2832.75), 0.0239896 s/step
on time step 56821 (time=2841.05), 0.0241202 s/step
on time step 56988 (time=2849.4), 0.0239786 s/step
on time step 57155 (time=2857.75), 0.0239942 s/step
on time step 57322 (time=2866.1), 0.0240024 s/step
on time step 57489 (time=2874.45), 0.023981 s/step
on time step 57656 (time=2882.8), 0.0240069 s/step
on time step 57823 (time=2891.15), 0.0239686 s/step
on time step 57990 (time=2899.5), 0.0239814 s/step
on time step 58157 (time=2907.85), 0.0240116 s/step
on time step 58324 (time=2916.2), 0.0240134 s/step
on time step 58491 (time=2924.55), 0.0239919 s/step
on time step 58658 (time=2932.9), 0.0239728 s/step
on time step 58825 (time=2941.25), 0.0239898 s/step
on time step 58992 (time=2949.6), 0.0239837 s/step
on time step 59159 (time=2957.95), 0.023994 s/step
on time step 59325 (time=2966.25), 0.0241464 s/step
on time step 59492 (time=2974.6), 0.0240068 s/step
on time step 59659 (time=2982.95), 0.0239842 s/step
on time step 59826 (time=2991.3), 0.0239966 s/step
on time step 59993 (time=2999.65), 0.0240093 s/step
field decay(t = 3003.3500000000004): 7.256191758592812e-20 / 2.4213874683767152e-17 = 0.002996708231688885
run 1 finished at t = 3003.3500000000004 (60067 timesteps)
WD: data/2021-12-20/ElongatedCirc_Close2Paper/
AlreadyDir
-----------
Initializing structure...
Splitting into 24 chunks by voxels
time for choose_chunkdivision = 0.00478412 s
Working in 2D dimensions.
Computational cell is 520 x 170 x 0 with resolution 10
     block, center = (0,0,0)
          size (1e+20,1e+20,1e+20)
          axes (1,0,0), (0,1,0), (0,0,1)
          dielectric constant epsilon diagonal = (1,1,1)
     block, center = (0,0,0)
          size (1e+20,125,1e+20)
          axes (1,0,0), (0,1,0), (0,0,1)
          dielectric constant epsilon diagonal = (2.0746,2.0746,2.0746)
     block, center = (0,0,0)
          size (1e+20,8.2,1e+20)
          axes (1,0,0), (0,1,0), (0,0,1)
          dielectric constant epsilon diagonal = (2.08903,2.08903,2.08903)
     block, center = (0,62.5,0)
          size (158.8,141.2,1e+20)
          axes (1,0,0), (0,1,0), (0,0,1)
          dielectric constant epsilon diagonal = (1,1,1)
     cylinder, center = (-79.4,62.5,0)
          radius 70.6, height 1e+20, axis (0, 0, 1)
          dielectric constant epsilon diagonal = (1,1,1)
     cylinder, center = (79.4,62.5,0)
          radius 70.6, height 1e+20, axis (0, 0, 1)
          dielectric constant epsilon diagonal = (1,1,1)
time for set_epsilon = 0.393332 s
-----------
MPB solved for frequency_1(0.4,0,0) = 0.277333 after 75 iters
MPB solved for frequency_1(0.931194,0,0) = 0.644871 after 63 iters
MPB solved for frequency_1(0.931613,0,0) = 0.645161 after 16 iters
MPB solved for frequency_1(0.931613,0,0) = 0.645161 after 1 iters
Meep: using output directory 'data/2021-12-20/ElongatedCirc_Close2Paper/'


Actual Run


on time step 124 (time=6.2), 0.0323626 s/step
on time step 294 (time=14.7), 0.0235932 s/step
on time step 464 (time=23.2), 0.0236199 s/step
on time step 634 (time=31.7), 0.0235539 s/step
on time step 802 (time=40.1), 0.023833 s/step
on time step 970 (time=48.5), 0.0238511 s/step
on time step 1140 (time=57), 0.0236297 s/step
Meep progress: 61.1/751.5810392164316 = 8.1% done in 30.0s, 339.2s to go
on time step 1310 (time=65.5), 0.0236353 s/step
on time step 1480 (time=74), 0.0235964 s/step
on time step 1650 (time=82.5), 0.0236577 s/step
on time step 1820 (time=91), 0.0235758 s/step
on time step 1991 (time=99.55), 0.0235053 s/step
on time step 2161 (time=108.05), 0.0236068 s/step
on time step 2332 (time=116.6), 0.0235225 s/step
Meep progress: 124.75/751.5810392164316 = 16.6% done in 60.0s, 301.6s to go
on time step 2503 (time=125.15), 0.0234811 s/step
on time step 2674 (time=133.7), 0.0234433 s/step
on time step 2845 (time=142.25), 0.0234723 s/step
on time step 3015 (time=150.75), 0.0235311 s/step
on time step 3186 (time=159.3), 0.0234886 s/step
on time step 3357 (time=167.85), 0.0234689 s/step
on time step 3528 (time=176.4), 0.0234694 s/step
on time step 3699 (time=184.95), 0.0234965 s/step
Meep progress: 188.65/751.5810392164316 = 25.1% done in 90.0s, 268.7s to go
on time step 3870 (time=193.5), 0.023496 s/step
on time step 4041 (time=202.05), 0.0234544 s/step
on time step 4210 (time=210.5), 0.0237432 s/step
on time step 4381 (time=219.05), 0.0234911 s/step
on time step 4552 (time=227.6), 0.0235087 s/step
on time step 4723 (time=236.15), 0.0234895 s/step
on time step 4893 (time=244.65), 0.0235318 s/step
Meep progress: 252.4/751.5810392164316 = 33.6% done in 120.1s, 237.4s to go
on time step 5063 (time=253.15), 0.0235352 s/step
on time step 5234 (time=261.7), 0.0234814 s/step
on time step 5405 (time=270.25), 0.0234969 s/step
on time step 5575 (time=278.75), 0.0235702 s/step
on time step 5745 (time=287.25), 0.0236551 s/step
on time step 5915 (time=295.75), 0.0235785 s/step
on time step 6086 (time=304.3), 0.0234996 s/step
on time step 6256 (time=312.8), 0.0235761 s/step
Meep progress: 316.1/751.5810392164316 = 42.1% done in 150.1s, 206.8s to go
on time step 6425 (time=321.25), 0.0237789 s/step
on time step 6594 (time=329.7), 0.0237625 s/step
on time step 6761 (time=338.05), 0.0240591 s/step
on time step 6932 (time=346.6), 0.0234932 s/step
on time step 7103 (time=355.15), 0.0235062 s/step
on time step 7273 (time=363.65), 0.0235803 s/step
on time step 7443 (time=372.15), 0.0235643 s/step
Meep progress: 379.5/751.5810392164316 = 50.5% done in 180.1s, 176.6s to go
on time step 7613 (time=380.65), 0.023581 s/step
on time step 7784 (time=389.2), 0.0235078 s/step
on time step 7954 (time=397.7), 0.023537 s/step
on time step 8124 (time=406.2), 0.0236177 s/step
on time step 8293 (time=414.65), 0.0237478 s/step
on time step 8463 (time=423.15), 0.0236387 s/step
on time step 8628 (time=431.4), 0.0242435 s/step
on time step 8793 (time=439.65), 0.024348 s/step
Meep progress: 442.45000000000005/751.5810392164316 = 58.9% done in 210.1s, 146.8s to go
on time step 8953 (time=447.65), 0.0251162 s/step
on time step 9103 (time=455.15), 0.0268439 s/step
on time step 9240 (time=462), 0.0293724 s/step
on time step 9381 (time=469.05), 0.0284418 s/step
on time step 9542 (time=477.1), 0.0249528 s/step
on time step 9648 (time=482.4), 0.0377977 s/step
on time step 9777 (time=488.85), 0.031066 s/step
Meep progress: 495.35/751.5810392164316 = 65.9% done in 240.1s, 124.2s to go
on time step 9936 (time=496.8), 0.0251859 s/step
on time step 10096 (time=504.8), 0.0251283 s/step
on time step 10262 (time=513.1), 0.0241041 s/step
on time step 10432 (time=521.6), 0.0235892 s/step
on time step 10602 (time=530.1), 0.0235724 s/step
on time step 10772 (time=538.6), 0.0236222 s/step
on time step 10942 (time=547.1), 0.0235849 s/step
on time step 11112 (time=555.6), 0.0236419 s/step
Meep progress: 558.1/751.5810392164316 = 74.3% done in 270.1s, 93.6s to go
on time step 11282 (time=564.1), 0.0236127 s/step
on time step 11452 (time=572.6), 0.0236119 s/step
on time step 11622 (time=581.1), 0.0236476 s/step
on time step 11792 (time=589.6), 0.0235975 s/step
on time step 11962 (time=598.1), 0.0235931 s/step
on time step 12132 (time=606.6), 0.0235891 s/step
on time step 12302 (time=615.1), 0.0235979 s/step
Meep progress: 621.6500000000001/751.5810392164316 = 82.7% done in 300.1s, 62.7s to go
on time step 12472 (time=623.6), 0.023593 s/step
on time step 12642 (time=632.1), 0.0236278 s/step
on time step 12812 (time=640.6), 0.023631 s/step
on time step 12982 (time=649.1), 0.0236373 s/step
on time step 13152 (time=657.6), 0.0235938 s/step
on time step 13322 (time=666.1), 0.0236078 s/step
on time step 13492 (time=674.6), 0.0236141 s/step
on time step 13662 (time=683.1), 0.0235951 s/step
Meep progress: 685.2/751.5810392164316 = 91.2% done in 330.1s, 32.0s to go
on time step 13832 (time=691.6), 0.0235821 s/step
on time step 14002 (time=700.1), 0.0235986 s/step
on time step 14172 (time=708.6), 0.0235961 s/step
on time step 14342 (time=717.1), 0.0236311 s/step
on time step 14512 (time=725.6), 0.0236059 s/step
on time step 14682 (time=734.1), 0.0236165 s/step
on time step 14852 (time=742.6), 0.0235813 s/step
Meep progress: 748.75/751.5810392164316 = 99.6% done in 360.1s, 1.4s to go
on time step 15022 (time=751.1), 0.0235918 s/step
run 0 finished at t = 751.6 (15032 timesteps)
field decay(t = 751.6): 1.2218822363031125e-10 / 1.2218822363031125e-10 = 1.0
on time step 15192 (time=759.6), 0.0236291 s/step
on time step 15362 (time=768.1), 0.0236235 s/step
on time step 15532 (time=776.6), 0.023651 s/step
on time step 15702 (time=785.1), 0.0236336 s/step
on time step 15872 (time=793.6), 0.0236217 s/step
on time step 16042 (time=802.1), 0.0236311 s/step
on time step 16212 (time=810.6), 0.0236156 s/step
on time step 16382 (time=819.1), 0.0236165 s/step
on time step 16552 (time=827.6), 0.0236288 s/step
on time step 16721 (time=836.05), 0.0237704 s/step
on time step 16891 (time=844.55), 0.0236277 s/step
on time step 17061 (time=853.05), 0.0235987 s/step
on time step 17231 (time=861.55), 0.0236022 s/step
on time step 17401 (time=870.05), 0.0236196 s/step
on time step 17571 (time=878.55), 0.023599 s/step
on time step 17741 (time=887.05), 0.0236482 s/step
on time step 17911 (time=895.55), 0.0236117 s/step
on time step 18081 (time=904.05), 0.0236565 s/step
on time step 18251 (time=912.55), 0.0236575 s/step
on time step 18421 (time=921.05), 0.0236475 s/step
on time step 18591 (time=929.55), 0.0236442 s/step
on time step 18761 (time=938.05), 0.0236547 s/step
on time step 18931 (time=946.55), 0.0236349 s/step
on time step 19101 (time=955.05), 0.0236102 s/step
on time step 19270 (time=963.5), 0.023749 s/step
on time step 19440 (time=972), 0.0236122 s/step
on time step 19610 (time=980.5), 0.0236406 s/step
on time step 19780 (time=989), 0.0236184 s/step
on time step 19950 (time=997.5), 0.0236463 s/step
on time step 20120 (time=1006), 0.0236247 s/step
on time step 20290 (time=1014.5), 0.0236077 s/step
on time step 20460 (time=1023), 0.0236445 s/step
on time step 20630 (time=1031.5), 0.0236442 s/step
on time step 20800 (time=1040), 0.0236569 s/step
on time step 20970 (time=1048.5), 0.0236409 s/step
field decay(t = 1051.65): 2.64363489269648e-07 / 2.64363489269648e-07 = 1.0
on time step 21140 (time=1057), 0.0236408 s/step
on time step 21310 (time=1065.5), 0.0236183 s/step
on time step 21480 (time=1074), 0.0236572 s/step
on time step 21650 (time=1082.5), 0.0236365 s/step
on time step 21819 (time=1090.95), 0.0237346 s/step
on time step 21989 (time=1099.45), 0.0236315 s/step
on time step 22159 (time=1107.95), 0.0236199 s/step
on time step 22329 (time=1116.45), 0.0236377 s/step
on time step 22499 (time=1124.95), 0.0236287 s/step
on time step 22669 (time=1133.45), 0.0236218 s/step
on time step 22839 (time=1141.95), 0.0235966 s/step
on time step 23009 (time=1150.45), 0.0236586 s/step
on time step 23179 (time=1158.95), 0.0236662 s/step
on time step 23348 (time=1167.4), 0.023683 s/step
on time step 23518 (time=1175.9), 0.0236585 s/step
on time step 23688 (time=1184.4), 0.0236236 s/step
on time step 23858 (time=1192.9), 0.0236281 s/step
on time step 24028 (time=1201.4), 0.0236552 s/step
on time step 24198 (time=1209.9), 0.0236302 s/step
on time step 24367 (time=1218.35), 0.023738 s/step
on time step 24537 (time=1226.85), 0.0236061 s/step
on time step 24707 (time=1235.35), 0.0236462 s/step
on time step 24877 (time=1243.85), 0.0236364 s/step
on time step 25047 (time=1252.35), 0.0236304 s/step
on time step 25217 (time=1260.85), 0.0236059 s/step
on time step 25387 (time=1269.35), 0.0236216 s/step
on time step 25557 (time=1277.85), 0.0236281 s/step
on time step 25727 (time=1286.35), 0.023653 s/step
on time step 25897 (time=1294.85), 0.0236536 s/step
on time step 26067 (time=1303.35), 0.0236247 s/step
on time step 26237 (time=1311.85), 0.0236307 s/step
on time step 26407 (time=1320.35), 0.0236429 s/step
on time step 26577 (time=1328.85), 0.0236249 s/step
on time step 26747 (time=1337.35), 0.0236381 s/step
on time step 26916 (time=1345.8), 0.0237975 s/step
field decay(t = 1351.7): 1.6754297962161032e-09 / 2.64363489269648e-07 = 0.006337599041549881
run 1 finished at t = 1351.7 (27034 timesteps)

Elapsed run time = 4233.6239 s
