Using MPI version 3.1, 64 processes
WD: data/2021-11-23/FullRunTopsy/
AlreadyDir
-----------
Initializing structure...
Splitting into 64 chunks by voxels
time for choose_chunkdivision = 0.00483635 s
Working in 2D dimensions.
Computational cell is 1130 x 100 x 0 with resolution 5
     block, center = (0,0,0)
          size (1e+20,1e+20,1e+20)
          axes (1,0,0), (0,1,0), (0,0,1)
          dielectric constant epsilon diagonal = (1.9881,1.9881,1.9881)
     block, center = (0,-26.25,0)
          size (1e+20,62.5,1e+20)
          axes (1,0,0), (0,1,0), (0,0,1)
          dielectric constant epsilon diagonal = (2.0736,2.0736,2.0736)
     block, center = (0,0,0)
          size (1e+20,8.2,1e+20)
          axes (1,0,0), (0,1,0), (0,0,1)
          dielectric constant epsilon diagonal = (2.08803,2.08803,2.08803)
time for set_epsilon = 0.114545 s
-----------
MPB solved for frequency_1(0.4,0,0) = 0.277835 after 56 iters
MPB solved for frequency_1(0.931246,0,0) = 0.645171 after 40 iters
MPB solved for frequency_1(0.931231,0,0) = 0.645161 after 1 iters
Meep: using output directory 'data/2021-11-23/FullRunTopsy/'


Normalisation Run




Next Monitor Point:  Vector3<0.0, 0.0, 0.0>


on time step 366 (time=36.6), 0.0109311 s/step
on time step 999 (time=99.9), 0.00632371 s/step
on time step 1596 (time=159.6), 0.0067051 s/step
on time step 2202 (time=220.2), 0.00660476 s/step
on time step 2784 (time=278.4), 0.00687703 s/step
on time step 3355 (time=335.5), 0.00701076 s/step
on time step 3927 (time=392.7), 0.00699442 s/step
on time step 4487 (time=448.7), 0.00715467 s/step
on time step 5039 (time=503.9), 0.00724897 s/step
on time step 5586 (time=558.6), 0.00731973 s/step
on time step 6133 (time=613.3), 0.00731643 s/step
on time step 6675 (time=667.5), 0.00738826 s/step
on time step 7206 (time=720.6), 0.00754591 s/step
on time step 7737 (time=773.7), 0.00753412 s/step
srun: Job step aborted: Waiting up to 62 seconds for job step to finish.
srun: got SIGCONT
slurmstepd: error: *** STEP 552967.0 ON topsy-cn-1-13 CANCELLED AT 2021-11-23T15:50:39 ***
slurmstepd: error: *** JOB 552967 ON topsy-cn-1-13 CANCELLED AT 2021-11-23T15:50:39 ***
srun: forcing job termination
srun: error: topsy-cn-2-17: tasks 48-63: Terminated
srun: error: topsy-cn-1-13: tasks 0-23: Terminated
srun: error: topsy-cn-1-14: tasks 24-47: Terminated
