Using MPI version 3.1, 32 processes
WD: data/2021-11-03/CPUScalling/
AlreadyDir
Actual Simtime: 3.3333333333333335e-11
-----------
Initializing structure...
Splitting into 32 chunks by voxels
time for choose_chunkdivision = 0.00340962 s
Working in 2D dimensions.
Computational cell is 400 x 50 x 0 with resolution 5
     block, center = (0,0,0)
          size (1e+20,1e+20,1e+20)
          axes (1,0,0), (0,1,0), (0,0,1)
          dielectric constant epsilon diagonal = (1.9881,1.9881,1.9881)
     block, center = (0,-30.25,0)
          size (1e+20,62.5,1e+20)
          axes (1,0,0), (0,1,0), (0,0,1)
          dielectric constant epsilon diagonal = (2.0736,2.0736,2.0736)
     block, center = (0,0,0)
          size (1e+20,8.2,1e+20)
          axes (1,0,0), (0,1,0), (0,0,1)
          dielectric constant epsilon diagonal = (2.08803,2.08803,2.08803)
     prism, center = (-50,0,0)
          height 1, axis (0,0,1), sidewall angle: 0 radians, 4 vertices:
          (-81.75,20,-0.5)
          (-18.25,20,-0.5)
          (-49.5,-20,-0.5)
          (-50.5,-20,-0.5)
          dielectric constant epsilon diagonal = (1.9881,1.9881,1.9881)
     prism, center = (50,0,0)
          height 1, axis (0,0,1), sidewall angle: 0 radians, 4 vertices:
          (18.25,20,-0.5)
          (81.75,20,-0.5)
          (50.5,-20,-0.5)
          (49.5,-20,-0.5)
          dielectric constant epsilon diagonal = (1.9881,1.9881,1.9881)
time for set_epsilon = 0.412267 s
-----------
MPB solved for frequency_1(0.4,0,0) = 0.277758 after 101 iters
MPB solved for frequency_1(0.931075,0,0) = 0.645088 after 44 iters
MPB solved for frequency_1(0.93118,0,0) = 0.645161 after 9 iters
Meep: using output directory 'data/2021-11-03/CPUScalling/'
creating output file "data/2021-11-03/CPUScalling//RunModel-eps-000000.00.h5"...
Meep progress: 8.8/3000.0000000000005 = 0.3% done in 4.0s, 1368.3s to go
on time step 173 (time=17.3), 0.0232216 s/step
Meep progress: 63.900000000000006/3000.0000000000005 = 2.1% done in 8.0s, 369.2s to go
on time step 972 (time=97.2), 0.00500981 s/step
Meep progress: 121.9/3000.0000000000005 = 4.1% done in 12.1s, 285.6s to go
on time step 1242 (time=124.2), 0.0149125 s/step
Meep progress: 128.70000000000002/3000.0000000000005 = 4.3% done in 16.1s, 360.0s to go
on time step 1316 (time=131.6), 0.0547519 s/step
Meep progress: 134.9/3000.0000000000005 = 4.5% done in 20.3s, 431.3s to go
on time step 1398 (time=139.8), 0.04893 s/step
Meep progress: 171.0/3000.0000000000005 = 5.7% done in 24.3s, 402.1s to go
on time step 1900 (time=190), 0.00796983 s/step
Meep progress: 209.70000000000002/3000.0000000000005 = 7.0% done in 28.4s, 377.7s to go
on time step 2121 (time=212.1), 0.0182126 s/step
Meep progress: 216.5/3000.0000000000005 = 7.2% done in 32.5s, 417.9s to go
on time step 2172 (time=217.2), 0.0812408 s/step
srun: Job step aborted: Waiting up to 62 seconds for job step to finish.
srun: got SIGCONT
slurmstepd: error: *** STEP 549797.0 ON topsy-cn-1-2 CANCELLED AT 2021-11-03T12:02:32 ***
slurmstepd: error: *** JOB 549797 ON topsy-cn-1-2 CANCELLED AT 2021-11-03T12:02:32 ***
srun: forcing job termination
srun: error: topsy-cn-2-14: tasks 24-31: Terminated
srun: error: topsy-cn-1-10: tasks 8-23: Terminated
srun: error: topsy-cn-1-2: tasks 0-7: Terminated
