Using MPI version 3.1, 32 processes
WD: data/2021-11-08/LargerCavityNoPDMSDblRes&Time/
AlreadyDir
-----------
Initializing structure...
Splitting into 32 chunks by voxels
time for choose_chunkdivision = 0.00496083 s
Working in 2D dimensions.
Computational cell is 810 x 100 x 0 with resolution 10
     block, center = (0,0,0)
          size (1e+20,1e+20,1e+20)
          axes (1,0,0), (0,1,0), (0,0,1)
          dielectric constant epsilon diagonal = (1,1,1)
     block, center = (0,-30.25,0)
          size (1e+20,62.5,1e+20)
          axes (1,0,0), (0,1,0), (0,0,1)
          dielectric constant epsilon diagonal = (2.0736,2.0736,2.0736)
     block, center = (0,0,0)
          size (1e+20,8.2,1e+20)
          axes (1,0,0), (0,1,0), (0,0,1)
          dielectric constant epsilon diagonal = (2.08803,2.08803,2.08803)
time for set_epsilon = 1.06362 s
-----------
MPB solved for frequency_1(0.4,0,0) = 0.279218 after 27 iters
MPB solved for frequency_1(0.93131,0,0) = 0.64572 after 48 iters
MPB solved for frequency_1(0.930502,0,0) = 0.645161 after 4 iters
MPB solved for frequency_1(0.930502,0,0) = 0.645161 after 1 iters
Meep: using output directory 'data/2021-11-08/LargerCavityNoPDMSDblRes&Time/'
Vector3<401.5, 0.0, 0.0>
on time step 148 (time=7.4), 0.0270536 s/step
on time step 385 (time=19.25), 0.0169177 s/step
on time step 616 (time=30.8), 0.0173437 s/step
on time step 851 (time=42.55), 0.0170318 s/step
on time step 1081 (time=54.05), 0.0174352 s/step
on time step 1313 (time=65.65), 0.0172479 s/step
on time step 1545 (time=77.25), 0.0172558 s/step
on time step 1776 (time=88.8), 0.0173338 s/step
on time step 2005 (time=100.25), 0.0175277 s/step
on time step 2236 (time=111.8), 0.0173434 s/step
on time step 2469 (time=123.45), 0.0171791 s/step
on time step 2699 (time=134.95), 0.0174549 s/step
on time step 2923 (time=146.15), 0.0178894 s/step
on time step 3155 (time=157.75), 0.0173026 s/step
on time step 3385 (time=169.25), 0.0174293 s/step
on time step 3612 (time=180.6), 0.0176521 s/step
on time step 3834 (time=191.7), 0.0180845 s/step
on time step 4066 (time=203.3), 0.0172885 s/step
on time step 4294 (time=214.7), 0.0175757 s/step
on time step 4519 (time=225.95), 0.017816 s/step
on time step 4741 (time=237.05), 0.0180744 s/step
on time step 4968 (time=248.4), 0.0176734 s/step
on time step 5195 (time=259.75), 0.01764 s/step
on time step 5421 (time=271.05), 0.0177384 s/step
on time step 5646 (time=282.3), 0.017781 s/step
on time step 5877 (time=293.85), 0.017338 s/step
on time step 6106 (time=305.3), 0.0175346 s/step
on time step 6333 (time=316.65), 0.0176745 s/step
on time step 6553 (time=327.65), 0.0181989 s/step
on time step 6783 (time=339.15), 0.0174229 s/step
on time step 7011 (time=350.55), 0.0175823 s/step
on time step 7238 (time=361.9), 0.017685 s/step
on time step 7463 (time=373.15), 0.0178344 s/step
on time step 7691 (time=384.55), 0.0175466 s/step
on time step 7915 (time=395.75), 0.0178698 s/step
on time step 8140 (time=407), 0.017787 s/step
on time step 8364 (time=418.2), 0.017915 s/step
on time step 8590 (time=429.5), 0.0177076 s/step
on time step 8817 (time=440.85), 0.0176953 s/step
on time step 9042 (time=452.1), 0.0178092 s/step
on time step 9265 (time=463.25), 0.017961 s/step
on time step 9488 (time=474.4), 0.0179475 s/step
on time step 9715 (time=485.75), 0.017648 s/step
on time step 9935 (time=496.75), 0.0182146 s/step
on time step 10158 (time=507.9), 0.018005 s/step
on time step 10380 (time=519), 0.018055 s/step
on time step 10606 (time=530.3), 0.017737 s/step
on time step 10831 (time=541.55), 0.0178153 s/step
on time step 11060 (time=553), 0.0175089 s/step
on time step 11289 (time=564.45), 0.0174702 s/step
on time step 11524 (time=576.2), 0.0170238 s/step
on time step 11762 (time=588.1), 0.0168441 s/step
on time step 12000 (time=600), 0.0168273 s/step
on time step 12238 (time=611.9), 0.0168494 s/step
on time step 12476 (time=623.8), 0.0168447 s/step
on time step 12714 (time=635.7), 0.0168379 s/step
on time step 12952 (time=647.6), 0.0168698 s/step
on time step 13190 (time=659.5), 0.0168663 s/step
on time step 13422 (time=671.1), 0.0173063 s/step
on time step 13659 (time=682.95), 0.0169307 s/step
on time step 13896 (time=694.8), 0.0169289 s/step
on time step 14132 (time=706.6), 0.0169587 s/step
on time step 14274 (time=713.7), 0.0281957 s/step
on time step 14401 (time=720.05), 0.0316113 s/step
on time step 14607 (time=730.35), 0.0194264 s/step
on time step 14840 (time=742), 0.0171682 s/step
on time step 15074 (time=753.7), 0.017113 s/step
on time step 15309 (time=765.45), 0.017067 s/step
on time step 15547 (time=777.35), 0.0168155 s/step
on time step 15786 (time=789.3), 0.0167875 s/step
on time step 16025 (time=801.25), 0.0167937 s/step
on time step 16264 (time=813.2), 0.0167855 s/step
on time step 16503 (time=825.15), 0.0167931 s/step
on time step 16734 (time=836.7), 0.0173245 s/step
on time step 16973 (time=848.65), 0.0167874 s/step
on time step 17212 (time=860.6), 0.0167905 s/step
on time step 17451 (time=872.55), 0.0167884 s/step
on time step 17690 (time=884.5), 0.0167936 s/step
on time step 17927 (time=896.35), 0.0168925 s/step
on time step 18163 (time=908.15), 0.0169748 s/step
on time step 18401 (time=920.05), 0.0168422 s/step
on time step 18640 (time=932), 0.0168048 s/step
on time step 18879 (time=943.95), 0.0167908 s/step
on time step 19118 (time=955.9), 0.0167975 s/step
on time step 19357 (time=967.85), 0.0167917 s/step
on time step 19596 (time=979.8), 0.016791 s/step
on time step 19835 (time=991.75), 0.016781 s/step
on time step 20073 (time=1003.65), 0.0168104 s/step
on time step 20305 (time=1015.25), 0.0172434 s/step
on time step 20544 (time=1027.2), 0.0167882 s/step
on time step 20783 (time=1039.15), 0.0167945 s/step
on time step 21022 (time=1051.1), 0.0167884 s/step
on time step 21261 (time=1063.05), 0.0167844 s/step
on time step 21498 (time=1074.9), 0.0169009 s/step
on time step 21734 (time=1086.7), 0.0169766 s/step
on time step 21972 (time=1098.6), 0.0168415 s/step
on time step 22210 (time=1110.5), 0.016817 s/step
on time step 22449 (time=1122.45), 0.016787 s/step
on time step 22688 (time=1134.4), 0.0167872 s/step
on time step 22927 (time=1146.35), 0.016792 s/step
on time step 23166 (time=1158.3), 0.0167907 s/step
on time step 23405 (time=1170.25), 0.0167905 s/step
on time step 23643 (time=1182.15), 0.0168215 s/step
on time step 23875 (time=1193.75), 0.0172448 s/step
on time step 24114 (time=1205.7), 0.0167894 s/step
on time step 24353 (time=1217.65), 0.0167903 s/step
on time step 24592 (time=1229.6), 0.0167852 s/step
on time step 24831 (time=1241.55), 0.0167848 s/step
on time step 25068 (time=1253.4), 0.0169312 s/step
on time step 25305 (time=1265.25), 0.0169422 s/step
on time step 25543 (time=1277.15), 0.016843 s/step
on time step 25781 (time=1289.05), 0.0168179 s/step
on time step 26020 (time=1301), 0.0167894 s/step
on time step 26259 (time=1312.95), 0.0167968 s/step
on time step 26498 (time=1324.9), 0.0167844 s/step
on time step 26737 (time=1336.85), 0.0167872 s/step
on time step 26976 (time=1348.8), 0.0167886 s/step
on time step 27213 (time=1360.65), 0.0169274 s/step
on time step 27447 (time=1372.35), 0.0171007 s/step
on time step 27686 (time=1384.3), 0.0167928 s/step
on time step 27925 (time=1396.25), 0.0167942 s/step
on time step 28164 (time=1408.2), 0.0167901 s/step
on time step 28403 (time=1420.15), 0.016792 s/step
on time step 28640 (time=1432), 0.0169296 s/step
on time step 28876 (time=1443.8), 0.0169517 s/step
on time step 29114 (time=1455.7), 0.0168743 s/step
on time step 29353 (time=1467.65), 0.0167928 s/step
on time step 29592 (time=1479.6), 0.0167895 s/step
on time step 29831 (time=1491.55), 0.0167955 s/step
on time step 30070 (time=1503.5), 0.0167871 s/step
on time step 30309 (time=1515.45), 0.0167917 s/step
on time step 30548 (time=1527.4), 0.0167894 s/step
on time step 30783 (time=1539.15), 0.0170227 s/step
on time step 31018 (time=1550.9), 0.0170581 s/step
on time step 31257 (time=1562.85), 0.0167962 s/step
on time step 31496 (time=1574.8), 0.0167956 s/step
on time step 31735 (time=1586.75), 0.0167896 s/step
on time step 31974 (time=1598.7), 0.016799 s/step
on time step 32210 (time=1610.5), 0.0169714 s/step
on time step 32447 (time=1622.35), 0.0169226 s/step
on time step 32684 (time=1634.2), 0.0168799 s/step
on time step 32923 (time=1646.15), 0.0167886 s/step
on time step 33161 (time=1658.05), 0.0168073 s/step
on time step 33400 (time=1670), 0.0167939 s/step
on time step 33639 (time=1681.95), 0.0167946 s/step
on time step 33878 (time=1693.9), 0.0167893 s/step
on time step 34117 (time=1705.85), 0.0167889 s/step
on time step 34353 (time=1717.65), 0.017057 s/step
on time step 34589 (time=1729.45), 0.0169973 s/step
on time step 34827 (time=1741.35), 0.0168368 s/step
on time step 35066 (time=1753.3), 0.0167926 s/step
on time step 35305 (time=1765.25), 0.0167908 s/step
on time step 35544 (time=1777.2), 0.0167898 s/step
on time step 35781 (time=1789.05), 0.0169471 s/step
on time step 36018 (time=1800.9), 0.0169182 s/step
on time step 36256 (time=1812.8), 0.0168609 s/step
on time step 36495 (time=1824.75), 0.0167929 s/step
on time step 36734 (time=1836.7), 0.0167931 s/step
on time step 36972 (time=1848.6), 0.0168192 s/step
on time step 37211 (time=1860.55), 0.0167928 s/step
on time step 37450 (time=1872.5), 0.0168019 s/step
on time step 37689 (time=1884.45), 0.016787 s/step
on time step 37923 (time=1896.15), 0.0170965 s/step
on time step 38160 (time=1908), 0.0169204 s/step
on time step 38399 (time=1919.95), 0.0167908 s/step
on time step 38638 (time=1931.9), 0.016794 s/step
on time step 38877 (time=1943.85), 0.0167871 s/step
on time step 39116 (time=1955.8), 0.0167931 s/step
on time step 39352 (time=1967.6), 0.0169557 s/step
on time step 39589 (time=1979.45), 0.0169268 s/step
on time step 39827 (time=1991.35), 0.0168762 s/step
field decay(t = 2000.0500000000002): 0.22371056581757645 / 0.22371056581757645 = 1.0
on time step 40066 (time=2003.3), 0.0167876 s/step
on time step 40305 (time=2015.25), 0.0167869 s/step
on time step 40544 (time=2027.2), 0.0167875 s/step
on time step 40783 (time=2039.15), 0.0167873 s/step
on time step 41022 (time=2051.1), 0.0167917 s/step
on time step 41261 (time=2063.05), 0.0167889 s/step
on time step 41495 (time=2074.75), 0.0171239 s/step
on time step 41732 (time=2086.6), 0.0169231 s/step
on time step 41971 (time=2098.55), 0.0167884 s/step
on time step 42210 (time=2110.5), 0.0167921 s/step
on time step 42449 (time=2122.45), 0.016798 s/step
on time step 42688 (time=2134.4), 0.0167889 s/step
on time step 42924 (time=2146.2), 0.0169625 s/step
on time step 43161 (time=2158.05), 0.0169135 s/step
on time step 43399 (time=2169.95), 0.0168749 s/step
on time step 43638 (time=2181.9), 0.0167931 s/step
on time step 43877 (time=2193.85), 0.0167857 s/step
on time step 44116 (time=2205.8), 0.0167895 s/step
on time step 44355 (time=2217.75), 0.0167962 s/step
on time step 44594 (time=2229.7), 0.0167946 s/step
on time step 44833 (time=2241.65), 0.0167907 s/step
on time step 45067 (time=2253.35), 0.0171714 s/step
on time step 45305 (time=2265.25), 0.0168454 s/step
on time step 45544 (time=2277.2), 0.0167933 s/step
on time step 45783 (time=2289.15), 0.0167916 s/step
on time step 46022 (time=2301.1), 0.0167883 s/step
on time step 46261 (time=2313.05), 0.0167973 s/step
on time step 46497 (time=2324.85), 0.0169574 s/step
on time step 46734 (time=2336.7), 0.0169218 s/step
on time step 46971 (time=2348.55), 0.0168783 s/step
on time step 47210 (time=2360.5), 0.0167869 s/step
on time step 47449 (time=2372.45), 0.0167963 s/step
on time step 47688 (time=2384.4), 0.0167949 s/step
on time step 47927 (time=2396.35), 0.0167897 s/step
on time step 48166 (time=2408.3), 0.0167953 s/step
on time step 48405 (time=2420.25), 0.0167878 s/step
on time step 48637 (time=2431.85), 0.0172561 s/step
on time step 48875 (time=2443.75), 0.0168122 s/step
on time step 49114 (time=2455.7), 0.0167907 s/step
on time step 49353 (time=2467.65), 0.0167974 s/step
on time step 49592 (time=2479.6), 0.0167935 s/step
on time step 49831 (time=2491.55), 0.0167921 s/step
on time step 50068 (time=2503.4), 0.0169443 s/step
on time step 50305 (time=2515.25), 0.0169302 s/step
on time step 50543 (time=2527.15), 0.016871 s/step
on time step 50782 (time=2539.1), 0.0167914 s/step
on time step 51021 (time=2551.05), 0.0167946 s/step
on time step 51260 (time=2563), 0.0167934 s/step
on time step 51499 (time=2574.95), 0.0167906 s/step
on time step 51738 (time=2586.9), 0.0167918 s/step
on time step 51977 (time=2598.85), 0.0167894 s/step
on time step 52210 (time=2610.5), 0.0172009 s/step
on time step 52447 (time=2622.35), 0.0169053 s/step
on time step 52686 (time=2634.3), 0.0167916 s/step
on time step 52925 (time=2646.25), 0.0167958 s/step
on time step 53164 (time=2658.2), 0.0167915 s/step
on time step 53403 (time=2670.15), 0.0167972 s/step
on time step 53639 (time=2681.95), 0.0169569 s/step
on time step 53876 (time=2693.8), 0.0169301 s/step
on time step 54114 (time=2705.7), 0.0168764 s/step
on time step 54353 (time=2717.65), 0.0167919 s/step
on time step 54592 (time=2729.6), 0.0167872 s/step
on time step 54831 (time=2741.55), 0.0167904 s/step
on time step 55070 (time=2753.5), 0.0167914 s/step
on time step 55309 (time=2765.45), 0.0167909 s/step
on time step 55548 (time=2777.4), 0.0167934 s/step
on time step 55780 (time=2789), 0.0172612 s/step
on time step 56018 (time=2800.9), 0.0168187 s/step
on time step 56257 (time=2812.85), 0.0167948 s/step
on time step 56496 (time=2824.8), 0.0167908 s/step
on time step 56735 (time=2836.75), 0.0167957 s/step
on time step 56974 (time=2848.7), 0.0167914 s/step
on time step 57211 (time=2860.55), 0.0169416 s/step
on time step 57448 (time=2872.4), 0.0169164 s/step
on time step 57686 (time=2884.3), 0.0168723 s/step
on time step 57925 (time=2896.25), 0.0167901 s/step
on time step 58164 (time=2908.2), 0.0167944 s/step
on time step 58403 (time=2920.15), 0.0167926 s/step
on time step 58642 (time=2932.1), 0.016798 s/step
on time step 58881 (time=2944.05), 0.016788 s/step
on time step 59120 (time=2956), 0.0167897 s/step
on time step 59353 (time=2967.65), 0.017214 s/step
on time step 59591 (time=2979.55), 0.0168217 s/step
on time step 59830 (time=2991.5), 0.016796 s/step
on time step 60069 (time=3003.45), 0.0167923 s/step
on time step 60308 (time=3015.4), 0.0167999 s/step
on time step 60547 (time=3027.35), 0.0167922 s/step
on time step 60784 (time=3039.2), 0.0169369 s/step
on time step 61021 (time=3051.05), 0.0169126 s/step
on time step 61259 (time=3062.95), 0.0168738 s/step
on time step 61498 (time=3074.9), 0.0167919 s/step
on time step 61737 (time=3086.85), 0.0167925 s/step
on time step 61976 (time=3098.8), 0.0167902 s/step
on time step 62215 (time=3110.75), 0.0167941 s/step
on time step 62454 (time=3122.7), 0.0167977 s/step
on time step 62693 (time=3134.65), 0.0167824 s/step
on time step 62926 (time=3146.3), 0.0172083 s/step
on time step 63164 (time=3158.2), 0.0168209 s/step
on time step 63403 (time=3170.15), 0.0167858 s/step
on time step 63642 (time=3182.1), 0.016794 s/step
on time step 63880 (time=3194), 0.0168609 s/step
on time step 64119 (time=3205.95), 0.0167907 s/step
on time step 64355 (time=3217.75), 0.0169621 s/step
on time step 64592 (time=3229.6), 0.0169098 s/step
on time step 64830 (time=3241.5), 0.0168724 s/step
on time step 65069 (time=3253.45), 0.0167965 s/step
on time step 65308 (time=3265.4), 0.0167921 s/step
on time step 65547 (time=3277.35), 0.0167893 s/step
on time step 65786 (time=3289.3), 0.0167879 s/step
on time step 66025 (time=3301.25), 0.0167928 s/step
on time step 66264 (time=3313.2), 0.0167914 s/step
on time step 66496 (time=3324.8), 0.0172992 s/step
on time step 66735 (time=3336.75), 0.0167937 s/step
on time step 66974 (time=3348.7), 0.0167902 s/step
on time step 67213 (time=3360.65), 0.0167925 s/step
on time step 67452 (time=3372.6), 0.0167896 s/step
on time step 67691 (time=3384.55), 0.0167954 s/step
on time step 67927 (time=3396.35), 0.016956 s/step
on time step 68164 (time=3408.2), 0.0169223 s/step
on time step 68402 (time=3420.1), 0.0168732 s/step
on time step 68641 (time=3432.05), 0.0167901 s/step
on time step 68880 (time=3444), 0.0167907 s/step
on time step 69119 (time=3455.95), 0.0167936 s/step
on time step 69358 (time=3467.9), 0.0167958 s/step
on time step 69597 (time=3479.85), 0.0167992 s/step
on time step 69836 (time=3491.8), 0.0167868 s/step
on time step 70068 (time=3503.4), 0.0172674 s/step
on time step 70307 (time=3515.35), 0.0167893 s/step
on time step 70546 (time=3527.3), 0.0167887 s/step
on time step 70785 (time=3539.25), 0.0167923 s/step
on time step 71024 (time=3551.2), 0.016794 s/step
on time step 71263 (time=3563.15), 0.0167885 s/step
on time step 71499 (time=3574.95), 0.0169706 s/step
on time step 71736 (time=3586.8), 0.0169243 s/step
on time step 71973 (time=3598.65), 0.0168811 s/step
on time step 72212 (time=3610.6), 0.0167945 s/step
on time step 72451 (time=3622.55), 0.0167939 s/step
on time step 72690 (time=3634.5), 0.0167953 s/step
on time step 72929 (time=3646.45), 0.01679 s/step
on time step 73168 (time=3658.4), 0.016792 s/step
on time step 73407 (time=3670.35), 0.0167849 s/step
on time step 73639 (time=3681.95), 0.017243 s/step
on time step 73878 (time=3693.9), 0.0167891 s/step
on time step 74117 (time=3705.85), 0.0167923 s/step
on time step 74356 (time=3717.8), 0.0167979 s/step
on time step 74595 (time=3729.75), 0.0167912 s/step
on time step 74834 (time=3741.7), 0.0167933 s/step
on time step 75070 (time=3753.5), 0.0169911 s/step
on time step 75307 (time=3765.35), 0.0169189 s/step
on time step 75545 (time=3777.25), 0.0168518 s/step
on time step 75784 (time=3789.2), 0.0167951 s/step
on time step 76023 (time=3801.15), 0.0167907 s/step
on time step 76262 (time=3813.1), 0.0167897 s/step
on time step 76501 (time=3825.05), 0.0167945 s/step
on time step 76740 (time=3837), 0.0167942 s/step
on time step 76979 (time=3848.95), 0.016791 s/step
on time step 77211 (time=3860.55), 0.0172542 s/step
on time step 77450 (time=3872.5), 0.0167946 s/step
on time step 77689 (time=3884.45), 0.0167896 s/step
on time step 77928 (time=3896.4), 0.0167926 s/step
on time step 78167 (time=3908.35), 0.0167927 s/step
on time step 78406 (time=3920.3), 0.0167931 s/step
on time step 78642 (time=3932.1), 0.017009 s/step
on time step 78879 (time=3943.95), 0.0169371 s/step
on time step 79117 (time=3955.85), 0.0168237 s/step
on time step 79356 (time=3967.8), 0.0167923 s/step
on time step 79595 (time=3979.75), 0.0167934 s/step
on time step 79834 (time=3991.7), 0.0167977 s/step
field decay(t = 4000.1000000000004): 2.826320656126751e-14 / 0.22371056581757645 = 1.2633827310738012e-13
on time step 80073 (time=4003.65), 0.0167952 s/step
on time step 80312 (time=4015.6), 0.0167897 s/step
on time step 80551 (time=4027.55), 0.0167936 s/step
on time step 80783 (time=4039.15), 0.0172702 s/step
on time step 81022 (time=4051.1), 0.0167933 s/step
on time step 81261 (time=4063.05), 0.0168063 s/step
on time step 81500 (time=4075), 0.0167938 s/step
on time step 81739 (time=4086.95), 0.0167908 s/step
on time step 81978 (time=4098.9), 0.0167931 s/step
on time step 82214 (time=4110.7), 0.0170027 s/step
on time step 82451 (time=4122.55), 0.0169294 s/step
on time step 82689 (time=4134.45), 0.0168226 s/step
on time step 82928 (time=4146.4), 0.0167974 s/step
on time step 83167 (time=4158.35), 0.0167934 s/step
on time step 83406 (time=4170.3), 0.0167906 s/step
on time step 83645 (time=4182.25), 0.0167951 s/step
on time step 83884 (time=4194.2), 0.0167904 s/step
on time step 84123 (time=4206.15), 0.0167965 s/step
on time step 84355 (time=4217.75), 0.0172871 s/step
on time step 84594 (time=4229.7), 0.0167975 s/step
on time step 84833 (time=4241.65), 0.0167969 s/step
on time step 85072 (time=4253.6), 0.0167897 s/step
on time step 85311 (time=4265.55), 0.0167979 s/step
on time step 85550 (time=4277.5), 0.0167951 s/step
on time step 85786 (time=4289.3), 0.0170052 s/step
on time step 86023 (time=4301.15), 0.0169276 s/step
on time step 86261 (time=4313.05), 0.016822 s/step
on time step 86500 (time=4325), 0.0167926 s/step
on time step 86739 (time=4336.95), 0.0167936 s/step
on time step 86978 (time=4348.9), 0.0167895 s/step
on time step 87217 (time=4360.85), 0.0167936 s/step
on time step 87456 (time=4372.8), 0.0167936 s/step
on time step 87695 (time=4384.75), 0.0168002 s/step
on time step 87927 (time=4396.35), 0.0173016 s/step
on time step 88165 (time=4408.25), 0.0168728 s/step
on time step 88404 (time=4420.2), 0.0167965 s/step
on time step 88643 (time=4432.15), 0.0167938 s/step
on time step 88882 (time=4444.1), 0.0167926 s/step
on time step 89121 (time=4456.05), 0.016793 s/step
on time step 89357 (time=4467.85), 0.0169872 s/step
on time step 89594 (time=4479.7), 0.0169278 s/step
on time step 89832 (time=4491.6), 0.0168233 s/step
on time step 90071 (time=4503.55), 0.0167946 s/step
on time step 90310 (time=4515.5), 0.0167926 s/step
on time step 90549 (time=4527.45), 0.0167905 s/step
on time step 90788 (time=4539.4), 0.0168004 s/step
on time step 91027 (time=4551.35), 0.0167912 s/step
on time step 91266 (time=4563.3), 0.0168068 s/step
on time step 91498 (time=4574.9), 0.0172632 s/step
on time step 91735 (time=4586.75), 0.016896 s/step
on time step 91974 (time=4598.7), 0.0167944 s/step
on time step 92213 (time=4610.65), 0.0167906 s/step
on time step 92452 (time=4622.6), 0.0167919 s/step
on time step 92691 (time=4634.55), 0.0167918 s/step
on time step 92927 (time=4646.35), 0.0170457 s/step
on time step 93164 (time=4658.2), 0.0169143 s/step
on time step 93402 (time=4670.1), 0.0168204 s/step
on time step 93641 (time=4682.05), 0.0167959 s/step
on time step 93880 (time=4694), 0.0167905 s/step
on time step 94119 (time=4705.95), 0.0167899 s/step
on time step 94358 (time=4717.9), 0.0167915 s/step
on time step 94597 (time=4729.85), 0.0167936 s/step
on time step 94836 (time=4741.8), 0.0167957 s/step
on time step 95069 (time=4753.45), 0.0172345 s/step
on time step 95308 (time=4765.4), 0.0167931 s/step
on time step 95547 (time=4777.35), 0.0167907 s/step
on time step 95786 (time=4789.3), 0.0167928 s/step
on time step 96025 (time=4801.25), 0.016794 s/step
on time step 96264 (time=4813.2), 0.0167887 s/step
on time step 96499 (time=4824.95), 0.0170389 s/step
on time step 96736 (time=4836.8), 0.0169103 s/step
on time step 96974 (time=4848.7), 0.0168185 s/step
on time step 97213 (time=4860.65), 0.0167937 s/step
on time step 97452 (time=4872.6), 0.0167947 s/step
on time step 97691 (time=4884.55), 0.0167928 s/step
on time step 97930 (time=4896.5), 0.0167982 s/step
on time step 98169 (time=4908.45), 0.016791 s/step
on time step 98408 (time=4920.4), 0.0167986 s/step
on time step 98641 (time=4932.05), 0.0172158 s/step
on time step 98880 (time=4944), 0.0167977 s/step
on time step 99119 (time=4955.95), 0.0167953 s/step
on time step 99358 (time=4967.9), 0.0167945 s/step
on time step 99597 (time=4979.85), 0.016794 s/step
on time step 99836 (time=4991.8), 0.0167951 s/step
on time step 100072 (time=5003.6), 0.0170134 s/step
on time step 100309 (time=5015.45), 0.016906 s/step
on time step 100547 (time=5027.35), 0.0168253 s/step
on time step 100786 (time=5039.3), 0.0167927 s/step
on time step 101025 (time=5051.25), 0.0167907 s/step
on time step 101264 (time=5063.2), 0.0167954 s/step
on time step 101503 (time=5075.15), 0.0167945 s/step
on time step 101742 (time=5087.1), 0.0167911 s/step
on time step 101981 (time=5099.05), 0.0167998 s/step
on time step 102214 (time=5110.7), 0.017226 s/step
on time step 102453 (time=5122.65), 0.0168008 s/step
on time step 102692 (time=5134.6), 0.0167945 s/step
on time step 102931 (time=5146.55), 0.0167901 s/step
on time step 103170 (time=5158.5), 0.0167981 s/step
on time step 103409 (time=5170.45), 0.0167901 s/step
on time step 103645 (time=5182.25), 0.0170114 s/step
on time step 103882 (time=5194.1), 0.0169336 s/step
on time step 104121 (time=5206.05), 0.0167942 s/step
on time step 104360 (time=5218), 0.0167956 s/step
on time step 104599 (time=5229.95), 0.0167931 s/step
on time step 104838 (time=5241.9), 0.0167993 s/step
on time step 105073 (time=5253.65), 0.017086 s/step
on time step 105312 (time=5265.6), 0.0167963 s/step
on time step 105550 (time=5277.5), 0.0168095 s/step
on time step 105782 (time=5289.1), 0.0172586 s/step
on time step 106021 (time=5301.05), 0.0168015 s/step
on time step 106260 (time=5313), 0.0167936 s/step
on time step 106499 (time=5324.95), 0.0167938 s/step
on time step 106738 (time=5336.9), 0.0167919 s/step
on time step 106977 (time=5348.85), 0.0167901 s/step
on time step 107212 (time=5360.6), 0.0170392 s/step
on time step 107449 (time=5372.45), 0.0169331 s/step
on time step 107688 (time=5384.4), 0.0167914 s/step
on time step 107927 (time=5396.35), 0.0167918 s/step
on time step 108166 (time=5408.3), 0.0167931 s/step
on time step 108405 (time=5420.25), 0.0167884 s/step
on time step 108644 (time=5432.2), 0.0168012 s/step
on time step 108883 (time=5444.15), 0.0167901 s/step
on time step 109122 (time=5456.1), 0.0167971 s/step
on time step 109354 (time=5467.7), 0.0172456 s/step
on time step 109593 (time=5479.65), 0.0167928 s/step
on time step 109832 (time=5491.6), 0.016791 s/step
on time step 110071 (time=5503.55), 0.0167907 s/step
on time step 110310 (time=5515.5), 0.0167973 s/step
on time step 110549 (time=5527.45), 0.0167893 s/step
on time step 110784 (time=5539.2), 0.0170473 s/step
on time step 111021 (time=5551.05), 0.0169339 s/step
on time step 111260 (time=5563), 0.0167914 s/step
on time step 111499 (time=5574.95), 0.0167922 s/step
on time step 111738 (time=5586.9), 0.0167912 s/step
on time step 111977 (time=5598.85), 0.016795 s/step
on time step 112216 (time=5610.8), 0.0167913 s/step
on time step 112455 (time=5622.75), 0.0167914 s/step
on time step 112693 (time=5634.65), 0.0168179 s/step
on time step 112926 (time=5646.3), 0.0172219 s/step
on time step 113165 (time=5658.25), 0.0167895 s/step
on time step 113404 (time=5670.2), 0.0167909 s/step
on time step 113643 (time=5682.15), 0.0167961 s/step
on time step 113882 (time=5694.1), 0.0167908 s/step
on time step 114121 (time=5706.05), 0.0167973 s/step
on time step 114356 (time=5717.8), 0.0170397 s/step
on time step 114593 (time=5729.65), 0.0169405 s/step
on time step 114832 (time=5741.6), 0.0167878 s/step
on time step 115071 (time=5753.55), 0.0167908 s/step
on time step 115310 (time=5765.5), 0.0167979 s/step
on time step 115549 (time=5777.45), 0.0167844 s/step
on time step 115788 (time=5789.4), 0.0167895 s/step
on time step 116027 (time=5801.35), 0.016793 s/step
on time step 116265 (time=5813.25), 0.0168459 s/step
on time step 116498 (time=5824.9), 0.0171944 s/step
on time step 116737 (time=5836.85), 0.0167951 s/step
on time step 116976 (time=5848.8), 0.0167945 s/step
on time step 117215 (time=5860.75), 0.0167939 s/step
on time step 117453 (time=5872.65), 0.0168676 s/step
on time step 117692 (time=5884.6), 0.0168157 s/step
on time step 117927 (time=5896.35), 0.017024 s/step
on time step 118164 (time=5908.2), 0.0169313 s/step
on time step 118403 (time=5920.15), 0.0167847 s/step
on time step 118642 (time=5932.1), 0.0168009 s/step
on time step 118881 (time=5944.05), 0.0167874 s/step
on time step 119120 (time=5956), 0.0167917 s/step
on time step 119359 (time=5967.95), 0.0168043 s/step
on time step 119598 (time=5979.9), 0.0167898 s/step
on time step 119836 (time=5991.8), 0.016874 s/step
field decay(t = 6000.150000000001): 1.4732687359377272e-16 / 0.22371056581757645 = 6.585601938618742e-16
on time step 120069 (time=6003.45), 0.0172106 s/step
on time step 120308 (time=6015.4), 0.0167881 s/step
on time step 120547 (time=6027.35), 0.0167955 s/step
on time step 120786 (time=6039.3), 0.0167897 s/step
on time step 121025 (time=6051.25), 0.0167908 s/step
on time step 121263 (time=6063.15), 0.0168365 s/step
on time step 121499 (time=6074.95), 0.0169877 s/step
on time step 121735 (time=6086.75), 0.0169532 s/step
on time step 121974 (time=6098.7), 0.0167928 s/step
on time step 122213 (time=6110.65), 0.0168002 s/step
on time step 122452 (time=6122.6), 0.0167877 s/step
on time step 122691 (time=6134.55), 0.016783 s/step
on time step 122930 (time=6146.5), 0.016789 s/step
on time step 123169 (time=6158.45), 0.0167896 s/step
on time step 123406 (time=6170.3), 0.016888 s/step
on time step 123638 (time=6181.9), 0.017299 s/step
on time step 123877 (time=6193.85), 0.0167902 s/step
on time step 124116 (time=6205.8), 0.0167958 s/step
on time step 124355 (time=6217.75), 0.0167857 s/step
on time step 124594 (time=6229.7), 0.0167935 s/step
on time step 124832 (time=6241.6), 0.0168443 s/step
on time step 125068 (time=6253.4), 0.0169923 s/step
on time step 125305 (time=6265.25), 0.0169377 s/step
on time step 125544 (time=6277.2), 0.0167877 s/step
on time step 125783 (time=6289.15), 0.0167956 s/step
on time step 126022 (time=6301.1), 0.0167869 s/step
on time step 126261 (time=6313.05), 0.0167954 s/step
on time step 126500 (time=6325), 0.0167912 s/step
on time step 126739 (time=6336.95), 0.0167927 s/step
on time step 126976 (time=6348.8), 0.0168886 s/step
on time step 127210 (time=6360.5), 0.0171287 s/step
on time step 127449 (time=6372.45), 0.0167948 s/step
on time step 127688 (time=6384.4), 0.0167871 s/step
on time step 127927 (time=6396.35), 0.0167931 s/step
on time step 128166 (time=6408.3), 0.0167826 s/step
on time step 128404 (time=6420.2), 0.0168269 s/step
on time step 128640 (time=6432), 0.0169785 s/step
on time step 128877 (time=6443.85), 0.0169254 s/step
on time step 129116 (time=6455.8), 0.0167876 s/step
on time step 129355 (time=6467.75), 0.0167941 s/step
on time step 129594 (time=6479.7), 0.0167893 s/step
on time step 129833 (time=6491.65), 0.0167967 s/step
on time step 130072 (time=6503.6), 0.0167849 s/step
on time step 130311 (time=6515.55), 0.0167873 s/step
on time step 130548 (time=6527.4), 0.0168969 s/step
on time step 130782 (time=6539.1), 0.0171202 s/step
on time step 131021 (time=6551.05), 0.0167899 s/step
on time step 131260 (time=6563), 0.0167913 s/step
on time step 131499 (time=6574.95), 0.0167866 s/step
on time step 131738 (time=6586.9), 0.0167921 s/step
on time step 131976 (time=6598.8), 0.0168341 s/step
on time step 132212 (time=6610.6), 0.0169687 s/step
on time step 132449 (time=6622.45), 0.0169265 s/step
on time step 132688 (time=6634.4), 0.0167862 s/step
on time step 132927 (time=6646.35), 0.0167937 s/step
on time step 133166 (time=6658.3), 0.0167865 s/step
on time step 133405 (time=6670.25), 0.0167925 s/step
on time step 133644 (time=6682.2), 0.0167938 s/step
on time step 133883 (time=6694.15), 0.0167857 s/step
on time step 134119 (time=6705.95), 0.0169871 s/step
on time step 134354 (time=6717.7), 0.0170335 s/step
on time step 134593 (time=6729.65), 0.0167872 s/step
on time step 134832 (time=6741.6), 0.016792 s/step
on time step 135071 (time=6753.55), 0.0167878 s/step
on time step 135310 (time=6765.5), 0.0167902 s/step
on time step 135547 (time=6777.35), 0.0169223 s/step
on time step 135784 (time=6789.2), 0.0169164 s/step
on time step 136021 (time=6801.05), 0.0169378 s/step
on time step 136260 (time=6813), 0.0167939 s/step
on time step 136499 (time=6824.95), 0.0167937 s/step
on time step 136738 (time=6836.9), 0.0167861 s/step
on time step 136977 (time=6848.85), 0.0167938 s/step
on time step 137216 (time=6860.8), 0.0167884 s/step
on time step 137455 (time=6872.75), 0.0168061 s/step
on time step 137690 (time=6884.5), 0.0170388 s/step
on time step 137926 (time=6896.3), 0.0170001 s/step
on time step 138165 (time=6908.25), 0.0167954 s/step
on time step 138404 (time=6920.2), 0.016791 s/step
on time step 138643 (time=6932.15), 0.0167905 s/step
on time step 138882 (time=6944.1), 0.0167893 s/step
on time step 139119 (time=6955.95), 0.0169088 s/step
on time step 139356 (time=6967.8), 0.0169068 s/step
on time step 139593 (time=6979.65), 0.0169359 s/step
on time step 139832 (time=6991.6), 0.0167933 s/step
on time step 140071 (time=7003.55), 0.0167886 s/step
on time step 140310 (time=7015.5), 0.0167846 s/step
on time step 140549 (time=7027.45), 0.0167864 s/step
on time step 140788 (time=7039.4), 0.0167845 s/step
on time step 141026 (time=7051.3), 0.0168099 s/step
on time step 141260 (time=7063), 0.0170946 s/step
on time step 141496 (time=7074.8), 0.0169553 s/step
on time step 141735 (time=7086.75), 0.0167863 s/step
on time step 141974 (time=7098.7), 0.0167879 s/step
on time step 142213 (time=7110.65), 0.0167949 s/step
on time step 142452 (time=7122.6), 0.0167881 s/step
on time step 142689 (time=7134.45), 0.0169056 s/step
on time step 142926 (time=7146.3), 0.0169046 s/step
on time step 143163 (time=7158.15), 0.0169178 s/step
on time step 143402 (time=7170.1), 0.0167842 s/step
on time step 143641 (time=7182.05), 0.0167888 s/step
on time step 143880 (time=7194), 0.0167868 s/step
on time step 144119 (time=7205.95), 0.0167965 s/step
on time step 144358 (time=7217.9), 0.0167861 s/step
on time step 144597 (time=7229.85), 0.0167885 s/step
on time step 144831 (time=7241.55), 0.0171323 s/step
on time step 145068 (time=7253.4), 0.0169304 s/step
on time step 145307 (time=7265.35), 0.0167921 s/step
on time step 145546 (time=7277.3), 0.016796 s/step
on time step 145785 (time=7289.25), 0.0167826 s/step
on time step 146024 (time=7301.2), 0.016788 s/step
on time step 146261 (time=7313.05), 0.0169116 s/step
on time step 146498 (time=7324.9), 0.0169047 s/step
on time step 146735 (time=7336.75), 0.0169313 s/step
on time step 146974 (time=7348.7), 0.0167822 s/step
on time step 147213 (time=7360.65), 0.0167842 s/step
on time step 147452 (time=7372.6), 0.0167915 s/step
on time step 147691 (time=7384.55), 0.0167919 s/step
on time step 147930 (time=7396.5), 0.0167919 s/step
on time step 148169 (time=7408.45), 0.0167876 s/step
on time step 148404 (time=7420.2), 0.0170885 s/step
srun: Job step aborted: Waiting up to 62 seconds for job step to finish.
srun: got SIGCONT
slurmstepd: error: *** STEP 550269.0 ON topsy-cn-2-17 CANCELLED AT 2021-11-08T14:17:01 ***
slurmstepd: error: *** JOB 550269 ON topsy-cn-2-17 CANCELLED AT 2021-11-08T14:17:01 ***
srun: forcing job termination
srun: error: topsy-cn-2-20: tasks 24-31: Terminated
srun: error: topsy-cn-2-17: tasks 0-23: Terminated
