Using MPI version 3.1, 16 processes
WD: data/2021-11-20/SmallModelPDMS/
AlreadyDir
-----------
Initializing structure...
Splitting into 16 chunks by voxels
time for choose_chunkdivision = 0.0018909 s
Working in 2D dimensions.
Computational cell is 530 x 100 x 0 with resolution 6
     block, center = (0,0,0)
          size (1e+20,1e+20,1e+20)
          axes (1,0,0), (0,1,0), (0,0,1)
          dielectric constant epsilon diagonal = (1.9881,1.9881,1.9881)
     block, center = (0,-26.25,0)
          size (1e+20,62.5,1e+20)
          axes (1,0,0), (0,1,0), (0,0,1)
          dielectric constant epsilon diagonal = (2.0736,2.0736,2.0736)
     block, center = (0,0,0)
          size (1e+20,8.2,1e+20)
          axes (1,0,0), (0,1,0), (0,0,1)
          dielectric constant epsilon diagonal = (2.08803,2.08803,2.08803)
time for set_epsilon = 0.485465 s
-----------
MPB solved for frequency_1(0.4,0,0) = 0.277839 after 44 iters
MPB solved for frequency_1(0.931237,0,0) = 0.645169 after 34 iters
MPB solved for frequency_1(0.931226,0,0) = 0.645161 after 3 iters
MPB solved for frequency_1(0.931226,0,0) = 0.645161 after 1 iters
Meep: using output directory 'data/2021-11-20/SmallModelPDMS/'
Vector3<260.0, 0.0, 0.0>
on time step 112 (time=9.33333), 0.0357174 s/step
on time step 230 (time=19.1667), 0.0340684 s/step
on time step 362 (time=30.1667), 0.0303704 s/step
on time step 462 (time=38.5), 0.0400968 s/step
on time step 608 (time=50.6667), 0.0275252 s/step
on time step 721 (time=60.0833), 0.0354634 s/step
on time step 867 (time=72.25), 0.0278394 s/step
on time step 982 (time=81.8333), 0.0349013 s/step
on time step 1094 (time=91.1667), 0.0357475 s/step
on time step 1212 (time=101), 0.0340478 s/step
on time step 1341 (time=111.75), 0.0310849 s/step
on time step 1450 (time=120.833), 0.0368883 s/step
on time step 1567 (time=130.583), 0.0343313 s/step
on time step 1672 (time=139.333), 0.0381841 s/step
on time step 1790 (time=149.167), 0.0339916 s/step
on time step 1904 (time=158.667), 0.0353292 s/step
on time step 2024 (time=168.667), 0.0336465 s/step
on time step 2144 (time=178.667), 0.0334717 s/step
on time step 2243 (time=186.917), 0.0412887 s/step
on time step 2375 (time=197.917), 0.0303689 s/step
on time step 2491 (time=207.583), 0.0345039 s/step
on time step 2639 (time=219.917), 0.0271934 s/step
on time step 2761 (time=230.083), 0.0331918 s/step
on time step 2896 (time=241.333), 0.029711 s/step
on time step 2992 (time=249.333), 0.04167 s/step
on time step 3128 (time=260.667), 0.0294133 s/step
on time step 3261 (time=271.75), 0.0302048 s/step
on time step 3380 (time=281.667), 0.0336849 s/step
on time step 3504 (time=292), 0.0326169 s/step
on time step 3625 (time=302.083), 0.0331196 s/step
on time step 3741 (time=311.75), 0.0352028 s/step
on time step 3872 (time=322.667), 0.0305756 s/step
on time step 4001 (time=333.417), 0.0313483 s/step
on time step 4129 (time=344.083), 0.0314493 s/step
on time step 4244 (time=353.667), 0.0356163 s/step
on time step 4365 (time=363.75), 0.0331094 s/step
on time step 4475 (time=372.917), 0.0366016 s/step
on time step 4586 (time=382.167), 0.0365062 s/step
on time step 4702 (time=391.833), 0.0347878 s/step
on time step 4821 (time=401.75), 0.0337639 s/step
on time step 4936 (time=411.333), 0.0358037 s/step
on time step 5068 (time=422.333), 0.030378 s/step
srun: Job step aborted: Waiting up to 62 seconds for job step to finish.
srun: got SIGCONT
slurmstepd: error: *** STEP 552717.0 ON topsy-cn-1-10 CANCELLED AT 2021-11-20T17:34:19 ***
slurmstepd: error: *** JOB 552717 ON topsy-cn-1-10 CANCELLED AT 2021-11-20T17:34:19 ***
srun: forcing job termination
srun: error: topsy-cn-2-14: tasks 13-15: Terminated
srun: error: topsy-cn-1-10: tasks 0-12: Terminated
