Using MPI version 3.1, 24 processes
WD: data/2021-12-17/ElongatedCirc_Close2Paper/
AlreadyDir
-----------
Initializing structure...
Splitting into 24 chunks by voxels
time for choose_chunkdivision = 0.00447839 s
Working in 2D dimensions.
Computational cell is 920 x 170 x 0 with resolution 10
     block, center = (0,0,0)
          size (1e+20,1e+20,1e+20)
          axes (1,0,0), (0,1,0), (0,0,1)
          dielectric constant epsilon diagonal = (1.99622,1.99622,1.99622)
     block, center = (0,0,0)
          size (1e+20,125,1e+20)
          axes (1,0,0), (0,1,0), (0,0,1)
          dielectric constant epsilon diagonal = (2.0746,2.0746,2.0746)
     block, center = (0,0,0)
          size (1e+20,8.2,1e+20)
          axes (1,0,0), (0,1,0), (0,0,1)
          dielectric constant epsilon diagonal = (2.08903,2.08903,2.08903)
time for set_epsilon = 0.76097 s
-----------
MPB solved for frequency_1(0.4,0,0) = 0.277333 after 75 iters
MPB solved for frequency_1(0.931194,0,0) = 0.644871 after 63 iters
MPB solved for frequency_1(0.931613,0,0) = 0.645161 after 16 iters
MPB solved for frequency_1(0.931613,0,0) = 0.645161 after 1 iters
Meep: using output directory 'data/2021-12-17/ElongatedCirc_Close2Paper/'


Normalisation Run


on time step 77 (time=3.85), 0.0522419 s/step
on time step 206 (time=10.3), 0.0312325 s/step
on time step 338 (time=16.9), 0.0303696 s/step
on time step 473 (time=23.65), 0.0297305 s/step
on time step 603 (time=30.15), 0.0308521 s/step
on time step 737 (time=36.85), 0.0299632 s/step
on time step 863 (time=43.15), 0.0318676 s/step
Meep progress: 46.25/2659.4406003042964 = 1.7% done in 30.0s, 1695.2s to go
on time step 993 (time=49.65), 0.0309604 s/step
on time step 1122 (time=56.1), 0.0311342 s/step
on time step 1252 (time=62.6), 0.0309021 s/step
on time step 1381 (time=69.05), 0.0312248 s/step
on time step 1513 (time=75.65), 0.0304252 s/step
on time step 1646 (time=82.3), 0.0302501 s/step
on time step 1776 (time=88.8), 0.0310033 s/step
Meep progress: 94.85000000000001/2659.4406003042964 = 3.6% done in 60.0s, 1622.6s to go
on time step 1906 (time=95.3), 0.0307861 s/step
on time step 2033 (time=101.65), 0.0315597 s/step
on time step 2163 (time=108.15), 0.0308416 s/step
on time step 2295 (time=114.75), 0.0303177 s/step
on time step 2427 (time=121.35), 0.0303632 s/step
on time step 2557 (time=127.85), 0.0309377 s/step
on time step 2685 (time=134.25), 0.0313105 s/step
on time step 2813 (time=140.65), 0.0313977 s/step
Meep progress: 143.35/2659.4406003042964 = 5.4% done in 90.0s, 1580.4s to go
on time step 2941 (time=147.05), 0.0312841 s/step
on time step 3069 (time=153.45), 0.0313156 s/step
on time step 3197 (time=159.85), 0.0314463 s/step
on time step 3324 (time=166.2), 0.0315331 s/step
on time step 3451 (time=172.55), 0.0317404 s/step
on time step 3577 (time=178.85), 0.0320341 s/step
on time step 3701 (time=185.05), 0.0323751 s/step
Meep progress: 190.8/2659.4406003042964 = 7.2% done in 120.1s, 1553.5s to go
on time step 3830 (time=191.5), 0.0311541 s/step
on time step 3954 (time=197.7), 0.0323024 s/step
on time step 4077 (time=203.85), 0.0325524 s/step
on time step 4196 (time=209.8), 0.0336953 s/step
on time step 4321 (time=216.05), 0.0321683 s/step
on time step 4443 (time=222.15), 0.0330253 s/step
on time step 4570 (time=228.5), 0.0315886 s/step
on time step 4696 (time=234.8), 0.0318347 s/step
Meep progress: 237.15/2659.4406003042964 = 8.9% done in 150.1s, 1533.0s to go
on time step 4822 (time=241.1), 0.031798 s/step
on time step 4949 (time=247.45), 0.0316181 s/step
on time step 5078 (time=253.9), 0.0312187 s/step
on time step 5206 (time=260.3), 0.0314548 s/step
on time step 5335 (time=266.75), 0.0311122 s/step
on time step 5463 (time=273.15), 0.0312903 s/step
on time step 5588 (time=279.4), 0.0322449 s/step
Meep progress: 284.35/2659.4406003042964 = 10.7% done in 180.1s, 1504.2s to go
on time step 5708 (time=285.4), 0.0335838 s/step
on time step 5822 (time=291.1), 0.0351678 s/step
on time step 5948 (time=297.4), 0.0317857 s/step
on time step 6077 (time=303.85), 0.0310838 s/step
on time step 6206 (time=310.3), 0.0310512 s/step
on time step 6337 (time=316.85), 0.0306546 s/step
on time step 6463 (time=323.15), 0.0318164 s/step
on time step 6588 (time=329.4), 0.0322092 s/step
Meep progress: 331.3/2659.4406003042964 = 12.5% done in 210.1s, 1476.5s to go
on time step 6708 (time=335.4), 0.0334734 s/step
on time step 6829 (time=341.45), 0.0332185 s/step
on time step 6952 (time=347.6), 0.0327487 s/step
on time step 7071 (time=353.55), 0.033674 s/step
on time step 7192 (time=359.6), 0.0331287 s/step
on time step 7314 (time=365.7), 0.0330435 s/step
on time step 7432 (time=371.6), 0.0343138 s/step
Meep progress: 376.3/2659.4406003042964 = 14.1% done in 240.1s, 1456.9s to go
on time step 7555 (time=377.75), 0.0326335 s/step
on time step 7676 (time=383.8), 0.0331766 s/step
on time step 7800 (time=390), 0.0324775 s/step
on time step 7926 (time=396.3), 0.031974 s/step
on time step 8050 (time=402.5), 0.0324491 s/step
on time step 8172 (time=408.6), 0.032997 s/step
on time step 8297 (time=414.85), 0.032089 s/step
on time step 8423 (time=421.15), 0.0318435 s/step
Meep progress: 422.70000000000005/2659.4406003042964 = 15.9% done in 270.1s, 1429.5s to go
on time step 8548 (time=427.4), 0.032238 s/step
on time step 8670 (time=433.5), 0.0328431 s/step
on time step 8789 (time=439.45), 0.0338163 s/step
on time step 8907 (time=445.35), 0.033909 s/step
on time step 9035 (time=451.75), 0.0313819 s/step
on time step 9156 (time=457.8), 0.0330816 s/step
on time step 9281 (time=464.05), 0.0320371 s/step
Meep progress: 468.6/2659.4406003042964 = 17.6% done in 300.2s, 1403.4s to go
on time step 9404 (time=470.2), 0.0326026 s/step
on time step 9527 (time=476.35), 0.0327602 s/step
on time step 9647 (time=482.35), 0.0334489 s/step
on time step 9772 (time=488.6), 0.0321698 s/step
on time step 9895 (time=494.75), 0.0329245 s/step
on time step 10019 (time=500.95), 0.032483 s/step
on time step 10144 (time=507.2), 0.0320291 s/step
on time step 10269 (time=513.45), 0.0320642 s/step
Meep progress: 514.5500000000001/2659.4406003042964 = 19.3% done in 330.2s, 1376.3s to go
on time step 10392 (time=519.6), 0.0326817 s/step
on time step 10517 (time=525.85), 0.0322221 s/step
on time step 10645 (time=532.25), 0.0314494 s/step
on time step 10771 (time=538.55), 0.0318332 s/step
on time step 10908 (time=545.4), 0.0294018 s/step
on time step 11034 (time=551.7), 0.031747 s/step
on time step 11162 (time=558.1), 0.0313605 s/step
Meep progress: 562.45/2659.4406003042964 = 21.1% done in 360.2s, 1342.9s to go
on time step 11294 (time=564.7), 0.0303852 s/step
on time step 11419 (time=570.95), 0.0321507 s/step
on time step 11550 (time=577.5), 0.0305741 s/step
on time step 11682 (time=584.1), 0.0304476 s/step
on time step 11812 (time=590.6), 0.0308949 s/step
on time step 11943 (time=597.15), 0.0306793 s/step
on time step 12076 (time=603.8), 0.0301924 s/step
on time step 12206 (time=610.3), 0.0308207 s/step
Meep progress: 611.2/2659.4406003042964 = 23.0% done in 390.2s, 1307.6s to go
on time step 12340 (time=617), 0.030027 s/step
on time step 12469 (time=623.45), 0.0311169 s/step
on time step 12595 (time=629.75), 0.0320128 s/step
on time step 12729 (time=636.45), 0.0300119 s/step
on time step 12854 (time=642.7), 0.0320441 s/step
on time step 12986 (time=649.3), 0.0304244 s/step
on time step 13115 (time=655.75), 0.0312052 s/step
Meep progress: 659.6500000000001/2659.4406003042964 = 24.8% done in 420.2s, 1273.9s to go
on time step 13246 (time=662.3), 0.0305588 s/step
on time step 13378 (time=668.9), 0.0304781 s/step
on time step 13508 (time=675.4), 0.0308172 s/step
on time step 13642 (time=682.1), 0.0300592 s/step
on time step 13775 (time=688.75), 0.0302011 s/step
on time step 13907 (time=695.35), 0.0304723 s/step
on time step 14041 (time=702.05), 0.0298913 s/step
on time step 14175 (time=708.75), 0.0300082 s/step
Meep progress: 709.25/2659.4406003042964 = 26.7% done in 450.2s, 1238.0s to go
on time step 14303 (time=715.15), 0.0313219 s/step
on time step 14435 (time=721.75), 0.0305113 s/step
on time step 14568 (time=728.4), 0.0301982 s/step
on time step 14696 (time=734.8), 0.0312753 s/step
on time step 14829 (time=741.45), 0.0302332 s/step
on time step 14962 (time=748.1), 0.0303111 s/step
on time step 15090 (time=754.5), 0.0313022 s/step
Meep progress: 757.7/2659.4406003042964 = 28.5% done in 480.2s, 1205.3s to go
on time step 15211 (time=760.55), 0.033212 s/step
on time step 15341 (time=767.05), 0.0308258 s/step
on time step 15471 (time=773.55), 0.0309074 s/step
on time step 15604 (time=780.2), 0.0302139 s/step
on time step 15728 (time=786.4), 0.0326539 s/step
on time step 15852 (time=792.6), 0.0323787 s/step
on time step 15979 (time=798.95), 0.0315308 s/step
on time step 16102 (time=805.1), 0.032608 s/step
Meep progress: 805.2/2659.4406003042964 = 30.3% done in 510.3s, 1175.0s to go
on time step 16229 (time=811.45), 0.0314994 s/step
on time step 16360 (time=818), 0.0307286 s/step
on time step 16491 (time=824.55), 0.0306274 s/step
on time step 16621 (time=831.05), 0.0307989 s/step
on time step 16752 (time=837.6), 0.0305565 s/step
on time step 16886 (time=844.3), 0.0299175 s/step
on time step 17017 (time=850.85), 0.0307406 s/step
Meep progress: 854.1500000000001/2659.4406003042964 = 32.1% done in 540.3s, 1141.9s to go
on time step 17150 (time=857.5), 0.0301103 s/step
on time step 17281 (time=864.05), 0.0307363 s/step
on time step 17408 (time=870.4), 0.0316642 s/step
on time step 17541 (time=877.05), 0.0302992 s/step
on time step 17670 (time=883.5), 0.0310822 s/step
on time step 17805 (time=890.25), 0.0296507 s/step
on time step 17937 (time=896.85), 0.0303683 s/step
Meep progress: 903.0500000000001/2659.4406003042964 = 34.0% done in 570.3s, 1109.2s to go
on time step 18065 (time=903.25), 0.031382 s/step
on time step 18193 (time=909.65), 0.0314663 s/step
on time step 18327 (time=916.35), 0.0300498 s/step
on time step 18462 (time=923.1), 0.0298263 s/step
on time step 18595 (time=929.75), 0.0301352 s/step
on time step 18726 (time=936.3), 0.0306041 s/step
on time step 18856 (time=942.8), 0.0309572 s/step
on time step 18984 (time=949.2), 0.0314233 s/step
Meep progress: 951.95/2659.4406003042964 = 35.8% done in 600.3s, 1076.7s to go
on time step 19111 (time=955.55), 0.0315125 s/step
on time step 19234 (time=961.7), 0.0327036 s/step
on time step 19362 (time=968.1), 0.031275 s/step
on time step 19494 (time=974.7), 0.0304935 s/step
on time step 19629 (time=981.45), 0.029842 s/step
on time step 19759 (time=987.95), 0.0307769 s/step
on time step 19882 (time=994.1), 0.0325781 s/step
Meep progress: 999.9000000000001/2659.4406003042964 = 37.6% done in 630.3s, 1046.1s to go
on time step 20009 (time=1000.45), 0.0315035 s/step
on time step 20138 (time=1006.9), 0.0312302 s/step
on time step 20270 (time=1013.5), 0.0303897 s/step
on time step 20400 (time=1020), 0.030777 s/step
on time step 20531 (time=1026.55), 0.0305511 s/step
on time step 20663 (time=1033.15), 0.0303839 s/step
on time step 20793 (time=1039.65), 0.0309088 s/step
on time step 20924 (time=1046.2), 0.0306172 s/step
Meep progress: 1048.6000000000001/2659.4406003042964 = 39.4% done in 660.3s, 1014.4s to go
on time step 21051 (time=1052.55), 0.0315592 s/step
on time step 21173 (time=1058.65), 0.0329786 s/step
on time step 21303 (time=1065.15), 0.0307806 s/step
on time step 21436 (time=1071.8), 0.0302891 s/step
on time step 21567 (time=1078.35), 0.0306713 s/step
on time step 21689 (time=1084.45), 0.0330178 s/step
on time step 21816 (time=1090.8), 0.0316418 s/step
Meep progress: 1096.25/2659.4406003042964 = 41.2% done in 690.4s, 984.4s to go
on time step 21942 (time=1097.1), 0.0319645 s/step
on time step 22071 (time=1103.55), 0.0311932 s/step
on time step 22197 (time=1109.85), 0.0317838 s/step
on time step 22321 (time=1116.05), 0.0323206 s/step
on time step 22450 (time=1122.5), 0.0311511 s/step
on time step 22536 (time=1126.8), 0.0471125 s/step
on time step 22590 (time=1129.5), 0.0749855 s/step
on time step 22681 (time=1134.05), 0.0442578 s/step
Meep progress: 1135.9/2659.4406003042964 = 42.7% done in 720.4s, 966.2s to go
on time step 22788 (time=1139.4), 0.0377377 s/step
on time step 22878 (time=1143.9), 0.0448497 s/step
on time step 22962 (time=1148.1), 0.0477198 s/step
on time step 23063 (time=1153.15), 0.0399465 s/step
on time step 23188 (time=1159.4), 0.0321049 s/step
on time step 23319 (time=1165.95), 0.030667 s/step
on time step 23452 (time=1172.6), 0.0301724 s/step
Meep progress: 1177.75/2659.4406003042964 = 44.3% done in 750.4s, 944.0s to go
on time step 23582 (time=1179.1), 0.0309033 s/step
on time step 23709 (time=1185.45), 0.0316969 s/step
on time step 23841 (time=1192.05), 0.0304872 s/step
on time step 23970 (time=1198.5), 0.0311546 s/step
on time step 24103 (time=1205.15), 0.0302903 s/step
on time step 24233 (time=1211.65), 0.0307753 s/step
on time step 24366 (time=1218.3), 0.030219 s/step
on time step 24496 (time=1224.8), 0.0307804 s/step
Meep progress: 1226.55/2659.4406003042964 = 46.1% done in 780.4s, 911.7s to go
on time step 24627 (time=1231.35), 0.0307337 s/step
on time step 24760 (time=1238), 0.0301265 s/step
on time step 24890 (time=1244.5), 0.0309383 s/step
on time step 25025 (time=1251.25), 0.0298423 s/step
on time step 25155 (time=1257.75), 0.0308675 s/step
on time step 25289 (time=1264.45), 0.0300304 s/step
on time step 25420 (time=1271), 0.0305745 s/step
Meep progress: 1275.8500000000001/2659.4406003042964 = 48.0% done in 810.5s, 878.9s to go
on time step 25553 (time=1277.65), 0.0301794 s/step
on time step 25684 (time=1284.2), 0.0305916 s/step
on time step 25812 (time=1290.6), 0.0314582 s/step
on time step 25944 (time=1297.2), 0.0303198 s/step
on time step 26081 (time=1304.05), 0.0293217 s/step
on time step 26213 (time=1310.65), 0.0304122 s/step
on time step 26343 (time=1317.15), 0.030808 s/step
on time step 26478 (time=1323.9), 0.0297121 s/step
Meep progress: 1325.2/2659.4406003042964 = 49.8% done in 840.5s, 846.2s to go
on time step 26606 (time=1330.3), 0.0313471 s/step
on time step 26738 (time=1336.9), 0.0303099 s/step
on time step 26866 (time=1343.3), 0.031296 s/step
on time step 26998 (time=1349.9), 0.0304409 s/step
on time step 27129 (time=1356.45), 0.0306309 s/step
on time step 27258 (time=1362.9), 0.0310253 s/step
on time step 27384 (time=1369.2), 0.0317755 s/step
Meep progress: 1373.95/2659.4406003042964 = 51.7% done in 870.5s, 814.5s to go
on time step 27516 (time=1375.8), 0.0304223 s/step
on time step 27649 (time=1382.45), 0.0302284 s/step
on time step 27780 (time=1389), 0.030783 s/step
on time step 27914 (time=1395.7), 0.03003 s/step
on time step 28044 (time=1402.2), 0.0308941 s/step
on time step 28176 (time=1408.8), 0.0305197 s/step
on time step 28308 (time=1415.4), 0.0304238 s/step
on time step 28434 (time=1421.7), 0.0317854 s/step
Meep progress: 1422.8000000000002/2659.4406003042964 = 53.5% done in 900.5s, 782.7s to go
on time step 28566 (time=1428.3), 0.0306599 s/step
on time step 28690 (time=1434.5), 0.0322655 s/step
on time step 28824 (time=1441.2), 0.0298921 s/step
on time step 28952 (time=1447.6), 0.0312657 s/step
on time step 29088 (time=1454.4), 0.0294532 s/step
on time step 29221 (time=1461.05), 0.0302437 s/step
on time step 29348 (time=1467.4), 0.031647 s/step
Meep progress: 1471.8000000000002/2659.4406003042964 = 55.3% done in 930.5s, 750.9s to go
on time step 29485 (time=1474.25), 0.0294076 s/step
on time step 29621 (time=1481.05), 0.0295414 s/step
on time step 29748 (time=1487.4), 0.0316161 s/step
on time step 29884 (time=1494.2), 0.0295653 s/step
on time step 30020 (time=1501), 0.0295336 s/step
on time step 30151 (time=1507.55), 0.0307327 s/step
on time step 30280 (time=1514), 0.031139 s/step
on time step 30407 (time=1520.35), 0.0316421 s/step
Meep progress: 1521.1000000000001/2659.4406003042964 = 57.2% done in 960.5s, 718.8s to go
on time step 30541 (time=1527.05), 0.0300149 s/step
on time step 30673 (time=1533.65), 0.0303988 s/step
on time step 30801 (time=1540.05), 0.0315297 s/step
on time step 30929 (time=1546.45), 0.0312704 s/step
on time step 31065 (time=1553.25), 0.0295338 s/step
on time step 31196 (time=1559.8), 0.0307105 s/step
on time step 31324 (time=1566.2), 0.0314491 s/step
Meep progress: 1570.0/2659.4406003042964 = 59.0% done in 990.5s, 687.3s to go
on time step 31458 (time=1572.9), 0.0300545 s/step
on time step 31589 (time=1579.45), 0.0306218 s/step
on time step 31722 (time=1586.1), 0.0301423 s/step
on time step 31852 (time=1592.6), 0.0307692 s/step
on time step 31977 (time=1598.85), 0.032204 s/step
on time step 32107 (time=1605.35), 0.0308549 s/step
on time step 32241 (time=1612.05), 0.0300065 s/step
on time step 32373 (time=1618.65), 0.030365 s/step
Meep progress: 1619.0500000000002/2659.4406003042964 = 60.9% done in 1020.6s, 655.8s to go
on time step 32509 (time=1625.45), 0.0295655 s/step
on time step 32643 (time=1632.15), 0.0300667 s/step
on time step 32775 (time=1638.75), 0.0304696 s/step
on time step 32909 (time=1645.45), 0.0298587 s/step
on time step 33044 (time=1652.2), 0.0297541 s/step
on time step 33174 (time=1658.7), 0.0308673 s/step
on time step 33300 (time=1665), 0.0317865 s/step
Meep progress: 1668.45/2659.4406003042964 = 62.7% done in 1050.6s, 624.0s to go
on time step 33428 (time=1671.4), 0.031392 s/step
on time step 33557 (time=1677.85), 0.031084 s/step
on time step 33684 (time=1684.2), 0.0316428 s/step
on time step 33813 (time=1690.65), 0.0310543 s/step
on time step 33942 (time=1697.1), 0.0310738 s/step
on time step 34070 (time=1703.5), 0.0312751 s/step
on time step 34197 (time=1709.85), 0.0316994 s/step
on time step 34327 (time=1716.35), 0.0310507 s/step
Meep progress: 1716.4/2659.4406003042964 = 64.5% done in 1080.6s, 593.7s to go
on time step 34455 (time=1722.75), 0.0312746 s/step
on time step 34589 (time=1729.45), 0.0299625 s/step
on time step 34723 (time=1736.15), 0.0299774 s/step
on time step 34848 (time=1742.4), 0.032138 s/step
on time step 34982 (time=1749.1), 0.0300516 s/step
on time step 35116 (time=1755.8), 0.0299564 s/step
on time step 35248 (time=1762.4), 0.0303371 s/step
Meep progress: 1765.65/2659.4406003042964 = 66.4% done in 1110.6s, 562.2s to go
on time step 35383 (time=1769.15), 0.0297648 s/step
on time step 35516 (time=1775.8), 0.0302805 s/step
on time step 35649 (time=1782.45), 0.0301472 s/step
on time step 35778 (time=1788.9), 0.0310175 s/step
on time step 35912 (time=1795.6), 0.0300295 s/step
on time step 36044 (time=1802.2), 0.0304495 s/step
on time step 36170 (time=1808.5), 0.0319491 s/step
Meep progress: 1814.75/2659.4406003042964 = 68.2% done in 1140.6s, 530.9s to go
on time step 36302 (time=1815.1), 0.0304994 s/step
on time step 36436 (time=1821.8), 0.0299652 s/step
on time step 36569 (time=1828.45), 0.0302355 s/step
on time step 36702 (time=1835.1), 0.0302141 s/step
on time step 36833 (time=1841.65), 0.0305946 s/step
on time step 36967 (time=1848.35), 0.0298939 s/step
on time step 37097 (time=1854.85), 0.0307972 s/step
on time step 37233 (time=1861.65), 0.029496 s/step
Meep progress: 1864.5500000000002/2659.4406003042964 = 70.1% done in 1170.6s, 499.1s to go
on time step 37367 (time=1868.35), 0.029964 s/step
on time step 37500 (time=1875), 0.0301844 s/step
on time step 37635 (time=1881.75), 0.0296632 s/step
on time step 37768 (time=1888.4), 0.0302938 s/step
on time step 37905 (time=1895.25), 0.029402 s/step
on time step 38033 (time=1901.65), 0.0313917 s/step
on time step 38166 (time=1908.3), 0.0302044 s/step
Meep progress: 1914.3000000000002/2659.4406003042964 = 72.0% done in 1200.7s, 467.4s to go
on time step 38299 (time=1914.95), 0.0300993 s/step
on time step 38433 (time=1921.65), 0.0299973 s/step
on time step 38560 (time=1928), 0.0315928 s/step
on time step 38694 (time=1934.7), 0.0298759 s/step
on time step 38827 (time=1941.35), 0.0302186 s/step
on time step 38959 (time=1947.95), 0.0305021 s/step
on time step 39090 (time=1954.5), 0.0307393 s/step
on time step 39224 (time=1961.2), 0.0300164 s/step
Meep progress: 1963.7/2659.4406003042964 = 73.8% done in 1230.7s, 436.0s to go
on time step 39358 (time=1967.9), 0.0299286 s/step
on time step 39486 (time=1974.3), 0.0313416 s/step
on time step 39614 (time=1980.7), 0.0313652 s/step
on time step 39746 (time=1987.3), 0.0303408 s/step
on time step 39877 (time=1993.85), 0.0305454 s/step
on time step 40007 (time=2000.35), 0.0309418 s/step
on time step 40139 (time=2006.95), 0.0304075 s/step
Meep progress: 2012.5500000000002/2659.4406003042964 = 75.7% done in 1260.7s, 405.2s to go
on time step 40271 (time=2013.55), 0.0303145 s/step
on time step 40406 (time=2020.3), 0.0296404 s/step
on time step 40539 (time=2026.95), 0.0302518 s/step
on time step 40674 (time=2033.7), 0.0296429 s/step
on time step 40809 (time=2040.45), 0.0296782 s/step
on time step 40939 (time=2046.95), 0.0307886 s/step
on time step 41071 (time=2053.55), 0.0303484 s/step
on time step 41206 (time=2060.3), 0.0296929 s/step
Meep progress: 2062.6/2659.4406003042964 = 77.6% done in 1290.7s, 373.5s to go
on time step 41338 (time=2066.9), 0.0304834 s/step
on time step 41468 (time=2073.4), 0.0309882 s/step
on time step 41597 (time=2079.85), 0.0312532 s/step
on time step 41728 (time=2086.4), 0.0306015 s/step
on time step 41861 (time=2093.05), 0.0301477 s/step
on time step 41991 (time=2099.55), 0.0309575 s/step
on time step 42124 (time=2106.2), 0.0300813 s/step
Meep progress: 2111.5/2659.4406003042964 = 79.4% done in 1320.7s, 342.7s to go
on time step 42255 (time=2112.75), 0.0305543 s/step
on time step 42381 (time=2119.05), 0.0320251 s/step
on time step 42515 (time=2125.75), 0.0300038 s/step
on time step 42646 (time=2132.3), 0.0305807 s/step
on time step 42782 (time=2139.1), 0.0294653 s/step
on time step 42917 (time=2145.85), 0.0298167 s/step
on time step 43046 (time=2152.3), 0.0311245 s/step
on time step 43174 (time=2158.7), 0.0312989 s/step
Meep progress: 2160.4500000000003/2659.4406003042964 = 81.2% done in 1350.7s, 312.0s to go
on time step 43304 (time=2165.2), 0.0308753 s/step
on time step 43435 (time=2171.75), 0.0307337 s/step
on time step 43568 (time=2178.4), 0.0302242 s/step
on time step 43695 (time=2184.75), 0.0315931 s/step
on time step 43828 (time=2191.4), 0.0302037 s/step
on time step 43960 (time=2198), 0.0303061 s/step
on time step 44092 (time=2204.6), 0.0305081 s/step
Meep progress: 2209.75/2659.4406003042964 = 83.1% done in 1380.8s, 281.0s to go
on time step 44227 (time=2211.35), 0.0297314 s/step
on time step 44354 (time=2217.7), 0.031561 s/step
on time step 44484 (time=2224.2), 0.0308145 s/step
on time step 44614 (time=2230.7), 0.0308174 s/step
on time step 44743 (time=2237.15), 0.0311601 s/step
on time step 44880 (time=2244), 0.0293904 s/step
on time step 45014 (time=2250.7), 0.030032 s/step
on time step 45148 (time=2257.4), 0.029894 s/step
Meep progress: 2259.05/2659.4406003042964 = 84.9% done in 1410.8s, 250.0s to go
on time step 45282 (time=2264.1), 0.0298878 s/step
on time step 45414 (time=2270.7), 0.0304336 s/step
on time step 45545 (time=2277.25), 0.0306781 s/step
on time step 45678 (time=2283.9), 0.0301433 s/step
on time step 45813 (time=2290.65), 0.0297648 s/step
on time step 45950 (time=2297.5), 0.0293456 s/step
on time step 46082 (time=2304.1), 0.0303703 s/step
Meep progress: 2308.8/2659.4406003042964 = 86.8% done in 1440.8s, 218.8s to go
on time step 46211 (time=2310.55), 0.0311333 s/step
on time step 46345 (time=2317.25), 0.0298545 s/step
on time step 46479 (time=2323.95), 0.029879 s/step
on time step 46614 (time=2330.7), 0.0296681 s/step
on time step 46743 (time=2337.15), 0.0312724 s/step
on time step 46875 (time=2343.75), 0.0305517 s/step
on time step 47009 (time=2350.45), 0.0299904 s/step
on time step 47142 (time=2357.1), 0.0302141 s/step
Meep progress: 2358.35/2659.4406003042964 = 88.7% done in 1470.8s, 187.8s to go
on time step 47274 (time=2363.7), 0.0303153 s/step
on time step 47404 (time=2370.2), 0.0308173 s/step
on time step 47531 (time=2376.55), 0.0317074 s/step
on time step 47664 (time=2383.2), 0.0301657 s/step
on time step 47796 (time=2389.8), 0.030404 s/step
on time step 47926 (time=2396.3), 0.030878 s/step
on time step 48057 (time=2402.85), 0.0305876 s/step
Meep progress: 2407.15/2659.4406003042964 = 90.5% done in 1500.8s, 157.3s to go
on time step 48181 (time=2409.05), 0.0323762 s/step
on time step 48311 (time=2415.55), 0.030799 s/step
on time step 48440 (time=2422), 0.0310588 s/step
on time step 48572 (time=2428.6), 0.030484 s/step
on time step 48708 (time=2435.4), 0.029484 s/step
on time step 48842 (time=2442.1), 0.0298799 s/step
on time step 48974 (time=2448.7), 0.0303698 s/step
on time step 49102 (time=2455.1), 0.0313798 s/step
Meep progress: 2456.15/2659.4406003042964 = 92.4% done in 1530.8s, 126.7s to go
on time step 49230 (time=2461.5), 0.0313539 s/step
on time step 49361 (time=2468.05), 0.0306579 s/step
on time step 49490 (time=2474.5), 0.0310987 s/step
on time step 49623 (time=2481.15), 0.0301033 s/step
on time step 49758 (time=2487.9), 0.0297706 s/step
on time step 49893 (time=2494.65), 0.0297687 s/step
on time step 50026 (time=2501.3), 0.0302086 s/step
Meep progress: 2505.6000000000004/2659.4406003042964 = 94.2% done in 1560.9s, 95.8s to go
on time step 50158 (time=2507.9), 0.0303273 s/step
on time step 50291 (time=2514.55), 0.030192 s/step
on time step 50424 (time=2521.2), 0.0301441 s/step
on time step 50552 (time=2527.6), 0.0313083 s/step
on time step 50679 (time=2533.95), 0.0315664 s/step
on time step 50811 (time=2540.55), 0.0304651 s/step
on time step 50940 (time=2547), 0.0310962 s/step
on time step 51075 (time=2553.75), 0.0298161 s/step
Meep progress: 2554.5/2659.4406003042964 = 96.1% done in 1590.9s, 65.4s to go
on time step 51207 (time=2560.35), 0.0304616 s/step
on time step 51335 (time=2566.75), 0.0315836 s/step
on time step 51469 (time=2573.45), 0.0300271 s/step
on time step 51604 (time=2580.2), 0.0298046 s/step
on time step 51737 (time=2586.85), 0.0302043 s/step
on time step 51873 (time=2593.65), 0.0294325 s/step
on time step 52006 (time=2600.3), 0.0300881 s/step
Meep progress: 2604.1000000000004/2659.4406003042964 = 97.9% done in 1620.9s, 34.4s to go
on time step 52136 (time=2606.8), 0.0310928 s/step
on time step 52267 (time=2613.35), 0.0306114 s/step
on time step 52401 (time=2620.05), 0.0300199 s/step
on time step 52533 (time=2626.65), 0.030392 s/step
on time step 52665 (time=2633.25), 0.0305346 s/step
on time step 52799 (time=2639.95), 0.0300496 s/step
on time step 52933 (time=2646.65), 0.0298623 s/step
on time step 53068 (time=2653.4), 0.0297186 s/step
Meep progress: 2653.75/2659.4406003042964 = 99.8% done in 1650.9s, 3.5s to go
run 0 finished at t = 2659.4500000000003 (53189 timesteps)
field decay(t = 2659.4500000000003): 2.2884474054981814e-18 / 2.2884474054981814e-18 = 1.0
on time step 53196 (time=2659.8), 0.0313816 s/step
on time step 53313 (time=2665.65), 0.034372 s/step
on time step 53438 (time=2671.9), 0.0321109 s/step
on time step 53558 (time=2677.9), 0.0333519 s/step
on time step 53681 (time=2684.05), 0.0326111 s/step
on time step 53801 (time=2690.05), 0.0334184 s/step
on time step 53923 (time=2696.15), 0.033016 s/step
on time step 54041 (time=2702.05), 0.0340598 s/step
on time step 54159 (time=2707.95), 0.0339594 s/step
on time step 54282 (time=2714.1), 0.0325421 s/step
on time step 54402 (time=2720.1), 0.0333438 s/step
on time step 54525 (time=2726.25), 0.0326569 s/step
on time step 54645 (time=2732.25), 0.0333743 s/step
on time step 54769 (time=2738.45), 0.0325023 s/step
on time step 54888 (time=2744.4), 0.0338091 s/step
on time step 55014 (time=2750.7), 0.0318594 s/step
on time step 55138 (time=2756.9), 0.032329 s/step
on time step 55259 (time=2762.95), 0.0331109 s/step
on time step 55380 (time=2769), 0.0333886 s/step
on time step 55505 (time=2775.25), 0.0322249 s/step
on time step 55627 (time=2781.35), 0.0330379 s/step
on time step 55751 (time=2787.55), 0.0324332 s/step
on time step 55874 (time=2793.7), 0.0327364 s/step
on time step 55990 (time=2799.5), 0.0345337 s/step
on time step 56108 (time=2805.4), 0.0340872 s/step
on time step 56229 (time=2811.45), 0.0333074 s/step
on time step 56352 (time=2817.6), 0.0325949 s/step
on time step 56473 (time=2823.65), 0.0331988 s/step
on time step 56595 (time=2829.75), 0.0329661 s/step
on time step 56719 (time=2835.95), 0.0323047 s/step
on time step 56838 (time=2841.9), 0.0337139 s/step
on time step 56959 (time=2847.95), 0.0333669 s/step
on time step 57082 (time=2854.1), 0.0326286 s/step
on time step 57207 (time=2860.35), 0.0320245 s/step
on time step 57331 (time=2866.55), 0.0323499 s/step
on time step 57455 (time=2872.75), 0.0325005 s/step
on time step 57581 (time=2879.05), 0.0319445 s/step
on time step 57700 (time=2885), 0.033637 s/step
on time step 57818 (time=2890.9), 0.0340656 s/step
on time step 57936 (time=2896.8), 0.0340079 s/step
on time step 58058 (time=2902.9), 0.0330334 s/step
on time step 58179 (time=2908.95), 0.0333243 s/step
on time step 58298 (time=2914.9), 0.0336761 s/step
on time step 58416 (time=2920.8), 0.033964 s/step
on time step 58538 (time=2926.9), 0.0328237 s/step
on time step 58661 (time=2933.05), 0.0327161 s/step
on time step 58783 (time=2939.15), 0.0328976 s/step
on time step 58900 (time=2945), 0.0343222 s/step
on time step 59018 (time=2950.9), 0.0340998 s/step
on time step 59138 (time=2956.9), 0.0334151 s/step
on time step 59251 (time=2962.55), 0.0355116 s/step
on time step 59372 (time=2968.6), 0.0332647 s/step
on time step 59496 (time=2974.8), 0.0322926 s/step
on time step 59614 (time=2980.7), 0.0339345 s/step
on time step 59732 (time=2986.6), 0.0339423 s/step
on time step 59850 (time=2992.5), 0.0339466 s/step
on time step 59971 (time=2998.55), 0.0333147 s/step
on time step 60091 (time=3004.55), 0.0335928 s/step
on time step 60216 (time=3010.8), 0.0321213 s/step
on time step 60336 (time=3016.8), 0.0334782 s/step
on time step 60447 (time=3022.35), 0.0362258 s/step
on time step 60569 (time=3028.45), 0.0329761 s/step
on time step 60691 (time=3034.55), 0.0328114 s/step
on time step 60808 (time=3040.4), 0.0342345 s/step
on time step 60931 (time=3046.55), 0.0327514 s/step
on time step 61051 (time=3052.55), 0.0335561 s/step
on time step 61173 (time=3058.65), 0.0330595 s/step
on time step 61293 (time=3064.65), 0.0334294 s/step
on time step 61408 (time=3070.4), 0.034958 s/step
on time step 61534 (time=3076.7), 0.0318276 s/step
on time step 61654 (time=3082.7), 0.0334792 s/step
on time step 61782 (time=3089.1), 0.0314681 s/step
on time step 61908 (time=3095.4), 0.0319017 s/step
on time step 62031 (time=3101.55), 0.0326766 s/step
on time step 62154 (time=3107.7), 0.0326244 s/step
on time step 62280 (time=3114), 0.0317925 s/step
on time step 62400 (time=3120), 0.0334506 s/step
on time step 62518 (time=3125.9), 0.0339847 s/step
on time step 62636 (time=3131.8), 0.0339362 s/step
on time step 62762 (time=3138.1), 0.0319201 s/step
on time step 62882 (time=3144.1), 0.0333994 s/step
on time step 63006 (time=3150.3), 0.0324929 s/step
on time step 63128 (time=3156.4), 0.0328932 s/step
field decay(t = 3159.5): 4.23542341141211e-18 / 4.23542341141211e-18 = 1.0
on time step 63246 (time=3162.3), 0.034077 s/step
on time step 63364 (time=3168.2), 0.0341118 s/step
on time step 63487 (time=3174.35), 0.0327641 s/step
on time step 63609 (time=3180.45), 0.0328965 s/step
on time step 63729 (time=3186.45), 0.0333678 s/step
on time step 63841 (time=3192.05), 0.0357637 s/step
on time step 63957 (time=3197.85), 0.0347163 s/step
on time step 64077 (time=3203.85), 0.033595 s/step
on time step 64199 (time=3209.95), 0.0328787 s/step
on time step 64318 (time=3215.9), 0.033789 s/step
on time step 64432 (time=3221.6), 0.0351227 s/step
on time step 64555 (time=3227.75), 0.0326527 s/step
on time step 64673 (time=3233.65), 0.034173 s/step
on time step 64793 (time=3239.65), 0.033596 s/step
on time step 64911 (time=3245.55), 0.0341131 s/step
on time step 65032 (time=3251.6), 0.0331358 s/step
on time step 65156 (time=3257.8), 0.0323546 s/step
on time step 65279 (time=3263.95), 0.0325351 s/step
on time step 65403 (time=3270.15), 0.0324032 s/step
on time step 65525 (time=3276.25), 0.0328934 s/step
on time step 65646 (time=3282.3), 0.0330688 s/step
on time step 65768 (time=3288.4), 0.0330156 s/step
on time step 65888 (time=3294.4), 0.0333515 s/step
on time step 66009 (time=3300.45), 0.0333012 s/step
on time step 66133 (time=3306.65), 0.032282 s/step
on time step 66251 (time=3312.55), 0.0339309 s/step
on time step 66370 (time=3318.5), 0.0336746 s/step
on time step 66486 (time=3324.3), 0.0345677 s/step
on time step 66606 (time=3330.3), 0.0334709 s/step
on time step 66726 (time=3336.3), 0.0334361 s/step
on time step 66848 (time=3342.4), 0.0329457 s/step
on time step 66970 (time=3348.5), 0.0329631 s/step
on time step 67091 (time=3354.55), 0.0330579 s/step
on time step 67213 (time=3360.65), 0.0330117 s/step
on time step 67333 (time=3366.65), 0.0336043 s/step
on time step 67454 (time=3372.7), 0.0332157 s/step
on time step 67574 (time=3378.7), 0.033547 s/step
on time step 67695 (time=3384.75), 0.0330802 s/step
on time step 67817 (time=3390.85), 0.032878 s/step
on time step 67938 (time=3396.9), 0.0332684 s/step
on time step 68057 (time=3402.85), 0.03363 s/step
on time step 68179 (time=3408.95), 0.0329712 s/step
on time step 68301 (time=3415.05), 0.0331576 s/step
on time step 68419 (time=3420.95), 0.0341479 s/step
on time step 68538 (time=3426.9), 0.0336618 s/step
on time step 68660 (time=3433), 0.0327967 s/step
on time step 68782 (time=3439.1), 0.0328794 s/step
on time step 68900 (time=3445), 0.0339348 s/step
on time step 69016 (time=3450.8), 0.0346699 s/step
on time step 69135 (time=3456.75), 0.0336829 s/step
on time step 69260 (time=3463), 0.0322433 s/step
on time step 69382 (time=3469.1), 0.0330051 s/step
on time step 69503 (time=3475.15), 0.0331404 s/step
on time step 69620 (time=3481), 0.0341986 s/step
on time step 69744 (time=3487.2), 0.0324723 s/step
on time step 69863 (time=3493.15), 0.0339011 s/step
on time step 69984 (time=3499.2), 0.0332614 s/step
on time step 70103 (time=3505.15), 0.0337958 s/step
on time step 70225 (time=3511.25), 0.0328826 s/step
on time step 70346 (time=3517.3), 0.0332601 s/step
on time step 70467 (time=3523.35), 0.0331299 s/step
on time step 70588 (time=3529.4), 0.0331658 s/step
on time step 70708 (time=3535.4), 0.0334079 s/step
on time step 70827 (time=3541.35), 0.0338035 s/step
on time step 70946 (time=3547.3), 0.0336873 s/step
on time step 71064 (time=3553.2), 0.0339522 s/step
on time step 71190 (time=3559.5), 0.0318129 s/step
on time step 71315 (time=3565.75), 0.0323945 s/step
on time step 71433 (time=3571.65), 0.0339723 s/step
on time step 71559 (time=3577.95), 0.0318702 s/step
on time step 71683 (time=3584.15), 0.0323694 s/step
on time step 71801 (time=3590.05), 0.0339354 s/step
on time step 71917 (time=3595.85), 0.034722 s/step
on time step 72034 (time=3601.7), 0.0342785 s/step
on time step 72155 (time=3607.75), 0.0333654 s/step
on time step 72274 (time=3613.7), 0.0338393 s/step
on time step 72396 (time=3619.8), 0.0328482 s/step
on time step 72516 (time=3625.8), 0.0335154 s/step
on time step 72639 (time=3631.95), 0.0327373 s/step
on time step 72762 (time=3638.1), 0.0326375 s/step
on time step 72879 (time=3643.95), 0.034437 s/step
on time step 73003 (time=3650.15), 0.0323547 s/step
on time step 73124 (time=3656.2), 0.0330583 s/step
field decay(t = 3659.55): 9.078199165060664e-19 / 4.23542341141211e-18 = 0.21433982587431444
on time step 73246 (time=3662.3), 0.0328209 s/step
on time step 73369 (time=3668.45), 0.0326532 s/step
on time step 73495 (time=3674.75), 0.0318689 s/step
on time step 73617 (time=3680.85), 0.0329527 s/step
on time step 73741 (time=3687.05), 0.0322828 s/step
on time step 73861 (time=3693.05), 0.0335793 s/step
on time step 73982 (time=3699.1), 0.0331261 s/step
on time step 74104 (time=3705.2), 0.0328729 s/step
on time step 74228 (time=3711.4), 0.032493 s/step
on time step 74350 (time=3717.5), 0.0328752 s/step
on time step 74471 (time=3723.55), 0.0331433 s/step
on time step 74591 (time=3729.55), 0.0334977 s/step
on time step 74713 (time=3735.65), 0.0328798 s/step
on time step 74826 (time=3741.3), 0.0355596 s/step
on time step 74947 (time=3747.35), 0.0333093 s/step
on time step 75065 (time=3753.25), 0.0342905 s/step
on time step 75184 (time=3759.2), 0.0337782 s/step
on time step 75310 (time=3765.5), 0.0319121 s/step
on time step 75422 (time=3771.1), 0.0358589 s/step
on time step 75539 (time=3776.95), 0.0342906 s/step
on time step 75656 (time=3782.8), 0.0342744 s/step
on time step 75782 (time=3789.1), 0.0319867 s/step
on time step 75905 (time=3795.25), 0.0325594 s/step
on time step 76020 (time=3801), 0.0348071 s/step
on time step 76144 (time=3807.2), 0.0322811 s/step
on time step 76266 (time=3813.3), 0.0328065 s/step
on time step 76384 (time=3819.2), 0.0339994 s/step
on time step 76507 (time=3825.35), 0.0327332 s/step
on time step 76622 (time=3831.1), 0.0347955 s/step
on time step 76744 (time=3837.2), 0.0329859 s/step
on time step 76867 (time=3843.35), 0.0326062 s/step
on time step 76992 (time=3849.6), 0.0321865 s/step
on time step 77117 (time=3855.85), 0.0320226 s/step
on time step 77238 (time=3861.9), 0.0332907 s/step
on time step 77362 (time=3868.1), 0.0324282 s/step
on time step 77479 (time=3873.95), 0.0343459 s/step
on time step 77603 (time=3880.15), 0.0324369 s/step
on time step 77726 (time=3886.3), 0.0327659 s/step
on time step 77852 (time=3892.6), 0.0318607 s/step
on time step 77976 (time=3898.8), 0.0324293 s/step
on time step 78096 (time=3904.8), 0.033524 s/step
on time step 78218 (time=3910.9), 0.0328308 s/step
on time step 78333 (time=3916.65), 0.034898 s/step
on time step 78456 (time=3922.8), 0.0326797 s/step
on time step 78577 (time=3928.85), 0.0333064 s/step
on time step 78692 (time=3934.6), 0.0349475 s/step
on time step 78814 (time=3940.7), 0.0328802 s/step
on time step 78931 (time=3946.55), 0.0343932 s/step
on time step 79049 (time=3952.45), 0.0339479 s/step
on time step 79175 (time=3958.75), 0.0319106 s/step
on time step 79297 (time=3964.85), 0.0329877 s/step
on time step 79413 (time=3970.65), 0.0346492 s/step
on time step 79528 (time=3976.4), 0.0347969 s/step
on time step 79644 (time=3982.2), 0.0346546 s/step
on time step 79765 (time=3988.25), 0.0330682 s/step
on time step 79882 (time=3994.1), 0.034253 s/step
on time step 80002 (time=4000.1), 0.0335283 s/step
on time step 80124 (time=4006.2), 0.0329769 s/step
on time step 80247 (time=4012.35), 0.0326267 s/step
on time step 80363 (time=4018.15), 0.0346675 s/step
on time step 80487 (time=4024.35), 0.0325037 s/step
on time step 80608 (time=4030.4), 0.0332514 s/step
on time step 80728 (time=4036.4), 0.0335469 s/step
on time step 80848 (time=4042.4), 0.0334162 s/step
on time step 80969 (time=4048.45), 0.0331827 s/step
on time step 81090 (time=4054.5), 0.033121 s/step
on time step 81211 (time=4060.55), 0.0331699 s/step
on time step 81328 (time=4066.4), 0.0342826 s/step
on time step 81445 (time=4072.25), 0.0342841 s/step
on time step 81567 (time=4078.35), 0.033028 s/step
on time step 81687 (time=4084.35), 0.0335931 s/step
on time step 81809 (time=4090.45), 0.0328853 s/step
on time step 81926 (time=4096.3), 0.0343991 s/step
on time step 82047 (time=4102.35), 0.0331916 s/step
on time step 82166 (time=4108.3), 0.0337 s/step
on time step 82289 (time=4114.45), 0.0325662 s/step
on time step 82408 (time=4120.4), 0.0337141 s/step
on time step 82531 (time=4126.55), 0.0327067 s/step
on time step 82650 (time=4132.5), 0.0337611 s/step
on time step 82771 (time=4138.55), 0.0330723 s/step
on time step 82888 (time=4144.4), 0.0343388 s/step
on time step 83010 (time=4150.5), 0.0329463 s/step
on time step 83129 (time=4156.45), 0.0336472 s/step
field decay(t = 4159.6): 3.288459142244086e-19 / 4.23542341141211e-18 = 0.07764180396660032
on time step 83252 (time=4162.6), 0.0327597 s/step
on time step 83372 (time=4168.6), 0.0336087 s/step
on time step 83493 (time=4174.65), 0.0331217 s/step
on time step 83616 (time=4180.8), 0.032727 s/step
on time step 83737 (time=4186.85), 0.0332877 s/step
on time step 83860 (time=4193), 0.0325704 s/step
on time step 83980 (time=4199), 0.0333896 s/step
on time step 84100 (time=4205), 0.0335517 s/step
on time step 84223 (time=4211.15), 0.0325763 s/step
on time step 84343 (time=4217.15), 0.0335055 s/step
on time step 84464 (time=4223.2), 0.0332119 s/step
on time step 84585 (time=4229.25), 0.0332908 s/step
on time step 84704 (time=4235.2), 0.0337883 s/step
on time step 84823 (time=4241.15), 0.0337743 s/step
on time step 84944 (time=4247.2), 0.0332137 s/step
on time step 85065 (time=4253.25), 0.0330949 s/step
on time step 85186 (time=4259.3), 0.0331042 s/step
on time step 85306 (time=4265.3), 0.0335109 s/step
on time step 85425 (time=4271.25), 0.0338343 s/step
on time step 85545 (time=4277.25), 0.0335691 s/step
on time step 85670 (time=4283.5), 0.0321821 s/step
on time step 85793 (time=4289.65), 0.0327327 s/step
on time step 85916 (time=4295.8), 0.0325903 s/step
on time step 86034 (time=4301.7), 0.033934 s/step
on time step 86155 (time=4307.75), 0.0331692 s/step
on time step 86271 (time=4313.55), 0.0347271 s/step
on time step 86394 (time=4319.7), 0.0326776 s/step
on time step 86517 (time=4325.85), 0.0325264 s/step
on time step 86638 (time=4331.9), 0.0333672 s/step
on time step 86758 (time=4337.9), 0.0335085 s/step
on time step 86879 (time=4343.95), 0.0332864 s/step
on time step 87001 (time=4350.05), 0.0328136 s/step
on time step 87117 (time=4355.85), 0.0345053 s/step
on time step 87236 (time=4361.8), 0.0337572 s/step
on time step 87359 (time=4367.95), 0.0326379 s/step
on time step 87479 (time=4373.95), 0.0334445 s/step
on time step 87600 (time=4380), 0.0330934 s/step
on time step 87726 (time=4386.3), 0.0320587 s/step
on time step 87843 (time=4392.15), 0.0343223 s/step
on time step 87961 (time=4398.05), 0.034022 s/step
on time step 88081 (time=4404.05), 0.0334301 s/step
on time step 88201 (time=4410.05), 0.0334033 s/step
on time step 88323 (time=4416.15), 0.0329454 s/step
on time step 88444 (time=4422.2), 0.0331764 s/step
on time step 88569 (time=4428.45), 0.032111 s/step
on time step 88691 (time=4434.55), 0.0328841 s/step
on time step 88809 (time=4440.45), 0.0339137 s/step
on time step 88928 (time=4446.4), 0.033644 s/step
on time step 89051 (time=4452.55), 0.0326042 s/step
on time step 89167 (time=4458.35), 0.034502 s/step
on time step 89289 (time=4464.45), 0.0329037 s/step
on time step 89413 (time=4470.65), 0.0323513 s/step
on time step 89536 (time=4476.8), 0.0326535 s/step
on time step 89657 (time=4482.85), 0.0331168 s/step
on time step 89777 (time=4488.85), 0.0334002 s/step
on time step 89902 (time=4495.1), 0.0321802 s/step
on time step 90018 (time=4500.9), 0.0346409 s/step
on time step 90137 (time=4506.85), 0.0337446 s/step
on time step 90260 (time=4513), 0.0326617 s/step
on time step 90384 (time=4519.2), 0.0324475 s/step
on time step 90509 (time=4525.45), 0.0320778 s/step
on time step 90635 (time=4531.75), 0.0319368 s/step
on time step 90758 (time=4537.9), 0.0325504 s/step
on time step 90877 (time=4543.85), 0.0336857 s/step
on time step 90995 (time=4549.75), 0.0341276 s/step
on time step 91120 (time=4556), 0.0320138 s/step
on time step 91239 (time=4561.95), 0.0337303 s/step
on time step 91362 (time=4568.1), 0.0327674 s/step
on time step 91482 (time=4574.1), 0.0334841 s/step
on time step 91603 (time=4580.15), 0.0332526 s/step
on time step 91725 (time=4586.25), 0.0330046 s/step
on time step 91845 (time=4592.25), 0.0335415 s/step
on time step 91969 (time=4598.45), 0.0325082 s/step
on time step 92085 (time=4604.25), 0.0345797 s/step
on time step 92209 (time=4610.45), 0.0322591 s/step
on time step 92329 (time=4616.45), 0.0334529 s/step
on time step 92449 (time=4622.45), 0.0333981 s/step
on time step 92573 (time=4628.65), 0.0323643 s/step
on time step 92690 (time=4634.5), 0.0344348 s/step
on time step 92811 (time=4640.55), 0.0332347 s/step
on time step 92929 (time=4646.45), 0.0339917 s/step
on time step 93049 (time=4652.45), 0.0333883 s/step
on time step 93174 (time=4658.7), 0.0321715 s/step
field decay(t = 4659.650000000001): 8.465562287494385e-20 / 4.23542341141211e-18 = 0.019987523005809537
on time step 93296 (time=4664.8), 0.0331381 s/step
on time step 93416 (time=4670.8), 0.0334395 s/step
on time step 93537 (time=4676.85), 0.0331189 s/step
on time step 93658 (time=4682.9), 0.0332947 s/step
on time step 93782 (time=4689.1), 0.0324212 s/step
on time step 93904 (time=4695.2), 0.0328794 s/step
on time step 94028 (time=4701.4), 0.0323219 s/step
on time step 94151 (time=4707.55), 0.0326891 s/step
on time step 94276 (time=4713.8), 0.0321064 s/step
on time step 94397 (time=4719.85), 0.0332276 s/step
on time step 94517 (time=4725.85), 0.0334115 s/step
on time step 94642 (time=4732.1), 0.0321692 s/step
on time step 94766 (time=4738.3), 0.0323366 s/step
on time step 94888 (time=4744.4), 0.0329019 s/step
on time step 95005 (time=4750.25), 0.0344188 s/step
on time step 95130 (time=4756.5), 0.0322007 s/step
on time step 95254 (time=4762.7), 0.0323856 s/step
on time step 95371 (time=4768.55), 0.0343811 s/step
on time step 95492 (time=4774.6), 0.0330922 s/step
on time step 95613 (time=4780.65), 0.0331422 s/step
on time step 95739 (time=4786.95), 0.0319012 s/step
on time step 95866 (time=4793.3), 0.031603 s/step
on time step 95989 (time=4799.45), 0.0327072 s/step
on time step 96107 (time=4805.35), 0.0340923 s/step
on time step 96229 (time=4811.45), 0.0330012 s/step
on time step 96350 (time=4817.5), 0.0332688 s/step
on time step 96474 (time=4823.7), 0.0323998 s/step
on time step 96593 (time=4829.65), 0.0337138 s/step
on time step 96718 (time=4835.9), 0.0321265 s/step
on time step 96843 (time=4842.15), 0.0322016 s/step
on time step 96965 (time=4848.25), 0.0329365 s/step
on time step 97084 (time=4854.2), 0.0338962 s/step
on time step 97208 (time=4860.4), 0.0324478 s/step
on time step 97331 (time=4866.55), 0.0327701 s/step
on time step 97454 (time=4872.7), 0.0327926 s/step
on time step 97578 (time=4878.9), 0.0324331 s/step
on time step 97704 (time=4885.2), 0.0319325 s/step
on time step 97828 (time=4891.4), 0.0323212 s/step
on time step 97950 (time=4897.5), 0.0328806 s/step
on time step 98073 (time=4903.65), 0.0326712 s/step
on time step 98195 (time=4909.75), 0.0328983 s/step
on time step 98315 (time=4915.75), 0.0334304 s/step
on time step 98433 (time=4921.65), 0.0339233 s/step
on time step 98555 (time=4927.75), 0.0328401 s/step
on time step 98677 (time=4933.85), 0.0329843 s/step
on time step 98797 (time=4939.85), 0.0335862 s/step
on time step 98920 (time=4946), 0.032626 s/step
on time step 99043 (time=4952.15), 0.032601 s/step
on time step 99164 (time=4958.2), 0.0333123 s/step
on time step 99284 (time=4964.2), 0.0334424 s/step
on time step 99403 (time=4970.15), 0.0338754 s/step
on time step 99525 (time=4976.25), 0.0327978 s/step
on time step 99648 (time=4982.4), 0.0326041 s/step
on time step 99772 (time=4988.6), 0.0323709 s/step
on time step 99891 (time=4994.55), 0.0336888 s/step
on time step 100009 (time=5000.45), 0.0340999 s/step
on time step 100131 (time=5006.55), 0.0329234 s/step
on time step 100249 (time=5012.45), 0.0339263 s/step
on time step 100372 (time=5018.6), 0.0325518 s/step
on time step 100495 (time=5024.75), 0.032649 s/step
on time step 100617 (time=5030.85), 0.0330356 s/step
on time step 100734 (time=5036.7), 0.0344313 s/step
on time step 100853 (time=5042.65), 0.0336695 s/step
on time step 100972 (time=5048.6), 0.03367 s/step
on time step 101092 (time=5054.6), 0.0333814 s/step
on time step 101210 (time=5060.5), 0.0339454 s/step
on time step 101331 (time=5066.55), 0.0332953 s/step
on time step 101456 (time=5072.8), 0.0321257 s/step
on time step 101580 (time=5079), 0.0324715 s/step
on time step 101701 (time=5085.05), 0.0331953 s/step
on time step 101824 (time=5091.2), 0.0325864 s/step
on time step 101946 (time=5097.3), 0.0328236 s/step
on time step 102069 (time=5103.45), 0.0325533 s/step
on time step 102194 (time=5109.7), 0.0323161 s/step
on time step 102317 (time=5115.85), 0.032558 s/step
on time step 102440 (time=5122), 0.032719 s/step
on time step 102565 (time=5128.25), 0.0321414 s/step
on time step 102687 (time=5134.35), 0.033019 s/step
on time step 102803 (time=5140.15), 0.0345355 s/step
on time step 102924 (time=5146.2), 0.0331891 s/step
on time step 103041 (time=5152.05), 0.0342526 s/step
on time step 103163 (time=5158.15), 0.0329402 s/step
field decay(t = 5159.700000000001): 1.8898725388660442e-20 / 4.23542341141211e-18 = 0.0044620628336092425
run 1 finished at t = 5159.700000000001 (103194 timesteps)
WD: data/2021-12-17/ElongatedCirc_Close2Paper/
AlreadyDir
-----------
Initializing structure...
Splitting into 24 chunks by voxels
time for choose_chunkdivision = 0.00479686 s
Working in 2D dimensions.
Computational cell is 920 x 170 x 0 with resolution 10
     block, center = (0,0,0)
          size (1e+20,1e+20,1e+20)
          axes (1,0,0), (0,1,0), (0,0,1)
          dielectric constant epsilon diagonal = (1.99622,1.99622,1.99622)
     block, center = (0,0,0)
          size (1e+20,125,1e+20)
          axes (1,0,0), (0,1,0), (0,0,1)
          dielectric constant epsilon diagonal = (2.0746,2.0746,2.0746)
     block, center = (0,0,0)
          size (1e+20,8.2,1e+20)
          axes (1,0,0), (0,1,0), (0,0,1)
          dielectric constant epsilon diagonal = (2.08903,2.08903,2.08903)
     block, center = (0,62.5,0)
          size (158.8,141.2,1e+20)
          axes (1,0,0), (0,1,0), (0,0,1)
          dielectric constant epsilon diagonal = (1.99622,1.99622,1.99622)
     cylinder, center = (-79.4,62.5,0)
          radius 70.6, height 1e+20, axis (0, 0, 1)
          dielectric constant epsilon diagonal = (1.99622,1.99622,1.99622)
     cylinder, center = (79.4,62.5,0)
          radius 70.6, height 1e+20, axis (0, 0, 1)
          dielectric constant epsilon diagonal = (1.99622,1.99622,1.99622)
time for set_epsilon = 0.600817 s
-----------
MPB solved for frequency_1(0.4,0,0) = 0.277333 after 75 iters
MPB solved for frequency_1(0.931194,0,0) = 0.644871 after 63 iters
MPB solved for frequency_1(0.931613,0,0) = 0.645161 after 16 iters
MPB solved for frequency_1(0.931613,0,0) = 0.645161 after 1 iters
Meep: using output directory 'data/2021-12-17/ElongatedCirc_Close2Paper/'


Actual Run


on time step 83 (time=4.15), 0.0482376 s/step
on time step 215 (time=10.75), 0.0304392 s/step
on time step 345 (time=17.25), 0.0308603 s/step
on time step 480 (time=24), 0.0298296 s/step
on time step 617 (time=30.85), 0.0293329 s/step
on time step 752 (time=37.6), 0.0298321 s/step
on time step 881 (time=44.05), 0.0310755 s/step
Meep progress: 47.150000000000006/1329.7203001521482 = 3.5% done in 30.0s, 816.4s to go
on time step 1011 (time=50.55), 0.0309068 s/step
on time step 1142 (time=57.1), 0.0306545 s/step
on time step 1271 (time=63.55), 0.031163 s/step
on time step 1405 (time=70.25), 0.02986 s/step
on time step 1535 (time=76.75), 0.0308451 s/step
on time step 1670 (time=83.5), 0.0297906 s/step
on time step 1806 (time=90.3), 0.0294763 s/step
Meep progress: 96.65/1329.7203001521482 = 7.3% done in 60.0s, 765.8s to go
on time step 1938 (time=96.9), 0.0303874 s/step
on time step 2066 (time=103.3), 0.0314518 s/step
on time step 2198 (time=109.9), 0.0305026 s/step
on time step 2330 (time=116.5), 0.0303821 s/step
on time step 2458 (time=122.9), 0.0314313 s/step
on time step 2595 (time=129.75), 0.0293414 s/step
on time step 2725 (time=136.25), 0.0308056 s/step
on time step 2853 (time=142.65), 0.031424 s/step
Meep progress: 145.45000000000002/1329.7203001521482 = 10.9% done in 90.0s, 733.1s to go
on time step 2989 (time=149.45), 0.0296259 s/step
on time step 3122 (time=156.1), 0.0302495 s/step
on time step 3246 (time=162.3), 0.0323953 s/step
on time step 3376 (time=168.8), 0.0308947 s/step
on time step 3500 (time=175), 0.0324744 s/step
on time step 3629 (time=181.45), 0.0311309 s/step
on time step 3757 (time=187.85), 0.0314026 s/step
Meep progress: 193.4/1329.7203001521482 = 14.5% done in 120.0s, 705.3s to go
on time step 3883 (time=194.15), 0.0318815 s/step
on time step 4009 (time=200.45), 0.0319282 s/step
on time step 4137 (time=206.85), 0.0313624 s/step
on time step 4255 (time=212.75), 0.0339719 s/step
on time step 4372 (time=218.6), 0.0343349 s/step
on time step 4494 (time=224.7), 0.0329043 s/step
on time step 4626 (time=231.3), 0.0304439 s/step
on time step 4753 (time=237.65), 0.0315837 s/step
Meep progress: 239.9/1329.7203001521482 = 18.0% done in 150.1s, 681.7s to go
on time step 4881 (time=244.05), 0.0313354 s/step
on time step 5008 (time=250.4), 0.0316672 s/step
on time step 5128 (time=256.4), 0.0334028 s/step
on time step 5252 (time=262.6), 0.0323142 s/step
on time step 5375 (time=268.75), 0.0326393 s/step
on time step 5500 (time=275), 0.0321294 s/step
on time step 5623 (time=281.15), 0.0326497 s/step
Meep progress: 286.15000000000003/1329.7203001521482 = 21.5% done in 180.1s, 656.7s to go
on time step 5744 (time=287.2), 0.0330755 s/step
on time step 5866 (time=293.3), 0.0328287 s/step
on time step 5996 (time=299.8), 0.0308303 s/step
on time step 6126 (time=306.3), 0.0309126 s/step
on time step 6252 (time=312.6), 0.0318318 s/step
on time step 6377 (time=318.85), 0.0320629 s/step
