Using MPI version 3.1, 64 processes
WD: data/2021-11-20/LargeModelPDMS/
AlreadyDir
-----------
Initializing structure...
Splitting into 64 chunks by voxels
time for choose_chunkdivision = 0.00532691 s
Working in 2D dimensions.
Computational cell is 1710 x 100 x 0 with resolution 6
     block, center = (0,0,0)
          size (1e+20,1e+20,1e+20)
          axes (1,0,0), (0,1,0), (0,0,1)
          dielectric constant epsilon diagonal = (1.9881,1.9881,1.9881)
     block, center = (0,-26.25,0)
          size (1e+20,62.5,1e+20)
          axes (1,0,0), (0,1,0), (0,0,1)
          dielectric constant epsilon diagonal = (2.0736,2.0736,2.0736)
     block, center = (0,0,0)
          size (1e+20,8.2,1e+20)
          axes (1,0,0), (0,1,0), (0,0,1)
          dielectric constant epsilon diagonal = (2.08803,2.08803,2.08803)
time for set_epsilon = 0.241565 s
-----------
MPB solved for frequency_1(0.4,0,0) = 0.277839 after 44 iters
MPB solved for frequency_1(0.931237,0,0) = 0.645169 after 34 iters
MPB solved for frequency_1(0.931226,0,0) = 0.645161 after 3 iters
MPB solved for frequency_1(0.931226,0,0) = 0.645161 after 1 iters
Meep: using output directory 'data/2021-11-20/LargeModelPDMS/'
Vector3<850.0, 0.0, 0.0>
on time step 75 (time=6.25), 0.0533551 s/step
on time step 413 (time=34.4167), 0.0118526 s/step
on time step 744 (time=62), 0.0121068 s/step
on time step 1083 (time=90.25), 0.0118293 s/step
on time step 1418 (time=118.167), 0.0119709 s/step
on time step 1758 (time=146.5), 0.0117793 s/step
on time step 2097 (time=174.75), 0.0118299 s/step
on time step 2432 (time=202.667), 0.0119755 s/step
on time step 2772 (time=231), 0.0117796 s/step
on time step 3111 (time=259.25), 0.0118223 s/step
on time step 3451 (time=287.583), 0.0117985 s/step
on time step 3788 (time=315.667), 0.0118763 s/step
on time step 4120 (time=343.333), 0.0120644 s/step
on time step 4456 (time=371.333), 0.0119329 s/step
on time step 4795 (time=399.583), 0.0118015 s/step
on time step 5136 (time=428), 0.0117475 s/step
on time step 5477 (time=456.417), 0.0117638 s/step
on time step 5816 (time=484.667), 0.0118345 s/step
on time step 6154 (time=512.833), 0.0118575 s/step
on time step 6494 (time=541.167), 0.0117741 s/step
on time step 6834 (time=569.5), 0.0117952 s/step
on time step 7170 (time=597.5), 0.0119108 s/step
on time step 7510 (time=625.833), 0.0117661 s/step
on time step 7851 (time=654.25), 0.0117327 s/step
on time step 8187 (time=682.25), 0.0119395 s/step
on time step 8528 (time=710.667), 0.0117326 s/step
on time step 8869 (time=739.083), 0.0117541 s/step
on time step 9208 (time=767.333), 0.0118052 s/step
on time step 9544 (time=795.333), 0.0119323 s/step
on time step 9882 (time=823.5), 0.0118359 s/step
on time step 10220 (time=851.667), 0.0118633 s/step
on time step 10559 (time=879.917), 0.0118161 s/step
on time step 10898 (time=908.167), 0.0118134 s/step
on time step 11238 (time=936.5), 0.0117678 s/step
on time step 11574 (time=964.5), 0.0119129 s/step
on time step 11912 (time=992.667), 0.0118403 s/step
run 0 finished at t = 1000.1666666666666 (12002 timesteps)
WD: data/2021-11-20/LargeModelPDMS/
AlreadyDir
-----------
Initializing structure...
Splitting into 64 chunks by voxels
time for choose_chunkdivision = 0.00547264 s
Working in 2D dimensions.
Computational cell is 1710 x 100 x 0 with resolution 6
     block, center = (0,0,0)
          size (1e+20,1e+20,1e+20)
          axes (1,0,0), (0,1,0), (0,0,1)
          dielectric constant epsilon diagonal = (1.9881,1.9881,1.9881)
     block, center = (0,-26.25,0)
          size (1e+20,62.5,1e+20)
          axes (1,0,0), (0,1,0), (0,0,1)
          dielectric constant epsilon diagonal = (2.0736,2.0736,2.0736)
     block, center = (0,0,0)
          size (1e+20,8.2,1e+20)
          axes (1,0,0), (0,1,0), (0,0,1)
          dielectric constant epsilon diagonal = (2.08803,2.08803,2.08803)
     block, center = (-500,-10.9,0)
          size (100,40,1e+20)
          axes (1,0,0), (0,1,0), (0,0,1)
          dielectric constant epsilon diagonal = (1.9881,1.9881,1.9881)
     block, center = (500,-10.9,0)
          size (100,40,1e+20)
          axes (1,0,0), (0,1,0), (0,0,1)
          dielectric constant epsilon diagonal = (1.9881,1.9881,1.9881)
time for set_epsilon = 0.10571 s
-----------
MPB solved for frequency_1(0.4,0,0) = 0.277839 after 44 iters
MPB solved for frequency_1(0.931237,0,0) = 0.645169 after 34 iters
MPB solved for frequency_1(0.931226,0,0) = 0.645161 after 3 iters
MPB solved for frequency_1(0.931226,0,0) = 0.645161 after 1 iters
Meep: using output directory 'data/2021-11-20/LargeModelPDMS/'
Actual Simtime: 3.3333333333333334e-09
creating output file "data/2021-11-20/LargeModelPDMS//RunBulkExperiment-eps-000000.00.h5"...
on time step 86 (time=7.16667), 0.0466032 s/step
on time step 426 (time=35.5), 0.011792 s/step
on time step 761 (time=63.4167), 0.0119444 s/step
on time step 1102 (time=91.8333), 0.0117539 s/step
on time step 1442 (time=120.167), 0.0117749 s/step
on time step 1782 (time=148.5), 0.011784 s/step
on time step 2119 (time=176.583), 0.0118834 s/step
on time step 2458 (time=204.833), 0.0118229 s/step
on time step 2796 (time=233), 0.0118347 s/step
on time step 3136 (time=261.333), 0.0117663 s/step
on time step 3476 (time=289.667), 0.0117888 s/step
on time step 3817 (time=318.083), 0.0117437 s/step
on time step 4156 (time=346.333), 0.0118132 s/step
on time step 4497 (time=374.75), 0.0117628 s/step
on time step 4839 (time=403.25), 0.011718 s/step
on time step 5181 (time=431.75), 0.0117179 s/step
on time step 5522 (time=460.167), 0.011756 s/step
on time step 5859 (time=488.25), 0.0118946 s/step
on time step 6202 (time=516.833), 0.0116862 s/step
on time step 6544 (time=545.333), 0.0117104 s/step
on time step 6886 (time=573.833), 0.0117308 s/step
on time step 7226 (time=602.167), 0.0117917 s/step
on time step 7567 (time=630.583), 0.01175 s/step
on time step 7908 (time=659), 0.0117575 s/step
on time step 8250 (time=687.5), 0.0117197 s/step
on time step 8591 (time=715.917), 0.0117579 s/step
on time step 8933 (time=744.417), 0.0117103 s/step
on time step 9274 (time=772.833), 0.01175 s/step
on time step 9615 (time=801.25), 0.0117562 s/step
on time step 9956 (time=829.667), 0.011756 s/step
on time step 10299 (time=858.25), 0.0116868 s/step
on time step 10641 (time=886.75), 0.0117092 s/step
on time step 10978 (time=914.833), 0.0118696 s/step
on time step 11320 (time=943.333), 0.0117016 s/step
on time step 11662 (time=971.833), 0.0117035 s/step
Traceback (most recent call last):
  File "/share/nobackup/b5025250/MEEP_Models/SidePolishedFabryPerot/TransmissionAndReflectanceModel/RunBulkExperiment.py", line 44, in <module>
    Model.AutoRun()
  File "/share/nobackup/b5025250/MEEP_Models/SidePolishedFabryPerot/TransmissionAndReflectanceModel/Model.py", line 311, in AutoRun
    Rs = np.append(Rs,-refl_flux[i]/self.norm_tran[i])
ZeroDivisionError: float division by zero
Traceback (most recent call last):
  File "/share/nobackup/b5025250/MEEP_Models/SidePolishedFabryPerot/TransmissionAndReflectanceModel/RunBulkExperiment.py", line 44, in <module>
Traceback (most recent call last):
  File "/share/nobackup/b5025250/MEEP_Models/SidePolishedFabryPerot/TransmissionAndReflectanceModel/RunBulkExperiment.py", line 44, in <module>
    Model.AutoRun()
  File "/share/nobackup/b5025250/MEEP_Models/SidePolishedFabryPerot/TransmissionAndReflectanceModel/Model.py", line 311, in AutoRun
    Rs = np.append(Rs,-refl_flux[i]/self.norm_tran[i])
ZeroDivisionError: float division by zero
Traceback (most recent call last):
  File "/share/nobackup/b5025250/MEEP_Models/SidePolishedFabryPerot/TransmissionAndReflectanceModel/RunBulkExperiment.py", line 44, in <module>
    Model.AutoRun()
  File "/share/nobackup/b5025250/MEEP_Models/SidePolishedFabryPerot/TransmissionAndReflectanceModel/Model.py", line 311, in AutoRun
    Rs = np.append(Rs,-refl_flux[i]/self.norm_tran[i])
ZeroDivisionError: float division by zero
    Model.AutoRun()
  File "/share/nobackup/b5025250/MEEP_Models/SidePolishedFabryPerot/TransmissionAndReflectanceModel/Model.py", line 311, in AutoRun
    Rs = np.append(Rs,-refl_flux[i]/self.norm_tran[i])
ZeroDivisionError: float division by zero
Traceback (most recent call last):
  File "/share/nobackup/b5025250/MEEP_Models/SidePolishedFabryPerot/TransmissionAndReflectanceModel/RunBulkExperiment.py", line 44, in <module>
    Model.AutoRun()
  File "/share/nobackup/b5025250/MEEP_Models/SidePolishedFabryPerot/TransmissionAndReflectanceModel/Model.py", line 311, in AutoRun
    Rs = np.append(Rs,-refl_flux[i]/self.norm_tran[i])
ZeroDivisionError: float division by zero
Traceback (most recent call last):
  File "/share/nobackup/b5025250/MEEP_Models/SidePolishedFabryPerot/TransmissionAndReflectanceModel/RunBulkExperiment.py", line 44, in <module>
    Model.AutoRun()
  File "/share/nobackup/b5025250/MEEP_Models/SidePolishedFabryPerot/TransmissionAndReflectanceModel/Model.py", line 311, in AutoRun
    Rs = np.append(Rs,-refl_flux[i]/self.norm_tran[i])
ZeroDivisionError: float division by zero
Traceback (most recent call last):
  File "/share/nobackup/b5025250/MEEP_Models/SidePolishedFabryPerot/TransmissionAndReflectanceModel/RunBulkExperiment.py", line 44, in <module>
    Model.AutoRun()
  File "/share/nobackup/b5025250/MEEP_Models/SidePolishedFabryPerot/TransmissionAndReflectanceModel/Model.py", line 311, in AutoRun
    Rs = np.append(Rs,-refl_flux[i]/self.norm_tran[i])
ZeroDivisionError: float division by zero
Traceback (most recent call last):
  File "/share/nobackup/b5025250/MEEP_Models/SidePolishedFabryPerot/TransmissionAndReflectanceModel/RunBulkExperiment.py", line 44, in <module>
    Model.AutoRun()
  File "/share/nobackup/b5025250/MEEP_Models/SidePolishedFabryPerot/TransmissionAndReflectanceModel/Model.py", line 311, in AutoRun
    Rs = np.append(Rs,-refl_flux[i]/self.norm_tran[i])
ZeroDivisionError: float division by zero
run 0 finished at t = 1000.1666666666666 (12002 timesteps)
Traceback (most recent call last):
  File "/share/nobackup/b5025250/MEEP_Models/SidePolishedFabryPerot/TransmissionAndReflectanceModel/RunBulkExperiment.py", line 44, in <module>
    Model.AutoRun()
  File "/share/nobackup/b5025250/MEEP_Models/SidePolishedFabryPerot/TransmissionAndReflectanceModel/Model.py", line 311, in AutoRun
    Rs = np.append(Rs,-refl_flux[i]/self.norm_tran[i])
ZeroDivisionError: float division by zero

Elapsed run time = 295.3131 s
Traceback (most recent call last):
  File "/share/nobackup/b5025250/MEEP_Models/SidePolishedFabryPerot/TransmissionAndReflectanceModel/RunBulkExperiment.py", line 44, in <module>
    Model.AutoRun()
  File "/share/nobackup/b5025250/MEEP_Models/SidePolishedFabryPerot/TransmissionAndReflectanceModel/Model.py", line 311, in AutoRun
    Rs = np.append(Rs,-refl_flux[i]/self.norm_tran[i])
ZeroDivisionError: float division by zero
Traceback (most recent call last):
  File "/share/nobackup/b5025250/MEEP_Models/SidePolishedFabryPerot/TransmissionAndReflectanceModel/RunBulkExperiment.py", line 44, in <module>
    Model.AutoRun()
  File "/share/nobackup/b5025250/MEEP_Models/SidePolishedFabryPerot/TransmissionAndReflectanceModel/Model.py", line 311, in AutoRun
    Rs = np.append(Rs,-refl_flux[i]/self.norm_tran[i])
ZeroDivisionError: float division by zero
Traceback (most recent call last):
  File "/share/nobackup/b5025250/MEEP_Models/SidePolishedFabryPerot/TransmissionAndReflectanceModel/RunBulkExperiment.py", line 44, in <module>
    Model.AutoRun()
  File "/share/nobackup/b5025250/MEEP_Models/SidePolishedFabryPerot/TransmissionAndReflectanceModel/Model.py", line 311, in AutoRun
    Rs = np.append(Rs,-refl_flux[i]/self.norm_tran[i])
ZeroDivisionError: float division by zero
Traceback (most recent call last):
  File "/share/nobackup/b5025250/MEEP_Models/SidePolishedFabryPerot/TransmissionAndReflectanceModel/RunBulkExperiment.py", line 44, in <module>
    Model.AutoRun()
  File "/share/nobackup/b5025250/MEEP_Models/SidePolishedFabryPerot/TransmissionAndReflectanceModel/Model.py", line 311, in AutoRun
    Rs = np.append(Rs,-refl_flux[i]/self.norm_tran[i])
ZeroDivisionError: float division by zero
Traceback (most recent call last):
  File "/share/nobackup/b5025250/MEEP_Models/SidePolishedFabryPerot/TransmissionAndReflectanceModel/RunBulkExperiment.py", line 44, in <module>
    Model.AutoRun()
  File "/share/nobackup/b5025250/MEEP_Models/SidePolishedFabryPerot/TransmissionAndReflectanceModel/Model.py", line 311, in AutoRun
    Rs = np.append(Rs,-refl_flux[i]/self.norm_tran[i])
ZeroDivisionError: float division by zero
Traceback (most recent call last):
  File "/share/nobackup/b5025250/MEEP_Models/SidePolishedFabryPerot/TransmissionAndReflectanceModel/RunBulkExperiment.py", line 44, in <module>
    Model.AutoRun()
  File "/share/nobackup/b5025250/MEEP_Models/SidePolishedFabryPerot/TransmissionAndReflectanceModel/Model.py", line 311, in AutoRun
    Rs = np.append(Rs,-refl_flux[i]/self.norm_tran[i])
ZeroDivisionError: float division by zero
Traceback (most recent call last):
  File "/share/nobackup/b5025250/MEEP_Models/SidePolishedFabryPerot/TransmissionAndReflectanceModel/RunBulkExperiment.py", line 44, in <module>
    Model.AutoRun()
  File "/share/nobackup/b5025250/MEEP_Models/SidePolishedFabryPerot/TransmissionAndReflectanceModel/Model.py", line 311, in AutoRun
    Rs = np.append(Rs,-refl_flux[i]/self.norm_tran[i])
ZeroDivisionError: float division by zero
Traceback (most recent call last):
  File "/share/nobackup/b5025250/MEEP_Models/SidePolishedFabryPerot/TransmissionAndReflectanceModel/RunBulkExperiment.py", line 44, in <module>
    Model.AutoRun()
  File "/share/nobackup/b5025250/MEEP_Models/SidePolishedFabryPerot/TransmissionAndReflectanceModel/Model.py", line 311, in AutoRun
    Rs = np.append(Rs,-refl_flux[i]/self.norm_tran[i])
ZeroDivisionError: float division by zero
Traceback (most recent call last):
  File "/share/nobackup/b5025250/MEEP_Models/SidePolishedFabryPerot/TransmissionAndReflectanceModel/RunBulkExperiment.py", line 44, in <module>
    Model.AutoRun()
  File "/share/nobackup/b5025250/MEEP_Models/SidePolishedFabryPerot/TransmissionAndReflectanceModel/Model.py", line 311, in AutoRun
    Rs = np.append(Rs,-refl_flux[i]/self.norm_tran[i])
ZeroDivisionError: float division by zero
Traceback (most recent call last):
  File "/share/nobackup/b5025250/MEEP_Models/SidePolishedFabryPerot/TransmissionAndReflectanceModel/RunBulkExperiment.py", line 44, in <module>
    Model.AutoRun()
  File "/share/nobackup/b5025250/MEEP_Models/SidePolishedFabryPerot/TransmissionAndReflectanceModel/Model.py", line 311, in AutoRun
    Rs = np.append(Rs,-refl_flux[i]/self.norm_tran[i])
ZeroDivisionError: float division by zero
Traceback (most recent call last):
  File "/share/nobackup/b5025250/MEEP_Models/SidePolishedFabryPerot/TransmissionAndReflectanceModel/RunBulkExperiment.py", line 44, in <module>
    Model.AutoRun()
  File "/share/nobackup/b5025250/MEEP_Models/SidePolishedFabryPerot/TransmissionAndReflectanceModel/Model.py", line 311, in AutoRun
    Rs = np.append(Rs,-refl_flux[i]/self.norm_tran[i])
ZeroDivisionError: float division by zero
Traceback (most recent call last):
  File "/share/nobackup/b5025250/MEEP_Models/SidePolishedFabryPerot/TransmissionAndReflectanceModel/RunBulkExperiment.py", line 44, in <module>
    Model.AutoRun()
  File "/share/nobackup/b5025250/MEEP_Models/SidePolishedFabryPerot/TransmissionAndReflectanceModel/Model.py", line 311, in AutoRun
    Rs = np.append(Rs,-refl_flux[i]/self.norm_tran[i])
ZeroDivisionError: float division by zero
Traceback (most recent call last):
  File "/share/nobackup/b5025250/MEEP_Models/SidePolishedFabryPerot/TransmissionAndReflectanceModel/RunBulkExperiment.py", line 44, in <module>
    Model.AutoRun()
  File "/share/nobackup/b5025250/MEEP_Models/SidePolishedFabryPerot/TransmissionAndReflectanceModel/Model.py", line 311, in AutoRun
    Rs = np.append(Rs,-refl_flux[i]/self.norm_tran[i])
ZeroDivisionError: float division by zero
Traceback (most recent call last):
  File "/share/nobackup/b5025250/MEEP_Models/SidePolishedFabryPerot/TransmissionAndReflectanceModel/RunBulkExperiment.py", line 44, in <module>
    Model.AutoRun()
  File "/share/nobackup/b5025250/MEEP_Models/SidePolishedFabryPerot/TransmissionAndReflectanceModel/Model.py", line 311, in AutoRun
    Rs = np.append(Rs,-refl_flux[i]/self.norm_tran[i])
ZeroDivisionError: float division by zero
Traceback (most recent call last):
  File "/share/nobackup/b5025250/MEEP_Models/SidePolishedFabryPerot/TransmissionAndReflectanceModel/RunBulkExperiment.py", line 44, in <module>
    Model.AutoRun()
  File "/share/nobackup/b5025250/MEEP_Models/SidePolishedFabryPerot/TransmissionAndReflectanceModel/Model.py", line 311, in AutoRun
    Rs = np.append(Rs,-refl_flux[i]/self.norm_tran[i])
ZeroDivisionError: float division by zero
Traceback (most recent call last):
  File "/share/nobackup/b5025250/MEEP_Models/SidePolishedFabryPerot/TransmissionAndReflectanceModel/RunBulkExperiment.py", line 44, in <module>
    Model.AutoRun()
  File "/share/nobackup/b5025250/MEEP_Models/SidePolishedFabryPerot/TransmissionAndReflectanceModel/Model.py", line 311, in AutoRun
    Rs = np.append(Rs,-refl_flux[i]/self.norm_tran[i])
ZeroDivisionError: float division by zero
Traceback (most recent call last):
  File "/share/nobackup/b5025250/MEEP_Models/SidePolishedFabryPerot/TransmissionAndReflectanceModel/RunBulkExperiment.py", line 44, in <module>
    Model.AutoRun()
  File "/share/nobackup/b5025250/MEEP_Models/SidePolishedFabryPerot/TransmissionAndReflectanceModel/Model.py", line 311, in AutoRun
    Rs = np.append(Rs,-refl_flux[i]/self.norm_tran[i])
ZeroDivisionError: float division by zero
Traceback (most recent call last):
  File "/share/nobackup/b5025250/MEEP_Models/SidePolishedFabryPerot/TransmissionAndReflectanceModel/RunBulkExperiment.py", line 44, in <module>
    Model.AutoRun()
  File "/share/nobackup/b5025250/MEEP_Models/SidePolishedFabryPerot/TransmissionAndReflectanceModel/Model.py", line 311, in AutoRun
    Rs = np.append(Rs,-refl_flux[i]/self.norm_tran[i])
ZeroDivisionError: float division by zero
Traceback (most recent call last):
  File "/share/nobackup/b5025250/MEEP_Models/SidePolishedFabryPerot/TransmissionAndReflectanceModel/RunBulkExperiment.py", line 44, in <module>
    Model.AutoRun()
  File "/share/nobackup/b5025250/MEEP_Models/SidePolishedFabryPerot/TransmissionAndReflectanceModel/Model.py", line 311, in AutoRun
    Rs = np.append(Rs,-refl_flux[i]/self.norm_tran[i])
ZeroDivisionError: float division by zero
Traceback (most recent call last):
  File "/share/nobackup/b5025250/MEEP_Models/SidePolishedFabryPerot/TransmissionAndReflectanceModel/RunBulkExperiment.py", line 44, in <module>
    Model.AutoRun()
  File "/share/nobackup/b5025250/MEEP_Models/SidePolishedFabryPerot/TransmissionAndReflectanceModel/Model.py", line 311, in AutoRun
    Rs = np.append(Rs,-refl_flux[i]/self.norm_tran[i])
ZeroDivisionError: float division by zero
Traceback (most recent call last):
  File "/share/nobackup/b5025250/MEEP_Models/SidePolishedFabryPerot/TransmissionAndReflectanceModel/RunBulkExperiment.py", line 44, in <module>
    Model.AutoRun()
  File "/share/nobackup/b5025250/MEEP_Models/SidePolishedFabryPerot/TransmissionAndReflectanceModel/Model.py", line 311, in AutoRun
    Rs = np.append(Rs,-refl_flux[i]/self.norm_tran[i])
ZeroDivisionError: float division by zero
Traceback (most recent call last):
  File "/share/nobackup/b5025250/MEEP_Models/SidePolishedFabryPerot/TransmissionAndReflectanceModel/RunBulkExperiment.py", line 44, in <module>
    Model.AutoRun()
  File "/share/nobackup/b5025250/MEEP_Models/SidePolishedFabryPerot/TransmissionAndReflectanceModel/Model.py", line 311, in AutoRun
    Rs = np.append(Rs,-refl_flux[i]/self.norm_tran[i])
ZeroDivisionError: float division by zero
Traceback (most recent call last):
  File "/share/nobackup/b5025250/MEEP_Models/SidePolishedFabryPerot/TransmissionAndReflectanceModel/RunBulkExperiment.py", line 44, in <module>
    Model.AutoRun()
  File "/share/nobackup/b5025250/MEEP_Models/SidePolishedFabryPerot/TransmissionAndReflectanceModel/Model.py", line 311, in AutoRun
    Rs = np.append(Rs,-refl_flux[i]/self.norm_tran[i])
ZeroDivisionError: float division by zero
Traceback (most recent call last):
  File "/share/nobackup/b5025250/MEEP_Models/SidePolishedFabryPerot/TransmissionAndReflectanceModel/RunBulkExperiment.py", line 44, in <module>
    Model.AutoRun()
  File "/share/nobackup/b5025250/MEEP_Models/SidePolishedFabryPerot/TransmissionAndReflectanceModel/Model.py", line 311, in AutoRun
    Rs = np.append(Rs,-refl_flux[i]/self.norm_tran[i])
ZeroDivisionError: float division by zero
Traceback (most recent call last):
  File "/share/nobackup/b5025250/MEEP_Models/SidePolishedFabryPerot/TransmissionAndReflectanceModel/RunBulkExperiment.py", line 44, in <module>
    Model.AutoRun()
  File "/share/nobackup/b5025250/MEEP_Models/SidePolishedFabryPerot/TransmissionAndReflectanceModel/Model.py", line 311, in AutoRun
    Rs = np.append(Rs,-refl_flux[i]/self.norm_tran[i])
ZeroDivisionError: float division by zero
Traceback (most recent call last):
  File "/share/nobackup/b5025250/MEEP_Models/SidePolishedFabryPerot/TransmissionAndReflectanceModel/RunBulkExperiment.py", line 44, in <module>
    Model.AutoRun()
  File "/share/nobackup/b5025250/MEEP_Models/SidePolishedFabryPerot/TransmissionAndReflectanceModel/Model.py", line 311, in AutoRun
    Rs = np.append(Rs,-refl_flux[i]/self.norm_tran[i])
ZeroDivisionError: float division by zero
Traceback (most recent call last):
  File "/share/nobackup/b5025250/MEEP_Models/SidePolishedFabryPerot/TransmissionAndReflectanceModel/RunBulkExperiment.py", line 44, in <module>
    Model.AutoRun()
  File "/share/nobackup/b5025250/MEEP_Models/SidePolishedFabryPerot/TransmissionAndReflectanceModel/Model.py", line 311, in AutoRun
    Rs = np.append(Rs,-refl_flux[i]/self.norm_tran[i])
ZeroDivisionError: float division by zero
Traceback (most recent call last):
  File "/share/nobackup/b5025250/MEEP_Models/SidePolishedFabryPerot/TransmissionAndReflectanceModel/RunBulkExperiment.py", line 44, in <module>
    Model.AutoRun()
  File "/share/nobackup/b5025250/MEEP_Models/SidePolishedFabryPerot/TransmissionAndReflectanceModel/Model.py", line 311, in AutoRun
    Rs = np.append(Rs,-refl_flux[i]/self.norm_tran[i])
ZeroDivisionError: float division by zero
Traceback (most recent call last):
  File "/share/nobackup/b5025250/MEEP_Models/SidePolishedFabryPerot/TransmissionAndReflectanceModel/RunBulkExperiment.py", line 44, in <module>
    Model.AutoRun()
  File "/share/nobackup/b5025250/MEEP_Models/SidePolishedFabryPerot/TransmissionAndReflectanceModel/Model.py", line 311, in AutoRun
    Rs = np.append(Rs,-refl_flux[i]/self.norm_tran[i])
ZeroDivisionError: float division by zero
Traceback (most recent call last):
  File "/share/nobackup/b5025250/MEEP_Models/SidePolishedFabryPerot/TransmissionAndReflectanceModel/RunBulkExperiment.py", line 44, in <module>
    Model.AutoRun()
  File "/share/nobackup/b5025250/MEEP_Models/SidePolishedFabryPerot/TransmissionAndReflectanceModel/Model.py", line 311, in AutoRun
    Rs = np.append(Rs,-refl_flux[i]/self.norm_tran[i])
ZeroDivisionError: float division by zero
Traceback (most recent call last):
  File "/share/nobackup/b5025250/MEEP_Models/SidePolishedFabryPerot/TransmissionAndReflectanceModel/RunBulkExperiment.py", line 44, in <module>
    Model.AutoRun()
  File "/share/nobackup/b5025250/MEEP_Models/SidePolishedFabryPerot/TransmissionAndReflectanceModel/Model.py", line 311, in AutoRun
    Rs = np.append(Rs,-refl_flux[i]/self.norm_tran[i])
ZeroDivisionError: float division by zero
Traceback (most recent call last):
  File "/share/nobackup/b5025250/MEEP_Models/SidePolishedFabryPerot/TransmissionAndReflectanceModel/RunBulkExperiment.py", line 44, in <module>
    Model.AutoRun()
  File "/share/nobackup/b5025250/MEEP_Models/SidePolishedFabryPerot/TransmissionAndReflectanceModel/Model.py", line 311, in AutoRun
    Rs = np.append(Rs,-refl_flux[i]/self.norm_tran[i])
ZeroDivisionError: float division by zero
Traceback (most recent call last):
  File "/share/nobackup/b5025250/MEEP_Models/SidePolishedFabryPerot/TransmissionAndReflectanceModel/RunBulkExperiment.py", line 44, in <module>
    Model.AutoRun()
  File "/share/nobackup/b5025250/MEEP_Models/SidePolishedFabryPerot/TransmissionAndReflectanceModel/Model.py", line 311, in AutoRun
    Rs = np.append(Rs,-refl_flux[i]/self.norm_tran[i])
ZeroDivisionError: float division by zero
Traceback (most recent call last):
  File "/share/nobackup/b5025250/MEEP_Models/SidePolishedFabryPerot/TransmissionAndReflectanceModel/RunBulkExperiment.py", line 44, in <module>
    Model.AutoRun()
  File "/share/nobackup/b5025250/MEEP_Models/SidePolishedFabryPerot/TransmissionAndReflectanceModel/Model.py", line 311, in AutoRun
    Rs = np.append(Rs,-refl_flux[i]/self.norm_tran[i])
ZeroDivisionError: float division by zero
Traceback (most recent call last):
  File "/share/nobackup/b5025250/MEEP_Models/SidePolishedFabryPerot/TransmissionAndReflectanceModel/RunBulkExperiment.py", line 44, in <module>
    Model.AutoRun()
  File "/share/nobackup/b5025250/MEEP_Models/SidePolishedFabryPerot/TransmissionAndReflectanceModel/Model.py", line 311, in AutoRun
    Rs = np.append(Rs,-refl_flux[i]/self.norm_tran[i])
ZeroDivisionError: float division by zero
Traceback (most recent call last):
  File "/share/nobackup/b5025250/MEEP_Models/SidePolishedFabryPerot/TransmissionAndReflectanceModel/RunBulkExperiment.py", line 44, in <module>
    Model.AutoRun()
  File "/share/nobackup/b5025250/MEEP_Models/SidePolishedFabryPerot/TransmissionAndReflectanceModel/Model.py", line 311, in AutoRun
    Rs = np.append(Rs,-refl_flux[i]/self.norm_tran[i])
ZeroDivisionError: float division by zero
Traceback (most recent call last):
  File "/share/nobackup/b5025250/MEEP_Models/SidePolishedFabryPerot/TransmissionAndReflectanceModel/RunBulkExperiment.py", line 44, in <module>
    Model.AutoRun()
  File "/share/nobackup/b5025250/MEEP_Models/SidePolishedFabryPerot/TransmissionAndReflectanceModel/Model.py", line 311, in AutoRun
    Rs = np.append(Rs,-refl_flux[i]/self.norm_tran[i])
ZeroDivisionError: float division by zero
Traceback (most recent call last):
  File "/share/nobackup/b5025250/MEEP_Models/SidePolishedFabryPerot/TransmissionAndReflectanceModel/RunBulkExperiment.py", line 44, in <module>
    Model.AutoRun()
  File "/share/nobackup/b5025250/MEEP_Models/SidePolishedFabryPerot/TransmissionAndReflectanceModel/Model.py", line 311, in AutoRun
    Rs = np.append(Rs,-refl_flux[i]/self.norm_tran[i])
ZeroDivisionError: float division by zero
Traceback (most recent call last):
  File "/share/nobackup/b5025250/MEEP_Models/SidePolishedFabryPerot/TransmissionAndReflectanceModel/RunBulkExperiment.py", line 44, in <module>
    Model.AutoRun()
  File "/share/nobackup/b5025250/MEEP_Models/SidePolishedFabryPerot/TransmissionAndReflectanceModel/Model.py", line 311, in AutoRun
    Rs = np.append(Rs,-refl_flux[i]/self.norm_tran[i])
ZeroDivisionError: float division by zero
Traceback (most recent call last):
  File "/share/nobackup/b5025250/MEEP_Models/SidePolishedFabryPerot/TransmissionAndReflectanceModel/RunBulkExperiment.py", line 44, in <module>
    Model.AutoRun()
  File "/share/nobackup/b5025250/MEEP_Models/SidePolishedFabryPerot/TransmissionAndReflectanceModel/Model.py", line 311, in AutoRun
    Rs = np.append(Rs,-refl_flux[i]/self.norm_tran[i])
ZeroDivisionError: float division by zero
Traceback (most recent call last):
  File "/share/nobackup/b5025250/MEEP_Models/SidePolishedFabryPerot/TransmissionAndReflectanceModel/RunBulkExperiment.py", line 44, in <module>
    Model.AutoRun()
  File "/share/nobackup/b5025250/MEEP_Models/SidePolishedFabryPerot/TransmissionAndReflectanceModel/Model.py", line 311, in AutoRun
    Rs = np.append(Rs,-refl_flux[i]/self.norm_tran[i])
ZeroDivisionError: float division by zero
Traceback (most recent call last):
  File "/share/nobackup/b5025250/MEEP_Models/SidePolishedFabryPerot/TransmissionAndReflectanceModel/RunBulkExperiment.py", line 44, in <module>
    Model.AutoRun()
  File "/share/nobackup/b5025250/MEEP_Models/SidePolishedFabryPerot/TransmissionAndReflectanceModel/Model.py", line 311, in AutoRun
    Rs = np.append(Rs,-refl_flux[i]/self.norm_tran[i])
ZeroDivisionError: float division by zero
Traceback (most recent call last):
  File "/share/nobackup/b5025250/MEEP_Models/SidePolishedFabryPerot/TransmissionAndReflectanceModel/RunBulkExperiment.py", line 44, in <module>
    Model.AutoRun()
  File "/share/nobackup/b5025250/MEEP_Models/SidePolishedFabryPerot/TransmissionAndReflectanceModel/Model.py", line 311, in AutoRun
    Rs = np.append(Rs,-refl_flux[i]/self.norm_tran[i])
ZeroDivisionError: float division by zero
Traceback (most recent call last):
  File "/share/nobackup/b5025250/MEEP_Models/SidePolishedFabryPerot/TransmissionAndReflectanceModel/RunBulkExperiment.py", line 44, in <module>
    Model.AutoRun()
  File "/share/nobackup/b5025250/MEEP_Models/SidePolishedFabryPerot/TransmissionAndReflectanceModel/Model.py", line 311, in AutoRun
    Rs = np.append(Rs,-refl_flux[i]/self.norm_tran[i])
ZeroDivisionError: float division by zero
Traceback (most recent call last):
  File "/share/nobackup/b5025250/MEEP_Models/SidePolishedFabryPerot/TransmissionAndReflectanceModel/RunBulkExperiment.py", line 44, in <module>
    Model.AutoRun()
  File "/share/nobackup/b5025250/MEEP_Models/SidePolishedFabryPerot/TransmissionAndReflectanceModel/Model.py", line 311, in AutoRun
    Rs = np.append(Rs,-refl_flux[i]/self.norm_tran[i])
ZeroDivisionError: float division by zero
Traceback (most recent call last):
  File "/share/nobackup/b5025250/MEEP_Models/SidePolishedFabryPerot/TransmissionAndReflectanceModel/RunBulkExperiment.py", line 44, in <module>
    Model.AutoRun()
  File "/share/nobackup/b5025250/MEEP_Models/SidePolishedFabryPerot/TransmissionAndReflectanceModel/Model.py", line 311, in AutoRun
    Rs = np.append(Rs,-refl_flux[i]/self.norm_tran[i])
ZeroDivisionError: float division by zero
Traceback (most recent call last):
  File "/share/nobackup/b5025250/MEEP_Models/SidePolishedFabryPerot/TransmissionAndReflectanceModel/RunBulkExperiment.py", line 44, in <module>
    Model.AutoRun()
  File "/share/nobackup/b5025250/MEEP_Models/SidePolishedFabryPerot/TransmissionAndReflectanceModel/Model.py", line 311, in AutoRun
    Rs = np.append(Rs,-refl_flux[i]/self.norm_tran[i])
ZeroDivisionError: float division by zero
Traceback (most recent call last):
  File "/share/nobackup/b5025250/MEEP_Models/SidePolishedFabryPerot/TransmissionAndReflectanceModel/RunBulkExperiment.py", line 44, in <module>
    Model.AutoRun()
  File "/share/nobackup/b5025250/MEEP_Models/SidePolishedFabryPerot/TransmissionAndReflectanceModel/Model.py", line 311, in AutoRun
    Rs = np.append(Rs,-refl_flux[i]/self.norm_tran[i])
ZeroDivisionError: float division by zero
Traceback (most recent call last):
  File "/share/nobackup/b5025250/MEEP_Models/SidePolishedFabryPerot/TransmissionAndReflectanceModel/RunBulkExperiment.py", line 44, in <module>
    Model.AutoRun()
  File "/share/nobackup/b5025250/MEEP_Models/SidePolishedFabryPerot/TransmissionAndReflectanceModel/Model.py", line 311, in AutoRun
    Rs = np.append(Rs,-refl_flux[i]/self.norm_tran[i])
ZeroDivisionError: float division by zero
Traceback (most recent call last):
  File "/share/nobackup/b5025250/MEEP_Models/SidePolishedFabryPerot/TransmissionAndReflectanceModel/RunBulkExperiment.py", line 44, in <module>
    Model.AutoRun()
  File "/share/nobackup/b5025250/MEEP_Models/SidePolishedFabryPerot/TransmissionAndReflectanceModel/Model.py", line 311, in AutoRun
    Rs = np.append(Rs,-refl_flux[i]/self.norm_tran[i])
ZeroDivisionError: float division by zero
Traceback (most recent call last):
  File "/share/nobackup/b5025250/MEEP_Models/SidePolishedFabryPerot/TransmissionAndReflectanceModel/RunBulkExperiment.py", line 44, in <module>
    Model.AutoRun()
  File "/share/nobackup/b5025250/MEEP_Models/SidePolishedFabryPerot/TransmissionAndReflectanceModel/Model.py", line 311, in AutoRun
    Rs = np.append(Rs,-refl_flux[i]/self.norm_tran[i])
ZeroDivisionError: float division by zero
Traceback (most recent call last):
  File "/share/nobackup/b5025250/MEEP_Models/SidePolishedFabryPerot/TransmissionAndReflectanceModel/RunBulkExperiment.py", line 44, in <module>
    Model.AutoRun()
  File "/share/nobackup/b5025250/MEEP_Models/SidePolishedFabryPerot/TransmissionAndReflectanceModel/Model.py", line 311, in AutoRun
    Rs = np.append(Rs,-refl_flux[i]/self.norm_tran[i])
ZeroDivisionError: float division by zero
Traceback (most recent call last):
  File "/share/nobackup/b5025250/MEEP_Models/SidePolishedFabryPerot/TransmissionAndReflectanceModel/RunBulkExperiment.py", line 44, in <module>
    Model.AutoRun()
  File "/share/nobackup/b5025250/MEEP_Models/SidePolishedFabryPerot/TransmissionAndReflectanceModel/Model.py", line 311, in AutoRun
    Rs = np.append(Rs,-refl_flux[i]/self.norm_tran[i])
ZeroDivisionError: float division by zero
Traceback (most recent call last):
  File "/share/nobackup/b5025250/MEEP_Models/SidePolishedFabryPerot/TransmissionAndReflectanceModel/RunBulkExperiment.py", line 44, in <module>
    Model.AutoRun()
  File "/share/nobackup/b5025250/MEEP_Models/SidePolishedFabryPerot/TransmissionAndReflectanceModel/Model.py", line 311, in AutoRun
    Rs = np.append(Rs,-refl_flux[i]/self.norm_tran[i])
ZeroDivisionError: float division by zero
Traceback (most recent call last):
  File "/share/nobackup/b5025250/MEEP_Models/SidePolishedFabryPerot/TransmissionAndReflectanceModel/RunBulkExperiment.py", line 44, in <module>
    Model.AutoRun()
  File "/share/nobackup/b5025250/MEEP_Models/SidePolishedFabryPerot/TransmissionAndReflectanceModel/Model.py", line 311, in AutoRun
    Rs = np.append(Rs,-refl_flux[i]/self.norm_tran[i])
ZeroDivisionError: float division by zero
srun: error: topsy-cn-1-2: tasks 0-8: Exited with exit code 1
srun: error: topsy-cn-1-10: tasks 9-21: Exited with exit code 1
srun: error: topsy-cn-2-22: tasks 43-63: Exited with exit code 1
srun: error: topsy-cn-2-21: tasks 22-42: Exited with exit code 1
