Using MPI version 3.1, 64 processes
WD: data/2021-11-20/LargeModelPDMS/
AlreadyDir
-----------
Initializing structure...
Splitting into 64 chunks by voxels
time for choose_chunkdivision = 0.00538997 s
Working in 2D dimensions.
Computational cell is 1710 x 100 x 0 with resolution 6
     block, center = (0,0,0)
          size (1e+20,1e+20,1e+20)
          axes (1,0,0), (0,1,0), (0,0,1)
          dielectric constant epsilon diagonal = (1.9881,1.9881,1.9881)
     block, center = (0,-26.25,0)
          size (1e+20,62.5,1e+20)
          axes (1,0,0), (0,1,0), (0,0,1)
          dielectric constant epsilon diagonal = (2.0736,2.0736,2.0736)
     block, center = (0,0,0)
          size (1e+20,8.2,1e+20)
          axes (1,0,0), (0,1,0), (0,0,1)
          dielectric constant epsilon diagonal = (2.08803,2.08803,2.08803)
time for set_epsilon = 0.237434 s
-----------
MPB solved for frequency_1(0.4,0,0) = 0.277839 after 44 iters
MPB solved for frequency_1(0.931237,0,0) = 0.645169 after 34 iters
MPB solved for frequency_1(0.931226,0,0) = 0.645161 after 3 iters
MPB solved for frequency_1(0.931226,0,0) = 0.645161 after 1 iters
Meep: using output directory 'data/2021-11-20/LargeModelPDMS/'
Vector3<850.0, 0.0, 0.0>
on time step 110 (time=9.16667), 0.036377 s/step
on time step 450 (time=37.5), 0.0117697 s/step
on time step 785 (time=65.4167), 0.0119458 s/step
on time step 1128 (time=94), 0.011676 s/step
on time step 1465 (time=122.083), 0.0118792 s/step
srun: Job step aborted: Waiting up to 62 seconds for job step to finish.
srun: got SIGCONT
slurmstepd: error: *** JOB 552719 ON topsy-cn-1-2 CANCELLED AT 2021-11-20T17:49:37 ***
srun: forcing job termination
slurmstepd: error: *** STEP 552719.0 ON topsy-cn-1-2 CANCELLED AT 2021-11-20T17:49:37 ***
srun: error: topsy-cn-1-2: tasks 0-8: Terminated
srun: error: topsy-cn-2-22: tasks 43-63: Terminated
srun: error: topsy-cn-1-10: tasks 9-21: Terminated
srun: error: topsy-cn-2-21: tasks 22-42: Terminated
