Using MPI version 3.1, 16 processes
WD: data/2021-11-08/LargerCavity/
AlreadyDir
-----------
Initializing structure...
Splitting into 16 chunks by voxels
time for choose_chunkdivision = 0.0025542 s
Working in 2D dimensions.
Computational cell is 910 x 100 x 0 with resolution 5
     block, center = (0,0,0)
          size (1e+20,1e+20,1e+20)
          axes (1,0,0), (0,1,0), (0,0,1)
          dielectric constant epsilon diagonal = (1.9881,1.9881,1.9881)
     block, center = (0,-30.25,0)
          size (1e+20,62.5,1e+20)
          axes (1,0,0), (0,1,0), (0,0,1)
          dielectric constant epsilon diagonal = (2.0736,2.0736,2.0736)
     block, center = (0,0,0)
          size (1e+20,8.2,1e+20)
          axes (1,0,0), (0,1,0), (0,0,1)
          dielectric constant epsilon diagonal = (2.08803,2.08803,2.08803)
time for set_epsilon = 0.594265 s
-----------
MPB solved for frequency_1(0.4,0,0) = 0.278047 after 58 iters
MPB solved for frequency_1(0.930869,0,0) = 0.645079 after 33 iters
MPB solved for frequency_1(0.930988,0,0) = 0.645161 after 11 iters
MPB solved for frequency_1(0.930988,0,0) = 0.645161 after 1 iters
Meep: using output directory 'data/2021-11-08/LargerCavity/'
Vector3<451.5, 0.0, 0.0>
on time step 329 (time=32.9), 0.0121658 s/step
on time step 705 (time=70.5), 0.0106456 s/step
on time step 1076 (time=107.6), 0.0107939 s/step
on time step 1443 (time=144.3), 0.0109129 s/step
on time step 1800 (time=180), 0.0112278 s/step
on time step 2161 (time=216.1), 0.0110938 s/step
on time step 2513 (time=251.3), 0.0113682 s/step
on time step 2868 (time=286.8), 0.0112699 s/step
on time step 3218 (time=321.8), 0.0114426 s/step
on time step 3573 (time=357.3), 0.0112835 s/step
on time step 3921 (time=392.1), 0.0115151 s/step
on time step 4275 (time=427.5), 0.0113279 s/step
on time step 4618 (time=461.8), 0.0116949 s/step
on time step 4970 (time=497), 0.0113812 s/step
on time step 5309 (time=530.9), 0.0118056 s/step
on time step 5658 (time=565.8), 0.011493 s/step
on time step 5996 (time=599.6), 0.0118653 s/step
on time step 6343 (time=634.3), 0.0115446 s/step
on time step 6680 (time=668), 0.01189 s/step
on time step 7023 (time=702.3), 0.0116689 s/step
on time step 7359 (time=735.9), 0.0119291 s/step
on time step 7691 (time=769.1), 0.0120737 s/step
on time step 8050 (time=805), 0.0111539 s/step
on time step 8406 (time=840.6), 0.0112537 s/step
on time step 8767 (time=876.7), 0.0111025 s/step
srun: Job step aborted: Waiting up to 62 seconds for job step to finish.
srun: got SIGCONT
slurmstepd: error: *** JOB 550085 ON topsy-cn-2-22 CANCELLED AT 2021-11-08T12:25:36 ***
srun: forcing job termination
slurmstepd: error: *** STEP 550085.0 ON topsy-cn-2-22 CANCELLED AT 2021-11-08T12:25:36 ***
srun: error: topsy-cn-2-22: tasks 0-15: Terminated
