Using MPI version 3.1, 16 processes
WD: data/2021-11-05/TopsyTestRes5/
AlreadyDir
Vector3<364.0, 0.0, 0.0>
-----------
Initializing structure...
Splitting into 16 chunks by voxels
time for choose_chunkdivision = 0.00232281 s
Working in 2D dimensions.
Computational cell is 735 x 100 x 0 with resolution 5
     block, center = (0,0,0)
          size (1e+20,1e+20,1e+20)
          axes (1,0,0), (0,1,0), (0,0,1)
          dielectric constant epsilon diagonal = (1.9881,1.9881,1.9881)
     block, center = (0,-30.25,0)
          size (1e+20,62.5,1e+20)
          axes (1,0,0), (0,1,0), (0,0,1)
          dielectric constant epsilon diagonal = (2.0736,2.0736,2.0736)
     block, center = (0,0,0)
          size (1e+20,8.2,1e+20)
          axes (1,0,0), (0,1,0), (0,0,1)
          dielectric constant epsilon diagonal = (2.08803,2.08803,2.08803)
time for set_epsilon = 0.485047 s
-----------
MPB solved for frequency_1(0.4,0,0) = 0.278047 after 54 iters
MPB solved for frequency_1(0.930869,0,0) = 0.645079 after 33 iters
MPB solved for frequency_1(0.930988,0,0) = 0.645161 after 11 iters
MPB solved for frequency_1(0.930988,0,0) = 0.645161 after 1 iters
Meep: using output directory 'data/2021-11-05/TopsyTestRes5/'
on time step 471 (time=47.1), 0.00850795 s/step
on time step 994 (time=99.4), 0.00765381 s/step
on time step 1504 (time=150.4), 0.00784996 s/step
on time step 2021 (time=202.1), 0.00773736 s/step
on time step 2526 (time=252.6), 0.00792909 s/step
on time step 3035 (time=303.5), 0.00787348 s/step
on time step 3534 (time=353.4), 0.00802292 s/step
on time step 4038 (time=403.8), 0.00794082 s/step
on time step 4534 (time=453.4), 0.00807985 s/step
on time step 5030 (time=503), 0.00807555 s/step
on time step 5524 (time=552.4), 0.00810452 s/step
on time step 6016 (time=601.6), 0.00814387 s/step
on time step 6548 (time=654.8), 0.00752724 s/step
on time step 7081 (time=708.1), 0.0075152 s/step
on time step 7612 (time=761.2), 0.00753816 s/step
on time step 8145 (time=814.5), 0.00751813 s/step
on time step 8575 (time=857.5), 0.00930589 s/step
on time step 9109 (time=910.9), 0.00749945 s/step
on time step 9643 (time=964.3), 0.00749931 s/step
on time step 10177 (time=1017.7), 0.00749934 s/step
on time step 10711 (time=1071.1), 0.00750035 s/step
on time step 11242 (time=1124.2), 0.00753473 s/step
on time step 11776 (time=1177.6), 0.00750089 s/step
on time step 12310 (time=1231), 0.00750228 s/step
on time step 12844 (time=1284.4), 0.00750011 s/step
on time step 13378 (time=1337.8), 0.00749942 s/step
on time step 13912 (time=1391.2), 0.00750121 s/step
on time step 14446 (time=1444.6), 0.00750189 s/step
on time step 14976 (time=1497.6), 0.00754772 s/step
on time step 15508 (time=1550.8), 0.00752298 s/step
on time step 16042 (time=1604.2), 0.00750114 s/step
on time step 16576 (time=1657.6), 0.00750061 s/step
on time step 17110 (time=1711), 0.00750316 s/step
on time step 17644 (time=1764.4), 0.00750195 s/step
on time step 18178 (time=1817.8), 0.00750249 s/step
on time step 18711 (time=1871.1), 0.0075149 s/step
on time step 19244 (time=1924.4), 0.00751436 s/step
on time step 19778 (time=1977.8), 0.007502 s/step
field decay(t = 2000.1000000000001): 0.24795249688583204 / 0.24795249688583204 = 1.0
on time step 20311 (time=2031.1), 0.00750472 s/step
on time step 20845 (time=2084.5), 0.00750302 s/step
on time step 21379 (time=2137.9), 0.00750333 s/step
on time step 21912 (time=2191.2), 0.0075051 s/step
on time step 22445 (time=2244.5), 0.00750521 s/step
on time step 22974 (time=2297.4), 0.00756909 s/step
on time step 23507 (time=2350.7), 0.00751331 s/step
on time step 24041 (time=2404.1), 0.00750408 s/step
on time step 24575 (time=2457.5), 0.00750251 s/step
on time step 25109 (time=2510.9), 0.00750307 s/step
on time step 25643 (time=2564.3), 0.00750265 s/step
on time step 26177 (time=2617.7), 0.00750356 s/step
on time step 26709 (time=2670.9), 0.00751898 s/step
on time step 27242 (time=2724.2), 0.00751563 s/step
on time step 27776 (time=2777.6), 0.00750397 s/step
on time step 28309 (time=2830.9), 0.007505 s/step
on time step 28843 (time=2884.3), 0.00750294 s/step
on time step 29376 (time=2937.6), 0.00750523 s/step
on time step 29909 (time=2990.9), 0.00750542 s/step
on time step 30442 (time=3044.2), 0.00750574 s/step
on time step 30971 (time=3097.1), 0.0075616 s/step
on time step 31504 (time=3150.4), 0.00751486 s/step
on time step 32037 (time=3203.7), 0.00750694 s/step
on time step 32570 (time=3257), 0.00750686 s/step
on time step 33103 (time=3310.3), 0.00750693 s/step
on time step 33636 (time=3363.6), 0.00750618 s/step
on time step 34169 (time=3416.9), 0.00750778 s/step
on time step 34701 (time=3470.1), 0.00752266 s/step
on time step 35234 (time=3523.4), 0.00751847 s/step
on time step 35767 (time=3576.7), 0.00750702 s/step
on time step 36300 (time=3630), 0.0075077 s/step
on time step 36833 (time=3683.3), 0.00750776 s/step
on time step 37366 (time=3736.6), 0.00750769 s/step
on time step 37899 (time=3789.9), 0.00750656 s/step
on time step 38432 (time=3843.2), 0.00750816 s/step
on time step 38960 (time=3896), 0.00758148 s/step
on time step 39493 (time=3949.3), 0.00751692 s/step
field decay(t = 4000.1000000000004): 2.1142089745572696e-10 / 0.24795249688583204 = 8.526669427050545e-10
on time step 40026 (time=4002.6), 0.0075082 s/step
on time step 40559 (time=4055.9), 0.00750853 s/step
on time step 41092 (time=4109.2), 0.00750793 s/step
on time step 41625 (time=4162.5), 0.00750816 s/step
on time step 42158 (time=4215.8), 0.00750811 s/step
on time step 42690 (time=4269), 0.00751889 s/step
on time step 43223 (time=4322.3), 0.0075171 s/step
on time step 43756 (time=4375.6), 0.00750768 s/step
on time step 44289 (time=4428.9), 0.00750873 s/step
on time step 44822 (time=4482.2), 0.00750775 s/step
on time step 45355 (time=4535.5), 0.00750833 s/step
on time step 45888 (time=4588.8), 0.00751007 s/step
on time step 46421 (time=4642.1), 0.00751055 s/step
on time step 46949 (time=4694.9), 0.00757665 s/step
on time step 47482 (time=4748.2), 0.00751865 s/step
on time step 48015 (time=4801.5), 0.00750881 s/step
on time step 48548 (time=4854.8), 0.00750806 s/step
on time step 49081 (time=4908.1), 0.007509 s/step
on time step 49614 (time=4961.4), 0.00750908 s/step
on time step 50147 (time=5014.7), 0.00750952 s/step
on time step 50679 (time=5067.9), 0.00752548 s/step
on time step 51211 (time=5121.1), 0.00752098 s/step
on time step 51744 (time=5174.4), 0.00750804 s/step
on time step 52277 (time=5227.7), 0.00750964 s/step
on time step 52810 (time=5281), 0.00750867 s/step
on time step 53343 (time=5334.3), 0.00750903 s/step
on time step 53876 (time=5387.6), 0.00751114 s/step
on time step 54408 (time=5440.8), 0.00753155 s/step
on time step 54937 (time=5493.7), 0.0075748 s/step
on time step 55469 (time=5546.9), 0.0075201 s/step
on time step 56002 (time=5600.2), 0.00750862 s/step
on time step 56535 (time=5653.5), 0.00750961 s/step
on time step 57068 (time=5706.8), 0.00750919 s/step
on time step 57601 (time=5760.1), 0.00750879 s/step
on time step 58134 (time=5813.4), 0.00750984 s/step
on time step 58666 (time=5866.6), 0.00752368 s/step
on time step 59199 (time=5919.9), 0.00751879 s/step
on time step 59732 (time=5973.2), 0.00750922 s/step
field decay(t = 6000.200000000001): 2.2234990675512077e-16 / 0.24795249688583204 = 8.967439713160065e-16
run 0 finished at t = 6000.200000000001 (60002 timesteps)
WD: data/2021-11-05/TopsyTestRes5/
AlreadyDir
-----------
Initializing structure...
Splitting into 16 chunks by voxels
time for choose_chunkdivision = 0.00232174 s
Working in 2D dimensions.
Computational cell is 735 x 100 x 0 with resolution 5
     block, center = (0,0,0)
          size (1e+20,1e+20,1e+20)
          axes (1,0,0), (0,1,0), (0,0,1)
          dielectric constant epsilon diagonal = (1.9881,1.9881,1.9881)
     block, center = (0,-30.25,0)
          size (1e+20,62.5,1e+20)
          axes (1,0,0), (0,1,0), (0,0,1)
          dielectric constant epsilon diagonal = (2.0736,2.0736,2.0736)
     block, center = (0,0,0)
          size (1e+20,8.2,1e+20)
          axes (1,0,0), (0,1,0), (0,0,1)
          dielectric constant epsilon diagonal = (2.08803,2.08803,2.08803)
     prism, center = (-50,0,0)
          height 1, axis (0,0,1), sidewall angle: 0 radians, 4 vertices:
          (-81.75,20,-0.5)
          (-18.25,20,-0.5)
          (-49.5,-20,-0.5)
          (-50.5,-20,-0.5)
          dielectric constant epsilon diagonal = (1.9881,1.9881,1.9881)
     prism, center = (50,0,0)
          height 1, axis (0,0,1), sidewall angle: 0 radians, 4 vertices:
          (18.25,20,-0.5)
          (81.75,20,-0.5)
          (50.5,-20,-0.5)
          (49.5,-20,-0.5)
          dielectric constant epsilon diagonal = (1.9881,1.9881,1.9881)
time for set_epsilon = 1.78265 s
-----------
MPB solved for frequency_1(0.4,0,0) = 0.278047 after 54 iters
MPB solved for frequency_1(0.930869,0,0) = 0.645079 after 33 iters
MPB solved for frequency_1(0.930988,0,0) = 0.645161 after 11 iters
MPB solved for frequency_1(0.930988,0,0) = 0.645161 after 1 iters
Meep: using output directory 'data/2021-11-05/TopsyTestRes5/'
Actual Simtime: 3.3333333333333334e-09
creating output file "data/2021-11-05/TopsyTestRes5//RunModel-eps-000000.00.h5"...
on time step 457 (time=45.7), 0.00876975 s/step
on time step 966 (time=96.6), 0.00786643 s/step
on time step 1466 (time=146.6), 0.0080077 s/step
on time step 1970 (time=197), 0.00795045 s/step
on time step 2461 (time=246.1), 0.00815574 s/step
on time step 2951 (time=295.1), 0.00816899 s/step
on time step 3432 (time=343.2), 0.00831797 s/step
on time step 3914 (time=391.4), 0.00830095 s/step
on time step 4392 (time=439.2), 0.00837368 s/step
on time step 4867 (time=486.7), 0.00842674 s/step
on time step 5354 (time=535.4), 0.00821861 s/step
on time step 5839 (time=583.9), 0.00826133 s/step
on time step 6341 (time=634.1), 0.00797626 s/step
on time step 6855 (time=685.5), 0.0077936 s/step
on time step 7368 (time=736.8), 0.00779946 s/step
on time step 7881 (time=788.1), 0.00780638 s/step
on time step 8307 (time=830.7), 0.00941019 s/step
on time step 8812 (time=881.2), 0.00792799 s/step
on time step 9326 (time=932.6), 0.00779076 s/step
on time step 9836 (time=983.6), 0.00785727 s/step
on time step 10349 (time=1034.9), 0.0078028 s/step
on time step 10863 (time=1086.3), 0.00779042 s/step
on time step 11377 (time=1137.7), 0.00779142 s/step
on time step 11891 (time=1189.1), 0.00779254 s/step
on time step 12405 (time=1240.5), 0.00779169 s/step
on time step 12919 (time=1291.9), 0.00779319 s/step
on time step 13432 (time=1343.2), 0.00780554 s/step
on time step 13945 (time=1394.5), 0.00780382 s/step
on time step 14459 (time=1445.9), 0.00779451 s/step
on time step 14973 (time=1497.3), 0.0077955 s/step
on time step 15487 (time=1548.7), 0.00779457 s/step
on time step 16001 (time=1600.1), 0.00779527 s/step
on time step 16515 (time=1651.5), 0.00779608 s/step
on time step 17029 (time=1702.9), 0.00779664 s/step
on time step 17538 (time=1753.8), 0.00786109 s/step
on time step 18051 (time=1805.1), 0.00780515 s/step
on time step 18565 (time=1856.5), 0.00779666 s/step
on time step 19079 (time=1907.9), 0.00779637 s/step
on time step 19593 (time=1959.3), 0.00779567 s/step
field decay(t = 2000.1000000000001): 0.10412016482074404 / 0.10412016482074404 = 1.0
on time step 20107 (time=2010.7), 0.0077969 s/step
on time step 20621 (time=2062.1), 0.00779674 s/step
on time step 21134 (time=2113.4), 0.00781105 s/step
on time step 21647 (time=2164.7), 0.00780718 s/step
on time step 22161 (time=2216.1), 0.00779646 s/step
on time step 22674 (time=2267.4), 0.00779789 s/step
on time step 23187 (time=2318.7), 0.00779751 s/step
on time step 23701 (time=2370.1), 0.00779644 s/step
on time step 24214 (time=2421.4), 0.00779754 s/step
on time step 24727 (time=2472.7), 0.00779807 s/step
on time step 25236 (time=2523.6), 0.00787063 s/step
on time step 25749 (time=2574.9), 0.00780908 s/step
on time step 26262 (time=2626.2), 0.00779857 s/step
on time step 26776 (time=2677.6), 0.00779713 s/step
on time step 27289 (time=2728.9), 0.00779905 s/step
on time step 27802 (time=2780.2), 0.00779772 s/step
on time step 28315 (time=2831.5), 0.0077991 s/step
on time step 28827 (time=2882.7), 0.00781308 s/step
on time step 29340 (time=2934), 0.0078109 s/step
on time step 29853 (time=2985.3), 0.00779832 s/step
on time step 30366 (time=3036.6), 0.00780053 s/step
on time step 30879 (time=3087.9), 0.00779769 s/step
on time step 31392 (time=3139.2), 0.00779861 s/step
on time step 31905 (time=3190.5), 0.00780012 s/step
on time step 32418 (time=3241.8), 0.0077999 s/step
on time step 32927 (time=3292.7), 0.00787305 s/step
on time step 33440 (time=3344), 0.00781013 s/step
on time step 33953 (time=3395.3), 0.00779985 s/step
on time step 34466 (time=3446.6), 0.00779999 s/step
on time step 34979 (time=3497.9), 0.00779917 s/step
on time step 35492 (time=3549.2), 0.00779973 s/step
on time step 36005 (time=3600.5), 0.00779915 s/step
on time step 36518 (time=3651.8), 0.00781217 s/step
on time step 37031 (time=3703.1), 0.00781018 s/step
on time step 37544 (time=3754.4), 0.00780107 s/step
on time step 38057 (time=3805.7), 0.00780243 s/step
on time step 38570 (time=3857), 0.00780113 s/step
on time step 39083 (time=3908.3), 0.00779987 s/step
on time step 39596 (time=3959.6), 0.00780066 s/step
field decay(t = 4000.1000000000004): 5.347442843672526e-11 / 0.10412016482074404 = 5.135837858957314e-10
on time step 40109 (time=4010.9), 0.00780113 s/step
on time step 40618 (time=4061.8), 0.00787384 s/step
on time step 41130 (time=4113), 0.00781333 s/step
on time step 41643 (time=4164.3), 0.00780151 s/step
on time step 42156 (time=4215.6), 0.00780105 s/step
on time step 42669 (time=4266.9), 0.00780132 s/step
on time step 43182 (time=4318.2), 0.00780122 s/step
on time step 43695 (time=4369.5), 0.00780191 s/step
on time step 44207 (time=4420.7), 0.00781758 s/step
on time step 44719 (time=4471.9), 0.00781297 s/step
on time step 45232 (time=4523.2), 0.0078008 s/step
on time step 45745 (time=4574.5), 0.00780329 s/step
on time step 46258 (time=4625.8), 0.00780156 s/step
on time step 46771 (time=4677.1), 0.00780155 s/step
on time step 47284 (time=4728.4), 0.00780214 s/step
on time step 47797 (time=4779.7), 0.00780116 s/step
on time step 48306 (time=4830.6), 0.00786964 s/step
on time step 48818 (time=4881.8), 0.00781291 s/step
on time step 49331 (time=4933.1), 0.00780202 s/step
on time step 49844 (time=4984.4), 0.00780135 s/step
on time step 50357 (time=5035.7), 0.0078017 s/step
on time step 50870 (time=5087), 0.00780187 s/step
on time step 51383 (time=5138.3), 0.00780085 s/step
on time step 51895 (time=5189.5), 0.00781699 s/step
on time step 52408 (time=5240.8), 0.00781193 s/step
on time step 52921 (time=5292.1), 0.00780108 s/step
on time step 53434 (time=5343.4), 0.00780152 s/step
on time step 53947 (time=5394.7), 0.00780117 s/step
on time step 54460 (time=5446), 0.00780255 s/step
on time step 54973 (time=5497.3), 0.00780148 s/step
on time step 55486 (time=5548.6), 0.00780135 s/step
on time step 55994 (time=5599.4), 0.00788035 s/step
on time step 56507 (time=5650.7), 0.00781088 s/step
on time step 57020 (time=5702), 0.00780207 s/step
on time step 57533 (time=5753.3), 0.00780267 s/step
on time step 58046 (time=5804.6), 0.0078015 s/step
on time step 58559 (time=5855.9), 0.00780147 s/step
on time step 59072 (time=5907.2), 0.00780236 s/step
on time step 59584 (time=5958.4), 0.00781266 s/step
field decay(t = 6000.200000000001): 2.884471882384658e-18 / 0.10412016482074404 = 2.7703297313739744e-17
run 0 finished at t = 6000.200000000001 (60002 timesteps)

Elapsed run time = 929.6164 s
