Using MPI version 3.1, 64 processes
WD: data/2021-12-02/NowChangeTempDblBubbles/
AlreadyDir
-----------
Initializing structure...
Splitting into 64 chunks by voxels
time for choose_chunkdivision = 0.00810849 s
Working in 2D dimensions.
Computational cell is 1420 x 100 x 0 with resolution 12
     block, center = (0,0,0)
          size (1e+20,1e+20,1e+20)
          axes (1,0,0), (0,1,0), (0,0,1)
          dielectric constant epsilon diagonal = (1.99622,1.99622,1.99622)
     block, center = (0,-26.25,0)
          size (1e+20,62.5,1e+20)
          axes (1,0,0), (0,1,0), (0,0,1)
          dielectric constant epsilon diagonal = (2.0746,2.0746,2.0746)
     block, center = (0,0,0)
          size (1e+20,8.2,1e+20)
          axes (1,0,0), (0,1,0), (0,0,1)
          dielectric constant epsilon diagonal = (2.08903,2.08903,2.08903)
time for set_epsilon = 0.402696 s
-----------
MPB solved for frequency_1(0.4,0,0) = 0.277754 after 72 iters
MPB solved for frequency_1(0.931446,0,0) = 0.645152 after 29 iters
MPB solved for frequency_1(0.93146,0,0) = 0.645161 after 11 iters
MPB solved for frequency_1(0.93146,0,0) = 0.645161 after 1 iters
Meep: using output directory 'data/2021-12-02/NowChangeTempDblBubbles/'


Normalisation Run


on time step 8 (time=0.333333), 0.502959 s/step
on time step 152 (time=6.33333), 0.02783 s/step
on time step 299 (time=12.4583), 0.0273157 s/step
on time step 445 (time=18.5417), 0.02757 s/step
on time step 588 (time=24.5), 0.0281144 s/step
on time step 734 (time=30.5833), 0.0274271 s/step
on time step 882 (time=36.75), 0.0271985 s/step
Meep progress: 39.541666666666664/2052.394376321794 = 1.9% done in 30.0s, 1527.2s to go
on time step 1027 (time=42.7917), 0.0276036 s/step
on time step 1171 (time=48.7917), 0.0279087 s/step
on time step 1318 (time=54.9167), 0.0273708 s/step
on time step 1466 (time=61.0833), 0.0271972 s/step
on time step 1614 (time=67.25), 0.0271683 s/step
on time step 1760 (time=73.3333), 0.0275417 s/step
on time step 1907 (time=79.4583), 0.0272741 s/step
Meep progress: 85.16666666666666/2052.394376321794 = 4.1% done in 60.0s, 1386.2s to go
on time step 2053 (time=85.5417), 0.0274715 s/step
on time step 2198 (time=91.5833), 0.0276652 s/step
on time step 2344 (time=97.6667), 0.0274242 s/step
on time step 2490 (time=103.75), 0.0274577 s/step
on time step 2637 (time=109.875), 0.0273098 s/step
on time step 2785 (time=116.042), 0.0271668 s/step
on time step 2930 (time=122.083), 0.0276584 s/step
on time step 3078 (time=128.25), 0.0271544 s/step
Meep progress: 130.83333333333331/2052.394376321794 = 6.4% done in 90.0s, 1322.4s to go
on time step 3225 (time=134.375), 0.0272396 s/step
on time step 3372 (time=140.5), 0.0273462 s/step
on time step 3518 (time=146.583), 0.0274651 s/step
on time step 3664 (time=152.667), 0.0275016 s/step
on time step 3809 (time=158.708), 0.0277326 s/step
on time step 3953 (time=164.708), 0.0278114 s/step
on time step 4100 (time=170.833), 0.0273183 s/step
Meep progress: 176.33333333333331/2052.394376321794 = 8.6% done in 120.0s, 1277.2s to go
on time step 4247 (time=176.958), 0.0272586 s/step
on time step 4394 (time=183.083), 0.027332 s/step
on time step 4540 (time=189.167), 0.0274607 s/step
on time step 4686 (time=195.25), 0.0275129 s/step
on time step 4831 (time=201.292), 0.0277585 s/step
on time step 4974 (time=207.25), 0.0281407 s/step
on time step 5119 (time=213.292), 0.0277573 s/step
on time step 5264 (time=219.333), 0.0276886 s/step
Meep progress: 221.58333333333331/2052.394376321794 = 10.8% done in 150.1s, 1239.9s to go
on time step 5411 (time=225.458), 0.0272868 s/step
on time step 5558 (time=231.583), 0.0273255 s/step
on time step 5704 (time=237.667), 0.0274311 s/step
on time step 5849 (time=243.708), 0.0277459 s/step
on time step 5994 (time=249.75), 0.0277736 s/step
on time step 6137 (time=255.708), 0.0281566 s/step
on time step 6281 (time=261.708), 0.0278624 s/step
Meep progress: 266.75/2052.394376321794 = 13.0% done in 180.1s, 1205.4s to go
on time step 6426 (time=267.75), 0.0277756 s/step
on time step 6571 (time=273.792), 0.0277577 s/step
on time step 6717 (time=279.875), 0.0274889 s/step
on time step 6864 (time=286), 0.0273731 s/step
on time step 7010 (time=292.083), 0.0276005 s/step
on time step 7154 (time=298.083), 0.0278127 s/step
on time step 7300 (time=304.167), 0.0275569 s/step
on time step 7445 (time=310.208), 0.0276482 s/step
Meep progress: 312.04166666666663/2052.394376321794 = 15.2% done in 210.1s, 1171.7s to go
on time step 7590 (time=316.25), 0.0276197 s/step
on time step 7735 (time=322.292), 0.0276393 s/step
on time step 7880 (time=328.333), 0.0276414 s/step
on time step 8024 (time=334.333), 0.027939 s/step
on time step 8170 (time=340.417), 0.0274462 s/step
on time step 8314 (time=346.417), 0.0278551 s/step
on time step 8460 (time=352.5), 0.0274894 s/step
Meep progress: 357.25/2052.394376321794 = 17.4% done in 240.1s, 1139.2s to go
on time step 8606 (time=358.583), 0.0275444 s/step
on time step 8751 (time=364.625), 0.0276276 s/step
on time step 8896 (time=370.667), 0.0276626 s/step
on time step 9041 (time=376.708), 0.0276715 s/step
on time step 9185 (time=382.708), 0.027938 s/step
on time step 9329 (time=388.708), 0.0279107 s/step
on time step 9475 (time=394.792), 0.0275605 s/step
on time step 9621 (time=400.875), 0.0274876 s/step
Meep progress: 402.41666666666663/2052.394376321794 = 19.6% done in 270.1s, 1107.5s to go
on time step 9767 (time=406.958), 0.027487 s/step
on time step 9913 (time=413.042), 0.027548 s/step
on time step 10058 (time=419.083), 0.0276388 s/step
on time step 10202 (time=425.083), 0.0279012 s/step
on time step 10346 (time=431.083), 0.0278387 s/step
on time step 10488 (time=437), 0.0282033 s/step
on time step 10632 (time=443), 0.0277845 s/step
Meep progress: 447.41666666666663/2052.394376321794 = 21.8% done in 300.1s, 1076.5s to go
on time step 10777 (time=449.042), 0.0277152 s/step
on time step 10923 (time=455.125), 0.0274462 s/step
on time step 11069 (time=461.208), 0.0274658 s/step
on time step 11215 (time=467.292), 0.027553 s/step
on time step 11359 (time=473.292), 0.0279262 s/step
on time step 11502 (time=479.25), 0.0279764 s/step
on time step 11646 (time=485.25), 0.0277916 s/step
on time step 11791 (time=491.292), 0.0277404 s/step
Meep progress: 492.5833333333333/2052.394376321794 = 24.0% done in 330.1s, 1045.4s to go
on time step 11936 (time=497.333), 0.0277024 s/step
on time step 12081 (time=503.375), 0.0277053 s/step
on time step 12226 (time=509.417), 0.0277499 s/step
on time step 12369 (time=515.375), 0.0279794 s/step
on time step 12515 (time=521.458), 0.0275409 s/step
on time step 12659 (time=527.458), 0.0279671 s/step
on time step 12804 (time=533.5), 0.0277013 s/step
Meep progress: 537.625/2052.394376321794 = 26.2% done in 360.1s, 1014.7s to go
on time step 12949 (time=539.542), 0.0277357 s/step
on time step 13094 (time=545.583), 0.0277487 s/step
on time step 13239 (time=551.625), 0.0277642 s/step
on time step 13383 (time=557.625), 0.0277925 s/step
on time step 13525 (time=563.542), 0.0282313 s/step
on time step 13669 (time=569.542), 0.0278159 s/step
on time step 13815 (time=575.625), 0.0275831 s/step
on time step 13960 (time=581.667), 0.0275909 s/step
Meep progress: 582.625/2052.394376321794 = 28.4% done in 390.1s, 984.2s to go
on time step 14105 (time=587.708), 0.0276334 s/step
on time step 14250 (time=593.75), 0.0277481 s/step
on time step 14394 (time=599.75), 0.0277825 s/step
on time step 14537 (time=605.708), 0.0279804 s/step
on time step 14681 (time=611.708), 0.0278417 s/step
on time step 14823 (time=617.625), 0.028252 s/step
on time step 14967 (time=623.625), 0.0278797 s/step
Meep progress: 627.5/2052.394376321794 = 30.6% done in 420.2s, 954.1s to go
on time step 15112 (time=629.667), 0.0276548 s/step
on time step 15258 (time=635.75), 0.0275262 s/step
on time step 15404 (time=641.833), 0.0275796 s/step
on time step 15549 (time=647.875), 0.027708 s/step
on time step 15691 (time=653.792), 0.028277 s/step
on time step 15835 (time=659.792), 0.0278495 s/step
on time step 15979 (time=665.792), 0.0278863 s/step
on time step 16123 (time=671.792), 0.0278842 s/step
Meep progress: 672.4583333333333/2052.394376321794 = 32.8% done in 450.2s, 923.8s to go
on time step 16267 (time=677.792), 0.0278216 s/step
on time step 16411 (time=683.792), 0.0278416 s/step
on time step 16556 (time=689.833), 0.0276127 s/step
on time step 16701 (time=695.875), 0.0277753 s/step
on time step 16846 (time=701.917), 0.0276516 s/step
on time step 16988 (time=707.833), 0.0282274 s/step
on time step 17132 (time=713.833), 0.0278496 s/step
Meep progress: 717.4166666666666/2052.394376321794 = 35.0% done in 480.2s, 893.5s to go
on time step 17276 (time=719.833), 0.027892 s/step
on time step 17420 (time=725.833), 0.0278545 s/step
on time step 17564 (time=731.833), 0.02786 s/step
on time step 17708 (time=737.833), 0.0278908 s/step
on time step 17849 (time=743.708), 0.0284385 s/step
on time step 17992 (time=749.667), 0.028004 s/step
on time step 18136 (time=755.667), 0.0279376 s/step
on time step 18280 (time=761.667), 0.0279127 s/step
Meep progress: 762.0833333333333/2052.394376321794 = 37.1% done in 510.2s, 863.8s to go
on time step 18423 (time=767.625), 0.027997 s/step
on time step 18566 (time=773.583), 0.0280791 s/step
on time step 18709 (time=779.542), 0.0280965 s/step
on time step 18851 (time=785.458), 0.0283154 s/step
on time step 18994 (time=791.417), 0.0281298 s/step
on time step 19135 (time=797.292), 0.028435 s/step
on time step 19277 (time=803.208), 0.0281744 s/step
Meep progress: 806.5/2052.394376321794 = 39.3% done in 540.2s, 834.5s to go
on time step 19421 (time=809.208), 0.0279403 s/step
on time step 19565 (time=815.208), 0.0278826 s/step
on time step 19709 (time=821.208), 0.0279648 s/step
on time step 19852 (time=827.167), 0.0280877 s/step
on time step 19992 (time=833), 0.0286986 s/step
on time step 20134 (time=838.917), 0.0281928 s/step
on time step 20276 (time=844.833), 0.0282307 s/step
on time step 20419 (time=850.792), 0.0281657 s/step
Meep progress: 850.9166666666666/2052.394376321794 = 41.5% done in 570.2s, 805.2s to go
on time step 20562 (time=856.75), 0.0281402 s/step
on time step 20704 (time=862.667), 0.0281826 s/step
on time step 20847 (time=868.625), 0.027993 s/step
on time step 20989 (time=874.542), 0.0281925 s/step
on time step 21134 (time=880.583), 0.027699 s/step
on time step 21276 (time=886.5), 0.0281999 s/step
on time step 21420 (time=892.5), 0.0279002 s/step
Meep progress: 895.5416666666666/2052.394376321794 = 43.6% done in 600.3s, 775.4s to go
on time step 21564 (time=898.5), 0.027883 s/step
on time step 21708 (time=904.5), 0.0279048 s/step
on time step 21852 (time=910.5), 0.0279334 s/step
on time step 21995 (time=916.458), 0.028013 s/step
on time step 22136 (time=922.333), 0.0285414 s/step
on time step 22280 (time=928.333), 0.0278557 s/step
on time step 22425 (time=934.375), 0.0277267 s/step
Meep progress: 940.25/2052.394376321794 = 45.8% done in 630.3s, 745.5s to go
on time step 22569 (time=940.375), 0.0277806 s/step
on time step 22713 (time=946.375), 0.0278671 s/step
on time step 22857 (time=952.375), 0.0279166 s/step
on time step 23001 (time=958.375), 0.0279349 s/step
on time step 23143 (time=964.292), 0.028228 s/step
on time step 23287 (time=970.292), 0.027968 s/step
on time step 23428 (time=976.167), 0.0285452 s/step
on time step 23570 (time=982.083), 0.0281932 s/step
Meep progress: 984.7916666666666/2052.394376321794 = 48.0% done in 660.3s, 715.8s to go
on time step 23714 (time=988.083), 0.0278678 s/step
on time step 23859 (time=994.125), 0.0277282 s/step
on time step 24003 (time=1000.12), 0.0277989 s/step
on time step 24147 (time=1006.12), 0.027901 s/step
on time step 24288 (time=1012), 0.0285061 s/step
on time step 24431 (time=1017.96), 0.0279821 s/step
on time step 24574 (time=1023.92), 0.0280032 s/step
Meep progress: 1029.5/2052.394376321794 = 50.2% done in 690.3s, 685.9s to go
on time step 24717 (time=1029.88), 0.0280598 s/step
on time step 24860 (time=1035.83), 0.0281267 s/step
on time step 25002 (time=1041.75), 0.0282449 s/step
on time step 25146 (time=1047.75), 0.0279107 s/step
on time step 25289 (time=1053.71), 0.0280012 s/step
on time step 25433 (time=1059.71), 0.0278406 s/step
on time step 25575 (time=1065.62), 0.0283473 s/step
on time step 25718 (time=1071.58), 0.0279759 s/step
Meep progress: 1074.0833333333333/2052.394376321794 = 52.3% done in 720.3s, 656.1s to go
on time step 25862 (time=1077.58), 0.027957 s/step
on time step 26005 (time=1083.54), 0.0279933 s/step
on time step 26148 (time=1089.5), 0.0280735 s/step
on time step 26290 (time=1095.42), 0.0282179 s/step
on time step 26429 (time=1101.21), 0.0289121 s/step
on time step 26571 (time=1107.12), 0.0282341 s/step
on time step 26714 (time=1113.08), 0.0281183 s/step
Meep progress: 1118.4166666666665/2052.394376321794 = 54.5% done in 750.3s, 626.6s to go
on time step 26858 (time=1119.08), 0.0279311 s/step
on time step 27002 (time=1125.08), 0.027897 s/step
on time step 27146 (time=1131.08), 0.0279435 s/step
on time step 27289 (time=1137.04), 0.0279785 s/step
on time step 27430 (time=1142.92), 0.0285201 s/step
on time step 27573 (time=1148.88), 0.0281268 s/step
on time step 27713 (time=1154.71), 0.0286687 s/step
on time step 27855 (time=1160.62), 0.0283636 s/step
Meep progress: 1162.75/2052.394376321794 = 56.7% done in 780.4s, 597.1s to go
on time step 27997 (time=1166.54), 0.028183 s/step
on time step 28142 (time=1172.58), 0.027737 s/step
on time step 28286 (time=1178.58), 0.0277778 s/step
on time step 28430 (time=1184.58), 0.0279066 s/step
on time step 28571 (time=1190.46), 0.0285135 s/step
on time step 28714 (time=1196.42), 0.0280782 s/step
on time step 28857 (time=1202.38), 0.0280168 s/step
Meep progress: 1207.375/2052.394376321794 = 58.8% done in 810.4s, 567.2s to go
on time step 29000 (time=1208.33), 0.0281297 s/step
on time step 29142 (time=1214.25), 0.0281807 s/step
on time step 29284 (time=1220.17), 0.0283083 s/step
on time step 29426 (time=1226.08), 0.0282824 s/step
on time step 29569 (time=1232.04), 0.0281582 s/step
on time step 29713 (time=1238.04), 0.0278149 s/step
on time step 29854 (time=1243.92), 0.0284338 s/step
on time step 29997 (time=1249.88), 0.0280404 s/step
Meep progress: 1251.7916666666665/2052.394376321794 = 61.0% done in 840.4s, 537.5s to go
on time step 30140 (time=1255.83), 0.0280178 s/step
on time step 30283 (time=1261.79), 0.0280515 s/step
on time step 30426 (time=1267.75), 0.0281164 s/step
on time step 30568 (time=1273.67), 0.0282125 s/step
on time step 30707 (time=1279.46), 0.0288732 s/step
on time step 30848 (time=1285.33), 0.0284715 s/step
on time step 30992 (time=1291.33), 0.027954 s/step
Meep progress: 1296.125/2052.394376321794 = 63.2% done in 870.4s, 507.9s to go
on time step 31136 (time=1297.33), 0.0278955 s/step
on time step 31280 (time=1303.33), 0.0279225 s/step
on time step 31423 (time=1309.29), 0.0279943 s/step
on time step 31566 (time=1315.25), 0.0280069 s/step
on time step 31708 (time=1321.17), 0.0282936 s/step
on time step 31851 (time=1327.12), 0.0280991 s/step
on time step 31991 (time=1332.96), 0.0286634 s/step
on time step 32132 (time=1338.83), 0.0283983 s/step
Meep progress: 1340.4583333333333/2052.394376321794 = 65.3% done in 900.4s, 478.2s to go
on time step 32273 (time=1344.71), 0.028442 s/step
on time step 32415 (time=1350.62), 0.0282767 s/step
on time step 32558 (time=1356.58), 0.0281412 s/step
on time step 32701 (time=1362.54), 0.0281683 s/step
on time step 32840 (time=1368.33), 0.0288192 s/step
on time step 32982 (time=1374.25), 0.0283583 s/step
on time step 33124 (time=1380.17), 0.0282705 s/step
Meep progress: 1384.5833333333333/2052.394376321794 = 67.5% done in 930.4s, 448.8s to go
on time step 33266 (time=1386.08), 0.0283284 s/step
on time step 33407 (time=1391.96), 0.0283856 s/step
on time step 33548 (time=1397.83), 0.0285336 s/step
on time step 33688 (time=1403.67), 0.0286327 s/step
on time step 33828 (time=1409.5), 0.0286909 s/step
on time step 33970 (time=1415.42), 0.0281946 s/step
on time step 34109 (time=1421.21), 0.0287781 s/step
on time step 34251 (time=1427.12), 0.0283348 s/step
Meep progress: 1428.4583333333333/2052.394376321794 = 69.6% done in 960.4s, 419.5s to go
on time step 34393 (time=1433.04), 0.0283212 s/step
on time step 34535 (time=1438.96), 0.0283144 s/step
on time step 34677 (time=1444.88), 0.0283243 s/step
on time step 34818 (time=1450.75), 0.0284114 s/step
on time step 34956 (time=1456.5), 0.029021 s/step
on time step 35096 (time=1462.33), 0.0287452 s/step
on time step 35236 (time=1468.17), 0.0286179 s/step
Meep progress: 1472.2916666666665/2052.394376321794 = 71.7% done in 990.5s, 390.3s to go
on time step 35378 (time=1474.08), 0.0283217 s/step
on time step 35521 (time=1480.04), 0.028114 s/step
on time step 35664 (time=1486), 0.0280142 s/step
on time step 35807 (time=1491.96), 0.028026 s/step
on time step 35949 (time=1497.88), 0.0283027 s/step
on time step 36092 (time=1503.83), 0.028143 s/step
on time step 36232 (time=1509.67), 0.0287398 s/step
on time step 36373 (time=1515.54), 0.0284147 s/step
Meep progress: 1516.5416666666665/2052.394376321794 = 73.9% done in 1020.5s, 360.6s to go
on time step 36514 (time=1521.42), 0.0284201 s/step
on time step 36655 (time=1527.29), 0.028473 s/step
on time step 36797 (time=1533.21), 0.0281959 s/step
on time step 36941 (time=1539.21), 0.0279231 s/step
on time step 37082 (time=1545.08), 0.0285283 s/step
on time step 37225 (time=1551.04), 0.0281391 s/step
on time step 37368 (time=1557), 0.0280749 s/step
Meep progress: 1560.8333333333333/2052.394376321794 = 76.0% done in 1050.5s, 330.8s to go
on time step 37511 (time=1562.96), 0.0281495 s/step
on time step 37653 (time=1568.88), 0.028199 s/step
on time step 37795 (time=1574.79), 0.0283262 s/step
on time step 37936 (time=1580.67), 0.0284446 s/step
on time step 38075 (time=1586.46), 0.0287993 s/step
on time step 38217 (time=1592.38), 0.0283548 s/step
on time step 38358 (time=1598.25), 0.0284856 s/step
on time step 38501 (time=1604.21), 0.0280816 s/step
Meep progress: 1604.9166666666665/2052.394376321794 = 78.2% done in 1080.5s, 301.3s to go
on time step 38644 (time=1610.17), 0.0280332 s/step
on time step 38787 (time=1616.12), 0.0280885 s/step
on time step 38929 (time=1622.04), 0.0281783 s/step
on time step 39071 (time=1627.96), 0.0282737 s/step
on time step 39210 (time=1633.75), 0.0289149 s/step
on time step 39350 (time=1639.58), 0.0285815 s/step
on time step 39490 (time=1645.42), 0.0285815 s/step
Meep progress: 1648.9583333333333/2052.394376321794 = 80.3% done in 1110.5s, 271.7s to go
on time step 39631 (time=1651.29), 0.0285526 s/step
on time step 39774 (time=1657.25), 0.0281119 s/step
on time step 39917 (time=1663.21), 0.0280037 s/step
on time step 40060 (time=1669.17), 0.0280588 s/step
on time step 40201 (time=1675.04), 0.0283879 s/step
on time step 40343 (time=1680.96), 0.028227 s/step
on time step 40483 (time=1686.79), 0.0287076 s/step
on time step 40624 (time=1692.67), 0.0284263 s/step
Meep progress: 1693.1666666666665/2052.394376321794 = 82.5% done in 1140.5s, 242.0s to go
on time step 40765 (time=1698.54), 0.0285022 s/step
on time step 40905 (time=1704.38), 0.0285873 s/step
on time step 41045 (time=1710.21), 0.0286335 s/step
on time step 41186 (time=1716.08), 0.0285191 s/step
on time step 41326 (time=1721.92), 0.0286278 s/step
on time step 41472 (time=1728), 0.0274465 s/step
on time step 41620 (time=1734.17), 0.0272035 s/step
Meep progress: 1737.625/2052.394376321794 = 84.7% done in 1170.6s, 212.0s to go
on time step 41767 (time=1740.29), 0.027252 s/step
on time step 41915 (time=1746.46), 0.0272029 s/step
on time step 42063 (time=1752.62), 0.0272008 s/step
on time step 42211 (time=1758.79), 0.0272097 s/step
on time step 42357 (time=1764.88), 0.0275688 s/step
on time step 42504 (time=1771), 0.0273112 s/step
on time step 42648 (time=1777), 0.0277965 s/step
on time step 42795 (time=1783.12), 0.0273584 s/step
Meep progress: 1783.3333333333333/2052.394376321794 = 86.9% done in 1200.6s, 181.1s to go
on time step 42942 (time=1789.25), 0.0273022 s/step
on time step 43089 (time=1795.38), 0.0273211 s/step
on time step 43236 (time=1801.5), 0.0273273 s/step
on time step 43339 (time=1805.79), 0.0389197 s/step
on time step 43391 (time=1807.96), 0.0775617 s/step
on time step 43443 (time=1810.12), 0.0777899 s/step
on time step 43506 (time=1812.75), 0.0635318 s/step
Meep progress: 1815.5416666666665/2052.394376321794 = 88.5% done in 1230.6s, 160.5s to go
on time step 43646 (time=1818.58), 0.0287658 s/step
on time step 43766 (time=1823.58), 0.0333648 s/step
on time step 43875 (time=1828.12), 0.0368916 s/step
on time step 43987 (time=1832.79), 0.0359441 s/step
on time step 44100 (time=1837.5), 0.0356091 s/step
on time step 44223 (time=1842.62), 0.0325405 s/step
on time step 44364 (time=1848.5), 0.0284762 s/step
Meep progress: 1854.5/2052.394376321794 = 90.4% done in 1260.6s, 134.5s to go
on time step 44511 (time=1854.62), 0.0272604 s/step
on time step 44659 (time=1860.79), 0.0272012 s/step
on time step 44807 (time=1866.96), 0.0272 s/step
on time step 44955 (time=1873.12), 0.0272083 s/step
on time step 45103 (time=1879.29), 0.0272032 s/step
on time step 45247 (time=1885.29), 0.0278016 s/step
on time step 45394 (time=1891.42), 0.0272934 s/step
on time step 45542 (time=1897.58), 0.0272043 s/step
Meep progress: 1900.2916666666665/2052.394376321794 = 92.6% done in 1290.6s, 103.3s to go
on time step 45689 (time=1903.71), 0.0272551 s/step
on time step 45837 (time=1909.88), 0.0272037 s/step
on time step 45985 (time=1916.04), 0.0271941 s/step
on time step 46133 (time=1922.21), 0.027198 s/step
on time step 46279 (time=1928.29), 0.0274997 s/step
on time step 46425 (time=1934.38), 0.0274447 s/step
on time step 46571 (time=1940.46), 0.0275682 s/step
Meep progress: 1946.0416666666665/2052.394376321794 = 94.8% done in 1320.6s, 72.2s to go
on time step 46718 (time=1946.58), 0.0272401 s/step
on time step 46866 (time=1952.75), 0.0272066 s/step
on time step 47014 (time=1958.92), 0.0272047 s/step
on time step 47162 (time=1965.08), 0.0272015 s/step
on time step 47310 (time=1971.25), 0.0272092 s/step
on time step 47454 (time=1977.25), 0.0278287 s/step
on time step 47601 (time=1983.38), 0.0273019 s/step
on time step 47749 (time=1989.54), 0.0271973 s/step
Meep progress: 1991.8333333333333/2052.394376321794 = 97.0% done in 1350.7s, 41.1s to go
on time step 47896 (time=1995.67), 0.0272532 s/step
on time step 48044 (time=2001.83), 0.0272108 s/step
on time step 48191 (time=2007.96), 0.0272116 s/step
on time step 48337 (time=2014.04), 0.0275136 s/step
on time step 48483 (time=2020.12), 0.027461 s/step
on time step 48629 (time=2026.21), 0.027416 s/step
on time step 48775 (time=2032.29), 0.0275355 s/step
Meep progress: 2037.5416666666665/2052.394376321794 = 99.3% done in 1380.7s, 10.1s to go
on time step 48922 (time=2038.42), 0.0272511 s/step
on time step 49069 (time=2044.54), 0.0272878 s/step
on time step 49217 (time=2050.71), 0.0272044 s/step
run 0 finished at t = 2052.4166666666665 (49258 timesteps)
field decay(t = 2052.4166666666665): 2.608626878588399e-15 / 2.608626878588399e-15 = 1.0
on time step 49361 (time=2056.71), 0.0278277 s/step
on time step 49504 (time=2062.67), 0.028095 s/step
on time step 49643 (time=2068.46), 0.0289277 s/step
on time step 49786 (time=2074.42), 0.0281565 s/step
on time step 49929 (time=2080.38), 0.028053 s/step
on time step 50072 (time=2086.33), 0.0280222 s/step
on time step 50215 (time=2092.29), 0.0280089 s/step
on time step 50358 (time=2098.25), 0.0280876 s/step
on time step 50501 (time=2104.21), 0.028125 s/step
on time step 50642 (time=2110.08), 0.028427 s/step
on time step 50783 (time=2115.96), 0.0284867 s/step
on time step 50924 (time=2121.83), 0.028471 s/step
on time step 51067 (time=2127.79), 0.0281513 s/step
on time step 51210 (time=2133.75), 0.0281561 s/step
on time step 51353 (time=2139.71), 0.0281655 s/step
on time step 51496 (time=2145.67), 0.0281458 s/step
on time step 51639 (time=2151.62), 0.0281215 s/step
on time step 51777 (time=2157.38), 0.0290154 s/step
on time step 51919 (time=2163.29), 0.028219 s/step
on time step 52062 (time=2169.25), 0.0281106 s/step
on time step 52205 (time=2175.21), 0.0281611 s/step
on time step 52348 (time=2181.17), 0.028115 s/step
on time step 52491 (time=2187.12), 0.0281144 s/step
on time step 52633 (time=2193.04), 0.0282085 s/step
on time step 52774 (time=2198.92), 0.0284486 s/step
on time step 52915 (time=2204.79), 0.0285287 s/step
on time step 53057 (time=2210.71), 0.0283457 s/step
on time step 53200 (time=2216.67), 0.0281088 s/step
on time step 53343 (time=2222.62), 0.0280997 s/step
on time step 53486 (time=2228.58), 0.0280913 s/step
on time step 53629 (time=2234.54), 0.028067 s/step
on time step 53772 (time=2240.5), 0.0280298 s/step
on time step 53911 (time=2246.29), 0.0288267 s/step
on time step 54054 (time=2252.25), 0.0281668 s/step
on time step 54197 (time=2258.21), 0.028116 s/step
on time step 54339 (time=2264.12), 0.0282495 s/step
on time step 54482 (time=2270.08), 0.0281636 s/step
on time step 54624 (time=2276), 0.0281859 s/step
on time step 54766 (time=2281.92), 0.0281969 s/step
on time step 54907 (time=2287.79), 0.0285055 s/step
on time step 55047 (time=2293.62), 0.0286354 s/step
on time step 55189 (time=2299.54), 0.0283416 s/step
on time step 55331 (time=2305.46), 0.0281794 s/step
on time step 55474 (time=2311.42), 0.0281279 s/step
on time step 55617 (time=2317.38), 0.028133 s/step
on time step 55760 (time=2323.33), 0.0281365 s/step
on time step 55903 (time=2329.29), 0.0281301 s/step
on time step 56041 (time=2335.04), 0.0290579 s/step
on time step 56183 (time=2340.96), 0.0281883 s/step
on time step 56326 (time=2346.92), 0.0281045 s/step
on time step 56469 (time=2352.88), 0.0281535 s/step
on time step 56612 (time=2358.83), 0.0281161 s/step
on time step 56755 (time=2364.79), 0.0281219 s/step
on time step 56898 (time=2370.75), 0.0281117 s/step
on time step 57039 (time=2376.62), 0.0284783 s/step
on time step 57179 (time=2382.46), 0.0286329 s/step
on time step 57321 (time=2388.38), 0.0283039 s/step
on time step 57464 (time=2394.33), 0.0281299 s/step
on time step 57607 (time=2400.29), 0.0280761 s/step
on time step 57750 (time=2406.25), 0.0281004 s/step
on time step 57893 (time=2412.21), 0.0281217 s/step
on time step 58036 (time=2418.17), 0.0281076 s/step
on time step 58175 (time=2423.96), 0.0289738 s/step
on time step 58318 (time=2429.92), 0.0281532 s/step
on time step 58461 (time=2435.88), 0.028111 s/step
on time step 58604 (time=2441.83), 0.0281452 s/step
on time step 58747 (time=2447.79), 0.0280815 s/step
on time step 58890 (time=2453.75), 0.028089 s/step
on time step 59033 (time=2459.71), 0.0280661 s/step
on time step 59175 (time=2465.62), 0.0283483 s/step
on time step 59316 (time=2471.5), 0.0284593 s/step
on time step 59458 (time=2477.42), 0.0282202 s/step
on time step 59601 (time=2483.38), 0.0281215 s/step
on time step 59744 (time=2489.33), 0.0280953 s/step
on time step 59887 (time=2495.29), 0.0281223 s/step
on time step 60030 (time=2501.25), 0.0281381 s/step
on time step 60172 (time=2507.17), 0.0282947 s/step
on time step 60311 (time=2512.96), 0.0289718 s/step
on time step 60453 (time=2518.88), 0.0281935 s/step
on time step 60596 (time=2524.83), 0.0281644 s/step
on time step 60738 (time=2530.75), 0.028197 s/step
on time step 60881 (time=2536.71), 0.0281516 s/step
on time step 61024 (time=2542.67), 0.0281132 s/step
on time step 61166 (time=2548.58), 0.0282358 s/step
field decay(t = 2552.458333333333): 0.018564227391126766 / 0.018564227391126766 = 1.0
on time step 61308 (time=2554.5), 0.0283421 s/step
on time step 61448 (time=2560.33), 0.0286545 s/step
on time step 61590 (time=2566.25), 0.0283014 s/step
on time step 61733 (time=2572.21), 0.028141 s/step
on time step 61876 (time=2578.17), 0.0281147 s/step
on time step 62019 (time=2584.12), 0.0281093 s/step
on time step 62162 (time=2590.08), 0.0281082 s/step
on time step 62304 (time=2596), 0.0283329 s/step
on time step 62443 (time=2601.79), 0.0288244 s/step
on time step 62586 (time=2607.75), 0.0280856 s/step
on time step 62729 (time=2613.71), 0.0281519 s/step
on time step 62872 (time=2619.67), 0.0280393 s/step
on time step 63015 (time=2625.62), 0.0280648 s/step
on time step 63158 (time=2631.58), 0.028104 s/step
on time step 63300 (time=2637.5), 0.0282276 s/step
on time step 63441 (time=2643.38), 0.0284404 s/step
on time step 63581 (time=2649.21), 0.0287021 s/step
on time step 63723 (time=2655.12), 0.0282857 s/step
on time step 63865 (time=2661.04), 0.0282075 s/step
on time step 64007 (time=2666.96), 0.0281731 s/step
on time step 64150 (time=2672.92), 0.0281611 s/step
on time step 64293 (time=2678.88), 0.0281518 s/step
on time step 64434 (time=2684.75), 0.0284483 s/step
on time step 64573 (time=2690.54), 0.0288136 s/step
on time step 64716 (time=2696.5), 0.0281234 s/step
on time step 64859 (time=2702.46), 0.0281506 s/step
on time step 65002 (time=2708.42), 0.0281305 s/step
on time step 65145 (time=2714.38), 0.0281003 s/step
on time step 65288 (time=2720.33), 0.0280848 s/step
on time step 65430 (time=2726.25), 0.0282113 s/step
on time step 65572 (time=2732.17), 0.028333 s/step
on time step 65712 (time=2738), 0.0287557 s/step
on time step 65854 (time=2743.92), 0.0281965 s/step
on time step 65996 (time=2749.83), 0.0282016 s/step
on time step 66139 (time=2755.79), 0.0281241 s/step
on time step 66282 (time=2761.75), 0.0281113 s/step
on time step 66425 (time=2767.71), 0.0281094 s/step
on time step 66566 (time=2773.58), 0.0285349 s/step
on time step 66706 (time=2779.42), 0.0287144 s/step
on time step 66849 (time=2785.38), 0.028101 s/step
on time step 66991 (time=2791.29), 0.0281733 s/step
on time step 67134 (time=2797.25), 0.0281003 s/step
on time step 67277 (time=2803.21), 0.0280985 s/step
on time step 67420 (time=2809.17), 0.0281191 s/step
on time step 67562 (time=2815.08), 0.0282231 s/step
on time step 67704 (time=2821), 0.0282856 s/step
on time step 67844 (time=2826.83), 0.0287324 s/step
on time step 67987 (time=2832.79), 0.028116 s/step
on time step 68130 (time=2838.75), 0.0281104 s/step
on time step 68273 (time=2844.71), 0.0280561 s/step
on time step 68416 (time=2850.67), 0.0280208 s/step
on time step 68559 (time=2856.62), 0.0280416 s/step
on time step 68700 (time=2862.5), 0.0284679 s/step
on time step 68840 (time=2868.33), 0.0286317 s/step
on time step 68983 (time=2874.29), 0.0280757 s/step
on time step 69125 (time=2880.21), 0.0281756 s/step
on time step 69267 (time=2886.12), 0.0281732 s/step
on time step 69409 (time=2892.04), 0.0281791 s/step
on time step 69550 (time=2897.92), 0.0284619 s/step
on time step 69692 (time=2903.83), 0.0283049 s/step
on time step 69834 (time=2909.75), 0.0283284 s/step
on time step 69973 (time=2915.54), 0.0288656 s/step
on time step 70116 (time=2921.5), 0.0281639 s/step
on time step 70258 (time=2927.42), 0.028175 s/step
on time step 70401 (time=2933.38), 0.0281204 s/step
on time step 70544 (time=2939.33), 0.0281239 s/step
on time step 70686 (time=2945.25), 0.0281819 s/step
on time step 70826 (time=2951.08), 0.0286039 s/step
on time step 70966 (time=2956.92), 0.0286438 s/step
on time step 71109 (time=2962.88), 0.0281138 s/step
on time step 71252 (time=2968.83), 0.0281399 s/step
on time step 71395 (time=2974.79), 0.028147 s/step
on time step 71538 (time=2980.75), 0.0280888 s/step
on time step 71681 (time=2986.71), 0.0280931 s/step
on time step 71823 (time=2992.62), 0.028312 s/step
on time step 71965 (time=2998.54), 0.0282146 s/step
on time step 72105 (time=3004.38), 0.0286917 s/step
on time step 72248 (time=3010.33), 0.028149 s/step
on time step 72391 (time=3016.29), 0.0281369 s/step
on time step 72534 (time=3022.25), 0.0281528 s/step
on time step 72677 (time=3028.21), 0.028126 s/step
on time step 72820 (time=3034.17), 0.0281126 s/step
on time step 72960 (time=3040), 0.0286941 s/step
on time step 73100 (time=3045.83), 0.0286944 s/step
on time step 73243 (time=3051.79), 0.0281471 s/step
field decay(t = 3052.5): 1.1403169015843914e-11 / 0.018564227391126766 = 6.142549741280556e-10
run 1 finished at t = 3052.5 (73260 timesteps)
WD: data/2021-12-02/NowChangeTempDblBubbles/
AlreadyDir
-----------
Initializing structure...
Splitting into 64 chunks by voxels
time for choose_chunkdivision = 0.00841854 s
Working in 2D dimensions.
Computational cell is 1420 x 100 x 0 with resolution 12
     block, center = (0,0,0)
          size (1e+20,1e+20,1e+20)
          axes (1,0,0), (0,1,0), (0,0,1)
          dielectric constant epsilon diagonal = (1.99622,1.99622,1.99622)
     block, center = (0,-26.25,0)
          size (1e+20,62.5,1e+20)
          axes (1,0,0), (0,1,0), (0,0,1)
          dielectric constant epsilon diagonal = (2.0746,2.0746,2.0746)
     block, center = (0,0,0)
          size (1e+20,8.2,1e+20)
          axes (1,0,0), (0,1,0), (0,0,1)
          dielectric constant epsilon diagonal = (2.08903,2.08903,2.08903)
     block, center = (-550,-10.9,0)
          size (100,40,1e+20)
          axes (1,0,0), (0,1,0), (0,0,1)
          dielectric constant epsilon diagonal = (1.99622,1.99622,1.99622)
     block, center = (550,-10.9,0)
          size (100,40,1e+20)
          axes (1,0,0), (0,1,0), (0,0,1)
          dielectric constant epsilon diagonal = (1.99622,1.99622,1.99622)
time for set_epsilon = 0.272481 s
-----------
MPB solved for frequency_1(0.4,0,0) = 0.277754 after 72 iters
MPB solved for frequency_1(0.931446,0,0) = 0.645152 after 29 iters
MPB solved for frequency_1(0.93146,0,0) = 0.645161 after 11 iters
MPB solved for frequency_1(0.93146,0,0) = 0.645161 after 1 iters
Meep: using output directory 'data/2021-12-02/NowChangeTempDblBubbles/'


Actual Run


on time step 8 (time=0.333333), 0.501597 s/step
on time step 156 (time=6.5), 0.0271602 s/step
on time step 304 (time=12.6667), 0.0271791 s/step
on time step 449 (time=18.7083), 0.0275904 s/step
on time step 594 (time=24.75), 0.027758 s/step
on time step 739 (time=30.7917), 0.0276704 s/step
on time step 887 (time=36.9583), 0.0271369 s/step
Meep progress: 39.875/2052.394376321794 = 1.9% done in 30.0s, 1514.7s to go
on time step 1035 (time=43.125), 0.0271494 s/step
on time step 1182 (time=49.25), 0.0272297 s/step
on time step 1329 (time=55.375), 0.0272705 s/step
on time step 1477 (time=61.5417), 0.0271292 s/step
on time step 1621 (time=67.5417), 0.0279568 s/step
on time step 1768 (time=73.6667), 0.0272394 s/step
on time step 1916 (time=79.8333), 0.0270939 s/step
Meep progress: 85.70833333333333/2052.394376321794 = 4.2% done in 60.0s, 1377.4s to go
on time step 2064 (time=86), 0.0271509 s/step
on time step 2211 (time=92.125), 0.027248 s/step
on time step 2358 (time=98.25), 0.0273675 s/step
on time step 2504 (time=104.333), 0.0274078 s/step
on time step 2650 (time=110.417), 0.0275439 s/step
on time step 2797 (time=116.542), 0.0273591 s/step
on time step 2943 (time=122.625), 0.0274057 s/step
on time step 3091 (time=128.792), 0.0270736 s/step
Meep progress: 131.45833333333331/2052.394376321794 = 6.4% done in 90.0s, 1315.7s to go
on time step 3238 (time=134.917), 0.027218 s/step
on time step 3385 (time=141.042), 0.0272756 s/step
on time step 3531 (time=147.125), 0.0274294 s/step
on time step 3677 (time=153.208), 0.0274246 s/step
on time step 3819 (time=159.125), 0.0281999 s/step
on time step 3966 (time=165.25), 0.0272799 s/step
on time step 4113 (time=171.375), 0.0272257 s/step
Meep progress: 177.04166666666666/2052.394376321794 = 8.6% done in 120.0s, 1271.6s to go
on time step 4260 (time=177.5), 0.0272617 s/step
on time step 4407 (time=183.625), 0.0273653 s/step
on time step 4553 (time=189.708), 0.027481 s/step
on time step 4698 (time=195.75), 0.0276177 s/step
on time step 4841 (time=201.708), 0.0280029 s/step
on time step 4985 (time=207.708), 0.0278992 s/step
on time step 5128 (time=213.667), 0.0280376 s/step
on time step 5274 (time=219.75), 0.027451 s/step
Meep progress: 222.25/2052.394376321794 = 10.8% done in 150.1s, 1235.7s to go
on time step 5421 (time=225.875), 0.0272324 s/step
on time step 5568 (time=232), 0.0272778 s/step
on time step 5714 (time=238.083), 0.0274209 s/step
on time step 5860 (time=244.167), 0.0274905 s/step
on time step 6001 (time=250.042), 0.028399 s/step
on time step 6146 (time=256.083), 0.0277583 s/step
on time step 6291 (time=262.125), 0.0277036 s/step
Meep progress: 267.5/2052.394376321794 = 13.0% done in 180.1s, 1201.7s to go
on time step 6436 (time=268.167), 0.0277612 s/step
on time step 6581 (time=274.208), 0.0276854 s/step
on time step 6728 (time=280.333), 0.0273009 s/step
on time step 6875 (time=286.458), 0.0273893 s/step
on time step 7020 (time=292.5), 0.0277485 s/step
on time step 7165 (time=298.542), 0.0276708 s/step
on time step 7309 (time=304.542), 0.0278524 s/step
on time step 7454 (time=310.583), 0.0276846 s/step
Meep progress: 312.79166666666663/2052.394376321794 = 15.2% done in 210.1s, 1168.6s to go
on time step 7599 (time=316.625), 0.027637 s/step
on time step 7744 (time=322.667), 0.0276428 s/step
on time step 7889 (time=328.708), 0.0276801 s/step
on time step 8035 (time=334.792), 0.027481 s/step
on time step 8177 (time=340.708), 0.0282593 s/step
on time step 8323 (time=346.792), 0.0274666 s/step
on time step 8469 (time=352.875), 0.0274642 s/step
Meep progress: 358.04166666666663/2052.394376321794 = 17.4% done in 240.1s, 1136.4s to go
on time step 8615 (time=358.958), 0.0275372 s/step
on time step 8760 (time=365), 0.0276157 s/step
on time step 8905 (time=371.042), 0.0276516 s/step
on time step 9050 (time=377.083), 0.0276623 s/step
on time step 9194 (time=383.083), 0.0279045 s/step
on time step 9337 (time=389.042), 0.0279927 s/step
on time step 9482 (time=395.083), 0.0277287 s/step
on time step 9628 (time=401.167), 0.0274443 s/step
Meep progress: 403.16666666666663/2052.394376321794 = 19.6% done in 270.1s, 1105.1s to go
on time step 9774 (time=407.25), 0.0274804 s/step
on time step 9920 (time=413.333), 0.0275034 s/step
on time step 10065 (time=419.375), 0.0276214 s/step
on time step 10210 (time=425.417), 0.0276796 s/step
on time step 10351 (time=431.292), 0.02845 s/step
on time step 10496 (time=437.333), 0.0277452 s/step
on time step 10641 (time=443.375), 0.0277371 s/step
Meep progress: 448.2083333333333/2052.394376321794 = 21.8% done in 300.2s, 1074.3s to go
on time step 10786 (time=449.417), 0.0277237 s/step
on time step 10932 (time=455.5), 0.0274379 s/step
on time step 11078 (time=461.583), 0.0275041 s/step
on time step 11223 (time=467.625), 0.0276092 s/step
on time step 11367 (time=473.625), 0.0278966 s/step
on time step 11510 (time=479.583), 0.0280151 s/step
on time step 11654 (time=485.583), 0.0279356 s/step
on time step 11799 (time=491.625), 0.0276861 s/step
Meep progress: 493.3333333333333/2052.394376321794 = 24.0% done in 330.2s, 1043.4s to go
on time step 11944 (time=497.667), 0.0277369 s/step
on time step 12089 (time=503.708), 0.0277107 s/step
on time step 12234 (time=509.75), 0.0277762 s/step
on time step 12379 (time=515.792), 0.0276185 s/step
on time step 12521 (time=521.708), 0.0283121 s/step
on time step 12666 (time=527.75), 0.027595 s/step
on time step 12811 (time=533.792), 0.02771 s/step
Meep progress: 538.3333333333333/2052.394376321794 = 26.2% done in 360.2s, 1013.0s to go
on time step 12956 (time=539.833), 0.0277636 s/step
on time step 13100 (time=545.833), 0.0277806 s/step
on time step 13244 (time=551.833), 0.027801 s/step
on time step 13388 (time=557.833), 0.0277941 s/step
on time step 13531 (time=563.792), 0.0281331 s/step
on time step 13674 (time=569.75), 0.0280771 s/step
on time step 13818 (time=575.75), 0.0277933 s/step
on time step 13964 (time=581.833), 0.027557 s/step
Meep progress: 583.25/2052.394376321794 = 28.4% done in 390.2s, 982.8s to go
on time step 14109 (time=587.875), 0.0276597 s/step
on time step 14254 (time=593.917), 0.0277489 s/step
on time step 14399 (time=599.958), 0.0277648 s/step
on time step 14543 (time=605.958), 0.0277921 s/step
on time step 14683 (time=611.792), 0.028593 s/step
on time step 14827 (time=617.792), 0.0278074 s/step
on time step 14971 (time=623.792), 0.0277993 s/step
Meep progress: 628.125/2052.394376321794 = 30.6% done in 420.2s, 952.8s to go
on time step 15116 (time=629.833), 0.0276845 s/step
on time step 15262 (time=635.917), 0.0275341 s/step
on time step 15407 (time=641.958), 0.0275959 s/step
on time step 15552 (time=648), 0.027682 s/step
on time step 15695 (time=653.958), 0.0280505 s/step
on time step 15838 (time=659.917), 0.0281044 s/step
on time step 15981 (time=665.875), 0.0280837 s/step
on time step 16125 (time=671.875), 0.0278175 s/step
Meep progress: 673.0833333333333/2052.394376321794 = 32.8% done in 450.2s, 922.7s to go
on time step 16269 (time=677.875), 0.0278258 s/step
on time step 16413 (time=683.875), 0.0278387 s/step
on time step 16558 (time=689.917), 0.0276667 s/step
on time step 16704 (time=696), 0.0275767 s/step
on time step 16845 (time=701.875), 0.0284544 s/step
on time step 16989 (time=707.875), 0.027789 s/step
on time step 17133 (time=713.875), 0.0278053 s/step
Meep progress: 718.0/2052.394376321794 = 35.0% done in 480.3s, 892.6s to go
on time step 17277 (time=719.875), 0.0278346 s/step
on time step 17421 (time=725.875), 0.0278439 s/step
on time step 17564 (time=731.833), 0.0281416 s/step
on time step 17708 (time=737.833), 0.0278948 s/step
on time step 17850 (time=743.75), 0.0282622 s/step
on time step 17992 (time=749.667), 0.0282657 s/step
on time step 18135 (time=755.625), 0.0280329 s/step
on time step 18279 (time=761.625), 0.0278311 s/step
Meep progress: 762.625/2052.394376321794 = 37.2% done in 510.3s, 863.0s to go
on time step 18422 (time=767.583), 0.0279751 s/step
on time step 18565 (time=773.542), 0.0280778 s/step
on time step 18708 (time=779.5), 0.0280921 s/step
on time step 18851 (time=785.458), 0.0281304 s/step
on time step 18991 (time=791.292), 0.0287479 s/step
on time step 19134 (time=797.25), 0.0281624 s/step
on time step 19277 (time=803.208), 0.0281545 s/step
Meep progress: 807.0/2052.394376321794 = 39.3% done in 540.3s, 833.8s to go
on time step 19420 (time=809.167), 0.0279879 s/step
on time step 19564 (time=815.167), 0.0278382 s/step
on time step 19708 (time=821.167), 0.027931 s/step
on time step 19851 (time=827.125), 0.0280652 s/step
on time step 19992 (time=833), 0.0284308 s/step
on time step 20133 (time=838.875), 0.0284228 s/step
on time step 20275 (time=844.792), 0.028278 s/step
on time step 20418 (time=850.75), 0.0281375 s/step
Meep progress: 851.4166666666666/2052.394376321794 = 41.5% done in 570.3s, 804.5s to go
on time step 20560 (time=856.667), 0.0281972 s/step
on time step 20702 (time=862.583), 0.0282376 s/step
on time step 20845 (time=868.542), 0.0280179 s/step
on time step 20989 (time=874.542), 0.0278833 s/step
on time step 21131 (time=880.458), 0.0282685 s/step
on time step 21275 (time=886.458), 0.0278289 s/step
on time step 21419 (time=892.458), 0.0278585 s/step
Meep progress: 896.0416666666666/2052.394376321794 = 43.7% done in 600.3s, 774.7s to go
on time step 21563 (time=898.458), 0.0278657 s/step
on time step 21707 (time=904.458), 0.0278811 s/step
on time step 21851 (time=910.458), 0.0279109 s/step
on time step 21994 (time=916.417), 0.0279887 s/step
on time step 22136 (time=922.333), 0.0282721 s/step
on time step 22278 (time=928.25), 0.028177 s/step
on time step 22422 (time=934.25), 0.0278284 s/step
on time step 22567 (time=940.292), 0.0277104 s/step
Meep progress: 940.75/2052.394376321794 = 45.8% done in 630.3s, 744.8s to go
on time step 22711 (time=946.292), 0.0278526 s/step
on time step 22855 (time=952.292), 0.0278794 s/step
on time step 22999 (time=958.292), 0.0278979 s/step
on time step 23142 (time=964.25), 0.0280045 s/step
on time step 23282 (time=970.083), 0.0286387 s/step
on time step 23425 (time=976.042), 0.0280818 s/step
on time step 23568 (time=982), 0.0281513 s/step
Meep progress: 985.2916666666666/2052.394376321794 = 48.0% done in 660.3s, 715.2s to go
on time step 23712 (time=988), 0.0278753 s/step
on time step 23857 (time=994.042), 0.0276589 s/step
on time step 24002 (time=1000.08), 0.0277277 s/step
on time step 24146 (time=1006.08), 0.0279087 s/step
on time step 24288 (time=1012), 0.0282303 s/step
on time step 24430 (time=1017.92), 0.0283173 s/step
on time step 24573 (time=1023.88), 0.0280958 s/step
on time step 24716 (time=1029.83), 0.028019 s/step
Meep progress: 1030.0/2052.394376321794 = 50.2% done in 690.4s, 685.3s to go
on time step 24859 (time=1035.79), 0.0281121 s/step
on time step 25001 (time=1041.71), 0.0282298 s/step
on time step 25145 (time=1047.71), 0.0279418 s/step
on time step 25289 (time=1053.71), 0.0277913 s/step
on time step 25430 (time=1059.58), 0.0283993 s/step
on time step 25574 (time=1065.58), 0.0279028 s/step
on time step 25718 (time=1071.58), 0.0279015 s/step
Meep progress: 1074.625/2052.394376321794 = 52.4% done in 720.4s, 655.4s to go
on time step 25862 (time=1077.58), 0.0279052 s/step
on time step 26006 (time=1083.58), 0.0279222 s/step
on time step 26149 (time=1089.54), 0.027989 s/step
on time step 26292 (time=1095.5), 0.0281552 s/step
on time step 26433 (time=1101.38), 0.0284905 s/step
on time step 26574 (time=1107.25), 0.0284509 s/step
on time step 26717 (time=1113.21), 0.0281228 s/step
Meep progress: 1119.0833333333333/2052.394376321794 = 54.5% done in 750.4s, 625.8s to go
on time step 26861 (time=1119.21), 0.0278745 s/step
on time step 27005 (time=1125.21), 0.0278868 s/step
on time step 27148 (time=1131.17), 0.0279772 s/step
on time step 27292 (time=1137.17), 0.0279518 s/step
on time step 27435 (time=1143.12), 0.0281169 s/step
on time step 27575 (time=1148.96), 0.0286912 s/step
on time step 27717 (time=1154.88), 0.0282065 s/step
on time step 27859 (time=1160.79), 0.0282879 s/step
Meep progress: 1163.5/2052.394376321794 = 56.7% done in 780.4s, 596.2s to go
on time step 28001 (time=1166.71), 0.0282144 s/step
on time step 28146 (time=1172.75), 0.0277726 s/step
on time step 28290 (time=1178.75), 0.0277912 s/step
on time step 28433 (time=1184.71), 0.0279896 s/step
on time step 28575 (time=1190.62), 0.0282049 s/step
on time step 28717 (time=1196.54), 0.0283627 s/step
on time step 28860 (time=1202.5), 0.0281057 s/step
Meep progress: 1208.0833333333333/2052.394376321794 = 58.9% done in 810.4s, 566.4s to go
on time step 29003 (time=1208.46), 0.028061 s/step
on time step 29145 (time=1214.38), 0.0281906 s/step
on time step 29287 (time=1220.29), 0.0282999 s/step
on time step 29429 (time=1226.21), 0.0283093 s/step
on time step 29572 (time=1232.17), 0.0279975 s/step
on time step 29713 (time=1238.04), 0.028453 s/step
on time step 29857 (time=1244.04), 0.0279268 s/step
on time step 30001 (time=1250.04), 0.0279625 s/step
Meep progress: 1252.5/2052.394376321794 = 61.0% done in 840.4s, 536.7s to go
on time step 30144 (time=1256), 0.0279747 s/step
on time step 30287 (time=1261.96), 0.0279882 s/step
on time step 30430 (time=1267.92), 0.0280702 s/step
on time step 30572 (time=1273.83), 0.0282086 s/step
on time step 30713 (time=1279.71), 0.028497 s/step
on time step 30853 (time=1285.54), 0.0286605 s/step
on time step 30996 (time=1291.5), 0.0280385 s/step
Meep progress: 1296.875/2052.394376321794 = 63.2% done in 870.4s, 507.1s to go
on time step 31140 (time=1297.5), 0.0278216 s/step
on time step 31284 (time=1303.5), 0.0279246 s/step
on time step 31428 (time=1309.5), 0.0279664 s/step
on time step 31572 (time=1315.5), 0.0279705 s/step
on time step 31715 (time=1321.46), 0.0281562 s/step
on time step 31855 (time=1327.29), 0.0286596 s/step
on time step 31997 (time=1333.21), 0.0281855 s/step
on time step 32139 (time=1339.12), 0.0283001 s/step
Meep progress: 1341.25/2052.394376321794 = 65.4% done in 900.4s, 477.4s to go
on time step 32280 (time=1345), 0.0284353 s/step
on time step 32422 (time=1350.92), 0.028217 s/step
on time step 32564 (time=1356.83), 0.0281713 s/step
on time step 32705 (time=1362.71), 0.0284208 s/step
on time step 32846 (time=1368.58), 0.0284759 s/step
on time step 32986 (time=1374.42), 0.0286204 s/step
on time step 33127 (time=1380.29), 0.0284047 s/step
Meep progress: 1385.3333333333333/2052.394376321794 = 67.5% done in 930.5s, 448.0s to go
on time step 33269 (time=1386.21), 0.0282741 s/step
on time step 33411 (time=1392.12), 0.0283359 s/step
on time step 33552 (time=1398), 0.028453 s/step
on time step 33692 (time=1403.83), 0.0285999 s/step
on time step 33832 (time=1409.67), 0.0286399 s/step
on time step 33972 (time=1415.5), 0.0287385 s/step
on time step 34114 (time=1421.42), 0.0282118 s/step
on time step 34256 (time=1427.33), 0.0282835 s/step
Meep progress: 1429.2916666666665/2052.394376321794 = 69.6% done in 960.5s, 418.7s to go
on time step 34398 (time=1433.25), 0.0283051 s/step
on time step 34540 (time=1439.17), 0.02831 s/step
on time step 34682 (time=1445.08), 0.0283051 s/step
on time step 34823 (time=1450.96), 0.0284692 s/step
on time step 34963 (time=1456.79), 0.02871 s/step
on time step 35101 (time=1462.54), 0.0290109 s/step
on time step 35241 (time=1468.38), 0.0287205 s/step
Meep progress: 1473.125/2052.394376321794 = 71.8% done in 990.5s, 389.5s to go
on time step 35383 (time=1474.29), 0.0282786 s/step
on time step 35526 (time=1480.25), 0.0280654 s/step
on time step 35670 (time=1486.25), 0.0279665 s/step
on time step 35813 (time=1492.21), 0.027999 s/step
on time step 35955 (time=1498.12), 0.0282297 s/step
on time step 36095 (time=1503.96), 0.0285925 s/step
on time step 36237 (time=1509.88), 0.0281855 s/step
on time step 36379 (time=1515.79), 0.028269 s/step
Meep progress: 1517.5/2052.394376321794 = 73.9% done in 1020.5s, 359.7s to go
on time step 36520 (time=1521.67), 0.0284015 s/step
on time step 36661 (time=1527.54), 0.0284019 s/step
on time step 36804 (time=1533.5), 0.0280655 s/step
on time step 36947 (time=1539.46), 0.0280442 s/step
on time step 37089 (time=1545.38), 0.0282422 s/step
on time step 37231 (time=1551.29), 0.0283535 s/step
on time step 37374 (time=1557.25), 0.0281465 s/step
Meep progress: 1561.8333333333333/2052.394376321794 = 76.1% done in 1050.6s, 330.0s to go
on time step 37517 (time=1563.21), 0.0281345 s/step
on time step 37659 (time=1569.12), 0.0282489 s/step
on time step 37800 (time=1575), 0.0283815 s/step
on time step 37941 (time=1580.88), 0.028547 s/step
on time step 38080 (time=1586.67), 0.0288112 s/step
on time step 38220 (time=1592.5), 0.0287629 s/step
on time step 38364 (time=1598.5), 0.02795 s/step
on time step 38507 (time=1604.46), 0.0280465 s/step
Meep progress: 1605.9166666666665/2052.394376321794 = 78.2% done in 1080.6s, 300.4s to go
on time step 38650 (time=1610.42), 0.0280426 s/step
on time step 38793 (time=1616.38), 0.0280815 s/step
on time step 38934 (time=1622.25), 0.0284435 s/step
on time step 39075 (time=1628.12), 0.0284372 s/step
on time step 39215 (time=1633.96), 0.0286383 s/step
on time step 39354 (time=1639.75), 0.0288336 s/step
on time step 39494 (time=1645.58), 0.0286558 s/step
Meep progress: 1649.8333333333333/2052.394376321794 = 80.4% done in 1110.6s, 271.0s to go
on time step 39635 (time=1651.46), 0.0285564 s/step
on time step 39779 (time=1657.46), 0.0279095 s/step
on time step 39923 (time=1663.46), 0.027926 s/step
on time step 40066 (time=1669.42), 0.0280102 s/step
on time step 40207 (time=1675.29), 0.0283907 s/step
on time step 40347 (time=1681.12), 0.0286458 s/step
on time step 40489 (time=1687.04), 0.0282793 s/step
on time step 40630 (time=1692.92), 0.0283939 s/step
Meep progress: 1694.125/2052.394376321794 = 82.5% done in 1140.6s, 241.2s to go
on time step 40771 (time=1698.79), 0.0285436 s/step
on time step 40911 (time=1704.62), 0.0285838 s/step
on time step 41051 (time=1710.46), 0.0286165 s/step
on time step 41192 (time=1716.33), 0.02845 s/step
on time step 41336 (time=1722.33), 0.0278726 s/step
on time step 41481 (time=1728.38), 0.0276594 s/step
on time step 41628 (time=1734.5), 0.0273005 s/step
Meep progress: 1738.7083333333333/2052.394376321794 = 84.7% done in 1170.6s, 211.2s to go
on time step 41776 (time=1740.67), 0.02715 s/step
on time step 41924 (time=1746.83), 0.0271526 s/step
on time step 42072 (time=1753), 0.0271566 s/step
on time step 42220 (time=1759.17), 0.0272066 s/step
on time step 42366 (time=1765.25), 0.0274716 s/step
on time step 42511 (time=1771.29), 0.0276424 s/step
on time step 42659 (time=1777.46), 0.0272108 s/step
on time step 42806 (time=1783.58), 0.0272552 s/step
Meep progress: 1784.5416666666665/2052.394376321794 = 86.9% done in 1200.6s, 180.2s to go
on time step 42953 (time=1789.71), 0.0272756 s/step
on time step 43100 (time=1795.83), 0.0272784 s/step
on time step 43247 (time=1801.96), 0.0273768 s/step
on time step 43343 (time=1805.96), 0.042098 s/step
on time step 43395 (time=1808.12), 0.0778731 s/step
on time step 43446 (time=1810.25), 0.0787759 s/step
on time step 43513 (time=1813.04), 0.0600461 s/step
Meep progress: 1816.7083333333333/2052.394376321794 = 88.5% done in 1230.7s, 159.7s to go
on time step 43657 (time=1819.04), 0.0279442 s/step
on time step 43775 (time=1823.96), 0.0341573 s/step
on time step 43884 (time=1828.5), 0.0368724 s/step
on time step 43995 (time=1833.12), 0.0362515 s/step
on time step 44107 (time=1837.79), 0.0359791 s/step
on time step 44237 (time=1843.21), 0.0308214 s/step
on time step 44384 (time=1849.33), 0.0273136 s/step
on time step 44532 (time=1855.5), 0.027151 s/step
Meep progress: 1856.0/2052.394376321794 = 90.4% done in 1260.7s, 133.4s to go
on time step 44680 (time=1861.67), 0.0271981 s/step
on time step 44828 (time=1867.83), 0.0271667 s/step
on time step 44976 (time=1874), 0.0271553 s/step
on time step 45123 (time=1880.12), 0.0273466 s/step
on time step 45269 (time=1886.21), 0.0274059 s/step
on time step 45415 (time=1892.29), 0.0275632 s/step
on time step 45562 (time=1898.42), 0.0272889 s/step
Meep progress: 1901.8333333333333/2052.394376321794 = 92.7% done in 1290.7s, 102.2s to go
on time step 45710 (time=1904.58), 0.0271612 s/step
on time step 45858 (time=1910.75), 0.0271724 s/step
on time step 46006 (time=1916.92), 0.0271522 s/step
on time step 46154 (time=1923.08), 0.0271877 s/step
on time step 46299 (time=1929.12), 0.0276138 s/step
on time step 46445 (time=1935.21), 0.027534 s/step
on time step 46593 (time=1941.38), 0.0271609 s/step
on time step 46741 (time=1947.54), 0.0271693 s/step
Meep progress: 1947.6666666666665/2052.394376321794 = 94.9% done in 1320.7s, 71.0s to go
on time step 46889 (time=1953.71), 0.0271603 s/step
on time step 47037 (time=1959.88), 0.0271629 s/step
on time step 47185 (time=1966.04), 0.0271628 s/step
on time step 47332 (time=1972.17), 0.0273255 s/step
on time step 47479 (time=1978.29), 0.0273855 s/step
on time step 47625 (time=1984.38), 0.0275353 s/step
on time step 47772 (time=1990.5), 0.0273034 s/step
Meep progress: 1993.5/2052.394376321794 = 97.1% done in 1350.7s, 39.9s to go
on time step 47920 (time=1996.67), 0.0271507 s/step
on time step 48068 (time=2002.83), 0.0271605 s/step
on time step 48216 (time=2009), 0.027154 s/step
on time step 48364 (time=2015.17), 0.0271782 s/step
on time step 48509 (time=2021.21), 0.0276376 s/step
on time step 48655 (time=2027.29), 0.0275105 s/step
on time step 48803 (time=2033.46), 0.0271604 s/step
Meep progress: 2039.375/2052.394376321794 = 99.4% done in 1380.7s, 8.8s to go
on time step 48951 (time=2039.62), 0.0271578 s/step
on time step 49099 (time=2045.79), 0.0272017 s/step
on time step 49247 (time=2051.96), 0.0271644 s/step
run 0 finished at t = 2052.4166666666665 (49258 timesteps)
field decay(t = 2052.4166666666665): 6.71021166176733e-16 / 6.71021166176733e-16 = 1.0
on time step 49391 (time=2057.96), 0.0279558 s/step
on time step 49533 (time=2063.88), 0.0283545 s/step
on time step 49675 (time=2069.79), 0.0282874 s/step
on time step 49815 (time=2075.62), 0.0285787 s/step
on time step 49958 (time=2081.58), 0.0281453 s/step
on time step 50101 (time=2087.54), 0.0280808 s/step
on time step 50244 (time=2093.5), 0.028102 s/step
on time step 50387 (time=2099.46), 0.0280894 s/step
on time step 50530 (time=2105.42), 0.0281442 s/step
on time step 50670 (time=2111.25), 0.0286795 s/step
on time step 50811 (time=2117.12), 0.0284553 s/step
on time step 50954 (time=2123.08), 0.0280769 s/step
on time step 51097 (time=2129.04), 0.0280546 s/step
on time step 51240 (time=2135), 0.0280653 s/step
on time step 51383 (time=2140.96), 0.028072 s/step
on time step 51526 (time=2146.92), 0.0280671 s/step
on time step 51667 (time=2152.79), 0.0284226 s/step
on time step 51809 (time=2158.71), 0.0283394 s/step
on time step 51949 (time=2164.54), 0.0286746 s/step
on time step 52092 (time=2170.5), 0.0281351 s/step
on time step 52235 (time=2176.46), 0.0280975 s/step
on time step 52378 (time=2182.42), 0.0280839 s/step
on time step 52521 (time=2188.38), 0.0280772 s/step
on time step 52664 (time=2194.33), 0.0280819 s/step
on time step 52804 (time=2200.17), 0.0286086 s/step
on time step 52945 (time=2206.04), 0.0284213 s/step
on time step 53088 (time=2212), 0.0280623 s/step
on time step 53231 (time=2217.96), 0.0280562 s/step
on time step 53374 (time=2223.92), 0.0281306 s/step
on time step 53517 (time=2229.88), 0.0281102 s/step
on time step 53660 (time=2235.83), 0.0281154 s/step
on time step 53801 (time=2241.71), 0.0284041 s/step
on time step 53943 (time=2247.62), 0.0283614 s/step
on time step 54084 (time=2253.5), 0.0285532 s/step
on time step 54227 (time=2259.46), 0.0281242 s/step
on time step 54370 (time=2265.42), 0.0280739 s/step
on time step 54513 (time=2271.38), 0.0280496 s/step
on time step 54656 (time=2277.33), 0.0280583 s/step
on time step 54799 (time=2283.29), 0.0281159 s/step
on time step 54939 (time=2289.12), 0.0287327 s/step
on time step 55080 (time=2295), 0.02843 s/step
on time step 55223 (time=2300.96), 0.0280655 s/step
on time step 55366 (time=2306.92), 0.0280679 s/step
on time step 55509 (time=2312.88), 0.0280589 s/step
on time step 55652 (time=2318.83), 0.0280771 s/step
on time step 55795 (time=2324.79), 0.0280931 s/step
on time step 55937 (time=2330.71), 0.0283482 s/step
on time step 56078 (time=2336.58), 0.0284011 s/step
on time step 56218 (time=2342.42), 0.0287176 s/step
on time step 56361 (time=2348.38), 0.0281218 s/step
on time step 56504 (time=2354.33), 0.028078 s/step
on time step 56647 (time=2360.29), 0.0280885 s/step
on time step 56790 (time=2366.25), 0.0280767 s/step
on time step 56933 (time=2372.21), 0.0280913 s/step
on time step 57073 (time=2378.04), 0.0287073 s/step
on time step 57214 (time=2383.92), 0.0284232 s/step
on time step 57357 (time=2389.88), 0.0280752 s/step
on time step 57500 (time=2395.83), 0.0280756 s/step
on time step 57643 (time=2401.79), 0.0281141 s/step
on time step 57786 (time=2407.75), 0.0280692 s/step
on time step 57929 (time=2413.71), 0.0280623 s/step
on time step 58070 (time=2419.58), 0.0284088 s/step
on time step 58212 (time=2425.5), 0.0283003 s/step
on time step 58353 (time=2431.38), 0.0285618 s/step
on time step 58496 (time=2437.33), 0.0280721 s/step
on time step 58639 (time=2443.29), 0.028032 s/step
on time step 58782 (time=2449.25), 0.0280409 s/step
on time step 58925 (time=2455.21), 0.0280423 s/step
on time step 59068 (time=2461.17), 0.0281191 s/step
on time step 59207 (time=2466.96), 0.0287885 s/step
on time step 59348 (time=2472.83), 0.0284639 s/step
on time step 59491 (time=2478.79), 0.0280919 s/step
on time step 59634 (time=2484.75), 0.0280957 s/step
on time step 59777 (time=2490.71), 0.0281087 s/step
on time step 59918 (time=2496.58), 0.0284242 s/step
on time step 60061 (time=2502.54), 0.0280577 s/step
on time step 60202 (time=2508.42), 0.028409 s/step
on time step 60344 (time=2514.33), 0.0283542 s/step
on time step 60484 (time=2520.17), 0.0285989 s/step
on time step 60627 (time=2526.12), 0.0280707 s/step
on time step 60770 (time=2532.08), 0.0280784 s/step
on time step 60913 (time=2538.04), 0.0281024 s/step
on time step 61056 (time=2544), 0.028083 s/step
on time step 61199 (time=2549.96), 0.0280885 s/step
on time step 61339 (time=2555.79), 0.0287186 s/step
on time step 61480 (time=2561.67), 0.0284655 s/step
on time step 61623 (time=2567.62), 0.0280985 s/step
on time step 61766 (time=2573.58), 0.0280764 s/step
on time step 61909 (time=2579.54), 0.0281025 s/step
on time step 62050 (time=2585.42), 0.0284147 s/step
on time step 62193 (time=2591.38), 0.0280651 s/step
on time step 62334 (time=2597.25), 0.0284183 s/step
on time step 62476 (time=2603.17), 0.0283401 s/step
on time step 62616 (time=2609), 0.0285858 s/step
on time step 62759 (time=2614.96), 0.0281183 s/step
on time step 62902 (time=2620.92), 0.0280987 s/step
on time step 63045 (time=2626.88), 0.0280962 s/step
on time step 63188 (time=2632.83), 0.028085 s/step
on time step 63331 (time=2638.79), 0.0281211 s/step
on time step 63471 (time=2644.62), 0.0286618 s/step
on time step 63612 (time=2650.5), 0.0284147 s/step
on time step 63755 (time=2656.46), 0.0280452 s/step
on time step 63898 (time=2662.42), 0.0280781 s/step
on time step 64041 (time=2668.38), 0.0280505 s/step
on time step 64184 (time=2674.33), 0.0280409 s/step
on time step 64327 (time=2680.29), 0.0281428 s/step
on time step 64468 (time=2686.17), 0.0285105 s/step
on time step 64610 (time=2692.08), 0.0282607 s/step
on time step 64750 (time=2697.92), 0.0285848 s/step
on time step 64893 (time=2703.88), 0.0281111 s/step
on time step 65036 (time=2709.83), 0.0281317 s/step
on time step 65179 (time=2715.79), 0.0281043 s/step
on time step 65322 (time=2721.75), 0.0281038 s/step
on time step 65465 (time=2727.71), 0.0281283 s/step
on time step 65605 (time=2733.54), 0.028719 s/step
on time step 65746 (time=2739.42), 0.0284266 s/step
on time step 65889 (time=2745.38), 0.0280882 s/step
on time step 66032 (time=2751.33), 0.0280833 s/step
on time step 66175 (time=2757.29), 0.0281162 s/step
on time step 66318 (time=2763.25), 0.0280868 s/step
on time step 66461 (time=2769.21), 0.0280595 s/step
on time step 66602 (time=2775.08), 0.0284292 s/step
on time step 66744 (time=2781), 0.0282643 s/step
on time step 66885 (time=2786.88), 0.0285519 s/step
on time step 67028 (time=2792.83), 0.0280917 s/step
on time step 67171 (time=2798.79), 0.0280518 s/step
on time step 67314 (time=2804.75), 0.0280408 s/step
on time step 67457 (time=2810.71), 0.0280455 s/step
on time step 67598 (time=2816.58), 0.0284152 s/step
on time step 67738 (time=2822.42), 0.0287322 s/step
on time step 67880 (time=2828.33), 0.0283633 s/step
on time step 68023 (time=2834.29), 0.0280528 s/step
on time step 68166 (time=2840.25), 0.028106 s/step
on time step 68309 (time=2846.21), 0.0280468 s/step
on time step 68450 (time=2852.08), 0.0284168 s/step
on time step 68591 (time=2857.96), 0.0284144 s/step
on time step 68732 (time=2863.83), 0.0285031 s/step
on time step 68873 (time=2869.71), 0.0283774 s/step
on time step 69014 (time=2875.58), 0.0285395 s/step
on time step 69157 (time=2881.54), 0.0280856 s/step
on time step 69300 (time=2887.5), 0.0280883 s/step
on time step 69443 (time=2893.46), 0.0280737 s/step
on time step 69586 (time=2899.42), 0.0280745 s/step
on time step 69729 (time=2905.38), 0.0280461 s/step
on time step 69869 (time=2911.21), 0.0287471 s/step
on time step 70010 (time=2917.08), 0.0284288 s/step
on time step 70153 (time=2923.04), 0.0280663 s/step
on time step 70296 (time=2929), 0.0280876 s/step
on time step 70439 (time=2934.96), 0.028112 s/step
on time step 70582 (time=2940.92), 0.0280725 s/step
on time step 70725 (time=2946.88), 0.0280658 s/step
on time step 70866 (time=2952.75), 0.028444 s/step
on time step 71007 (time=2958.62), 0.0283964 s/step
on time step 71148 (time=2964.5), 0.028444 s/step
on time step 71290 (time=2970.42), 0.0281778 s/step
on time step 71433 (time=2976.38), 0.0280553 s/step
on time step 71576 (time=2982.33), 0.0280858 s/step
on time step 71719 (time=2988.29), 0.0280812 s/step
on time step 71862 (time=2994.25), 0.0281339 s/step
on time step 72002 (time=3000.08), 0.0287431 s/step
on time step 72143 (time=3005.96), 0.02839 s/step
on time step 72286 (time=3011.92), 0.0280988 s/step
on time step 72429 (time=3017.88), 0.0280661 s/step
on time step 72572 (time=3023.83), 0.0280701 s/step
on time step 72715 (time=3029.79), 0.028057 s/step
on time step 72858 (time=3035.75), 0.0280633 s/step
on time step 72999 (time=3041.62), 0.0284126 s/step
on time step 73140 (time=3047.5), 0.0283707 s/step
field decay(t = 3052.458333333333): 5.13654584837743e-05 / 5.13654584837743e-05 = 1.0
on time step 73281 (time=3053.38), 0.0284707 s/step
on time step 73424 (time=3059.33), 0.0280554 s/step
on time step 73567 (time=3065.29), 0.0280782 s/step
on time step 73710 (time=3071.25), 0.0280592 s/step
on time step 73853 (time=3077.21), 0.0280719 s/step
on time step 73996 (time=3083.17), 0.0281027 s/step
on time step 74135 (time=3088.96), 0.0287968 s/step
on time step 74276 (time=3094.83), 0.0284335 s/step
on time step 74419 (time=3100.79), 0.028095 s/step
on time step 74562 (time=3106.75), 0.0280963 s/step
on time step 74705 (time=3112.71), 0.0281558 s/step
on time step 74848 (time=3118.67), 0.0281447 s/step
on time step 74990 (time=3124.58), 0.0282681 s/step
on time step 75131 (time=3130.46), 0.0285403 s/step
on time step 75272 (time=3136.33), 0.0284558 s/step
on time step 75413 (time=3142.21), 0.0284558 s/step
on time step 75556 (time=3148.17), 0.0281085 s/step
on time step 75699 (time=3154.12), 0.0280911 s/step
on time step 75842 (time=3160.08), 0.0280614 s/step
on time step 75985 (time=3166.04), 0.0280928 s/step
on time step 76127 (time=3171.96), 0.0281703 s/step
on time step 76267 (time=3177.79), 0.0287416 s/step
on time step 76409 (time=3183.71), 0.028361 s/step
on time step 76552 (time=3189.67), 0.0280818 s/step
on time step 76695 (time=3195.62), 0.028066 s/step
on time step 76838 (time=3201.58), 0.0280409 s/step
on time step 76981 (time=3207.54), 0.0280572 s/step
on time step 77124 (time=3213.5), 0.0280843 s/step
on time step 77265 (time=3219.38), 0.0284077 s/step
on time step 77406 (time=3225.25), 0.0285163 s/step
on time step 77547 (time=3231.12), 0.0284322 s/step
on time step 77690 (time=3237.08), 0.0281387 s/step
on time step 77833 (time=3243.04), 0.0280907 s/step
on time step 77976 (time=3249), 0.028108 s/step
on time step 78119 (time=3254.96), 0.0280653 s/step
on time step 78261 (time=3260.88), 0.028205 s/step
on time step 78401 (time=3266.71), 0.0286468 s/step
on time step 78543 (time=3272.62), 0.0283164 s/step
on time step 78686 (time=3278.58), 0.0280479 s/step
on time step 78829 (time=3284.54), 0.0280695 s/step
on time step 78972 (time=3290.5), 0.0280865 s/step
on time step 79115 (time=3296.46), 0.0280298 s/step
on time step 79258 (time=3302.42), 0.0280691 s/step
on time step 79399 (time=3308.29), 0.0284326 s/step
on time step 79540 (time=3314.17), 0.0285131 s/step
on time step 79682 (time=3320.08), 0.0283634 s/step
on time step 79825 (time=3326.04), 0.0281018 s/step
on time step 79968 (time=3332), 0.0280742 s/step
on time step 80111 (time=3337.96), 0.0280592 s/step
on time step 80254 (time=3343.92), 0.0280605 s/step
on time step 80396 (time=3349.83), 0.0282708 s/step
on time step 80536 (time=3355.67), 0.0286715 s/step
on time step 80678 (time=3361.58), 0.028338 s/step
on time step 80821 (time=3367.54), 0.0280622 s/step
on time step 80964 (time=3373.5), 0.0281694 s/step
on time step 81107 (time=3379.46), 0.0281498 s/step
on time step 81248 (time=3385.33), 0.0284596 s/step
on time step 81390 (time=3391.25), 0.0281927 s/step
on time step 81531 (time=3397.12), 0.0285781 s/step
on time step 81672 (time=3403), 0.0284094 s/step
on time step 81813 (time=3408.88), 0.0284417 s/step
on time step 81956 (time=3414.83), 0.0280743 s/step
on time step 82099 (time=3420.79), 0.0280635 s/step
on time step 82242 (time=3426.75), 0.0280548 s/step
on time step 82385 (time=3432.71), 0.0280699 s/step
on time step 82527 (time=3438.62), 0.0282579 s/step
on time step 82667 (time=3444.46), 0.0286859 s/step
on time step 82809 (time=3450.38), 0.028327 s/step
on time step 82952 (time=3456.33), 0.0280523 s/step
on time step 83095 (time=3462.29), 0.0280853 s/step
on time step 83238 (time=3468.25), 0.0281188 s/step
on time step 83381 (time=3474.21), 0.0280725 s/step
on time step 83524 (time=3480.17), 0.0281458 s/step
on time step 83665 (time=3486.04), 0.0284717 s/step
on time step 83806 (time=3491.92), 0.0284574 s/step
on time step 83948 (time=3497.83), 0.0283406 s/step
on time step 84091 (time=3503.79), 0.0280684 s/step
on time step 84234 (time=3509.75), 0.0280777 s/step
on time step 84377 (time=3515.71), 0.0280966 s/step
on time step 84520 (time=3521.67), 0.0281141 s/step
on time step 84661 (time=3527.54), 0.0283937 s/step
on time step 84801 (time=3533.38), 0.0287071 s/step
on time step 84942 (time=3539.25), 0.0283848 s/step
on time step 85085 (time=3545.21), 0.0281049 s/step
on time step 85228 (time=3551.17), 0.0280932 s/step
on time step 85371 (time=3557.12), 0.0280781 s/step
on time step 85514 (time=3563.08), 0.0280821 s/step
on time step 85657 (time=3569.04), 0.0281634 s/step
on time step 85798 (time=3574.92), 0.0284749 s/step
