Using MPI version 3.1, 24 processes
WD: data/2021-12-08/UnfilledBubbles/
-----------
Initializing structure...
Splitting into 24 chunks by voxels
time for choose_chunkdivision = 0.00378387 s
Working in 2D dimensions.
Computational cell is 820 x 100 x 0 with resolution 10
     block, center = (0,0,0)
          size (1e+20,1e+20,1e+20)
          axes (1,0,0), (0,1,0), (0,0,1)
          dielectric constant epsilon diagonal = (1.99622,1.99622,1.99622)
     block, center = (0,-57.4,0)
          size (1e+20,125,1e+20)
          axes (1,0,0), (0,1,0), (0,0,1)
          dielectric constant epsilon diagonal = (2.0746,2.0746,2.0746)
     block, center = (0,0,0)
          size (1e+20,8.2,1e+20)
          axes (1,0,0), (0,1,0), (0,0,1)
          dielectric constant epsilon diagonal = (2.08903,2.08903,2.08903)
time for set_epsilon = 0.766047 s
-----------
MPB solved for frequency_1(0.4,0,0) = 0.27776 after 47 iters
MPB solved for frequency_1(0.931428,0,0) = 0.645149 after 32 iters
MPB solved for frequency_1(0.931446,0,0) = 0.645161 after 6 iters
MPB solved for frequency_1(0.931446,0,0) = 0.645161 after 1 iters
Meep: using output directory 'data/2021-12-08/UnfilledBubbles/'


Normalisation Run


on time step 216 (time=10.8), 0.0185339 s/step
on time step 556 (time=27.8), 0.0117843 s/step
on time step 883 (time=44.15), 0.0122439 s/step
on time step 1194 (time=59.7), 0.0128978 s/step
on time step 1514 (time=75.7), 0.0125026 s/step
on time step 1814 (time=90.7), 0.0133671 s/step
on time step 2110 (time=105.5), 0.0136503 s/step
Meep progress: 112.95/1185.1854849182191 = 9.5% done in 30.0s, 284.9s to go
on time step 2424 (time=121.2), 0.0127876 s/step
on time step 2738 (time=136.9), 0.01276 s/step
on time step 3060 (time=153), 0.0124245 s/step
on time step 3371 (time=168.55), 0.0128658 s/step
on time step 3692 (time=184.6), 0.0124928 s/step
on time step 3983 (time=199.15), 0.0137892 s/step
on time step 4261 (time=213.05), 0.0144361 s/step
Meep progress: 226.15/1185.1854849182191 = 19.1% done in 60.0s, 254.5s to go
on time step 4532 (time=226.6), 0.0147773 s/step
on time step 4838 (time=241.9), 0.0130865 s/step
on time step 5152 (time=257.6), 0.0127399 s/step
on time step 5466 (time=273.3), 0.0127691 s/step
on time step 5771 (time=288.55), 0.0131265 s/step
on time step 6088 (time=304.4), 0.0126294 s/step
on time step 6395 (time=319.75), 0.0130609 s/step
on time step 6628 (time=331.4), 0.0172476 s/step
Meep progress: 336.45000000000005/1185.1854849182191 = 28.4% done in 90.0s, 227.1s to go
on time step 6851 (time=342.55), 0.017942 s/step
on time step 7071 (time=353.55), 0.0182227 s/step
on time step 7318 (time=365.9), 0.0162031 s/step
on time step 7602 (time=380.1), 0.0140848 s/step
on time step 7892 (time=394.6), 0.0138103 s/step
on time step 8175 (time=408.75), 0.0141392 s/step
on time step 8461 (time=423.05), 0.0140144 s/step
Meep progress: 436.3/1185.1854849182191 = 36.8% done in 120.0s, 206.0s to go
on time step 8741 (time=437.05), 0.0143076 s/step
on time step 9026 (time=451.3), 0.0140574 s/step
on time step 9273 (time=463.65), 0.0162405 s/step
on time step 9482 (time=474.1), 0.0191647 s/step
on time step 9687 (time=484.35), 0.0195125 s/step
on time step 9897 (time=494.85), 0.0190604 s/step
on time step 10173 (time=508.65), 0.0145351 s/step
on time step 10440 (time=522), 0.0150081 s/step
Meep progress: 528.0500000000001/1185.1854849182191 = 44.6% done in 150.0s, 186.7s to go
on time step 10717 (time=535.85), 0.0144545 s/step
on time step 10989 (time=549.45), 0.0147575 s/step
on time step 11263 (time=563.15), 0.014611 s/step
on time step 11530 (time=576.5), 0.0150099 s/step
on time step 11803 (time=590.15), 0.0146602 s/step
on time step 12028 (time=601.4), 0.0178052 s/step
on time step 12225 (time=611.25), 0.0203614 s/step
Meep progress: 620.2/1185.1854849182191 = 52.3% done in 180.0s, 164.0s to go
on time step 12419 (time=620.95), 0.0206648 s/step
on time step 12620 (time=631), 0.0199947 s/step
on time step 12893 (time=644.65), 0.0146999 s/step
on time step 13163 (time=658.15), 0.0148495 s/step
on time step 13430 (time=671.5), 0.0149853 s/step
on time step 13701 (time=685.05), 0.0147958 s/step
on time step 13973 (time=698.65), 0.014739 s/step
on time step 14235 (time=711.75), 0.015295 s/step
Meep progress: 717.3000000000001/1185.1854849182191 = 60.5% done in 210.1s, 137.0s to go
on time step 14508 (time=725.4), 0.014686 s/step
on time step 14745 (time=737.25), 0.0169124 s/step
on time step 14943 (time=747.15), 0.0202813 s/step
on time step 15136 (time=756.8), 0.0208374 s/step
on time step 15334 (time=766.7), 0.0202368 s/step
on time step 15596 (time=779.8), 0.015307 s/step
on time step 15869 (time=793.45), 0.0146853 s/step
Meep progress: 805.25/1185.1854849182191 = 67.9% done in 240.1s, 113.3s to go
on time step 16137 (time=806.85), 0.0149756 s/step
on time step 16409 (time=820.45), 0.0147243 s/step
on time step 16683 (time=834.15), 0.0146008 s/step
on time step 16954 (time=847.7), 0.0148079 s/step
on time step 17224 (time=861.2), 0.0148333 s/step
on time step 17459 (time=872.95), 0.0170465 s/step
on time step 17646 (time=882.3), 0.0214382 s/step
on time step 17826 (time=891.3), 0.0222474 s/step
Meep progress: 894.75/1185.1854849182191 = 75.5% done in 270.1s, 87.7s to go
on time step 18011 (time=900.55), 0.0216827 s/step
on time step 18218 (time=910.9), 0.0193367 s/step
on time step 18450 (time=922.5), 0.0173161 s/step
on time step 18670 (time=933.5), 0.0182105 s/step
on time step 18897 (time=944.85), 0.0177079 s/step
on time step 19118 (time=955.9), 0.0181057 s/step
on time step 19342 (time=967.1), 0.0178676 s/step
Meep progress: 971.9000000000001/1185.1854849182191 = 82.0% done in 300.1s, 65.9s to go
on time step 19450 (time=972.5), 0.0371258 s/step
on time step 19583 (time=979.15), 0.0301141 s/step
on time step 19755 (time=987.75), 0.0233326 s/step
on time step 19889 (time=994.45), 0.0299697 s/step
on time step 20028 (time=1001.4), 0.0289712 s/step
on time step 20203 (time=1010.15), 0.0228838 s/step
on time step 20534 (time=1026.7), 0.0121165 s/step
on time step 20872 (time=1043.6), 0.0118361 s/step
Meep progress: 1049.65/1185.1854849182191 = 88.6% done in 330.1s, 42.6s to go
on time step 21222 (time=1061.1), 0.0114466 s/step
on time step 21567 (time=1078.35), 0.011601 s/step
on time step 21919 (time=1095.95), 0.011376 s/step
on time step 22259 (time=1112.95), 0.011783 s/step
on time step 22611 (time=1130.55), 0.0113883 s/step
on time step 22956 (time=1147.8), 0.0116013 s/step
on time step 23303 (time=1165.15), 0.0115294 s/step
Meep progress: 1179.3500000000001/1185.1854849182191 = 99.5% done in 360.1s, 1.8s to go
on time step 23645 (time=1182.25), 0.0117208 s/step
run 0 finished at t = 1185.2 (23704 timesteps)
field decay(t = 1185.2): 9.138770980172663e-16 / 9.138770980172663e-16 = 1.0
on time step 23983 (time=1199.15), 0.0118669 s/step
on time step 24326 (time=1216.3), 0.0116624 s/step
on time step 24661 (time=1233.05), 0.0119528 s/step
on time step 25002 (time=1250.1), 0.0117427 s/step
on time step 25338 (time=1266.9), 0.0119067 s/step
on time step 25681 (time=1284.05), 0.0116799 s/step
on time step 26011 (time=1300.55), 0.0121232 s/step
on time step 26355 (time=1317.75), 0.0116526 s/step
on time step 26693 (time=1334.65), 0.0118659 s/step
on time step 27040 (time=1352), 0.0115415 s/step
on time step 27372 (time=1368.6), 0.0120652 s/step
on time step 27719 (time=1385.95), 0.0115293 s/step
on time step 28054 (time=1402.7), 0.0119505 s/step
on time step 28395 (time=1419.75), 0.0117516 s/step
on time step 28727 (time=1436.35), 0.0120557 s/step
on time step 29064 (time=1453.2), 0.0118703 s/step
on time step 29409 (time=1470.45), 0.0116114 s/step
on time step 29747 (time=1487.35), 0.0118664 s/step
on time step 30089 (time=1504.45), 0.0117046 s/step
on time step 30428 (time=1521.4), 0.0118204 s/step
on time step 30770 (time=1538.5), 0.0117026 s/step
on time step 31102 (time=1555.1), 0.0120486 s/step
on time step 31447 (time=1572.35), 0.0116219 s/step
on time step 31784 (time=1589.2), 0.0118881 s/step
on time step 32129 (time=1606.45), 0.0116237 s/step
on time step 32460 (time=1623), 0.012086 s/step
on time step 32807 (time=1640.35), 0.011551 s/step
on time step 33141 (time=1657.05), 0.0120034 s/step
on time step 33481 (time=1674.05), 0.0118115 s/step
field decay(t = 1685.25): 0.006140106001812459 / 0.006140106001812459 = 1.0
on time step 33813 (time=1690.65), 0.0120913 s/step
on time step 34148 (time=1707.4), 0.0119484 s/step
on time step 34492 (time=1724.6), 0.0116392 s/step
on time step 34828 (time=1741.4), 0.011924 s/step
on time step 35167 (time=1758.35), 0.0117998 s/step
on time step 35504 (time=1775.2), 0.01187 s/step
on time step 35843 (time=1792.15), 0.0118063 s/step
on time step 36173 (time=1808.65), 0.0121253 s/step
on time step 36515 (time=1825.75), 0.0117028 s/step
on time step 36851 (time=1842.55), 0.0119292 s/step
on time step 37196 (time=1859.8), 0.0116145 s/step
on time step 37526 (time=1876.3), 0.0121325 s/step
on time step 37875 (time=1893.75), 0.0114904 s/step
on time step 38208 (time=1910.4), 0.0120193 s/step
on time step 38550 (time=1927.5), 0.011726 s/step
on time step 38881 (time=1944.05), 0.0120872 s/step
on time step 39217 (time=1960.85), 0.011931 s/step
on time step 39559 (time=1977.95), 0.0117178 s/step
on time step 39897 (time=1994.85), 0.0118589 s/step
on time step 40238 (time=2011.9), 0.0117337 s/step
on time step 40574 (time=2028.7), 0.0119298 s/step
on time step 40911 (time=2045.55), 0.0118877 s/step
on time step 41243 (time=2062.15), 0.0120698 s/step
on time step 41587 (time=2079.35), 0.0116509 s/step
on time step 41923 (time=2096.15), 0.0119482 s/step
on time step 42268 (time=2113.4), 0.0116225 s/step
on time step 42598 (time=2129.9), 0.0121524 s/step
on time step 42948 (time=2147.4), 0.0114566 s/step
on time step 43282 (time=2164.1), 0.0120015 s/step
on time step 43622 (time=2181.1), 0.0117976 s/step
field decay(t = 2185.3): 0.020065438410124335 / 0.020065438410124335 = 1.0
on time step 43954 (time=2197.7), 0.0120752 s/step
on time step 44291 (time=2214.55), 0.0118971 s/step
on time step 44634 (time=2231.7), 0.0116735 s/step
on time step 44970 (time=2248.5), 0.011945 s/step
on time step 45303 (time=2265.15), 0.0120256 s/step
on time step 45638 (time=2281.9), 0.011954 s/step
on time step 45975 (time=2298.75), 0.0118891 s/step
on time step 46308 (time=2315.4), 0.0120368 s/step
on time step 46649 (time=2332.45), 0.0117341 s/step
on time step 46986 (time=2349.3), 0.0118963 s/step
on time step 47331 (time=2366.55), 0.0116087 s/step
on time step 47661 (time=2383.05), 0.0121532 s/step
on time step 48011 (time=2400.55), 0.0114548 s/step
on time step 48345 (time=2417.25), 0.0119879 s/step
on time step 48684 (time=2434.2), 0.0118177 s/step
on time step 49017 (time=2450.85), 0.0120446 s/step
on time step 49354 (time=2467.7), 0.0118867 s/step
on time step 49698 (time=2484.9), 0.0116386 s/step
on time step 50033 (time=2501.65), 0.0119712 s/step
on time step 50369 (time=2518.45), 0.0119141 s/step
on time step 50705 (time=2535.25), 0.0119201 s/step
on time step 51042 (time=2552.1), 0.0118943 s/step
on time step 51376 (time=2568.8), 0.011995 s/step
on time step 51718 (time=2585.9), 0.0117205 s/step
on time step 52057 (time=2602.85), 0.0118113 s/step
on time step 52402 (time=2620.1), 0.0116099 s/step
on time step 52731 (time=2636.55), 0.0121757 s/step
on time step 53081 (time=2654.05), 0.0114657 s/step
on time step 53415 (time=2670.75), 0.0119945 s/step
field decay(t = 2685.3500000000004): 4.047029514828882e-06 / 0.020065438410124335 = 0.0002016915570001645
on time step 53754 (time=2687.7), 0.0118206 s/step
on time step 54087 (time=2704.35), 0.0120255 s/step
on time step 54423 (time=2721.15), 0.0119143 s/step
on time step 54767 (time=2738.35), 0.0116511 s/step
on time step 55101 (time=2755.05), 0.0119911 s/step
on time step 55447 (time=2772.35), 0.0115729 s/step
on time step 55784 (time=2789.2), 0.0118972 s/step
on time step 56120 (time=2806), 0.0119179 s/step
on time step 56455 (time=2822.75), 0.011969 s/step
on time step 56796 (time=2839.8), 0.0117391 s/step
on time step 57135 (time=2856.75), 0.0118125 s/step
on time step 57481 (time=2874.05), 0.0115846 s/step
on time step 57811 (time=2890.55), 0.0121394 s/step
on time step 58163 (time=2908.15), 0.0113923 s/step
on time step 58498 (time=2924.9), 0.0119581 s/step
on time step 58839 (time=2941.95), 0.0117508 s/step
on time step 59172 (time=2958.6), 0.0120311 s/step
on time step 59510 (time=2975.5), 0.0118848 s/step
on time step 59856 (time=2992.8), 0.0115818 s/step
on time step 60189 (time=3009.45), 0.0120261 s/step
on time step 60536 (time=3026.8), 0.0115551 s/step
on time step 60872 (time=3043.6), 0.0119157 s/step
on time step 61209 (time=3060.45), 0.0118871 s/step
on time step 61544 (time=3077.2), 0.0119441 s/step
on time step 61885 (time=3094.25), 0.0117451 s/step
on time step 62225 (time=3111.25), 0.0117667 s/step
on time step 62570 (time=3128.5), 0.0116225 s/step
on time step 62901 (time=3145.05), 0.0120937 s/step
on time step 63251 (time=3162.55), 0.0114337 s/step
on time step 63587 (time=3179.35), 0.011922 s/step
field decay(t = 3185.4): 1.2100272247371892e-16 / 0.020065438410124335 = 6.030405117521134e-15
run 1 finished at t = 3185.4 (63708 timesteps)
WD: data/2021-12-08/UnfilledBubbles/
AlreadyDir
-----------
Initializing structure...
Splitting into 24 chunks by voxels
time for choose_chunkdivision = 0.00390778 s
Working in 2D dimensions.
Computational cell is 820 x 100 x 0 with resolution 10
     block, center = (0,0,0)
          size (1e+20,1e+20,1e+20)
          axes (1,0,0), (0,1,0), (0,0,1)
          dielectric constant epsilon diagonal = (1.99622,1.99622,1.99622)
     block, center = (0,-57.4,0)
          size (1e+20,125,1e+20)
          axes (1,0,0), (0,1,0), (0,0,1)
          dielectric constant epsilon diagonal = (2.0746,2.0746,2.0746)
     block, center = (0,0,0)
          size (1e+20,8.2,1e+20)
          axes (1,0,0), (0,1,0), (0,0,1)
          dielectric constant epsilon diagonal = (2.08903,2.08903,2.08903)
     block, center = (0,-14.9,0)
          size (300,40,1e+20)
          axes (1,0,0), (0,1,0), (0,0,1)
          dielectric constant epsilon diagonal = (1,1,1)
time for set_epsilon = 0.360501 s
-----------
MPB solved for frequency_1(0.4,0,0) = 0.27776 after 47 iters
MPB solved for frequency_1(0.931428,0,0) = 0.645149 after 32 iters
MPB solved for frequency_1(0.931446,0,0) = 0.645161 after 6 iters
MPB solved for frequency_1(0.931446,0,0) = 0.645161 after 1 iters
Meep: using output directory 'data/2021-12-08/UnfilledBubbles/'


Actual Run


on time step 239 (time=11.95), 0.0167773 s/step
on time step 589 (time=29.45), 0.0114323 s/step
on time step 939 (time=46.95), 0.0114484 s/step
on time step 1275 (time=63.75), 0.0119068 s/step
on time step 1609 (time=80.45), 0.0120068 s/step
on time step 1907 (time=95.35), 0.0134309 s/step
on time step 2223 (time=111.15), 0.01266 s/step
Meep progress: 119.0/1185.1854849182191 = 10.0% done in 30.0s, 268.8s to go
on time step 2551 (time=127.55), 0.012224 s/step
on time step 2881 (time=144.05), 0.0121249 s/step
on time step 3214 (time=160.7), 0.012043 s/step
on time step 3541 (time=177.05), 0.0122545 s/step
on time step 3862 (time=193.1), 0.0124649 s/step
on time step 4149 (time=207.45), 0.0139449 s/step
on time step 4430 (time=221.5), 0.0142397 s/step
Meep progress: 235.75/1185.1854849182191 = 19.9% done in 60.0s, 241.7s to go
on time step 4721 (time=236.05), 0.0137774 s/step
on time step 5045 (time=252.25), 0.0123826 s/step
on time step 5362 (time=268.1), 0.012638 s/step
on time step 5680 (time=284), 0.0125932 s/step
on time step 5985 (time=299.25), 0.0131459 s/step
on time step 6296 (time=314.8), 0.0129018 s/step
on time step 6516 (time=325.8), 0.0182309 s/step
on time step 6725 (time=336.25), 0.0191398 s/step
Meep progress: 341.65000000000003/1185.1854849182191 = 28.8% done in 90.0s, 222.2s to go
on time step 6976 (time=348.8), 0.0159557 s/step
on time step 7253 (time=362.65), 0.0144759 s/step
on time step 7531 (time=376.55), 0.0143909 s/step
on time step 7804 (time=390.2), 0.0146933 s/step
on time step 8085 (time=404.25), 0.0142479 s/step
on time step 8365 (time=418.25), 0.0143069 s/step
on time step 8599 (time=429.95), 0.0171631 s/step
Meep progress: 441.45000000000005/1185.1854849182191 = 37.2% done in 120.0s, 202.2s to go
on time step 8841 (time=442.05), 0.0165769 s/step
on time step 9107 (time=455.35), 0.0150792 s/step
on time step 9370 (time=468.5), 0.0152342 s/step
on time step 9639 (time=481.95), 0.0148786 s/step
on time step 9900 (time=495), 0.0153725 s/step
on time step 10179 (time=508.95), 0.0143465 s/step
on time step 10419 (time=520.95), 0.0166829 s/step
on time step 10648 (time=532.4), 0.017494 s/step
Meep progress: 537.65/1185.1854849182191 = 45.4% done in 150.0s, 180.7s to go
on time step 10894 (time=544.7), 0.0162901 s/step
on time step 11168 (time=558.4), 0.0146239 s/step
on time step 11452 (time=572.6), 0.0141176 s/step
on time step 11723 (time=586.15), 0.0147773 s/step
on time step 11996 (time=599.8), 0.0146628 s/step
on time step 12272 (time=613.6), 0.0144987 s/step
on time step 12545 (time=627.25), 0.0146559 s/step
Meep progress: 638.1/1185.1854849182191 = 53.8% done in 180.0s, 154.4s to go
on time step 12776 (time=638.8), 0.0174206 s/step
on time step 12982 (time=649.1), 0.0194176 s/step
on time step 13187 (time=659.35), 0.0195732 s/step
on time step 13455 (time=672.75), 0.0149573 s/step
on time step 13737 (time=686.85), 0.0142069 s/step
on time step 14029 (time=701.45), 0.0137397 s/step
on time step 14310 (time=715.5), 0.0142648 s/step
on time step 14596 (time=729.8), 0.0140079 s/step
Meep progress: 735.4000000000001/1185.1854849182191 = 62.0% done in 210.0s, 128.5s to go
on time step 14874 (time=743.7), 0.0144057 s/step
on time step 15156 (time=757.8), 0.0142135 s/step
on time step 15362 (time=768.1), 0.019478 s/step
on time step 15558 (time=777.9), 0.0204104 s/step
on time step 15755 (time=787.75), 0.0203319 s/step
on time step 15954 (time=797.7), 0.0201415 s/step
on time step 16193 (time=809.65), 0.0167858 s/step
Meep progress: 820.0500000000001/1185.1854849182191 = 69.2% done in 240.1s, 106.9s to go
on time step 16422 (time=821.1), 0.0174814 s/step
on time step 16657 (time=832.85), 0.0170621 s/step
on time step 16888 (time=844.4), 0.0173537 s/step
on time step 17124 (time=856.2), 0.0169509 s/step
on time step 17261 (time=863.05), 0.0294264 s/step
on time step 17397 (time=869.85), 0.0295223 s/step
on time step 17589 (time=879.45), 0.0209631 s/step
on time step 17732 (time=886.6), 0.0280792 s/step
Meep progress: 889.3000000000001/1185.1854849182191 = 75.0% done in 270.1s, 89.9s to go
on time step 17882 (time=894.1), 0.0267316 s/step
on time step 18195 (time=909.75), 0.0127908 s/step
on time step 18555 (time=927.75), 0.0111241 s/step
on time step 18911 (time=945.55), 0.0112584 s/step
on time step 19269 (time=963.45), 0.0112003 s/step
on time step 19629 (time=981.45), 0.0111182 s/step
on time step 19981 (time=999.05), 0.0113722 s/step
Meep progress: 1014.2/1185.1854849182191 = 85.6% done in 300.1s, 50.6s to go
on time step 20329 (time=1016.45), 0.0115177 s/step
on time step 20686 (time=1034.3), 0.0112307 s/step
on time step 21038 (time=1051.9), 0.011377 s/step
on time step 21401 (time=1070.05), 0.0110439 s/step
on time step 21749 (time=1087.45), 0.0115182 s/step
on time step 22114 (time=1105.7), 0.0109721 s/step
on time step 22470 (time=1123.5), 0.011253 s/step
on time step 22827 (time=1141.35), 0.0112098 s/step
Meep progress: 1147.45/1185.1854849182191 = 96.8% done in 330.1s, 10.9s to go
on time step 23177 (time=1158.85), 0.0114522 s/step
on time step 23530 (time=1176.5), 0.0113488 s/step
run 0 finished at t = 1185.2 (23704 timesteps)
field decay(t = 1185.2): 0.10181242488120675 / 0.10181242488120675 = 1.0
on time step 23883 (time=1194.15), 0.0113515 s/step
on time step 24226 (time=1211.3), 0.0116753 s/step
on time step 24574 (time=1228.7), 0.0115061 s/step
on time step 24923 (time=1246.15), 0.0114691 s/step
on time step 25266 (time=1263.3), 0.0116877 s/step
on time step 25603 (time=1280.15), 0.0118871 s/step
on time step 25948 (time=1297.4), 0.0116069 s/step
on time step 26289 (time=1314.45), 0.0117351 s/step
on time step 26639 (time=1331.95), 0.0114507 s/step
on time step 26971 (time=1348.55), 0.0120541 s/step
on time step 27324 (time=1366.2), 0.01136 s/step
on time step 27668 (time=1383.4), 0.0116495 s/step
on time step 28014 (time=1400.7), 0.0115706 s/step
on time step 28353 (time=1417.65), 0.011824 s/step
on time step 28693 (time=1434.65), 0.0117886 s/step
on time step 29042 (time=1452.1), 0.0114857 s/step
on time step 29386 (time=1469.3), 0.0116358 s/step
field decay(t = 1485.25): 0.2057204819883084 / 0.2057204819883084 = 1.0
on time step 29735 (time=1486.75), 0.0114637 s/step
on time step 30085 (time=1504.25), 0.0114453 s/step
on time step 30430 (time=1521.5), 0.0116215 s/step
on time step 30772 (time=1538.6), 0.0117014 s/step
on time step 31121 (time=1556.05), 0.0115025 s/step
on time step 31464 (time=1573.2), 0.0116745 s/step
on time step 31815 (time=1590.75), 0.0114262 s/step
on time step 32153 (time=1607.65), 0.0118633 s/step
on time step 32508 (time=1625.4), 0.0113115 s/step
on time step 32854 (time=1642.7), 0.0115771 s/step
on time step 33201 (time=1660.05), 0.0115362 s/step
on time step 33545 (time=1677.25), 0.0116402 s/step
on time step 33887 (time=1694.35), 0.0117105 s/step
on time step 34236 (time=1711.8), 0.0114692 s/step
on time step 34579 (time=1728.95), 0.011672 s/step
on time step 34932 (time=1746.6), 0.0113615 s/step
on time step 35283 (time=1764.15), 0.0114185 s/step
on time step 35630 (time=1781.5), 0.0115612 s/step
field decay(t = 1785.3000000000002): 0.0013850530559103055 / 0.2057204819883084 = 0.006732694005592605
on time step 35974 (time=1798.7), 0.0116372 s/step
on time step 36324 (time=1816.2), 0.0114766 s/step
on time step 36670 (time=1833.5), 0.0115805 s/step
on time step 37022 (time=1851.1), 0.0113846 s/step
on time step 37360 (time=1868), 0.0118475 s/step
on time step 37716 (time=1885.8), 0.0112631 s/step
on time step 38063 (time=1903.15), 0.0115481 s/step
on time step 38411 (time=1920.55), 0.0115094 s/step
on time step 38756 (time=1937.8), 0.0116019 s/step
on time step 39100 (time=1955), 0.0116621 s/step
on time step 39452 (time=1972.6), 0.0113769 s/step
on time step 39795 (time=1989.75), 0.0116797 s/step
on time step 40148 (time=2007.4), 0.0113495 s/step
on time step 40499 (time=2024.95), 0.0114059 s/step
on time step 40847 (time=2042.35), 0.0115089 s/step
on time step 41192 (time=2059.6), 0.0116095 s/step
on time step 41543 (time=2077.15), 0.0114266 s/step
field decay(t = 2085.35): 5.0181893849388636e-05 / 0.2057204819883084 = 0.00024393241433412838
on time step 41889 (time=2094.45), 0.0115697 s/step
on time step 42240 (time=2112), 0.0114252 s/step
on time step 42578 (time=2128.9), 0.0118423 s/step
on time step 42932 (time=2146.6), 0.0113257 s/step
on time step 43280 (time=2164), 0.0115031 s/step
on time step 43629 (time=2181.45), 0.0114908 s/step
on time step 43973 (time=2198.65), 0.0116419 s/step
on time step 44317 (time=2215.85), 0.0116549 s/step
on time step 44668 (time=2233.4), 0.011416 s/step
on time step 45010 (time=2250.5), 0.0117199 s/step
on time step 45362 (time=2268.1), 0.0113944 s/step
on time step 45712 (time=2285.6), 0.0114301 s/step
on time step 46059 (time=2302.95), 0.0115565 s/step
on time step 46401 (time=2320.05), 0.0117201 s/step
on time step 46751 (time=2337.55), 0.0114565 s/step
on time step 47097 (time=2354.85), 0.0115909 s/step
on time step 47447 (time=2372.35), 0.0114502 s/step
field decay(t = 2385.4): 4.234855025431229e-06 / 0.2057204819883084 = 2.0585480767403153e-05
on time step 47786 (time=2389.3), 0.0118114 s/step
on time step 48139 (time=2406.95), 0.0113456 s/step
on time step 48486 (time=2424.3), 0.0115288 s/step
on time step 48834 (time=2441.7), 0.0115098 s/step
on time step 49181 (time=2459.05), 0.0115525 s/step
on time step 49523 (time=2476.15), 0.0117188 s/step
on time step 49873 (time=2493.65), 0.0114596 s/step
on time step 50216 (time=2510.8), 0.0116916 s/step
on time step 50569 (time=2528.45), 0.0113559 s/step
on time step 50918 (time=2545.9), 0.0114923 s/step
on time step 51266 (time=2563.3), 0.0115169 s/step
on time step 51613 (time=2580.65), 0.0115567 s/step
on time step 51963 (time=2598.15), 0.0114411 s/step
on time step 52309 (time=2615.45), 0.0115617 s/step
on time step 52659 (time=2632.95), 0.0114414 s/step
on time step 53000 (time=2650), 0.0117619 s/step
on time step 53353 (time=2667.65), 0.0113737 s/step
on time step 53704 (time=2685.2), 0.0114091 s/step
field decay(t = 2685.4500000000003): 1.6115842037999643e-07 / 0.2057204819883084 = 7.833853917820175e-07
on time step 54054 (time=2702.7), 0.011461 s/step
on time step 54402 (time=2720.1), 0.0115089 s/step
on time step 54747 (time=2737.35), 0.0115948 s/step
on time step 55096 (time=2754.8), 0.0114644 s/step
on time step 55438 (time=2771.9), 0.0117055 s/step
on time step 55791 (time=2789.55), 0.0113322 s/step
on time step 56139 (time=2806.95), 0.0115109 s/step
on time step 56487 (time=2824.35), 0.0115179 s/step
on time step 56832 (time=2841.6), 0.0116222 s/step
on time step 57181 (time=2859.05), 0.0114825 s/step
on time step 57526 (time=2876.3), 0.0116032 s/step
on time step 57874 (time=2893.7), 0.0115253 s/step
on time step 58212 (time=2910.6), 0.0118488 s/step
on time step 58561 (time=2928.05), 0.0114755 s/step
on time step 58909 (time=2945.45), 0.0115209 s/step
on time step 59255 (time=2962.75), 0.0115829 s/step
on time step 59600 (time=2980), 0.0115951 s/step
field decay(t = 2985.5): 3.884248375678173e-09 / 0.2057204819883084 = 1.8881194221093282e-08
on time step 59943 (time=2997.15), 0.0116813 s/step
on time step 60293 (time=3014.65), 0.0114483 s/step
on time step 60634 (time=3031.7), 0.0117599 s/step
on time step 60987 (time=3049.35), 0.0113622 s/step
on time step 61333 (time=3066.65), 0.0115742 s/step
on time step 61680 (time=3084), 0.0115373 s/step
on time step 62024 (time=3101.2), 0.0116517 s/step
on time step 62372 (time=3118.6), 0.0114995 s/step
on time step 62719 (time=3135.95), 0.0115388 s/step
on time step 63065 (time=3153.25), 0.0115768 s/step
on time step 63402 (time=3170.1), 0.0118993 s/step
on time step 63751 (time=3187.55), 0.0114899 s/step
on time step 64096 (time=3204.8), 0.0116026 s/step
on time step 64442 (time=3222.1), 0.0115896 s/step
on time step 64785 (time=3239.25), 0.0116627 s/step
on time step 65128 (time=3256.4), 0.0116725 s/step
on time step 65477 (time=3273.85), 0.0114686 s/step
field decay(t = 3285.55): 3.8813436412618123e-10 / 0.2057204819883084 = 1.886707440964677e-09
on time step 65814 (time=3290.7), 0.0118705 s/step
on time step 66168 (time=3308.4), 0.0113308 s/step
on time step 66514 (time=3325.7), 0.0115747 s/step
on time step 66863 (time=3343.15), 0.0114923 s/step
on time step 67207 (time=3360.35), 0.0116351 s/step
on time step 67556 (time=3377.8), 0.0114754 s/step
on time step 67904 (time=3395.2), 0.0115167 s/step
on time step 68251 (time=3412.55), 0.0115449 s/step
on time step 68591 (time=3429.55), 0.0117935 s/step
on time step 68943 (time=3447.15), 0.0113912 s/step
on time step 69291 (time=3464.55), 0.0115106 s/step
on time step 69640 (time=3482), 0.0114897 s/step
on time step 69987 (time=3499.35), 0.0115541 s/step
on time step 70330 (time=3516.5), 0.0116822 s/step
on time step 70680 (time=3534), 0.0114476 s/step
on time step 71019 (time=3550.95), 0.011809 s/step
on time step 71372 (time=3568.6), 0.0113354 s/step
field decay(t = 3585.6000000000004): 6.602515146877489e-12 / 0.2057204819883084 = 3.2094593027702154e-11
run 1 finished at t = 3585.6000000000004 (71712 timesteps)
WD: data/2021-12-08/UnfilledBubbles/
AlreadyDir
-----------
Initializing structure...
Splitting into 24 chunks by voxels
time for choose_chunkdivision = 0.0038231 s
Working in 2D dimensions.
Computational cell is 820 x 100 x 0 with resolution 10
     block, center = (0,0,0)
          size (1e+20,1e+20,1e+20)
          axes (1,0,0), (0,1,0), (0,0,1)
          dielectric constant epsilon diagonal = (1,1,1)
     block, center = (0,-57.4,0)
          size (1e+20,125,1e+20)
          axes (1,0,0), (0,1,0), (0,0,1)
          dielectric constant epsilon diagonal = (2.0746,2.0746,2.0746)
     block, center = (0,0,0)
          size (1e+20,8.2,1e+20)
          axes (1,0,0), (0,1,0), (0,0,1)
          dielectric constant epsilon diagonal = (2.08903,2.08903,2.08903)
time for set_epsilon = 0.787223 s
-----------
MPB solved for frequency_1(0.4,0,0) = 0.278455 after 35 iters
MPB solved for frequency_1(0.932003,0,0) = 0.645693 after 53 iters
MPB solved for frequency_1(0.931234,0,0) = 0.645161 after 40 iters
MPB solved for frequency_1(0.931234,0,0) = 0.645161 after 20 iters
MPB solved for frequency_1(0.931234,0,0) = 0.645161 after 10 iters
MPB solved for frequency_1(0.931234,0,0) = 0.645161 after 5 iters
MPB solved for frequency_1(0.931234,0,0) = 0.645161 after 3 iters
Meep: using output directory 'data/2021-12-08/UnfilledBubbles/'


Normalisation Run


on time step 245 (time=12.25), 0.0163507 s/step
on time step 603 (time=30.15), 0.0111895 s/step
on time step 963 (time=48.15), 0.0111398 s/step
on time step 1316 (time=65.8), 0.0113461 s/step
on time step 1671 (time=83.55), 0.0112819 s/step
on time step 2030 (time=101.5), 0.01117 s/step
on time step 2390 (time=119.5), 0.0111113 s/step
Meep progress: 128.05/1185.1854849182191 = 10.8% done in 30.0s, 247.8s to go
on time step 2742 (time=137.1), 0.0113817 s/step
on time step 3081 (time=154.05), 0.0118145 s/step
on time step 3418 (time=170.9), 0.0118793 s/step
on time step 3766 (time=188.3), 0.0114949 s/step
on time step 4112 (time=205.6), 0.0115651 s/step
on time step 4457 (time=222.85), 0.0116341 s/step
on time step 4774 (time=238.7), 0.0126439 s/step
Meep progress: 253.45000000000002/1185.1854849182191 = 21.4% done in 60.0s, 220.7s to go
on time step 5074 (time=253.7), 0.0133571 s/step
on time step 5389 (time=269.45), 0.0127275 s/step
on time step 5707 (time=285.35), 0.0125967 s/step
on time step 6026 (time=301.3), 0.0125448 s/step
on time step 6329 (time=316.45), 0.0132368 s/step
on time step 6635 (time=331.75), 0.0131103 s/step
on time step 6925 (time=346.25), 0.0138489 s/step
on time step 7218 (time=360.9), 0.0136569 s/step
Meep progress: 367.85/1185.1854849182191 = 31.0% done in 90.0s, 200.0s to go
on time step 7517 (time=375.85), 0.0133784 s/step
on time step 7815 (time=390.75), 0.0134241 s/step
on time step 8113 (time=405.65), 0.0134379 s/step
on time step 8403 (time=420.15), 0.0138366 s/step
on time step 8692 (time=434.6), 0.0138857 s/step
on time step 8969 (time=448.45), 0.0145311 s/step
on time step 9261 (time=463.05), 0.0136996 s/step
Meep progress: 477.20000000000005/1185.1854849182191 = 40.3% done in 120.0s, 178.1s to go
on time step 9557 (time=477.85), 0.013526 s/step
on time step 9853 (time=492.65), 0.0135225 s/step
on time step 10146 (time=507.3), 0.0136957 s/step
on time step 10433 (time=521.65), 0.0139426 s/step
on time step 10717 (time=535.85), 0.0141229 s/step
on time step 11003 (time=550.15), 0.014004 s/step
on time step 11299 (time=564.95), 0.0135556 s/step
on time step 11598 (time=579.9), 0.0133851 s/step
Meep progress: 586.4/1185.1854849182191 = 49.5% done in 150.0s, 153.2s to go
on time step 11893 (time=594.65), 0.0135753 s/step
on time step 12184 (time=609.2), 0.0137584 s/step
on time step 12470 (time=623.5), 0.0139971 s/step
on time step 12741 (time=637.05), 0.0147759 s/step
on time step 13002 (time=650.1), 0.0153825 s/step
on time step 13252 (time=662.6), 0.0160402 s/step
on time step 13497 (time=674.85), 0.0163514 s/step
Meep progress: 686.45/1185.1854849182191 = 57.9% done in 180.1s, 130.8s to go
on time step 13745 (time=687.25), 0.0161644 s/step
on time step 13914 (time=695.7), 0.0237712 s/step
on time step 14048 (time=702.4), 0.0299407 s/step
on time step 14189 (time=709.45), 0.0285454 s/step
on time step 14383 (time=719.15), 0.0206878 s/step
on time step 14598 (time=729.9), 0.0186673 s/step
on time step 14818 (time=740.9), 0.0182453 s/step
on time step 15051 (time=752.55), 0.0171867 s/step
Meep progress: 757.5500000000001/1185.1854849182191 = 63.9% done in 210.1s, 118.6s to go
on time step 15331 (time=766.55), 0.0143097 s/step
on time step 15692 (time=784.6), 0.0110962 s/step
on time step 16055 (time=802.75), 0.0110196 s/step
on time step 16415 (time=820.75), 0.0111113 s/step
on time step 16783 (time=839.15), 0.0108778 s/step
on time step 17148 (time=857.4), 0.0109819 s/step
on time step 17508 (time=875.4), 0.0111125 s/step
Meep progress: 891.9000000000001/1185.1854849182191 = 75.3% done in 240.1s, 78.9s to go
on time step 17872 (time=893.6), 0.0110141 s/step
on time step 18238 (time=911.9), 0.0109487 s/step
on time step 18601 (time=930.05), 0.011023 s/step
on time step 18965 (time=948.25), 0.0109915 s/step
on time step 19322 (time=966.1), 0.0112287 s/step
on time step 19694 (time=984.7), 0.0107599 s/step
on time step 20055 (time=1002.75), 0.0110854 s/step
on time step 20421 (time=1021.05), 0.0109463 s/step
Meep progress: 1028.15/1185.1854849182191 = 86.8% done in 270.1s, 41.2s to go
on time step 20781 (time=1039.05), 0.0111344 s/step
on time step 21144 (time=1057.2), 0.0110373 s/step
on time step 21507 (time=1075.35), 0.0110365 s/step
on time step 21866 (time=1093.3), 0.0111744 s/step
on time step 22235 (time=1111.75), 0.010881 s/step
on time step 22602 (time=1130.1), 0.0109269 s/step
on time step 22961 (time=1148.05), 0.0111544 s/step
Meep progress: 1164.05/1185.1854849182191 = 98.2% done in 300.1s, 5.4s to go
on time step 23323 (time=1166.15), 0.0110592 s/step
on time step 23689 (time=1184.45), 0.0109414 s/step
run 0 finished at t = 1185.2 (23704 timesteps)
field decay(t = 1185.2): 1.80958047396495e-14 / 1.80958047396495e-14 = 1.0
on time step 24042 (time=1202.1), 0.0113472 s/step
on time step 24389 (time=1219.45), 0.0115308 s/step
on time step 24733 (time=1236.65), 0.0116345 s/step
on time step 25089 (time=1254.45), 0.0112816 s/step
on time step 25435 (time=1271.75), 0.01158 s/step
on time step 25787 (time=1289.35), 0.0113871 s/step
on time step 26136 (time=1306.8), 0.0114882 s/step
on time step 26484 (time=1324.2), 0.0115133 s/step
on time step 26834 (time=1341.7), 0.0114498 s/step
on time step 27181 (time=1359.05), 0.0115508 s/step
on time step 27534 (time=1376.7), 0.0113357 s/step
on time step 27884 (time=1394.2), 0.0114343 s/step
on time step 28230 (time=1411.5), 0.0115782 s/step
on time step 28579 (time=1428.95), 0.0114737 s/step
on time step 28931 (time=1446.55), 0.0113931 s/step
on time step 29282 (time=1464.1), 0.0114197 s/step
on time step 29629 (time=1481.45), 0.0115469 s/step
on time step 29974 (time=1498.7), 0.0116202 s/step
on time step 30329 (time=1516.45), 0.0113132 s/step
on time step 30675 (time=1533.75), 0.0115732 s/step
on time step 31027 (time=1551.35), 0.0113864 s/step
on time step 31374 (time=1568.7), 0.0115518 s/step
on time step 31721 (time=1586.05), 0.0115435 s/step
on time step 32069 (time=1603.45), 0.0115141 s/step
on time step 32414 (time=1620.7), 0.0116408 s/step
on time step 32768 (time=1638.4), 0.011314 s/step
on time step 33117 (time=1655.85), 0.0114783 s/step
on time step 33464 (time=1673.2), 0.0115394 s/step
field decay(t = 1685.25): 0.006154366790740328 / 0.006154366790740328 = 1.0
on time step 33812 (time=1690.6), 0.0115222 s/step
on time step 34164 (time=1708.2), 0.0113881 s/step
on time step 34516 (time=1725.8), 0.0113665 s/step
on time step 34865 (time=1743.25), 0.0114892 s/step
on time step 35208 (time=1760.4), 0.0116823 s/step
on time step 35562 (time=1778.1), 0.0113136 s/step
on time step 35908 (time=1795.4), 0.0115763 s/step
on time step 36258 (time=1812.9), 0.011431 s/step
on time step 36605 (time=1830.25), 0.0115406 s/step
on time step 36955 (time=1847.75), 0.0114371 s/step
on time step 37304 (time=1865.2), 0.011469 s/step
on time step 37648 (time=1882.4), 0.0116382 s/step
on time step 38003 (time=1900.15), 0.0112881 s/step
on time step 38351 (time=1917.55), 0.011516 s/step
on time step 38698 (time=1934.9), 0.0115321 s/step
on time step 39047 (time=1952.35), 0.0114834 s/step
on time step 39399 (time=1969.95), 0.0113847 s/step
on time step 39752 (time=1987.6), 0.0113551 s/step
on time step 40101 (time=2005.05), 0.011472 s/step
on time step 40445 (time=2022.25), 0.0116314 s/step
on time step 40799 (time=2039.95), 0.0113116 s/step
on time step 41146 (time=2057.3), 0.011535 s/step
on time step 41499 (time=2074.95), 0.0113566 s/step
on time step 41845 (time=2092.25), 0.0115727 s/step
on time step 42196 (time=2109.8), 0.0113978 s/step
on time step 42547 (time=2127.35), 0.0114248 s/step
on time step 42893 (time=2144.65), 0.0115684 s/step
on time step 43250 (time=2162.5), 0.0112331 s/step
on time step 43600 (time=2180), 0.0114365 s/step
field decay(t = 2185.3): 0.020257294178148453 / 0.020257294178148453 = 1.0
on time step 43950 (time=2197.5), 0.0114593 s/step
on time step 44299 (time=2214.95), 0.0114676 s/step
on time step 44652 (time=2232.6), 0.0113376 s/step
on time step 45007 (time=2250.35), 0.0112955 s/step
on time step 45360 (time=2268), 0.0113574 s/step
on time step 45704 (time=2285.2), 0.0116312 s/step
on time step 46059 (time=2302.95), 0.0112831 s/step
on time step 46405 (time=2320.25), 0.0115658 s/step
on time step 46759 (time=2337.95), 0.0113302 s/step
on time step 47107 (time=2355.35), 0.0115152 s/step
on time step 47460 (time=2373), 0.0113359 s/step
on time step 47814 (time=2390.7), 0.0113211 s/step
on time step 48161 (time=2408.05), 0.0115435 s/step
on time step 48517 (time=2425.85), 0.0112382 s/step
on time step 48866 (time=2443.3), 0.0114664 s/step
on time step 49215 (time=2460.75), 0.0114828 s/step
on time step 49565 (time=2478.25), 0.0114402 s/step
on time step 49919 (time=2495.95), 0.0113289 s/step
on time step 50273 (time=2513.65), 0.0113256 s/step
on time step 50625 (time=2531.25), 0.0113943 s/step
on time step 50969 (time=2548.45), 0.0116391 s/step
on time step 51323 (time=2566.15), 0.0113227 s/step
on time step 51667 (time=2583.35), 0.0116447 s/step
on time step 52020 (time=2601), 0.0113451 s/step
on time step 52368 (time=2618.4), 0.0115213 s/step
on time step 52720 (time=2636), 0.0113691 s/step
on time step 53073 (time=2653.65), 0.0113437 s/step
on time step 53420 (time=2671), 0.0115531 s/step
field decay(t = 2685.3500000000004): 4.0276877012844055e-06 / 0.020257294178148453 = 0.00019882653951034946
on time step 53777 (time=2688.85), 0.011226 s/step
on time step 54126 (time=2706.3), 0.0114839 s/step
on time step 54476 (time=2723.8), 0.0114521 s/step
on time step 54825 (time=2741.25), 0.0114676 s/step
on time step 55178 (time=2758.9), 0.0113389 s/step
on time step 55532 (time=2776.6), 0.0113187 s/step
on time step 55885 (time=2794.25), 0.011343 s/step
on time step 56223 (time=2811.15), 0.0118405 s/step
on time step 56578 (time=2828.9), 0.0112806 s/step
on time step 56923 (time=2846.15), 0.0116186 s/step
on time step 57277 (time=2863.85), 0.0113242 s/step
on time step 57626 (time=2881.3), 0.0114665 s/step
on time step 57979 (time=2898.95), 0.0113379 s/step
on time step 58332 (time=2916.6), 0.0113515 s/step
on time step 58679 (time=2933.95), 0.0115283 s/step
on time step 59036 (time=2951.8), 0.0112279 s/step
on time step 59385 (time=2969.25), 0.0114927 s/step
on time step 59736 (time=2986.8), 0.0114238 s/step
on time step 60086 (time=3004.3), 0.0114428 s/step
on time step 60440 (time=3022), 0.011301 s/step
on time step 60797 (time=3039.85), 0.0112371 s/step
on time step 61150 (time=3057.5), 0.0113566 s/step
on time step 61495 (time=3074.75), 0.0116247 s/step
on time step 61851 (time=3092.55), 0.0112618 s/step
on time step 62198 (time=3109.9), 0.0115314 s/step
on time step 62551 (time=3127.55), 0.0113485 s/step
on time step 62903 (time=3145.15), 0.0113705 s/step
on time step 63257 (time=3162.85), 0.011315 s/step
on time step 63612 (time=3180.6), 0.0112873 s/step
field decay(t = 3185.4): 1.3686538701165017e-16 / 0.020257294178148453 = 6.756350863447838e-15
run 1 finished at t = 3185.4 (63708 timesteps)
WD: data/2021-12-08/UnfilledBubbles/
AlreadyDir
-----------
Initializing structure...
Splitting into 24 chunks by voxels
time for choose_chunkdivision = 0.00384668 s
Working in 2D dimensions.
Computational cell is 820 x 100 x 0 with resolution 10
     block, center = (0,0,0)
          size (1e+20,1e+20,1e+20)
          axes (1,0,0), (0,1,0), (0,0,1)
          dielectric constant epsilon diagonal = (1,1,1)
     block, center = (0,-57.4,0)
          size (1e+20,125,1e+20)
          axes (1,0,0), (0,1,0), (0,0,1)
          dielectric constant epsilon diagonal = (2.0746,2.0746,2.0746)
     block, center = (0,0,0)
          size (1e+20,8.2,1e+20)
          axes (1,0,0), (0,1,0), (0,0,1)
          dielectric constant epsilon diagonal = (2.08903,2.08903,2.08903)
     block, center = (0,-14.9,0)
          size (300,40,1e+20)
          axes (1,0,0), (0,1,0), (0,0,1)
          dielectric constant epsilon diagonal = (1,1,1)
time for set_epsilon = 0.348387 s
-----------
MPB solved for frequency_1(0.4,0,0) = 0.278455 after 35 iters
MPB solved for frequency_1(0.932003,0,0) = 0.645693 after 53 iters
MPB solved for frequency_1(0.931234,0,0) = 0.645161 after 40 iters
MPB solved for frequency_1(0.931234,0,0) = 0.645161 after 20 iters
MPB solved for frequency_1(0.931234,0,0) = 0.645161 after 10 iters
MPB solved for frequency_1(0.931234,0,0) = 0.645161 after 5 iters
MPB solved for frequency_1(0.931234,0,0) = 0.645161 after 3 iters
Meep: using output directory 'data/2021-12-08/UnfilledBubbles/'


Actual Run


on time step 252 (time=12.6), 0.0159003 s/step
on time step 615 (time=30.75), 0.0110251 s/step
on time step 976 (time=48.8), 0.0110954 s/step
on time step 1331 (time=66.55), 0.0112736 s/step
on time step 1683 (time=84.15), 0.0113758 s/step
on time step 2051 (time=102.55), 0.0108792 s/step
on time step 2412 (time=120.6), 0.0111087 s/step
Meep progress: 129.15/1185.1854849182191 = 10.9% done in 30.0s, 245.4s to go
on time step 2763 (time=138.15), 0.0114245 s/step
on time step 3104 (time=155.2), 0.0117416 s/step
on time step 3434 (time=171.7), 0.0121232 s/step
on time step 3784 (time=189.2), 0.011431 s/step
on time step 4134 (time=206.7), 0.0114292 s/step
on time step 4467 (time=223.35), 0.0120138 s/step
on time step 4776 (time=238.8), 0.0129788 s/step
Meep progress: 252.60000000000002/1185.1854849182191 = 21.3% done in 60.0s, 221.6s to go
on time step 5055 (time=252.75), 0.0143415 s/step
on time step 5339 (time=266.95), 0.014089 s/step
on time step 5657 (time=282.85), 0.0125839 s/step
on time step 5964 (time=298.2), 0.0130348 s/step
on time step 6268 (time=313.4), 0.0131938 s/step
on time step 6568 (time=328.4), 0.0133644 s/step
on time step 6831 (time=341.55), 0.015267 s/step
on time step 7059 (time=352.95), 0.0175532 s/step
Meep progress: 359.6/1185.1854849182191 = 30.3% done in 90.0s, 206.7s to go
on time step 7354 (time=367.7), 0.0135904 s/step
on time step 7652 (time=382.6), 0.0134308 s/step
on time step 7939 (time=396.95), 0.0139525 s/step
on time step 8231 (time=411.55), 0.0137138 s/step
on time step 8510 (time=425.5), 0.0143449 s/step
on time step 8745 (time=437.25), 0.0170559 s/step
on time step 8958 (time=447.9), 0.0188309 s/step
Meep progress: 461.1/1185.1854849182191 = 38.9% done in 120.0s, 188.5s to go
on time step 9231 (time=461.55), 0.0146639 s/step
on time step 9532 (time=476.6), 0.0133191 s/step
on time step 9826 (time=491.3), 0.0136386 s/step
on time step 10123 (time=506.15), 0.0134947 s/step
on time step 10420 (time=521), 0.0135017 s/step
on time step 10713 (time=535.65), 0.013664 s/step
on time step 10953 (time=547.65), 0.0167135 s/step
on time step 11249 (time=562.45), 0.0135449 s/step
Meep progress: 569.1/1185.1854849182191 = 48.0% done in 150.0s, 162.4s to go
on time step 11546 (time=577.3), 0.0134752 s/step
on time step 11844 (time=592.2), 0.0134494 s/step
on time step 12133 (time=606.65), 0.0138652 s/step
on time step 12428 (time=621.4), 0.0135695 s/step
on time step 12706 (time=635.3), 0.0144645 s/step
on time step 12970 (time=648.5), 0.0151571 s/step
on time step 13221 (time=661.05), 0.0159953 s/step
Meep progress: 672.6/1185.1854849182191 = 56.8% done in 180.0s, 137.2s to go
on time step 13466 (time=673.3), 0.0163341 s/step
on time step 13715 (time=685.75), 0.0160765 s/step
on time step 13896 (time=694.8), 0.0221394 s/step
on time step 14032 (time=701.6), 0.0294523 s/step
on time step 14169 (time=708.45), 0.0293727 s/step
on time step 14358 (time=717.9), 0.021221 s/step
on time step 14571 (time=728.55), 0.018798 s/step
on time step 14790 (time=739.5), 0.0183277 s/step
Meep progress: 744.3000000000001/1185.1854849182191 = 62.8% done in 210.1s, 124.4s to go
on time step 15020 (time=751), 0.017415 s/step
on time step 15287 (time=764.35), 0.0149965 s/step
on time step 15646 (time=782.3), 0.0111604 s/step
on time step 16017 (time=800.85), 0.010802 s/step
on time step 16383 (time=819.15), 0.0109442 s/step
on time step 16753 (time=837.65), 0.0108153 s/step
on time step 17123 (time=856.15), 0.0108296 s/step
Meep progress: 872.85/1185.1854849182191 = 73.6% done in 240.1s, 85.9s to go
on time step 17487 (time=874.35), 0.0110192 s/step
on time step 17860 (time=893), 0.0107484 s/step
on time step 18224 (time=911.2), 0.0110132 s/step
on time step 18593 (time=929.65), 0.0108493 s/step
on time step 18958 (time=947.9), 0.0109715 s/step
on time step 19326 (time=966.3), 0.0108824 s/step
on time step 19698 (time=984.9), 0.0107671 s/step
on time step 20062 (time=1003.1), 0.011006 s/step
Meep progress: 1010.5/1185.1854849182191 = 85.3% done in 270.1s, 46.7s to go
on time step 20429 (time=1021.45), 0.0109129 s/step
on time step 20794 (time=1039.7), 0.0109606 s/step
on time step 21155 (time=1057.75), 0.0111005 s/step
on time step 21524 (time=1076.2), 0.0108686 s/step
on time step 21890 (time=1094.5), 0.0109352 s/step
on time step 22262 (time=1113.1), 0.0107752 s/step
on time step 22631 (time=1131.55), 0.0108677 s/step
Meep progress: 1147.75/1185.1854849182191 = 96.8% done in 300.1s, 9.8s to go
on time step 22992 (time=1149.6), 0.0110957 s/step
on time step 23363 (time=1168.15), 0.0107996 s/step
run 0 finished at t = 1185.2 (23704 timesteps)
field decay(t = 1185.2): 0.01341152754517209 / 0.01341152754517209 = 1.0
on time step 23725 (time=1186.25), 0.0110544 s/step
on time step 24077 (time=1203.85), 0.0113725 s/step
on time step 24429 (time=1221.45), 0.0114144 s/step
on time step 24782 (time=1239.1), 0.0113337 s/step
on time step 25137 (time=1256.85), 0.0112758 s/step
on time step 25487 (time=1274.35), 0.0114348 s/step
on time step 25841 (time=1292.05), 0.011323 s/step
on time step 26192 (time=1309.6), 0.0114041 s/step
on time step 26537 (time=1326.85), 0.0116236 s/step
on time step 26893 (time=1344.65), 0.0112864 s/step
on time step 27244 (time=1362.2), 0.0114098 s/step
on time step 27602 (time=1380.1), 0.0111883 s/step
on time step 27957 (time=1397.85), 0.0112825 s/step
on time step 28306 (time=1415.3), 0.0114764 s/step
on time step 28662 (time=1433.1), 0.011237 s/step
on time step 29012 (time=1450.6), 0.0114299 s/step
on time step 29366 (time=1468.3), 0.0112997 s/step
field decay(t = 1485.25): 0.1603620135821873 / 0.1603620135821873 = 1.0
on time step 29718 (time=1485.9), 0.0113923 s/step
on time step 30072 (time=1503.6), 0.0113276 s/step
on time step 30429 (time=1521.45), 0.0112081 s/step
on time step 30778 (time=1538.9), 0.0114791 s/step
on time step 31131 (time=1556.55), 0.0113469 s/step
on time step 31482 (time=1574.1), 0.0114277 s/step
on time step 31827 (time=1591.35), 0.0116219 s/step
on time step 32179 (time=1608.95), 0.0113744 s/step
on time step 32529 (time=1626.45), 0.0114541 s/step
on time step 32884 (time=1644.2), 0.0112778 s/step
on time step 33236 (time=1661.8), 0.0113945 s/step
on time step 33582 (time=1679.1), 0.0115864 s/step
on time step 33936 (time=1696.8), 0.0113216 s/step
on time step 34284 (time=1714.2), 0.0115163 s/step
on time step 34635 (time=1731.75), 0.0114115 s/step
on time step 34984 (time=1749.2), 0.011481 s/step
on time step 35335 (time=1766.75), 0.0113969 s/step
on time step 35690 (time=1784.5), 0.0112862 s/step
field decay(t = 1785.3000000000002): 0.002599357363497962 / 0.1603620135821873 = 0.016209308585201587
on time step 36039 (time=1801.95), 0.0114649 s/step
on time step 36391 (time=1819.55), 0.0113686 s/step
on time step 36740 (time=1837), 0.0114763 s/step
on time step 37084 (time=1854.2), 0.0116415 s/step
on time step 37438 (time=1871.9), 0.0113333 s/step
on time step 37790 (time=1889.5), 0.0113925 s/step
on time step 38147 (time=1907.35), 0.0112327 s/step
on time step 38499 (time=1924.95), 0.0113659 s/step
on time step 38847 (time=1942.35), 0.0114954 s/step
on time step 39202 (time=1960.1), 0.0112985 s/step
on time step 39553 (time=1977.65), 0.0114006 s/step
on time step 39905 (time=1995.25), 0.011365 s/step
on time step 40255 (time=2012.75), 0.0114539 s/step
on time step 40607 (time=2030.35), 0.0113694 s/step
on time step 40961 (time=2048.05), 0.0113095 s/step
on time step 41310 (time=2065.5), 0.0114881 s/step
on time step 41633 (time=2081.65), 0.012415 s/step
field decay(t = 2085.35): 2.4801128233992952e-05 / 0.1603620135821873 = 0.0001546571265849197
on time step 41941 (time=2097.05), 0.0130084 s/step
on time step 42246 (time=2112.3), 0.013137 s/step
on time step 42558 (time=2127.9), 0.0128559 s/step
on time step 42867 (time=2143.35), 0.012978 s/step
on time step 43180 (time=2159), 0.0127883 s/step
on time step 43491 (time=2174.55), 0.0128803 s/step
on time step 43798 (time=2189.9), 0.0130307 s/step
on time step 44111 (time=2205.55), 0.0128194 s/step
on time step 44420 (time=2221), 0.0129705 s/step
on time step 44730 (time=2236.5), 0.0129243 s/step
on time step 45039 (time=2251.95), 0.0129541 s/step
on time step 45351 (time=2267.55), 0.0128471 s/step
on time step 45664 (time=2283.2), 0.0127802 s/step
on time step 45971 (time=2298.55), 0.0130516 s/step
on time step 46283 (time=2314.15), 0.0128499 s/step
on time step 46589 (time=2329.45), 0.0131001 s/step
on time step 46895 (time=2344.75), 0.0130883 s/step
on time step 47208 (time=2360.4), 0.0128048 s/step
on time step 47517 (time=2375.85), 0.0129512 s/step
field decay(t = 2385.4): 1.6655162022383566e-06 / 0.1603620135821873 = 1.0385977109128536e-05
on time step 47831 (time=2391.55), 0.0127497 s/step
on time step 48143 (time=2407.15), 0.0128242 s/step
on time step 48451 (time=2422.55), 0.0130152 s/step
on time step 48762 (time=2438.1), 0.0128672 s/step
on time step 49072 (time=2453.6), 0.0129402 s/step
on time step 49383 (time=2469.15), 0.0128863 s/step
on time step 49694 (time=2484.7), 0.0128873 s/step
on time step 50006 (time=2500.3), 0.0128271 s/step
on time step 50320 (time=2516), 0.0127577 s/step
on time step 50630 (time=2531.5), 0.0129411 s/step
on time step 50945 (time=2547.25), 0.0127318 s/step
on time step 51251 (time=2562.55), 0.0130881 s/step
on time step 51559 (time=2577.95), 0.0130108 s/step
on time step 51875 (time=2593.75), 0.012694 s/step
on time step 52186 (time=2609.3), 0.0128744 s/step
on time step 52502 (time=2625.1), 0.0126648 s/step
on time step 52816 (time=2640.8), 0.012766 s/step
on time step 53125 (time=2656.25), 0.0129474 s/step
on time step 53438 (time=2671.9), 0.0128046 s/step
field decay(t = 2685.4500000000003): 2.4833064974302128e-08 / 0.1603620135821873 = 1.5485628060896672e-07
on time step 53747 (time=2687.35), 0.0129526 s/step
on time step 54061 (time=2703.05), 0.0127652 s/step
on time step 54374 (time=2718.7), 0.0128035 s/step
on time step 54688 (time=2734.4), 0.0127721 s/step
on time step 55003 (time=2750.15), 0.0127182 s/step
on time step 55314 (time=2765.7), 0.0128894 s/step
on time step 55630 (time=2781.5), 0.0126855 s/step
on time step 55937 (time=2796.85), 0.0130598 s/step
on time step 56246 (time=2812.3), 0.0129716 s/step
on time step 56561 (time=2828.05), 0.0127277 s/step
on time step 56874 (time=2843.7), 0.0127983 s/step
on time step 57190 (time=2859.5), 0.0126612 s/step
on time step 57505 (time=2875.25), 0.0127282 s/step
on time step 57815 (time=2890.75), 0.0129249 s/step
on time step 58130 (time=2906.5), 0.012725 s/step
on time step 58440 (time=2922), 0.0129133 s/step
on time step 58754 (time=2937.7), 0.0127663 s/step
on time step 59068 (time=2953.4), 0.0127426 s/step
on time step 59383 (time=2969.15), 0.0127347 s/step
on time step 59699 (time=2984.95), 0.0126738 s/step
field decay(t = 2985.5): 3.253079870438432e-10 / 0.1603620135821873 = 2.028585073092259e-09
on time step 60010 (time=3000.5), 0.0128688 s/step
on time step 60327 (time=3016.35), 0.0126529 s/step
on time step 60635 (time=3031.75), 0.0130066 s/step
on time step 60945 (time=3047.25), 0.0129128 s/step
on time step 61261 (time=3063.05), 0.0126723 s/step
on time step 61575 (time=3078.75), 0.0127639 s/step
on time step 61893 (time=3094.65), 0.0126153 s/step
on time step 62208 (time=3110.4), 0.0127043 s/step
on time step 62519 (time=3125.95), 0.0129012 s/step
on time step 62835 (time=3141.75), 0.012683 s/step
on time step 63146 (time=3157.3), 0.0128844 s/step
on time step 63461 (time=3173.05), 0.0127327 s/step
on time step 63776 (time=3188.8), 0.0127241 s/step
on time step 64092 (time=3204.6), 0.0126826 s/step
on time step 64408 (time=3220.4), 0.012687 s/step
on time step 64722 (time=3236.1), 0.0127493 s/step
on time step 65040 (time=3252), 0.0126072 s/step
on time step 65349 (time=3267.45), 0.0129922 s/step
on time step 65660 (time=3283), 0.0128711 s/step
field decay(t = 3285.55): 4.836806735171452e-11 / 0.1603620135821873 = 3.016179846539864e-10
run 1 finished at t = 3285.55 (65711 timesteps)

Elapsed run time = 3332.3026 s
