Using MPI version 3.1, 32 processes
WD: data/2021-11-08/LargerCavityNoPDMSDblDecay/
AlreadyDir
-----------
Initializing structure...
Splitting into 32 chunks by voxels
time for choose_chunkdivision = 0.00300548 s
Working in 2D dimensions.
Computational cell is 810 x 100 x 0 with resolution 5
     block, center = (0,0,0)
          size (1e+20,1e+20,1e+20)
          axes (1,0,0), (0,1,0), (0,0,1)
          dielectric constant epsilon diagonal = (1,1,1)
     block, center = (0,-30.25,0)
          size (1e+20,62.5,1e+20)
          axes (1,0,0), (0,1,0), (0,0,1)
          dielectric constant epsilon diagonal = (2.0736,2.0736,2.0736)
     block, center = (0,0,0)
          size (1e+20,8.2,1e+20)
          axes (1,0,0), (0,1,0), (0,0,1)
          dielectric constant epsilon diagonal = (2.08803,2.08803,2.08803)
time for set_epsilon = 0.266676 s
-----------
MPB solved for frequency_1(0.4,0,0) = 0.279231 after 89 iters
MPB solved for frequency_1(0.93135,0,0) = 0.645754 after 50 iters
MPB solved for frequency_1(0.930492,0,0) = 0.645161 after 17 iters
MPB solved for frequency_1(0.930493,0,0) = 0.645161 after 1 iters
Meep: using output directory 'data/2021-11-08/LargerCavityNoPDMSDblDecay/'
Vector3<401.5, 0.0, 0.0>
on time step 623 (time=62.3), 0.00642316 s/step
on time step 1365 (time=136.5), 0.00539359 s/step
on time step 2090 (time=209), 0.00551764 s/step
on time step 2812 (time=281.2), 0.00554393 s/step
on time step 3527 (time=352.7), 0.00559522 s/step
on time step 4228 (time=422.8), 0.00571188 s/step
on time step 4925 (time=492.5), 0.00574625 s/step
on time step 5635 (time=563.5), 0.00563719 s/step
on time step 6352 (time=635.2), 0.00558388 s/step
on time step 6806 (time=680.6), 0.00881064 s/step
on time step 7557 (time=755.7), 0.00533084 s/step
on time step 8334 (time=833.4), 0.00515358 s/step
on time step 9106 (time=910.6), 0.00518207 s/step
on time step 9883 (time=988.3), 0.00515425 s/step
on time step 10656 (time=1065.6), 0.00517861 s/step
on time step 11431 (time=1143.1), 0.00516332 s/step
on time step 12200 (time=1220), 0.00520381 s/step
on time step 12975 (time=1297.5), 0.00516262 s/step
on time step 13751 (time=1375.1), 0.00515841 s/step
on time step 14527 (time=1452.7), 0.00515851 s/step
on time step 15303 (time=1530.3), 0.00515817 s/step
on time step 16072 (time=1607.2), 0.00520704 s/step
on time step 16845 (time=1684.5), 0.00517813 s/step
on time step 17621 (time=1762.1), 0.00516085 s/step
on time step 18396 (time=1839.6), 0.00516389 s/step
on time step 19171 (time=1917.1), 0.00516521 s/step
on time step 19946 (time=1994.6), 0.0051643 s/step
field decay(t = 2000.1000000000001): 0.16815594708760673 / 0.16815594708760673 = 1.0
on time step 20721 (time=2072.1), 0.00516457 s/step
on time step 21488 (time=2148.8), 0.00521538 s/step
on time step 22260 (time=2226), 0.00518319 s/step
on time step 23034 (time=2303.4), 0.00517085 s/step
on time step 23809 (time=2380.9), 0.00516181 s/step
on time step 24584 (time=2458.4), 0.00516221 s/step
on time step 25359 (time=2535.9), 0.00516249 s/step
on time step 26129 (time=2612.9), 0.00519771 s/step
on time step 26904 (time=2690.4), 0.00516337 s/step
on time step 27676 (time=2767.6), 0.00518352 s/step
on time step 28450 (time=2845), 0.00517331 s/step
on time step 29225 (time=2922.5), 0.00516463 s/step
on time step 30000 (time=3000), 0.00516674 s/step
on time step 30775 (time=3077.5), 0.00516316 s/step
on time step 31549 (time=3154.9), 0.00517044 s/step
on time step 32323 (time=3232.3), 0.00516937 s/step
on time step 33090 (time=3309), 0.00522047 s/step
on time step 33862 (time=3386.2), 0.0051847 s/step
on time step 34636 (time=3463.6), 0.00517256 s/step
on time step 35411 (time=3541.1), 0.00516774 s/step
on time step 36186 (time=3618.6), 0.00516614 s/step
on time step 36957 (time=3695.7), 0.00518974 s/step
on time step 37727 (time=3772.7), 0.00520007 s/step
on time step 38502 (time=3850.2), 0.00516602 s/step
on time step 39274 (time=3927.4), 0.00518459 s/step
field decay(t = 4000.1000000000004): 0.000948831912488804 / 0.16815594708760673 = 0.005642571249617933
on time step 40047 (time=4004.7), 0.00517872 s/step
on time step 40822 (time=4082.2), 0.00516547 s/step
on time step 41596 (time=4159.6), 0.00516962 s/step
on time step 42371 (time=4237.1), 0.00516658 s/step
on time step 43145 (time=4314.5), 0.00517302 s/step
on time step 43919 (time=4391.9), 0.00516856 s/step
on time step 44685 (time=4468.5), 0.00522273 s/step
on time step 45455 (time=4545.5), 0.00519866 s/step
on time step 46228 (time=4622.8), 0.00517918 s/step
on time step 47002 (time=4700.2), 0.00517402 s/step
on time step 47776 (time=4777.6), 0.00517002 s/step
on time step 48550 (time=4855), 0.00516919 s/step
on time step 49319 (time=4931.9), 0.0052071 s/step
on time step 50094 (time=5009.4), 0.00516647 s/step
on time step 50866 (time=5086.6), 0.00518485 s/step
on time step 51639 (time=5163.9), 0.00517927 s/step
on time step 52413 (time=5241.3), 0.00517107 s/step
on time step 53187 (time=5318.7), 0.00516814 s/step
on time step 53962 (time=5396.2), 0.00516591 s/step
on time step 54737 (time=5473.7), 0.00516759 s/step
on time step 55512 (time=5551.2), 0.00516717 s/step
on time step 56279 (time=5627.9), 0.00522181 s/step
on time step 57050 (time=5705), 0.00519029 s/step
on time step 57816 (time=5781.6), 0.00522489 s/step
on time step 58590 (time=5859), 0.00517176 s/step
on time step 59364 (time=5936.4), 0.00516802 s/step
field decay(t = 6000.200000000001): 6.821614952636596e-17 / 0.16815594708760673 = 4.056719414795741e-16
on time step 60139 (time=6013.9), 0.00516709 s/step
on time step 60908 (time=6090.8), 0.0052041 s/step
on time step 61682 (time=6168.2), 0.0051684 s/step
on time step 62454 (time=6245.4), 0.00518589 s/step
on time step 63227 (time=6322.7), 0.00517872 s/step
on time step 64002 (time=6400.2), 0.00516563 s/step
on time step 64777 (time=6477.7), 0.00516768 s/step
on time step 65552 (time=6555.2), 0.00516653 s/step
on time step 66326 (time=6632.6), 0.00516939 s/step
on time step 67101 (time=6710.1), 0.00516543 s/step
on time step 67867 (time=6786.7), 0.00522565 s/step
on time step 68639 (time=6863.9), 0.00518359 s/step
on time step 69412 (time=6941.2), 0.00517798 s/step
on time step 70187 (time=7018.7), 0.00516632 s/step
on time step 70961 (time=7096.1), 0.00517214 s/step
on time step 71736 (time=7173.6), 0.00516256 s/step
on time step 72505 (time=7250.5), 0.0052026 s/step
on time step 73280 (time=7328), 0.005165 s/step
on time step 74052 (time=7405.2), 0.00518305 s/step
on time step 74826 (time=7482.6), 0.00517355 s/step
on time step 75600 (time=7560), 0.00517 s/step
on time step 76375 (time=7637.5), 0.00516681 s/step
on time step 77150 (time=7715), 0.00516586 s/step
on time step 77925 (time=7792.5), 0.00516483 s/step
on time step 78700 (time=7870), 0.00516172 s/step
on time step 79466 (time=7946.6), 0.00522784 s/step
field decay(t = 8000.3): 7.54499223758478e-18 / 0.16815594708760673 = 4.486901812431262e-17
on time step 80240 (time=8024), 0.00517307 s/step
on time step 81013 (time=8101.3), 0.00517474 s/step
on time step 81788 (time=8178.8), 0.00516632 s/step
on time step 82563 (time=8256.3), 0.0051656 s/step
on time step 83338 (time=8333.8), 0.00516197 s/step
on time step 84108 (time=8410.8), 0.00519869 s/step
on time step 84883 (time=8488.3), 0.00516143 s/step
on time step 85656 (time=8565.6), 0.0051796 s/step
on time step 86430 (time=8643), 0.00517057 s/step
on time step 87206 (time=8720.6), 0.00516039 s/step
on time step 87981 (time=8798.1), 0.0051643 s/step
on time step 88756 (time=8875.6), 0.00516145 s/step
on time step 89531 (time=8953.1), 0.00516603 s/step
on time step 90306 (time=9030.6), 0.00516229 s/step
on time step 91072 (time=9107.2), 0.00522803 s/step
on time step 91845 (time=9184.5), 0.00517544 s/step
on time step 92619 (time=9261.9), 0.00517336 s/step
on time step 93394 (time=9339.4), 0.00516495 s/step
on time step 94170 (time=9417), 0.00516038 s/step
on time step 94945 (time=9494.5), 0.00516176 s/step
on time step 95715 (time=9571.5), 0.00519854 s/step
on time step 96490 (time=9649), 0.0051626 s/step
on time step 97263 (time=9726.3), 0.00517785 s/step
on time step 98037 (time=9803.7), 0.00517187 s/step
on time step 98812 (time=9881.2), 0.00516515 s/step
on time step 99588 (time=9958.8), 0.00515658 s/step
field decay(t = 10000.400000000001): 3.0014511278496086e-18 / 0.16815594708760673 = 1.7849211876436922e-17
on time step 100363 (time=10036.3), 0.00516208 s/step
on time step 101138 (time=10113.8), 0.00516364 s/step
on time step 101914 (time=10191.4), 0.0051602 s/step
on time step 102680 (time=10268), 0.00522572 s/step
on time step 103453 (time=10345.3), 0.00518097 s/step
on time step 104229 (time=10422.9), 0.00516112 s/step
on time step 105004 (time=10500.4), 0.00516436 s/step
on time step 105780 (time=10578), 0.00515957 s/step
on time step 106555 (time=10655.5), 0.00516269 s/step
on time step 107325 (time=10732.5), 0.00519728 s/step
on time step 108101 (time=10810.1), 0.00515898 s/step
on time step 108874 (time=10887.4), 0.00518044 s/step
on time step 109648 (time=10964.8), 0.00517349 s/step
on time step 110423 (time=11042.3), 0.00516159 s/step
on time step 111198 (time=11119.8), 0.00516487 s/step
on time step 111973 (time=11197.3), 0.00516323 s/step
on time step 112748 (time=11274.8), 0.00516461 s/step
on time step 113524 (time=11352.4), 0.00515984 s/step
on time step 114290 (time=11429), 0.005223 s/step
on time step 115063 (time=11506.3), 0.00518094 s/step
on time step 115838 (time=11583.8), 0.00516439 s/step
on time step 116613 (time=11661.3), 0.00516512 s/step
on time step 117388 (time=11738.8), 0.00516665 s/step
on time step 118164 (time=11816.4), 0.00516124 s/step
on time step 118934 (time=11893.4), 0.00519626 s/step
on time step 119710 (time=11971), 0.00515583 s/step
field decay(t = 12000.5): 1.292156242350627e-18 / 0.16815594708760673 = 7.684273228097207e-18
on time step 120482 (time=12048.2), 0.00518206 s/step
on time step 121256 (time=12125.6), 0.0051732 s/step
on time step 122031 (time=12203.1), 0.00516677 s/step
on time step 122807 (time=12280.7), 0.00515906 s/step
on time step 123583 (time=12358.3), 0.00515972 s/step
on time step 124358 (time=12435.8), 0.00516525 s/step
on time step 125134 (time=12513.4), 0.00516049 s/step
on time step 125900 (time=12590), 0.00522491 s/step
on time step 126672 (time=12667.2), 0.00518346 s/step
on time step 127446 (time=12744.6), 0.00516902 s/step
on time step 128221 (time=12822.1), 0.00516552 s/step
on time step 128996 (time=12899.6), 0.00516483 s/step
on time step 129771 (time=12977.1), 0.00516438 s/step
on time step 130540 (time=13054), 0.00520419 s/step
on time step 131314 (time=13131.4), 0.00516993 s/step
on time step 132086 (time=13208.6), 0.00518245 s/step
on time step 132859 (time=13285.9), 0.00517647 s/step
on time step 133634 (time=13363.4), 0.00516524 s/step
on time step 134408 (time=13440.8), 0.00517055 s/step
on time step 135182 (time=13518.2), 0.00516951 s/step
on time step 135956 (time=13595.6), 0.00516837 s/step
on time step 136731 (time=13673.1), 0.00516414 s/step
on time step 137495 (time=13749.5), 0.00524269 s/step
on time step 138269 (time=13826.9), 0.00517451 s/step
on time step 139046 (time=13904.6), 0.00515464 s/step
on time step 139821 (time=13982.1), 0.00516599 s/step
field decay(t = 14000.6): 6.069756567497345e-19 / 0.16815594708760673 = 3.6095997035032565e-18
on time step 140595 (time=14059.5), 0.00516842 s/step
on time step 141370 (time=14137), 0.00516726 s/step
on time step 142139 (time=14213.9), 0.00520432 s/step
on time step 142913 (time=14291.3), 0.00516852 s/step
on time step 143685 (time=14368.5), 0.00518607 s/step
on time step 144458 (time=14445.8), 0.00517521 s/step
on time step 145232 (time=14523.2), 0.00516931 s/step
on time step 146006 (time=14600.6), 0.00516932 s/step
on time step 146780 (time=14678), 0.00517211 s/step
on time step 147555 (time=14755.5), 0.00516702 s/step
on time step 148329 (time=14832.9), 0.00517099 s/step
on time step 149092 (time=14909.2), 0.00524522 s/step
on time step 149864 (time=14986.4), 0.00518298 s/step
on time step 150638 (time=15063.8), 0.00516815 s/step
on time step 151413 (time=15141.3), 0.0051639 s/step
on time step 152187 (time=15218.7), 0.00516991 s/step
on time step 152961 (time=15296.1), 0.00517254 s/step
on time step 153729 (time=15372.9), 0.00520869 s/step
on time step 154503 (time=15450.3), 0.00517133 s/step
on time step 155274 (time=15527.4), 0.0051903 s/step
on time step 156047 (time=15604.7), 0.00517579 s/step
on time step 156822 (time=15682.2), 0.00516748 s/step
on time step 157596 (time=15759.6), 0.00516908 s/step
on time step 158370 (time=15837), 0.00516819 s/step
on time step 159144 (time=15914.4), 0.00517161 s/step
on time step 159919 (time=15991.9), 0.00516752 s/step
field decay(t = 16000.7): 3.4230437026944578e-19 / 0.16815594708760673 = 2.0356364208225734e-18
on time step 160683 (time=16068.3), 0.00524222 s/step
on time step 161456 (time=16145.6), 0.00517505 s/step
on time step 162230 (time=16223), 0.00516896 s/step
on time step 163005 (time=16300.5), 0.00516595 s/step
on time step 163780 (time=16378), 0.00516731 s/step
on time step 164555 (time=16455.5), 0.00516608 s/step
on time step 165325 (time=16532.5), 0.00519899 s/step
on time step 166101 (time=16610.1), 0.00515844 s/step
on time step 166875 (time=16687.5), 0.005174 s/step
on time step 167649 (time=16764.9), 0.00517308 s/step
on time step 168424 (time=16842.4), 0.00516452 s/step
on time step 169199 (time=16919.9), 0.00516734 s/step
on time step 169973 (time=16997.3), 0.00517119 s/step
on time step 170747 (time=17074.7), 0.00517452 s/step
on time step 171522 (time=17152.2), 0.00516545 s/step
on time step 172286 (time=17228.6), 0.00524076 s/step
on time step 173059 (time=17305.9), 0.00518083 s/step
on time step 173826 (time=17382.6), 0.00521586 s/step
on time step 174600 (time=17460), 0.00517065 s/step
on time step 175375 (time=17537.5), 0.00516567 s/step
on time step 176150 (time=17615), 0.00516705 s/step
on time step 176919 (time=17691.9), 0.00520508 s/step
on time step 177694 (time=17769.4), 0.0051638 s/step
on time step 178466 (time=17846.6), 0.0051817 s/step
on time step 179239 (time=17923.9), 0.00517614 s/step
field decay(t = 18000.8): 1.87859553845647e-19 / 0.16815594708760673 = 1.1171746054736619e-18
on time step 180014 (time=18001.4), 0.00516687 s/step
on time step 180789 (time=18078.9), 0.00516306 s/step
on time step 181564 (time=18156.4), 0.00516538 s/step
on time step 182339 (time=18233.9), 0.00516556 s/step
on time step 183114 (time=18311.4), 0.00516183 s/step
on time step 183879 (time=18387.9), 0.00523386 s/step
on time step 184652 (time=18465.2), 0.0051752 s/step
on time step 185427 (time=18542.7), 0.00516136 s/step
on time step 186202 (time=18620.2), 0.00516293 s/step
on time step 186977 (time=18697.7), 0.00516566 s/step
on time step 187752 (time=18775.2), 0.00516741 s/step
on time step 188522 (time=18852.2), 0.00519795 s/step
on time step 189298 (time=18929.8), 0.0051607 s/step
on time step 190071 (time=19007.1), 0.00518007 s/step
on time step 190845 (time=19084.5), 0.00517238 s/step
on time step 191621 (time=19162.1), 0.00515883 s/step
on time step 192397 (time=19239.7), 0.00515722 s/step
on time step 193172 (time=19317.2), 0.00516366 s/step
on time step 193947 (time=19394.7), 0.00516377 s/step
on time step 194723 (time=19472.3), 0.00516107 s/step
on time step 195487 (time=19548.7), 0.00523561 s/step
on time step 196261 (time=19626.1), 0.00516821 s/step
on time step 197037 (time=19703.7), 0.00515992 s/step
on time step 197812 (time=19781.2), 0.00516177 s/step
on time step 198588 (time=19858.8), 0.00516022 s/step
on time step 199363 (time=19936.3), 0.00516224 s/step
field decay(t = 20000.9): 1.5254164085848532e-19 / 0.16815594708760673 = 9.071438952974611e-19
run 0 finished at t = 20000.9 (200009 timesteps)
WD: data/2021-11-08/LargerCavityNoPDMSDblDecay/
AlreadyDir
-----------
Initializing structure...
Splitting into 32 chunks by voxels
time for choose_chunkdivision = 0.00300704 s
Working in 2D dimensions.
Computational cell is 810 x 100 x 0 with resolution 5
     block, center = (0,0,0)
          size (1e+20,1e+20,1e+20)
          axes (1,0,0), (0,1,0), (0,0,1)
          dielectric constant epsilon diagonal = (1,1,1)
     block, center = (0,-30.25,0)
          size (1e+20,62.5,1e+20)
          axes (1,0,0), (0,1,0), (0,0,1)
          dielectric constant epsilon diagonal = (2.0736,2.0736,2.0736)
     block, center = (0,0,0)
          size (1e+20,8.2,1e+20)
          axes (1,0,0), (0,1,0), (0,0,1)
          dielectric constant epsilon diagonal = (2.08803,2.08803,2.08803)
     block, center = (0,-14.9,0)
          size (100,40,1e+20)
          axes (1,0,0), (0,1,0), (0,0,1)
          dielectric constant epsilon diagonal = (1,1,1)
time for set_epsilon = 0.278516 s
-----------
MPB solved for frequency_1(0.4,0,0) = 0.279231 after 89 iters
MPB solved for frequency_1(0.93135,0,0) = 0.645754 after 50 iters
MPB solved for frequency_1(0.930492,0,0) = 0.645161 after 17 iters
MPB solved for frequency_1(0.930493,0,0) = 0.645161 after 1 iters
Meep: using output directory 'data/2021-11-08/LargerCavityNoPDMSDblDecay/'
Actual Simtime: 3.3333333333333334e-09
creating output file "data/2021-11-08/LargerCavityNoPDMSDblDecay//RunModel-eps-000000.00.h5"...
on time step 633 (time=63.3), 0.00631933 s/step
on time step 1383 (time=138.3), 0.00534015 s/step
on time step 2112 (time=211.2), 0.00549054 s/step
on time step 2834 (time=283.4), 0.00554437 s/step
on time step 3546 (time=354.6), 0.00562154 s/step
on time step 4250 (time=425), 0.00568838 s/step
on time step 4944 (time=494.4), 0.00576978 s/step
on time step 5657 (time=565.7), 0.00561539 s/step
on time step 6362 (time=636.2), 0.00568183 s/step
on time step 6821 (time=682.1), 0.00872099 s/step
on time step 7571 (time=757.1), 0.00533515 s/step
on time step 8345 (time=834.5), 0.00517358 s/step
on time step 9120 (time=912), 0.00516645 s/step
on time step 9891 (time=989.1), 0.00519161 s/step
on time step 10660 (time=1066), 0.00520595 s/step
on time step 11431 (time=1143.1), 0.00518851 s/step
on time step 12203 (time=1220.3), 0.005183 s/step
on time step 12976 (time=1297.6), 0.0051747 s/step
on time step 13749 (time=1374.9), 0.00517598 s/step
on time step 14522 (time=1452.2), 0.00517666 s/step
on time step 15296 (time=1529.6), 0.00517177 s/step
on time step 16070 (time=1607), 0.00517288 s/step
on time step 16842 (time=1684.2), 0.00518226 s/step
on time step 17605 (time=1760.5), 0.00524392 s/step
on time step 18377 (time=1837.7), 0.00518539 s/step
on time step 19150 (time=1915), 0.00517492 s/step
on time step 19923 (time=1992.3), 0.00517758 s/step
field decay(t = 2000.1000000000001): 0.36766960227561746 / 0.36766960227561746 = 1.0
on time step 20696 (time=2069.6), 0.0051807 s/step
on time step 21469 (time=2146.9), 0.0051759 s/step
on time step 22237 (time=2223.7), 0.00521456 s/step
on time step 23007 (time=2300.7), 0.00519579 s/step
on time step 23779 (time=2377.9), 0.00518562 s/step
on time step 24552 (time=2455.2), 0.00517771 s/step
on time step 25325 (time=2532.5), 0.00517824 s/step
on time step 26098 (time=2609.8), 0.0051803 s/step
on time step 26871 (time=2687.1), 0.0051798 s/step
on time step 27644 (time=2764.4), 0.0051774 s/step
on time step 28415 (time=2841.5), 0.00518831 s/step
on time step 29178 (time=2917.8), 0.00524913 s/step
on time step 29949 (time=2994.9), 0.00519155 s/step
on time step 30721 (time=3072.1), 0.00518154 s/step
on time step 31493 (time=3149.3), 0.00518429 s/step
on time step 32266 (time=3226.6), 0.00517932 s/step
on time step 33038 (time=3303.8), 0.0051823 s/step
on time step 33805 (time=3380.5), 0.00521851 s/step
on time step 34575 (time=3457.5), 0.00519971 s/step
on time step 35347 (time=3534.7), 0.0051877 s/step
on time step 36120 (time=3612), 0.00517672 s/step
on time step 36892 (time=3689.2), 0.00518135 s/step
on time step 37665 (time=3766.5), 0.00518048 s/step
on time step 38438 (time=3843.8), 0.00517949 s/step
on time step 39211 (time=3921.1), 0.005181 s/step
on time step 39982 (time=3998.2), 0.00518974 s/step
field decay(t = 4000.1000000000004): 1.8189098135948945e-09 / 0.36766960227561746 = 4.947131343840003e-09
on time step 40745 (time=4074.5), 0.00524581 s/step
on time step 41516 (time=4151.6), 0.00519292 s/step
on time step 42289 (time=4228.9), 0.00517839 s/step
on time step 43061 (time=4306.1), 0.00518503 s/step
on time step 43833 (time=4383.3), 0.00518262 s/step
on time step 44605 (time=4460.5), 0.00518327 s/step
on time step 45372 (time=4537.2), 0.00521784 s/step
on time step 46142 (time=4614.2), 0.00520117 s/step
on time step 46913 (time=4691.3), 0.00519154 s/step
on time step 47685 (time=4768.5), 0.00518145 s/step
on time step 48457 (time=4845.7), 0.00518256 s/step
on time step 49229 (time=4922.9), 0.00518281 s/step
on time step 50001 (time=5000.1), 0.0051823 s/step
on time step 50773 (time=5077.3), 0.00518581 s/step
on time step 51544 (time=5154.4), 0.00519093 s/step
on time step 52307 (time=5230.7), 0.00524828 s/step
on time step 53077 (time=5307.7), 0.00519545 s/step
on time step 53849 (time=5384.9), 0.00518487 s/step
on time step 54621 (time=5462.1), 0.00518463 s/step
on time step 55394 (time=5539.4), 0.00517895 s/step
on time step 56165 (time=5616.5), 0.00518858 s/step
on time step 56932 (time=5693.2), 0.0052192 s/step
on time step 57702 (time=5770.2), 0.00519998 s/step
on time step 58473 (time=5847.3), 0.00519114 s/step
on time step 59246 (time=5924.6), 0.00517868 s/step
field decay(t = 6000.200000000001): 3.6663450741167694e-16 / 0.36766960227561746 = 9.97184714598286e-16
on time step 60019 (time=6001.9), 0.00518007 s/step
on time step 60791 (time=6079.1), 0.00518547 s/step
on time step 61564 (time=6156.4), 0.00518 s/step
on time step 62336 (time=6233.6), 0.00518679 s/step
on time step 63107 (time=6310.7), 0.00519368 s/step
on time step 63870 (time=6387), 0.00524773 s/step
on time step 64641 (time=6464.1), 0.00518886 s/step
on time step 65413 (time=6541.3), 0.00518308 s/step
on time step 66185 (time=6618.5), 0.00518385 s/step
on time step 66957 (time=6695.7), 0.00518148 s/step
on time step 67730 (time=6773), 0.00518045 s/step
on time step 68498 (time=6849.8), 0.00521346 s/step
on time step 69268 (time=6926.8), 0.00520086 s/step
on time step 70040 (time=7004), 0.00518603 s/step
on time step 70813 (time=7081.3), 0.00518017 s/step
on time step 71586 (time=7158.6), 0.00517899 s/step
on time step 72359 (time=7235.9), 0.00517708 s/step
on time step 73132 (time=7313.2), 0.00518064 s/step
on time step 73904 (time=7390.4), 0.00518146 s/step
on time step 74675 (time=7467.5), 0.00519422 s/step
on time step 75439 (time=7543.9), 0.00524216 s/step
on time step 76210 (time=7621), 0.00519155 s/step
on time step 76982 (time=7698.2), 0.00518752 s/step
on time step 77755 (time=7775.5), 0.00518025 s/step
on time step 78528 (time=7852.8), 0.0051786 s/step
on time step 79301 (time=7930.1), 0.00518044 s/step
field decay(t = 8000.3): 1.639064698552478e-16 / 0.36766960227561746 = 4.457982624638574e-16
on time step 80069 (time=8006.9), 0.00520884 s/step
on time step 80839 (time=8083.9), 0.00519681 s/step
on time step 81611 (time=8161.1), 0.00518778 s/step
on time step 82384 (time=8238.4), 0.00517843 s/step
on time step 83157 (time=8315.7), 0.00517967 s/step
on time step 83931 (time=8393.1), 0.00517442 s/step
on time step 84704 (time=8470.4), 0.00518102 s/step
on time step 85477 (time=8547.7), 0.00517745 s/step
on time step 86248 (time=8624.8), 0.0051896 s/step
on time step 87011 (time=8701.1), 0.00524376 s/step
on time step 87775 (time=8777.5), 0.00523955 s/step
on time step 88548 (time=8854.8), 0.00517915 s/step
on time step 89320 (time=8932), 0.00518142 s/step
on time step 90093 (time=9009.3), 0.0051757 s/step
on time step 90865 (time=9086.5), 0.00518192 s/step
on time step 91632 (time=9163.2), 0.00521562 s/step
on time step 92402 (time=9240.2), 0.00519753 s/step
on time step 93173 (time=9317.3), 0.00519007 s/step
on time step 93946 (time=9394.6), 0.00517701 s/step
on time step 94719 (time=9471.9), 0.00517618 s/step
on time step 95493 (time=9549.3), 0.0051723 s/step
on time step 96266 (time=9626.6), 0.00517955 s/step
on time step 97038 (time=9703.8), 0.00518497 s/step
on time step 97810 (time=9781), 0.00518347 s/step
on time step 98574 (time=9857.4), 0.0052415 s/step
on time step 99345 (time=9934.5), 0.00518939 s/step
field decay(t = 10000.400000000001): 1.8725267293732912e-17 / 0.36766960227561746 = 5.092960412782731e-17
on time step 100118 (time=10011.8), 0.00518005 s/step
on time step 100891 (time=10089.1), 0.00517814 s/step
on time step 101664 (time=10166.4), 0.00517498 s/step
on time step 102437 (time=10243.7), 0.00518107 s/step
on time step 103205 (time=10320.5), 0.00521172 s/step
on time step 103975 (time=10397.5), 0.00519576 s/step
on time step 104747 (time=10474.7), 0.00518336 s/step
creating output file "data/2021-11-08/LargerCavityNoPDMSDblDecay//RunModel-denergy-010500.00.h5"...
on time step 105336 (time=10533.6), 0.00679872 s/step
on time step 106108 (time=10610.8), 0.00518149 s/step
on time step 106881 (time=10688.1), 0.00517641 s/step
on time step 107654 (time=10765.4), 0.00517917 s/step
on time step 108427 (time=10842.7), 0.0051766 s/step
on time step 109200 (time=10920), 0.00517753 s/step
on time step 109963 (time=10996.3), 0.0052477 s/step
on time step 110735 (time=11073.5), 0.00518448 s/step
on time step 111508 (time=11150.8), 0.00517545 s/step
on time step 112281 (time=11228.1), 0.00518003 s/step
on time step 113054 (time=11305.4), 0.0051778 s/step
on time step 113827 (time=11382.7), 0.00517885 s/step
on time step 114595 (time=11459.5), 0.0052122 s/step
on time step 115366 (time=11536.6), 0.00519149 s/step
on time step 116138 (time=11613.8), 0.0051848 s/step
on time step 116912 (time=11691.2), 0.00517346 s/step
on time step 117685 (time=11768.5), 0.00517793 s/step
on time step 118458 (time=11845.8), 0.00517926 s/step
on time step 119232 (time=11923.2), 0.00517288 s/step
field decay(t = 12000.5): 1.0295240490426654e-17 / 0.36766960227561746 = 2.8001337142658304e-17
on time step 120005 (time=12000.5), 0.00517603 s/step
on time step 120778 (time=12077.8), 0.00518068 s/step
on time step 121541 (time=12154.1), 0.00524494 s/step
on time step 122313 (time=12231.3), 0.00518706 s/step
on time step 123086 (time=12308.6), 0.00517627 s/step
on time step 123858 (time=12385.8), 0.00518247 s/step
on time step 124631 (time=12463.1), 0.00517502 s/step
on time step 125404 (time=12540.4), 0.00517696 s/step
on time step 126172 (time=12617.2), 0.00521379 s/step
on time step 126943 (time=12694.3), 0.00519344 s/step
on time step 127714 (time=12771.4), 0.00518903 s/step
on time step 128487 (time=12848.7), 0.00517539 s/step
on time step 129260 (time=12926), 0.00517698 s/step
on time step 130033 (time=13003.3), 0.00518093 s/step
on time step 130806 (time=13080.6), 0.00517698 s/step
on time step 131579 (time=13157.9), 0.0051802 s/step
on time step 132351 (time=13235.1), 0.00518448 s/step
on time step 133113 (time=13311.3), 0.00525296 s/step
on time step 133884 (time=13388.4), 0.00518902 s/step
on time step 134657 (time=13465.7), 0.00517972 s/step
on time step 135429 (time=13542.9), 0.00518429 s/step
on time step 136202 (time=13620.2), 0.00517786 s/step
on time step 136975 (time=13697.5), 0.00518071 s/step
on time step 137742 (time=13774.2), 0.00521749 s/step
on time step 138512 (time=13851.2), 0.00519795 s/step
on time step 139285 (time=13928.5), 0.00518006 s/step
field decay(t = 14000.6): 9.563750143297267e-18 / 0.36766960227561746 = 2.6011805392951577e-17
on time step 140058 (time=14005.8), 0.00517938 s/step
on time step 140830 (time=14083), 0.00518634 s/step
on time step 141603 (time=14160.3), 0.00517907 s/step
on time step 142375 (time=14237.5), 0.00518227 s/step
on time step 143148 (time=14314.8), 0.00518033 s/step
on time step 143920 (time=14392), 0.00518415 s/step
on time step 144682 (time=14468.2), 0.00524986 s/step
on time step 145453 (time=14545.3), 0.0051911 s/step
on time step 146225 (time=14622.5), 0.00518157 s/step
on time step 146997 (time=14699.7), 0.00518215 s/step
on time step 147769 (time=14776.9), 0.00518309 s/step
on time step 148541 (time=14854.1), 0.00518214 s/step
on time step 149308 (time=14930.8), 0.00522081 s/step
on time step 150077 (time=15007.7), 0.00520306 s/step
on time step 150848 (time=15084.8), 0.00519332 s/step
on time step 151621 (time=15162.1), 0.00517572 s/step
on time step 152394 (time=15239.4), 0.00517928 s/step
on time step 153166 (time=15316.6), 0.00518303 s/step
on time step 153938 (time=15393.8), 0.00518267 s/step
on time step 154710 (time=15471), 0.00518553 s/step
on time step 155482 (time=15548.2), 0.00518176 s/step
on time step 156244 (time=15624.4), 0.0052515 s/step
on time step 157015 (time=15701.5), 0.00519474 s/step
on time step 157787 (time=15778.7), 0.00518311 s/step
on time step 158560 (time=15856), 0.00518052 s/step
on time step 159333 (time=15933.3), 0.00517825 s/step
field decay(t = 16000.7): 8.738474349424564e-18 / 0.36766960227561746 = 2.3767192869194314e-17
on time step 160105 (time=16010.5), 0.0051814 s/step
on time step 160873 (time=16087.3), 0.00521179 s/step
on time step 161643 (time=16164.3), 0.00519536 s/step
on time step 162415 (time=16241.5), 0.00518719 s/step
on time step 163187 (time=16318.7), 0.00518211 s/step
on time step 163959 (time=16395.9), 0.00518344 s/step
on time step 164731 (time=16473.1), 0.00518431 s/step
on time step 165504 (time=16550.4), 0.00517742 s/step
on time step 166277 (time=16627.7), 0.00517587 s/step
on time step 167051 (time=16705.1), 0.005168 s/step
on time step 167813 (time=16781.3), 0.00525208 s/step
on time step 168584 (time=16858.4), 0.00518848 s/step
on time step 169356 (time=16935.6), 0.005186 s/step
on time step 170128 (time=17012.8), 0.00518238 s/step
on time step 170901 (time=17090.1), 0.00517912 s/step
on time step 171673 (time=17167.3), 0.00518278 s/step
on time step 172441 (time=17244.1), 0.00521462 s/step
on time step 173211 (time=17321.1), 0.00519758 s/step
on time step 173982 (time=17398.2), 0.00518809 s/step
on time step 174754 (time=17475.4), 0.00518166 s/step
on time step 175527 (time=17552.7), 0.00517896 s/step
on time step 176300 (time=17630), 0.00517873 s/step
on time step 177073 (time=17707.3), 0.00517974 s/step
on time step 177846 (time=17784.6), 0.00518078 s/step
on time step 178619 (time=17861.9), 0.00517685 s/step
on time step 179381 (time=17938.1), 0.00525089 s/step
field decay(t = 18000.8): 5.632856081336343e-18 / 0.36766960227561746 = 1.5320429120256086e-17
on time step 180153 (time=18015.3), 0.00518698 s/step
on time step 180925 (time=18092.5), 0.0051819 s/step
on time step 181697 (time=18169.7), 0.00518243 s/step
on time step 182467 (time=18246.7), 0.00520133 s/step
on time step 183240 (time=18324), 0.00518008 s/step
on time step 184008 (time=18400.8), 0.00521147 s/step
on time step 184778 (time=18477.8), 0.00519744 s/step
on time step 185550 (time=18555), 0.00518804 s/step
on time step 186323 (time=18632.3), 0.00517821 s/step
on time step 187096 (time=18709.6), 0.00517996 s/step
on time step 187870 (time=18787), 0.00517454 s/step
on time step 188643 (time=18864.3), 0.00517998 s/step
on time step 189416 (time=18941.6), 0.00518139 s/step
on time step 190189 (time=19018.9), 0.00517924 s/step
on time step 190952 (time=19095.2), 0.0052443 s/step
on time step 191723 (time=19172.3), 0.00519014 s/step
on time step 192497 (time=19249.7), 0.00517314 s/step
on time step 193270 (time=19327), 0.00517819 s/step
on time step 194044 (time=19404.4), 0.00517442 s/step
on time step 194817 (time=19481.7), 0.00517912 s/step
on time step 195586 (time=19558.6), 0.0052025 s/step
on time step 196356 (time=19635.6), 0.00519559 s/step
on time step 197128 (time=19712.8), 0.00518626 s/step
on time step 197901 (time=19790.1), 0.00517502 s/step
on time step 198674 (time=19867.4), 0.00517533 s/step
on time step 199447 (time=19944.7), 0.00517501 s/step
field decay(t = 20000.9): 3.801077699796063e-18 / 0.36766960227561746 = 1.0338297417763266e-17
on time step 200220 (time=20022), 0.00517913 s/step
on time step 200993 (time=20099.3), 0.00517794 s/step
on time step 201765 (time=20176.5), 0.00518213 s/step
on time step 202528 (time=20252.8), 0.00524258 s/step
on time step 203293 (time=20329.3), 0.00523281 s/step
on time step 204067 (time=20406.7), 0.00517371 s/step
on time step 204840 (time=20484), 0.00517548 s/step
on time step 205614 (time=20561.4), 0.00517364 s/step
on time step 206388 (time=20638.8), 0.0051734 s/step
on time step 207159 (time=20715.9), 0.005191 s/step
on time step 207931 (time=20793.1), 0.00518306 s/step
on time step 208706 (time=20870.6), 0.00516741 s/step
on time step 209481 (time=20948.1), 0.00516241 s/step
creating output file "data/2021-11-08/LargerCavityNoPDMSDblDecay//RunModel-denergy-021000.00.h5"...
on time step 210239 (time=21023.9), 0.00527762 s/step
on time step 211013 (time=21101.3), 0.00517299 s/step
on time step 211787 (time=21178.7), 0.00517216 s/step
on time step 212560 (time=21256), 0.00517771 s/step
on time step 213333 (time=21333.3), 0.00517675 s/step
on time step 214096 (time=21409.6), 0.00524716 s/step
on time step 214868 (time=21486.8), 0.00518455 s/step
on time step 215642 (time=21564.2), 0.00517349 s/step
on time step 216415 (time=21641.5), 0.00517843 s/step
on time step 217189 (time=21718.9), 0.00517321 s/step
on time step 217962 (time=21796.2), 0.00517895 s/step
on time step 218731 (time=21873.1), 0.00520659 s/step
on time step 219501 (time=21950.1), 0.00519875 s/step
field decay(t = 22001.0): 3.277220344590426e-18 / 0.36766960227561746 = 8.913492778045088e-18
on time step 220273 (time=22027.3), 0.00518288 s/step
on time step 221046 (time=22104.6), 0.00517479 s/step
on time step 221819 (time=22181.9), 0.00517974 s/step
on time step 222593 (time=22259.3), 0.00517125 s/step
on time step 223366 (time=22336.6), 0.00517752 s/step
on time step 224139 (time=22413.9), 0.00517726 s/step
on time step 224913 (time=22491.3), 0.00517376 s/step
on time step 225676 (time=22567.6), 0.00524659 s/step
on time step 226448 (time=22644.8), 0.00518645 s/step
on time step 227221 (time=22722.1), 0.0051763 s/step
on time step 227994 (time=22799.4), 0.00517764 s/step
on time step 228767 (time=22876.7), 0.00517667 s/step
on time step 229540 (time=22954), 0.0051808 s/step
on time step 230309 (time=23030.9), 0.00520767 s/step
on time step 231078 (time=23107.8), 0.00520326 s/step
on time step 231849 (time=23184.9), 0.00518812 s/step
on time step 232622 (time=23262.2), 0.00517712 s/step
on time step 233395 (time=23339.5), 0.00517955 s/step
on time step 234168 (time=23416.8), 0.00518001 s/step
on time step 234941 (time=23494.1), 0.00517948 s/step
on time step 235713 (time=23571.3), 0.00518247 s/step
on time step 236485 (time=23648.5), 0.00518733 s/step
on time step 237247 (time=23724.7), 0.00524965 s/step
on time step 238019 (time=23801.9), 0.00518421 s/step
on time step 238792 (time=23879.2), 0.00518076 s/step
on time step 239564 (time=23956.4), 0.00518528 s/step
field decay(t = 24001.100000000002): 1.7856016835419195e-18 / 0.36766960227561746 = 4.856538785067612e-18
on time step 240337 (time=24033.7), 0.00518002 s/step
on time step 241109 (time=24110.9), 0.00518144 s/step
on time step 241877 (time=24187.7), 0.00520929 s/step
on time step 242646 (time=24264.6), 0.00520552 s/step
on time step 243417 (time=24341.7), 0.00518834 s/step
on time step 244189 (time=24418.9), 0.00518217 s/step
on time step 244962 (time=24496.2), 0.00518123 s/step
on time step 245735 (time=24573.5), 0.00517952 s/step
on time step 246508 (time=24650.8), 0.00518142 s/step
on time step 247280 (time=24728), 0.00518158 s/step
on time step 248052 (time=24805.2), 0.00518678 s/step
on time step 248814 (time=24881.4), 0.00525556 s/step
on time step 249585 (time=24958.5), 0.00519104 s/step
on time step 250358 (time=25035.8), 0.00517794 s/step
on time step 251130 (time=25113), 0.00518213 s/step
on time step 251903 (time=25190.3), 0.00518003 s/step
on time step 252675 (time=25267.5), 0.00518224 s/step
on time step 253443 (time=25344.3), 0.00521152 s/step
on time step 254212 (time=25421.2), 0.00520495 s/step
on time step 254983 (time=25498.3), 0.00518812 s/step
on time step 255756 (time=25575.6), 0.00517755 s/step
on time step 256528 (time=25652.8), 0.00518389 s/step
on time step 257301 (time=25730.1), 0.00518114 s/step
on time step 258074 (time=25807.4), 0.00517935 s/step
on time step 258847 (time=25884.7), 0.00518031 s/step
on time step 259620 (time=25962), 0.00518325 s/step
field decay(t = 26001.2): 1.8922892477866167e-18 / 0.36766960227561746 = 5.1467111669680356e-18
on time step 260383 (time=26038.3), 0.00524813 s/step
on time step 261154 (time=26115.4), 0.00519277 s/step
on time step 261926 (time=26192.6), 0.00518223 s/step
on time step 262698 (time=26269.8), 0.00518381 s/step
on time step 263470 (time=26347), 0.00518313 s/step
on time step 264242 (time=26424.2), 0.00518218 s/step
on time step 265010 (time=26501), 0.00521014 s/step
on time step 265779 (time=26577.9), 0.00520276 s/step
on time step 266550 (time=26655), 0.00519275 s/step
on time step 267322 (time=26732.2), 0.00518199 s/step
on time step 268094 (time=26809.4), 0.0051865 s/step
on time step 268867 (time=26886.7), 0.00517953 s/step
on time step 269639 (time=26963.9), 0.005186 s/step
on time step 270411 (time=27041.1), 0.00518545 s/step
on time step 271183 (time=27118.3), 0.00518765 s/step
on time step 271946 (time=27194.6), 0.00524295 s/step
on time step 272717 (time=27271.7), 0.00518918 s/step
on time step 273490 (time=27349), 0.0051773 s/step
on time step 274263 (time=27426.3), 0.00517942 s/step
on time step 275036 (time=27503.6), 0.00517529 s/step
on time step 275809 (time=27580.9), 0.0051761 s/step
on time step 276579 (time=27657.9), 0.00519927 s/step
on time step 277351 (time=27735.1), 0.00518636 s/step
on time step 278126 (time=27812.6), 0.00516339 s/step
on time step 278901 (time=27890.1), 0.00516735 s/step
on time step 279675 (time=27967.5), 0.00517406 s/step
field decay(t = 28001.300000000003): 9.379493426241724e-19 / 0.36766960227561746 = 2.551065785202047e-18
on time step 280449 (time=28044.9), 0.00516998 s/step
on time step 281223 (time=28122.3), 0.00517425 s/step
on time step 281996 (time=28199.6), 0.00517756 s/step
on time step 282768 (time=28276.8), 0.0051839 s/step
on time step 283532 (time=28353.2), 0.00524063 s/step
on time step 284304 (time=28430.4), 0.0051879 s/step
on time step 285077 (time=28507.7), 0.00517641 s/step
on time step 285850 (time=28585), 0.0051803 s/step
on time step 286623 (time=28662.3), 0.00517618 s/step
on time step 287396 (time=28739.6), 0.00517821 s/step
on time step 288164 (time=28816.4), 0.00521464 s/step
on time step 288933 (time=28893.3), 0.00520178 s/step
on time step 289704 (time=28970.4), 0.00518922 s/step
on time step 290477 (time=29047.7), 0.00517781 s/step
on time step 291250 (time=29125), 0.00518051 s/step
on time step 292023 (time=29202.3), 0.00517626 s/step
on time step 292796 (time=29279.6), 0.0051777 s/step
on time step 293569 (time=29356.9), 0.00517814 s/step
on time step 294341 (time=29434.1), 0.0051857 s/step
on time step 295105 (time=29510.5), 0.00523613 s/step
on time step 295878 (time=29587.8), 0.0051802 s/step
on time step 296651 (time=29665.1), 0.00517931 s/step
on time step 297424 (time=29742.4), 0.00517592 s/step
on time step 298197 (time=29819.7), 0.00517615 s/step
on time step 298971 (time=29897.1), 0.00517368 s/step
on time step 299740 (time=29974), 0.00521192 s/step
field decay(t = 30001.4): 8.760943826988762e-19 / 0.36766960227561746 = 2.3828306100816203e-18
on time step 300511 (time=30051.1), 0.00519235 s/step
on time step 301282 (time=30128.2), 0.00518921 s/step
on time step 302055 (time=30205.5), 0.00517481 s/step
on time step 302829 (time=30282.9), 0.00517432 s/step
on time step 303602 (time=30360.2), 0.00517787 s/step
on time step 304375 (time=30437.5), 0.0051773 s/step
on time step 305148 (time=30514.8), 0.00517763 s/step
on time step 305920 (time=30592), 0.00518653 s/step
on time step 306684 (time=30668.4), 0.00524184 s/step
on time step 307455 (time=30745.5), 0.00518828 s/step
on time step 308228 (time=30822.8), 0.00517982 s/step
on time step 309001 (time=30900.1), 0.00517752 s/step
on time step 309774 (time=30977.4), 0.00517524 s/step
on time step 310547 (time=31054.7), 0.00517989 s/step
on time step 311315 (time=31131.5), 0.00520874 s/step
on time step 312086 (time=31208.6), 0.00519043 s/step
on time step 312858 (time=31285.8), 0.00518381 s/step
on time step 313632 (time=31363.2), 0.00517449 s/step
on time step 314405 (time=31440.5), 0.00517818 s/step
creating output file "data/2021-11-08/LargerCavityNoPDMSDblDecay//RunModel-denergy-031500.00.h5"...
on time step 315000 (time=31500), 0.00702835 s/step
on time step 315773 (time=31577.3), 0.00518118 s/step
on time step 316546 (time=31654.6), 0.00517587 s/step
on time step 317319 (time=31731.9), 0.00518021 s/step
on time step 318083 (time=31808.3), 0.00523955 s/step
on time step 318848 (time=31884.8), 0.00523504 s/step
on time step 319620 (time=31962), 0.00518227 s/step
field decay(t = 32001.5): 5.425286239773248e-19 / 0.36766960227561746 = 1.4755873768716598e-18
on time step 320394 (time=32039.4), 0.00516999 s/step
on time step 321167 (time=32116.7), 0.00517605 s/step
on time step 321940 (time=32194), 0.00517821 s/step
on time step 322710 (time=32271), 0.00519539 s/step
on time step 323479 (time=32347.9), 0.0052025 s/step
on time step 324251 (time=32425.1), 0.00518345 s/step
on time step 325024 (time=32502.4), 0.00517504 s/step
on time step 325798 (time=32579.8), 0.00517443 s/step
on time step 326571 (time=32657.1), 0.00517971 s/step
on time step 327345 (time=32734.5), 0.00517346 s/step
on time step 328118 (time=32811.8), 0.00517679 s/step
on time step 328891 (time=32889.1), 0.00518029 s/step
on time step 329654 (time=32965.4), 0.00524342 s/step
on time step 330426 (time=33042.6), 0.00518685 s/step
on time step 331199 (time=33119.9), 0.00517537 s/step
on time step 331972 (time=33197.2), 0.0051773 s/step
on time step 332746 (time=33274.6), 0.00517102 s/step
on time step 333521 (time=33352.1), 0.00516354 s/step
on time step 334292 (time=33429.2), 0.00519468 s/step
on time step 335061 (time=33506.1), 0.00520173 s/step
on time step 335833 (time=33583.3), 0.0051848 s/step
on time step 336606 (time=33660.6), 0.00517507 s/step
on time step 337379 (time=33737.9), 0.0051769 s/step
on time step 338152 (time=33815.2), 0.00517732 s/step
on time step 338925 (time=33892.5), 0.00518018 s/step
on time step 339698 (time=33969.8), 0.0051798 s/step
field decay(t = 34001.6): 1.0282178554638431e-18 / 0.36766960227561746 = 2.7965810855721942e-18
on time step 340469 (time=34046.9), 0.00519089 s/step
on time step 341234 (time=34123.4), 0.005234 s/step
on time step 342006 (time=34200.6), 0.00518384 s/step
on time step 342779 (time=34277.9), 0.00517699 s/step
on time step 343552 (time=34355.2), 0.00517888 s/step
on time step 344325 (time=34432.5), 0.00518027 s/step
on time step 345098 (time=34509.8), 0.00517882 s/step
on time step 345868 (time=34586.8), 0.00520089 s/step
on time step 346637 (time=34663.7), 0.00520818 s/step
on time step 347409 (time=34740.9), 0.00518631 s/step
on time step 348182 (time=34818.2), 0.00517666 s/step
on time step 348955 (time=34895.5), 0.00517867 s/step
on time step 349729 (time=34972.9), 0.00517235 s/step
on time step 350502 (time=35050.2), 0.00517951 s/step
on time step 351275 (time=35127.5), 0.00518035 s/step
on time step 352046 (time=35204.6), 0.00518919 s/step
on time step 352809 (time=35280.9), 0.00524505 s/step
on time step 353582 (time=35358.2), 0.00518085 s/step
on time step 354354 (time=35435.4), 0.00518293 s/step
on time step 355126 (time=35512.6), 0.00518693 s/step
on time step 355894 (time=35589.4), 0.00521013 s/step
on time step 356667 (time=35666.7), 0.00518022 s/step
on time step 357437 (time=35743.7), 0.00519947 s/step
on time step 358205 (time=35820.5), 0.00521139 s/step
on time step 358977 (time=35897.7), 0.00518334 s/step
on time step 359751 (time=35975.1), 0.00517358 s/step
field decay(t = 36001.700000000004): 6.532169811582151e-19 / 0.36766960227561746 = 1.7766412483252877e-18
on time step 360524 (time=36052.4), 0.00517868 s/step
on time step 361297 (time=36129.7), 0.00517616 s/step
on time step 362070 (time=36207), 0.00517955 s/step
on time step 362843 (time=36284.3), 0.00517871 s/step
on time step 363613 (time=36361.3), 0.0051962 s/step
on time step 364376 (time=36437.6), 0.00524275 s/step
on time step 365150 (time=36515), 0.00517407 s/step
on time step 365924 (time=36592.4), 0.00517305 s/step
on time step 366696 (time=36669.6), 0.00518271 s/step
on time step 367469 (time=36746.9), 0.0051782 s/step
on time step 368242 (time=36824.2), 0.0051752 s/step
on time step 369011 (time=36901.1), 0.00520307 s/step
on time step 369780 (time=36978), 0.0052076 s/step
on time step 370552 (time=37055.2), 0.00518538 s/step
on time step 371325 (time=37132.5), 0.00517566 s/step
on time step 372098 (time=37209.8), 0.0051811 s/step
on time step 372871 (time=37287.1), 0.00517847 s/step
on time step 373644 (time=37364.4), 0.00518002 s/step
on time step 374416 (time=37441.6), 0.00518229 s/step
on time step 375188 (time=37518.8), 0.00518755 s/step
on time step 375951 (time=37595.1), 0.00524449 s/step
on time step 376724 (time=37672.4), 0.00517534 s/step
on time step 377497 (time=37749.7), 0.00517849 s/step
on time step 378270 (time=37827), 0.00517782 s/step
on time step 379043 (time=37904.3), 0.00517614 s/step
on time step 379816 (time=37981.6), 0.00517488 s/step
field decay(t = 38001.8): 3.657593607610081e-19 / 0.36766960227561746 = 9.948044616612678e-19
run 0 finished at t = 38001.8 (380018 timesteps)

Elapsed run time = 3023.6079 s
