Using MPI version 3.1, 32 processes
WD: data/2021-11-18/LargerDeviceWPDMS/
AlreadyDir
-----------
Initializing structure...
Splitting into 32 chunks by voxels
time for choose_chunkdivision = 0.00462477 s
Working in 2D dimensions.
Computational cell is 1710 x 100 x 0 with resolution 5
     block, center = (0,0,0)
          size (1e+20,1e+20,1e+20)
          axes (1,0,0), (0,1,0), (0,0,1)
          dielectric constant epsilon diagonal = (1.9881,1.9881,1.9881)
     block, center = (0,-26.25,0)
          size (1e+20,62.5,1e+20)
          axes (1,0,0), (0,1,0), (0,0,1)
          dielectric constant epsilon diagonal = (2.0736,2.0736,2.0736)
     block, center = (0,0,0)
          size (1e+20,8.2,1e+20)
          axes (1,0,0), (0,1,0), (0,0,1)
          dielectric constant epsilon diagonal = (2.08803,2.08803,2.08803)
time for set_epsilon = 0.562888 s
-----------
MPB solved for frequency_1(0.4,0,0) = 0.277852 after 53 iters
MPB solved for frequency_1(0.93122,0,0) = 0.645165 after 34 iters
MPB solved for frequency_1(0.931214,0,0) = 0.645161 after 6 iters
MPB solved for frequency_1(0.931214,0,0) = 0.645161 after 1 iters
Meep: using output directory 'data/2021-11-18/LargerDeviceWPDMS/'
Vector3<851.5, 0.0, 0.0>
on time step 219 (time=21.9), 0.0183056 s/step
on time step 579 (time=57.9), 0.0111407 s/step
on time step 938 (time=93.8), 0.0111423 s/step
on time step 1300 (time=130), 0.0110588 s/step
on time step 1655 (time=165.5), 0.0112752 s/step
on time step 2011 (time=201.1), 0.0112465 s/step
on time step 2363 (time=236.3), 0.0113873 s/step
on time step 2716 (time=271.6), 0.0113515 s/step
on time step 3066 (time=306.6), 0.0114589 s/step
on time step 3415 (time=341.5), 0.0114721 s/step
on time step 3764 (time=376.4), 0.0114747 s/step
on time step 4110 (time=411), 0.011577 s/step
on time step 4455 (time=445.5), 0.0116113 s/step
on time step 4795 (time=479.5), 0.0117915 s/step
on time step 5139 (time=513.9), 0.0116414 s/step
on time step 5480 (time=548), 0.0117524 s/step
on time step 5820 (time=582), 0.0117762 s/step
on time step 6157 (time=615.7), 0.0118871 s/step
on time step 6495 (time=649.5), 0.011848 s/step
on time step 6830 (time=683), 0.0119632 s/step
on time step 7161 (time=716.1), 0.0121049 s/step
on time step 7497 (time=749.7), 0.0119151 s/step
on time step 7830 (time=783), 0.0120131 s/step
on time step 8170 (time=817), 0.0117852 s/step
on time step 8500 (time=850), 0.0121528 s/step
on time step 8841 (time=884.1), 0.0117564 s/step
on time step 9167 (time=916.7), 0.0123007 s/step
on time step 9508 (time=950.8), 0.0117391 s/step
on time step 9830 (time=983), 0.0124546 s/step
on time step 10170 (time=1017), 0.0117897 s/step
on time step 10494 (time=1049.4), 0.0123619 s/step
on time step 10832 (time=1083.2), 0.01185 s/step
on time step 11153 (time=1115.3), 0.0124631 s/step
on time step 11489 (time=1148.9), 0.0119253 s/step
on time step 11809 (time=1180.9), 0.0125382 s/step
on time step 12142 (time=1214.2), 0.012021 s/step
on time step 12463 (time=1246.3), 0.0124874 s/step
on time step 12790 (time=1279), 0.0122548 s/step
on time step 13115 (time=1311.5), 0.0123308 s/step
on time step 13432 (time=1343.2), 0.0126411 s/step
on time step 13766 (time=1376.6), 0.0119995 s/step
on time step 14083 (time=1408.3), 0.0126422 s/step
on time step 14416 (time=1441.6), 0.0120456 s/step
on time step 14729 (time=1472.9), 0.0128201 s/step
on time step 15060 (time=1506), 0.0121098 s/step
on time step 15375 (time=1537.5), 0.0127094 s/step
on time step 15704 (time=1570.4), 0.012179 s/step
on time step 16047 (time=1604.7), 0.0116709 s/step
on time step 16401 (time=1640.1), 0.0113186 s/step
on time step 16753 (time=1675.3), 0.0113687 s/step
on time step 17103 (time=1710.3), 0.0114548 s/step
on time step 17455 (time=1745.5), 0.0113904 s/step
on time step 17804 (time=1780.4), 0.0114809 s/step
on time step 18154 (time=1815.4), 0.0114367 s/step
on time step 18499 (time=1849.9), 0.0116097 s/step
on time step 18851 (time=1885.1), 0.0113774 s/step
on time step 19195 (time=1919.5), 0.0116493 s/step
on time step 19547 (time=1954.7), 0.0113786 s/step
on time step 19882 (time=1988.2), 0.0119639 s/step
run 0 finished at t = 2000.1000000000001 (20001 timesteps)
WD: data/2021-11-18/GapSweep_GAP: 150/
AlreadyDir
-----------
Initializing structure...
Splitting into 32 chunks by voxels
time for choose_chunkdivision = 0.00467381 s
Working in 2D dimensions.
Computational cell is 1710 x 100 x 0 with resolution 5
     block, center = (0,0,0)
          size (1e+20,1e+20,1e+20)
          axes (1,0,0), (0,1,0), (0,0,1)
          dielectric constant epsilon diagonal = (1.9881,1.9881,1.9881)
     block, center = (0,-26.25,0)
          size (1e+20,62.5,1e+20)
          axes (1,0,0), (0,1,0), (0,0,1)
          dielectric constant epsilon diagonal = (2.0736,2.0736,2.0736)
     block, center = (0,0,0)
          size (1e+20,8.2,1e+20)
          axes (1,0,0), (0,1,0), (0,0,1)
          dielectric constant epsilon diagonal = (2.08803,2.08803,2.08803)
     block, center = (-75,-10.9,0)
          size (100,40,1e+20)
          axes (1,0,0), (0,1,0), (0,0,1)
          dielectric constant epsilon diagonal = (1.9881,1.9881,1.9881)
     block, center = (75,-10.9,0)
          size (100,40,1e+20)
          axes (1,0,0), (0,1,0), (0,0,1)
          dielectric constant epsilon diagonal = (1.9881,1.9881,1.9881)
time for set_epsilon = 0.60407 s
-----------
MPB solved for frequency_1(0.4,0,0) = 0.277852 after 53 iters
MPB solved for frequency_1(0.93122,0,0) = 0.645165 after 34 iters
MPB solved for frequency_1(0.931214,0,0) = 0.645161 after 6 iters
MPB solved for frequency_1(0.931214,0,0) = 0.645161 after 1 iters
Meep: using output directory 'data/2021-11-18/GapSweep_GAP: 150/'
Actual Simtime: 3.3333333333333334e-09
creating output file "data/2021-11-18/GapSweep_GAP: 150//RunBulkExperiment-eps-000000.00.h5"...
on time step 234 (time=23.4), 0.0171092 s/step
on time step 596 (time=59.6), 0.0110717 s/step
on time step 960 (time=96), 0.0110165 s/step
on time step 1322 (time=132.2), 0.0110708 s/step
on time step 1677 (time=167.7), 0.011277 s/step
on time step 2035 (time=203.5), 0.0111948 s/step
on time step 2385 (time=238.5), 0.0114312 s/step
on time step 2740 (time=274), 0.0112886 s/step
on time step 3090 (time=309), 0.0114318 s/step
on time step 3439 (time=343.9), 0.0114689 s/step
on time step 3789 (time=378.9), 0.0114576 s/step
on time step 4133 (time=413.3), 0.0116511 s/step
on time step 4480 (time=448), 0.0115554 s/step
on time step 4819 (time=481.9), 0.0118291 s/step
on time step 5165 (time=516.5), 0.0115646 s/step
on time step 5505 (time=550.5), 0.011773 s/step
on time step 5849 (time=584.9), 0.011628 s/step
on time step 6185 (time=618.5), 0.0119368 s/step
on time step 6525 (time=652.5), 0.0117786 s/step
on time step 6856 (time=685.6), 0.01209 s/step
on time step 7190 (time=719), 0.0120082 s/step
on time step 7526 (time=752.6), 0.0119086 s/step
on time step 7863 (time=786.3), 0.0118817 s/step
on time step 8200 (time=820), 0.0118784 s/step
on time step 8533 (time=853.3), 0.012033 s/step
on time step 8871 (time=887.1), 0.011858 s/step
on time step 9199 (time=919.9), 0.0122034 s/step
on time step 9536 (time=953.6), 0.0118714 s/step
on time step 9856 (time=985.6), 0.0125109 s/step
on time step 10194 (time=1019.4), 0.0118621 s/step
on time step 10516 (time=1051.6), 0.0124386 s/step
on time step 10851 (time=1085.1), 0.0119718 s/step
on time step 11172 (time=1117.2), 0.0124782 s/step
on time step 11504 (time=1150.4), 0.0120487 s/step
on time step 11824 (time=1182.4), 0.0125279 s/step
on time step 12154 (time=1215.4), 0.0121407 s/step
on time step 12473 (time=1247.3), 0.0125613 s/step
on time step 12800 (time=1280), 0.0122538 s/step
on time step 13120 (time=1312), 0.0125335 s/step
on time step 13437 (time=1343.7), 0.0126374 s/step
on time step 13765 (time=1376.5), 0.0122107 s/step
on time step 14081 (time=1408.1), 0.0126952 s/step
on time step 14411 (time=1441.1), 0.0121346 s/step
on time step 14724 (time=1472.4), 0.0127992 s/step
on time step 15053 (time=1505.3), 0.0121756 s/step
on time step 15368 (time=1536.8), 0.0127304 s/step
on time step 15699 (time=1569.9), 0.0121006 s/step
on time step 16050 (time=1605), 0.0114245 s/step
on time step 16400 (time=1640), 0.0114312 s/step
on time step 16751 (time=1675.1), 0.0114231 s/step
on time step 17101 (time=1710.1), 0.0114377 s/step
on time step 17452 (time=1745.2), 0.0114218 s/step
on time step 17800 (time=1780), 0.011522 s/step
on time step 18151 (time=1815.1), 0.0114244 s/step
on time step 18496 (time=1849.6), 0.0116264 s/step
on time step 18848 (time=1884.8), 0.0113791 s/step
on time step 19191 (time=1919.1), 0.0116843 s/step
on time step 19543 (time=1954.3), 0.0113842 s/step
on time step 19877 (time=1987.7), 0.0119836 s/step
field decay(t = 2000.1000000000001): 0.20674322673715378 / 0.20674322673715378 = 1.0
on time step 20231 (time=2023.1), 0.0113089 s/step
on time step 20567 (time=2056.7), 0.0119369 s/step
on time step 20919 (time=2091.9), 0.0113957 s/step
on time step 21233 (time=2123.3), 0.0127756 s/step
on time step 21338 (time=2133.8), 0.0381105 s/step
on time step 21678 (time=2167.8), 0.011781 s/step
on time step 22040 (time=2204), 0.0110652 s/step
on time step 22403 (time=2240.3), 0.0110232 s/step
on time step 22765 (time=2276.5), 0.0110782 s/step
on time step 23128 (time=2312.8), 0.0110463 s/step
on time step 23491 (time=2349.1), 0.0110458 s/step
on time step 23854 (time=2385.4), 0.01104 s/step
on time step 24216 (time=2421.6), 0.0110746 s/step
on time step 24578 (time=2457.8), 0.0110669 s/step
on time step 24939 (time=2493.9), 0.0110888 s/step
on time step 25301 (time=2530.1), 0.0110712 s/step
on time step 25663 (time=2566.3), 0.0110581 s/step
on time step 26025 (time=2602.5), 0.0110573 s/step
on time step 26387 (time=2638.7), 0.0110504 s/step
on time step 26749 (time=2674.9), 0.0110755 s/step
on time step 27112 (time=2711.2), 0.0110228 s/step
on time step 27474 (time=2747.4), 0.0110547 s/step
on time step 27836 (time=2783.6), 0.0110675 s/step
on time step 28198 (time=2819.8), 0.0110768 s/step
on time step 28559 (time=2855.9), 0.0110951 s/step
on time step 28922 (time=2892.2), 0.0110414 s/step
on time step 29285 (time=2928.5), 0.0110418 s/step
on time step 29647 (time=2964.7), 0.0110534 s/step
on time step 30009 (time=3000.9), 0.0110502 s/step
on time step 30371 (time=3037.1), 0.0110749 s/step
on time step 30733 (time=3073.3), 0.0110573 s/step
on time step 31095 (time=3109.5), 0.0110698 s/step
on time step 31458 (time=3145.8), 0.0110485 s/step
on time step 31821 (time=3182.1), 0.0110492 s/step
on time step 32183 (time=3218.3), 0.0110557 s/step
on time step 32546 (time=3254.6), 0.0110444 s/step
on time step 32908 (time=3290.8), 0.0110692 s/step
on time step 33271 (time=3327.1), 0.0110464 s/step
on time step 33634 (time=3363.4), 0.0110359 s/step
on time step 33996 (time=3399.6), 0.0110579 s/step
on time step 34358 (time=3435.8), 0.0110684 s/step
on time step 34720 (time=3472), 0.0110775 s/step
on time step 35082 (time=3508.2), 0.0110795 s/step
on time step 35444 (time=3544.4), 0.0110663 s/step
on time step 35806 (time=3580.6), 0.0110637 s/step
on time step 36168 (time=3616.8), 0.0110601 s/step
on time step 36530 (time=3653), 0.0110767 s/step
on time step 36892 (time=3689.2), 0.0110539 s/step
on time step 37254 (time=3725.4), 0.0110536 s/step
on time step 37616 (time=3761.6), 0.0110665 s/step
on time step 37978 (time=3797.8), 0.0110687 s/step
on time step 38340 (time=3834), 0.0110598 s/step
on time step 38703 (time=3870.3), 0.0110419 s/step
on time step 39065 (time=3906.5), 0.011075 s/step
on time step 39427 (time=3942.7), 0.0110603 s/step
on time step 39790 (time=3979), 0.0110471 s/step
field decay(t = 4000.1000000000004): 0.03457525143317137 / 0.20674322673715378 = 0.1672376501946018
on time step 40153 (time=4015.3), 0.0110469 s/step
on time step 40515 (time=4051.5), 0.011055 s/step
on time step 40877 (time=4087.7), 0.0110523 s/step
on time step 41240 (time=4124), 0.0110291 s/step
on time step 41602 (time=4160.2), 0.0110685 s/step
on time step 41965 (time=4196.5), 0.0110479 s/step
on time step 42327 (time=4232.7), 0.0110534 s/step
on time step 42690 (time=4269), 0.0110466 s/step
on time step 43053 (time=4305.3), 0.0110276 s/step
on time step 43416 (time=4341.6), 0.0110366 s/step
on time step 43780 (time=4378), 0.0110162 s/step
on time step 44143 (time=4414.3), 0.0110484 s/step
on time step 44507 (time=4450.7), 0.0110008 s/step
on time step 44870 (time=4487), 0.0110334 s/step
on time step 45233 (time=4523.3), 0.0110256 s/step
on time step 45596 (time=4559.6), 0.0110352 s/step
on time step 45959 (time=4595.9), 0.0110255 s/step
on time step 46322 (time=4632.2), 0.0110413 s/step
on time step 46686 (time=4668.6), 0.0110112 s/step
on time step 47049 (time=4704.9), 0.0110444 s/step
on time step 47412 (time=4741.2), 0.0110403 s/step
on time step 47775 (time=4777.5), 0.0110428 s/step
on time step 48138 (time=4813.8), 0.0110324 s/step
on time step 48501 (time=4850.1), 0.0110301 s/step
on time step 48865 (time=4886.5), 0.0110134 s/step
on time step 49229 (time=4922.9), 0.0110117 s/step
on time step 49593 (time=4959.3), 0.0110148 s/step
on time step 49956 (time=4995.6), 0.0110302 s/step
on time step 50319 (time=5031.9), 0.0110259 s/step
on time step 50682 (time=5068.2), 0.0110323 s/step
on time step 51045 (time=5104.5), 0.0110275 s/step
on time step 51409 (time=5140.9), 0.0110139 s/step
on time step 51772 (time=5177.2), 0.0110343 s/step
on time step 52135 (time=5213.5), 0.0110208 s/step
on time step 52499 (time=5249.9), 0.01101 s/step
on time step 52861 (time=5286.1), 0.0110625 s/step
on time step 53223 (time=5322.3), 0.0110498 s/step
on time step 53586 (time=5358.6), 0.0110263 s/step
on time step 53949 (time=5394.9), 0.0110433 s/step
on time step 54313 (time=5431.3), 0.0110005 s/step
on time step 54677 (time=5467.7), 0.0110157 s/step
on time step 55040 (time=5504), 0.0110291 s/step
on time step 55402 (time=5540.2), 0.0110616 s/step
on time step 55765 (time=5576.5), 0.0110335 s/step
on time step 56129 (time=5612.9), 0.0110178 s/step
on time step 56492 (time=5649.2), 0.0110234 s/step
on time step 56856 (time=5685.6), 0.0110134 s/step
on time step 57218 (time=5721.8), 0.0110508 s/step
on time step 57582 (time=5758.2), 0.0110045 s/step
on time step 57944 (time=5794.4), 0.0110528 s/step
on time step 58307 (time=5830.7), 0.0110387 s/step
on time step 58671 (time=5867.1), 0.0110079 s/step
on time step 59033 (time=5903.3), 0.0110679 s/step
on time step 59396 (time=5939.6), 0.011022 s/step
on time step 59759 (time=5975.9), 0.0110364 s/step
Traceback (most recent call last):
  File "/share/nobackup/b5025250/MEEP_Models/SidePolishedFabryPerot/TransmissionAndReflectanceModel/RunBulkExperiment.py", line 58, in <module>
Traceback (most recent call last):
  File "/share/nobackup/b5025250/MEEP_Models/SidePolishedFabryPerot/TransmissionAndReflectanceModel/RunBulkExperiment.py", line 58, in <module>
Traceback (most recent call last):
  File "/share/nobackup/b5025250/MEEP_Models/SidePolishedFabryPerot/TransmissionAndReflectanceModel/RunBulkExperiment.py", line 58, in <module>
    Model.AutoRun()
  File "/share/nobackup/b5025250/MEEP_Models/SidePolishedFabryPerot/TransmissionAndReflectanceModel/Model.py", line 306, in AutoRun
Traceback (most recent call last):
  File "/share/nobackup/b5025250/MEEP_Models/SidePolishedFabryPerot/TransmissionAndReflectanceModel/RunBulkExperiment.py", line 58, in <module>
    Model.AutoRun()
  File "/share/nobackup/b5025250/MEEP_Models/SidePolishedFabryPerot/TransmissionAndReflectanceModel/Model.py", line 306, in AutoRun
Traceback (most recent call last):
  File "/share/nobackup/b5025250/MEEP_Models/SidePolishedFabryPerot/TransmissionAndReflectanceModel/RunBulkExperiment.py", line 58, in <module>
    Model.AutoRun()
  File "/share/nobackup/b5025250/MEEP_Models/SidePolishedFabryPerot/TransmissionAndReflectanceModel/Model.py", line 306, in AutoRun
    Rs = np.append(Rs,-refl_flux[i]/self.norm_tran[i])
Traceback (most recent call last):
  File "/share/nobackup/b5025250/MEEP_Models/SidePolishedFabryPerot/TransmissionAndReflectanceModel/RunBulkExperiment.py", line 58, in <module>
ZeroDivisionError: float division by zero
    Rs = np.append(Rs,-refl_flux[i]/self.norm_tran[i])
    Model.AutoRun()
  File "/share/nobackup/b5025250/MEEP_Models/SidePolishedFabryPerot/TransmissionAndReflectanceModel/Model.py", line 306, in AutoRun
ZeroDivisionError: float division by zero
    Rs = np.append(Rs,-refl_flux[i]/self.norm_tran[i])
ZeroDivisionError: float division by zero
Traceback (most recent call last):
  File "/share/nobackup/b5025250/MEEP_Models/SidePolishedFabryPerot/TransmissionAndReflectanceModel/RunBulkExperiment.py", line 58, in <module>
    Model.AutoRun()
  File "/share/nobackup/b5025250/MEEP_Models/SidePolishedFabryPerot/TransmissionAndReflectanceModel/Model.py", line 306, in AutoRun
    Rs = np.append(Rs,-refl_flux[i]/self.norm_tran[i])
ZeroDivisionError: float division by zero
    Model.AutoRun()
  File "/share/nobackup/b5025250/MEEP_Models/SidePolishedFabryPerot/TransmissionAndReflectanceModel/Model.py", line 306, in AutoRun
    Rs = np.append(Rs,-refl_flux[i]/self.norm_tran[i])
ZeroDivisionError: float division by zero
    Rs = np.append(Rs,-refl_flux[i]/self.norm_tran[i])
ZeroDivisionError: float division by zero
Traceback (most recent call last):
  File "/share/nobackup/b5025250/MEEP_Models/SidePolishedFabryPerot/TransmissionAndReflectanceModel/RunBulkExperiment.py", line 58, in <module>
    Model.AutoRun()
  File "/share/nobackup/b5025250/MEEP_Models/SidePolishedFabryPerot/TransmissionAndReflectanceModel/Model.py", line 306, in AutoRun
    Rs = np.append(Rs,-refl_flux[i]/self.norm_tran[i])
ZeroDivisionError: float division by zero
field decay(t = 6000.200000000001): 9.086878242068733e-10 / 0.20674322673715378 = 4.395248340407049e-09
run 0 finished at t = 6000.200000000001 (60002 timesteps)
Traceback (most recent call last):
  File "/share/nobackup/b5025250/MEEP_Models/SidePolishedFabryPerot/TransmissionAndReflectanceModel/RunBulkExperiment.py", line 58, in <module>
    Model.AutoRun()
  File "/share/nobackup/b5025250/MEEP_Models/SidePolishedFabryPerot/TransmissionAndReflectanceModel/Model.py", line 306, in AutoRun
    Rs = np.append(Rs,-refl_flux[i]/self.norm_tran[i])
ZeroDivisionError: float division by zero
Traceback (most recent call last):
  File "/share/nobackup/b5025250/MEEP_Models/SidePolishedFabryPerot/TransmissionAndReflectanceModel/RunBulkExperiment.py", line 58, in <module>
    Model.AutoRun()
  File "/share/nobackup/b5025250/MEEP_Models/SidePolishedFabryPerot/TransmissionAndReflectanceModel/Model.py", line 306, in AutoRun
    Rs = np.append(Rs,-refl_flux[i]/self.norm_tran[i])
ZeroDivisionError: float division by zero
    Model.AutoRun()
Traceback (most recent call last):
  File "/share/nobackup/b5025250/MEEP_Models/SidePolishedFabryPerot/TransmissionAndReflectanceModel/RunBulkExperiment.py", line 58, in <module>
  File "/share/nobackup/b5025250/MEEP_Models/SidePolishedFabryPerot/TransmissionAndReflectanceModel/Model.py", line 306, in AutoRun
    Rs = np.append(Rs,-refl_flux[i]/self.norm_tran[i])
ZeroDivisionError: float division by zero
Traceback (most recent call last):
  File "/share/nobackup/b5025250/MEEP_Models/SidePolishedFabryPerot/TransmissionAndReflectanceModel/RunBulkExperiment.py", line 58, in <module>
    Model.AutoRun()
  File "/share/nobackup/b5025250/MEEP_Models/SidePolishedFabryPerot/TransmissionAndReflectanceModel/Model.py", line 306, in AutoRun
    Rs = np.append(Rs,-refl_flux[i]/self.norm_tran[i])
ZeroDivisionError: float division by zero
Traceback (most recent call last):
  File "/share/nobackup/b5025250/MEEP_Models/SidePolishedFabryPerot/TransmissionAndReflectanceModel/RunBulkExperiment.py", line 58, in <module>
    Model.AutoRun()
  File "/share/nobackup/b5025250/MEEP_Models/SidePolishedFabryPerot/TransmissionAndReflectanceModel/Model.py", line 306, in AutoRun
    Rs = np.append(Rs,-refl_flux[i]/self.norm_tran[i])
ZeroDivisionError: float division by zero
Traceback (most recent call last):
  File "/share/nobackup/b5025250/MEEP_Models/SidePolishedFabryPerot/TransmissionAndReflectanceModel/RunBulkExperiment.py", line 58, in <module>
    Model.AutoRun()
  File "/share/nobackup/b5025250/MEEP_Models/SidePolishedFabryPerot/TransmissionAndReflectanceModel/Model.py", line 306, in AutoRun

Elapsed run time = 926.9143 s
    Model.AutoRun()
  File "/share/nobackup/b5025250/MEEP_Models/SidePolishedFabryPerot/TransmissionAndReflectanceModel/Model.py", line 306, in AutoRun
    Rs = np.append(Rs,-refl_flux[i]/self.norm_tran[i])
ZeroDivisionError: float division by zero
Traceback (most recent call last):
  File "/share/nobackup/b5025250/MEEP_Models/SidePolishedFabryPerot/TransmissionAndReflectanceModel/RunBulkExperiment.py", line 58, in <module>
    Model.AutoRun()
  File "/share/nobackup/b5025250/MEEP_Models/SidePolishedFabryPerot/TransmissionAndReflectanceModel/Model.py", line 306, in AutoRun
    Rs = np.append(Rs,-refl_flux[i]/self.norm_tran[i])
ZeroDivisionError: float division by zero
Traceback (most recent call last):
  File "/share/nobackup/b5025250/MEEP_Models/SidePolishedFabryPerot/TransmissionAndReflectanceModel/RunBulkExperiment.py", line 58, in <module>
    Model.AutoRun()
  File "/share/nobackup/b5025250/MEEP_Models/SidePolishedFabryPerot/TransmissionAndReflectanceModel/Model.py", line 306, in AutoRun
    Rs = np.append(Rs,-refl_flux[i]/self.norm_tran[i])
ZeroDivisionError: float division by zero
Traceback (most recent call last):
  File "/share/nobackup/b5025250/MEEP_Models/SidePolishedFabryPerot/TransmissionAndReflectanceModel/RunBulkExperiment.py", line 58, in <module>
    Rs = np.append(Rs,-refl_flux[i]/self.norm_tran[i])
ZeroDivisionError: float division by zero
Traceback (most recent call last):
  File "/share/nobackup/b5025250/MEEP_Models/SidePolishedFabryPerot/TransmissionAndReflectanceModel/RunBulkExperiment.py", line 58, in <module>
    Model.AutoRun()
  File "/share/nobackup/b5025250/MEEP_Models/SidePolishedFabryPerot/TransmissionAndReflectanceModel/Model.py", line 306, in AutoRun
    Rs = np.append(Rs,-refl_flux[i]/self.norm_tran[i])
ZeroDivisionError: float division by zero
Traceback (most recent call last):
  File "/share/nobackup/b5025250/MEEP_Models/SidePolishedFabryPerot/TransmissionAndReflectanceModel/RunBulkExperiment.py", line 58, in <module>
    Model.AutoRun()
  File "/share/nobackup/b5025250/MEEP_Models/SidePolishedFabryPerot/TransmissionAndReflectanceModel/Model.py", line 306, in AutoRun
    Rs = np.append(Rs,-refl_flux[i]/self.norm_tran[i])
ZeroDivisionError: float division by zero
Traceback (most recent call last):
  File "/share/nobackup/b5025250/MEEP_Models/SidePolishedFabryPerot/TransmissionAndReflectanceModel/RunBulkExperiment.py", line 58, in <module>
    Model.AutoRun()
  File "/share/nobackup/b5025250/MEEP_Models/SidePolishedFabryPerot/TransmissionAndReflectanceModel/Model.py", line 306, in AutoRun
    Model.AutoRun()
  File "/share/nobackup/b5025250/MEEP_Models/SidePolishedFabryPerot/TransmissionAndReflectanceModel/Model.py", line 306, in AutoRun
    Rs = np.append(Rs,-refl_flux[i]/self.norm_tran[i])
ZeroDivisionError: float division by zero
Traceback (most recent call last):
Traceback (most recent call last):
  File "/share/nobackup/b5025250/MEEP_Models/SidePolishedFabryPerot/TransmissionAndReflectanceModel/RunBulkExperiment.py", line 58, in <module>
Traceback (most recent call last):
  File "/share/nobackup/b5025250/MEEP_Models/SidePolishedFabryPerot/TransmissionAndReflectanceModel/RunBulkExperiment.py", line 58, in <module>
Traceback (most recent call last):
Traceback (most recent call last):
  File "/share/nobackup/b5025250/MEEP_Models/SidePolishedFabryPerot/TransmissionAndReflectanceModel/RunBulkExperiment.py", line 58, in <module>
  File "/share/nobackup/b5025250/MEEP_Models/SidePolishedFabryPerot/TransmissionAndReflectanceModel/RunBulkExperiment.py", line 58, in <module>
Traceback (most recent call last):
  File "/share/nobackup/b5025250/MEEP_Models/SidePolishedFabryPerot/TransmissionAndReflectanceModel/RunBulkExperiment.py", line 58, in <module>
Traceback (most recent call last):
  File "/share/nobackup/b5025250/MEEP_Models/SidePolishedFabryPerot/TransmissionAndReflectanceModel/RunBulkExperiment.py", line 58, in <module>
Traceback (most recent call last):
  File "/share/nobackup/b5025250/MEEP_Models/SidePolishedFabryPerot/TransmissionAndReflectanceModel/RunBulkExperiment.py", line 58, in <module>
Traceback (most recent call last):
  File "/share/nobackup/b5025250/MEEP_Models/SidePolishedFabryPerot/TransmissionAndReflectanceModel/RunBulkExperiment.py", line 58, in <module>
Traceback (most recent call last):
  File "/share/nobackup/b5025250/MEEP_Models/SidePolishedFabryPerot/TransmissionAndReflectanceModel/RunBulkExperiment.py", line 58, in <module>
  File "/share/nobackup/b5025250/MEEP_Models/SidePolishedFabryPerot/TransmissionAndReflectanceModel/RunBulkExperiment.py", line 58, in <module>
Traceback (most recent call last):
  File "/share/nobackup/b5025250/MEEP_Models/SidePolishedFabryPerot/TransmissionAndReflectanceModel/RunBulkExperiment.py", line 58, in <module>
    Model.AutoRun()
  File "/share/nobackup/b5025250/MEEP_Models/SidePolishedFabryPerot/TransmissionAndReflectanceModel/Model.py", line 306, in AutoRun
    Model.AutoRun()
  File "/share/nobackup/b5025250/MEEP_Models/SidePolishedFabryPerot/TransmissionAndReflectanceModel/Model.py", line 306, in AutoRun
    Model.AutoRun()
  File "/share/nobackup/b5025250/MEEP_Models/SidePolishedFabryPerot/TransmissionAndReflectanceModel/Model.py", line 306, in AutoRun
    Model.AutoRun()
  File "/share/nobackup/b5025250/MEEP_Models/SidePolishedFabryPerot/TransmissionAndReflectanceModel/Model.py", line 306, in AutoRun
    Model.AutoRun()
  File "/share/nobackup/b5025250/MEEP_Models/SidePolishedFabryPerot/TransmissionAndReflectanceModel/Model.py", line 306, in AutoRun
    Model.AutoRun()
  File "/share/nobackup/b5025250/MEEP_Models/SidePolishedFabryPerot/TransmissionAndReflectanceModel/Model.py", line 306, in AutoRun
    Model.AutoRun()
  File "/share/nobackup/b5025250/MEEP_Models/SidePolishedFabryPerot/TransmissionAndReflectanceModel/Model.py", line 306, in AutoRun
    Model.AutoRun()
  File "/share/nobackup/b5025250/MEEP_Models/SidePolishedFabryPerot/TransmissionAndReflectanceModel/Model.py", line 306, in AutoRun
    Model.AutoRun()
  File "/share/nobackup/b5025250/MEEP_Models/SidePolishedFabryPerot/TransmissionAndReflectanceModel/Model.py", line 306, in AutoRun
    Model.AutoRun()
  File "/share/nobackup/b5025250/MEEP_Models/SidePolishedFabryPerot/TransmissionAndReflectanceModel/Model.py", line 306, in AutoRun
    Model.AutoRun()
  File "/share/nobackup/b5025250/MEEP_Models/SidePolishedFabryPerot/TransmissionAndReflectanceModel/Model.py", line 306, in AutoRun
    Rs = np.append(Rs,-refl_flux[i]/self.norm_tran[i])
ZeroDivisionError: float division by zero
    Rs = np.append(Rs,-refl_flux[i]/self.norm_tran[i])
    Rs = np.append(Rs,-refl_flux[i]/self.norm_tran[i])
ZeroDivisionError: float division by zero
    Rs = np.append(Rs,-refl_flux[i]/self.norm_tran[i])
ZeroDivisionError: float division by zero
    Rs = np.append(Rs,-refl_flux[i]/self.norm_tran[i])
ZeroDivisionError: float division by zero
ZeroDivisionError: float division by zero
    Rs = np.append(Rs,-refl_flux[i]/self.norm_tran[i])
ZeroDivisionError: float division by zero
    Rs = np.append(Rs,-refl_flux[i]/self.norm_tran[i])
ZeroDivisionError: float division by zero
    Rs = np.append(Rs,-refl_flux[i]/self.norm_tran[i])
    Rs = np.append(Rs,-refl_flux[i]/self.norm_tran[i])
ZeroDivisionError: float division by zero
    Rs = np.append(Rs,-refl_flux[i]/self.norm_tran[i])
ZeroDivisionError: float division by zero
ZeroDivisionError: float division by zero
    Rs = np.append(Rs,-refl_flux[i]/self.norm_tran[i])
ZeroDivisionError: float division by zero
    Rs = np.append(Rs,-refl_flux[i]/self.norm_tran[i])
ZeroDivisionError: float division by zero
Traceback (most recent call last):
  File "/share/nobackup/b5025250/MEEP_Models/SidePolishedFabryPerot/TransmissionAndReflectanceModel/RunBulkExperiment.py", line 58, in <module>
    Model.AutoRun()
  File "/share/nobackup/b5025250/MEEP_Models/SidePolishedFabryPerot/TransmissionAndReflectanceModel/Model.py", line 306, in AutoRun
    Rs = np.append(Rs,-refl_flux[i]/self.norm_tran[i])
ZeroDivisionError: float division by zero
srun: error: topsy-cn-1-13: tasks 24-31: Exited with exit code 1
srun: error: topsy-cn-1-12: tasks 0-23: Exited with exit code 1
