Using MPI version 3.1, 8 processes
WD: data/2021-11-03/CPUScalling/
AlreadyDir
Actual Simtime: 3.3333333333333335e-11
-----------
Initializing structure...
Splitting into 8 chunks by voxels
time for choose_chunkdivision = 0.00163323 s
Working in 2D dimensions.
Computational cell is 400 x 50 x 0 with resolution 5
     block, center = (0,0,0)
          size (1e+20,1e+20,1e+20)
          axes (1,0,0), (0,1,0), (0,0,1)
          dielectric constant epsilon diagonal = (1.9881,1.9881,1.9881)
     block, center = (0,-30.25,0)
          size (1e+20,62.5,1e+20)
          axes (1,0,0), (0,1,0), (0,0,1)
          dielectric constant epsilon diagonal = (2.0736,2.0736,2.0736)
     block, center = (0,0,0)
          size (1e+20,8.2,1e+20)
          axes (1,0,0), (0,1,0), (0,0,1)
          dielectric constant epsilon diagonal = (2.08803,2.08803,2.08803)
     prism, center = (-50,0,0)
          height 1, axis (0,0,1), sidewall angle: 0 radians, 4 vertices:
          (-81.75,20,-0.5)
          (-18.25,20,-0.5)
          (-49.5,-20,-0.5)
          (-50.5,-20,-0.5)
          dielectric constant epsilon diagonal = (1.9881,1.9881,1.9881)
     prism, center = (50,0,0)
          height 1, axis (0,0,1), sidewall angle: 0 radians, 4 vertices:
          (18.25,20,-0.5)
          (81.75,20,-0.5)
          (50.5,-20,-0.5)
          (49.5,-20,-0.5)
          dielectric constant epsilon diagonal = (1.9881,1.9881,1.9881)
time for set_epsilon = 1.01056 s
-----------
MPB solved for frequency_1(0.4,0,0) = 0.277758 after 101 iters
MPB solved for frequency_1(0.931075,0,0) = 0.645088 after 44 iters
MPB solved for frequency_1(0.93118,0,0) = 0.645161 after 9 iters
Meep: using output directory 'data/2021-11-03/CPUScalling/'
creating output file "data/2021-11-03/CPUScalling//RunModel-eps-000000.00.h5"...
Meep progress: 80.5/3000.0000000000005 = 2.7% done in 4.0s, 145.2s to go
on time step 813 (time=81.3), 0.00492345 s/step
Meep progress: 164.3/3000.0000000000005 = 5.5% done in 8.0s, 138.2s to go
on time step 1651 (time=165.1), 0.00477446 s/step
Meep progress: 247.8/3000.0000000000005 = 8.3% done in 12.0s, 133.4s to go
on time step 2487 (time=248.7), 0.00478546 s/step
Meep progress: 330.8/3000.0000000000005 = 11.0% done in 16.0s, 129.2s to go
on time step 3314 (time=331.4), 0.00483942 s/step
Meep progress: 409.40000000000003/3000.0000000000005 = 13.6% done in 20.0s, 126.6s to go
on time step 4103 (time=410.3), 0.0050731 s/step
Meep progress: 493.3/3000.0000000000005 = 16.4% done in 24.0s, 122.0s to go
on time step 4942 (time=494.2), 0.00476862 s/step
Meep progress: 577.5/3000.0000000000005 = 19.2% done in 28.0s, 117.5s to go
on time step 5782 (time=578.2), 0.00476292 s/step
Meep progress: 661.2/3000.0000000000005 = 22.0% done in 32.0s, 113.2s to go
on time step 6621 (time=662.1), 0.00476837 s/step
Meep progress: 745.0/3000.0000000000005 = 24.8% done in 36.0s, 109.0s to go
on time step 7459 (time=745.9), 0.00477673 s/step
Meep progress: 829.1/3000.0000000000005 = 27.6% done in 40.0s, 104.8s to go
on time step 8301 (time=830.1), 0.0047547 s/step
Meep progress: 913.4000000000001/3000.0000000000005 = 30.4% done in 44.0s, 100.6s to go
on time step 9144 (time=914.4), 0.0047479 s/step
Meep progress: 997.3000000000001/3000.0000000000005 = 33.2% done in 48.0s, 96.4s to go
on time step 9983 (time=998.3), 0.00476961 s/step
Meep progress: 1081.3/3000.0000000000005 = 36.0% done in 52.0s, 92.3s to go
on time step 10822 (time=1082.2), 0.00476839 s/step
Meep progress: 1165.9/3000.0000000000005 = 38.9% done in 56.0s, 88.1s to go
on time step 11667 (time=1166.7), 0.0047347 s/step
Meep progress: 1249.6000000000001/3000.0000000000005 = 41.7% done in 60.0s, 84.1s to go
on time step 12506 (time=1250.6), 0.00477275 s/step
Meep progress: 1333.9/3000.0000000000005 = 44.5% done in 64.0s, 80.0s to go
on time step 13349 (time=1334.9), 0.00474604 s/step
Meep progress: 1426.7/3000.0000000000005 = 47.6% done in 68.0s, 75.0s to go
on time step 14282 (time=1428.2), 0.00428829 s/step
Meep progress: 1532.6000000000001/3000.0000000000005 = 51.1% done in 72.0s, 69.0s to go
on time step 15337 (time=1533.7), 0.00379207 s/step
Meep progress: 1637.8000000000002/3000.0000000000005 = 54.6% done in 76.0s, 63.2s to go
on time step 16388 (time=1638.8), 0.00380907 s/step
Meep progress: 1743.5/3000.0000000000005 = 58.1% done in 80.0s, 57.7s to go
on time step 17443 (time=1744.3), 0.00379261 s/step
Meep progress: 1849.0/3000.0000000000005 = 61.6% done in 84.0s, 52.3s to go
on time step 18505 (time=1850.5), 0.00376818 s/step
Meep progress: 1954.6000000000001/3000.0000000000005 = 65.2% done in 88.0s, 47.1s to go
on time step 19557 (time=1955.7), 0.00380286 s/step
Meep progress: 2060.3/3000.0000000000005 = 68.7% done in 92.0s, 42.0s to go
on time step 20611 (time=2061.1), 0.00379563 s/step
Meep progress: 2165.6/3000.0000000000005 = 72.2% done in 96.0s, 37.0s to go
on time step 21664 (time=2166.4), 0.00379922 s/step
Meep progress: 2270.9/3000.0000000000005 = 75.7% done in 100.1s, 32.1s to go
on time step 22722 (time=2272.2), 0.00378343 s/step
Meep progress: 2376.5/3000.0000000000005 = 79.2% done in 104.1s, 27.3s to go
on time step 23776 (time=2377.6), 0.00379629 s/step
Meep progress: 2481.8/3000.0000000000005 = 82.7% done in 108.1s, 22.6s to go
on time step 24828 (time=2482.8), 0.00380378 s/step
Meep progress: 2587.4/3000.0000000000005 = 86.2% done in 112.1s, 17.9s to go
on time step 25881 (time=2588.1), 0.00380252 s/step
Meep progress: 2693.2000000000003/3000.0000000000005 = 89.8% done in 116.1s, 13.2s to go
on time step 26944 (time=2694.4), 0.00376618 s/step
Meep progress: 2799.0/3000.0000000000005 = 93.3% done in 120.1s, 8.6s to go
on time step 28001 (time=2800.1), 0.00378469 s/step
Meep progress: 2904.3/3000.0000000000005 = 96.8% done in 124.1s, 4.1s to go
on time step 29053 (time=2905.3), 0.00380432 s/step
run 0 finished at t = 3000.1000000000004 (30001 timesteps)

Elapsed run time = 130.4253 s
