Using MPI version 3.1, 32 processes
WD: data/2021-11-08/LargerCavity/
AlreadyDir
-----------
Initializing structure...
Splitting into 32 chunks by voxels
time for choose_chunkdivision = 0.00296106 s
Working in 2D dimensions.
Computational cell is 910 x 100 x 0 with resolution 5
     block, center = (0,0,0)
          size (1e+20,1e+20,1e+20)
          axes (1,0,0), (0,1,0), (0,0,1)
          dielectric constant epsilon diagonal = (1.9881,1.9881,1.9881)
     block, center = (0,-30.25,0)
          size (1e+20,62.5,1e+20)
          axes (1,0,0), (0,1,0), (0,0,1)
          dielectric constant epsilon diagonal = (2.0736,2.0736,2.0736)
     block, center = (0,0,0)
          size (1e+20,8.2,1e+20)
          axes (1,0,0), (0,1,0), (0,0,1)
          dielectric constant epsilon diagonal = (2.08803,2.08803,2.08803)
time for set_epsilon = 0.304646 s
-----------
MPB solved for frequency_1(0.4,0,0) = 0.278047 after 54 iters
MPB solved for frequency_1(0.930869,0,0) = 0.645079 after 33 iters
MPB solved for frequency_1(0.930988,0,0) = 0.645161 after 11 iters
MPB solved for frequency_1(0.930988,0,0) = 0.645161 after 1 iters
Meep: using output directory 'data/2021-11-08/LargerCavity/'
Vector3<451.5, 0.0, 0.0>
on time step 562 (time=56.2), 0.00711907 s/step
on time step 1239 (time=123.9), 0.00590959 s/step
on time step 1905 (time=190.5), 0.0060067 s/step
on time step 2566 (time=256.6), 0.00605928 s/step
on time step 3215 (time=321.5), 0.00616922 s/step
on time step 3865 (time=386.5), 0.00615931 s/step
on time step 4513 (time=451.3), 0.0061796 s/step
on time step 5155 (time=515.5), 0.00623758 s/step
on time step 5795 (time=579.5), 0.00625706 s/step
on time step 6424 (time=642.4), 0.00635948 s/step
on time step 7053 (time=705.3), 0.00636696 s/step
on time step 7674 (time=767.4), 0.00644606 s/step
on time step 8321 (time=832.1), 0.00618616 s/step
on time step 8974 (time=897.4), 0.00612983 s/step
on time step 9621 (time=962.1), 0.00618364 s/step
on time step 10264 (time=1026.4), 0.00622552 s/step
on time step 10644 (time=1064.4), 0.010536 s/step
on time step 11327 (time=1132.7), 0.00585958 s/step
on time step 12036 (time=1203.6), 0.00564843 s/step
on time step 12744 (time=1274.4), 0.00565685 s/step
on time step 13453 (time=1345.3), 0.0056465 s/step
on time step 14154 (time=1415.4), 0.00570959 s/step
on time step 14863 (time=1486.3), 0.00564756 s/step
on time step 15572 (time=1557.2), 0.00564937 s/step
on time step 16281 (time=1628.1), 0.00564678 s/step
on time step 16990 (time=1699), 0.00564795 s/step
on time step 17698 (time=1769.8), 0.00565281 s/step
on time step 18405 (time=1840.5), 0.00566133 s/step
on time step 19106 (time=1910.6), 0.00571364 s/step
on time step 19812 (time=1981.2), 0.00567344 s/step
field decay(t = 2000.1000000000001): 0.18676409938288552 / 0.18676409938288552 = 1.0
on time step 20520 (time=2052), 0.00565024 s/step
on time step 21228 (time=2122.8), 0.00565228 s/step
on time step 21936 (time=2193.6), 0.00565076 s/step
on time step 22644 (time=2264.4), 0.00565167 s/step
on time step 23346 (time=2334.6), 0.00570056 s/step
on time step 24054 (time=2405.4), 0.00565345 s/step
on time step 24759 (time=2475.9), 0.00567757 s/step
on time step 25467 (time=2546.7), 0.00565125 s/step
on time step 26175 (time=2617.5), 0.0056566 s/step
on time step 26883 (time=2688.3), 0.00565167 s/step
on time step 27591 (time=2759.1), 0.00565294 s/step
on time step 28299 (time=2829.9), 0.00565582 s/step
on time step 29001 (time=2900.1), 0.00570276 s/step
on time step 29700 (time=2970), 0.00573 s/step
on time step 30405 (time=3040.5), 0.00567502 s/step
on time step 31113 (time=3111.3), 0.00565424 s/step
on time step 31821 (time=3182.1), 0.00565292 s/step
on time step 32529 (time=3252.9), 0.00565351 s/step
on time step 33237 (time=3323.7), 0.00565651 s/step
on time step 33939 (time=3393.9), 0.00570455 s/step
on time step 34647 (time=3464.7), 0.0056518 s/step
on time step 35352 (time=3535.2), 0.00567954 s/step
on time step 36060 (time=3606), 0.00565143 s/step
on time step 36768 (time=3676.8), 0.00565439 s/step
on time step 37476 (time=3747.6), 0.00565671 s/step
on time step 38184 (time=3818.4), 0.00565061 s/step
on time step 38892 (time=3889.2), 0.0056576 s/step
on time step 39598 (time=3959.8), 0.00566591 s/step
field decay(t = 4000.1000000000004): 0.12478179509543719 / 0.18676409938288552 = 0.6681251670302103
on time step 40298 (time=4029.8), 0.0057205 s/step
on time step 41002 (time=4100.2), 0.00568352 s/step
on time step 41710 (time=4171), 0.00565463 s/step
on time step 42418 (time=4241.8), 0.00565762 s/step
on time step 43126 (time=4312.6), 0.00565292 s/step
on time step 43833 (time=4383.3), 0.00565835 s/step
on time step 44534 (time=4453.4), 0.00570978 s/step
on time step 45242 (time=4524.2), 0.00565363 s/step
on time step 45947 (time=4594.7), 0.00567895 s/step
on time step 46655 (time=4665.5), 0.00565308 s/step
on time step 47363 (time=4736.3), 0.00565416 s/step
on time step 48071 (time=4807.1), 0.00565735 s/step
on time step 48779 (time=4877.9), 0.00565513 s/step
on time step 49486 (time=4948.6), 0.00565971 s/step
on time step 50192 (time=5019.2), 0.00566598 s/step
on time step 50891 (time=5089.1), 0.00573047 s/step
on time step 51597 (time=5159.7), 0.00566899 s/step
on time step 52304 (time=5230.4), 0.00565877 s/step
on time step 53012 (time=5301.2), 0.00565632 s/step
on time step 53719 (time=5371.9), 0.00565802 s/step
on time step 54427 (time=5442.7), 0.00565592 s/step
on time step 55128 (time=5512.8), 0.00570969 s/step
on time step 55836 (time=5583.6), 0.00565524 s/step
on time step 56541 (time=5654.1), 0.00568093 s/step
on time step 57249 (time=5724.9), 0.00565504 s/step
on time step 57957 (time=5795.7), 0.00565575 s/step
on time step 58664 (time=5866.4), 0.00565878 s/step
on time step 59372 (time=5937.2), 0.00565473 s/step
field decay(t = 6000.200000000001): 6.226968780408535e-17 / 0.18676409938288552 = 3.334135843550217e-16
run 0 finished at t = 6000.200000000001 (60002 timesteps)
WD: data/2021-11-08/LargerCavity/
AlreadyDir
-----------
Initializing structure...
Splitting into 32 chunks by voxels
time for choose_chunkdivision = 0.00298291 s
Working in 2D dimensions.
Computational cell is 910 x 100 x 0 with resolution 5
     block, center = (0,0,0)
          size (1e+20,1e+20,1e+20)
          axes (1,0,0), (0,1,0), (0,0,1)
          dielectric constant epsilon diagonal = (1.9881,1.9881,1.9881)
     block, center = (0,-30.25,0)
          size (1e+20,62.5,1e+20)
          axes (1,0,0), (0,1,0), (0,0,1)
          dielectric constant epsilon diagonal = (2.0736,2.0736,2.0736)
     block, center = (0,0,0)
          size (1e+20,8.2,1e+20)
          axes (1,0,0), (0,1,0), (0,0,1)
          dielectric constant epsilon diagonal = (2.08803,2.08803,2.08803)
     block, center = (0,-14.9,0)
          size (150,40,1e+20)
          axes (1,0,0), (0,1,0), (0,0,1)
          dielectric constant epsilon diagonal = (1.9881,1.9881,1.9881)
time for set_epsilon = 0.314985 s
-----------
MPB solved for frequency_1(0.4,0,0) = 0.278047 after 54 iters
MPB solved for frequency_1(0.930869,0,0) = 0.645079 after 33 iters
MPB solved for frequency_1(0.930988,0,0) = 0.645161 after 11 iters
MPB solved for frequency_1(0.930988,0,0) = 0.645161 after 1 iters
Meep: using output directory 'data/2021-11-08/LargerCavity/'
Actual Simtime: 3.3333333333333334e-09
creating output file "data/2021-11-08/LargerCavity//RunModel-eps-000000.00.h5"...
on time step 574 (time=57.4), 0.00697412 s/step
on time step 1251 (time=125.1), 0.00591581 s/step
on time step 1924 (time=192.4), 0.00595022 s/step
on time step 2587 (time=258.7), 0.00603476 s/step
on time step 3242 (time=324.2), 0.00611243 s/step
on time step 3897 (time=389.7), 0.00611202 s/step
on time step 4547 (time=454.7), 0.00616239 s/step
on time step 5186 (time=518.6), 0.00626045 s/step
on time step 5825 (time=582.5), 0.0062607 s/step
on time step 6458 (time=645.8), 0.00632404 s/step
on time step 7087 (time=708.7), 0.00636472 s/step
on time step 7709 (time=770.9), 0.00643809 s/step
on time step 8363 (time=836.3), 0.0061225 s/step
on time step 9015 (time=901.5), 0.00613726 s/step
on time step 9663 (time=966.3), 0.00617738 s/step
on time step 10306 (time=1030.6), 0.00622916 s/step
on time step 10677 (time=1067.7), 0.0107883 s/step
on time step 11372 (time=1137.2), 0.00575586 s/step
on time step 12080 (time=1208), 0.00565539 s/step
on time step 12788 (time=1278.8), 0.0056528 s/step
on time step 13496 (time=1349.6), 0.00565304 s/step
on time step 14204 (time=1420.4), 0.0056548 s/step
on time step 14905 (time=1490.5), 0.00570883 s/step
on time step 15612 (time=1561.2), 0.00566295 s/step
on time step 16318 (time=1631.8), 0.00567027 s/step
on time step 17026 (time=1702.6), 0.00565536 s/step
on time step 17733 (time=1773.3), 0.00565902 s/step
on time step 18441 (time=1844.1), 0.00565632 s/step
on time step 19148 (time=1914.8), 0.00566166 s/step
on time step 19854 (time=1985.4), 0.00567297 s/step
field decay(t = 2000.1000000000001): 0.320732600557632 / 0.320732600557632 = 1.0
on time step 20561 (time=2056.1), 0.00566196 s/step
on time step 21258 (time=2125.8), 0.00574248 s/step
on time step 21965 (time=2196.5), 0.00565977 s/step
on time step 22672 (time=2267.2), 0.00566254 s/step
on time step 23379 (time=2337.9), 0.00565822 s/step
on time step 24086 (time=2408.6), 0.00565851 s/step
on time step 24793 (time=2479.3), 0.00566297 s/step
on time step 25493 (time=2549.3), 0.00571496 s/step
on time step 26199 (time=2619.9), 0.00566612 s/step
on time step 26905 (time=2690.5), 0.00567333 s/step
on time step 27613 (time=2761.3), 0.00565684 s/step
on time step 28320 (time=2832), 0.00566261 s/step
on time step 29027 (time=2902.7), 0.0056598 s/step
on time step 29734 (time=2973.4), 0.00566131 s/step
on time step 30440 (time=3044), 0.00567229 s/step
on time step 31147 (time=3114.7), 0.00566341 s/step
on time step 31844 (time=3184.4), 0.00574191 s/step
on time step 32551 (time=3255.1), 0.00566005 s/step
on time step 33258 (time=3325.8), 0.00566268 s/step
on time step 33965 (time=3396.5), 0.00566231 s/step
on time step 34672 (time=3467.2), 0.00565993 s/step
on time step 35379 (time=3537.9), 0.00566204 s/step
on time step 36080 (time=3608), 0.00571342 s/step
on time step 36786 (time=3678.6), 0.00566824 s/step
on time step 37491 (time=3749.1), 0.00567675 s/step
on time step 38198 (time=3819.8), 0.00565979 s/step
on time step 38905 (time=3890.5), 0.00566278 s/step
on time step 39612 (time=3961.2), 0.00566059 s/step
field decay(t = 4000.1000000000004): 1.3063273103567948e-09 / 0.320732600557632 = 4.072948331680623e-09
on time step 40318 (time=4031.8), 0.00566747 s/step
on time step 41023 (time=4102.3), 0.00567431 s/step
on time step 41729 (time=4172.9), 0.00567089 s/step
on time step 42425 (time=4242.5), 0.00574767 s/step
on time step 43132 (time=4313.2), 0.00566053 s/step
on time step 43839 (time=4383.9), 0.00566413 s/step
on time step 44546 (time=4454.6), 0.00566019 s/step
on time step 45253 (time=4525.3), 0.00565932 s/step
on time step 45959 (time=4595.9), 0.00566785 s/step
on time step 46660 (time=4666), 0.0057089 s/step
on time step 47366 (time=4736.6), 0.00567112 s/step
on time step 48071 (time=4807.1), 0.00568168 s/step
on time step 48778 (time=4877.8), 0.00566142 s/step
on time step 49485 (time=4948.5), 0.00566558 s/step
on time step 50192 (time=5019.2), 0.00566194 s/step
on time step 50899 (time=5089.9), 0.00566529 s/step
on time step 51605 (time=5160.5), 0.0056723 s/step
on time step 52311 (time=5231.1), 0.00567072 s/step
on time step 53007 (time=5300.7), 0.0057476 s/step
on time step 53714 (time=5371.4), 0.00566423 s/step
on time step 54417 (time=5441.7), 0.00569182 s/step
on time step 55124 (time=5512.4), 0.0056647 s/step
on time step 55831 (time=5583.1), 0.00566327 s/step
on time step 56537 (time=5653.7), 0.00566693 s/step
on time step 57238 (time=5723.8), 0.00571281 s/step
on time step 57942 (time=5794.2), 0.00568608 s/step
on time step 58649 (time=5864.9), 0.00566237 s/step
on time step 59356 (time=5935.6), 0.00565927 s/step
field decay(t = 6000.200000000001): 3.891278783375277e-16 / 0.320732600557632 = 1.2132470402478026e-15
run 0 finished at t = 6000.200000000001 (60002 timesteps)

Elapsed run time = 700.3030 s
