Using MPI version 3.1, 64 processes
WD: data/2021-11-26/RuntimeTest_2000/
AlreadyDir
-----------
Initializing structure...
Splitting into 64 chunks by voxels
time for choose_chunkdivision = 0.00912807 s
Working in 2D dimensions.
Computational cell is 2320 x 100 x 0 with resolution 10
     block, center = (0,0,0)
          size (1e+20,1e+20,1e+20)
          axes (1,0,0), (0,1,0), (0,0,1)
          dielectric constant epsilon diagonal = (1.9881,1.9881,1.9881)
     block, center = (0,-26.25,0)
          size (1e+20,62.5,1e+20)
          axes (1,0,0), (0,1,0), (0,0,1)
          dielectric constant epsilon diagonal = (2.0736,2.0736,2.0736)
     block, center = (0,0,0)
          size (1e+20,8.2,1e+20)
          axes (1,0,0), (0,1,0), (0,0,1)
          dielectric constant epsilon diagonal = (2.08803,2.08803,2.08803)
time for set_epsilon = 0.460894 s
-----------
MPB solved for frequency_1(0.4,0,0) = 0.277848 after 59 iters
MPB solved for frequency_1(0.931221,0,0) = 0.645167 after 30 iters
MPB solved for frequency_1(0.931214,0,0) = 0.645161 after 6 iters
MPB solved for frequency_1(0.931214,0,0) = 0.645161 after 1 iters
Meep: using output directory 'data/2021-11-26/RuntimeTest_2000/'


Normalisation Run


on time step 1 (time=0.05), 4.31915 s/step
on time step 140 (time=7), 0.0289644 s/step
on time step 282 (time=14.1), 0.0282308 s/step
on time step 421 (time=21.05), 0.0289266 s/step
on time step 561 (time=28.05), 0.028758 s/step
on time step 701 (time=35.05), 0.0286781 s/step
on time step 840 (time=42), 0.028859 s/step
Meep progress: 44.800000000000004/3352.4 = 1.3% done in 30.0s, 2216.6s to go
on time step 980 (time=49), 0.0286708 s/step
on time step 1121 (time=56.05), 0.0285471 s/step
on time step 1263 (time=63.15), 0.0282285 s/step
on time step 1405 (time=70.25), 0.028222 s/step
on time step 1547 (time=77.35), 0.0282384 s/step
on time step 1686 (time=84.3), 0.0288487 s/step
on time step 1828 (time=91.4), 0.0283294 s/step
Meep progress: 97.45/3352.4 = 2.9% done in 60.0s, 2005.1s to go
on time step 1967 (time=98.35), 0.028786 s/step
on time step 2107 (time=105.35), 0.0287371 s/step
on time step 2248 (time=112.4), 0.0284702 s/step
on time step 2390 (time=119.5), 0.028327 s/step
on time step 2532 (time=126.6), 0.0282244 s/step
on time step 2674 (time=133.7), 0.0282114 s/step
on time step 2813 (time=140.65), 0.028829 s/step
on time step 2955 (time=147.75), 0.0282099 s/step
Meep progress: 150.25/3352.4 = 4.5% done in 90.0s, 1919.1s to go
on time step 3097 (time=154.85), 0.0282122 s/step
on time step 3239 (time=161.95), 0.028266 s/step
on time step 3381 (time=169.05), 0.0282872 s/step
on time step 3521 (time=176.05), 0.0286926 s/step
on time step 3662 (time=183.1), 0.0284162 s/step
on time step 3801 (time=190.05), 0.0288893 s/step
on time step 3942 (time=197.1), 0.0285228 s/step
Meep progress: 202.9/3352.4 = 6.1% done in 120.1s, 1863.6s to go
on time step 4083 (time=204.15), 0.0285507 s/step
on time step 4225 (time=211.25), 0.0282659 s/step
on time step 4367 (time=218.35), 0.0282482 s/step
on time step 4509 (time=225.45), 0.0282378 s/step
on time step 4648 (time=232.4), 0.0288222 s/step
on time step 4790 (time=239.5), 0.0282387 s/step
on time step 4931 (time=246.55), 0.0284383 s/step
on time step 5072 (time=253.6), 0.0283753 s/step
Meep progress: 255.75/3352.4 = 7.6% done in 150.1s, 1817.0s to go
on time step 5213 (time=260.65), 0.0284242 s/step
on time step 5354 (time=267.7), 0.028492 s/step
on time step 5494 (time=274.7), 0.0285881 s/step
on time step 5632 (time=281.6), 0.0289913 s/step
on time step 5771 (time=288.55), 0.0289038 s/step
on time step 5909 (time=295.45), 0.0291372 s/step
on time step 6050 (time=302.5), 0.0283921 s/step
Meep progress: 308.1/3352.4 = 9.2% done in 180.1s, 1779.4s to go
on time step 6192 (time=309.6), 0.0282425 s/step
on time step 6334 (time=316.7), 0.0282524 s/step
on time step 6476 (time=323.8), 0.0282802 s/step
on time step 6618 (time=330.9), 0.0283579 s/step
on time step 6757 (time=337.85), 0.0289205 s/step
on time step 6898 (time=344.9), 0.02844 s/step
on time step 7038 (time=351.9), 0.028589 s/step
on time step 7179 (time=358.95), 0.0285512 s/step
Meep progress: 360.8/3352.4 = 10.8% done in 210.1s, 1742.2s to go
on time step 7319 (time=365.95), 0.0286301 s/step
on time step 7459 (time=372.95), 0.0286946 s/step
on time step 7599 (time=379.95), 0.0286997 s/step
on time step 7737 (time=386.85), 0.0291104 s/step
on time step 7875 (time=393.75), 0.0290671 s/step
on time step 8014 (time=400.7), 0.0288873 s/step
on time step 8156 (time=407.8), 0.0283036 s/step
Meep progress: 413.0/3352.4 = 12.3% done in 240.1s, 1709.0s to go
on time step 8297 (time=414.85), 0.0284116 s/step
on time step 8438 (time=421.9), 0.0284562 s/step
on time step 8579 (time=428.95), 0.0284844 s/step
on time step 8720 (time=436), 0.0285061 s/step
on time step 8858 (time=442.9), 0.02918 s/step
on time step 8998 (time=449.9), 0.0286158 s/step
on time step 9138 (time=456.9), 0.0287475 s/step
on time step 9278 (time=463.9), 0.0286874 s/step
Meep progress: 465.35/3352.4 = 13.9% done in 270.1s, 1675.9s to go
on time step 9418 (time=470.9), 0.0287113 s/step
on time step 9558 (time=477.9), 0.0287376 s/step
on time step 9698 (time=484.9), 0.0286837 s/step
on time step 9837 (time=491.85), 0.0287995 s/step
on time step 9979 (time=498.95), 0.0283065 s/step
on time step 10118 (time=505.9), 0.0288791 s/step
on time step 10259 (time=512.95), 0.0284551 s/step
Meep progress: 517.75/3352.4 = 15.4% done in 300.2s, 1643.3s to go
on time step 10400 (time=520), 0.0284778 s/step
on time step 10541 (time=527.05), 0.0285072 s/step
on time step 10682 (time=534.1), 0.028551 s/step
on time step 10822 (time=541.1), 0.0286425 s/step
on time step 10959 (time=547.95), 0.0292481 s/step
on time step 11099 (time=554.95), 0.0287416 s/step
on time step 11239 (time=561.95), 0.0287728 s/step
on time step 11379 (time=568.95), 0.0287252 s/step
Meep progress: 569.95/3352.4 = 17.0% done in 330.2s, 1611.8s to go
on time step 11519 (time=575.95), 0.0287171 s/step
on time step 11659 (time=582.95), 0.0286115 s/step
on time step 11801 (time=590.05), 0.0283311 s/step
on time step 11940 (time=597), 0.0287806 s/step
on time step 12081 (time=604.05), 0.028423 s/step
on time step 12220 (time=611), 0.0289688 s/step
on time step 12361 (time=618.05), 0.0285276 s/step
Meep progress: 622.4000000000001/3352.4 = 18.6% done in 360.2s, 1579.8s to go
on time step 12502 (time=625.1), 0.0285304 s/step
on time step 12642 (time=632.1), 0.028585 s/step
on time step 12782 (time=639.1), 0.0286844 s/step
on time step 12922 (time=646.1), 0.0287058 s/step
on time step 13059 (time=652.95), 0.0293954 s/step
on time step 13198 (time=659.9), 0.0288097 s/step
on time step 13337 (time=666.85), 0.0288364 s/step
on time step 13477 (time=673.85), 0.0287508 s/step
Meep progress: 674.5/3352.4 = 20.1% done in 390.2s, 1549.2s to go
on time step 13618 (time=680.9), 0.0285001 s/step
on time step 13760 (time=688), 0.0283555 s/step
on time step 13901 (time=695.05), 0.0283996 s/step
on time step 14040 (time=702), 0.0289046 s/step
on time step 14181 (time=709.05), 0.0285443 s/step
on time step 14319 (time=715.95), 0.0290071 s/step
on time step 14459 (time=722.95), 0.028658 s/step
Meep progress: 726.9000000000001/3352.4 = 21.7% done in 420.2s, 1517.8s to go
on time step 14599 (time=729.95), 0.0286997 s/step
on time step 14739 (time=736.95), 0.0287588 s/step
on time step 14879 (time=743.95), 0.0287744 s/step
on time step 15018 (time=750.9), 0.0287783 s/step
on time step 15154 (time=757.7), 0.0294423 s/step
on time step 15293 (time=764.65), 0.0289131 s/step
on time step 15432 (time=771.6), 0.0288138 s/step
on time step 15573 (time=778.65), 0.0285246 s/step
Meep progress: 778.9000000000001/3352.4 = 23.2% done in 450.2s, 1487.5s to go
on time step 15714 (time=785.7), 0.0284469 s/step
on time step 15855 (time=792.75), 0.0285517 s/step
on time step 15996 (time=799.8), 0.0285642 s/step
on time step 16134 (time=806.7), 0.0290245 s/step
on time step 16274 (time=813.7), 0.0285974 s/step
on time step 16412 (time=820.6), 0.0291263 s/step
on time step 16552 (time=827.6), 0.028753 s/step
Meep progress: 831.1/3352.4 = 24.8% done in 480.2s, 1456.8s to go
on time step 16691 (time=834.55), 0.0288013 s/step
on time step 16830 (time=841.5), 0.028798 s/step
on time step 16969 (time=848.45), 0.028829 s/step
on time step 17108 (time=855.4), 0.0288413 s/step
on time step 17244 (time=862.2), 0.0296152 s/step
on time step 17383 (time=869.15), 0.0289534 s/step
on time step 17523 (time=876.15), 0.0287535 s/step
Meep progress: 883.0/3352.4 = 26.3% done in 510.2s, 1426.9s to go
on time step 17664 (time=883.2), 0.0285559 s/step
on time step 17805 (time=890.25), 0.02856 s/step
on time step 17945 (time=897.25), 0.0285863 s/step
on time step 18085 (time=904.25), 0.0286001 s/step
on time step 18223 (time=911.15), 0.0290866 s/step
on time step 18363 (time=918.15), 0.0286956 s/step
on time step 18500 (time=925), 0.0292671 s/step
on time step 18639 (time=931.95), 0.0288341 s/step
Meep progress: 935.1/3352.4 = 27.9% done in 540.2s, 1396.6s to go
on time step 18778 (time=938.9), 0.0288196 s/step
on time step 18917 (time=945.85), 0.0288419 s/step
on time step 19056 (time=952.8), 0.0288825 s/step
on time step 19195 (time=959.75), 0.0289244 s/step
on time step 19331 (time=966.55), 0.0295023 s/step
on time step 19471 (time=973.55), 0.0286793 s/step
on time step 19612 (time=980.6), 0.0284872 s/step
Meep progress: 987.1500000000001/3352.4 = 29.4% done in 570.3s, 1366.4s to go
on time step 19752 (time=987.6), 0.0285802 s/step
on time step 19892 (time=994.6), 0.0286094 s/step
on time step 20032 (time=1001.6), 0.0286811 s/step
on time step 20172 (time=1008.6), 0.0286625 s/step
on time step 20310 (time=1015.5), 0.029148 s/step
on time step 20449 (time=1022.45), 0.0289022 s/step
on time step 20586 (time=1029.3), 0.0293961 s/step
on time step 20725 (time=1036.25), 0.0288868 s/step
Meep progress: 1039.1000000000001/3352.4 = 31.0% done in 600.3s, 1336.4s to go
on time step 20864 (time=1043.2), 0.0289365 s/step
on time step 21003 (time=1050.15), 0.0289801 s/step
on time step 21141 (time=1057.05), 0.029009 s/step
on time step 21280 (time=1064), 0.0289507 s/step
on time step 21417 (time=1070.85), 0.029397 s/step
on time step 21557 (time=1077.85), 0.0286239 s/step
on time step 21698 (time=1084.9), 0.0285655 s/step
Meep progress: 1091.05/3352.4 = 32.5% done in 630.3s, 1306.4s to go
on time step 21838 (time=1091.9), 0.0285814 s/step
on time step 21978 (time=1098.9), 0.0285967 s/step
on time step 22118 (time=1105.9), 0.0286221 s/step
on time step 22258 (time=1112.9), 0.0287108 s/step
on time step 22395 (time=1119.75), 0.0292914 s/step
on time step 22534 (time=1126.7), 0.0288181 s/step
on time step 22671 (time=1133.55), 0.0292815 s/step
on time step 22810 (time=1140.5), 0.0288929 s/step
Meep progress: 1143.0/3352.4 = 34.1% done in 660.3s, 1276.4s to go
on time step 22949 (time=1147.45), 0.0289062 s/step
on time step 23088 (time=1154.4), 0.0289339 s/step
on time step 23227 (time=1161.35), 0.0289262 s/step
on time step 23367 (time=1168.35), 0.0286352 s/step
on time step 23504 (time=1175.2), 0.0292374 s/step
on time step 23644 (time=1182.2), 0.0286776 s/step
on time step 23784 (time=1189.2), 0.0286295 s/step
Meep progress: 1195.05/3352.4 = 35.6% done in 690.3s, 1246.2s to go
on time step 23924 (time=1196.2), 0.0286546 s/step
on time step 24064 (time=1203.2), 0.0287073 s/step
on time step 24203 (time=1210.15), 0.0288503 s/step
on time step 24342 (time=1217.1), 0.0288574 s/step
on time step 24479 (time=1223.95), 0.0292966 s/step
on time step 24618 (time=1230.9), 0.0289092 s/step
on time step 24755 (time=1237.75), 0.029396 s/step
on time step 24893 (time=1244.65), 0.0289883 s/step
Meep progress: 1246.8000000000002/3352.4 = 37.2% done in 720.3s, 1216.5s to go
on time step 25031 (time=1251.55), 0.0290023 s/step
on time step 25169 (time=1258.45), 0.0290002 s/step
on time step 25309 (time=1265.45), 0.0287343 s/step
on time step 25449 (time=1272.45), 0.0285723 s/step
on time step 25585 (time=1279.25), 0.0294572 s/step
on time step 25725 (time=1286.25), 0.0287442 s/step
on time step 25865 (time=1293.25), 0.0286245 s/step
Meep progress: 1298.8000000000002/3352.4 = 38.7% done in 750.4s, 1186.4s to go
on time step 26005 (time=1300.25), 0.0286713 s/step
on time step 26145 (time=1307.25), 0.0287571 s/step
on time step 26284 (time=1314.2), 0.0288367 s/step
on time step 26423 (time=1321.15), 0.028868 s/step
on time step 26559 (time=1327.95), 0.029565 s/step
on time step 26698 (time=1334.9), 0.028961 s/step
on time step 26835 (time=1341.75), 0.0293954 s/step
on time step 26973 (time=1348.65), 0.029021 s/step
Meep progress: 1350.45/3352.4 = 40.3% done in 780.4s, 1156.8s to go
on time step 27111 (time=1355.55), 0.0290025 s/step
on time step 27249 (time=1362.45), 0.028988 s/step
on time step 27388 (time=1369.4), 0.0288627 s/step
on time step 27528 (time=1376.4), 0.0286902 s/step
on time step 27664 (time=1383.2), 0.0294522 s/step
on time step 27804 (time=1390.2), 0.0287688 s/step
on time step 27944 (time=1397.2), 0.028713 s/step
Meep progress: 1402.3500000000001/3352.4 = 41.8% done in 810.4s, 1126.9s to go
on time step 28083 (time=1404.15), 0.0288045 s/step
on time step 28222 (time=1411.1), 0.0288794 s/step
on time step 28361 (time=1418.05), 0.0289379 s/step
on time step 28500 (time=1425), 0.028931 s/step
on time step 28637 (time=1431.85), 0.0293491 s/step
on time step 28775 (time=1438.75), 0.0289869 s/step
on time step 28911 (time=1445.55), 0.0294495 s/step
on time step 29049 (time=1452.45), 0.0290281 s/step
Meep progress: 1453.95/3352.4 = 43.4% done in 840.4s, 1097.3s to go
on time step 29188 (time=1459.4), 0.028967 s/step
on time step 29328 (time=1466.4), 0.0286624 s/step
on time step 29468 (time=1473.4), 0.0286181 s/step
on time step 29608 (time=1480.4), 0.0286495 s/step
on time step 29745 (time=1487.25), 0.0293653 s/step
on time step 29884 (time=1494.2), 0.0288544 s/step
on time step 30023 (time=1501.15), 0.0287939 s/step
Meep progress: 1506.0/3352.4 = 44.9% done in 870.4s, 1067.1s to go
on time step 30162 (time=1508.1), 0.0288821 s/step
on time step 30301 (time=1515.05), 0.0289006 s/step
on time step 30440 (time=1522), 0.0289282 s/step
on time step 30579 (time=1528.95), 0.0289616 s/step
on time step 30715 (time=1535.75), 0.0294554 s/step
on time step 30853 (time=1542.65), 0.0290993 s/step
on time step 30989 (time=1549.45), 0.029486 s/step
on time step 31127 (time=1556.35), 0.0290542 s/step
Meep progress: 1557.5500000000002/3352.4 = 46.5% done in 900.4s, 1037.6s to go
on time step 31267 (time=1563.35), 0.0287638 s/step
on time step 31407 (time=1570.35), 0.0286731 s/step
on time step 31547 (time=1577.35), 0.0286668 s/step
on time step 31687 (time=1584.35), 0.0286844 s/step
on time step 31823 (time=1591.15), 0.0295285 s/step
on time step 31962 (time=1598.1), 0.0289379 s/step
on time step 32101 (time=1605.05), 0.0289266 s/step
Meep progress: 1609.5/3352.4 = 48.0% done in 930.4s, 1007.6s to go
on time step 32240 (time=1612), 0.0289376 s/step
on time step 32379 (time=1618.95), 0.0289476 s/step
on time step 32517 (time=1625.85), 0.0289987 s/step
on time step 32655 (time=1632.75), 0.0289876 s/step
on time step 32791 (time=1639.55), 0.0294657 s/step
on time step 32928 (time=1646.4), 0.0292071 s/step
on time step 33064 (time=1653.2), 0.0294132 s/step
on time step 33203 (time=1660.15), 0.0288679 s/step
Meep progress: 1661.0500000000002/3352.4 = 49.5% done in 960.5s, 978.0s to go
on time step 33343 (time=1667.15), 0.0287151 s/step
on time step 33483 (time=1674.15), 0.0286716 s/step
on time step 33623 (time=1681.15), 0.028716 s/step
on time step 33763 (time=1688.15), 0.0287612 s/step
on time step 33899 (time=1694.95), 0.0295718 s/step
on time step 34037 (time=1701.85), 0.0290576 s/step
on time step 34176 (time=1708.8), 0.0289696 s/step
Meep progress: 1712.9/3352.4 = 51.1% done in 990.5s, 948.0s to go
on time step 34314 (time=1715.7), 0.0290085 s/step
on time step 34452 (time=1722.6), 0.0290271 s/step
on time step 34590 (time=1729.5), 0.0290692 s/step
on time step 34728 (time=1736.4), 0.0290863 s/step
on time step 34864 (time=1743.2), 0.0295377 s/step
on time step 35001 (time=1750.05), 0.0293672 s/step
on time step 35138 (time=1756.9), 0.0292565 s/step
on time step 35277 (time=1763.85), 0.0288095 s/step
Meep progress: 1764.3500000000001/3352.4 = 52.6% done in 1020.5s, 918.5s to go
on time step 35417 (time=1770.85), 0.0286949 s/step
on time step 35557 (time=1777.85), 0.0286887 s/step
on time step 35697 (time=1784.85), 0.0287366 s/step
on time step 35836 (time=1791.8), 0.0288169 s/step
on time step 35972 (time=1798.6), 0.0295808 s/step
on time step 36110 (time=1805.5), 0.0291415 s/step
on time step 36249 (time=1812.45), 0.0289647 s/step
Meep progress: 1816.2/3352.4 = 54.2% done in 1050.5s, 888.5s to go
on time step 36387 (time=1819.35), 0.0290176 s/step
on time step 36525 (time=1826.25), 0.0290299 s/step
on time step 36663 (time=1833.15), 0.0291041 s/step
on time step 36801 (time=1840.05), 0.0290953 s/step
on time step 36937 (time=1846.85), 0.0295928 s/step
on time step 37074 (time=1853.7), 0.0294276 s/step
on time step 37211 (time=1860.55), 0.0293694 s/step
on time step 37350 (time=1867.5), 0.0289304 s/step
Meep progress: 1867.5500000000002/3352.4 = 55.7% done in 1080.5s, 859.1s to go
on time step 37490 (time=1874.5), 0.0286932 s/step
on time step 37630 (time=1881.5), 0.0287027 s/step
on time step 37770 (time=1888.5), 0.0287698 s/step
on time step 37909 (time=1895.45), 0.0288513 s/step
on time step 38045 (time=1902.25), 0.0295833 s/step
on time step 38183 (time=1909.15), 0.0290679 s/step
on time step 38321 (time=1916.05), 0.0290081 s/step
Meep progress: 1919.3500000000001/3352.4 = 57.3% done in 1110.5s, 829.1s to go
on time step 38459 (time=1922.95), 0.0290573 s/step
on time step 38597 (time=1929.85), 0.0290644 s/step
on time step 38735 (time=1936.75), 0.0290996 s/step
on time step 38873 (time=1943.65), 0.0291521 s/step
on time step 39009 (time=1950.45), 0.0295893 s/step
on time step 39146 (time=1957.3), 0.0292617 s/step
on time step 39285 (time=1964.25), 0.0289471 s/step
Meep progress: 1970.9/3352.4 = 58.8% done in 1140.5s, 799.4s to go
on time step 39425 (time=1971.25), 0.0287012 s/step
on time step 39565 (time=1978.25), 0.0287083 s/step
on time step 39705 (time=1985.25), 0.0287709 s/step
on time step 39844 (time=1992.2), 0.0288742 s/step
on time step 39983 (time=1999.15), 0.028938 s/step
on time step 40118 (time=2005.9), 0.0296884 s/step
on time step 40256 (time=2012.8), 0.0291162 s/step
on time step 40394 (time=2019.7), 0.0290361 s/step
Meep progress: 2022.6000000000001/3352.4 = 60.3% done in 1170.5s, 769.6s to go
on time step 40532 (time=2026.6), 0.0290703 s/step
on time step 40670 (time=2033.5), 0.0290965 s/step
on time step 40808 (time=2040.4), 0.0291614 s/step
on time step 40946 (time=2047.3), 0.0291735 s/step
on time step 41082 (time=2054.1), 0.0295354 s/step
on time step 41219 (time=2060.95), 0.0292118 s/step
on time step 41358 (time=2067.9), 0.0288865 s/step
Meep progress: 2074.15/3352.4 = 61.9% done in 1200.5s, 739.9s to go
on time step 41498 (time=2074.9), 0.0287056 s/step
on time step 41638 (time=2081.9), 0.0287493 s/step
on time step 41777 (time=2088.85), 0.0288287 s/step
on time step 41916 (time=2095.8), 0.028927 s/step
on time step 42055 (time=2102.75), 0.0289689 s/step
on time step 42190 (time=2109.5), 0.0296445 s/step
on time step 42328 (time=2116.4), 0.0291542 s/step
on time step 42466 (time=2123.3), 0.0290547 s/step
Meep progress: 2125.8/3352.4 = 63.4% done in 1230.6s, 710.0s to go
on time step 42604 (time=2130.2), 0.0290743 s/step
on time step 42742 (time=2137.1), 0.0291121 s/step
on time step 42880 (time=2144), 0.0291624 s/step
on time step 43018 (time=2150.9), 0.0291655 s/step
on time step 43155 (time=2157.75), 0.0293553 s/step
on time step 43293 (time=2164.65), 0.0291042 s/step
on time step 43432 (time=2171.6), 0.0289349 s/step
Meep progress: 2177.35/3352.4 = 64.9% done in 1260.6s, 680.3s to go
on time step 43571 (time=2178.55), 0.0288491 s/step
on time step 43710 (time=2185.5), 0.0289141 s/step
on time step 43848 (time=2192.4), 0.0289861 s/step
on time step 43986 (time=2199.3), 0.0290213 s/step
on time step 44124 (time=2206.2), 0.0290358 s/step
on time step 44259 (time=2212.95), 0.0297177 s/step
on time step 44397 (time=2219.85), 0.0291863 s/step
on time step 44535 (time=2226.75), 0.0291131 s/step
Meep progress: 2228.85/3352.4 = 66.5% done in 1290.6s, 650.6s to go
on time step 44673 (time=2233.65), 0.0291646 s/step
on time step 44810 (time=2240.5), 0.0292321 s/step
on time step 44947 (time=2247.35), 0.0293352 s/step
on time step 45085 (time=2254.25), 0.029092 s/step
on time step 45222 (time=2261.1), 0.0293769 s/step
on time step 45360 (time=2268), 0.0291823 s/step
on time step 45499 (time=2274.95), 0.028861 s/step
Meep progress: 2280.35/3352.4 = 68.0% done in 1320.6s, 620.8s to go
on time step 45638 (time=2281.9), 0.0288622 s/step
on time step 45777 (time=2288.85), 0.0289474 s/step
on time step 45915 (time=2295.75), 0.0290101 s/step
on time step 46053 (time=2302.65), 0.0290323 s/step
on time step 46191 (time=2309.55), 0.0290921 s/step
on time step 46326 (time=2316.3), 0.0297829 s/step
on time step 46463 (time=2323.15), 0.0291988 s/step
on time step 46601 (time=2330.05), 0.0291435 s/step
Meep progress: 2331.8/3352.4 = 69.6% done in 1350.6s, 591.1s to go
on time step 46738 (time=2336.9), 0.0291981 s/step
on time step 46875 (time=2343.75), 0.0292703 s/step
on time step 47012 (time=2350.6), 0.0292894 s/step
on time step 47149 (time=2357.45), 0.0292631 s/step
on time step 47284 (time=2364.2), 0.0296696 s/step
on time step 47421 (time=2371.05), 0.0292259 s/step
on time step 47560 (time=2378), 0.0289093 s/step
Meep progress: 2383.15/3352.4 = 71.1% done in 1380.6s, 561.5s to go
on time step 47699 (time=2384.95), 0.0289374 s/step
on time step 47838 (time=2391.9), 0.028983 s/step
on time step 47976 (time=2398.8), 0.0290287 s/step
on time step 48114 (time=2405.7), 0.0290533 s/step
on time step 48252 (time=2412.6), 0.0291465 s/step
on time step 48387 (time=2419.35), 0.0298314 s/step
on time step 48524 (time=2426.2), 0.0292086 s/step
on time step 48662 (time=2433.1), 0.0291855 s/step
Meep progress: 2434.55/3352.4 = 72.6% done in 1410.7s, 531.8s to go
on time step 48799 (time=2439.95), 0.0292397 s/step
on time step 48936 (time=2446.8), 0.0293325 s/step
on time step 49074 (time=2453.7), 0.0291607 s/step
on time step 49213 (time=2460.65), 0.0289198 s/step
on time step 49350 (time=2467.5), 0.0292824 s/step
on time step 49487 (time=2474.35), 0.0292685 s/step
on time step 49625 (time=2481.25), 0.0290328 s/step
Meep progress: 2486.0/3352.4 = 74.2% done in 1440.7s, 502.1s to go
on time step 49763 (time=2488.15), 0.0290179 s/step
on time step 49901 (time=2495.05), 0.0290696 s/step
on time step 50039 (time=2501.95), 0.0290936 s/step
on time step 50177 (time=2508.85), 0.0291244 s/step
on time step 50314 (time=2515.7), 0.0292264 s/step
on time step 50448 (time=2522.4), 0.0299853 s/step
on time step 50585 (time=2529.25), 0.0292464 s/step
on time step 50722 (time=2536.1), 0.0293064 s/step
Meep progress: 2537.25/3352.4 = 75.7% done in 1470.7s, 472.5s to go
on time step 50858 (time=2542.9), 0.0294136 s/step
on time step 50995 (time=2549.75), 0.0293921 s/step
on time step 51133 (time=2556.65), 0.0290384 s/step
on time step 51272 (time=2563.6), 0.028869 s/step
on time step 51409 (time=2570.45), 0.0293082 s/step
on time step 51546 (time=2577.3), 0.0292778 s/step
on time step 51684 (time=2584.2), 0.0290351 s/step
Meep progress: 2588.7000000000003/3352.4 = 77.2% done in 1500.7s, 442.7s to go
on time step 51822 (time=2591.1), 0.0290612 s/step
on time step 51960 (time=2598), 0.0290652 s/step
on time step 52098 (time=2604.9), 0.0291017 s/step
on time step 52236 (time=2611.8), 0.0291283 s/step
on time step 52373 (time=2618.65), 0.0293294 s/step
on time step 52508 (time=2625.4), 0.0298447 s/step
on time step 52645 (time=2632.25), 0.0292654 s/step
on time step 52782 (time=2639.1), 0.0293922 s/step
Meep progress: 2639.9/3352.4 = 78.7% done in 1530.7s, 413.1s to go
on time step 52918 (time=2645.9), 0.029491 s/step
on time step 53055 (time=2652.75), 0.0292272 s/step
on time step 53194 (time=2659.7), 0.0289446 s/step
on time step 53333 (time=2666.65), 0.0289317 s/step
on time step 53470 (time=2673.5), 0.0292137 s/step
on time step 53607 (time=2680.35), 0.0293492 s/step
on time step 53745 (time=2687.25), 0.0291446 s/step
Meep progress: 2691.3500000000004/3352.4 = 80.3% done in 1560.7s, 383.3s to go
on time step 53883 (time=2694.15), 0.0290775 s/step
on time step 54021 (time=2701.05), 0.029089 s/step
on time step 54159 (time=2707.95), 0.0291163 s/step
on time step 54297 (time=2714.85), 0.0291436 s/step
on time step 54433 (time=2721.65), 0.0294208 s/step
on time step 54568 (time=2728.4), 0.0297274 s/step
on time step 54705 (time=2735.25), 0.0293264 s/step
on time step 54841 (time=2742.05), 0.029433 s/step
Meep progress: 2742.55/3352.4 = 81.8% done in 1590.8s, 353.7s to go
on time step 54977 (time=2748.85), 0.0294301 s/step
on time step 55115 (time=2755.75), 0.0290911 s/step
on time step 55254 (time=2762.7), 0.0288958 s/step
on time step 55393 (time=2769.65), 0.0289172 s/step
on time step 55530 (time=2776.5), 0.0292164 s/step
on time step 55666 (time=2783.3), 0.0294415 s/step
on time step 55804 (time=2790.2), 0.029146 s/step
Meep progress: 2794.0/3352.4 = 83.3% done in 1620.8s, 323.9s to go
on time step 55942 (time=2797.1), 0.0291355 s/step
on time step 56080 (time=2804), 0.0291064 s/step
on time step 56218 (time=2810.9), 0.0291444 s/step
on time step 56355 (time=2817.75), 0.0292002 s/step
on time step 56491 (time=2824.55), 0.0295192 s/step
on time step 56626 (time=2831.3), 0.029762 s/step
on time step 56763 (time=2838.15), 0.0293998 s/step
on time step 56899 (time=2844.95), 0.029485 s/step
Meep progress: 2845.1000000000004/3352.4 = 84.9% done in 1650.8s, 294.3s to go
on time step 57036 (time=2851.8), 0.0294041 s/step
on time step 57174 (time=2858.7), 0.0291633 s/step
on time step 57314 (time=2865.7), 0.0286357 s/step
on time step 57455 (time=2872.75), 0.0285255 s/step
on time step 57596 (time=2879.8), 0.0284676 s/step
on time step 57736 (time=2886.8), 0.0287521 s/step
on time step 57877 (time=2893.85), 0.0283966 s/step
Meep progress: 2897.3500000000004/3352.4 = 86.4% done in 1680.8s, 264.0s to go
on time step 58019 (time=2900.95), 0.0283289 s/step
on time step 58161 (time=2908.05), 0.0282991 s/step
on time step 58303 (time=2915.15), 0.0282975 s/step
on time step 58445 (time=2922.25), 0.0283234 s/step
on time step 58585 (time=2929.25), 0.0286578 s/step
on time step 58724 (time=2936.2), 0.0288879 s/step
on time step 58866 (time=2943.3), 0.0283137 s/step
Meep progress: 2950.1000000000004/3352.4 = 88.0% done in 1710.8s, 233.3s to go
on time step 59008 (time=2950.4), 0.0283236 s/step
on time step 59150 (time=2957.5), 0.0283035 s/step
on time step 59292 (time=2964.6), 0.0283071 s/step
on time step 59434 (time=2971.7), 0.0283374 s/step
on time step 59574 (time=2978.7), 0.0286497 s/step
on time step 59715 (time=2985.75), 0.0285257 s/step
on time step 59854 (time=2992.7), 0.0287854 s/step
on time step 59995 (time=2999.75), 0.0284505 s/step
Meep progress: 3002.8/3352.4 = 89.6% done in 1740.8s, 202.7s to go
on time step 60136 (time=3006.8), 0.0283853 s/step
on time step 60278 (time=3013.9), 0.0283019 s/step
on time step 60415 (time=3020.75), 0.0294938 s/step
on time step 60501 (time=3025.05), 0.046895 s/step
on time step 60586 (time=3029.3), 0.0471664 s/step
on time step 60719 (time=3035.95), 0.0301406 s/step
on time step 60841 (time=3042.05), 0.0329354 s/step
Meep progress: 3047.4/3352.4 = 90.9% done in 1770.8s, 177.2s to go
on time step 60961 (time=3048.05), 0.0335901 s/step
on time step 61085 (time=3054.25), 0.0323422 s/step
on time step 61218 (time=3060.9), 0.0301361 s/step
on time step 61358 (time=3067.9), 0.0286058 s/step
on time step 61498 (time=3074.9), 0.0286219 s/step
on time step 61639 (time=3081.95), 0.0284711 s/step
on time step 61779 (time=3088.95), 0.0287422 s/step
on time step 61920 (time=3096), 0.0283902 s/step
Meep progress: 3098.65/3352.4 = 92.4% done in 1800.8s, 147.5s to go
on time step 62062 (time=3103.1), 0.0283184 s/step
on time step 62204 (time=3110.2), 0.028266 s/step
on time step 62346 (time=3117.3), 0.0282818 s/step
on time step 62488 (time=3124.4), 0.028304 s/step
on time step 62628 (time=3131.4), 0.0286736 s/step
on time step 62768 (time=3138.4), 0.0287579 s/step
on time step 62910 (time=3145.5), 0.0282787 s/step
Meep progress: 3151.5/3352.4 = 94.0% done in 1830.9s, 116.7s to go
on time step 63052 (time=3152.6), 0.0282919 s/step
on time step 63194 (time=3159.7), 0.028282 s/step
on time step 63336 (time=3166.8), 0.0282853 s/step
on time step 63478 (time=3173.9), 0.0282995 s/step
on time step 63618 (time=3180.9), 0.02859 s/step
on time step 63759 (time=3187.95), 0.0284785 s/step
on time step 63899 (time=3194.95), 0.0287377 s/step
on time step 64041 (time=3202.05), 0.0283397 s/step
Meep progress: 3204.3/3352.4 = 95.6% done in 1860.9s, 86.0s to go
on time step 64183 (time=3209.15), 0.0283449 s/step
on time step 64325 (time=3216.25), 0.028279 s/step
on time step 64467 (time=3223.35), 0.028284 s/step
on time step 64609 (time=3230.45), 0.0283034 s/step
on time step 64749 (time=3237.45), 0.02874 s/step
on time step 64889 (time=3244.45), 0.0286505 s/step
on time step 65031 (time=3251.55), 0.0282792 s/step
Meep progress: 3257.15/3352.4 = 97.2% done in 1890.9s, 55.3s to go
on time step 65173 (time=3258.65), 0.0282848 s/step
on time step 65315 (time=3265.75), 0.0282739 s/step
on time step 65457 (time=3272.85), 0.0282772 s/step
on time step 65599 (time=3279.95), 0.0283116 s/step
on time step 65739 (time=3286.95), 0.0286054 s/step
on time step 65880 (time=3294), 0.0284469 s/step
on time step 66020 (time=3301), 0.0287367 s/step
on time step 66162 (time=3308.1), 0.0283369 s/step
Meep progress: 3309.9500000000003/3352.4 = 98.7% done in 1920.9s, 24.6s to go
on time step 66304 (time=3315.2), 0.0283021 s/step
on time step 66446 (time=3322.3), 0.028261 s/step
on time step 66588 (time=3329.4), 0.0282703 s/step
on time step 66730 (time=3336.5), 0.0282957 s/step
on time step 66870 (time=3343.5), 0.0287667 s/step
on time step 67010 (time=3350.5), 0.0286172 s/step
run 0 finished at t = 3352.4500000000003 (67049 timesteps)
field decay(t = 3352.4500000000003): 3.58061918123149e-17 / 3.58061918123149e-17 = 1.0
on time step 67149 (time=3357.45), 0.0287865 s/step
on time step 67288 (time=3364.4), 0.0288891 s/step
on time step 67427 (time=3371.35), 0.0288725 s/step
on time step 67566 (time=3378.3), 0.028871 s/step
on time step 67705 (time=3385.25), 0.0288884 s/step
on time step 67841 (time=3392.05), 0.0294819 s/step
on time step 67979 (time=3398.95), 0.0291808 s/step
field decay(t = 3402.5): 1.3250079794623956e-15 / 1.3250079794623956e-15 = 1.0
on time step 68116 (time=3405.8), 0.0293558 s/step
on time step 68255 (time=3412.75), 0.0289504 s/step
on time step 68394 (time=3419.7), 0.0289661 s/step
on time step 68533 (time=3426.65), 0.0288682 s/step
on time step 68672 (time=3433.6), 0.0288892 s/step
on time step 68811 (time=3440.55), 0.0288879 s/step
on time step 68947 (time=3447.35), 0.029523 s/step
field decay(t = 3452.55): 1.4554465411171978e-13 / 1.4554465411171978e-13 = 1.0
on time step 69085 (time=3454.25), 0.029174 s/step
on time step 69224 (time=3461.2), 0.0288634 s/step
on time step 69363 (time=3468.15), 0.0288927 s/step
on time step 69502 (time=3475.1), 0.0288756 s/step
on time step 69641 (time=3482.05), 0.0288672 s/step
on time step 69780 (time=3489), 0.0289329 s/step
on time step 69917 (time=3495.85), 0.0292134 s/step
field decay(t = 3502.6000000000004): 7.983958002703036e-11 / 7.983958002703036e-11 = 1.0
on time step 70054 (time=3502.7), 0.0292568 s/step
on time step 70191 (time=3509.55), 0.0292723 s/step
on time step 70330 (time=3516.5), 0.0289695 s/step
on time step 70469 (time=3523.45), 0.0288753 s/step
on time step 70608 (time=3530.4), 0.0288546 s/step
on time step 70747 (time=3537.35), 0.0288783 s/step
on time step 70886 (time=3544.3), 0.0289129 s/step
on time step 71022 (time=3551.1), 0.0295304 s/step
field decay(t = 3552.65): 1.1162434317506631e-08 / 1.1162434317506631e-08 = 1.0
on time step 71159 (time=3557.95), 0.0292353 s/step
on time step 71298 (time=3564.9), 0.0288497 s/step
on time step 71437 (time=3571.85), 0.0288572 s/step
on time step 71576 (time=3578.8), 0.0288418 s/step
on time step 71715 (time=3585.75), 0.0288547 s/step
on time step 71854 (time=3592.7), 0.0288654 s/step
on time step 71992 (time=3599.6), 0.0291824 s/step
field decay(t = 3602.7000000000003): 7.063921069334846e-07 / 7.063921069334846e-07 = 1.0
on time step 72129 (time=3606.45), 0.0293282 s/step
on time step 72266 (time=3613.3), 0.0292398 s/step
on time step 72405 (time=3620.25), 0.0289435 s/step
on time step 72544 (time=3627.2), 0.0289283 s/step
on time step 72683 (time=3634.15), 0.0288536 s/step
on time step 72822 (time=3641.1), 0.0288861 s/step
on time step 72961 (time=3648.05), 0.0288747 s/step
field decay(t = 3652.75): 2.2935654125857646e-05 / 2.2935654125857646e-05 = 1.0
on time step 73097 (time=3654.85), 0.0295521 s/step
on time step 73235 (time=3661.75), 0.0291422 s/step
on time step 73374 (time=3668.7), 0.0288526 s/step
on time step 73513 (time=3675.65), 0.0288791 s/step
on time step 73652 (time=3682.6), 0.0288504 s/step
on time step 73791 (time=3689.55), 0.0288578 s/step
on time step 73930 (time=3696.5), 0.0288954 s/step
field decay(t = 3702.8): 0.0003494712385871626 / 0.0003494712385871626 = 1.0
on time step 74067 (time=3703.35), 0.0292135 s/step
on time step 74204 (time=3710.2), 0.0292165 s/step
on time step 74341 (time=3717.05), 0.0292708 s/step
on time step 74480 (time=3724), 0.0289454 s/step
on time step 74619 (time=3730.95), 0.0288887 s/step
on time step 74758 (time=3737.9), 0.0288638 s/step
on time step 74897 (time=3744.85), 0.0288638 s/step
on time step 75036 (time=3751.8), 0.0288863 s/step
field decay(t = 3752.8500000000004): 0.0027035306184729374 / 0.0027035306184729374 = 1.0
on time step 75172 (time=3758.6), 0.0295111 s/step
on time step 75310 (time=3765.5), 0.0291677 s/step
on time step 75449 (time=3772.45), 0.0288616 s/step
on time step 75588 (time=3779.4), 0.0288811 s/step
on time step 75727 (time=3786.35), 0.0288745 s/step
on time step 75866 (time=3793.3), 0.0288641 s/step
on time step 76005 (time=3800.25), 0.0288825 s/step
field decay(t = 3802.9): 0.009864838091538873 / 0.009864838091538873 = 1.0
on time step 76143 (time=3807.15), 0.0292005 s/step
on time step 76281 (time=3814.05), 0.029171 s/step
on time step 76418 (time=3820.9), 0.0292858 s/step
on time step 76557 (time=3827.85), 0.028968 s/step
on time step 76696 (time=3834.8), 0.0289461 s/step
on time step 76835 (time=3841.75), 0.0288944 s/step
on time step 76974 (time=3848.7), 0.028871 s/step
field decay(t = 3852.9500000000003): 0.01772866789391609 / 0.01772866789391609 = 1.0
on time step 77113 (time=3855.65), 0.0288775 s/step
on time step 77249 (time=3862.45), 0.0295368 s/step
on time step 77387 (time=3869.35), 0.0291491 s/step
on time step 77526 (time=3876.3), 0.0288559 s/step
on time step 77665 (time=3883.25), 0.0288622 s/step
on time step 77804 (time=3890.2), 0.0288543 s/step
on time step 77943 (time=3897.15), 0.0288533 s/step
field decay(t = 3903.0): 0.018414254209541674 / 0.018414254209541674 = 1.0
on time step 78082 (time=3904.1), 0.0289053 s/step
on time step 78219 (time=3910.95), 0.0292334 s/step
on time step 78357 (time=3917.85), 0.0291377 s/step
on time step 78494 (time=3924.7), 0.0292454 s/step
on time step 78633 (time=3931.65), 0.028959 s/step
on time step 78772 (time=3938.6), 0.0288685 s/step
on time step 78911 (time=3945.55), 0.0288612 s/step
on time step 79050 (time=3952.5), 0.0288794 s/step
field decay(t = 3953.05): 0.015247694516142612 / 0.018414254209541674 = 0.8280375812473442
on time step 79189 (time=3959.45), 0.0288671 s/step
on time step 79325 (time=3966.25), 0.0295926 s/step
on time step 79463 (time=3973.15), 0.0291219 s/step
on time step 79602 (time=3980.1), 0.0288757 s/step
on time step 79741 (time=3987.05), 0.0288741 s/step
on time step 79880 (time=3994), 0.0288733 s/step
on time step 80019 (time=4000.95), 0.0288688 s/step
field decay(t = 4003.1000000000004): 0.006418170807993153 / 0.018414254209541674 = 0.3485436192505404
on time step 80158 (time=4007.9), 0.0288743 s/step
on time step 80295 (time=4014.75), 0.0292246 s/step
on time step 80433 (time=4021.65), 0.0291615 s/step
on time step 80570 (time=4028.5), 0.0292516 s/step
on time step 80709 (time=4035.45), 0.0289548 s/step
on time step 80848 (time=4042.4), 0.0289409 s/step
on time step 80987 (time=4049.35), 0.028884 s/step
field decay(t = 4053.15): 0.0013020844810075116 / 0.018414254209541674 = 0.07071068239803127
on time step 81126 (time=4056.3), 0.0288935 s/step
on time step 81265 (time=4063.25), 0.0288661 s/step
on time step 81401 (time=4070.05), 0.029594 s/step
on time step 81539 (time=4076.95), 0.0290322 s/step
on time step 81678 (time=4083.9), 0.0288626 s/step
on time step 81817 (time=4090.85), 0.0288999 s/step
on time step 81956 (time=4097.8), 0.028854 s/step
field decay(t = 4103.2): 0.00013158499916166556 / 0.018414254209541674 = 0.007145822886135809
on time step 82095 (time=4104.75), 0.0288632 s/step
on time step 82234 (time=4111.7), 0.0289123 s/step
on time step 82371 (time=4118.55), 0.0293153 s/step
on time step 82508 (time=4125.4), 0.0292401 s/step
on time step 82645 (time=4132.25), 0.0292385 s/step
on time step 82784 (time=4139.2), 0.0289351 s/step
on time step 82923 (time=4146.15), 0.0289017 s/step
on time step 83062 (time=4153.1), 0.0288668 s/step
field decay(t = 4153.25): 6.184561727589516e-06 / 0.018414254209541674 = 0.0003358573014803323
on time step 83201 (time=4160.05), 0.0289058 s/step
on time step 83340 (time=4167), 0.0288653 s/step
on time step 83476 (time=4173.8), 0.0295786 s/step
on time step 83614 (time=4180.7), 0.0290108 s/step
on time step 83753 (time=4187.65), 0.0288734 s/step
on time step 83892 (time=4194.6), 0.0288817 s/step
on time step 84031 (time=4201.55), 0.0288692 s/step
field decay(t = 4203.3): 1.4091928152372672e-07 / 0.018414254209541674 = 7.65272814853978e-06
on time step 84170 (time=4208.5), 0.0288809 s/step
on time step 84309 (time=4215.45), 0.0288858 s/step
on time step 84447 (time=4222.35), 0.0291779 s/step
on time step 84585 (time=4229.25), 0.0291685 s/step
on time step 84722 (time=4236.1), 0.0292498 s/step
on time step 84861 (time=4243.05), 0.0290059 s/step
on time step 85000 (time=4250), 0.0288961 s/step
field decay(t = 4253.35): 1.657973022174811e-09 / 0.018414254209541674 = 9.003747875467597e-08
run 1 finished at t = 4253.35 (85067 timesteps)
Elapsed time: 2467.957160 seconds.

WD: data/2021-11-26/RuntimeTest_2000/
AlreadyDir
-----------
Initializing structure...
Splitting into 64 chunks by voxels
time for choose_chunkdivision = 0.00920275 s
Working in 2D dimensions.
Computational cell is 2320 x 100 x 0 with resolution 10
     block, center = (0,0,0)
          size (1e+20,1e+20,1e+20)
          axes (1,0,0), (0,1,0), (0,0,1)
          dielectric constant epsilon diagonal = (1.9881,1.9881,1.9881)
     block, center = (0,-26.25,0)
          size (1e+20,62.5,1e+20)
          axes (1,0,0), (0,1,0), (0,0,1)
          dielectric constant epsilon diagonal = (2.0736,2.0736,2.0736)
     block, center = (0,0,0)
          size (1e+20,8.2,1e+20)
          axes (1,0,0), (0,1,0), (0,0,1)
          dielectric constant epsilon diagonal = (2.08803,2.08803,2.08803)
     block, center = (-1050,-10.9,0)
          size (100,40,1e+20)
          axes (1,0,0), (0,1,0), (0,0,1)
          dielectric constant epsilon diagonal = (1.9881,1.9881,1.9881)
     block, center = (1050,-10.9,0)
          size (100,40,1e+20)
          axes (1,0,0), (0,1,0), (0,0,1)
          dielectric constant epsilon diagonal = (1.9881,1.9881,1.9881)
time for set_epsilon = 0.314997 s
-----------
MPB solved for frequency_1(0.4,0,0) = 0.277848 after 59 iters
MPB solved for frequency_1(0.931221,0,0) = 0.645167 after 30 iters
MPB solved for frequency_1(0.931214,0,0) = 0.645161 after 6 iters
MPB solved for frequency_1(0.931214,0,0) = 0.645161 after 1 iters
Meep: using output directory 'data/2021-11-26/RuntimeTest_2000/'


Actual Run


creating output file "data/2021-11-26/RuntimeTest_2000//RunBulkExperiment-eps-000000.00.h5"...
on time step 1 (time=0.05), 4.55082 s/step
on time step 139 (time=6.95), 0.0291196 s/step
on time step 277 (time=13.85), 0.0291135 s/step
on time step 414 (time=20.7), 0.0293389 s/step
on time step 552 (time=27.6), 0.0291415 s/step
on time step 688 (time=34.4), 0.0295045 s/step
on time step 825 (time=41.25), 0.0293694 s/step
on time step 962 (time=48.1), 0.0294275 s/step
on time step 1099 (time=54.95), 0.0292966 s/step
on time step 1235 (time=61.75), 0.0294741 s/step
on time step 1372 (time=68.6), 0.0292474 s/step
on time step 1509 (time=75.45), 0.0292497 s/step
on time step 1647 (time=82.35), 0.029164 s/step
on time step 1784 (time=89.2), 0.0293188 s/step
on time step 1921 (time=96.05), 0.0293516 s/step
on time step 2056 (time=102.8), 0.0296744 s/step
on time step 2193 (time=109.65), 0.0293802 s/step
on time step 2330 (time=116.5), 0.0292456 s/step
on time step 2467 (time=123.35), 0.0293241 s/step
on time step 2605 (time=130.25), 0.0291308 s/step
on time step 2742 (time=137.1), 0.0293599 s/step
on time step 2879 (time=143.95), 0.0292856 s/step
on time step 3016 (time=150.8), 0.0294049 s/step
on time step 3153 (time=157.65), 0.0293737 s/step
on time step 3290 (time=164.5), 0.0294074 s/step
on time step 3426 (time=171.3), 0.0295081 s/step
on time step 3562 (time=178.1), 0.029574 s/step
on time step 3698 (time=184.9), 0.0294659 s/step
on time step 3834 (time=191.7), 0.0295661 s/step
on time step 3970 (time=198.5), 0.0295349 s/step
on time step 4105 (time=205.25), 0.02971 s/step
on time step 4243 (time=212.15), 0.0291818 s/step
on time step 4381 (time=219.05), 0.0291324 s/step
on time step 4518 (time=225.9), 0.0293269 s/step
on time step 4656 (time=232.8), 0.0291403 s/step
on time step 4793 (time=239.65), 0.0293867 s/step
on time step 4929 (time=246.45), 0.0295436 s/step
creating output file "data/2021-11-26/RuntimeTest_2000//RunBulkExperiment-denergy-000250.00.h5"...
on time step 5018 (time=250.9), 0.0450714 s/step
on time step 5153 (time=257.65), 0.0297837 s/step
on time step 5288 (time=264.4), 0.0297823 s/step
on time step 5423 (time=271.15), 0.0297534 s/step
on time step 5558 (time=277.9), 0.0297929 s/step
on time step 5693 (time=284.65), 0.0298372 s/step
on time step 5828 (time=291.4), 0.0297938 s/step
on time step 5964 (time=298.2), 0.0296259 s/step
on time step 6100 (time=305), 0.0295381 s/step
on time step 6237 (time=311.85), 0.0293231 s/step
on time step 6374 (time=318.7), 0.02923 s/step
on time step 6510 (time=325.5), 0.0294891 s/step
on time step 6646 (time=332.3), 0.0294957 s/step
on time step 6781 (time=339.05), 0.0297679 s/step
on time step 6916 (time=345.8), 0.0297817 s/step
on time step 7050 (time=352.5), 0.0299463 s/step
on time step 7184 (time=359.2), 0.0298892 s/step
on time step 7318 (time=365.9), 0.0299117 s/step
on time step 7453 (time=372.65), 0.0298355 s/step
on time step 7587 (time=379.35), 0.029939 s/step
on time step 7722 (time=386.1), 0.0298453 s/step
on time step 7857 (time=392.85), 0.0298381 s/step
on time step 7994 (time=399.7), 0.0292273 s/step
on time step 8130 (time=406.5), 0.0294359 s/step
on time step 8267 (time=413.35), 0.0292171 s/step
on time step 8404 (time=420.2), 0.0292223 s/step
on time step 8541 (time=427.05), 0.02938 s/step
on time step 8678 (time=433.9), 0.0292288 s/step
on time step 8815 (time=440.75), 0.0293678 s/step
on time step 8952 (time=447.6), 0.0293722 s/step
on time step 9088 (time=454.4), 0.0295956 s/step
on time step 9224 (time=461.2), 0.0294886 s/step
on time step 9360 (time=468), 0.0295077 s/step
on time step 9496 (time=474.8), 0.0294783 s/step
on time step 9632 (time=481.6), 0.0295569 s/step
on time step 9769 (time=488.45), 0.0292652 s/step
on time step 9907 (time=495.35), 0.0291783 s/step
creating output file "data/2021-11-26/RuntimeTest_2000//RunBulkExperiment-denergy-000500.00.h5"...
on time step 10000 (time=500), 0.0499217 s/step
on time step 10136 (time=506.8), 0.0294566 s/step
on time step 10273 (time=513.65), 0.0293813 s/step
on time step 10410 (time=520.5), 0.0293734 s/step
on time step 10546 (time=527.3), 0.0294267 s/step
on time step 10683 (time=534.15), 0.0293129 s/step
on time step 10820 (time=541), 0.0293876 s/step
on time step 10956 (time=547.8), 0.0294465 s/step
on time step 11092 (time=554.6), 0.0296091 s/step
on time step 11228 (time=561.4), 0.0294861 s/step
on time step 11364 (time=568.2), 0.0296224 s/step
on time step 11500 (time=575), 0.0295567 s/step
on time step 11636 (time=581.8), 0.0294231 s/step
on time step 11774 (time=588.7), 0.0291817 s/step
on time step 11912 (time=595.6), 0.0291758 s/step
on time step 12049 (time=602.45), 0.0292372 s/step
on time step 12185 (time=609.25), 0.0295275 s/step
on time step 12322 (time=616.1), 0.02935 s/step
on time step 12459 (time=622.95), 0.0294001 s/step
on time step 12596 (time=629.8), 0.029384 s/step
on time step 12733 (time=636.65), 0.0293886 s/step
on time step 12869 (time=643.45), 0.0295137 s/step
on time step 13005 (time=650.25), 0.0295542 s/step
on time step 13140 (time=657), 0.0297427 s/step
on time step 13276 (time=663.8), 0.0295824 s/step
on time step 13411 (time=670.55), 0.029756 s/step
on time step 13547 (time=677.35), 0.0294761 s/step
on time step 13684 (time=684.2), 0.0292281 s/step
on time step 13821 (time=691.05), 0.0292374 s/step
on time step 13958 (time=697.9), 0.0293379 s/step
on time step 14095 (time=704.75), 0.029314 s/step
on time step 14231 (time=711.55), 0.0296411 s/step
on time step 14368 (time=718.4), 0.0293699 s/step
on time step 14504 (time=725.2), 0.029476 s/step
on time step 14640 (time=732), 0.0294923 s/step
on time step 14776 (time=738.8), 0.029459 s/step
on time step 14912 (time=745.6), 0.0295803 s/step
creating output file "data/2021-11-26/RuntimeTest_2000//RunBulkExperiment-denergy-000750.00.h5"...
on time step 15000 (time=750), 0.0462022 s/step
on time step 15134 (time=756.7), 0.0298508 s/step
on time step 15269 (time=763.45), 0.029738 s/step
on time step 15403 (time=770.15), 0.0298859 s/step
on time step 15539 (time=776.95), 0.0295024 s/step
on time step 15676 (time=783.8), 0.029223 s/step
on time step 15813 (time=790.65), 0.0293047 s/step
on time step 15950 (time=797.5), 0.0293184 s/step
on time step 16086 (time=804.3), 0.0294595 s/step
on time step 16222 (time=811.1), 0.0295726 s/step
on time step 16358 (time=817.9), 0.0294728 s/step
on time step 16494 (time=824.7), 0.0295509 s/step
on time step 16630 (time=831.5), 0.0295386 s/step
on time step 16766 (time=838.3), 0.0295579 s/step
on time step 16902 (time=845.1), 0.0295721 s/step
on time step 17037 (time=851.85), 0.0297635 s/step
on time step 17171 (time=858.55), 0.0298931 s/step
on time step 17306 (time=865.3), 0.0297769 s/step
on time step 17441 (time=872.05), 0.0298108 s/step
on time step 17577 (time=878.85), 0.0296256 s/step
on time step 17714 (time=885.7), 0.029368 s/step
on time step 17850 (time=892.5), 0.0294986 s/step
on time step 17986 (time=899.3), 0.0294751 s/step
on time step 18122 (time=906.1), 0.0296015 s/step
on time step 18257 (time=912.85), 0.0298044 s/step
on time step 18393 (time=919.65), 0.0295781 s/step
on time step 18528 (time=926.4), 0.0297281 s/step
on time step 18663 (time=933.15), 0.0296324 s/step
on time step 18799 (time=939.95), 0.0295965 s/step
on time step 18934 (time=946.7), 0.0296629 s/step
on time step 19069 (time=953.45), 0.0298407 s/step
on time step 19203 (time=960.15), 0.0299071 s/step
on time step 19338 (time=966.9), 0.0298432 s/step
on time step 19474 (time=973.7), 0.029471 s/step
on time step 19611 (time=980.55), 0.0292664 s/step
on time step 19748 (time=987.4), 0.029371 s/step
on time step 19884 (time=994.2), 0.0294663 s/step
creating output file "data/2021-11-26/RuntimeTest_2000//RunBulkExperiment-denergy-001000.00.h5"...
on time step 20000 (time=1000), 0.0447563 s/step
run 0 finished at t = 1000.1 (20002 timesteps)
Elapsed time: 658.714073 seconds.


Elapsed run time = 3141.4037 s
