Using MPI version 3.1, 32 processes
WD: data/2021-11-21/DebuggingRealscale/
-----------
Initializing structure...
Splitting into 32 chunks by voxels
time for choose_chunkdivision = 0.00301524 s
Working in 2D dimensions.
Computational cell is 1310 x 90 x 0 with resolution 5
     block, center = (0,0,0)
          size (1e+20,1e+20,1e+20)
          axes (1,0,0), (0,1,0), (0,0,1)
          dielectric constant epsilon diagonal = (1.9881,1.9881,1.9881)
     block, center = (0,-26.25,0)
          size (1e+20,62.5,1e+20)
          axes (1,0,0), (0,1,0), (0,0,1)
          dielectric constant epsilon diagonal = (2.0736,2.0736,2.0736)
     block, center = (0,0,0)
          size (1e+20,8.2,1e+20)
          axes (1,0,0), (0,1,0), (0,0,1)
          dielectric constant epsilon diagonal = (2.08803,2.08803,2.08803)
time for set_epsilon = 0.236657 s
-----------
MPB solved for frequency_1(0.4,0,0) = 0.277835 after 56 iters
MPB solved for frequency_1(0.931246,0,0) = 0.645171 after 40 iters
MPB solved for frequency_1(0.931231,0,0) = 0.645161 after 1 iters
Meep: using output directory 'data/2021-11-21/DebuggingRealscale/'
Vector3<645.0, 0.0, 0.0>
on time step 400 (time=40), 0.0100114 s/step
on time step 937 (time=93.7), 0.00745404 s/step
on time step 1469 (time=146.9), 0.00751909 s/step
on time step 2006 (time=200.6), 0.00746155 s/step
on time step 2534 (time=253.4), 0.00758645 s/step
on time step 3056 (time=305.6), 0.00766495 s/step
on time step 3591 (time=359.1), 0.00748673 s/step
on time step 4125 (time=412.5), 0.00750179 s/step
on time step 4661 (time=466.1), 0.00747688 s/step
on time step 5189 (time=518.9), 0.00758359 s/step
on time step 5722 (time=572.2), 0.00750481 s/step
on time step 6254 (time=625.4), 0.00752385 s/step
srun: Job step aborted: Waiting up to 62 seconds for job step to finish.
srun: got SIGCONT
slurmstepd: error: *** STEP 552755.0 ON topsy-cn-1-2 CANCELLED AT 2021-11-21T13:01:33 ***
slurmstepd: error: *** JOB 552755 ON topsy-cn-1-2 CANCELLED AT 2021-11-21T13:01:33 ***
srun: forcing job termination
srun: error: topsy-cn-1-2: tasks 0-7: Terminated
srun: error: topsy-cn-2-17: tasks 8-31: Terminated
