Using MPI version 3.1, 48 processes
WD: data/2021-12-03/DebuggingTopsy/
AlreadyDir
-----------
Initializing structure...
Splitting into 48 chunks by voxels
time for choose_chunkdivision = 0.00789589 s
Working in 2D dimensions.
Computational cell is 1420 x 100 x 0 with resolution 12
     block, center = (0,0,0)
          size (1e+20,1e+20,1e+20)
          axes (1,0,0), (0,1,0), (0,0,1)
          dielectric constant epsilon diagonal = (1.99622,1.99622,1.99622)
     block, center = (0,-26.25,0)
          size (1e+20,62.5,1e+20)
          axes (1,0,0), (0,1,0), (0,0,1)
          dielectric constant epsilon diagonal = (2.0746,2.0746,2.0746)
     block, center = (0,0,0)
          size (1e+20,8.2,1e+20)
          axes (1,0,0), (0,1,0), (0,0,1)
          dielectric constant epsilon diagonal = (2.08903,2.08903,2.08903)
time for set_epsilon = 0.514712 s
-----------
MPB solved for frequency_1(0.4,0,0) = 0.277754 after 72 iters
MPB solved for frequency_1(0.931446,0,0) = 0.645152 after 29 iters
MPB solved for frequency_1(0.93146,0,0) = 0.645161 after 11 iters
MPB solved for frequency_1(0.93146,0,0) = 0.645161 after 1 iters
Meep: using output directory 'data/2021-12-03/DebuggingTopsy/'


Normalisation Run


on time step 25 (time=1.04167), 0.160855 s/step
on time step 139 (time=5.79167), 0.0350891 s/step
on time step 255 (time=10.625), 0.0345455 s/step
on time step 370 (time=15.4167), 0.0349334 s/step
on time step 485 (time=20.2083), 0.0348284 s/step
on time step 601 (time=25.0417), 0.0345796 s/step
on time step 716 (time=29.8333), 0.0349213 s/step
Meep progress: 32.166666666666664/2052.394376321794 = 1.6% done in 30.0s, 1885.2s to go
on time step 832 (time=34.6667), 0.0347619 s/step
on time step 947 (time=39.4583), 0.0348369 s/step
on time step 1063 (time=44.2917), 0.0346083 s/step
on time step 1179 (time=49.125), 0.0345609 s/step
srun: Job step aborted: Waiting up to 62 seconds for job step to finish.
srun: got SIGCONT
slurmstepd: error: *** STEP 557630.0 ON topsy-cn-1-5 CANCELLED AT 2021-12-03T11:50:57 ***
slurmstepd: error: *** JOB 557630 ON topsy-cn-1-5 CANCELLED AT 2021-12-03T11:50:57 ***
srun: forcing job termination
srun: error: topsy-cn-1-5: tasks 0-3: Terminated
srun: error: topsy-cn-1-9: tasks 44-47: Terminated
srun: error: topsy-cn-1-8: tasks 24-43: Terminated
srun: error: topsy-cn-1-7: tasks 4-23: Terminated
