Using MPI version 3.1, 32 processes
WD: data/2021-11-29/SingleBubble/
AlreadyDir
-----------
Initializing structure...
Splitting into 32 chunks by voxels
time for choose_chunkdivision = 0.00309303 s
Working in 2D dimensions.
Computational cell is 520 x 100 x 0 with resolution 10
     block, center = (0,0,0)
          size (1e+20,1e+20,1e+20)
          axes (1,0,0), (0,1,0), (0,0,1)
          dielectric constant epsilon diagonal = (1.9881,1.9881,1.9881)
     block, center = (0,-26.25,0)
          size (1e+20,62.5,1e+20)
          axes (1,0,0), (0,1,0), (0,0,1)
          dielectric constant epsilon diagonal = (2.0736,2.0736,2.0736)
     block, center = (0,0,0)
          size (1e+20,8.2,1e+20)
          axes (1,0,0), (0,1,0), (0,0,1)
          dielectric constant epsilon diagonal = (2.08803,2.08803,2.08803)
time for set_epsilon = 0.218486 s
-----------
MPB solved for frequency_1(0.4,0,0) = 0.277848 after 53 iters
MPB solved for frequency_1(0.931221,0,0) = 0.645167 after 30 iters
MPB solved for frequency_1(0.931214,0,0) = 0.645161 after 6 iters
MPB solved for frequency_1(0.931214,0,0) = 0.645161 after 1 iters
Meep: using output directory 'data/2021-11-29/SingleBubble/'


Normalisation Run


on time step 232 (time=11.6), 0.0172557 s/step
on time step 537 (time=26.85), 0.0131322 s/step
on time step 841 (time=42.05), 0.0131851 s/step
on time step 1148 (time=57.4), 0.0130597 s/step
on time step 1453 (time=72.65), 0.0131409 s/step
on time step 1758 (time=87.9), 0.0131525 s/step
on time step 2062 (time=103.1), 0.0131627 s/step
Meep progress: 110.55000000000001/751.59366024637 = 14.7% done in 30.0s, 174.0s to go
on time step 2365 (time=118.25), 0.013213 s/step
on time step 2666 (time=133.3), 0.0133285 s/step
on time step 2968 (time=148.4), 0.0132619 s/step
on time step 3269 (time=163.45), 0.0132895 s/step
on time step 3569 (time=178.45), 0.0133427 s/step
on time step 3873 (time=193.65), 0.0131896 s/step
on time step 4173 (time=208.65), 0.0133531 s/step
Meep progress: 223.45000000000002/751.59366024637 = 29.7% done in 60.0s, 141.8s to go
on time step 4476 (time=223.8), 0.0132342 s/step
on time step 4778 (time=238.9), 0.0132638 s/step
on time step 5076 (time=253.8), 0.0134374 s/step
on time step 5379 (time=268.95), 0.0132307 s/step
on time step 5679 (time=283.95), 0.0133473 s/step
on time step 5978 (time=298.9), 0.0134034 s/step
on time step 6280 (time=314), 0.0132815 s/step
on time step 6577 (time=328.85), 0.0135027 s/step
Meep progress: 335.70000000000005/751.59366024637 = 44.7% done in 90.0s, 111.5s to go
on time step 6874 (time=343.7), 0.0135117 s/step
on time step 7173 (time=358.65), 0.0134109 s/step
on time step 7469 (time=373.45), 0.0135284 s/step
on time step 7766 (time=388.3), 0.0135055 s/step
on time step 8064 (time=403.2), 0.0134509 s/step
on time step 8358 (time=417.9), 0.0136091 s/step
on time step 8652 (time=432.6), 0.0136368 s/step
Meep progress: 446.70000000000005/751.59366024637 = 59.4% done in 120.0s, 81.9s to go
on time step 8949 (time=447.45), 0.0135049 s/step
on time step 9243 (time=462.15), 0.0136164 s/step
on time step 9540 (time=477), 0.0134689 s/step
on time step 9836 (time=491.8), 0.0135402 s/step
on time step 10129 (time=506.45), 0.0136806 s/step
on time step 10427 (time=521.35), 0.0134304 s/step
on time step 10721 (time=536.05), 0.0136141 s/step
on time step 11012 (time=550.6), 0.0137519 s/step
Meep progress: 557.1/751.59366024637 = 74.1% done in 150.0s, 52.4s to go
on time step 11302 (time=565.1), 0.0138387 s/step
on time step 11427 (time=571.35), 0.0321198 s/step
on time step 11667 (time=583.35), 0.0166784 s/step
on time step 11877 (time=593.85), 0.0190546 s/step
on time step 12091 (time=604.55), 0.0186922 s/step
on time step 12389 (time=619.45), 0.013459 s/step
on time step 12693 (time=634.65), 0.0131997 s/step
Meep progress: 648.95/751.59366024637 = 86.3% done in 180.0s, 28.5s to go
on time step 13001 (time=650.05), 0.013029 s/step
on time step 13309 (time=665.45), 0.0129909 s/step
on time step 13617 (time=680.85), 0.0129941 s/step
on time step 13925 (time=696.25), 0.0129903 s/step
on time step 14233 (time=711.65), 0.0129943 s/step
on time step 14541 (time=727.05), 0.0130212 s/step
on time step 14848 (time=742.4), 0.0130362 s/step
run 0 finished at t = 751.6 (15032 timesteps)
field decay(t = 751.6): 5.092897708388008e-13 / 5.092897708388008e-13 = 1.0
on time step 15152 (time=757.6), 0.0131736 s/step
on time step 15452 (time=772.6), 0.0133513 s/step
on time step 15752 (time=787.6), 0.0133487 s/step
field decay(t = 801.6500000000001): 1.501869217289579e-10 / 1.501869217289579e-10 = 1.0
on time step 16052 (time=802.6), 0.0133496 s/step
on time step 16352 (time=817.6), 0.0133441 s/step
on time step 16652 (time=832.6), 0.0133674 s/step
on time step 16952 (time=847.6), 0.0133378 s/step
field decay(t = 851.7): 1.9273341667173693e-08 / 1.9273341667173693e-08 = 1.0
on time step 17249 (time=862.45), 0.0135333 s/step
on time step 17549 (time=877.45), 0.0133521 s/step
on time step 17849 (time=892.45), 0.0133361 s/step
field decay(t = 901.75): 1.1647638686216723e-06 / 1.1647638686216723e-06 = 1.0
on time step 18149 (time=907.45), 0.0133417 s/step
on time step 18449 (time=922.45), 0.013334 s/step
on time step 18749 (time=937.45), 0.013344 s/step
field decay(t = 951.8000000000001): 3.413667437525485e-05 / 3.413667437525485e-05 = 1.0
on time step 19048 (time=952.4), 0.0133867 s/step
on time step 19347 (time=967.35), 0.0133974 s/step
on time step 19646 (time=982.3), 0.013381 s/step
on time step 19946 (time=997.3), 0.0133356 s/step
field decay(t = 1001.85): 0.0004939446884247732 / 0.0004939446884247732 = 1.0
on time step 20246 (time=1012.3), 0.0133378 s/step
on time step 20546 (time=1027.3), 0.0133374 s/step
on time step 20846 (time=1042.3), 0.01334 s/step
field decay(t = 1051.9): 0.003372791459152196 / 0.003372791459152196 = 1.0
on time step 21146 (time=1057.3), 0.0133573 s/step
on time step 21446 (time=1072.3), 0.0133358 s/step
on time step 21742 (time=1087.1), 0.0135286 s/step
field decay(t = 1101.95): 0.011529550054713567 / 0.011529550054713567 = 1.0
on time step 22042 (time=1102.1), 0.013355 s/step
on time step 22342 (time=1117.1), 0.0133377 s/step
on time step 22642 (time=1132.1), 0.013345 s/step
on time step 22942 (time=1147.1), 0.0133356 s/step
field decay(t = 1152.0): 0.018867995305635554 / 0.018867995305635554 = 1.0
on time step 23242 (time=1162.1), 0.0133425 s/step
on time step 23541 (time=1177.05), 0.0133815 s/step
on time step 23840 (time=1192), 0.0134 s/step
field decay(t = 1202.05): 0.019123853504393225 / 0.019123853504393225 = 1.0
on time step 24139 (time=1206.95), 0.0133802 s/step
on time step 24439 (time=1221.95), 0.0133369 s/step
on time step 24739 (time=1236.95), 0.013338 s/step
on time step 25039 (time=1251.95), 0.0133382 s/step
field decay(t = 1252.1000000000001): 0.014928507268039442 / 0.019123853504393225 = 0.7806223397711132
on time step 25339 (time=1266.95), 0.0133374 s/step
on time step 25639 (time=1281.95), 0.0133589 s/step
on time step 25939 (time=1296.95), 0.0133392 s/step
field decay(t = 1302.15): 0.005670835292360698 / 0.019123853504393225 = 0.29653204000218714
on time step 26235 (time=1311.75), 0.0135394 s/step
on time step 26535 (time=1326.75), 0.0133596 s/step
on time step 26835 (time=1341.75), 0.0133412 s/step
field decay(t = 1352.2): 0.001072512256347657 / 0.019123853504393225 = 0.05608243422808453
on time step 27135 (time=1356.75), 0.0133427 s/step
on time step 27435 (time=1371.75), 0.0133368 s/step
on time step 27735 (time=1386.75), 0.0133448 s/step
on time step 28035 (time=1401.75), 0.0133736 s/step
field decay(t = 1402.25): 9.554434891326848e-05 / 0.019123853504393225 = 0.004996082452279797
on time step 28334 (time=1416.7), 0.0134163 s/step
on time step 28633 (time=1431.65), 0.0133815 s/step
on time step 28933 (time=1446.65), 0.0133362 s/step
field decay(t = 1452.3000000000002): 4.3266013781421515e-06 / 0.019123853504393225 = 0.00022624108562368058
on time step 29233 (time=1461.65), 0.0133418 s/step
on time step 29533 (time=1476.65), 0.0133384 s/step
on time step 29833 (time=1491.65), 0.0133424 s/step
field decay(t = 1502.3500000000001): 9.080227194381256e-08 / 0.019123853504393225 = 4.748115850341199e-06
on time step 30133 (time=1506.65), 0.0133638 s/step
on time step 30433 (time=1521.65), 0.0133378 s/step
on time step 30729 (time=1536.45), 0.0135219 s/step
on time step 31029 (time=1551.45), 0.0133543 s/step
field decay(t = 1552.4): 9.872533720143459e-10 / 0.019123853504393225 = 5.1624186087158075e-08
run 1 finished at t = 1552.4 (31048 timesteps)
Elapsed time: 420.841545 seconds.

WD: data/2021-11-29/SingleBubble/
AlreadyDir
-----------
Initializing structure...
Splitting into 32 chunks by voxels
time for choose_chunkdivision = 0.0029202 s
Working in 2D dimensions.
Computational cell is 520 x 100 x 0 with resolution 10
     block, center = (0,-10.9,0)
          size (300,40,1e+20)
          axes (1,0,0), (0,1,0), (0,0,1)
          dielectric constant epsilon diagonal = (1.99318,1.99318,1.99318)
time for set_epsilon = 0.107511 s
-----------
MPB solved for frequency_1(0.4,0,0) = 0.4 after 84 iters
MPB solved for frequency_1(0.645161,0,0) = 0.645161 after 1 iters
Meep: using output directory 'data/2021-11-29/SingleBubble/'


Actual Run


on time step 242 (time=12.1), 0.0165306 s/step
on time step 555 (time=27.75), 0.0127809 s/step
on time step 868 (time=43.4), 0.0127879 s/step
on time step 1181 (time=59.05), 0.0128015 s/step
on time step 1491 (time=74.55), 0.0129155 s/step
on time step 1802 (time=90.1), 0.0129008 s/step
on time step 2111 (time=105.55), 0.0129547 s/step
Meep progress: 113.2/751.59366024637 = 15.1% done in 30.0s, 169.2s to go
on time step 2421 (time=121.05), 0.0129355 s/step
on time step 2730 (time=136.5), 0.0129471 s/step
on time step 3039 (time=151.95), 0.0129568 s/step
on time step 3349 (time=167.45), 0.01292 s/step
on time step 3657 (time=182.85), 0.013008 s/step
on time step 3965 (time=198.25), 0.013007 s/step
on time step 4270 (time=213.5), 0.0131532 s/step
Meep progress: 228.70000000000002/751.59366024637 = 30.4% done in 60.0s, 137.2s to go
on time step 4579 (time=228.95), 0.0129674 s/step
on time step 4884 (time=244.2), 0.0131149 s/step
on time step 5192 (time=259.6), 0.0129938 s/step
on time step 5500 (time=275), 0.0130229 s/step
on time step 5808 (time=290.4), 0.0129954 s/step
on time step 6114 (time=305.7), 0.0130898 s/step
on time step 6422 (time=321.1), 0.0130187 s/step
on time step 6728 (time=336.4), 0.0130783 s/step
Meep progress: 343.75/751.59366024637 = 45.7% done in 90.0s, 106.8s to go
on time step 7036 (time=351.8), 0.0130123 s/step
on time step 7341 (time=367.05), 0.0131436 s/step
on time step 7646 (time=382.3), 0.0131232 s/step
on time step 7948 (time=397.4), 0.013291 s/step
on time step 8158 (time=407.9), 0.0191397 s/step
on time step 8383 (time=419.15), 0.0177882 s/step
on time step 8612 (time=430.6), 0.0174991 s/step
Meep progress: 445.65000000000003/751.59366024637 = 59.3% done in 120.0s, 82.4s to go
on time step 8925 (time=446.25), 0.0127989 s/step
on time step 9238 (time=461.9), 0.0127833 s/step
on time step 9551 (time=477.55), 0.0127815 s/step
on time step 9864 (time=493.2), 0.0127828 s/step
on time step 10177 (time=508.85), 0.012804 s/step
on time step 10489 (time=524.45), 0.0128422 s/step
on time step 10802 (time=540.1), 0.0128201 s/step
on time step 11115 (time=555.75), 0.0127848 s/step
Meep progress: 562.85/751.59366024637 = 74.9% done in 150.0s, 50.3s to go
on time step 11428 (time=571.4), 0.0127815 s/step
on time step 11741 (time=587.05), 0.0127833 s/step
on time step 12054 (time=602.7), 0.0127869 s/step
on time step 12367 (time=618.35), 0.0127844 s/step
on time step 12680 (time=634), 0.0128076 s/step
on time step 12991 (time=649.55), 0.0128791 s/step
on time step 13303 (time=665.15), 0.012851 s/step
Meep progress: 679.95/751.59366024637 = 90.5% done in 180.0s, 19.0s to go
on time step 13616 (time=680.8), 0.0127992 s/step
on time step 13929 (time=696.45), 0.0127862 s/step
on time step 14242 (time=712.1), 0.0127799 s/step
on time step 14555 (time=727.75), 0.0127824 s/step
on time step 14868 (time=743.4), 0.0127881 s/step
run 0 finished at t = 751.6 (15032 timesteps)
field decay(t = 751.6): 0.07804330052733252 / 0.07804330052733252 = 1.0
creating output file "data/2021-11-29/SingleBubble//BulkSingle-eps-000751.60.h5"...
creating output file "data/2021-11-29/SingleBubble//BulkSingle-denergy-000751.60.h5"...
on time step 15032 (time=751.6), 0.0725474 s/step
creating output file "data/2021-11-29/SingleBubble//BulkSingle-denergy-000751.65.h5"...
creating output file "data/2021-11-29/SingleBubble//BulkSingle-denergy-000751.70.h5"...
on time step 15034 (time=751.7), 6.12561 s/step
creating output file "data/2021-11-29/SingleBubble//BulkSingle-denergy-000751.75.h5"...
creating output file "data/2021-11-29/SingleBubble//BulkSingle-denergy-000751.80.h5"...
on time step 15036 (time=751.8), 5.10916 s/step
creating output file "data/2021-11-29/SingleBubble//BulkSingle-denergy-000751.85.h5"...
creating output file "data/2021-11-29/SingleBubble//BulkSingle-denergy-000751.90.h5"...
on time step 15038 (time=751.9), 6.0763 s/step
creating output file "data/2021-11-29/SingleBubble//BulkSingle-denergy-000751.95.h5"...
creating output file "data/2021-11-29/SingleBubble//BulkSingle-denergy-000752.00.h5"...
on time step 15040 (time=752), 6.23927 s/step
creating output file "data/2021-11-29/SingleBubble//BulkSingle-denergy-000752.05.h5"...
on time step 15041 (time=752.05), 8.71317 s/step
creating output file "data/2021-11-29/SingleBubble//BulkSingle-denergy-000752.10.h5"...
creating output file "data/2021-11-29/SingleBubble//BulkSingle-denergy-000752.15.h5"...
on time step 15043 (time=752.15), 6.25926 s/step
creating output file "data/2021-11-29/SingleBubble//BulkSingle-denergy-000752.20.h5"...
creating output file "data/2021-11-29/SingleBubble//BulkSingle-denergy-000752.25.h5"...
on time step 15045 (time=752.25), 4.70251 s/step
creating output file "data/2021-11-29/SingleBubble//BulkSingle-denergy-000752.30.h5"...
creating output file "data/2021-11-29/SingleBubble//BulkSingle-denergy-000752.35.h5"...
on time step 15047 (time=752.35), 5.31262 s/step
creating output file "data/2021-11-29/SingleBubble//BulkSingle-denergy-000752.40.h5"...
creating output file "data/2021-11-29/SingleBubble//BulkSingle-denergy-000752.45.h5"...
on time step 15049 (time=752.45), 5.61881 s/step
creating output file "data/2021-11-29/SingleBubble//BulkSingle-denergy-000752.50.h5"...
creating output file "data/2021-11-29/SingleBubble//BulkSingle-denergy-000752.55.h5"...
on time step 15051 (time=752.55), 6.17071 s/step
creating output file "data/2021-11-29/SingleBubble//BulkSingle-denergy-000752.60.h5"...
creating output file "data/2021-11-29/SingleBubble//BulkSingle-denergy-000752.65.h5"...
on time step 15053 (time=752.65), 4.58795 s/step
creating output file "data/2021-11-29/SingleBubble//BulkSingle-denergy-000752.70.h5"...
creating output file "data/2021-11-29/SingleBubble//BulkSingle-denergy-000752.75.h5"...
on time step 15055 (time=752.75), 6.07078 s/step
creating output file "data/2021-11-29/SingleBubble//BulkSingle-denergy-000752.80.h5"...
creating output file "data/2021-11-29/SingleBubble//BulkSingle-denergy-000752.85.h5"...
on time step 15057 (time=752.85), 4.99436 s/step
creating output file "data/2021-11-29/SingleBubble//BulkSingle-denergy-000752.90.h5"...
creating output file "data/2021-11-29/SingleBubble//BulkSingle-denergy-000752.95.h5"...
on time step 15059 (time=752.95), 5.55793 s/step
creating output file "data/2021-11-29/SingleBubble//BulkSingle-denergy-000753.00.h5"...
creating output file "data/2021-11-29/SingleBubble//BulkSingle-denergy-000753.05.h5"...
on time step 15061 (time=753.05), 5.54647 s/step
creating output file "data/2021-11-29/SingleBubble//BulkSingle-denergy-000753.10.h5"...
creating output file "data/2021-11-29/SingleBubble//BulkSingle-denergy-000753.15.h5"...
on time step 15063 (time=753.15), 5.51055 s/step
creating output file "data/2021-11-29/SingleBubble//BulkSingle-denergy-000753.20.h5"...
creating output file "data/2021-11-29/SingleBubble//BulkSingle-denergy-000753.25.h5"...
on time step 15065 (time=753.25), 4.16113 s/step
creating output file "data/2021-11-29/SingleBubble//BulkSingle-denergy-000753.30.h5"...
creating output file "data/2021-11-29/SingleBubble//BulkSingle-denergy-000753.35.h5"...
on time step 15067 (time=753.35), 4.68288 s/step
creating output file "data/2021-11-29/SingleBubble//BulkSingle-denergy-000753.40.h5"...
creating output file "data/2021-11-29/SingleBubble//BulkSingle-denergy-000753.45.h5"...
on time step 15069 (time=753.45), 3.91977 s/step
creating output file "data/2021-11-29/SingleBubble//BulkSingle-denergy-000753.50.h5"...
creating output file "data/2021-11-29/SingleBubble//BulkSingle-denergy-000753.55.h5"...
on time step 15071 (time=753.55), 4.27086 s/step
creating output file "data/2021-11-29/SingleBubble//BulkSingle-denergy-000753.60.h5"...
creating output file "data/2021-11-29/SingleBubble//BulkSingle-denergy-000753.65.h5"...
on time step 15073 (time=753.65), 5.5775 s/step
creating output file "data/2021-11-29/SingleBubble//BulkSingle-denergy-000753.70.h5"...
creating output file "data/2021-11-29/SingleBubble//BulkSingle-denergy-000753.75.h5"...
on time step 15075 (time=753.75), 5.30076 s/step
creating output file "data/2021-11-29/SingleBubble//BulkSingle-denergy-000753.80.h5"...
creating output file "data/2021-11-29/SingleBubble//BulkSingle-denergy-000753.85.h5"...
on time step 15077 (time=753.85), 4.14913 s/step
creating output file "data/2021-11-29/SingleBubble//BulkSingle-denergy-000753.90.h5"...
creating output file "data/2021-11-29/SingleBubble//BulkSingle-denergy-000753.95.h5"...
on time step 15079 (time=753.95), 4.70869 s/step
creating output file "data/2021-11-29/SingleBubble//BulkSingle-denergy-000754.00.h5"...
creating output file "data/2021-11-29/SingleBubble//BulkSingle-denergy-000754.05.h5"...
on time step 15081 (time=754.05), 4.75877 s/step
creating output file "data/2021-11-29/SingleBubble//BulkSingle-denergy-000754.10.h5"...
creating output file "data/2021-11-29/SingleBubble//BulkSingle-denergy-000754.15.h5"...
on time step 15083 (time=754.15), 4.90546 s/step
creating output file "data/2021-11-29/SingleBubble//BulkSingle-denergy-000754.20.h5"...
creating output file "data/2021-11-29/SingleBubble//BulkSingle-denergy-000754.25.h5"...
on time step 15085 (time=754.25), 3.74947 s/step
creating output file "data/2021-11-29/SingleBubble//BulkSingle-denergy-000754.30.h5"...
creating output file "data/2021-11-29/SingleBubble//BulkSingle-denergy-000754.35.h5"...
on time step 15087 (time=754.35), 4.48407 s/step
creating output file "data/2021-11-29/SingleBubble//BulkSingle-denergy-000754.40.h5"...
creating output file "data/2021-11-29/SingleBubble//BulkSingle-denergy-000754.45.h5"...
on time step 15089 (time=754.45), 5.12986 s/step
creating output file "data/2021-11-29/SingleBubble//BulkSingle-denergy-000754.50.h5"...
creating output file "data/2021-11-29/SingleBubble//BulkSingle-denergy-000754.55.h5"...
on time step 15091 (time=754.55), 6.20269 s/step
creating output file "data/2021-11-29/SingleBubble//BulkSingle-denergy-000754.60.h5"...
creating output file "data/2021-11-29/SingleBubble//BulkSingle-denergy-000754.65.h5"...
on time step 15093 (time=754.65), 5.40238 s/step
creating output file "data/2021-11-29/SingleBubble//BulkSingle-denergy-000754.70.h5"...
creating output file "data/2021-11-29/SingleBubble//BulkSingle-denergy-000754.75.h5"...
on time step 15095 (time=754.75), 5.02671 s/step
creating output file "data/2021-11-29/SingleBubble//BulkSingle-denergy-000754.80.h5"...
creating output file "data/2021-11-29/SingleBubble//BulkSingle-denergy-000754.85.h5"...
on time step 15097 (time=754.85), 4.73124 s/step
creating output file "data/2021-11-29/SingleBubble//BulkSingle-denergy-000754.90.h5"...
creating output file "data/2021-11-29/SingleBubble//BulkSingle-denergy-000754.95.h5"...
on time step 15099 (time=754.95), 6.4952 s/step
creating output file "data/2021-11-29/SingleBubble//BulkSingle-denergy-000755.00.h5"...
creating output file "data/2021-11-29/SingleBubble//BulkSingle-denergy-000755.05.h5"...
on time step 15101 (time=755.05), 4.91417 s/step
creating output file "data/2021-11-29/SingleBubble//BulkSingle-denergy-000755.10.h5"...
creating output file "data/2021-11-29/SingleBubble//BulkSingle-denergy-000755.15.h5"...
on time step 15103 (time=755.15), 4.59263 s/step
creating output file "data/2021-11-29/SingleBubble//BulkSingle-denergy-000755.20.h5"...
creating output file "data/2021-11-29/SingleBubble//BulkSingle-denergy-000755.25.h5"...
on time step 15105 (time=755.25), 5.53383 s/step
creating output file "data/2021-11-29/SingleBubble//BulkSingle-denergy-000755.30.h5"...
creating output file "data/2021-11-29/SingleBubble//BulkSingle-denergy-000755.35.h5"...
srun: Job step aborted: Waiting up to 62 seconds for job step to finish.
srun: got SIGCONT
slurmstepd: error: *** STEP 553324.0 ON topsy-cn-1-5 CANCELLED AT 2021-11-29T13:24:06 ***
slurmstepd: error: *** JOB 553324 ON topsy-cn-1-5 CANCELLED AT 2021-11-29T13:24:06 ***
srun: forcing job termination
srun: error: topsy-cn-1-7: tasks 20,23,25-31: Terminated
srun: error: topsy-cn-1-5: tasks 0-7,9-15,17,19: Terminated
srun: error: topsy-cn-1-7: tasks 21-22: Terminated
srun: error: topsy-cn-1-5: task 8: Terminated
srun: error: topsy-cn-1-7: task 24: Terminated
srun: error: topsy-cn-1-5: tasks 16,18: Terminated
