Using MPI version 3.1, 32 processes
WD: data/2021-11-08/LargerCavityNoPDMSDblDecay/
AlreadyDir
-----------
Initializing structure...
Splitting into 32 chunks by voxels
time for choose_chunkdivision = 0.00302147 s
Working in 2D dimensions.
Computational cell is 810 x 100 x 0 with resolution 5
     block, center = (0,0,0)
          size (1e+20,1e+20,1e+20)
          axes (1,0,0), (0,1,0), (0,0,1)
          dielectric constant epsilon diagonal = (1,1,1)
     block, center = (0,-30.25,0)
          size (1e+20,62.5,1e+20)
          axes (1,0,0), (0,1,0), (0,0,1)
          dielectric constant epsilon diagonal = (2.0736,2.0736,2.0736)
     block, center = (0,0,0)
          size (1e+20,8.2,1e+20)
          axes (1,0,0), (0,1,0), (0,0,1)
          dielectric constant epsilon diagonal = (2.08803,2.08803,2.08803)
time for set_epsilon = 0.263621 s
-----------
MPB solved for frequency_1(0.4,0,0) = 0.279231 after 89 iters
MPB solved for frequency_1(0.93135,0,0) = 0.645754 after 50 iters
MPB solved for frequency_1(0.930492,0,0) = 0.645161 after 17 iters
MPB solved for frequency_1(0.930493,0,0) = 0.645161 after 1 iters
Meep: using output directory 'data/2021-11-08/LargerCavityNoPDMSDblDecay/'
Vector3<401.5, 0.0, 0.0>
on time step 619 (time=61.9), 0.00646429 s/step
on time step 1359 (time=135.9), 0.00541079 s/step
on time step 2081 (time=208.1), 0.00554123 s/step
on time step 2803 (time=280.3), 0.00554594 s/step
on time step 3516 (time=351.6), 0.00561308 s/step
on time step 4216 (time=421.6), 0.00571608 s/step
on time step 4912 (time=491.2), 0.00575481 s/step
on time step 5622 (time=562.2), 0.00564062 s/step
on time step 6337 (time=633.7), 0.00559556 s/step
on time step 6791 (time=679.1), 0.00882202 s/step
on time step 7536 (time=753.6), 0.00537035 s/step
on time step 8312 (time=831.2), 0.00516074 s/step
on time step 9083 (time=908.3), 0.00519235 s/step
on time step 9854 (time=985.4), 0.00519424 s/step
on time step 10626 (time=1062.6), 0.005183 s/step
on time step 11401 (time=1140.1), 0.00516212 s/step
on time step 12166 (time=1216.6), 0.00523026 s/step
on time step 12941 (time=1294.1), 0.00516603 s/step
on time step 13715 (time=1371.5), 0.0051712 s/step
on time step 14490 (time=1449), 0.00516754 s/step
on time step 15264 (time=1526.4), 0.00517033 s/step
on time step 16030 (time=1603), 0.00522213 s/step
on time step 16804 (time=1680.4), 0.00517259 s/step
on time step 17577 (time=1757.7), 0.00517984 s/step
on time step 18349 (time=1834.9), 0.00518252 s/step
on time step 19123 (time=1912.3), 0.00517212 s/step
on time step 19896 (time=1989.6), 0.00517557 s/step
field decay(t = 2000.1000000000001): 0.16815594708760673 / 0.16815594708760673 = 1.0
on time step 20669 (time=2066.9), 0.00517622 s/step
on time step 21435 (time=2143.5), 0.00522626 s/step
on time step 22206 (time=2220.6), 0.00519442 s/step
on time step 22979 (time=2297.9), 0.0051765 s/step
on time step 23751 (time=2375.1), 0.00518359 s/step
on time step 24524 (time=2452.4), 0.00517715 s/step
on time step 25297 (time=2529.7), 0.0051766 s/step
on time step 26064 (time=2606.4), 0.00521956 s/step
on time step 26837 (time=2683.7), 0.00517624 s/step
on time step 27608 (time=2760.8), 0.00519234 s/step
on time step 28381 (time=2838.1), 0.0051805 s/step
on time step 29154 (time=2915.4), 0.00518106 s/step
on time step 29926 (time=2992.6), 0.00518506 s/step
on time step 30698 (time=3069.8), 0.00518148 s/step
on time step 31471 (time=3147.1), 0.005178 s/step
on time step 32244 (time=3224.4), 0.00517675 s/step
on time step 33009 (time=3300.9), 0.00523469 s/step
on time step 33779 (time=3377.9), 0.00519714 s/step
on time step 34552 (time=3455.2), 0.0051777 s/step
on time step 35324 (time=3532.4), 0.00518737 s/step
on time step 36096 (time=3609.6), 0.00518534 s/step
on time step 36868 (time=3686.8), 0.00518361 s/step
on time step 37637 (time=3763.7), 0.0052083 s/step
on time step 38409 (time=3840.9), 0.00518514 s/step
on time step 39179 (time=3917.9), 0.00520003 s/step
on time step 39952 (time=3995.2), 0.00518023 s/step
field decay(t = 4000.1000000000004): 0.000948831912488804 / 0.16815594708760673 = 0.005642571249617933
on time step 40724 (time=4072.4), 0.00518364 s/step
on time step 41494 (time=4149.4), 0.00519504 s/step
on time step 42266 (time=4226.6), 0.00518143 s/step
on time step 43039 (time=4303.9), 0.00517972 s/step
on time step 43812 (time=4381.2), 0.00518041 s/step
on time step 44577 (time=4457.7), 0.00523049 s/step
on time step 45347 (time=4534.7), 0.00520103 s/step
on time step 46120 (time=4612), 0.00517901 s/step
on time step 46892 (time=4689.2), 0.00518784 s/step
on time step 47665 (time=4766.5), 0.00517834 s/step
on time step 48438 (time=4843.8), 0.00518037 s/step
on time step 49205 (time=4920.5), 0.00521711 s/step
on time step 49978 (time=4997.8), 0.00518042 s/step
on time step 50748 (time=5074.8), 0.00519874 s/step
on time step 51522 (time=5152.2), 0.00517445 s/step
on time step 52295 (time=5229.5), 0.00517823 s/step
on time step 53066 (time=5306.6), 0.00519469 s/step
on time step 53838 (time=5383.8), 0.00518652 s/step
on time step 54610 (time=5461), 0.00518287 s/step
on time step 55383 (time=5538.3), 0.00517844 s/step
on time step 56149 (time=5614.9), 0.00522813 s/step
on time step 56919 (time=5691.9), 0.00519807 s/step
on time step 57692 (time=5769.2), 0.00517735 s/step
on time step 58463 (time=5846.3), 0.00519006 s/step
on time step 59236 (time=5923.6), 0.00517483 s/step
field decay(t = 6000.200000000001): 6.821614952636596e-17 / 0.16815594708760673 = 4.056719414795741e-16
on time step 60008 (time=6000.8), 0.00518192 s/step
on time step 60776 (time=6077.6), 0.00521055 s/step
on time step 61548 (time=6154.8), 0.00518353 s/step
on time step 62318 (time=6231.8), 0.00519829 s/step
on time step 63091 (time=6309.1), 0.00517962 s/step
on time step 63863 (time=6386.3), 0.00518144 s/step
on time step 64635 (time=6463.5), 0.00518695 s/step
on time step 65407 (time=6540.7), 0.00518234 s/step
on time step 66179 (time=6617.9), 0.00518137 s/step
on time step 66953 (time=6695.3), 0.00517439 s/step
on time step 67717 (time=6771.7), 0.00524226 s/step
on time step 68488 (time=6848.8), 0.00518879 s/step
on time step 69261 (time=6926.1), 0.00517533 s/step
on time step 70033 (time=7003.3), 0.00518187 s/step
on time step 70806 (time=7080.6), 0.00518085 s/step
on time step 71579 (time=7157.9), 0.00518052 s/step
on time step 72346 (time=7234.6), 0.00521923 s/step
on time step 73118 (time=7311.8), 0.00518288 s/step
on time step 73888 (time=7388.8), 0.00520008 s/step
on time step 74662 (time=7466.2), 0.00517446 s/step
on time step 75435 (time=7543.5), 0.00517685 s/step
on time step 76207 (time=7620.7), 0.00518379 s/step
on time step 76980 (time=7698), 0.00517838 s/step
on time step 77754 (time=7775.4), 0.00517452 s/step
on time step 78527 (time=7852.7), 0.00517794 s/step
on time step 79292 (time=7929.2), 0.00523184 s/step
field decay(t = 8000.3): 7.54499223758478e-18 / 0.16815594708760673 = 4.486901812431262e-17
on time step 80064 (time=8006.4), 0.00518455 s/step
on time step 80837 (time=8083.7), 0.00517671 s/step
on time step 81609 (time=8160.9), 0.00518566 s/step
on time step 82382 (time=8238.2), 0.00517759 s/step
on time step 83155 (time=8315.5), 0.00517677 s/step
on time step 83923 (time=8392.3), 0.0052107 s/step
on time step 84696 (time=8469.6), 0.00517701 s/step
on time step 85467 (time=8546.7), 0.00518826 s/step
on time step 86240 (time=8624), 0.0051747 s/step
on time step 87013 (time=8701.3), 0.00517752 s/step
on time step 87777 (time=8777.7), 0.00523688 s/step
on time step 88549 (time=8854.9), 0.00518245 s/step
on time step 89323 (time=8932.3), 0.00517162 s/step
on time step 90096 (time=9009.6), 0.00517744 s/step
on time step 90860 (time=9086), 0.00523561 s/step
on time step 91632 (time=9163.2), 0.00518326 s/step
on time step 92406 (time=9240.6), 0.00517287 s/step
on time step 93178 (time=9317.8), 0.00518369 s/step
on time step 93951 (time=9395.1), 0.0051768 s/step
on time step 94724 (time=9472.4), 0.00517473 s/step
on time step 95491 (time=9549.1), 0.00521867 s/step
on time step 96264 (time=9626.4), 0.00517703 s/step
on time step 97034 (time=9703.4), 0.00519846 s/step
on time step 97808 (time=9780.8), 0.00517469 s/step
on time step 98581 (time=9858.1), 0.00517579 s/step
on time step 99353 (time=9935.3), 0.0051865 s/step
field decay(t = 10000.400000000001): 3.0014511278496086e-18 / 0.16815594708760673 = 1.7849211876436922e-17
on time step 100127 (time=10012.7), 0.00517317 s/step
on time step 100900 (time=10090), 0.00517612 s/step
on time step 101675 (time=10167.5), 0.00516771 s/step
on time step 102439 (time=10243.9), 0.00523942 s/step
on time step 103211 (time=10321.1), 0.00518365 s/step
on time step 103985 (time=10398.5), 0.00516892 s/step
on time step 104757 (time=10475.7), 0.00518274 s/step
on time step 105531 (time=10553.1), 0.00517238 s/step
on time step 106304 (time=10630.4), 0.00517719 s/step
on time step 107072 (time=10707.2), 0.00521271 s/step
on time step 107845 (time=10784.5), 0.00517655 s/step
on time step 108615 (time=10861.5), 0.0051952 s/step
on time step 109389 (time=10938.9), 0.00517164 s/step
on time step 110163 (time=11016.3), 0.00517285 s/step
on time step 110936 (time=11093.6), 0.00517938 s/step
on time step 111709 (time=11170.9), 0.00517561 s/step
on time step 112482 (time=11248.2), 0.00517982 s/step
on time step 113255 (time=11325.5), 0.00517539 s/step
on time step 114019 (time=11401.9), 0.00524053 s/step
on time step 114792 (time=11479.2), 0.00518116 s/step
on time step 115565 (time=11556.5), 0.00517879 s/step
on time step 116336 (time=11633.6), 0.00518811 s/step
on time step 117109 (time=11710.9), 0.00517719 s/step
on time step 117882 (time=11788.2), 0.00517483 s/step
on time step 118650 (time=11865), 0.00521468 s/step
on time step 119424 (time=11942.4), 0.00517225 s/step
field decay(t = 12000.5): 1.292156242350627e-18 / 0.16815594708760673 = 7.684273228097207e-18
on time step 120194 (time=12019.4), 0.00519664 s/step
on time step 120967 (time=12096.7), 0.00517493 s/step
on time step 121741 (time=12174.1), 0.00517148 s/step
on time step 122513 (time=12251.3), 0.00518407 s/step
on time step 123286 (time=12328.6), 0.00517635 s/step
on time step 124059 (time=12405.9), 0.00517807 s/step
on time step 124832 (time=12483.2), 0.00517971 s/step
on time step 125594 (time=12559.4), 0.0052512 s/step
on time step 126368 (time=12636.8), 0.00517423 s/step
on time step 127142 (time=12714.2), 0.00517066 s/step
on time step 127913 (time=12791.3), 0.00518846 s/step
on time step 128687 (time=12868.7), 0.00517179 s/step
on time step 129460 (time=12946), 0.00517695 s/step
on time step 130228 (time=13022.8), 0.00520957 s/step
on time step 131000 (time=13100), 0.00518179 s/step
on time step 131770 (time=13177), 0.00519716 s/step
on time step 132543 (time=13254.3), 0.00517588 s/step
on time step 133316 (time=13331.6), 0.00517835 s/step
on time step 134088 (time=13408.8), 0.0051844 s/step
on time step 134861 (time=13486.1), 0.00517994 s/step
on time step 135634 (time=13563.4), 0.0051794 s/step
on time step 136407 (time=13640.7), 0.00518025 s/step
on time step 137169 (time=13716.9), 0.00525058 s/step
on time step 137941 (time=13794.1), 0.00518346 s/step
on time step 138714 (time=13871.4), 0.00517601 s/step
on time step 139486 (time=13948.6), 0.00518269 s/step
field decay(t = 14000.6): 6.069756567497345e-19 / 0.16815594708760673 = 3.6095997035032565e-18
on time step 140259 (time=14025.9), 0.00517716 s/step
on time step 141032 (time=14103.2), 0.00517878 s/step
on time step 141799 (time=14179.9), 0.00522161 s/step
on time step 142571 (time=14257.1), 0.00518138 s/step
on time step 143341 (time=14334.1), 0.00519688 s/step
on time step 144113 (time=14411.3), 0.00518206 s/step
on time step 144886 (time=14488.6), 0.00517511 s/step
on time step 145658 (time=14565.8), 0.00518738 s/step
on time step 146430 (time=14643), 0.00518255 s/step
on time step 147203 (time=14720.3), 0.00517896 s/step
on time step 147975 (time=14797.5), 0.00518214 s/step
on time step 148737 (time=14873.7), 0.00525185 s/step
on time step 149510 (time=14951), 0.00517976 s/step
on time step 150282 (time=15028.2), 0.00518216 s/step
on time step 151053 (time=15105.3), 0.00519333 s/step
on time step 151826 (time=15182.6), 0.00517506 s/step
on time step 152599 (time=15259.9), 0.00518021 s/step
on time step 153367 (time=15336.7), 0.00521393 s/step
on time step 154139 (time=15413.9), 0.0051816 s/step
on time step 154909 (time=15490.9), 0.00519637 s/step
on time step 155681 (time=15568.1), 0.00518169 s/step
on time step 156454 (time=15645.4), 0.00517759 s/step
on time step 157225 (time=15722.5), 0.00519333 s/step
on time step 157997 (time=15799.7), 0.00518496 s/step
on time step 158769 (time=15876.9), 0.00518372 s/step
on time step 159542 (time=15954.2), 0.00518055 s/step
field decay(t = 16000.7): 3.4230437026944578e-19 / 0.16815594708760673 = 2.0356364208225734e-18
on time step 160304 (time=16030.4), 0.00525467 s/step
on time step 161077 (time=16107.7), 0.00517622 s/step
on time step 161849 (time=16184.9), 0.00518157 s/step
on time step 162620 (time=16262), 0.0051891 s/step
on time step 163393 (time=16339.3), 0.00517702 s/step
on time step 164166 (time=16416.6), 0.00517757 s/step
on time step 164934 (time=16493.4), 0.00521225 s/step
on time step 165708 (time=16570.8), 0.00517361 s/step
on time step 166481 (time=16648.1), 0.00517991 s/step
on time step 167255 (time=16725.5), 0.00516846 s/step
on time step 168029 (time=16802.9), 0.00517429 s/step
on time step 168801 (time=16880.1), 0.00518317 s/step
on time step 169573 (time=16957.3), 0.0051827 s/step
on time step 170345 (time=17034.5), 0.00518171 s/step
on time step 171118 (time=17111.8), 0.00517837 s/step
on time step 171880 (time=17188), 0.00525516 s/step
on time step 172654 (time=17265.4), 0.00517328 s/step
on time step 173427 (time=17342.7), 0.0051778 s/step
on time step 174198 (time=17419.8), 0.0051885 s/step
on time step 174971 (time=17497.1), 0.00517776 s/step
on time step 175744 (time=17574.4), 0.00518018 s/step
on time step 176512 (time=17651.2), 0.00521025 s/step
on time step 177285 (time=17728.5), 0.00517955 s/step
on time step 178056 (time=17805.6), 0.00518996 s/step
on time step 178829 (time=17882.9), 0.00517944 s/step
on time step 179602 (time=17960.2), 0.00517552 s/step
field decay(t = 18000.8): 1.87859553845647e-19 / 0.16815594708760673 = 1.1171746054736619e-18
on time step 180374 (time=18037.4), 0.00518791 s/step
on time step 181147 (time=18114.7), 0.00517982 s/step
on time step 181920 (time=18192), 0.00517478 s/step
on time step 182689 (time=18268.9), 0.00520728 s/step
on time step 183452 (time=18345.2), 0.00524679 s/step
on time step 184226 (time=18422.6), 0.00517312 s/step
on time step 185000 (time=18500), 0.00517231 s/step
on time step 185772 (time=18577.2), 0.0051822 s/step
on time step 186545 (time=18654.5), 0.00517733 s/step
on time step 187319 (time=18731.9), 0.00516985 s/step
on time step 188087 (time=18808.7), 0.00521357 s/step
on time step 188860 (time=18886), 0.0051772 s/step
on time step 189631 (time=18963.1), 0.00519409 s/step
on time step 190405 (time=19040.5), 0.00517411 s/step
on time step 191179 (time=19117.9), 0.0051728 s/step
on time step 191951 (time=19195.1), 0.00518329 s/step
on time step 192725 (time=19272.5), 0.00516886 s/step
on time step 193498 (time=19349.8), 0.00517541 s/step
on time step 194271 (time=19427.1), 0.00517705 s/step
on time step 195033 (time=19503.3), 0.00524982 s/step
on time step 195806 (time=19580.6), 0.0051758 s/step
on time step 196580 (time=19658), 0.00517396 s/step
on time step 197353 (time=19735.3), 0.00518104 s/step
on time step 198127 (time=19812.7), 0.00517219 s/step
on time step 198900 (time=19890), 0.00517533 s/step
on time step 199668 (time=19966.8), 0.00521344 s/step
field decay(t = 20000.9): 1.5254164085848532e-19 / 0.16815594708760673 = 9.071438952974611e-19
on time step 200441 (time=20044.1), 0.00517513 s/step
on time step 201213 (time=20121.3), 0.00518761 s/step
on time step 201987 (time=20198.7), 0.00517251 s/step
on time step 202760 (time=20276), 0.00517604 s/step
on time step 203525 (time=20352.5), 0.00522951 s/step
on time step 204299 (time=20429.9), 0.00517461 s/step
on time step 205074 (time=20507.4), 0.00516785 s/step
on time step 205848 (time=20584.8), 0.00516864 s/step
on time step 206613 (time=20661.3), 0.0052329 s/step
on time step 207389 (time=20738.9), 0.00515563 s/step
on time step 208166 (time=20816.6), 0.00515351 s/step
on time step 208941 (time=20894.1), 0.00516553 s/step
on time step 209716 (time=20971.6), 0.00516292 s/step
on time step 210491 (time=21049.1), 0.00516296 s/step
on time step 211261 (time=21126.1), 0.00519785 s/step
on time step 212034 (time=21203.4), 0.0051749 s/step
on time step 212805 (time=21280.5), 0.00519417 s/step
on time step 213579 (time=21357.9), 0.00516883 s/step
on time step 214352 (time=21435.2), 0.0051756 s/step
on time step 215124 (time=21512.4), 0.00518157 s/step
on time step 215897 (time=21589.7), 0.00517629 s/step
on time step 216671 (time=21667.1), 0.00517086 s/step
on time step 217445 (time=21744.5), 0.00517298 s/step
on time step 218208 (time=21820.8), 0.00524624 s/step
on time step 218983 (time=21898.3), 0.00516691 s/step
on time step 219757 (time=21975.7), 0.00516858 s/step
field decay(t = 22001.0): 1.3766264911598805e-19 / 0.16815594708760673 = 8.186606034472743e-19
on time step 220529 (time=22052.9), 0.00518293 s/step
on time step 221304 (time=22130.4), 0.00516741 s/step
on time step 222078 (time=22207.8), 0.00517333 s/step
on time step 222846 (time=22284.6), 0.00520879 s/step
on time step 223620 (time=22362), 0.00517086 s/step
on time step 224391 (time=22439.1), 0.00519099 s/step
on time step 225164 (time=22516.4), 0.00517484 s/step
on time step 225937 (time=22593.7), 0.00517752 s/step
on time step 226710 (time=22671), 0.00518057 s/step
on time step 227484 (time=22748.4), 0.00517216 s/step
on time step 228257 (time=22825.7), 0.00518003 s/step
on time step 229030 (time=22903), 0.00517509 s/step
on time step 229793 (time=22979.3), 0.00524809 s/step
on time step 230567 (time=23056.7), 0.00517112 s/step
on time step 231341 (time=23134.1), 0.00517172 s/step
on time step 232113 (time=23211.3), 0.00518678 s/step
on time step 232887 (time=23288.7), 0.00517335 s/step
on time step 233660 (time=23366), 0.0051795 s/step
on time step 234428 (time=23442.8), 0.00521144 s/step
on time step 235202 (time=23520.2), 0.00517401 s/step
on time step 235972 (time=23597.2), 0.00519497 s/step
on time step 236745 (time=23674.5), 0.00518102 s/step
on time step 237518 (time=23751.8), 0.0051749 s/step
on time step 238291 (time=23829.1), 0.00517668 s/step
on time step 239064 (time=23906.4), 0.00517524 s/step
on time step 239837 (time=23983.7), 0.00517492 s/step
field decay(t = 24001.100000000002): 4.303156398499126e-20 / 0.16815594708760673 = 2.5590271846033767e-19
on time step 240611 (time=24061.1), 0.00517354 s/step
on time step 241374 (time=24137.4), 0.00524701 s/step
on time step 242148 (time=24214.8), 0.00517416 s/step
on time step 242921 (time=24292.1), 0.0051754 s/step
on time step 243693 (time=24369.3), 0.00518758 s/step
on time step 244467 (time=24446.7), 0.00517389 s/step
on time step 245240 (time=24524), 0.00517574 s/step
on time step 246007 (time=24600.7), 0.0052197 s/step
on time step 246780 (time=24678), 0.00517477 s/step
on time step 247551 (time=24755.1), 0.00519151 s/step
on time step 248324 (time=24832.4), 0.00517482 s/step
on time step 249097 (time=24909.7), 0.00517904 s/step
on time step 249869 (time=24986.9), 0.00518537 s/step
on time step 250642 (time=25064.2), 0.00517954 s/step
on time step 251415 (time=25141.5), 0.0051767 s/step
on time step 252189 (time=25218.9), 0.00517534 s/step
on time step 252951 (time=25295.1), 0.00525212 s/step
on time step 253724 (time=25372.4), 0.00517776 s/step
on time step 254498 (time=25449.8), 0.00517287 s/step
on time step 255270 (time=25527), 0.00518581 s/step
on time step 256043 (time=25604.3), 0.00517954 s/step
on time step 256816 (time=25681.6), 0.00517777 s/step
on time step 257582 (time=25758.2), 0.005222 s/step
on time step 258354 (time=25835.4), 0.00518338 s/step
on time step 259125 (time=25912.5), 0.00519284 s/step
on time step 259898 (time=25989.8), 0.00517644 s/step
field decay(t = 26001.2): 4.9923043168042e-20 / 0.16815594708760673 = 2.968853854573032e-19
on time step 260671 (time=26067.1), 0.0051798 s/step
on time step 261442 (time=26144.2), 0.0051885 s/step
on time step 262213 (time=26221.3), 0.00519299 s/step
on time step 262986 (time=26298.6), 0.00517844 s/step
on time step 263760 (time=26376), 0.00517437 s/step
on time step 264524 (time=26452.4), 0.00524191 s/step
on time step 265297 (time=26529.7), 0.00517503 s/step
on time step 266069 (time=26606.9), 0.00518466 s/step
on time step 266841 (time=26684.1), 0.00518281 s/step
on time step 267609 (time=26760.9), 0.00521274 s/step
on time step 268382 (time=26838.2), 0.00517929 s/step
on time step 269150 (time=26915), 0.00521145 s/step
on time step 269922 (time=26992.2), 0.00518152 s/step
on time step 270693 (time=27069.3), 0.00519143 s/step
on time step 271466 (time=27146.6), 0.00517481 s/step
on time step 272239 (time=27223.9), 0.00517938 s/step
on time step 273012 (time=27301.2), 0.00518017 s/step
on time step 273785 (time=27378.5), 0.00517489 s/step
on time step 274559 (time=27455.9), 0.00517355 s/step
on time step 275334 (time=27533.4), 0.00516577 s/step
on time step 276098 (time=27609.8), 0.00524112 s/step
on time step 276873 (time=27687.3), 0.00516456 s/step
on time step 277649 (time=27764.9), 0.00515528 s/step
on time step 278424 (time=27842.4), 0.00516349 s/step
on time step 279199 (time=27919.9), 0.00516696 s/step
on time step 279973 (time=27997.3), 0.00516914 s/step
field decay(t = 28001.300000000003): 6.060385225564581e-20 / 0.16815594708760673 = 3.604026696960775e-19
on time step 280742 (time=28074.2), 0.00520205 s/step
on time step 281516 (time=28151.6), 0.0051739 s/step
on time step 282287 (time=28228.7), 0.00519132 s/step
on time step 283060 (time=28306), 0.00517531 s/step
on time step 283834 (time=28383.4), 0.00517415 s/step
on time step 284606 (time=28460.6), 0.00518178 s/step
on time step 285380 (time=28538), 0.00517311 s/step
on time step 286154 (time=28615.4), 0.00517423 s/step
on time step 286927 (time=28692.7), 0.00517533 s/step
on time step 287690 (time=28769), 0.00524537 s/step
on time step 288464 (time=28846.4), 0.00516994 s/step
on time step 289238 (time=28923.8), 0.00517045 s/step
on time step 290012 (time=29001.2), 0.00517444 s/step
on time step 290786 (time=29078.6), 0.00517334 s/step
on time step 291559 (time=29155.9), 0.00517715 s/step
on time step 292328 (time=29232.8), 0.00520639 s/step
on time step 293102 (time=29310.2), 0.00517232 s/step
on time step 293874 (time=29387.4), 0.00518469 s/step
on time step 294649 (time=29464.9), 0.00516786 s/step
on time step 295422 (time=29542.2), 0.00517944 s/step
on time step 296194 (time=29619.4), 0.0051842 s/step
on time step 296967 (time=29696.7), 0.00517542 s/step
on time step 297741 (time=29774.1), 0.00517063 s/step
on time step 298516 (time=29851.6), 0.0051679 s/step
on time step 299279 (time=29927.9), 0.0052444 s/step
field decay(t = 30001.4): 6.18366854630152e-20 / 0.16815594708760673 = 3.6773415709644343e-19
on time step 300053 (time=30005.3), 0.00517281 s/step
on time step 300827 (time=30082.7), 0.0051745 s/step
on time step 301600 (time=30160), 0.00517923 s/step
on time step 302374 (time=30237.4), 0.00517455 s/step
on time step 303148 (time=30314.8), 0.00517044 s/step
on time step 303917 (time=30391.7), 0.00520746 s/step
on time step 304690 (time=30469), 0.00517689 s/step
on time step 305461 (time=30546.1), 0.00518971 s/step
on time step 306235 (time=30623.5), 0.00517345 s/step
on time step 307008 (time=30700.8), 0.00517943 s/step
on time step 307781 (time=30778.1), 0.0051796 s/step
on time step 308555 (time=30855.5), 0.0051728 s/step
on time step 309329 (time=30932.9), 0.00517422 s/step
on time step 310104 (time=31010.4), 0.00516693 s/step
on time step 310867 (time=31086.7), 0.00524293 s/step
on time step 311642 (time=31164.2), 0.00516773 s/step
on time step 312417 (time=31241.7), 0.00516713 s/step
on time step 313190 (time=31319), 0.00517932 s/step
on time step 313963 (time=31396.3), 0.00517481 s/step
on time step 314737 (time=31473.7), 0.00517284 s/step
on time step 315506 (time=31550.6), 0.00520778 s/step
on time step 316279 (time=31627.9), 0.00517569 s/step
on time step 317050 (time=31705), 0.00518909 s/step
on time step 317823 (time=31782.3), 0.00517507 s/step
on time step 318596 (time=31859.6), 0.00517723 s/step
on time step 319362 (time=31936.2), 0.00522663 s/step
field decay(t = 32001.5): 5.598555705767721e-20 / 0.16815594708760673 = 3.329383112957021e-19
on time step 320136 (time=32013.6), 0.00516953 s/step
on time step 320910 (time=32091), 0.00517298 s/step
on time step 321685 (time=32168.5), 0.00516712 s/step
on time step 322448 (time=32244.8), 0.00524764 s/step
on time step 323222 (time=32322.2), 0.00517258 s/step
on time step 323996 (time=32399.6), 0.00517141 s/step
on time step 324768 (time=32476.8), 0.00518135 s/step
on time step 325542 (time=32554.2), 0.00516985 s/step
on time step 326316 (time=32631.6), 0.0051717 s/step
on time step 327085 (time=32708.5), 0.0052018 s/step
on time step 327859 (time=32785.9), 0.00517408 s/step
on time step 328631 (time=32863.1), 0.00518673 s/step
on time step 329405 (time=32940.5), 0.00516952 s/step
on time step 330179 (time=33017.9), 0.00517429 s/step
on time step 330952 (time=33095.2), 0.00518004 s/step
on time step 331726 (time=33172.6), 0.00517336 s/step
on time step 332501 (time=33250.1), 0.00516621 s/step
on time step 333277 (time=33327.7), 0.00515923 s/step
on time step 334041 (time=33404.1), 0.0052398 s/step
on time step 334816 (time=33481.6), 0.00516649 s/step
on time step 335590 (time=33559), 0.00516978 s/step
on time step 336362 (time=33636.2), 0.00518632 s/step
on time step 337136 (time=33713.6), 0.00517215 s/step
on time step 337909 (time=33790.9), 0.00517878 s/step
on time step 338678 (time=33867.8), 0.00520712 s/step
on time step 339452 (time=33945.2), 0.00516909 s/step
field decay(t = 34001.6): 4.5714491011364986e-20 / 0.16815594708760673 = 2.718577118628366e-19
on time step 340223 (time=34022.3), 0.00519017 s/step
on time step 340997 (time=34099.7), 0.00516966 s/step
on time step 341770 (time=34177), 0.00517718 s/step
on time step 342543 (time=34254.3), 0.00518074 s/step
on time step 343316 (time=34331.6), 0.00518014 s/step
on time step 344089 (time=34408.9), 0.00517736 s/step
on time step 344863 (time=34486.3), 0.00517075 s/step
on time step 345625 (time=34562.5), 0.00524962 s/step
on time step 346398 (time=34639.8), 0.00517823 s/step
on time step 347172 (time=34717.2), 0.00517364 s/step
on time step 347944 (time=34794.4), 0.00518169 s/step
on time step 348718 (time=34871.8), 0.00517124 s/step
on time step 349491 (time=34949.1), 0.00517486 s/step
on time step 350259 (time=35025.9), 0.00521065 s/step
on time step 351032 (time=35103.2), 0.00517747 s/step
on time step 351802 (time=35180.2), 0.00519701 s/step
on time step 352575 (time=35257.5), 0.00517525 s/step
on time step 353348 (time=35334.8), 0.0051764 s/step
on time step 354120 (time=35412), 0.00518484 s/step
on time step 354893 (time=35489.3), 0.00517624 s/step
on time step 355666 (time=35566.6), 0.00517859 s/step
on time step 356436 (time=35643.6), 0.00519988 s/step
on time step 357198 (time=35719.8), 0.00524956 s/step
on time step 357971 (time=35797.1), 0.00517702 s/step
on time step 358744 (time=35874.4), 0.00517809 s/step
on time step 359516 (time=35951.6), 0.00518633 s/step
field decay(t = 36001.700000000004): 4.609844038024073e-20 / 0.16815594708760673 = 2.74141005290905e-19
on time step 360289 (time=36028.9), 0.00517712 s/step
on time step 361061 (time=36106.1), 0.00518151 s/step
on time step 361829 (time=36182.9), 0.0052098 s/step
on time step 362603 (time=36260.3), 0.0051738 s/step
on time step 363374 (time=36337.4), 0.00519279 s/step
on time step 364147 (time=36414.7), 0.00517908 s/step
on time step 364920 (time=36492), 0.00517523 s/step
on time step 365692 (time=36569.2), 0.00518292 s/step
on time step 366465 (time=36646.5), 0.00518061 s/step
on time step 367238 (time=36723.8), 0.00517652 s/step
on time step 368012 (time=36801.2), 0.00517357 s/step
on time step 368775 (time=36877.5), 0.00524474 s/step
on time step 369547 (time=36954.7), 0.00518245 s/step
on time step 370321 (time=37032.1), 0.00517382 s/step
on time step 371093 (time=37109.3), 0.00518463 s/step
on time step 371866 (time=37186.6), 0.00517675 s/step
on time step 372639 (time=37263.9), 0.00517827 s/step
on time step 373407 (time=37340.7), 0.00521213 s/step
on time step 374180 (time=37418), 0.00517547 s/step
on time step 374951 (time=37495.1), 0.00518927 s/step
on time step 375724 (time=37572.4), 0.00517619 s/step
on time step 376497 (time=37649.7), 0.00517993 s/step
on time step 377269 (time=37726.9), 0.00518233 s/step
on time step 378042 (time=37804.2), 0.00517621 s/step
on time step 378816 (time=37881.6), 0.00516802 s/step
on time step 379590 (time=37959), 0.00517443 s/step
field decay(t = 38001.8): 3.2550172559964644e-20 / 0.16815594708760673 = 1.935713432900859e-19
on time step 380352 (time=38035.2), 0.00525148 s/step
on time step 381125 (time=38112.5), 0.00517575 s/step
on time step 381899 (time=38189.9), 0.00517252 s/step
on time step 382671 (time=38267.1), 0.00518177 s/step
on time step 383445 (time=38344.5), 0.00517205 s/step
on time step 384219 (time=38421.9), 0.00517141 s/step
on time step 384987 (time=38498.7), 0.00520968 s/step
on time step 385761 (time=38576.1), 0.00517096 s/step
on time step 386532 (time=38653.2), 0.00518905 s/step
on time step 387305 (time=38730.5), 0.00517618 s/step
on time step 388078 (time=38807.8), 0.00517518 s/step
on time step 388850 (time=38885), 0.0051818 s/step
on time step 389624 (time=38962.4), 0.00517278 s/step
on time step 390398 (time=39039.8), 0.00517393 s/step
on time step 391172 (time=39117.2), 0.00516925 s/step
on time step 391936 (time=39193.6), 0.0052424 s/step
on time step 392711 (time=39271.1), 0.00516575 s/step
on time step 393485 (time=39348.5), 0.00517194 s/step
on time step 394257 (time=39425.7), 0.00518721 s/step
on time step 395032 (time=39503.2), 0.00516725 s/step
on time step 395806 (time=39580.6), 0.00516797 s/step
on time step 396574 (time=39657.4), 0.00520882 s/step
on time step 397348 (time=39734.8), 0.00517012 s/step
on time step 398119 (time=39811.9), 0.00518897 s/step
on time step 398893 (time=39889.3), 0.0051745 s/step
on time step 399668 (time=39966.8), 0.00516637 s/step
field decay(t = 40001.9): 3.245523960155506e-20 / 0.16815594708760673 = 1.9300679020674996e-19
on time step 400441 (time=40044.1), 0.00517616 s/step
on time step 401216 (time=40121.6), 0.00516652 s/step
on time step 401990 (time=40199), 0.00517038 s/step
on time step 402763 (time=40276.3), 0.00517496 s/step
on time step 403526 (time=40352.6), 0.00524562 s/step
on time step 404301 (time=40430.1), 0.00516772 s/step
on time step 405076 (time=40507.6), 0.00516705 s/step
on time step 405849 (time=40584.9), 0.0051792 s/step
on time step 406623 (time=40662.3), 0.00516827 s/step
on time step 407398 (time=40739.8), 0.00516751 s/step
on time step 408167 (time=40816.7), 0.00520385 s/step
on time step 408941 (time=40894.1), 0.00516849 s/step
on time step 409713 (time=40971.3), 0.00518514 s/step
on time step 410488 (time=41048.8), 0.00516239 s/step
on time step 411263 (time=41126.3), 0.00516462 s/step
on time step 412038 (time=41203.8), 0.00516729 s/step
on time step 412813 (time=41281.3), 0.00516304 s/step
on time step 413589 (time=41358.9), 0.0051607 s/step
on time step 414366 (time=41436.6), 0.0051537 s/step
on time step 415132 (time=41513.2), 0.00522502 s/step
on time step 415910 (time=41591), 0.00514166 s/step
on time step 416689 (time=41668.9), 0.00513915 s/step
on time step 417465 (time=41746.5), 0.00515605 s/step
on time step 418243 (time=41824.3), 0.00514746 s/step
on time step 419020 (time=41902), 0.00515156 s/step
on time step 419790 (time=41979), 0.00519512 s/step
field decay(t = 42002.0): 1.6992289791566515e-20 / 0.16815594708760673 = 1.0105078105095971e-19
on time step 420565 (time=42056.5), 0.00516129 s/step
on time step 421338 (time=42133.8), 0.00517689 s/step
on time step 422113 (time=42211.3), 0.00516195 s/step
on time step 422888 (time=42288.8), 0.0051649 s/step
on time step 423661 (time=42366.1), 0.00517649 s/step
on time step 424436 (time=42443.6), 0.00516706 s/step
on time step 425210 (time=42521), 0.00516918 s/step
on time step 425984 (time=42598.4), 0.00516869 s/step
on time step 426748 (time=42674.8), 0.00523745 s/step
on time step 427523 (time=42752.3), 0.00516749 s/step
on time step 428297 (time=42829.7), 0.00516862 s/step
on time step 429069 (time=42906.9), 0.00518136 s/step
on time step 429843 (time=42984.3), 0.0051707 s/step
on time step 430616 (time=43061.6), 0.00517526 s/step
on time step 431385 (time=43138.5), 0.00520557 s/step
on time step 432159 (time=43215.9), 0.00516966 s/step
on time step 432931 (time=43293.1), 0.00518543 s/step
on time step 433705 (time=43370.5), 0.00517212 s/step
on time step 434479 (time=43447.9), 0.00517167 s/step
on time step 435245 (time=43524.5), 0.0052265 s/step
on time step 436016 (time=43601.6), 0.00518994 s/step
on time step 436790 (time=43679), 0.00517098 s/step
on time step 437564 (time=43756.4), 0.00517454 s/step
on time step 438327 (time=43832.7), 0.00524586 s/step
on time step 439101 (time=43910.1), 0.00517092 s/step
on time step 439874 (time=43987.4), 0.0051752 s/step
field decay(t = 44002.100000000006): 1.854625638275669e-20 / 0.16815594708760673 = 1.1029200396400116e-19
on time step 440647 (time=44064.7), 0.00518 s/step
on time step 441422 (time=44142.2), 0.00516788 s/step
on time step 442197 (time=44219.7), 0.00516707 s/step
on time step 442965 (time=44296.5), 0.00521077 s/step
on time step 443739 (time=44373.9), 0.00516867 s/step
on time step 444511 (time=44451.1), 0.00518797 s/step
on time step 445285 (time=44528.5), 0.00517425 s/step
on time step 446058 (time=44605.8), 0.00517673 s/step
on time step 446823 (time=44682.3), 0.00523182 s/step
on time step 447597 (time=44759.7), 0.00517405 s/step
on time step 448371 (time=44837.1), 0.00517451 s/step
on time step 449144 (time=44914.4), 0.00517472 s/step
on time step 449907 (time=44990.7), 0.00524285 s/step
on time step 450681 (time=45068.1), 0.00517073 s/step
on time step 451455 (time=45145.5), 0.00517362 s/step
on time step 452227 (time=45222.7), 0.00518319 s/step
on time step 453001 (time=45300.1), 0.00517268 s/step
on time step 453775 (time=45377.5), 0.00517326 s/step
on time step 454543 (time=45454.3), 0.00520877 s/step
on time step 455317 (time=45531.7), 0.00517338 s/step
on time step 456088 (time=45608.8), 0.005193 s/step
on time step 456861 (time=45686.1), 0.00517863 s/step
on time step 457633 (time=45763.3), 0.00518718 s/step
on time step 458407 (time=45840.7), 0.00517332 s/step
on time step 459180 (time=45918), 0.00517537 s/step
on time step 459954 (time=45995.4), 0.00517389 s/step
field decay(t = 46002.200000000004): 2.0628724710630476e-20 / 0.16815594708760673 = 1.2267615310615935e-19
on time step 460728 (time=46072.8), 0.00516945 s/step
on time step 461490 (time=46149), 0.00525465 s/step
on time step 462264 (time=46226.4), 0.00517197 s/step
on time step 463038 (time=46303.8), 0.00517122 s/step
on time step 463809 (time=46380.9), 0.00518871 s/step
on time step 464582 (time=46458.2), 0.0051763 s/step
on time step 465356 (time=46535.6), 0.00516927 s/step
on time step 466124 (time=46612.4), 0.00520906 s/step
on time step 466897 (time=46689.7), 0.00517988 s/step
on time step 467667 (time=46766.7), 0.0051952 s/step
on time step 468440 (time=46844), 0.00517545 s/step
on time step 469213 (time=46921.3), 0.00518116 s/step
on time step 469986 (time=46998.6), 0.00517815 s/step
on time step 470759 (time=47075.9), 0.00518007 s/step
on time step 471533 (time=47153.3), 0.00517444 s/step
on time step 472306 (time=47230.6), 0.00517977 s/step
on time step 473069 (time=47306.9), 0.00524594 s/step
on time step 473842 (time=47384.2), 0.00517683 s/step
on time step 474615 (time=47461.5), 0.00517594 s/step
on time step 475387 (time=47538.7), 0.00518339 s/step
on time step 476161 (time=47616.1), 0.00516948 s/step
on time step 476934 (time=47693.4), 0.00517471 s/step
on time step 477702 (time=47770.2), 0.00521115 s/step
on time step 478475 (time=47847.5), 0.00517883 s/step
on time step 479245 (time=47924.5), 0.0051953 s/step
on time step 480018 (time=48001.8), 0.00517875 s/step
field decay(t = 48002.3): 1.6613842121483675e-20 / 0.16815594708760673 = 9.880020545944837e-20
on time step 480790 (time=48079), 0.0051871 s/step
on time step 481563 (time=48156.3), 0.00517598 s/step
srun: Job step aborted: Waiting up to 62 seconds for job step to finish.
srun: got SIGCONT
slurmstepd: error: *** STEP 550362.0 ON topsy-cn-2-17 CANCELLED AT 2021-11-08T15:04:06 ***
slurmstepd: error: *** JOB 550362 ON topsy-cn-2-17 CANCELLED AT 2021-11-08T15:04:06 ***
srun: forcing job termination
srun: error: topsy-cn-2-20: tasks 24-31: Terminated
srun: error: topsy-cn-2-17: tasks 0-23: Terminated
