Using MPI version 3.1, 64 processes
WD: data/2021-11-26/RuntimeTest_2000/
AlreadyDir
-----------
Initializing structure...
Splitting into 64 chunks by voxels
time for choose_chunkdivision = 0.00314365 s
Working in 2D dimensions.
Computational cell is 2320 x 100 x 0 with resolution 2
     block, center = (0,0,0)
          size (1e+20,1e+20,1e+20)
          axes (1,0,0), (0,1,0), (0,0,1)
          dielectric constant epsilon diagonal = (1.9881,1.9881,1.9881)
     block, center = (0,-26.25,0)
          size (1e+20,62.5,1e+20)
          axes (1,0,0), (0,1,0), (0,0,1)
          dielectric constant epsilon diagonal = (2.0736,2.0736,2.0736)
     block, center = (0,0,0)
          size (1e+20,8.2,1e+20)
          axes (1,0,0), (0,1,0), (0,0,1)
          dielectric constant epsilon diagonal = (2.08803,2.08803,2.08803)
time for set_epsilon = 0.109804 s
-----------
MPB solved for frequency_1(0.4,0,0) = 0.277796 after 50 iters
MPB solved for frequency_1(0.931315,0,0) = 0.645185 after 25 iters
MPB solved for frequency_1(0.931281,0,0) = 0.645161 after 12 iters
MPB solved for frequency_1(0.931281,0,0) = 0.645161 after 1 iters
Meep: using output directory 'data/2021-11-26/RuntimeTest_2000/'


Normalisation Run


on time step 815 (time=203.75), 0.00491055 s/step
on time step 1887 (time=471.75), 0.00373467 s/step
on time step 2951 (time=737.75), 0.00375963 s/step
on time step 4001 (time=1000.25), 0.0038097 s/step
on time step 5044 (time=1261), 0.00383513 s/step
on time step 6073 (time=1518.25), 0.00389087 s/step
on time step 7105 (time=1776.25), 0.00387968 s/step
Meep progress: 1904.5/4858.550724637682 = 39.2% done in 30.0s, 46.5s to go
on time step 8135 (time=2033.75), 0.00388588 s/step
on time step 9151 (time=2287.75), 0.00394049 s/step
on time step 10161 (time=2540.25), 0.00396077 s/step
on time step 11111 (time=2777.75), 0.00421416 s/step
on time step 12226 (time=3056.5), 0.00358895 s/step
on time step 13340 (time=3335), 0.00359091 s/step
on time step 14442 (time=3610.5), 0.00363195 s/step
Meep progress: 3885.5/4858.550724637682 = 80.0% done in 60.0s, 15.0s to go
on time step 15550 (time=3887.5), 0.00361219 s/step
on time step 16656 (time=4164), 0.00361762 s/step
on time step 17762 (time=4440.5), 0.00361843 s/step
on time step 18876 (time=4719), 0.00359249 s/step
run 0 finished at t = 4858.75 (19435 timesteps)
field decay(t = 4858.75): 3.471748352955505e-19 / 3.471748352955505e-19 = 1.0
field decay(t = 4909.0): 1.9177780570278e-18 / 1.9177780570278e-18 = 1.0
field decay(t = 4959.25): 1.9191402966911833e-18 / 1.9191402966911833e-18 = 1.0
on time step 19970 (time=4992.5), 0.00365855 s/step
field decay(t = 5009.5): 1.9468989046805306e-18 / 1.9468989046805306e-18 = 1.0
field decay(t = 5059.75): 1.9562506275023713e-18 / 1.9562506275023713e-18 = 1.0
field decay(t = 5110.0): 2.0044937635994227e-18 / 2.0044937635994227e-18 = 1.0
field decay(t = 5160.25): 1.9512330156763438e-18 / 2.0044937635994227e-18 = 0.9734293271995819
field decay(t = 5210.5): 1.9719302393856925e-18 / 2.0044937635994227e-18 = 0.9837547390742406
field decay(t = 5260.75): 1.9276044832394746e-18 / 2.0044937635994227e-18 = 0.9616415467305421
on time step 21047 (time=5261.75), 0.00371689 s/step
srun: Job step aborted: Waiting up to 62 seconds for job step to finish.
srun: got SIGCONT
slurmstepd: error: *** JOB 553228 ON topsy-cn-1-4 CANCELLED AT 2021-11-26T10:57:23 ***
srun: forcing job termination
slurmstepd: error: *** STEP 553228.0 ON topsy-cn-1-4 CANCELLED AT 2021-11-26T10:57:23 ***
srun: error: topsy-cn-1-8: tasks 60-63: Terminated
srun: error: topsy-cn-1-5: tasks 20-39: Terminated
srun: error: topsy-cn-1-7: tasks 40-59: Terminated
srun: error: topsy-cn-1-4: tasks 0-19: Terminated
