Using MPI version 3.1, 64 processes
WD: data/2021-11-19/CoatedvsUncoated/
AlreadyDir
-----------
Initializing structure...
Splitting into 64 chunks by voxels
time for choose_chunkdivision = 0.00603008 s
Working in 2D dimensions.
Computational cell is 1710 x 100 x 0 with resolution 5
     block, center = (0,0,0)
          size (1e+20,1e+20,1e+20)
          axes (1,0,0), (0,1,0), (0,0,1)
          dielectric constant epsilon diagonal = (1.9881,1.9881,1.9881)
     block, center = (0,-26.25,0)
          size (1e+20,62.5,1e+20)
          axes (1,0,0), (0,1,0), (0,0,1)
          dielectric constant epsilon diagonal = (2.0736,2.0736,2.0736)
     block, center = (0,0,0)
          size (1e+20,8.2,1e+20)
          axes (1,0,0), (0,1,0), (0,0,1)
          dielectric constant epsilon diagonal = (2.08803,2.08803,2.08803)
time for set_epsilon = 0.305042 s
-----------
MPB solved for frequency_1(0.4,0,0) = 0.277852 after 53 iters
MPB solved for frequency_1(0.93122,0,0) = 0.645165 after 34 iters
MPB solved for frequency_1(0.931214,0,0) = 0.645161 after 6 iters
MPB solved for frequency_1(0.931214,0,0) = 0.645161 after 1 iters
Meep: using output directory 'data/2021-11-19/CoatedvsUncoated/'
Vector3<851.5, 0.0, 0.0>
on time step 135 (time=13.5), 0.0296845 s/step
on time step 495 (time=49.5), 0.0111371 s/step
on time step 856 (time=85.6), 0.0110933 s/step
on time step 1219 (time=121.9), 0.01105 s/step
on time step 1577 (time=157.7), 0.0111986 s/step
on time step 1937 (time=193.7), 0.0111147 s/step
on time step 2299 (time=229.9), 0.0110694 s/step
on time step 2659 (time=265.9), 0.0111265 s/step
on time step 3020 (time=302), 0.0110852 s/step
on time step 3382 (time=338.2), 0.011059 s/step
on time step 3743 (time=374.3), 0.0110927 s/step
on time step 4105 (time=410.5), 0.0110704 s/step
on time step 4465 (time=446.5), 0.0111269 s/step
on time step 4824 (time=482.4), 0.0111644 s/step
on time step 5185 (time=518.5), 0.0110998 s/step
on time step 5546 (time=554.6), 0.0111076 s/step
on time step 5904 (time=590.4), 0.0111888 s/step
on time step 6267 (time=626.7), 0.0110427 s/step
on time step 6628 (time=662.8), 0.0110832 s/step
srun: Job step aborted: Waiting up to 62 seconds for job step to finish.
srun: got SIGCONT
slurmstepd: error: *** JOB 552640 ON topsy-cn-2-7 CANCELLED AT 2021-11-19T12:26:33 ***
srun: forcing job termination
slurmstepd: error: *** STEP 552640.0 ON topsy-cn-2-7 CANCELLED AT 2021-11-19T12:26:33 ***
srun: error: topsy-cn-2-13: tasks 13-17: Terminated
srun: error: topsy-cn-2-22: tasks 44-48: Terminated
srun: error: topsy-cn-2-23: tasks 49-63: Terminated
srun: error: topsy-cn-2-7: tasks 0-12: Terminated
srun: error: topsy-cn-2-21: tasks 34-43: Terminated
srun: error: topsy-cn-2-20: tasks 18-33: Terminated
