Using MPI version 3.1, 32 processes
WD: data/2021-11-08/LargerCavityNoPDMS/
AlreadyDir
-----------
Initializing structure...
Splitting into 32 chunks by voxels
time for choose_chunkdivision = 0.00300673 s
Working in 2D dimensions.
Computational cell is 810 x 100 x 0 with resolution 5
     block, center = (0,0,0)
          size (1e+20,1e+20,1e+20)
          axes (1,0,0), (0,1,0), (0,0,1)
          dielectric constant epsilon diagonal = (1,1,1)
     block, center = (0,-30.25,0)
          size (1e+20,62.5,1e+20)
          axes (1,0,0), (0,1,0), (0,0,1)
          dielectric constant epsilon diagonal = (2.0736,2.0736,2.0736)
     block, center = (0,0,0)
          size (1e+20,8.2,1e+20)
          axes (1,0,0), (0,1,0), (0,0,1)
          dielectric constant epsilon diagonal = (2.08803,2.08803,2.08803)
time for set_epsilon = 0.276775 s
-----------
MPB solved for frequency_1(0.4,0,0) = 0.279231 after 89 iters
MPB solved for frequency_1(0.93135,0,0) = 0.645754 after 50 iters
MPB solved for frequency_1(0.930492,0,0) = 0.645161 after 17 iters
MPB solved for frequency_1(0.930493,0,0) = 0.645161 after 1 iters
Meep: using output directory 'data/2021-11-08/LargerCavityNoPDMS/'
Vector3<401.5, 0.0, 0.0>
on time step 615 (time=61.5), 0.00650999 s/step
on time step 1357 (time=135.7), 0.00539689 s/step
on time step 2082 (time=208.2), 0.00552341 s/step
on time step 2804 (time=280.4), 0.00554316 s/step
on time step 3520 (time=352), 0.00559285 s/step
on time step 4221 (time=422.1), 0.00570749 s/step
on time step 4918 (time=491.8), 0.00574511 s/step
on time step 5628 (time=562.8), 0.00564052 s/step
on time step 6344 (time=634.4), 0.00559201 s/step
on time step 6799 (time=679.9), 0.00880125 s/step
on time step 7547 (time=754.7), 0.00534943 s/step
on time step 8324 (time=832.4), 0.00515287 s/step
on time step 9096 (time=909.6), 0.00518458 s/step
on time step 9873 (time=987.3), 0.00515435 s/step
on time step 10647 (time=1064.7), 0.0051689 s/step
on time step 11423 (time=1142.3), 0.0051574 s/step
on time step 12189 (time=1218.9), 0.00522269 s/step
on time step 12963 (time=1296.3), 0.00517297 s/step
on time step 13738 (time=1373.8), 0.0051626 s/step
on time step 14515 (time=1451.5), 0.00515456 s/step
on time step 15291 (time=1529.1), 0.00516015 s/step
on time step 16059 (time=1605.9), 0.00521003 s/step
on time step 16835 (time=1683.5), 0.00515921 s/step
on time step 17610 (time=1761), 0.00516174 s/step
on time step 18384 (time=1838.4), 0.00516957 s/step
on time step 19159 (time=1915.9), 0.00516766 s/step
on time step 19934 (time=1993.4), 0.00516314 s/step
field decay(t = 2000.1000000000001): 0.16812630359357533 / 0.16812630359357533 = 1.0
on time step 20710 (time=2071), 0.00515891 s/step
on time step 21477 (time=2147.7), 0.0052189 s/step
on time step 22250 (time=2225), 0.00517925 s/step
on time step 23026 (time=2302.6), 0.00516073 s/step
on time step 23799 (time=2379.9), 0.00517668 s/step
on time step 24575 (time=2457.5), 0.00515999 s/step
on time step 25350 (time=2535), 0.00516662 s/step
on time step 26119 (time=2611.9), 0.00520226 s/step
on time step 26894 (time=2689.4), 0.00516465 s/step
on time step 27667 (time=2766.7), 0.0051782 s/step
on time step 28442 (time=2844.2), 0.0051656 s/step
on time step 29216 (time=2921.6), 0.00516837 s/step
on time step 29990 (time=2999), 0.00516824 s/step
on time step 30765 (time=3076.5), 0.00516498 s/step
on time step 31540 (time=3154), 0.00516634 s/step
on time step 32315 (time=3231.5), 0.00516491 s/step
on time step 33083 (time=3308.3), 0.00521391 s/step
on time step 33854 (time=3385.4), 0.0051889 s/step
on time step 34628 (time=3462.8), 0.00517154 s/step
on time step 35401 (time=3540.1), 0.00517828 s/step
on time step 36175 (time=3617.5), 0.00517008 s/step
on time step 36950 (time=3695), 0.00516744 s/step
on time step 37719 (time=3771.9), 0.00520161 s/step
on time step 38494 (time=3849.4), 0.00516771 s/step
on time step 39267 (time=3926.7), 0.00517967 s/step
field decay(t = 4000.1000000000004): 4.372155257607319e-05 / 0.16812630359357533 = 0.0002600518279505191
on time step 40041 (time=4004.1), 0.00517373 s/step
on time step 40815 (time=4081.5), 0.00517331 s/step
on time step 41590 (time=4159), 0.00516721 s/step
on time step 42364 (time=4236.4), 0.00516934 s/step
on time step 43138 (time=4313.8), 0.00516859 s/step
on time step 43912 (time=4391.2), 0.00517063 s/step
on time step 44678 (time=4467.8), 0.00522508 s/step
on time step 45449 (time=4544.9), 0.00518922 s/step
on time step 46223 (time=4622.3), 0.0051705 s/step
on time step 46996 (time=4699.6), 0.00517817 s/step
on time step 47771 (time=4777.1), 0.00516789 s/step
on time step 48546 (time=4854.6), 0.00516752 s/step
on time step 49315 (time=4931.5), 0.00520592 s/step
on time step 50089 (time=5008.9), 0.0051681 s/step
on time step 50862 (time=5086.2), 0.00518133 s/step
on time step 51637 (time=5163.7), 0.00516709 s/step
on time step 52410 (time=5241), 0.00517724 s/step
on time step 53184 (time=5318.4), 0.00517017 s/step
on time step 53958 (time=5395.8), 0.0051728 s/step
on time step 54732 (time=5473.2), 0.00517173 s/step
on time step 55506 (time=5550.6), 0.00517001 s/step
on time step 56273 (time=5627.3), 0.00521987 s/step
on time step 57045 (time=5704.5), 0.00518669 s/step
on time step 57819 (time=5781.9), 0.00517132 s/step
on time step 58592 (time=5859.2), 0.00517945 s/step
on time step 59368 (time=5936.8), 0.00516021 s/step
field decay(t = 6000.200000000001): 6.44011091940433e-17 / 0.16812630359357533 = 3.830519544980009e-16
run 0 finished at t = 6000.200000000001 (60002 timesteps)
WD: data/2021-11-08/LargerCavityNoPDMS/
AlreadyDir
-----------
Initializing structure...
Splitting into 32 chunks by voxels
time for choose_chunkdivision = 0.00297974 s
Working in 2D dimensions.
Computational cell is 810 x 100 x 0 with resolution 5
     block, center = (0,0,0)
          size (1e+20,1e+20,1e+20)
          axes (1,0,0), (0,1,0), (0,0,1)
          dielectric constant epsilon diagonal = (1,1,1)
     block, center = (0,-30.25,0)
          size (1e+20,62.5,1e+20)
          axes (1,0,0), (0,1,0), (0,0,1)
          dielectric constant epsilon diagonal = (2.0736,2.0736,2.0736)
     block, center = (0,0,0)
          size (1e+20,8.2,1e+20)
          axes (1,0,0), (0,1,0), (0,0,1)
          dielectric constant epsilon diagonal = (2.08803,2.08803,2.08803)
     block, center = (0,-14.9,0)
          size (100,40,1e+20)
          axes (1,0,0), (0,1,0), (0,0,1)
          dielectric constant epsilon diagonal = (1,1,1)
time for set_epsilon = 0.27891 s
-----------
MPB solved for frequency_1(0.4,0,0) = 0.279231 after 89 iters
MPB solved for frequency_1(0.93135,0,0) = 0.645754 after 50 iters
MPB solved for frequency_1(0.930492,0,0) = 0.645161 after 17 iters
MPB solved for frequency_1(0.930493,0,0) = 0.645161 after 1 iters
Meep: using output directory 'data/2021-11-08/LargerCavityNoPDMS/'
Actual Simtime: 3.3333333333333334e-09
creating output file "data/2021-11-08/LargerCavityNoPDMS//RunModel-eps-000000.00.h5"...
on time step 616 (time=61.6), 0.0064937 s/step
on time step 1366 (time=136.6), 0.00533495 s/step
on time step 2093 (time=209.3), 0.00550636 s/step
on time step 2816 (time=281.6), 0.00553937 s/step
on time step 3527 (time=352.7), 0.00562993 s/step
on time step 4231 (time=423.1), 0.00568313 s/step
on time step 4926 (time=492.6), 0.00576288 s/step
on time step 5639 (time=563.9), 0.00561609 s/step
on time step 6352 (time=635.2), 0.00561377 s/step
on time step 6807 (time=680.7), 0.00879619 s/step
on time step 7555 (time=755.5), 0.00535307 s/step
on time step 8329 (time=832.9), 0.0051742 s/step
on time step 9096 (time=909.6), 0.0052197 s/step
on time step 9870 (time=987), 0.00517164 s/step
on time step 10643 (time=1064.3), 0.0051751 s/step
on time step 11412 (time=1141.2), 0.00520807 s/step
on time step 12185 (time=1218.5), 0.00517969 s/step
on time step 12956 (time=1295.6), 0.00519316 s/step
on time step 13729 (time=1372.9), 0.00517777 s/step
on time step 14501 (time=1450.1), 0.00518547 s/step
on time step 15274 (time=1527.4), 0.00517915 s/step
on time step 16047 (time=1604.7), 0.00517978 s/step
on time step 16820 (time=1682), 0.00518118 s/step
on time step 17593 (time=1759.3), 0.00518058 s/step
on time step 18354 (time=1835.4), 0.00525721 s/step
on time step 19126 (time=1912.6), 0.00518508 s/step
on time step 19899 (time=1989.9), 0.00517763 s/step
field decay(t = 2000.1000000000001): 0.3703846919869387 / 0.3703846919869387 = 1.0
on time step 20670 (time=2067), 0.00518867 s/step
on time step 21443 (time=2144.3), 0.00517896 s/step
on time step 22216 (time=2221.6), 0.00517978 s/step
on time step 22983 (time=2298.3), 0.00521533 s/step
on time step 23756 (time=2375.6), 0.00518089 s/step
on time step 24527 (time=2452.7), 0.00519426 s/step
on time step 25299 (time=2529.9), 0.0051842 s/step
on time step 26071 (time=2607.1), 0.00518696 s/step
on time step 26844 (time=2684.4), 0.00517929 s/step
on time step 27617 (time=2761.7), 0.00518015 s/step
on time step 28389 (time=2838.9), 0.00518169 s/step
on time step 29161 (time=2916.1), 0.00518195 s/step
on time step 29923 (time=2992.3), 0.00525289 s/step
on time step 30695 (time=3069.5), 0.0051832 s/step
on time step 31466 (time=3146.6), 0.00519062 s/step
on time step 32237 (time=3223.7), 0.00519187 s/step
on time step 33009 (time=3300.9), 0.00518175 s/step
on time step 33781 (time=3378.1), 0.00518293 s/step
on time step 34548 (time=3454.8), 0.0052216 s/step
on time step 35320 (time=3532), 0.00518209 s/step
on time step 36091 (time=3609.1), 0.00519434 s/step
on time step 36863 (time=3686.3), 0.00518433 s/step
on time step 37633 (time=3763.3), 0.00519581 s/step
on time step 38405 (time=3840.5), 0.00518136 s/step
on time step 39177 (time=3917.7), 0.00518558 s/step
on time step 39949 (time=3994.9), 0.00518398 s/step
field decay(t = 4000.1000000000004): 1.8135190034144817e-09 / 0.3703846919869387 = 4.896311976841726e-09
on time step 40721 (time=4072.1), 0.00518279 s/step
on time step 41482 (time=4148.2), 0.00526257 s/step
on time step 42254 (time=4225.4), 0.00518622 s/step
on time step 43026 (time=4302.6), 0.00518175 s/step
on time step 43797 (time=4379.7), 0.00519355 s/step
on time step 44569 (time=4456.9), 0.00518507 s/step
on time step 45341 (time=4534.1), 0.00518256 s/step
on time step 46105 (time=4610.5), 0.00524183 s/step
on time step 46877 (time=4687.7), 0.00518306 s/step
on time step 47646 (time=4764.6), 0.00520246 s/step
on time step 48418 (time=4841.8), 0.00518194 s/step
on time step 49189 (time=4918.9), 0.00519193 s/step
on time step 49961 (time=4996.1), 0.00518409 s/step
on time step 50733 (time=5073.3), 0.00518324 s/step
on time step 51505 (time=5150.5), 0.00518223 s/step
on time step 52277 (time=5227.7), 0.00518293 s/step
on time step 53038 (time=5303.8), 0.00525812 s/step
on time step 53810 (time=5381), 0.00518289 s/step
on time step 54582 (time=5458.2), 0.00518506 s/step
on time step 55353 (time=5535.3), 0.00519136 s/step
on time step 56125 (time=5612.5), 0.00518172 s/step
on time step 56898 (time=5689.8), 0.00518007 s/step
on time step 57665 (time=5766.5), 0.00521768 s/step
on time step 58437 (time=5843.7), 0.00518303 s/step
on time step 59207 (time=5920.7), 0.00519809 s/step
on time step 59979 (time=5997.9), 0.00518436 s/step
field decay(t = 6000.200000000001): 3.172530116683382e-16 / 0.3703846919869387 = 8.565500101163086e-16
run 0 finished at t = 6000.200000000001 (60002 timesteps)

Elapsed run time = 636.1630 s
