Using MPI version 3.1, 24 processes
None
WD: data/2021-12-19/ElongatedCircTest/
AlreadyDir
-----------
Initializing structure...
Splitting into 24 chunks by voxels
time for choose_chunkdivision = 0.00407925 s
Working in 2D dimensions.
Computational cell is 520 x 170 x 0 with resolution 10
     block, center = (0,0,0)
          size (1e+20,1e+20,1e+20)
          axes (1,0,0), (0,1,0), (0,0,1)
          dielectric constant epsilon diagonal = (1.9881,1.9881,1.9881)
     block, center = (0,0,0)
          size (1e+20,125,1e+20)
          axes (1,0,0), (0,1,0), (0,0,1)
          dielectric constant epsilon diagonal = (2.0736,2.0736,2.0736)
     block, center = (0,0,0)
          size (1e+20,8.2,1e+20)
          axes (1,0,0), (0,1,0), (0,0,1)
          dielectric constant epsilon diagonal = (2.08803,2.08803,2.08803)
     block, center = (0,62.5,0)
          size (158.8,141.2,1e+20)
          axes (1,0,0), (0,1,0), (0,0,1)
          dielectric constant epsilon diagonal = (1.9881,1.9881,1.9881)
     cylinder, center = (-79.4,62.5,0)
          radius 70.6, height 1e+20, axis (0, 0, 1)
          dielectric constant epsilon diagonal = (1.9881,1.9881,1.9881)
     cylinder, center = (79.4,62.5,0)
          radius 70.6, height 1e+20, axis (0, 0, 1)
          dielectric constant epsilon diagonal = (1.9881,1.9881,1.9881)
time for set_epsilon = 0.821025 s
-----------
MPB solved for frequency_1(0.4,0,0) = 0.2774 after 75 iters
MPB solved for frequency_1(0.930969,0,0) = 0.644871 after 63 iters
MPB solved for frequency_1(0.931388,0,0) = 0.645161 after 16 iters
MPB solved for frequency_1(0.931388,0,0) = 0.645161 after 1 iters
Meep: using output directory 'data/2021-12-19/ElongatedCircTest/'
creating output file "data/2021-12-19/ElongatedCircTest//TimeSteppingDebug-eps-000000.00.h5"...
on time step 28 (time=1.4), 0.145246 s/step
on time step 91 (time=4.55), 0.0644192 s/step
on time step 147 (time=7.35), 0.0725383 s/step
on time step 204 (time=10.2), 0.0724343 s/step
on time step 240 (time=12), 0.113608 s/step
on time step 266 (time=13.3), 0.156301 s/step
Meep progress: 14.55/38000.0 = 0.0% done in 30.1s, 78693.9s to go
on time step 292 (time=14.6), 0.155614 s/step
on time step 341 (time=17.05), 0.0827705 s/step
on time step 367 (time=18.35), 0.155803 s/step
on time step 403 (time=20.15), 0.111798 s/step
on time step 439 (time=21.95), 0.111194 s/step
on time step 519 (time=25.95), 0.0503111 s/step
on time step 590 (time=29.5), 0.0579127 s/step
on time step 633 (time=31.65), 0.0963201 s/step
Meep progress: 32.15/38000.0 = 0.1% done in 60.3s, 71167.0s to go
on time step 693 (time=34.65), 0.0668022 s/step
on time step 772 (time=38.6), 0.0509466 s/step
on time step 852 (time=42.6), 0.0503213 s/step
on time step 935 (time=46.75), 0.0483031 s/step
on time step 1027 (time=51.35), 0.0436704 s/step
on time step 1073 (time=53.65), 0.0877774 s/step
on time step 1099 (time=54.95), 0.155807 s/step
Meep progress: 56.85/38000.0 = 0.1% done in 90.3s, 60293.8s to go
on time step 1141 (time=57.05), 0.0970684 s/step
on time step 1167 (time=58.35), 0.156303 s/step
on time step 1193 (time=59.65), 0.156305 s/step
on time step 1228 (time=61.4), 0.114994 s/step
on time step 1255 (time=62.75), 0.149446 s/step
on time step 1319 (time=65.95), 0.0636215 s/step
on time step 1345 (time=67.25), 0.156074 s/step
on time step 1371 (time=68.55), 0.155847 s/step
Meep progress: 68.9/38000.0 = 0.2% done in 120.4s, 66300.1s to go
on time step 1416 (time=70.8), 0.0923285 s/step
on time step 1442 (time=72.1), 0.156303 s/step
on time step 1475 (time=73.75), 0.121941 s/step
on time step 1536 (time=76.8), 0.065684 s/step
on time step 1617 (time=80.85), 0.0497037 s/step
on time step 1672 (time=83.6), 0.0730311 s/step
on time step 1723 (time=86.15), 0.079059 s/step
Meep progress: 88.9/38000.0 = 0.2% done in 150.5s, 64160.2s to go
on time step 1802 (time=90.1), 0.0510021 s/step
on time step 1881 (time=94.05), 0.0509442 s/step
on time step 1966 (time=98.3), 0.0476584 s/step
on time step 2019 (time=100.95), 0.0772004 s/step
on time step 2045 (time=102.25), 0.155765 s/step
on time step 2080 (time=104), 0.114974 s/step
on time step 2118 (time=105.9), 0.105279 s/step
on time step 2144 (time=107.2), 0.156305 s/step
Meep progress: 107.35000000000001/38000.0 = 0.3% done in 180.5s, 63707.2s to go
on time step 2212 (time=110.6), 0.0593982 s/step
on time step 2315 (time=115.75), 0.0389405 s/step
on time step 2405 (time=120.25), 0.0444745 s/step
on time step 2454 (time=122.7), 0.0823232 s/step
on time step 2480 (time=124), 0.155801 s/step
on time step 2515 (time=125.75), 0.117227 s/step
on time step 2541 (time=127.05), 0.156303 s/step
Meep progress: 127.75/38000.0 = 0.3% done in 210.5s, 62409.9s to go
on time step 2578 (time=128.9), 0.108704 s/step
on time step 2662 (time=133.1), 0.0478954 s/step
on time step 2765 (time=138.25), 0.038853 s/step
on time step 2846 (time=142.3), 0.0496617 s/step
on time step 2932 (time=146.6), 0.0468468 s/step
on time step 3014 (time=150.7), 0.0490239 s/step
on time step 3058 (time=152.9), 0.0909958 s/step
on time step 3127 (time=156.35), 0.0582311 s/step
Meep progress: 156.45000000000002/38000.0 = 0.4% done in 240.6s, 58187.4s to go
on time step 3167 (time=158.35), 0.100423 s/step
on time step 3202 (time=160.1), 0.116535 s/step
on time step 3257 (time=162.85), 0.0732355 s/step
on time step 3341 (time=167.05), 0.0476416 s/step
on time step 3386 (time=169.3), 0.0903761 s/step
on time step 3426 (time=171.3), 0.100373 s/step
on time step 3459 (time=172.95), 0.121994 s/step
Meep progress: 173.55/38000.0 = 0.5% done in 270.6s, 58975.9s to go
on time step 3513 (time=175.65), 0.0747788 s/step
on time step 3574 (time=178.7), 0.0667354 s/step
on time step 3607 (time=180.35), 0.122148 s/step
on time step 3640 (time=182), 0.12508 s/step
on time step 3726 (time=186.3), 0.0465464 s/step
on time step 3800 (time=190), 0.0543913 s/step
on time step 3836 (time=191.8), 0.112078 s/step
Meep progress: 193.3/38000.0 = 0.5% done in 300.6s, 58797.1s to go
on time step 3870 (time=193.5), 0.120933 s/step
on time step 3896 (time=194.8), 0.155957 s/step
on time step 3922 (time=196.1), 0.155805 s/step
on time step 3964 (time=198.2), 0.0958332 s/step
on time step 3994 (time=199.7), 0.136292 s/step
on time step 4079 (time=203.95), 0.0475069 s/step
on time step 4173 (time=208.65), 0.0425846 s/step
on time step 4253 (time=212.65), 0.05036 s/step
Meep progress: 213.9/38000.0 = 0.6% done in 330.7s, 58412.1s to go
on time step 4338 (time=216.9), 0.0470817 s/step
on time step 4420 (time=221), 0.0487899 s/step
on time step 4512 (time=225.6), 0.0441284 s/step
on time step 4540 (time=227), 0.142988 s/step
on time step 4566 (time=228.3), 0.155768 s/step
on time step 4592 (time=229.6), 0.155845 s/step
on time step 4690 (time=234.5), 0.0411399 s/step
Meep progress: 237.85000000000002/38000.0 = 0.6% done in 360.7s, 57264.0s to go
on time step 4777 (time=238.85), 0.0465735 s/step
on time step 4857 (time=242.85), 0.0503015 s/step
on time step 4935 (time=246.75), 0.0513194 s/step
on time step 5001 (time=250.05), 0.0614972 s/step
on time step 5027 (time=251.35), 0.154065 s/step
on time step 5066 (time=253.3), 0.103535 s/step
on time step 5168 (time=258.4), 0.0393265 s/step
on time step 5271 (time=263.55), 0.0388518 s/step
Meep progress: 264.65000000000003/38000.0 = 0.7% done in 390.7s, 55710.6s to go
on time step 5355 (time=267.75), 0.0483059 s/step
on time step 5382 (time=269.1), 0.148424 s/step
on time step 5461 (time=273.05), 0.0523187 s/step
on time step 5491 (time=274.55), 0.13385 s/step
on time step 5594 (time=279.7), 0.0390828 s/step
on time step 5692 (time=284.6), 0.0410196 s/step
on time step 5773 (time=288.65), 0.0497783 s/step
Meep progress: 291.95/38000.0 = 0.8% done in 420.7s, 54343.7s to go
on time step 5858 (time=292.9), 0.048042 s/step
on time step 5884 (time=294.2), 0.155798 s/step
on time step 5919 (time=295.95), 0.115151 s/step
on time step 6003 (time=300.15), 0.047625 s/step
on time step 6084 (time=304.2), 0.0497392 s/step
on time step 6151 (time=307.55), 0.0597128 s/step
on time step 6177 (time=308.85), 0.155804 s/step
on time step 6203 (time=310.15), 0.155802 s/step
Meep progress: 310.25/38000.0 = 0.8% done in 450.8s, 54763.2s to go
on time step 6267 (time=313.35), 0.0647145 s/step
on time step 6307 (time=315.35), 0.100177 s/step
on time step 6399 (time=319.95), 0.043779 s/step
on time step 6502 (time=325.1), 0.0388625 s/step
on time step 6601 (time=330.05), 0.0404133 s/step
on time step 6675 (time=333.75), 0.0545084 s/step
on time step 6714 (time=335.7), 0.103388 s/step
Meep progress: 337.70000000000005/38000.0 = 0.9% done in 480.8s, 53623.3s to go
on time step 6797 (time=339.85), 0.0484921 s/step
on time step 6900 (time=345), 0.0389402 s/step
on time step 7003 (time=350.15), 0.0392499 s/step
on time step 7058 (time=352.9), 0.073212 s/step
on time step 7103 (time=355.15), 0.0894949 s/step
on time step 7176 (time=358.8), 0.0567042 s/step
on time step 7207 (time=360.35), 0.134029 s/step
Meep progress: 361.75/38000.0 = 1.0% done in 510.9s, 53152.1s to go
on time step 7240 (time=362), 0.121575 s/step
on time step 7308 (time=365.4), 0.0599522 s/step
on time step 7357 (time=367.85), 0.0819175 s/step
on time step 7428 (time=371.4), 0.0572041 s/step
on time step 7493 (time=374.65), 0.0621084 s/step
on time step 7572 (time=378.6), 0.0511257 s/step
on time step 7630 (time=381.5), 0.0714087 s/step
on time step 7682 (time=384.1), 0.0781548 s/step
Meep progress: 384.90000000000003/38000.0 = 1.0% done in 540.9s, 52857.9s to go
on time step 7722 (time=386.1), 0.100296 s/step
on time step 7782 (time=389.1), 0.0668316 s/step
on time step 7879 (time=393.95), 0.041947 s/step
on time step 7919 (time=395.95), 0.102165 s/step
on time step 7972 (time=398.6), 0.0764121 s/step
on time step 8065 (time=403.25), 0.0430554 s/step
on time step 8149 (time=407.45), 0.0478534 s/step
Meep progress: 410.65000000000003/38000.0 = 1.1% done in 570.9s, 52256.1s to go
on time step 8230 (time=411.5), 0.0496527 s/step
on time step 8269 (time=413.45), 0.105967 s/step
on time step 8295 (time=414.75), 0.1558 s/step
on time step 8369 (time=418.45), 0.0546234 s/step
on time step 8472 (time=423.6), 0.0389502 s/step
on time step 8575 (time=428.75), 0.0390039 s/step
on time step 8660 (time=433), 0.0470812 s/step
on time step 8751 (time=437.55), 0.0444707 s/step
Meep progress: 438.40000000000003/38000.0 = 1.2% done in 600.9s, 51484.9s to go
on time step 8795 (time=439.75), 0.0930412 s/step
on time step 8823 (time=441.15), 0.14314 s/step
on time step 8865 (time=443.25), 0.0974664 s/step
on time step 8937 (time=446.85), 0.0559508 s/step
on time step 9034 (time=451.7), 0.0415074 s/step
on time step 9123 (time=456.15), 0.0452356 s/step
on time step 9204 (time=460.2), 0.0494179 s/step
Meep progress: 462.8/38000.0 = 1.2% done in 630.9s, 51175.4s to go
on time step 9280 (time=464), 0.0530764 s/step
on time step 9315 (time=465.75), 0.118163 s/step
on time step 9341 (time=467.05), 0.155803 s/step
srun: Job step aborted: Waiting up to 62 seconds for job step to finish.
srun: got SIGCONT
slurmstepd: error: *** JOB 612975 ON topsy-cn-1-10 CANCELLED AT 2021-12-19T22:34:06 ***
srun: forcing job termination
slurmstepd: error: *** STEP 612975.0 ON topsy-cn-1-10 CANCELLED AT 2021-12-19T22:34:06 ***
srun: error: topsy-cn-2-14: tasks 20-23: Terminated
srun: error: topsy-cn-1-10: tasks 0-19: Terminated
