Using MPI version 3.1, 32 processes
WD: data/2021-12-01/WorksLargerDF/
AlreadyDir
-----------
Initializing structure...
Splitting into 32 chunks by voxels
time for choose_chunkdivision = 0.00343063 s
Working in 2D dimensions.
Computational cell is 420 x 100 x 0 with resolution 12
     block, center = (0,0,0)
          size (1e+20,1e+20,1e+20)
          axes (1,0,0), (0,1,0), (0,0,1)
          dielectric constant epsilon diagonal = (1.99622,1.99622,1.99622)
     block, center = (0,-26.25,0)
          size (1e+20,62.5,1e+20)
          axes (1,0,0), (0,1,0), (0,0,1)
          dielectric constant epsilon diagonal = (2.0746,2.0746,2.0746)
     block, center = (0,0,0)
          size (1e+20,8.2,1e+20)
          axes (1,0,0), (0,1,0), (0,0,1)
          dielectric constant epsilon diagonal = (2.08903,2.08903,2.08903)
time for set_epsilon = 0.327028 s
-----------
MPB solved for frequency_1(0.4,0,0) = 0.277754 after 72 iters
MPB solved for frequency_1(0.931446,0,0) = 0.645152 after 29 iters
MPB solved for frequency_1(0.93146,0,0) = 0.645161 after 11 iters
MPB solved for frequency_1(0.93146,0,0) = 0.645161 after 1 iters
Meep: using output directory 'data/2021-12-01/WorksLargerDF/'


Normalisation Run


on time step 172 (time=7.16667), 0.0232759 s/step
on time step 421 (time=17.5417), 0.0160729 s/step
on time step 668 (time=27.8333), 0.0162364 s/step
on time step 920 (time=38.3333), 0.0158797 s/step
on time step 1169 (time=48.7083), 0.016068 s/step
on time step 1421 (time=59.2083), 0.0159156 s/step
on time step 1669 (time=69.5417), 0.0161423 s/step
Meep progress: 74.625/607.0462239825024 = 12.3% done in 30.0s, 214.1s to go
on time step 1917 (time=79.875), 0.0161701 s/step
on time step 2160 (time=90), 0.0165239 s/step
on time step 2402 (time=100.083), 0.0165993 s/step
on time step 2645 (time=110.208), 0.0164795 s/step
on time step 2886 (time=120.25), 0.0166329 s/step
on time step 3126 (time=130.25), 0.0166817 s/step
on time step 3364 (time=140.167), 0.0168294 s/step
Meep progress: 150.0/607.0462239825024 = 24.7% done in 60.0s, 182.9s to go
on time step 3605 (time=150.208), 0.0166286 s/step
on time step 3844 (time=160.167), 0.0167754 s/step
on time step 4083 (time=170.125), 0.0167702 s/step
on time step 4324 (time=180.167), 0.0166627 s/step
on time step 4560 (time=190), 0.0169805 s/step
on time step 4798 (time=199.917), 0.0168211 s/step
on time step 5037 (time=209.875), 0.0167939 s/step
on time step 5270 (time=219.583), 0.017198 s/step
Meep progress: 224.125/607.0462239825024 = 36.9% done in 90.0s, 153.8s to go
on time step 5506 (time=229.417), 0.0169642 s/step
on time step 5742 (time=239.25), 0.0169635 s/step
on time step 5976 (time=249), 0.0171179 s/step
on time step 6211 (time=258.792), 0.0170242 s/step
on time step 6446 (time=268.583), 0.0170295 s/step
on time step 6685 (time=278.542), 0.0167916 s/step
on time step 6916 (time=288.167), 0.0173599 s/step
Meep progress: 297.375/607.0462239825024 = 49.0% done in 120.0s, 125.0s to go
on time step 7149 (time=297.875), 0.0172424 s/step
on time step 7383 (time=307.625), 0.0170983 s/step
on time step 7618 (time=317.417), 0.0170416 s/step
on time step 7851 (time=327.125), 0.0172023 s/step
on time step 8083 (time=336.792), 0.0172453 s/step
on time step 8323 (time=346.792), 0.0167133 s/step
on time step 8567 (time=356.958), 0.016446 s/step
on time step 8806 (time=366.917), 0.0168063 s/step
Meep progress: 371.2083333333333/607.0462239825024 = 61.1% done in 150.0s, 95.3s to go
on time step 9047 (time=376.958), 0.0166416 s/step
on time step 9291 (time=387.125), 0.0164019 s/step
on time step 9531 (time=397.125), 0.0167285 s/step
on time step 9769 (time=407.042), 0.016868 s/step
on time step 10011 (time=417.125), 0.0165305 s/step
on time step 10253 (time=427.208), 0.0165373 s/step
on time step 10485 (time=436.875), 0.0172754 s/step
Meep progress: 445.29166666666663/607.0462239825024 = 73.4% done in 180.0s, 65.4s to go
on time step 10699 (time=445.792), 0.0188144 s/step
on time step 10758 (time=448.25), 0.0686022 s/step
on time step 10809 (time=450.375), 0.0788184 s/step
on time step 10939 (time=455.792), 0.0308987 s/step
on time step 11115 (time=463.125), 0.0228553 s/step
on time step 11248 (time=468.667), 0.0300764 s/step
on time step 11385 (time=474.375), 0.0292595 s/step
on time step 11534 (time=480.583), 0.0268526 s/step
Meep progress: 483.54166666666663/607.0462239825024 = 79.7% done in 210.0s, 53.6s to go
on time step 11757 (time=489.875), 0.0179748 s/step
on time step 12009 (time=500.375), 0.0159017 s/step
on time step 12259 (time=510.792), 0.0160199 s/step
on time step 12513 (time=521.375), 0.0158019 s/step
on time step 12765 (time=531.875), 0.0158935 s/step
on time step 13019 (time=542.458), 0.0158126 s/step
on time step 13269 (time=552.875), 0.0160585 s/step
Meep progress: 561.9583333333333/607.0462239825024 = 92.6% done in 240.1s, 19.3s to go
on time step 13519 (time=563.292), 0.0160102 s/step
on time step 13773 (time=573.875), 0.015756 s/step
on time step 14025 (time=584.375), 0.0159225 s/step
on time step 14277 (time=594.875), 0.01593 s/step
on time step 14531 (time=605.458), 0.0157832 s/step
run 0 finished at t = 607.0833333333333 (14570 timesteps)
field decay(t = 607.0833333333333): 5.9622869825474115e-12 / 5.9622869825474115e-12 = 1.0
on time step 14775 (time=615.625), 0.0164334 s/step
on time step 15018 (time=625.75), 0.0164624 s/step
on time step 15259 (time=635.792), 0.0166539 s/step
on time step 15502 (time=645.917), 0.016514 s/step
on time step 15745 (time=656.042), 0.0165306 s/step
on time step 15989 (time=666.208), 0.0164625 s/step
on time step 16231 (time=676.292), 0.0165299 s/step
on time step 16474 (time=686.417), 0.0165045 s/step
on time step 16718 (time=696.583), 0.0163943 s/step
on time step 16956 (time=706.5), 0.0168184 s/step
on time step 17196 (time=716.5), 0.0166963 s/step
on time step 17441 (time=726.708), 0.0163659 s/step
on time step 17683 (time=736.792), 0.0165406 s/step
on time step 17926 (time=746.917), 0.0165462 s/step
on time step 18170 (time=757.083), 0.016405 s/step
on time step 18413 (time=767.208), 0.0165271 s/step
on time step 18655 (time=777.292), 0.0165398 s/step
on time step 18896 (time=787.333), 0.0166084 s/step
on time step 19138 (time=797.417), 0.0165778 s/step
on time step 19379 (time=807.458), 0.0166647 s/step
on time step 19622 (time=817.583), 0.0164661 s/step
on time step 19863 (time=827.625), 0.0166392 s/step
on time step 20105 (time=837.708), 0.0165631 s/step
on time step 20349 (time=847.875), 0.0164101 s/step
on time step 20586 (time=857.75), 0.0168785 s/step
on time step 20826 (time=867.75), 0.0167114 s/step
on time step 21071 (time=877.958), 0.0163676 s/step
on time step 21312 (time=888), 0.0166592 s/step
on time step 21552 (time=898), 0.0166824 s/step
on time step 21796 (time=908.167), 0.0164687 s/step
on time step 22037 (time=918.208), 0.0166134 s/step
on time step 22277 (time=928.208), 0.0166895 s/step
on time step 22516 (time=938.167), 0.016761 s/step
on time step 22759 (time=948.292), 0.016474 s/step
on time step 22999 (time=958.292), 0.016748 s/step
on time step 23241 (time=968.375), 0.0165748 s/step
on time step 23482 (time=978.417), 0.0166082 s/step
on time step 23723 (time=988.458), 0.0166307 s/step
on time step 23965 (time=998.542), 0.0165842 s/step
on time step 24205 (time=1008.54), 0.0166924 s/step
on time step 24445 (time=1018.54), 0.0166916 s/step
on time step 24686 (time=1028.58), 0.0166124 s/step
on time step 24928 (time=1038.67), 0.0165342 s/step
on time step 25169 (time=1048.71), 0.0166436 s/step
on time step 25410 (time=1058.75), 0.0166298 s/step
on time step 25653 (time=1068.88), 0.0164864 s/step
on time step 25894 (time=1078.92), 0.0166425 s/step
on time step 26133 (time=1088.88), 0.0167406 s/step
on time step 26377 (time=1099.04), 0.0164325 s/step
field decay(t = 1107.0833333333333): 0.020407740525033084 / 0.020407740525033084 = 1.0
on time step 26616 (time=1109), 0.0167635 s/step
on time step 26858 (time=1119.08), 0.0165573 s/step
on time step 27100 (time=1129.17), 0.0165392 s/step
on time step 27342 (time=1139.25), 0.0165972 s/step
on time step 27584 (time=1149.33), 0.0165535 s/step
on time step 27823 (time=1159.29), 0.0167779 s/step
on time step 28061 (time=1169.21), 0.0168518 s/step
on time step 28303 (time=1179.29), 0.0165461 s/step
on time step 28545 (time=1189.38), 0.0165552 s/step
on time step 28784 (time=1199.33), 0.0167367 s/step
on time step 29027 (time=1209.46), 0.0165291 s/step
on time step 29270 (time=1219.58), 0.016484 s/step
on time step 29510 (time=1229.58), 0.0167156 s/step
on time step 29749 (time=1239.54), 0.016818 s/step
on time step 29993 (time=1249.71), 0.0164553 s/step
on time step 30232 (time=1259.67), 0.0167407 s/step
on time step 30473 (time=1269.71), 0.0166149 s/step
on time step 30715 (time=1279.79), 0.0165293 s/step
on time step 30957 (time=1289.88), 0.0165702 s/step
on time step 31198 (time=1299.92), 0.0166851 s/step
on time step 31438 (time=1309.92), 0.0167223 s/step
on time step 31677 (time=1319.88), 0.0167642 s/step
on time step 31919 (time=1329.96), 0.016569 s/step
on time step 32162 (time=1340.08), 0.0165105 s/step
on time step 32403 (time=1350.12), 0.0166152 s/step
on time step 32643 (time=1360.12), 0.0166714 s/step
on time step 32886 (time=1370.25), 0.0165212 s/step
on time step 33127 (time=1380.29), 0.0166355 s/step
on time step 33365 (time=1390.21), 0.0168455 s/step
on time step 33606 (time=1400.25), 0.0166026 s/step
on time step 33846 (time=1410.25), 0.0167154 s/step
on time step 34087 (time=1420.29), 0.0166136 s/step
on time step 34328 (time=1430.33), 0.0166524 s/step
on time step 34570 (time=1440.42), 0.0165437 s/step
on time step 34811 (time=1450.46), 0.0166532 s/step
on time step 35049 (time=1460.38), 0.0168639 s/step
on time step 35290 (time=1470.42), 0.0166532 s/step
on time step 35531 (time=1480.46), 0.0166006 s/step
on time step 35772 (time=1490.5), 0.0166027 s/step
on time step 36014 (time=1500.58), 0.0165512 s/step
on time step 36256 (time=1510.67), 0.016583 s/step
on time step 36497 (time=1520.71), 0.0166116 s/step
on time step 36738 (time=1530.75), 0.0166526 s/step
on time step 36976 (time=1540.67), 0.0168091 s/step
on time step 37218 (time=1550.75), 0.0165863 s/step
on time step 37459 (time=1560.79), 0.0166571 s/step
on time step 37699 (time=1570.79), 0.0166874 s/step
on time step 37940 (time=1580.83), 0.016624 s/step
on time step 38182 (time=1590.92), 0.0165608 s/step
on time step 38423 (time=1600.96), 0.0166677 s/step
field decay(t = 1607.125): 2.6064030904480822e-15 / 0.020407740525033084 = 1.2771639698431812e-13
run 1 finished at t = 1607.125 (38571 timesteps)
WD: data/2021-12-01/WorksLargerDF/
AlreadyDir
-----------
Initializing structure...
Splitting into 32 chunks by voxels
time for choose_chunkdivision = 0.00361691 s
Working in 2D dimensions.
Computational cell is 420 x 100 x 0 with resolution 12
     block, center = (0,0,0)
          size (1e+20,1e+20,1e+20)
          axes (1,0,0), (0,1,0), (0,0,1)
          dielectric constant epsilon diagonal = (1.99622,1.99622,1.99622)
     block, center = (0,-26.25,0)
          size (1e+20,62.5,1e+20)
          axes (1,0,0), (0,1,0), (0,0,1)
          dielectric constant epsilon diagonal = (2.0746,2.0746,2.0746)
     block, center = (0,0,0)
          size (1e+20,8.2,1e+20)
          axes (1,0,0), (0,1,0), (0,0,1)
          dielectric constant epsilon diagonal = (2.08903,2.08903,2.08903)
     block, center = (0,-10.9,0)
          size (100,40,1e+20)
          axes (1,0,0), (0,1,0), (0,0,1)
          dielectric constant epsilon diagonal = (1.99622,1.99622,1.99622)
time for set_epsilon = 0.196224 s
-----------
MPB solved for frequency_1(0.4,0,0) = 0.277754 after 72 iters
MPB solved for frequency_1(0.931446,0,0) = 0.645152 after 29 iters
MPB solved for frequency_1(0.93146,0,0) = 0.645161 after 11 iters
MPB solved for frequency_1(0.93146,0,0) = 0.645161 after 1 iters
Meep: using output directory 'data/2021-12-01/WorksLargerDF/'


Actual Run


on time step 175 (time=7.29167), 0.022885 s/step
on time step 427 (time=17.7917), 0.0159109 s/step
on time step 676 (time=28.1667), 0.0161031 s/step
on time step 926 (time=38.5833), 0.0160444 s/step
on time step 1177 (time=49.0417), 0.0159781 s/step
on time step 1425 (time=59.375), 0.0161437 s/step
on time step 1672 (time=69.6667), 0.0162022 s/step
Meep progress: 74.70833333333333/607.0462239825024 = 12.3% done in 30.0s, 213.8s to go
on time step 1921 (time=80.0417), 0.0161041 s/step
on time step 2161 (time=90.0417), 0.0167285 s/step
on time step 2398 (time=99.9167), 0.016927 s/step
on time step 2642 (time=110.083), 0.0164048 s/step
on time step 2879 (time=119.958), 0.0168801 s/step
on time step 3116 (time=129.833), 0.0169133 s/step
on time step 3358 (time=139.917), 0.0165612 s/step
Meep progress: 149.41666666666666/607.0462239825024 = 24.6% done in 60.0s, 183.8s to go
on time step 3593 (time=149.708), 0.0170748 s/step
on time step 3828 (time=159.5), 0.0170788 s/step
on time step 4063 (time=169.292), 0.0170414 s/step
on time step 4301 (time=179.208), 0.0168127 s/step
on time step 4534 (time=188.917), 0.0171719 s/step
on time step 4767 (time=198.625), 0.0172169 s/step
on time step 5003 (time=208.458), 0.0169522 s/step
on time step 5234 (time=218.083), 0.0173199 s/step
Meep progress: 222.625/607.0462239825024 = 36.7% done in 90.0s, 155.4s to go
on time step 5467 (time=227.792), 0.0171807 s/step
on time step 5703 (time=237.625), 0.0170183 s/step
on time step 5935 (time=247.292), 0.0172737 s/step
on time step 6167 (time=256.958), 0.0172884 s/step
on time step 6399 (time=266.625), 0.0173086 s/step
on time step 6637 (time=276.542), 0.016819 s/step
on time step 6867 (time=286.125), 0.0174625 s/step
Meep progress: 295.16666666666663/607.0462239825024 = 48.6% done in 120.0s, 126.8s to go
on time step 7096 (time=295.667), 0.0175312 s/step
on time step 7327 (time=305.292), 0.017327 s/step
on time step 7563 (time=315.125), 0.0169539 s/step
on time step 7793 (time=324.708), 0.0174136 s/step
on time step 8021 (time=334.208), 0.0175918 s/step
on time step 8257 (time=344.042), 0.0169627 s/step
on time step 8475 (time=353.125), 0.0183751 s/step
on time step 8714 (time=363.083), 0.0167374 s/step
Meep progress: 367.41666666666663/607.0462239825024 = 60.5% done in 150.0s, 97.9s to go
on time step 8953 (time=373.042), 0.0167735 s/step
on time step 9198 (time=383.25), 0.0163295 s/step
on time step 9438 (time=393.25), 0.0167261 s/step
on time step 9675 (time=403.125), 0.0169132 s/step
on time step 9917 (time=413.208), 0.0165516 s/step
on time step 10158 (time=423.25), 0.0166385 s/step
on time step 10395 (time=433.125), 0.0169079 s/step
Meep progress: 441.9583333333333/607.0462239825024 = 72.8% done in 180.1s, 67.3s to go
on time step 10623 (time=442.625), 0.0175734 s/step
on time step 10738 (time=447.417), 0.0352151 s/step
on time step 10789 (time=449.542), 0.0792913 s/step
on time step 10858 (time=452.417), 0.0581504 s/step
on time step 11058 (time=460.75), 0.0201202 s/step
on time step 11194 (time=466.417), 0.0294287 s/step
on time step 11328 (time=472), 0.0298877 s/step
on time step 11469 (time=477.875), 0.0285474 s/step
Meep progress: 480.5833333333333/607.0462239825024 = 79.2% done in 210.1s, 55.3s to go
on time step 11677 (time=486.542), 0.0192398 s/step
on time step 11926 (time=496.917), 0.0160807 s/step
on time step 12175 (time=507.292), 0.0160956 s/step
on time step 12423 (time=517.625), 0.0161361 s/step
on time step 12672 (time=528), 0.0160963 s/step
on time step 12923 (time=538.458), 0.0159691 s/step
on time step 13171 (time=548.792), 0.0161372 s/step
Meep progress: 557.875/607.0462239825024 = 91.9% done in 240.1s, 21.2s to go
on time step 13418 (time=559.083), 0.0162433 s/step
on time step 13668 (time=569.5), 0.0160433 s/step
on time step 13916 (time=579.833), 0.0161294 s/step
on time step 14165 (time=590.208), 0.016117 s/step
on time step 14414 (time=600.583), 0.016099 s/step
run 0 finished at t = 607.0833333333333 (14570 timesteps)
field decay(t = 607.0833333333333): 0.02345340347985339 / 0.02345340347985339 = 1.0
on time step 14660 (time=610.833), 0.0163148 s/step
on time step 14902 (time=620.917), 0.0165714 s/step
on time step 15144 (time=631), 0.0165826 s/step
on time step 15386 (time=641.083), 0.0165501 s/step
on time step 15628 (time=651.167), 0.0165511 s/step
on time step 15869 (time=661.208), 0.0166596 s/step
on time step 16109 (time=671.208), 0.0167184 s/step
on time step 16352 (time=681.333), 0.0164978 s/step
on time step 16595 (time=691.458), 0.0165273 s/step
on time step 16833 (time=701.375), 0.0168124 s/step
field decay(t = 707.125): 0.03342866028883762 / 0.03342866028883762 = 1.0
on time step 17072 (time=711.333), 0.0167921 s/step
on time step 17313 (time=721.375), 0.0166159 s/step
on time step 17554 (time=731.417), 0.0166334 s/step
on time step 17797 (time=741.542), 0.0165196 s/step
on time step 18039 (time=751.625), 0.0165677 s/step
on time step 18281 (time=761.708), 0.0165902 s/step
on time step 18522 (time=771.75), 0.0166123 s/step
on time step 18761 (time=781.708), 0.0167948 s/step
on time step 19002 (time=791.75), 0.0166452 s/step
on time step 19244 (time=801.833), 0.0165681 s/step
field decay(t = 807.1666666666666): 1.1175889004095524e-05 / 0.03342866028883762 = 0.0003343205772391464
on time step 19484 (time=811.833), 0.0166883 s/step
on time step 19724 (time=821.833), 0.0166671 s/step
on time step 19964 (time=831.833), 0.0166995 s/step
on time step 20207 (time=841.958), 0.0165369 s/step
on time step 20446 (time=851.917), 0.0167999 s/step
on time step 20684 (time=861.833), 0.0168376 s/step
on time step 20927 (time=871.958), 0.0164983 s/step
on time step 21169 (time=882.042), 0.0165468 s/step
on time step 21411 (time=892.125), 0.0165921 s/step
on time step 21653 (time=902.208), 0.0165765 s/step
field decay(t = 907.2083333333333): 1.3127557022282086e-08 / 0.03342866028883762 = 3.927036533577624e-07
on time step 21896 (time=912.333), 0.0165031 s/step
on time step 22137 (time=922.375), 0.0166124 s/step
on time step 22377 (time=932.375), 0.0166759 s/step
on time step 22620 (time=942.5), 0.0164924 s/step
on time step 22859 (time=952.458), 0.0167917 s/step
on time step 23097 (time=962.375), 0.0168378 s/step
on time step 23340 (time=972.5), 0.016505 s/step
on time step 23578 (time=982.417), 0.0168585 s/step
on time step 23819 (time=992.458), 0.0166522 s/step
on time step 24061 (time=1002.54), 0.016572 s/step
field decay(t = 1007.25): 1.1795705885844514e-10 / 0.03342866028883762 = 3.5286205860254874e-09
on time step 24299 (time=1012.46), 0.0168333 s/step
on time step 24540 (time=1022.5), 0.0166415 s/step
on time step 24781 (time=1032.54), 0.0166226 s/step
on time step 25019 (time=1042.46), 0.0168159 s/step
on time step 25259 (time=1052.46), 0.0166963 s/step
on time step 25501 (time=1062.54), 0.016572 s/step
on time step 25742 (time=1072.58), 0.0166486 s/step
on time step 25982 (time=1082.58), 0.0166702 s/step
on time step 26224 (time=1092.67), 0.0165905 s/step
on time step 26463 (time=1102.62), 0.0167492 s/step
field decay(t = 1107.2916666666665): 1.4213423534658607e-13 / 0.03342866028883762 = 4.251867532784347e-12
run 1 finished at t = 1107.2916666666665 (26575 timesteps)
WD: data/2021-12-01/WorksLargerDF/
AlreadyDir
-----------
Initializing structure...
Splitting into 32 chunks by voxels
time for choose_chunkdivision = 0.00343985 s
Working in 2D dimensions.
Computational cell is 420 x 100 x 0 with resolution 12
     block, center = (0,0,0)
          size (1e+20,1e+20,1e+20)
          axes (1,0,0), (0,1,0), (0,0,1)
          dielectric constant epsilon diagonal = (1,1,1)
     block, center = (0,-26.25,0)
          size (1e+20,62.5,1e+20)
          axes (1,0,0), (0,1,0), (0,0,1)
          dielectric constant epsilon diagonal = (2.0746,2.0746,2.0746)
     block, center = (0,0,0)
          size (1e+20,8.2,1e+20)
          axes (1,0,0), (0,1,0), (0,0,1)
          dielectric constant epsilon diagonal = (2.08903,2.08903,2.08903)
time for set_epsilon = 4.2871 s
-----------
MPB solved for frequency_1(0.4,0,0) = 0.278456 after 72 iters
MPB solved for frequency_1(0.931991,0,0) = 0.64568 after 148 iters
MPB solved for frequency_1(0.931241,0,0) = 0.645161 after 24 iters
MPB solved for frequency_1(0.931241,0,0) = 0.645161 after 2 iters
Meep: using output directory 'data/2021-12-01/WorksLargerDF/'


Normalisation Run


on time step 178 (time=7.41667), 0.0224863 s/step
on time step 431 (time=17.9583), 0.0158648 s/step
on time step 682 (time=28.4167), 0.0159741 s/step
on time step 936 (time=39), 0.0157817 s/step
on time step 1186 (time=49.4167), 0.0160367 s/step
on time step 1437 (time=59.875), 0.015959 s/step
on time step 1683 (time=70.125), 0.0162939 s/step
Meep progress: 75.0/607.0462239825024 = 12.4% done in 30.0s, 212.8s to go
on time step 1929 (time=80.375), 0.0162987 s/step
on time step 2173 (time=90.5417), 0.0164036 s/step
on time step 2418 (time=100.75), 0.0163697 s/step
on time step 2661 (time=110.875), 0.0165132 s/step
on time step 2902 (time=120.917), 0.0166333 s/step
on time step 3147 (time=131.125), 0.0163361 s/step
on time step 3387 (time=141.125), 0.0167053 s/step
Meep progress: 150.875/607.0462239825024 = 24.9% done in 60.0s, 181.5s to go
on time step 3628 (time=151.167), 0.0166224 s/step
on time step 3869 (time=161.208), 0.0166175 s/step
on time step 4107 (time=171.125), 0.0168194 s/step
on time step 4345 (time=181.042), 0.0168731 s/step
on time step 4582 (time=190.917), 0.0169346 s/step
on time step 4822 (time=200.917), 0.0166698 s/step
on time step 5065 (time=211.042), 0.0164691 s/step
on time step 5309 (time=221.208), 0.0164233 s/step
Meep progress: 225.91666666666666/607.0462239825024 = 37.2% done in 90.0s, 151.9s to go
on time step 5553 (time=231.375), 0.0164462 s/step
on time step 5797 (time=241.542), 0.0164347 s/step
on time step 6041 (time=251.708), 0.0164697 s/step
on time step 6284 (time=261.833), 0.016502 s/step
on time step 6526 (time=271.917), 0.0165489 s/step
on time step 6768 (time=282), 0.0165333 s/step
on time step 7014 (time=292.25), 0.0163076 s/step
Meep progress: 301.79166666666663/607.0462239825024 = 49.7% done in 120.0s, 121.4s to go
on time step 7258 (time=302.417), 0.0164518 s/step
on time step 7503 (time=312.625), 0.0163747 s/step
on time step 7694 (time=320.583), 0.0209805 s/step
on time step 7792 (time=324.667), 0.041059 s/step
on time step 7900 (time=329.167), 0.0372433 s/step
on time step 8026 (time=334.417), 0.0318263 s/step
on time step 8188 (time=341.167), 0.0247064 s/step
on time step 8423 (time=350.958), 0.0170221 s/step
Meep progress: 355.16666666666663/607.0462239825024 = 58.5% done in 150.0s, 106.4s to go
on time step 8658 (time=360.75), 0.0170486 s/step
on time step 8877 (time=369.875), 0.0183317 s/step
on time step 9092 (time=378.833), 0.0186424 s/step
on time step 9322 (time=388.417), 0.0174037 s/step
on time step 9572 (time=398.833), 0.016034 s/step
on time step 9824 (time=409.333), 0.0158867 s/step
on time step 10077 (time=419.875), 0.0158376 s/step
Meep progress: 429.25/607.0462239825024 = 70.7% done in 180.1s, 74.6s to go
on time step 10325 (time=430.208), 0.0161812 s/step
on time step 10578 (time=440.75), 0.0158273 s/step
on time step 10831 (time=451.292), 0.0158599 s/step
on time step 11080 (time=461.667), 0.0160806 s/step
on time step 11332 (time=472.167), 0.0159131 s/step
on time step 11584 (time=482.667), 0.0159149 s/step
on time step 11834 (time=493.083), 0.0160409 s/step
on time step 12084 (time=503.5), 0.0160562 s/step
Meep progress: 507.66666666666663/607.0462239825024 = 83.6% done in 210.1s, 41.1s to go
on time step 12337 (time=514.042), 0.0158197 s/step
on time step 12589 (time=524.542), 0.0158777 s/step
on time step 12841 (time=535.042), 0.0159013 s/step
on time step 13094 (time=545.583), 0.0158584 s/step
on time step 13345 (time=556.042), 0.0159893 s/step
on time step 13598 (time=566.583), 0.0158408 s/step
on time step 13850 (time=577.083), 0.0158865 s/step
Meep progress: 586.25/607.0462239825024 = 96.6% done in 240.1s, 8.5s to go
on time step 14099 (time=587.458), 0.0160925 s/step
on time step 14352 (time=598), 0.0158391 s/step
run 0 finished at t = 607.0833333333333 (14570 timesteps)
field decay(t = 607.0833333333333): 2.112909482105614e-12 / 2.112909482105614e-12 = 1.0
on time step 14601 (time=608.375), 0.0160921 s/step
on time step 14841 (time=618.375), 0.0166793 s/step
on time step 15086 (time=628.583), 0.0164148 s/step
on time step 15327 (time=638.625), 0.0166577 s/step
on time step 15570 (time=648.75), 0.0164878 s/step
on time step 15813 (time=658.875), 0.0164984 s/step
on time step 16057 (time=669.042), 0.0164321 s/step
on time step 16298 (time=679.083), 0.016619 s/step
on time step 16541 (time=689.208), 0.016546 s/step
on time step 16784 (time=699.333), 0.0165031 s/step
on time step 17027 (time=709.458), 0.0164988 s/step
on time step 17269 (time=719.542), 0.0165412 s/step
on time step 17511 (time=729.625), 0.0165394 s/step
on time step 17749 (time=739.542), 0.016809 s/step
on time step 17991 (time=749.625), 0.01654 s/step
on time step 18235 (time=759.792), 0.0164398 s/step
on time step 18476 (time=769.833), 0.0165982 s/step
on time step 18720 (time=780), 0.0164527 s/step
on time step 18963 (time=790.125), 0.0164881 s/step
on time step 19207 (time=800.292), 0.0164545 s/step
on time step 19449 (time=810.375), 0.0165665 s/step
on time step 19693 (time=820.542), 0.0164288 s/step
on time step 19936 (time=830.667), 0.016494 s/step
on time step 20178 (time=840.75), 0.0165889 s/step
on time step 20419 (time=850.792), 0.0166145 s/step
on time step 20658 (time=860.75), 0.016778 s/step
on time step 20899 (time=870.792), 0.0166489 s/step
on time step 21142 (time=880.917), 0.016514 s/step
on time step 21381 (time=890.875), 0.0167673 s/step
on time step 21623 (time=900.958), 0.0165459 s/step
on time step 21866 (time=911.083), 0.0164744 s/step
on time step 22107 (time=921.125), 0.0166614 s/step
on time step 22350 (time=931.25), 0.0165205 s/step
on time step 22591 (time=941.292), 0.0166463 s/step
on time step 22834 (time=951.417), 0.0165291 s/step
on time step 23076 (time=961.5), 0.0165525 s/step
on time step 23316 (time=971.5), 0.016724 s/step
on time step 23555 (time=981.458), 0.0167503 s/step
on time step 23798 (time=991.583), 0.0165078 s/step
on time step 24041 (time=1001.71), 0.0165181 s/step
on time step 24284 (time=1011.83), 0.016471 s/step
on time step 24527 (time=1021.96), 0.016468 s/step
on time step 24771 (time=1032.12), 0.01643 s/step
on time step 25010 (time=1042.08), 0.0167577 s/step
on time step 25255 (time=1052.29), 0.0163888 s/step
on time step 25499 (time=1062.46), 0.0164085 s/step
on time step 25738 (time=1072.42), 0.0167595 s/step
on time step 25981 (time=1082.54), 0.0165208 s/step
on time step 26223 (time=1092.62), 0.0165633 s/step
on time step 26466 (time=1102.75), 0.0164772 s/step
field decay(t = 1107.0833333333333): 0.02144654188841171 / 0.02144654188841171 = 1.0
on time step 26710 (time=1112.92), 0.0164514 s/step
on time step 26954 (time=1123.08), 0.0164366 s/step
on time step 27196 (time=1133.17), 0.0165379 s/step
on time step 27438 (time=1143.25), 0.0165795 s/step
on time step 27682 (time=1153.42), 0.0164027 s/step
on time step 27925 (time=1163.54), 0.0165182 s/step
on time step 28169 (time=1173.71), 0.0164072 s/step
on time step 28413 (time=1183.88), 0.016403 s/step
on time step 28653 (time=1193.88), 0.0167167 s/step
on time step 28897 (time=1204.04), 0.0164583 s/step
on time step 29141 (time=1214.21), 0.0164574 s/step
on time step 29381 (time=1224.21), 0.0166715 s/step
on time step 29624 (time=1234.33), 0.0165319 s/step
on time step 29865 (time=1244.38), 0.0166646 s/step
on time step 30106 (time=1254.42), 0.0166567 s/step
on time step 30349 (time=1264.54), 0.0164844 s/step
on time step 30593 (time=1274.71), 0.0163956 s/step
on time step 30835 (time=1284.79), 0.0165965 s/step
on time step 31074 (time=1294.75), 0.0167517 s/step
on time step 31318 (time=1304.92), 0.0164616 s/step
on time step 31561 (time=1315.04), 0.0164962 s/step
on time step 31802 (time=1325.08), 0.0166218 s/step
on time step 32045 (time=1335.21), 0.0165013 s/step
on time step 32283 (time=1345.12), 0.0168251 s/step
on time step 32525 (time=1355.21), 0.0166069 s/step
on time step 32769 (time=1365.38), 0.0164518 s/step
on time step 33009 (time=1375.38), 0.0166746 s/step
on time step 33251 (time=1385.46), 0.0165724 s/step
on time step 33494 (time=1395.58), 0.0165313 s/step
on time step 33738 (time=1405.75), 0.0164556 s/step
on time step 33980 (time=1415.83), 0.0165768 s/step
on time step 34224 (time=1426), 0.0164354 s/step
on time step 34466 (time=1436.08), 0.016563 s/step
on time step 34708 (time=1446.17), 0.0165475 s/step
on time step 34952 (time=1456.33), 0.016421 s/step
on time step 35196 (time=1466.5), 0.0164515 s/step
on time step 35438 (time=1476.58), 0.0165713 s/step
on time step 35682 (time=1486.75), 0.0164552 s/step
on time step 35922 (time=1496.75), 0.0166835 s/step
on time step 36165 (time=1506.88), 0.0164768 s/step
on time step 36408 (time=1517), 0.0164692 s/step
on time step 36649 (time=1527.04), 0.016637 s/step
on time step 36892 (time=1537.17), 0.0165021 s/step
on time step 37133 (time=1547.21), 0.0165993 s/step
on time step 37376 (time=1557.33), 0.0165162 s/step
on time step 37620 (time=1567.5), 0.0164202 s/step
on time step 37864 (time=1577.67), 0.0164365 s/step
on time step 38105 (time=1587.71), 0.0166602 s/step
on time step 38346 (time=1597.75), 0.0166048 s/step
field decay(t = 1607.125): 2.696161164682915e-15 / 0.02144654188841171 = 1.257154266972869e-13
run 1 finished at t = 1607.125 (38571 timesteps)
WD: data/2021-12-01/WorksLargerDF/
AlreadyDir
-----------
Initializing structure...
Splitting into 32 chunks by voxels
time for choose_chunkdivision = 0.00353724 s
Working in 2D dimensions.
Computational cell is 420 x 100 x 0 with resolution 12
     block, center = (0,0,0)
          size (1e+20,1e+20,1e+20)
          axes (1,0,0), (0,1,0), (0,0,1)
          dielectric constant epsilon diagonal = (1,1,1)
     block, center = (0,-26.25,0)
          size (1e+20,62.5,1e+20)
          axes (1,0,0), (0,1,0), (0,0,1)
          dielectric constant epsilon diagonal = (2.0746,2.0746,2.0746)
     block, center = (0,0,0)
          size (1e+20,8.2,1e+20)
          axes (1,0,0), (0,1,0), (0,0,1)
          dielectric constant epsilon diagonal = (2.08903,2.08903,2.08903)
     block, center = (0,-10.9,0)
          size (100,40,1e+20)
          axes (1,0,0), (0,1,0), (0,0,1)
          dielectric constant epsilon diagonal = (1,1,1)
time for set_epsilon = 0.184654 s
-----------
MPB solved for frequency_1(0.4,0,0) = 0.278456 after 72 iters
MPB solved for frequency_1(0.931991,0,0) = 0.64568 after 148 iters
MPB solved for frequency_1(0.931241,0,0) = 0.645161 after 24 iters
MPB solved for frequency_1(0.931241,0,0) = 0.645161 after 2 iters
Meep: using output directory 'data/2021-12-01/WorksLargerDF/'


Actual Run


on time step 177 (time=7.375), 0.0226551 s/step
on time step 432 (time=18), 0.0157181 s/step
on time step 684 (time=28.5), 0.0158986 s/step
on time step 937 (time=39.0417), 0.0158665 s/step
on time step 1189 (time=49.5417), 0.0158788 s/step
on time step 1441 (time=60.0417), 0.0158853 s/step
on time step 1685 (time=70.2083), 0.0164269 s/step
Meep progress: 75.20833333333333/607.0462239825024 = 12.4% done in 30.0s, 212.2s to go
on time step 1931 (time=80.4583), 0.016289 s/step
on time step 2177 (time=90.7083), 0.0163231 s/step
on time step 2420 (time=100.833), 0.0165024 s/step
on time step 2664 (time=111), 0.0164002 s/step
on time step 2905 (time=121.042), 0.0165988 s/step
on time step 3151 (time=131.292), 0.0163231 s/step
on time step 3392 (time=141.333), 0.0166254 s/step
Meep progress: 151.25/607.0462239825024 = 24.9% done in 60.0s, 180.8s to go
on time step 3637 (time=151.542), 0.0163634 s/step
on time step 3880 (time=161.667), 0.0165201 s/step
on time step 4123 (time=171.792), 0.016501 s/step
on time step 4362 (time=181.75), 0.0167807 s/step
on time step 4601 (time=191.708), 0.0167584 s/step
on time step 4845 (time=201.875), 0.016454 s/step
on time step 5089 (time=212.042), 0.0164319 s/step
on time step 5328 (time=222), 0.0167364 s/step
Meep progress: 226.5/607.0462239825024 = 37.3% done in 90.0s, 151.2s to go
on time step 5568 (time=232), 0.0167049 s/step
on time step 5812 (time=242.167), 0.0164441 s/step
on time step 6053 (time=252.208), 0.0166509 s/step
on time step 6294 (time=262.25), 0.0166484 s/step
on time step 6541 (time=272.542), 0.016232 s/step
on time step 6789 (time=282.875), 0.0161819 s/step
on time step 7034 (time=293.083), 0.0163468 s/step
Meep progress: 302.7083333333333/607.0462239825024 = 49.9% done in 120.0s, 120.7s to go
on time step 7280 (time=303.333), 0.0162849 s/step
on time step 7526 (time=313.583), 0.0162613 s/step
on time step 7702 (time=320.917), 0.0229217 s/step
on time step 7803 (time=325.125), 0.0396321 s/step
on time step 7908 (time=329.5), 0.0381092 s/step
on time step 8038 (time=334.917), 0.030814 s/step
on time step 8208 (time=342), 0.0235673 s/step
on time step 8444 (time=351.833), 0.0169668 s/step
Meep progress: 356.0/607.0462239825024 = 58.6% done in 150.0s, 105.8s to go
on time step 8676 (time=361.5), 0.0172901 s/step
on time step 8893 (time=370.542), 0.0185141 s/step
on time step 9110 (time=379.583), 0.0184905 s/step
on time step 9344 (time=389.333), 0.0171085 s/step
on time step 9595 (time=399.792), 0.0159375 s/step
on time step 9848 (time=410.333), 0.0158277 s/step
on time step 10101 (time=420.875), 0.0158496 s/step
Meep progress: 430.5/607.0462239825024 = 70.9% done in 180.0s, 73.8s to go
on time step 10354 (time=431.417), 0.0158482 s/step
on time step 10609 (time=442.042), 0.015689 s/step
on time step 10862 (time=452.583), 0.0158666 s/step
on time step 11112 (time=463), 0.0160433 s/step
on time step 11366 (time=473.583), 0.0157501 s/step
on time step 11619 (time=484.125), 0.015871 s/step
on time step 11870 (time=494.583), 0.0159694 s/step
on time step 12123 (time=505.125), 0.0158593 s/step
Meep progress: 509.29166666666663/607.0462239825024 = 83.9% done in 210.1s, 40.3s to go
on time step 12373 (time=515.542), 0.0160315 s/step
on time step 12627 (time=526.125), 0.0158023 s/step
on time step 12880 (time=536.667), 0.0158127 s/step
on time step 13132 (time=547.167), 0.0158972 s/step
on time step 13384 (time=557.667), 0.0158779 s/step
on time step 13638 (time=568.25), 0.0157899 s/step
on time step 13890 (time=578.75), 0.0158971 s/step
Meep progress: 588.125/607.0462239825024 = 96.9% done in 240.1s, 7.7s to go
on time step 14143 (time=589.292), 0.015858 s/step
on time step 14397 (time=599.875), 0.0157683 s/step
run 0 finished at t = 607.0833333333333 (14570 timesteps)
field decay(t = 607.0833333333333): 0.007588872244779702 / 0.007588872244779702 = 1.0
on time step 14646 (time=610.25), 0.0160834 s/step
on time step 14887 (time=620.292), 0.0166112 s/step
on time step 15131 (time=630.458), 0.0164482 s/step
on time step 15374 (time=640.583), 0.0164675 s/step
on time step 15616 (time=650.667), 0.0165781 s/step
on time step 15860 (time=660.833), 0.0164058 s/step
on time step 16103 (time=670.958), 0.0164738 s/step
on time step 16348 (time=681.167), 0.0163586 s/step
on time step 16593 (time=691.375), 0.0163348 s/step
on time step 16837 (time=701.542), 0.0164263 s/step
field decay(t = 707.125): 0.011381270329102387 / 0.011381270329102387 = 1.0
on time step 17081 (time=711.708), 0.0164073 s/step
on time step 17326 (time=721.917), 0.0163662 s/step
on time step 17568 (time=732), 0.0165845 s/step
on time step 17810 (time=742.083), 0.0165407 s/step
on time step 18056 (time=752.333), 0.0162702 s/step
on time step 18301 (time=762.542), 0.0163785 s/step
on time step 18543 (time=772.625), 0.0165571 s/step
on time step 18787 (time=782.792), 0.0164059 s/step
on time step 19031 (time=792.958), 0.0164306 s/step
on time step 19275 (time=803.125), 0.0164388 s/step
field decay(t = 807.1666666666666): 0.00020896826281957147 / 0.011381270329102387 = 0.01836071517300058
on time step 19521 (time=813.375), 0.0162866 s/step
on time step 19764 (time=823.5), 0.0165099 s/step
on time step 20009 (time=833.708), 0.0163635 s/step
on time step 20255 (time=843.958), 0.0162819 s/step
on time step 20499 (time=854.125), 0.016447 s/step
on time step 20743 (time=864.292), 0.0164424 s/step
on time step 20989 (time=874.542), 0.0162991 s/step
on time step 21233 (time=884.708), 0.0164385 s/step
on time step 21477 (time=894.875), 0.0164292 s/step
on time step 21723 (time=905.125), 0.0162607 s/step
field decay(t = 907.2083333333333): 6.098608175322442e-06 / 0.011381270329102387 = 0.000535845999521516
on time step 21968 (time=915.333), 0.0163329 s/step
on time step 22210 (time=925.417), 0.0165829 s/step
on time step 22456 (time=935.667), 0.016303 s/step
on time step 22699 (time=945.792), 0.0164724 s/step
on time step 22943 (time=955.958), 0.0164377 s/step
on time step 23188 (time=966.167), 0.0163564 s/step
on time step 23428 (time=976.167), 0.0166776 s/step
on time step 23673 (time=986.375), 0.0163391 s/step
on time step 23919 (time=996.625), 0.0162711 s/step
on time step 24162 (time=1006.75), 0.01648 s/step
field decay(t = 1007.25): 7.296354293789545e-08 / 0.011381270329102387 = 6.41084350235708e-06
on time step 24405 (time=1016.88), 0.0164911 s/step
on time step 24651 (time=1027.12), 0.0162712 s/step
on time step 24894 (time=1037.25), 0.0164629 s/step
on time step 25138 (time=1047.42), 0.0164355 s/step
on time step 25384 (time=1057.67), 0.0162928 s/step
on time step 25629 (time=1067.88), 0.0163857 s/step
on time step 25872 (time=1078), 0.0165114 s/step
on time step 26118 (time=1088.25), 0.0162812 s/step
on time step 26363 (time=1098.46), 0.0163855 s/step
field decay(t = 1107.2916666666665): 4.274926446981671e-09 / 0.011381270329102387 = 3.7561065886032985e-07
on time step 26608 (time=1108.67), 0.0163335 s/step
on time step 26852 (time=1118.83), 0.0164118 s/step
on time step 27095 (time=1128.96), 0.016501 s/step
on time step 27341 (time=1139.21), 0.0163227 s/step
on time step 27586 (time=1149.42), 0.0163357 s/step
on time step 27830 (time=1159.58), 0.016419 s/step
on time step 28075 (time=1169.79), 0.0163513 s/step
on time step 28318 (time=1179.92), 0.0164887 s/step
on time step 28562 (time=1190.08), 0.0164559 s/step
on time step 28807 (time=1200.29), 0.016391 s/step
field decay(t = 1207.3333333333333): 1.1397898984749791e-11 / 0.011381270329102387 = 1.0014610544488066e-09
on time step 29052 (time=1210.5), 0.0163653 s/step
on time step 29296 (time=1220.67), 0.0164366 s/step
on time step 29540 (time=1230.83), 0.0164491 s/step
on time step 29784 (time=1241), 0.0164333 s/step
on time step 30027 (time=1251.12), 0.016469 s/step
on time step 30269 (time=1261.21), 0.0165849 s/step
on time step 30511 (time=1271.29), 0.01655 s/step
on time step 30753 (time=1281.38), 0.0165898 s/step
on time step 31000 (time=1291.67), 0.0162216 s/step
on time step 31244 (time=1301.83), 0.0164069 s/step
field decay(t = 1307.375): 4.443848270889692e-12 / 0.011381270329102387 = 3.904527475748103e-10
run 1 finished at t = 1307.375 (31377 timesteps)

Elapsed run time = 2300.3717 s
