Using MPI version 3.1, 64 processes
WD: data/2021-11-12/LargerDeviceWPDMS/
AlreadyDir
-----------
Initializing structure...
Splitting into 64 chunks by voxels
time for choose_chunkdivision = 0.00585189 s
Working in 2D dimensions.
Computational cell is 1710 x 100 x 0 with resolution 5
     block, center = (0,0,0)
          size (1e+20,1e+20,1e+20)
          axes (1,0,0), (0,1,0), (0,0,1)
          dielectric constant epsilon diagonal = (1.9881,1.9881,1.9881)
     block, center = (0,-26.25,0)
          size (1e+20,62.5,1e+20)
          axes (1,0,0), (0,1,0), (0,0,1)
          dielectric constant epsilon diagonal = (2.0736,2.0736,2.0736)
     block, center = (0,0,0)
          size (1e+20,8.2,1e+20)
          axes (1,0,0), (0,1,0), (0,0,1)
          dielectric constant epsilon diagonal = (2.08803,2.08803,2.08803)
time for set_epsilon = 0.475018 s
-----------
MPB solved for frequency_1(0.4,0,0) = 0.277852 after 53 iters
MPB solved for frequency_1(0.93122,0,0) = 0.645165 after 34 iters
MPB solved for frequency_1(0.931214,0,0) = 0.645161 after 6 iters
MPB solved for frequency_1(0.931214,0,0) = 0.645161 after 1 iters
Meep: using output directory 'data/2021-11-12/LargerDeviceWPDMS/'
Vector3<851.5, 0.0, 0.0>
on time step 154 (time=15.4), 0.0260169 s/step
on time step 595 (time=59.5), 0.00907654 s/step
on time step 1031 (time=103.1), 0.00918048 s/step
on time step 1474 (time=147.4), 0.00903659 s/step
on time step 1914 (time=191.4), 0.0091105 s/step
on time step 2352 (time=235.2), 0.00914468 s/step
on time step 2795 (time=279.5), 0.00904698 s/step
on time step 3235 (time=323.5), 0.00909722 s/step
on time step 3678 (time=367.8), 0.0090322 s/step
on time step 4121 (time=412.1), 0.00904629 s/step
on time step 4569 (time=456.9), 0.00894086 s/step
on time step 5017 (time=501.7), 0.00893982 s/step
on time step 5468 (time=546.8), 0.00887538 s/step
on time step 5912 (time=591.2), 0.00901078 s/step
on time step 6358 (time=635.8), 0.00897573 s/step
on time step 6805 (time=680.5), 0.00895189 s/step
on time step 7248 (time=724.8), 0.00904657 s/step
on time step 7700 (time=770), 0.00885543 s/step
on time step 8145 (time=814.5), 0.00900149 s/step
on time step 8597 (time=859.7), 0.0088618 s/step
on time step 9049 (time=904.9), 0.00885346 s/step
on time step 9492 (time=949.2), 0.00903942 s/step
on time step 9941 (time=994.1), 0.00892848 s/step
on time step 10392 (time=1039.2), 0.00888322 s/step
on time step 10842 (time=1084.2), 0.00889288 s/step
on time step 11288 (time=1128.8), 0.00898337 s/step
on time step 11739 (time=1173.9), 0.00888451 s/step
on time step 12180 (time=1218), 0.00907403 s/step
on time step 12622 (time=1262.2), 0.00906076 s/step
on time step 13067 (time=1306.7), 0.0090087 s/step
on time step 13503 (time=1350.3), 0.00918322 s/step
on time step 13948 (time=1394.8), 0.00900274 s/step
on time step 14370 (time=1437), 0.0094807 s/step
on time step 14775 (time=1477.5), 0.00989771 s/step
on time step 15179 (time=1517.9), 0.00990216 s/step
on time step 15579 (time=1557.9), 0.0100146 s/step
on time step 15979 (time=1597.9), 0.010004 s/step
on time step 16381 (time=1638.1), 0.00995112 s/step
on time step 16783 (time=1678.3), 0.00996555 s/step
on time step 17186 (time=1718.6), 0.00994422 s/step
on time step 17586 (time=1758.6), 0.0100224 s/step
on time step 17986 (time=1798.6), 0.0100177 s/step
on time step 18384 (time=1838.4), 0.010071 s/step
on time step 18796 (time=1879.6), 0.00971224 s/step
on time step 19216 (time=1921.6), 0.00953668 s/step
on time step 19640 (time=1964), 0.00943965 s/step
run 0 finished at t = 2000.1000000000001 (20001 timesteps)
WD: data/2021-11-12/LargerDeviceWPDMS/
AlreadyDir
-----------
Initializing structure...
Splitting into 64 chunks by voxels
time for choose_chunkdivision = 0.00587368 s
Working in 2D dimensions.
Computational cell is 1710 x 100 x 0 with resolution 5
     block, center = (0,0,0)
          size (1e+20,1e+20,1e+20)
          axes (1,0,0), (0,1,0), (0,0,1)
          dielectric constant epsilon diagonal = (1.9881,1.9881,1.9881)
     block, center = (0,-26.25,0)
          size (1e+20,62.5,1e+20)
          axes (1,0,0), (0,1,0), (0,0,1)
          dielectric constant epsilon diagonal = (2.0736,2.0736,2.0736)
     block, center = (0,0,0)
          size (1e+20,8.2,1e+20)
          axes (1,0,0), (0,1,0), (0,0,1)
          dielectric constant epsilon diagonal = (2.08803,2.08803,2.08803)
     block, center = (-500,-10.9,0)
          size (100,40,1e+20)
          axes (1,0,0), (0,1,0), (0,0,1)
          dielectric constant epsilon diagonal = (1.9881,1.9881,1.9881)
     block, center = (500,-10.9,0)
          size (100,40,1e+20)
          axes (1,0,0), (0,1,0), (0,0,1)
          dielectric constant epsilon diagonal = (1.9881,1.9881,1.9881)
time for set_epsilon = 0.317189 s
-----------
MPB solved for frequency_1(0.4,0,0) = 0.277852 after 53 iters
MPB solved for frequency_1(0.93122,0,0) = 0.645165 after 34 iters
MPB solved for frequency_1(0.931214,0,0) = 0.645161 after 6 iters
MPB solved for frequency_1(0.931214,0,0) = 0.645161 after 1 iters
Meep: using output directory 'data/2021-11-12/LargerDeviceWPDMS/'
Actual Simtime: 3.3333333333333334e-09
creating output file "data/2021-11-12/LargerDeviceWPDMS//RunModel-eps-000000.00.h5"...
on time step 196 (time=19.6), 0.0204463 s/step
on time step 640 (time=64), 0.00902514 s/step
on time step 1089 (time=108.9), 0.0089249 s/step
on time step 1535 (time=153.5), 0.00898482 s/step
on time step 1974 (time=197.4), 0.00912815 s/step
on time step 2423 (time=242.3), 0.00892337 s/step
on time step 2871 (time=287.1), 0.00893699 s/step
on time step 3319 (time=331.9), 0.00894604 s/step
on time step 3764 (time=376.4), 0.0089949 s/step
on time step 4214 (time=421.4), 0.00890318 s/step
on time step 4645 (time=464.5), 0.00930051 s/step
on time step 5093 (time=509.3), 0.00893007 s/step
on time step 5540 (time=554), 0.00896785 s/step
on time step 5987 (time=598.7), 0.0089551 s/step
on time step 6433 (time=643.3), 0.00898477 s/step
on time step 6871 (time=687.1), 0.00913364 s/step
on time step 7312 (time=731.2), 0.00907563 s/step
on time step 7761 (time=776.1), 0.00892571 s/step
on time step 8206 (time=820.6), 0.00898938 s/step
on time step 8654 (time=865.4), 0.00894017 s/step
on time step 9104 (time=910.4), 0.00890423 s/step
on time step 9554 (time=955.4), 0.00890334 s/step
on time step 10000 (time=1000), 0.00898774 s/step
on time step 10446 (time=1044.6), 0.00897376 s/step
on time step 10893 (time=1089.3), 0.00895149 s/step
on time step 11326 (time=1132.6), 0.00925276 s/step
on time step 11775 (time=1177.5), 0.00892204 s/step
on time step 12222 (time=1222.2), 0.00894921 s/step
on time step 12671 (time=1267.1), 0.0089208 s/step
on time step 13121 (time=1312.1), 0.00889911 s/step
on time step 13566 (time=1356.6), 0.00899448 s/step
on time step 14004 (time=1400.4), 0.00913365 s/step
on time step 14424 (time=1442.4), 0.00954284 s/step
on time step 14825 (time=1482.5), 0.00997588 s/step
on time step 15230 (time=1523), 0.00987975 s/step
on time step 15635 (time=1563.5), 0.00987807 s/step
on time step 16041 (time=1604.1), 0.00987427 s/step
on time step 16447 (time=1644.7), 0.00987062 s/step
on time step 16848 (time=1684.8), 0.00998362 s/step
on time step 17252 (time=1725.2), 0.00991472 s/step
on time step 17643 (time=1764.3), 0.0102556 s/step
on time step 18046 (time=1804.6), 0.00994582 s/step
on time step 18441 (time=1844.1), 0.0101273 s/step
on time step 18860 (time=1886), 0.00955432 s/step
on time step 19280 (time=1928), 0.00953051 s/step
on time step 19699 (time=1969.9), 0.00956325 s/step
field decay(t = 2000.1000000000001): 0.4245168172890421 / 0.4245168172890421 = 1.0
on time step 20115 (time=2011.5), 0.0096286 s/step
on time step 20523 (time=2052.3), 0.00982264 s/step
on time step 20934 (time=2093.4), 0.00974704 s/step
on time step 21269 (time=2126.9), 0.011987 s/step
on time step 21547 (time=2154.7), 0.0144077 s/step
on time step 21992 (time=2199.2), 0.00899639 s/step
on time step 22437 (time=2243.7), 0.00900739 s/step
on time step 22880 (time=2288), 0.00903757 s/step
on time step 23321 (time=2332.1), 0.00907346 s/step
on time step 23745 (time=2374.5), 0.00944159 s/step
on time step 24189 (time=2418.9), 0.00902619 s/step
on time step 24632 (time=2463.2), 0.00904094 s/step
on time step 25076 (time=2507.6), 0.0090167 s/step
on time step 25516 (time=2551.6), 0.00909784 s/step
on time step 25957 (time=2595.7), 0.00909051 s/step
on time step 26391 (time=2639.1), 0.00923517 s/step
on time step 26827 (time=2682.7), 0.00917893 s/step
on time step 27258 (time=2725.8), 0.00928209 s/step
on time step 27695 (time=2769.5), 0.00916994 s/step
on time step 28133 (time=2813.3), 0.00914452 s/step
on time step 28568 (time=2856.8), 0.00920975 s/step
on time step 29003 (time=2900.3), 0.0092097 s/step
on time step 29427 (time=2942.7), 0.00944206 s/step
on time step 29862 (time=2986.2), 0.00920029 s/step
on time step 30271 (time=3027.1), 0.00978215 s/step
on time step 30711 (time=3071.1), 0.00911098 s/step
on time step 31134 (time=3113.4), 0.00947187 s/step
on time step 31575 (time=3157.5), 0.00907207 s/step
on time step 32016 (time=3201.6), 0.00907644 s/step
on time step 32449 (time=3244.9), 0.00924102 s/step
on time step 32888 (time=3288.8), 0.009128 s/step
on time step 33323 (time=3332.3), 0.0092032 s/step
on time step 33760 (time=3376), 0.00915366 s/step
on time step 34206 (time=3420.6), 0.00897381 s/step
on time step 34654 (time=3465.4), 0.00894077 s/step
on time step 35101 (time=3510.1), 0.0089625 s/step
on time step 35550 (time=3555), 0.00892454 s/step
on time step 35997 (time=3599.7), 0.00895027 s/step
on time step 36435 (time=3643.5), 0.00915106 s/step
on time step 36867 (time=3686.7), 0.00927796 s/step
on time step 37316 (time=3731.6), 0.00891434 s/step
on time step 37767 (time=3776.7), 0.00888094 s/step
on time step 38218 (time=3821.8), 0.0088803 s/step
on time step 38668 (time=3866.8), 0.00890602 s/step
on time step 39111 (time=3911.1), 0.00904687 s/step
on time step 39555 (time=3955.5), 0.00901408 s/step
field decay(t = 4000.1000000000004): 0.07239858771761196 / 0.4245168172890421 = 0.1705435091593031
on time step 40005 (time=4000.5), 0.008909 s/step
on time step 40452 (time=4045.2), 0.00896055 s/step
on time step 40901 (time=4090.1), 0.00891455 s/step
on time step 41351 (time=4135.1), 0.00889012 s/step
on time step 41789 (time=4178.9), 0.00914435 s/step
on time step 42233 (time=4223.3), 0.00901791 s/step
on time step 42683 (time=4268.3), 0.00890909 s/step
on time step 43132 (time=4313.2), 0.00892743 s/step
on time step 43571 (time=4357.1), 0.00911655 s/step
on time step 44020 (time=4402), 0.00891046 s/step
on time step 44470 (time=4447), 0.00890499 s/step
on time step 44913 (time=4491.3), 0.00904124 s/step
on time step 45363 (time=4536.3), 0.00889432 s/step
on time step 45812 (time=4581.2), 0.00892557 s/step
on time step 46257 (time=4625.7), 0.00900748 s/step
on time step 46706 (time=4670.6), 0.00890976 s/step
on time step 47149 (time=4714.9), 0.00903408 s/step
on time step 47597 (time=4759.7), 0.00894015 s/step
on time step 48047 (time=4804.7), 0.00890768 s/step
on time step 48495 (time=4849.5), 0.00893767 s/step
on time step 48945 (time=4894.5), 0.00890219 s/step
on time step 49394 (time=4939.4), 0.00891937 s/step
on time step 49844 (time=4984.4), 0.00889171 s/step
on time step 50283 (time=5028.3), 0.00911372 s/step
on time step 50733 (time=5073.3), 0.00890395 s/step
on time step 51183 (time=5118.3), 0.00890604 s/step
on time step 51634 (time=5163.4), 0.0088846 s/step
on time step 52076 (time=5207.6), 0.00906382 s/step
on time step 52524 (time=5252.4), 0.00893545 s/step
on time step 52965 (time=5296.5), 0.00907385 s/step
on time step 53408 (time=5340.8), 0.00904347 s/step
on time step 53854 (time=5385.4), 0.008986 s/step
on time step 54295 (time=5429.5), 0.00907116 s/step
on time step 54736 (time=5473.6), 0.00908663 s/step
on time step 55186 (time=5518.6), 0.0088891 s/step
on time step 55635 (time=5563.5), 0.00891492 s/step
on time step 56084 (time=5608.4), 0.00892648 s/step
on time step 56535 (time=5653.5), 0.00887754 s/step
on time step 56974 (time=5697.4), 0.00913147 s/step
on time step 57414 (time=5741.4), 0.00910019 s/step
on time step 57863 (time=5786.3), 0.00892091 s/step
on time step 58312 (time=5831.2), 0.00891887 s/step
on time step 58752 (time=5875.2), 0.00909867 s/step
on time step 59200 (time=5920), 0.00893025 s/step
on time step 59644 (time=5964.4), 0.0090156 s/step
field decay(t = 6000.200000000001): 1.2610362726702848e-08 / 0.4245168172890421 = 2.97052135819552e-08
on time step 60084 (time=6008.4), 0.00910621 s/step
on time step 60529 (time=6052.9), 0.00899259 s/step
on time step 60976 (time=6097.6), 0.00895886 s/step
on time step 61420 (time=6142), 0.00902668 s/step
on time step 61870 (time=6187), 0.00889392 s/step
on time step 62321 (time=6232.1), 0.0088881 s/step
on time step 62769 (time=6276.9), 0.00892926 s/step
on time step 63219 (time=6321.9), 0.00890053 s/step
on time step 63658 (time=6365.8), 0.00912915 s/step
on time step 64107 (time=6410.7), 0.00892315 s/step
on time step 64549 (time=6454.9), 0.0090499 s/step
on time step 64999 (time=6499.9), 0.00889436 s/step
on time step 65444 (time=6544.4), 0.00900374 s/step
on time step 65894 (time=6589.4), 0.00890554 s/step
on time step 66340 (time=6634), 0.00898502 s/step
on time step 66786 (time=6678.6), 0.00898279 s/step
on time step 67232 (time=6723.2), 0.00898287 s/step
on time step 67681 (time=6768.1), 0.00892715 s/step
on time step 68131 (time=6813.1), 0.00888965 s/step
on time step 68581 (time=6858.1), 0.00890578 s/step
on time step 69031 (time=6903.1), 0.00889343 s/step
on time step 69481 (time=6948.1), 0.00890295 s/step
on time step 69931 (time=6993.1), 0.00889604 s/step
on time step 70370 (time=7037), 0.00911729 s/step
on time step 70820 (time=7082), 0.00890789 s/step
on time step 71270 (time=7127), 0.00889001 s/step
on time step 71720 (time=7172), 0.00890337 s/step
on time step 72163 (time=7216.3), 0.00903481 s/step
on time step 72612 (time=7261.2), 0.00891637 s/step
on time step 73057 (time=7305.7), 0.00899521 s/step
on time step 73506 (time=7350.6), 0.00890969 s/step
on time step 73948 (time=7394.8), 0.00906167 s/step
on time step 74387 (time=7438.7), 0.00911466 s/step
on time step 74837 (time=7483.7), 0.00890344 s/step
on time step 75288 (time=7528.8), 0.00887838 s/step
on time step 75737 (time=7573.7), 0.00891008 s/step
on time step 76188 (time=7618.8), 0.00887716 s/step
on time step 76638 (time=7663.8), 0.00889017 s/step
on time step 77077 (time=7707.7), 0.00912896 s/step
on time step 77526 (time=7752.6), 0.00890982 s/step
on time step 77974 (time=7797.4), 0.00893999 s/step
on time step 78423 (time=7842.3), 0.00891176 s/step
on time step 78872 (time=7887.2), 0.00891319 s/step
on time step 79320 (time=7932), 0.00894269 s/step
on time step 79763 (time=7976.3), 0.00903038 s/step
field decay(t = 8000.3): 2.970206529433921e-13 / 0.4245168172890421 = 6.996675769882603e-13
run 0 finished at t = 8000.3 (80003 timesteps)
Traceback (most recent call last):
  File "/share/nobackup/b5025250/MEEP_Models/SidePolishedFabryPerot/TransmissionAndReflectanceModel/RunModel.py", line 52, in <module>
Traceback (most recent call last):
  File "/share/nobackup/b5025250/MEEP_Models/SidePolishedFabryPerot/TransmissionAndReflectanceModel/RunModel.py", line 52, in <module>
Traceback (most recent call last):
Traceback (most recent call last):
  File "/share/nobackup/b5025250/MEEP_Models/SidePolishedFabryPerot/TransmissionAndReflectanceModel/RunModel.py", line 52, in <module>
Traceback (most recent call last):
  File "/share/nobackup/b5025250/MEEP_Models/SidePolishedFabryPerot/TransmissionAndReflectanceModel/RunModel.py", line 52, in <module>
Traceback (most recent call last):
  File "/share/nobackup/b5025250/MEEP_Models/SidePolishedFabryPerot/TransmissionAndReflectanceModel/RunModel.py", line 52, in <module>
Traceback (most recent call last):
  File "/share/nobackup/b5025250/MEEP_Models/SidePolishedFabryPerot/TransmissionAndReflectanceModel/RunModel.py", line 52, in <module>
Traceback (most recent call last):
  File "/share/nobackup/b5025250/MEEP_Models/SidePolishedFabryPerot/TransmissionAndReflectanceModel/RunModel.py", line 52, in <module>
Traceback (most recent call last):
  File "/share/nobackup/b5025250/MEEP_Models/SidePolishedFabryPerot/TransmissionAndReflectanceModel/RunModel.py", line 52, in <module>
Traceback (most recent call last):
  File "/share/nobackup/b5025250/MEEP_Models/SidePolishedFabryPerot/TransmissionAndReflectanceModel/RunModel.py", line 52, in <module>
Traceback (most recent call last):
  File "/share/nobackup/b5025250/MEEP_Models/SidePolishedFabryPerot/TransmissionAndReflectanceModel/RunModel.py", line 52, in <module>
Traceback (most recent call last):
  File "/share/nobackup/b5025250/MEEP_Models/SidePolishedFabryPerot/TransmissionAndReflectanceModel/RunModel.py", line 52, in <module>
Traceback (most recent call last):
Traceback (most recent call last):
  File "/share/nobackup/b5025250/MEEP_Models/SidePolishedFabryPerot/TransmissionAndReflectanceModel/RunModel.py", line 52, in <module>
Traceback (most recent call last):
  File "/share/nobackup/b5025250/MEEP_Models/SidePolishedFabryPerot/TransmissionAndReflectanceModel/RunModel.py", line 52, in <module>
Traceback (most recent call last):
  File "/share/nobackup/b5025250/MEEP_Models/SidePolishedFabryPerot/TransmissionAndReflectanceModel/RunModel.py", line 52, in <module>
Traceback (most recent call last):
  File "/share/nobackup/b5025250/MEEP_Models/SidePolishedFabryPerot/TransmissionAndReflectanceModel/RunModel.py", line 52, in <module>
Traceback (most recent call last):
  File "/share/nobackup/b5025250/MEEP_Models/SidePolishedFabryPerot/TransmissionAndReflectanceModel/RunModel.py", line 52, in <module>
Traceback (most recent call last):
  File "/share/nobackup/b5025250/MEEP_Models/SidePolishedFabryPerot/TransmissionAndReflectanceModel/RunModel.py", line 52, in <module>
  File "/share/nobackup/b5025250/MEEP_Models/SidePolishedFabryPerot/TransmissionAndReflectanceModel/RunModel.py", line 52, in <module>
Traceback (most recent call last):
  File "/share/nobackup/b5025250/MEEP_Models/SidePolishedFabryPerot/TransmissionAndReflectanceModel/RunModel.py", line 52, in <module>
Traceback (most recent call last):
  File "/share/nobackup/b5025250/MEEP_Models/SidePolishedFabryPerot/TransmissionAndReflectanceModel/RunModel.py", line 52, in <module>
Traceback (most recent call last):
  File "/share/nobackup/b5025250/MEEP_Models/SidePolishedFabryPerot/TransmissionAndReflectanceModel/RunModel.py", line 52, in <module>
Traceback (most recent call last):
  File "/share/nobackup/b5025250/MEEP_Models/SidePolishedFabryPerot/TransmissionAndReflectanceModel/RunModel.py", line 52, in <module>
Traceback (most recent call last):
  File "/share/nobackup/b5025250/MEEP_Models/SidePolishedFabryPerot/TransmissionAndReflectanceModel/RunModel.py", line 52, in <module>
Traceback (most recent call last):
  File "/share/nobackup/b5025250/MEEP_Models/SidePolishedFabryPerot/TransmissionAndReflectanceModel/RunModel.py", line 52, in <module>
Traceback (most recent call last):
  File "/share/nobackup/b5025250/MEEP_Models/SidePolishedFabryPerot/TransmissionAndReflectanceModel/RunModel.py", line 52, in <module>
Traceback (most recent call last):
  File "/share/nobackup/b5025250/MEEP_Models/SidePolishedFabryPerot/TransmissionAndReflectanceModel/RunModel.py", line 52, in <module>
Traceback (most recent call last):
  File "/share/nobackup/b5025250/MEEP_Models/SidePolishedFabryPerot/TransmissionAndReflectanceModel/RunModel.py", line 52, in <module>
Traceback (most recent call last):
  File "/share/nobackup/b5025250/MEEP_Models/SidePolishedFabryPerot/TransmissionAndReflectanceModel/RunModel.py", line 52, in <module>
Traceback (most recent call last):
  File "/share/nobackup/b5025250/MEEP_Models/SidePolishedFabryPerot/TransmissionAndReflectanceModel/RunModel.py", line 52, in <module>
Traceback (most recent call last):
  File "/share/nobackup/b5025250/MEEP_Models/SidePolishedFabryPerot/TransmissionAndReflectanceModel/RunModel.py", line 52, in <module>
Traceback (most recent call last):
  File "/share/nobackup/b5025250/MEEP_Models/SidePolishedFabryPerot/TransmissionAndReflectanceModel/RunModel.py", line 52, in <module>
Traceback (most recent call last):
  File "/share/nobackup/b5025250/MEEP_Models/SidePolishedFabryPerot/TransmissionAndReflectanceModel/RunModel.py", line 52, in <module>
Traceback (most recent call last):
  File "/share/nobackup/b5025250/MEEP_Models/SidePolishedFabryPerot/TransmissionAndReflectanceModel/RunModel.py", line 52, in <module>
Traceback (most recent call last):
  File "/share/nobackup/b5025250/MEEP_Models/SidePolishedFabryPerot/TransmissionAndReflectanceModel/RunModel.py", line 52, in <module>
Traceback (most recent call last):
  File "/share/nobackup/b5025250/MEEP_Models/SidePolishedFabryPerot/TransmissionAndReflectanceModel/RunModel.py", line 52, in <module>
Traceback (most recent call last):
  File "/share/nobackup/b5025250/MEEP_Models/SidePolishedFabryPerot/TransmissionAndReflectanceModel/RunModel.py", line 52, in <module>
Traceback (most recent call last):
  File "/share/nobackup/b5025250/MEEP_Models/SidePolishedFabryPerot/TransmissionAndReflectanceModel/RunModel.py", line 52, in <module>
Traceback (most recent call last):
  File "/share/nobackup/b5025250/MEEP_Models/SidePolishedFabryPerot/TransmissionAndReflectanceModel/RunModel.py", line 52, in <module>
Traceback (most recent call last):
  File "/share/nobackup/b5025250/MEEP_Models/SidePolishedFabryPerot/TransmissionAndReflectanceModel/RunModel.py", line 52, in <module>
Traceback (most recent call last):
  File "/share/nobackup/b5025250/MEEP_Models/SidePolishedFabryPerot/TransmissionAndReflectanceModel/RunModel.py", line 52, in <module>
Traceback (most recent call last):
  File "/share/nobackup/b5025250/MEEP_Models/SidePolishedFabryPerot/TransmissionAndReflectanceModel/RunModel.py", line 52, in <module>
Traceback (most recent call last):
  File "/share/nobackup/b5025250/MEEP_Models/SidePolishedFabryPerot/TransmissionAndReflectanceModel/RunModel.py", line 52, in <module>
Traceback (most recent call last):
  File "/share/nobackup/b5025250/MEEP_Models/SidePolishedFabryPerot/TransmissionAndReflectanceModel/RunModel.py", line 52, in <module>
Traceback (most recent call last):
  File "/share/nobackup/b5025250/MEEP_Models/SidePolishedFabryPerot/TransmissionAndReflectanceModel/RunModel.py", line 52, in <module>
Traceback (most recent call last):
  File "/share/nobackup/b5025250/MEEP_Models/SidePolishedFabryPerot/TransmissionAndReflectanceModel/RunModel.py", line 52, in <module>
Traceback (most recent call last):
  File "/share/nobackup/b5025250/MEEP_Models/SidePolishedFabryPerot/TransmissionAndReflectanceModel/RunModel.py", line 52, in <module>
Traceback (most recent call last):
  File "/share/nobackup/b5025250/MEEP_Models/SidePolishedFabryPerot/TransmissionAndReflectanceModel/RunModel.py", line 52, in <module>
Traceback (most recent call last):
  File "/share/nobackup/b5025250/MEEP_Models/SidePolishedFabryPerot/TransmissionAndReflectanceModel/RunModel.py", line 52, in <module>
Traceback (most recent call last):
Traceback (most recent call last):
  File "/share/nobackup/b5025250/MEEP_Models/SidePolishedFabryPerot/TransmissionAndReflectanceModel/RunModel.py", line 52, in <module>
Traceback (most recent call last):
  File "/share/nobackup/b5025250/MEEP_Models/SidePolishedFabryPerot/TransmissionAndReflectanceModel/RunModel.py", line 52, in <module>
Traceback (most recent call last):
  File "/share/nobackup/b5025250/MEEP_Models/SidePolishedFabryPerot/TransmissionAndReflectanceModel/RunModel.py", line 52, in <module>
  File "/share/nobackup/b5025250/MEEP_Models/SidePolishedFabryPerot/TransmissionAndReflectanceModel/RunModel.py", line 52, in <module>
Traceback (most recent call last):
  File "/share/nobackup/b5025250/MEEP_Models/SidePolishedFabryPerot/TransmissionAndReflectanceModel/RunModel.py", line 52, in <module>
Traceback (most recent call last):
  File "/share/nobackup/b5025250/MEEP_Models/SidePolishedFabryPerot/TransmissionAndReflectanceModel/RunModel.py", line 52, in <module>
Traceback (most recent call last):
  File "/share/nobackup/b5025250/MEEP_Models/SidePolishedFabryPerot/TransmissionAndReflectanceModel/RunModel.py", line 52, in <module>
Traceback (most recent call last):
  File "/share/nobackup/b5025250/MEEP_Models/SidePolishedFabryPerot/TransmissionAndReflectanceModel/RunModel.py", line 52, in <module>
Traceback (most recent call last):
  File "/share/nobackup/b5025250/MEEP_Models/SidePolishedFabryPerot/TransmissionAndReflectanceModel/RunModel.py", line 52, in <module>
Traceback (most recent call last):
  File "/share/nobackup/b5025250/MEEP_Models/SidePolishedFabryPerot/TransmissionAndReflectanceModel/RunModel.py", line 52, in <module>
Traceback (most recent call last):
  File "/share/nobackup/b5025250/MEEP_Models/SidePolishedFabryPerot/TransmissionAndReflectanceModel/RunModel.py", line 52, in <module>
Traceback (most recent call last):
  File "/share/nobackup/b5025250/MEEP_Models/SidePolishedFabryPerot/TransmissionAndReflectanceModel/RunModel.py", line 52, in <module>
  File "/share/nobackup/b5025250/MEEP_Models/SidePolishedFabryPerot/TransmissionAndReflectanceModel/RunModel.py", line 52, in <module>
    Model.AutoRun()
  File "/share/nobackup/b5025250/MEEP_Models/SidePolishedFabryPerot/TransmissionAndReflectanceModel/Model.py", line 295, in AutoRun
    Model.AutoRun()
  File "/share/nobackup/b5025250/MEEP_Models/SidePolishedFabryPerot/TransmissionAndReflectanceModel/Model.py", line 295, in AutoRun
    Model.AutoRun()
  File "/share/nobackup/b5025250/MEEP_Models/SidePolishedFabryPerot/TransmissionAndReflectanceModel/Model.py", line 295, in AutoRun
    Model.AutoRun()
  File "/share/nobackup/b5025250/MEEP_Models/SidePolishedFabryPerot/TransmissionAndReflectanceModel/Model.py", line 295, in AutoRun
    Model.AutoRun()
    Rs = np.append(Rs,-refl_flux[i]/self.norm_tran[i])
  File "/share/nobackup/b5025250/MEEP_Models/SidePolishedFabryPerot/TransmissionAndReflectanceModel/Model.py", line 295, in AutoRun
ZeroDivisionError: float division by zero
    Model.AutoRun()
  File "/share/nobackup/b5025250/MEEP_Models/SidePolishedFabryPerot/TransmissionAndReflectanceModel/Model.py", line 295, in AutoRun
    Model.AutoRun()
  File "/share/nobackup/b5025250/MEEP_Models/SidePolishedFabryPerot/TransmissionAndReflectanceModel/Model.py", line 295, in AutoRun
    Model.AutoRun()
  File "/share/nobackup/b5025250/MEEP_Models/SidePolishedFabryPerot/TransmissionAndReflectanceModel/Model.py", line 295, in AutoRun
    Rs = np.append(Rs,-refl_flux[i]/self.norm_tran[i])
Traceback (most recent call last):
Traceback (most recent call last):
  File "/share/nobackup/b5025250/MEEP_Models/SidePolishedFabryPerot/TransmissionAndReflectanceModel/RunModel.py", line 52, in <module>
    Model.AutoRun()
  File "/share/nobackup/b5025250/MEEP_Models/SidePolishedFabryPerot/TransmissionAndReflectanceModel/Model.py", line 295, in AutoRun
Traceback (most recent call last):
  File "/share/nobackup/b5025250/MEEP_Models/SidePolishedFabryPerot/TransmissionAndReflectanceModel/RunModel.py", line 52, in <module>
  File "/share/nobackup/b5025250/MEEP_Models/SidePolishedFabryPerot/TransmissionAndReflectanceModel/RunModel.py", line 52, in <module>
ZeroDivisionError: float division by zero
    Model.AutoRun()
  File "/share/nobackup/b5025250/MEEP_Models/SidePolishedFabryPerot/TransmissionAndReflectanceModel/Model.py", line 295, in AutoRun
    Model.AutoRun()
  File "/share/nobackup/b5025250/MEEP_Models/SidePolishedFabryPerot/TransmissionAndReflectanceModel/Model.py", line 295, in AutoRun
    Model.AutoRun()
  File "/share/nobackup/b5025250/MEEP_Models/SidePolishedFabryPerot/TransmissionAndReflectanceModel/Model.py", line 295, in AutoRun
    Model.AutoRun()
  File "/share/nobackup/b5025250/MEEP_Models/SidePolishedFabryPerot/TransmissionAndReflectanceModel/Model.py", line 295, in AutoRun
    Model.AutoRun()
  File "/share/nobackup/b5025250/MEEP_Models/SidePolishedFabryPerot/TransmissionAndReflectanceModel/Model.py", line 295, in AutoRun
    Rs = np.append(Rs,-refl_flux[i]/self.norm_tran[i])
    Model.AutoRun()
    Rs = np.append(Rs,-refl_flux[i]/self.norm_tran[i])
    Model.AutoRun()
  File "/share/nobackup/b5025250/MEEP_Models/SidePolishedFabryPerot/TransmissionAndReflectanceModel/Model.py", line 295, in AutoRun
    Rs = np.append(Rs,-refl_flux[i]/self.norm_tran[i])
    Model.AutoRun()
  File "/share/nobackup/b5025250/MEEP_Models/SidePolishedFabryPerot/TransmissionAndReflectanceModel/Model.py", line 295, in AutoRun
    Model.AutoRun()
  File "/share/nobackup/b5025250/MEEP_Models/SidePolishedFabryPerot/TransmissionAndReflectanceModel/Model.py", line 295, in AutoRun
ZeroDivisionError: float division by zero
  File "/share/nobackup/b5025250/MEEP_Models/SidePolishedFabryPerot/TransmissionAndReflectanceModel/Model.py", line 295, in AutoRun
    Rs = np.append(Rs,-refl_flux[i]/self.norm_tran[i])
ZeroDivisionError: float division by zero
ZeroDivisionError: float division by zero
    Rs = np.append(Rs,-refl_flux[i]/self.norm_tran[i])
    Model.AutoRun()
    Model.AutoRun()
    Model.AutoRun()
  File "/share/nobackup/b5025250/MEEP_Models/SidePolishedFabryPerot/TransmissionAndReflectanceModel/Model.py", line 295, in AutoRun
    Rs = np.append(Rs,-refl_flux[i]/self.norm_tran[i])
    Model.AutoRun()
  File "/share/nobackup/b5025250/MEEP_Models/SidePolishedFabryPerot/TransmissionAndReflectanceModel/Model.py", line 295, in AutoRun
    Model.AutoRun()
  File "/share/nobackup/b5025250/MEEP_Models/SidePolishedFabryPerot/TransmissionAndReflectanceModel/Model.py", line 295, in AutoRun
ZeroDivisionError: float division by zero
    Model.AutoRun()
  File "/share/nobackup/b5025250/MEEP_Models/SidePolishedFabryPerot/TransmissionAndReflectanceModel/Model.py", line 295, in AutoRun
    Model.AutoRun()
  File "/share/nobackup/b5025250/MEEP_Models/SidePolishedFabryPerot/TransmissionAndReflectanceModel/Model.py", line 295, in AutoRun
ZeroDivisionError: float division by zero
  File "/share/nobackup/b5025250/MEEP_Models/SidePolishedFabryPerot/TransmissionAndReflectanceModel/Model.py", line 295, in AutoRun
    Model.AutoRun()
  File "/share/nobackup/b5025250/MEEP_Models/SidePolishedFabryPerot/TransmissionAndReflectanceModel/Model.py", line 295, in AutoRun
ZeroDivisionError: float division by zero
    Model.AutoRun()
  File "/share/nobackup/b5025250/MEEP_Models/SidePolishedFabryPerot/TransmissionAndReflectanceModel/Model.py", line 295, in AutoRun
    Model.AutoRun()
  File "/share/nobackup/b5025250/MEEP_Models/SidePolishedFabryPerot/TransmissionAndReflectanceModel/Model.py", line 295, in AutoRun
    Model.AutoRun()
  File "/share/nobackup/b5025250/MEEP_Models/SidePolishedFabryPerot/TransmissionAndReflectanceModel/Model.py", line 295, in AutoRun
    Model.AutoRun()
  File "/share/nobackup/b5025250/MEEP_Models/SidePolishedFabryPerot/TransmissionAndReflectanceModel/Model.py", line 295, in AutoRun
    Model.AutoRun()
  File "/share/nobackup/b5025250/MEEP_Models/SidePolishedFabryPerot/TransmissionAndReflectanceModel/Model.py", line 295, in AutoRun
    Model.AutoRun()
  File "/share/nobackup/b5025250/MEEP_Models/SidePolishedFabryPerot/TransmissionAndReflectanceModel/Model.py", line 295, in AutoRun
    Model.AutoRun()
  File "/share/nobackup/b5025250/MEEP_Models/SidePolishedFabryPerot/TransmissionAndReflectanceModel/Model.py", line 295, in AutoRun
    Model.AutoRun()
  File "/share/nobackup/b5025250/MEEP_Models/SidePolishedFabryPerot/TransmissionAndReflectanceModel/Model.py", line 295, in AutoRun
    Model.AutoRun()
  File "/share/nobackup/b5025250/MEEP_Models/SidePolishedFabryPerot/TransmissionAndReflectanceModel/Model.py", line 295, in AutoRun
  File "/share/nobackup/b5025250/MEEP_Models/SidePolishedFabryPerot/TransmissionAndReflectanceModel/Model.py", line 295, in AutoRun
    Model.AutoRun()
  File "/share/nobackup/b5025250/MEEP_Models/SidePolishedFabryPerot/TransmissionAndReflectanceModel/Model.py", line 295, in AutoRun
    Model.AutoRun()
  File "/share/nobackup/b5025250/MEEP_Models/SidePolishedFabryPerot/TransmissionAndReflectanceModel/Model.py", line 295, in AutoRun
    Model.AutoRun()
  File "/share/nobackup/b5025250/MEEP_Models/SidePolishedFabryPerot/TransmissionAndReflectanceModel/Model.py", line 295, in AutoRun
    Model.AutoRun()
  File "/share/nobackup/b5025250/MEEP_Models/SidePolishedFabryPerot/TransmissionAndReflectanceModel/Model.py", line 295, in AutoRun
    Rs = np.append(Rs,-refl_flux[i]/self.norm_tran[i])
    Model.AutoRun()
    Model.AutoRun()
ZeroDivisionError: float division by zero
    Rs = np.append(Rs,-refl_flux[i]/self.norm_tran[i])
    Model.AutoRun()
  File "/share/nobackup/b5025250/MEEP_Models/SidePolishedFabryPerot/TransmissionAndReflectanceModel/Model.py", line 295, in AutoRun
    Rs = np.append(Rs,-refl_flux[i]/self.norm_tran[i])
  File "/share/nobackup/b5025250/MEEP_Models/SidePolishedFabryPerot/TransmissionAndReflectanceModel/Model.py", line 295, in AutoRun
    Model.AutoRun()
  File "/share/nobackup/b5025250/MEEP_Models/SidePolishedFabryPerot/TransmissionAndReflectanceModel/Model.py", line 295, in AutoRun
    Rs = np.append(Rs,-refl_flux[i]/self.norm_tran[i])
    Model.AutoRun()
    Model.AutoRun()
  File "/share/nobackup/b5025250/MEEP_Models/SidePolishedFabryPerot/TransmissionAndReflectanceModel/Model.py", line 295, in AutoRun
    Rs = np.append(Rs,-refl_flux[i]/self.norm_tran[i])
ZeroDivisionError: float division by zero
  File "/share/nobackup/b5025250/MEEP_Models/SidePolishedFabryPerot/TransmissionAndReflectanceModel/Model.py", line 295, in AutoRun
ZeroDivisionError: float division by zero
    Model.AutoRun()
  File "/share/nobackup/b5025250/MEEP_Models/SidePolishedFabryPerot/TransmissionAndReflectanceModel/Model.py", line 295, in AutoRun
ZeroDivisionError: float division by zero
    Model.AutoRun()
  File "/share/nobackup/b5025250/MEEP_Models/SidePolishedFabryPerot/TransmissionAndReflectanceModel/Model.py", line 295, in AutoRun
ZeroDivisionError: float division by zero
  File "/share/nobackup/b5025250/MEEP_Models/SidePolishedFabryPerot/TransmissionAndReflectanceModel/Model.py", line 295, in AutoRun
    Rs = np.append(Rs,-refl_flux[i]/self.norm_tran[i])
ZeroDivisionError: float division by zero
    Model.AutoRun()
    Model.AutoRun()
  File "/share/nobackup/b5025250/MEEP_Models/SidePolishedFabryPerot/TransmissionAndReflectanceModel/Model.py", line 295, in AutoRun
    Rs = np.append(Rs,-refl_flux[i]/self.norm_tran[i])
ZeroDivisionError: float division by zero
  File "/share/nobackup/b5025250/MEEP_Models/SidePolishedFabryPerot/TransmissionAndReflectanceModel/Model.py", line 295, in AutoRun
    Model.AutoRun()
  File "/share/nobackup/b5025250/MEEP_Models/SidePolishedFabryPerot/TransmissionAndReflectanceModel/Model.py", line 295, in AutoRun
    Model.AutoRun()
    Model.AutoRun()
  File "/share/nobackup/b5025250/MEEP_Models/SidePolishedFabryPerot/TransmissionAndReflectanceModel/Model.py", line 295, in AutoRun
    Model.AutoRun()
  File "/share/nobackup/b5025250/MEEP_Models/SidePolishedFabryPerot/TransmissionAndReflectanceModel/Model.py", line 295, in AutoRun
  File "/share/nobackup/b5025250/MEEP_Models/SidePolishedFabryPerot/TransmissionAndReflectanceModel/Model.py", line 295, in AutoRun
    Model.AutoRun()
  File "/share/nobackup/b5025250/MEEP_Models/SidePolishedFabryPerot/TransmissionAndReflectanceModel/Model.py", line 295, in AutoRun
    Model.AutoRun()
  File "/share/nobackup/b5025250/MEEP_Models/SidePolishedFabryPerot/TransmissionAndReflectanceModel/Model.py", line 295, in AutoRun
    Model.AutoRun()
  File "/share/nobackup/b5025250/MEEP_Models/SidePolishedFabryPerot/TransmissionAndReflectanceModel/Model.py", line 295, in AutoRun
    Model.AutoRun()
  File "/share/nobackup/b5025250/MEEP_Models/SidePolishedFabryPerot/TransmissionAndReflectanceModel/Model.py", line 295, in AutoRun
    Model.AutoRun()
  File "/share/nobackup/b5025250/MEEP_Models/SidePolishedFabryPerot/TransmissionAndReflectanceModel/Model.py", line 295, in AutoRun
    Model.AutoRun()
    Model.AutoRun()
  File "/share/nobackup/b5025250/MEEP_Models/SidePolishedFabryPerot/TransmissionAndReflectanceModel/Model.py", line 295, in AutoRun
  File "/share/nobackup/b5025250/MEEP_Models/SidePolishedFabryPerot/TransmissionAndReflectanceModel/Model.py", line 295, in AutoRun
    Model.AutoRun()
  File "/share/nobackup/b5025250/MEEP_Models/SidePolishedFabryPerot/TransmissionAndReflectanceModel/Model.py", line 295, in AutoRun
    Model.AutoRun()
  File "/share/nobackup/b5025250/MEEP_Models/SidePolishedFabryPerot/TransmissionAndReflectanceModel/Model.py", line 295, in AutoRun
    Model.AutoRun()
    Model.AutoRun()
  File "/share/nobackup/b5025250/MEEP_Models/SidePolishedFabryPerot/TransmissionAndReflectanceModel/Model.py", line 295, in AutoRun
  File "/share/nobackup/b5025250/MEEP_Models/SidePolishedFabryPerot/TransmissionAndReflectanceModel/Model.py", line 295, in AutoRun
    Rs = np.append(Rs,-refl_flux[i]/self.norm_tran[i])
ZeroDivisionError: float division by zero
    Rs = np.append(Rs,-refl_flux[i]/self.norm_tran[i])
    Rs = np.append(Rs,-refl_flux[i]/self.norm_tran[i])
    Rs = np.append(Rs,-refl_flux[i]/self.norm_tran[i])
ZeroDivisionError: float division by zero
ZeroDivisionError: float division by zero
ZeroDivisionError: float division by zero
    Rs = np.append(Rs,-refl_flux[i]/self.norm_tran[i])
    Rs = np.append(Rs,-refl_flux[i]/self.norm_tran[i])
    Rs = np.append(Rs,-refl_flux[i]/self.norm_tran[i])
    Rs = np.append(Rs,-refl_flux[i]/self.norm_tran[i])
ZeroDivisionError: float division by zero
    Rs = np.append(Rs,-refl_flux[i]/self.norm_tran[i])
ZeroDivisionError: float division by zero
ZeroDivisionError: float division by zero
    Rs = np.append(Rs,-refl_flux[i]/self.norm_tran[i])
ZeroDivisionError: float division by zero
ZeroDivisionError: float division by zero
    Rs = np.append(Rs,-refl_flux[i]/self.norm_tran[i])
ZeroDivisionError: float division by zero
ZeroDivisionError: float division by zero
    Rs = np.append(Rs,-refl_flux[i]/self.norm_tran[i])
ZeroDivisionError: float division by zero
    Rs = np.append(Rs,-refl_flux[i]/self.norm_tran[i])
    Rs = np.append(Rs,-refl_flux[i]/self.norm_tran[i])
    Rs = np.append(Rs,-refl_flux[i]/self.norm_tran[i])
    Rs = np.append(Rs,-refl_flux[i]/self.norm_tran[i])
    Rs = np.append(Rs,-refl_flux[i]/self.norm_tran[i])
ZeroDivisionError: float division by zero
ZeroDivisionError: float division by zero
ZeroDivisionError: float division by zero
    Rs = np.append(Rs,-refl_flux[i]/self.norm_tran[i])
ZeroDivisionError: float division by zero
ZeroDivisionError: float division by zero
    Rs = np.append(Rs,-refl_flux[i]/self.norm_tran[i])
ZeroDivisionError: float division by zero
    Rs = np.append(Rs,-refl_flux[i]/self.norm_tran[i])
ZeroDivisionError: float division by zero
    Rs = np.append(Rs,-refl_flux[i]/self.norm_tran[i])
    Rs = np.append(Rs,-refl_flux[i]/self.norm_tran[i])
    Rs = np.append(Rs,-refl_flux[i]/self.norm_tran[i])
    Rs = np.append(Rs,-refl_flux[i]/self.norm_tran[i])
    Rs = np.append(Rs,-refl_flux[i]/self.norm_tran[i])
    Rs = np.append(Rs,-refl_flux[i]/self.norm_tran[i])
ZeroDivisionError: float division by zero
ZeroDivisionError: float division by zero
ZeroDivisionError: float division by zero
    Rs = np.append(Rs,-refl_flux[i]/self.norm_tran[i])
ZeroDivisionError: float division by zero
ZeroDivisionError: float division by zero
ZeroDivisionError: float division by zero
ZeroDivisionError: float division by zero
ZeroDivisionError: float division by zero
    Rs = np.append(Rs,-refl_flux[i]/self.norm_tran[i])
ZeroDivisionError: float division by zero
    Rs = np.append(Rs,-refl_flux[i]/self.norm_tran[i])
    Rs = np.append(Rs,-refl_flux[i]/self.norm_tran[i])
    Rs = np.append(Rs,-refl_flux[i]/self.norm_tran[i])
    Rs = np.append(Rs,-refl_flux[i]/self.norm_tran[i])
    Rs = np.append(Rs,-refl_flux[i]/self.norm_tran[i])
    Rs = np.append(Rs,-refl_flux[i]/self.norm_tran[i])
    Rs = np.append(Rs,-refl_flux[i]/self.norm_tran[i])
ZeroDivisionError: float division by zero
    Rs = np.append(Rs,-refl_flux[i]/self.norm_tran[i])
ZeroDivisionError: float division by zero
    Rs = np.append(Rs,-refl_flux[i]/self.norm_tran[i])
    Rs = np.append(Rs,-refl_flux[i]/self.norm_tran[i])
ZeroDivisionError: float division by zero
    Rs = np.append(Rs,-refl_flux[i]/self.norm_tran[i])
ZeroDivisionError: float division by zero
    Rs = np.append(Rs,-refl_flux[i]/self.norm_tran[i])
ZeroDivisionError: float division by zero
    Rs = np.append(Rs,-refl_flux[i]/self.norm_tran[i])
ZeroDivisionError: float division by zero
ZeroDivisionError: float division by zero
    Rs = np.append(Rs,-refl_flux[i]/self.norm_tran[i])
ZeroDivisionError: float division by zero
ZeroDivisionError: float division by zero
ZeroDivisionError: float division by zero
    Rs = np.append(Rs,-refl_flux[i]/self.norm_tran[i])
ZeroDivisionError: float division by zero
ZeroDivisionError: float division by zero
    Rs = np.append(Rs,-refl_flux[i]/self.norm_tran[i])
ZeroDivisionError: float division by zero
ZeroDivisionError: float division by zero
ZeroDivisionError: float division by zero
    Rs = np.append(Rs,-refl_flux[i]/self.norm_tran[i])
ZeroDivisionError: float division by zero
    Rs = np.append(Rs,-refl_flux[i]/self.norm_tran[i])
ZeroDivisionError: float division by zero
    Rs = np.append(Rs,-refl_flux[i]/self.norm_tran[i])
ZeroDivisionError: float division by zero
ZeroDivisionError: float division by zero
    Rs = np.append(Rs,-refl_flux[i]/self.norm_tran[i])
ZeroDivisionError: float division by zero

Elapsed run time = 926.9230 s
    Rs = np.append(Rs,-refl_flux[i]/self.norm_tran[i])
ZeroDivisionError: float division by zero
srun: error: topsy-cn-2-17: task 12: Exited with exit code 1
srun: error: topsy-cn-2-7: tasks 0-7: Exited with exit code 1
srun: error: topsy-cn-2-14: tasks 8-11: Exited with exit code 1
srun: error: topsy-cn-2-23: tasks 56-63: Exited with exit code 1
srun: error: topsy-cn-2-19: tasks 13-23: Exited with exit code 1
srun: error: topsy-cn-2-22: tasks 44-55: Exited with exit code 1
srun: error: topsy-cn-2-20: tasks 24-33: Exited with exit code 1
srun: error: topsy-cn-2-21: tasks 34-43: Exited with exit code 1
