Using MPI version 3.1, 24 processes
WD: data/2021-12-10/300umFilledBubble/
AlreadyDir
-----------
Initializing structure...
Splitting into 24 chunks by voxels
time for choose_chunkdivision = 0.00476623 s
Working in 2D dimensions.
Computational cell is 820 x 100 x 0 with resolution 10
     block, center = (0,0,0)
          size (1e+20,1e+20,1e+20)
          axes (1,0,0), (0,1,0), (0,0,1)
          dielectric constant epsilon diagonal = (1.99622,1.99622,1.99622)
     block, center = (0,-57.4,0)
          size (1e+20,125,1e+20)
          axes (1,0,0), (0,1,0), (0,0,1)
          dielectric constant epsilon diagonal = (2.0746,2.0746,2.0746)
     block, center = (0,0,0)
          size (1e+20,8.2,1e+20)
          axes (1,0,0), (0,1,0), (0,0,1)
          dielectric constant epsilon diagonal = (2.08903,2.08903,2.08903)
time for set_epsilon = 0.469716 s
-----------
MPB solved for frequency_1(0.4,0,0) = 0.27776 after 47 iters
MPB solved for frequency_1(0.931428,0,0) = 0.645149 after 32 iters
MPB solved for frequency_1(0.931446,0,0) = 0.645161 after 6 iters
MPB solved for frequency_1(0.931446,0,0) = 0.645161 after 1 iters
Meep: using output directory 'data/2021-12-10/300umFilledBubble/'


Normalisation Run


on time step 159 (time=7.95), 0.0252326 s/step
on time step 408 (time=20.4), 0.0160661 s/step
on time step 650 (time=32.5), 0.0165653 s/step
on time step 898 (time=44.9), 0.0161307 s/step
on time step 1139 (time=56.95), 0.0166128 s/step
on time step 1386 (time=69.3), 0.0162329 s/step
on time step 1626 (time=81.3), 0.0167044 s/step
Meep progress: 87.05000000000001/1185.1854849182191 = 7.3% done in 30.0s, 378.6s to go
on time step 1858 (time=92.9), 0.017256 s/step
on time step 2089 (time=104.45), 0.0173792 s/step
on time step 2332 (time=116.6), 0.0164743 s/step
on time step 2581 (time=129.05), 0.0161141 s/step
on time step 2832 (time=141.6), 0.0160002 s/step
on time step 3077 (time=153.85), 0.0163945 s/step
on time step 3320 (time=166), 0.0165165 s/step
Meep progress: 178.10000000000002/1185.1854849182191 = 15.0% done in 60.0s, 339.4s to go
on time step 3570 (time=178.5), 0.0160577 s/step
on time step 3814 (time=190.7), 0.0164605 s/step
on time step 4050 (time=202.5), 0.0169582 s/step
on time step 4286 (time=214.3), 0.0169814 s/step
on time step 4522 (time=226.1), 0.0169777 s/step
on time step 4766 (time=238.3), 0.0164335 s/step
on time step 5013 (time=250.65), 0.0161952 s/step
on time step 5256 (time=262.8), 0.0164966 s/step
Meep progress: 268.45/1185.1854849182191 = 22.7% done in 90.0s, 307.4s to go
on time step 5503 (time=275.15), 0.0162057 s/step
on time step 5749 (time=287.45), 0.0163179 s/step
on time step 5995 (time=299.75), 0.0163152 s/step
on time step 6244 (time=312.2), 0.0160978 s/step
on time step 6483 (time=324.15), 0.0167869 s/step
on time step 6698 (time=334.9), 0.0186256 s/step
on time step 6909 (time=345.45), 0.0190101 s/step
Meep progress: 355.45000000000005/1185.1854849182191 = 30.0% done in 120.0s, 280.2s to go
on time step 7121 (time=356.05), 0.0188723 s/step
on time step 7344 (time=367.2), 0.0179557 s/step
on time step 7577 (time=378.85), 0.0172296 s/step
on time step 7811 (time=390.55), 0.0171654 s/step
on time step 8044 (time=402.2), 0.0172186 s/step
on time step 8273 (time=413.65), 0.0175288 s/step
on time step 8502 (time=425.1), 0.0174889 s/step
on time step 8731 (time=436.55), 0.0175127 s/step
Meep progress: 441.40000000000003/1185.1854849182191 = 37.2% done in 150.0s, 252.8s to go
on time step 8961 (time=448.05), 0.0174583 s/step
on time step 9188 (time=459.4), 0.017681 s/step
on time step 9396 (time=469.8), 0.0192922 s/step
on time step 9603 (time=480.15), 0.0193933 s/step
on time step 9809 (time=490.45), 0.0194721 s/step
on time step 10031 (time=501.55), 0.018046 s/step
on time step 10262 (time=513.1), 0.0173485 s/step
Meep progress: 523.8000000000001/1185.1854849182191 = 44.2% done in 180.0s, 227.3s to go
on time step 10498 (time=524.9), 0.0169544 s/step
on time step 10733 (time=536.65), 0.0170728 s/step
on time step 10967 (time=548.35), 0.0171068 s/step
on time step 11205 (time=560.25), 0.0168555 s/step
on time step 11441 (time=572.05), 0.0170108 s/step
on time step 11673 (time=583.65), 0.0172931 s/step
on time step 11904 (time=595.2), 0.0173414 s/step
on time step 12107 (time=605.35), 0.0197477 s/step
Meep progress: 609.25/1185.1854849182191 = 51.4% done in 210.1s, 198.6s to go
on time step 12306 (time=615.3), 0.0201052 s/step
on time step 12501 (time=625.05), 0.0205362 s/step
on time step 12717 (time=635.85), 0.018566 s/step
on time step 12958 (time=647.9), 0.0166637 s/step
on time step 13196 (time=659.8), 0.0168124 s/step
on time step 13433 (time=671.65), 0.0169265 s/step
on time step 13665 (time=683.25), 0.0172446 s/step
Meep progress: 693.8000000000001/1185.1854849182191 = 58.5% done in 240.1s, 170.0s to go
on time step 13904 (time=695.2), 0.0167726 s/step
on time step 14138 (time=706.9), 0.0171073 s/step
on time step 14379 (time=718.95), 0.0166693 s/step
on time step 14617 (time=730.85), 0.0168151 s/step
on time step 14826 (time=741.3), 0.0191823 s/step
on time step 15019 (time=750.95), 0.0207459 s/step
on time step 15212 (time=760.6), 0.0207978 s/step
on time step 15417 (time=770.85), 0.0195249 s/step
Meep progress: 775.3000000000001/1185.1854849182191 = 65.4% done in 270.1s, 142.8s to go
on time step 15658 (time=782.9), 0.0166194 s/step
on time step 15894 (time=794.7), 0.0169733 s/step
on time step 16135 (time=806.75), 0.0166336 s/step
on time step 16375 (time=818.75), 0.0166694 s/step
on time step 16614 (time=830.7), 0.0167484 s/step
on time step 16852 (time=842.6), 0.0168737 s/step
on time step 17083 (time=854.15), 0.0173201 s/step
Meep progress: 864.35/1185.1854849182191 = 72.9% done in 300.1s, 111.4s to go
on time step 17320 (time=866), 0.0169322 s/step
on time step 17526 (time=876.3), 0.0194645 s/step
on time step 17711 (time=885.55), 0.0216492 s/step
on time step 17897 (time=894.85), 0.0215816 s/step
on time step 18083 (time=904.15), 0.0215814 s/step
on time step 18309 (time=915.45), 0.0177727 s/step
on time step 18523 (time=926.15), 0.018762 s/step
on time step 18730 (time=936.5), 0.0194077 s/step
Meep progress: 939.95/1185.1854849182191 = 79.3% done in 330.1s, 86.1s to go
on time step 18937 (time=946.85), 0.0193316 s/step
on time step 19140 (time=957), 0.0197335 s/step
on time step 19350 (time=967.5), 0.0190485 s/step
on time step 19454 (time=972.7), 0.038471 s/step
on time step 19585 (time=979.25), 0.0305944 s/step
on time step 19756 (time=987.8), 0.023514 s/step
on time step 19894 (time=994.7), 0.0291416 s/step
Meep progress: 1000.2/1185.1854849182191 = 84.4% done in 360.1s, 66.6s to go
on time step 20028 (time=1001.4), 0.0299619 s/step
on time step 20191 (time=1009.55), 0.0246349 s/step
on time step 20434 (time=1021.7), 0.0164626 s/step
on time step 20688 (time=1034.4), 0.0157842 s/step
on time step 20941 (time=1047.05), 0.0158476 s/step
on time step 21189 (time=1059.45), 0.0161492 s/step
on time step 21438 (time=1071.9), 0.016078 s/step
on time step 21689 (time=1084.45), 0.0159493 s/step
Meep progress: 1088.3500000000001/1185.1854849182191 = 91.8% done in 390.1s, 34.7s to go
on time step 21942 (time=1097.1), 0.015875 s/step
on time step 22189 (time=1109.45), 0.0161955 s/step
on time step 22444 (time=1122.2), 0.0157077 s/step
on time step 22697 (time=1134.85), 0.0158538 s/step
on time step 22948 (time=1147.4), 0.015971 s/step
on time step 23200 (time=1160), 0.0159121 s/step
on time step 23441 (time=1172.05), 0.0166553 s/step
Meep progress: 1182.0/1185.1854849182191 = 99.7% done in 420.1s, 1.1s to go
on time step 23692 (time=1184.6), 0.0159414 s/step
run 0 finished at t = 1185.2 (23704 timesteps)
field decay(t = 1185.2): 9.138770980172663e-16 / 9.138770980172663e-16 = 1.0
on time step 23931 (time=1196.55), 0.0167439 s/step
on time step 24172 (time=1208.6), 0.0166123 s/step
on time step 24414 (time=1220.7), 0.0165415 s/step
on time step 24658 (time=1232.9), 0.0164095 s/step
on time step 24895 (time=1244.75), 0.0168977 s/step
on time step 25133 (time=1256.65), 0.0168661 s/step
on time step 25374 (time=1268.7), 0.0166091 s/step
on time step 25617 (time=1280.85), 0.0164915 s/step
on time step 25853 (time=1292.65), 0.0169642 s/step
on time step 26096 (time=1304.8), 0.0164928 s/step
on time step 26337 (time=1316.85), 0.016631 s/step
on time step 26576 (time=1328.8), 0.0168126 s/step
on time step 26816 (time=1340.8), 0.0167156 s/step
on time step 27049 (time=1352.45), 0.0171995 s/step
on time step 27290 (time=1364.5), 0.0166446 s/step
on time step 27527 (time=1376.35), 0.0169194 s/step
on time step 27769 (time=1388.45), 0.0165677 s/step
on time step 28010 (time=1400.5), 0.016598 s/step
on time step 28254 (time=1412.7), 0.0164305 s/step
on time step 28491 (time=1424.55), 0.0168968 s/step
on time step 28727 (time=1436.35), 0.0169624 s/step
on time step 28967 (time=1448.35), 0.0167131 s/step
on time step 29207 (time=1460.35), 0.0166891 s/step
on time step 29442 (time=1472.1), 0.017094 s/step
on time step 29684 (time=1484.2), 0.0165767 s/step
on time step 29926 (time=1496.3), 0.0165907 s/step
on time step 30164 (time=1508.2), 0.0168125 s/step
on time step 30403 (time=1520.15), 0.016796 s/step
on time step 30635 (time=1531.75), 0.0172661 s/step
on time step 30874 (time=1543.7), 0.0167524 s/step
on time step 31108 (time=1555.4), 0.0171307 s/step
on time step 31349 (time=1567.45), 0.0166326 s/step
on time step 31589 (time=1579.45), 0.0167096 s/step
on time step 31830 (time=1591.5), 0.0166143 s/step
on time step 32066 (time=1603.3), 0.017015 s/step
on time step 32302 (time=1615.1), 0.0170144 s/step
on time step 32541 (time=1627.05), 0.0167646 s/step
on time step 32780 (time=1639), 0.0167748 s/step
on time step 33015 (time=1650.75), 0.0170696 s/step
on time step 33256 (time=1662.8), 0.0165993 s/step
on time step 33497 (time=1674.85), 0.0166525 s/step
field decay(t = 1685.25): 0.006140106001812459 / 0.006140106001812459 = 1.0
on time step 33735 (time=1686.75), 0.016843 s/step
on time step 33973 (time=1698.65), 0.0168157 s/step
on time step 34205 (time=1710.25), 0.0173093 s/step
on time step 34444 (time=1722.2), 0.0167788 s/step
on time step 34681 (time=1734.05), 0.0168828 s/step
on time step 34922 (time=1746.1), 0.0166293 s/step
on time step 35164 (time=1758.2), 0.0165947 s/step
on time step 35405 (time=1770.25), 0.0166327 s/step
on time step 35643 (time=1782.15), 0.0168604 s/step
on time step 35881 (time=1794.05), 0.0169004 s/step
on time step 36120 (time=1806), 0.0167406 s/step
on time step 36359 (time=1817.95), 0.0167608 s/step
on time step 36595 (time=1829.75), 0.0169949 s/step
on time step 36834 (time=1841.7), 0.0167762 s/step
on time step 37075 (time=1853.75), 0.0166612 s/step
on time step 37312 (time=1865.6), 0.0169169 s/step
on time step 37551 (time=1877.55), 0.0167573 s/step
on time step 37785 (time=1889.25), 0.0171505 s/step
on time step 38024 (time=1901.2), 0.0167387 s/step
on time step 38262 (time=1913.1), 0.0168307 s/step
on time step 38503 (time=1925.15), 0.0166014 s/step
on time step 38744 (time=1937.2), 0.0166374 s/step
on time step 38987 (time=1949.35), 0.0164936 s/step
on time step 39228 (time=1961.4), 0.0166415 s/step
on time step 39467 (time=1973.35), 0.0167997 s/step
on time step 39711 (time=1985.55), 0.0164589 s/step
on time step 39953 (time=1997.65), 0.0165606 s/step
on time step 40194 (time=2009.7), 0.0166111 s/step
on time step 40438 (time=2021.9), 0.0164381 s/step
on time step 40682 (time=2034.1), 0.0164243 s/step
on time step 40925 (time=2046.25), 0.016463 s/step
on time step 41167 (time=2058.35), 0.0165772 s/step
on time step 41405 (time=2070.25), 0.0168599 s/step
on time step 41648 (time=2082.4), 0.0164778 s/step
on time step 41889 (time=2094.45), 0.0166632 s/step
on time step 42133 (time=2106.65), 0.0164433 s/step
on time step 42377 (time=2118.85), 0.016442 s/step
on time step 42620 (time=2131), 0.016467 s/step
on time step 42860 (time=2143), 0.0167508 s/step
on time step 43100 (time=2155), 0.0167242 s/step
on time step 43344 (time=2167.2), 0.0163989 s/step
on time step 43586 (time=2179.3), 0.0165674 s/step
field decay(t = 2185.3): 0.020065438410124335 / 0.020065438410124335 = 1.0
on time step 43829 (time=2191.45), 0.0164845 s/step
on time step 44074 (time=2203.7), 0.0164069 s/step
on time step 44318 (time=2215.9), 0.0164001 s/step
on time step 44562 (time=2228.1), 0.0164327 s/step
on time step 44805 (time=2240.25), 0.0165396 s/step
on time step 45041 (time=2252.05), 0.0169878 s/step
on time step 45282 (time=2264.1), 0.0166753 s/step
on time step 45522 (time=2276.1), 0.0166819 s/step
on time step 45765 (time=2288.25), 0.0165174 s/step
on time step 46009 (time=2300.45), 0.0164381 s/step
on time step 46254 (time=2312.7), 0.0163731 s/step
on time step 46494 (time=2324.7), 0.0166994 s/step
on time step 46733 (time=2336.65), 0.0167969 s/step
on time step 46976 (time=2348.8), 0.0164611 s/step
on time step 47216 (time=2360.8), 0.0166691 s/step
on time step 47459 (time=2372.95), 0.0164989 s/step
on time step 47702 (time=2385.1), 0.0165247 s/step
on time step 47946 (time=2397.3), 0.0163937 s/step
on time step 48188 (time=2409.4), 0.016546 s/step
on time step 48429 (time=2421.45), 0.0166222 s/step
on time step 48667 (time=2433.35), 0.0168348 s/step
on time step 48908 (time=2445.4), 0.0166545 s/step
on time step 49148 (time=2457.4), 0.0166782 s/step
on time step 49390 (time=2469.5), 0.016543 s/step
on time step 49632 (time=2481.6), 0.0165836 s/step
on time step 49877 (time=2493.85), 0.0163714 s/step
on time step 50114 (time=2505.7), 0.0169056 s/step
on time step 50350 (time=2517.5), 0.0169569 s/step
on time step 50591 (time=2529.55), 0.0166042 s/step
on time step 50830 (time=2541.5), 0.016741 s/step
on time step 51070 (time=2553.5), 0.0166937 s/step
on time step 51312 (time=2565.6), 0.0165954 s/step
on time step 51554 (time=2577.7), 0.0165492 s/step
on time step 51796 (time=2589.8), 0.0165879 s/step
on time step 52035 (time=2601.75), 0.0167589 s/step
on time step 52272 (time=2613.6), 0.0169182 s/step
on time step 52512 (time=2625.6), 0.0167036 s/step
on time step 52750 (time=2637.5), 0.0168393 s/step
on time step 52992 (time=2649.6), 0.0165788 s/step
on time step 53235 (time=2661.75), 0.0165127 s/step
on time step 53477 (time=2673.85), 0.016555 s/step
field decay(t = 2685.3500000000004): 4.047029514828882e-06 / 0.020065438410124335 = 0.0002016915570001645
on time step 53716 (time=2685.8), 0.0167762 s/step
on time step 53952 (time=2697.6), 0.0169779 s/step
on time step 54196 (time=2709.8), 0.0164507 s/step
on time step 54438 (time=2721.9), 0.0165722 s/step
on time step 54681 (time=2734.05), 0.0164981 s/step
on time step 54925 (time=2746.25), 0.0164389 s/step
on time step 55169 (time=2758.45), 0.0164237 s/step
on time step 55410 (time=2770.5), 0.0166528 s/step
on time step 55651 (time=2782.55), 0.0166475 s/step
on time step 55890 (time=2794.5), 0.0167737 s/step
on time step 56131 (time=2806.55), 0.0165992 s/step
on time step 56372 (time=2818.6), 0.0166845 s/step
on time step 56615 (time=2830.75), 0.0164934 s/step
on time step 56858 (time=2842.9), 0.0164775 s/step
on time step 57101 (time=2855.05), 0.0164739 s/step
on time step 57339 (time=2866.95), 0.0168148 s/step
on time step 57577 (time=2878.85), 0.0168169 s/step
on time step 57820 (time=2891), 0.0164917 s/step
on time step 58060 (time=2903), 0.0166963 s/step
on time step 58302 (time=2915.1), 0.0165899 s/step
on time step 58545 (time=2927.25), 0.0165069 s/step
on time step 58787 (time=2939.35), 0.0165371 s/step
on time step 59029 (time=2951.45), 0.0165351 s/step
on time step 59270 (time=2963.5), 0.0166313 s/step
on time step 59506 (time=2975.3), 0.0169975 s/step
on time step 59748 (time=2987.4), 0.0166008 s/step
on time step 59989 (time=2999.45), 0.0166178 s/step
on time step 60232 (time=3011.6), 0.0165137 s/step
on time step 60475 (time=3023.75), 0.0165207 s/step
on time step 60720 (time=3036), 0.0163966 s/step
on time step 60959 (time=3047.95), 0.0167669 s/step
on time step 61196 (time=3059.8), 0.0168836 s/step
on time step 61440 (time=3072), 0.016444 s/step
on time step 61681 (time=3084.05), 0.0166451 s/step
on time step 61922 (time=3096.1), 0.0166711 s/step
on time step 62167 (time=3108.35), 0.0163312 s/step
on time step 62411 (time=3120.55), 0.0164451 s/step
on time step 62652 (time=3132.6), 0.0166151 s/step
on time step 62892 (time=3144.6), 0.0166765 s/step
on time step 63130 (time=3156.5), 0.0168083 s/step
on time step 63372 (time=3168.6), 0.0165588 s/step
on time step 63614 (time=3180.7), 0.0165466 s/step
field decay(t = 3185.4): 1.2100272247371892e-16 / 0.020065438410124335 = 6.030405117521134e-15
run 1 finished at t = 3185.4 (63708 timesteps)
WD: data/2021-12-10/300umFilledBubble/
AlreadyDir
-----------
Initializing structure...
Splitting into 24 chunks by voxels
time for choose_chunkdivision = 0.00464492 s
Working in 2D dimensions.
Computational cell is 820 x 100 x 0 with resolution 10
     block, center = (0,0,0)
          size (1e+20,1e+20,1e+20)
          axes (1,0,0), (0,1,0), (0,0,1)
          dielectric constant epsilon diagonal = (1.99622,1.99622,1.99622)
     block, center = (0,-57.4,0)
          size (1e+20,125,1e+20)
          axes (1,0,0), (0,1,0), (0,0,1)
          dielectric constant epsilon diagonal = (2.0746,2.0746,2.0746)
     block, center = (0,0,0)
          size (1e+20,8.2,1e+20)
          axes (1,0,0), (0,1,0), (0,0,1)
          dielectric constant epsilon diagonal = (2.08903,2.08903,2.08903)
     block, center = (0,-14.9,0)
          size (300,40,1e+20)
          axes (1,0,0), (0,1,0), (0,0,1)
          dielectric constant epsilon diagonal = (1.99622,1.99622,1.99622)
time for set_epsilon = 0.365201 s
-----------
MPB solved for frequency_1(0.4,0,0) = 0.27776 after 47 iters
MPB solved for frequency_1(0.931428,0,0) = 0.645149 after 32 iters
MPB solved for frequency_1(0.931446,0,0) = 0.645161 after 6 iters
MPB solved for frequency_1(0.931446,0,0) = 0.645161 after 1 iters
Meep: using output directory 'data/2021-12-10/300umFilledBubble/'


Actual Run


on time step 173 (time=8.65), 0.0231626 s/step
on time step 424 (time=21.2), 0.0159789 s/step
on time step 673 (time=33.65), 0.0160983 s/step
on time step 921 (time=46.05), 0.0161379 s/step
on time step 1171 (time=58.55), 0.01605 s/step
on time step 1418 (time=70.9), 0.0162443 s/step
on time step 1660 (time=83), 0.0165367 s/step
Meep progress: 88.80000000000001/1185.1854849182191 = 7.5% done in 30.0s, 370.5s to go
on time step 1897 (time=94.85), 0.016899 s/step
on time step 2137 (time=106.85), 0.0166849 s/step
on time step 2385 (time=119.25), 0.0161642 s/step
on time step 2629 (time=131.45), 0.016412 s/step
on time step 2876 (time=143.8), 0.0162409 s/step
on time step 3123 (time=156.15), 0.0162587 s/step
on time step 3371 (time=168.55), 0.0161423 s/step
Meep progress: 180.8/1185.1854849182191 = 15.3% done in 60.0s, 333.4s to go
on time step 3622 (time=181.1), 0.0159803 s/step
on time step 3870 (time=193.5), 0.0161486 s/step
on time step 4106 (time=205.3), 0.0169769 s/step
on time step 4342 (time=217.1), 0.0170027 s/step
on time step 4576 (time=228.8), 0.017137 s/step
on time step 4824 (time=241.2), 0.01615 s/step
on time step 5073 (time=253.65), 0.0161305 s/step
on time step 5322 (time=266.1), 0.0161063 s/step
Meep progress: 271.85/1185.1854849182191 = 22.9% done in 90.0s, 302.5s to go
on time step 5572 (time=278.6), 0.0160479 s/step
on time step 5824 (time=291.2), 0.0159272 s/step
on time step 6070 (time=303.5), 0.0163066 s/step
on time step 6314 (time=315.7), 0.016455 s/step
on time step 6541 (time=327.05), 0.0176255 s/step
on time step 6752 (time=337.6), 0.0189639 s/step
on time step 6963 (time=348.15), 0.0189605 s/step
Meep progress: 358.1/1185.1854849182191 = 30.2% done in 120.0s, 277.2s to go
on time step 7174 (time=358.7), 0.0190024 s/step
on time step 7406 (time=370.3), 0.0173117 s/step
on time step 7637 (time=381.85), 0.0173697 s/step
on time step 7867 (time=393.35), 0.0174591 s/step
on time step 8097 (time=404.85), 0.0174266 s/step
on time step 8327 (time=416.35), 0.0174436 s/step
on time step 8556 (time=427.8), 0.0174766 s/step
on time step 8786 (time=439.3), 0.0174541 s/step
Meep progress: 444.20000000000005/1185.1854849182191 = 37.5% done in 150.0s, 250.3s to go
on time step 9017 (time=450.85), 0.0173804 s/step
on time step 9240 (time=462), 0.017983 s/step
on time step 9445 (time=472.25), 0.0195988 s/step
on time step 9647 (time=482.35), 0.0198295 s/step
on time step 9852 (time=492.6), 0.0195243 s/step
on time step 10085 (time=504.25), 0.0172079 s/step
on time step 10324 (time=516.2), 0.0168053 s/step
Meep progress: 527.0500000000001/1185.1854849182191 = 44.5% done in 180.0s, 224.8s to go
on time step 10563 (time=528.15), 0.0167434 s/step
on time step 10802 (time=540.1), 0.0167492 s/step
on time step 11036 (time=551.8), 0.0171623 s/step
on time step 11271 (time=563.55), 0.0170302 s/step
on time step 11505 (time=575.25), 0.0171463 s/step
on time step 11741 (time=587.05), 0.0169632 s/step
on time step 11956 (time=597.8), 0.0186927 s/step
on time step 12154 (time=607.7), 0.0202272 s/step
Meep progress: 611.6/1185.1854849182191 = 51.6% done in 210.1s, 197.0s to go
on time step 12352 (time=617.6), 0.0202922 s/step
on time step 12550 (time=627.5), 0.0202928 s/step
on time step 12778 (time=638.9), 0.0175996 s/step
on time step 13015 (time=650.75), 0.0169362 s/step
on time step 13254 (time=662.7), 0.0167554 s/step
on time step 13493 (time=674.65), 0.0167908 s/step
on time step 13731 (time=686.55), 0.016855 s/step
Meep progress: 697.0500000000001/1185.1854849182191 = 58.8% done in 240.1s, 168.1s to go
on time step 13972 (time=698.6), 0.0166189 s/step
on time step 14211 (time=710.55), 0.0167566 s/step
on time step 14446 (time=722.3), 0.0170817 s/step
on time step 14661 (time=733.05), 0.0186292 s/step
on time step 14856 (time=742.8), 0.0206187 s/step
on time step 15052 (time=752.6), 0.0204572 s/step
on time step 15247 (time=762.35), 0.0205823 s/step
on time step 15466 (time=773.3), 0.0183103 s/step
Meep progress: 777.6/1185.1854849182191 = 65.6% done in 270.1s, 141.6s to go
on time step 15709 (time=785.45), 0.0165042 s/step
on time step 15952 (time=797.6), 0.0165203 s/step
on time step 16190 (time=809.5), 0.0168461 s/step
on time step 16425 (time=821.25), 0.0170516 s/step
on time step 16664 (time=833.2), 0.0167957 s/step
on time step 16904 (time=845.2), 0.0167278 s/step
on time step 17143 (time=857.15), 0.0167441 s/step
Meep progress: 866.85/1185.1854849182191 = 73.1% done in 300.1s, 110.2s to go
on time step 17370 (time=868.5), 0.0176762 s/step
on time step 17556 (time=877.8), 0.0215311 s/step
on time step 17739 (time=886.95), 0.0219222 s/step
on time step 17923 (time=896.15), 0.0218021 s/step
on time step 18109 (time=905.45), 0.0215608 s/step
on time step 18337 (time=916.85), 0.0175758 s/step
on time step 18547 (time=927.35), 0.0190917 s/step
on time step 18759 (time=937.95), 0.0189448 s/step
Meep progress: 941.3000000000001/1185.1854849182191 = 79.4% done in 330.1s, 85.5s to go
on time step 18969 (time=948.45), 0.0190804 s/step
on time step 19180 (time=959), 0.0190183 s/step
on time step 19378 (time=968.9), 0.0203413 s/step
on time step 19469 (time=973.45), 0.0443374 s/step
on time step 19622 (time=981.1), 0.0261683 s/step
on time step 19781 (time=989.05), 0.0252341 s/step
on time step 19917 (time=995.85), 0.029625 s/step
Meep progress: 1001.0500000000001/1185.1854849182191 = 84.5% done in 360.1s, 66.2s to go
on time step 20051 (time=1002.55), 0.0298964 s/step
on time step 20258 (time=1012.9), 0.019341 s/step
on time step 20506 (time=1025.3), 0.0161941 s/step
on time step 20755 (time=1037.75), 0.0160974 s/step
on time step 21005 (time=1050.25), 0.0160717 s/step
on time step 21258 (time=1062.9), 0.0158643 s/step
on time step 21505 (time=1075.25), 0.016241 s/step
on time step 21757 (time=1087.85), 0.0158861 s/step
Meep progress: 1091.25/1185.1854849182191 = 92.1% done in 390.1s, 33.6s to go
on time step 22009 (time=1100.45), 0.0159231 s/step
on time step 22262 (time=1113.1), 0.015874 s/step
on time step 22511 (time=1125.55), 0.0160836 s/step
on time step 22758 (time=1137.9), 0.0162192 s/step
on time step 23008 (time=1150.4), 0.0160533 s/step
on time step 23258 (time=1162.9), 0.0160506 s/step
on time step 23509 (time=1175.45), 0.0159936 s/step
Meep progress: 1184.95/1185.1854849182191 = 100.0% done in 420.1s, 0.1s to go
run 0 finished at t = 1185.2 (23704 timesteps)
field decay(t = 1185.2): 0.10138801979987701 / 0.10138801979987701 = 1.0
on time step 23759 (time=1187.95), 0.0160537 s/step
on time step 24002 (time=1200.1), 0.0164958 s/step
on time step 24238 (time=1211.9), 0.0170403 s/step
on time step 24476 (time=1223.8), 0.0168946 s/step
on time step 24716 (time=1235.8), 0.0167212 s/step
on time step 24957 (time=1247.85), 0.0166281 s/step
on time step 25196 (time=1259.8), 0.016769 s/step
on time step 25438 (time=1271.9), 0.0165379 s/step
on time step 25679 (time=1283.95), 0.0166113 s/step
on time step 25919 (time=1295.95), 0.0167281 s/step
on time step 26158 (time=1307.9), 0.0167383 s/step
on time step 26392 (time=1319.6), 0.0171588 s/step
on time step 26633 (time=1331.65), 0.0166343 s/step
on time step 26873 (time=1343.65), 0.016717 s/step
on time step 27114 (time=1355.7), 0.0166564 s/step
on time step 27356 (time=1367.8), 0.016573 s/step
on time step 27598 (time=1379.9), 0.016565 s/step
on time step 27835 (time=1391.75), 0.0169228 s/step
on time step 28074 (time=1403.7), 0.016781 s/step
on time step 28313 (time=1415.65), 0.016746 s/step
on time step 28553 (time=1427.65), 0.0167068 s/step
on time step 28791 (time=1439.55), 0.0168197 s/step
on time step 29034 (time=1451.7), 0.0165287 s/step
on time step 29276 (time=1463.8), 0.0165711 s/step
on time step 29515 (time=1475.75), 0.0167403 s/step
field decay(t = 1485.25): 0.18715738325545456 / 0.18715738325545456 = 1.0
on time step 29754 (time=1487.7), 0.0167782 s/step
on time step 29986 (time=1499.3), 0.0172945 s/step
on time step 30225 (time=1511.25), 0.0167593 s/step
on time step 30463 (time=1523.15), 0.0168626 s/step
on time step 30705 (time=1535.25), 0.0165304 s/step
on time step 30946 (time=1547.3), 0.0166242 s/step
on time step 31189 (time=1559.45), 0.0165086 s/step
on time step 31426 (time=1571.3), 0.0169175 s/step
on time step 31663 (time=1583.15), 0.0169032 s/step
on time step 31902 (time=1595.1), 0.0167626 s/step
on time step 32144 (time=1607.2), 0.0165619 s/step
on time step 32381 (time=1619.05), 0.0169111 s/step
on time step 32623 (time=1631.15), 0.0166002 s/step
on time step 32865 (time=1643.25), 0.016569 s/step
on time step 33105 (time=1655.25), 0.0166946 s/step
on time step 33347 (time=1667.35), 0.016589 s/step
on time step 33584 (time=1679.2), 0.0169037 s/step
on time step 33824 (time=1691.2), 0.0166758 s/step
on time step 34064 (time=1703.2), 0.0167171 s/step
on time step 34307 (time=1715.35), 0.0165247 s/step
on time step 34551 (time=1727.55), 0.0164562 s/step
on time step 34794 (time=1739.7), 0.0164818 s/step
on time step 35033 (time=1751.65), 0.0167807 s/step
on time step 35273 (time=1763.65), 0.0166839 s/step
on time step 35514 (time=1775.7), 0.0166351 s/step
field decay(t = 1785.3000000000002): 0.0011698774504431246 / 0.18715738325545456 = 0.00625076836453915
on time step 35758 (time=1787.9), 0.0164508 s/step
on time step 35998 (time=1799.9), 0.016746 s/step
on time step 36242 (time=1812.1), 0.0164503 s/step
on time step 36486 (time=1824.3), 0.0164092 s/step
on time step 36727 (time=1836.35), 0.0166236 s/step
on time step 36969 (time=1848.45), 0.0165717 s/step
on time step 37205 (time=1860.25), 0.0169609 s/step
on time step 37445 (time=1872.25), 0.0166864 s/step
on time step 37685 (time=1884.25), 0.0167061 s/step
on time step 37928 (time=1896.4), 0.0165086 s/step
on time step 38168 (time=1908.4), 0.0166725 s/step
on time step 38411 (time=1920.55), 0.0164937 s/step
on time step 38649 (time=1932.45), 0.0168754 s/step
on time step 38888 (time=1944.4), 0.0167915 s/step
on time step 39128 (time=1956.4), 0.0166936 s/step
on time step 39368 (time=1968.4), 0.0166769 s/step
on time step 39608 (time=1980.4), 0.0166824 s/step
on time step 39850 (time=1992.5), 0.0165316 s/step
on time step 40094 (time=2004.7), 0.0164552 s/step
on time step 40335 (time=2016.75), 0.0166263 s/step
on time step 40576 (time=2028.8), 0.0166346 s/step
on time step 40811 (time=2040.55), 0.0170281 s/step
on time step 41053 (time=2052.65), 0.0165919 s/step
on time step 41295 (time=2064.75), 0.0165456 s/step
on time step 41537 (time=2076.85), 0.0165303 s/step
field decay(t = 2085.35): 2.686898525979864e-06 / 0.18715738325545456 = 1.4356358692579426e-05
on time step 41779 (time=2088.95), 0.0165997 s/step
on time step 42023 (time=2101.15), 0.0164689 s/step
on time step 42261 (time=2113.05), 0.0168404 s/step
on time step 42500 (time=2125), 0.0167669 s/step
on time step 42742 (time=2137.1), 0.0165567 s/step
on time step 42983 (time=2149.15), 0.0167145 s/step
on time step 43225 (time=2161.25), 0.0165306 s/step
on time step 43468 (time=2173.4), 0.0164929 s/step
on time step 43711 (time=2185.55), 0.0164815 s/step
on time step 43953 (time=2197.65), 0.0165882 s/step
on time step 44193 (time=2209.65), 0.0166866 s/step
on time step 44430 (time=2221.5), 0.0168992 s/step
on time step 44671 (time=2233.55), 0.016624 s/step
on time step 44912 (time=2245.6), 0.0166239 s/step
on time step 45154 (time=2257.7), 0.0165434 s/step
on time step 45395 (time=2269.75), 0.0166292 s/step
on time step 45638 (time=2281.9), 0.0164843 s/step
on time step 45874 (time=2293.7), 0.0169547 s/step
on time step 46111 (time=2305.55), 0.0168831 s/step
on time step 46354 (time=2317.7), 0.0165193 s/step
on time step 46595 (time=2329.75), 0.0166919 s/step
on time step 46836 (time=2341.8), 0.016629 s/step
on time step 47079 (time=2353.95), 0.016515 s/step
on time step 47321 (time=2366.05), 0.0165456 s/step
on time step 47563 (time=2378.15), 0.0165449 s/step
field decay(t = 2385.4): 3.5624139944069716e-10 / 0.18715738325545456 = 1.9034322517453492e-09
on time step 47801 (time=2390.05), 0.0168314 s/step
on time step 48039 (time=2401.95), 0.0168459 s/step
on time step 48279 (time=2413.95), 0.016696 s/step
on time step 48519 (time=2425.95), 0.0166938 s/step
on time step 48761 (time=2438.05), 0.0165561 s/step
on time step 49003 (time=2450.15), 0.016549 s/step
on time step 49246 (time=2462.3), 0.0164971 s/step
on time step 49481 (time=2474.05), 0.0170317 s/step
on time step 49718 (time=2485.9), 0.0169243 s/step
on time step 49959 (time=2497.95), 0.016601 s/step
on time step 50197 (time=2509.85), 0.0168534 s/step
on time step 50439 (time=2521.95), 0.0166044 s/step
on time step 50682 (time=2534.1), 0.0165198 s/step
on time step 50923 (time=2546.15), 0.0166419 s/step
on time step 51163 (time=2558.15), 0.016706 s/step
on time step 51400 (time=2570), 0.0169285 s/step
on time step 51635 (time=2581.75), 0.0170344 s/step
on time step 51876 (time=2593.8), 0.0166455 s/step
on time step 52116 (time=2605.8), 0.0166677 s/step
on time step 52357 (time=2617.85), 0.0166067 s/step
on time step 52600 (time=2630), 0.0165014 s/step
on time step 52841 (time=2642.05), 0.0166056 s/step
on time step 53078 (time=2653.9), 0.0169892 s/step
on time step 53314 (time=2665.7), 0.016966 s/step
on time step 53556 (time=2677.8), 0.0165673 s/step
field decay(t = 2685.4500000000003): 1.058892334753898e-12 / 0.18715738325545456 = 5.657764157284655e-12
run 1 finished at t = 2685.4500000000003 (53709 timesteps)
WD: data/2021-12-10/300umFilledBubble/
AlreadyDir
-----------
Initializing structure...
Splitting into 24 chunks by voxels
time for choose_chunkdivision = 0.00445433 s
Working in 2D dimensions.
Computational cell is 820 x 100 x 0 with resolution 10
     block, center = (0,0,0)
          size (1e+20,1e+20,1e+20)
          axes (1,0,0), (0,1,0), (0,0,1)
          dielectric constant epsilon diagonal = (1,1,1)
     block, center = (0,-57.4,0)
          size (1e+20,125,1e+20)
          axes (1,0,0), (0,1,0), (0,0,1)
          dielectric constant epsilon diagonal = (2.0746,2.0746,2.0746)
     block, center = (0,0,0)
          size (1e+20,8.2,1e+20)
          axes (1,0,0), (0,1,0), (0,0,1)
          dielectric constant epsilon diagonal = (2.08903,2.08903,2.08903)
time for set_epsilon = 0.539285 s
-----------
MPB solved for frequency_1(0.4,0,0) = 0.278455 after 35 iters
MPB solved for frequency_1(0.932003,0,0) = 0.645693 after 53 iters
MPB solved for frequency_1(0.931234,0,0) = 0.645161 after 40 iters
MPB solved for frequency_1(0.931234,0,0) = 0.645161 after 20 iters
MPB solved for frequency_1(0.931234,0,0) = 0.645161 after 10 iters
MPB solved for frequency_1(0.931234,0,0) = 0.645161 after 5 iters
MPB solved for frequency_1(0.931234,0,0) = 0.645161 after 3 iters
Meep: using output directory 'data/2021-12-10/300umFilledBubble/'


Normalisation Run


on time step 174 (time=8.7), 0.0230391 s/step
on time step 430 (time=21.5), 0.015691 s/step
on time step 682 (time=34.1), 0.0158789 s/step
on time step 934 (time=46.7), 0.0159277 s/step
on time step 1179 (time=58.95), 0.0163929 s/step
on time step 1430 (time=71.5), 0.0159931 s/step
on time step 1677 (time=83.85), 0.0161987 s/step
Meep progress: 89.9/1185.1854849182191 = 7.6% done in 30.0s, 365.5s to go
on time step 1928 (time=96.4), 0.0159529 s/step
on time step 2180 (time=109), 0.0158843 s/step
on time step 2433 (time=121.65), 0.0158702 s/step
on time step 2681 (time=134.05), 0.0161534 s/step
on time step 2930 (time=146.5), 0.0161151 s/step
on time step 3180 (time=159), 0.0160502 s/step
on time step 3428 (time=171.4), 0.0161313 s/step
Meep progress: 183.70000000000002/1185.1854849182191 = 15.5% done in 60.0s, 327.2s to go
on time step 3681 (time=184.05), 0.0158106 s/step
on time step 3933 (time=196.65), 0.0158933 s/step
on time step 4185 (time=209.25), 0.0159127 s/step
on time step 4437 (time=221.85), 0.0158954 s/step
on time step 4684 (time=234.2), 0.0162769 s/step
on time step 4920 (time=246), 0.0169956 s/step
on time step 5152 (time=257.6), 0.017247 s/step
on time step 5393 (time=269.65), 0.016666 s/step
Meep progress: 275.15000000000003/1185.1854849182191 = 23.2% done in 90.0s, 297.7s to go
on time step 5636 (time=281.8), 0.0165168 s/step
on time step 5878 (time=293.9), 0.0165799 s/step
on time step 6118 (time=305.9), 0.0166991 s/step
on time step 6354 (time=317.7), 0.0169987 s/step
on time step 6589 (time=329.45), 0.0170267 s/step
on time step 6822 (time=341.1), 0.0171717 s/step
on time step 7055 (time=352.75), 0.0172147 s/step
Meep progress: 364.0/1185.1854849182191 = 30.7% done in 120.0s, 270.8s to go
on time step 7295 (time=364.75), 0.016712 s/step
on time step 7537 (time=376.85), 0.0165464 s/step
on time step 7781 (time=389.05), 0.0164157 s/step
on time step 8023 (time=401.15), 0.0165838 s/step
on time step 8263 (time=413.15), 0.0167248 s/step
on time step 8500 (time=425), 0.0169372 s/step
on time step 8737 (time=436.85), 0.0169025 s/step
on time step 8972 (time=448.6), 0.0170891 s/step
Meep progress: 453.70000000000005/1185.1854849182191 = 38.3% done in 150.0s, 241.9s to go
on time step 9217 (time=460.85), 0.0163626 s/step
on time step 9463 (time=473.15), 0.0163197 s/step
on time step 9709 (time=485.45), 0.0163075 s/step
on time step 9951 (time=497.55), 0.0165369 s/step
on time step 10192 (time=509.6), 0.0166572 s/step
on time step 10436 (time=521.8), 0.0164328 s/step
on time step 10678 (time=533.9), 0.0165953 s/step
Meep progress: 544.7/1185.1854849182191 = 46.0% done in 180.0s, 211.7s to go
on time step 10917 (time=545.85), 0.0167445 s/step
on time step 11163 (time=558.15), 0.0163192 s/step
on time step 11409 (time=570.45), 0.0162622 s/step
on time step 11654 (time=582.7), 0.0163609 s/step
on time step 11897 (time=594.85), 0.016475 s/step
on time step 12136 (time=606.8), 0.0167716 s/step
on time step 12377 (time=618.85), 0.0166534 s/step
on time step 12615 (time=630.75), 0.0168201 s/step
Meep progress: 635.4000000000001/1185.1854849182191 = 53.6% done in 210.0s, 181.7s to go
on time step 12851 (time=642.55), 0.0169979 s/step
on time step 13092 (time=654.6), 0.0166371 s/step
on time step 13334 (time=666.7), 0.0165637 s/step
on time step 13570 (time=678.5), 0.0169682 s/step
on time step 13805 (time=690.25), 0.0170354 s/step
on time step 13946 (time=697.3), 0.0284493 s/step
on time step 14072 (time=703.6), 0.031947 s/step
Meep progress: 710.0500000000001/1185.1854849182191 = 59.9% done in 240.1s, 160.6s to go
on time step 14222 (time=711.1), 0.0267808 s/step
on time step 14416 (time=720.8), 0.0206423 s/step
on time step 14614 (time=730.7), 0.0202941 s/step
on time step 14815 (time=740.75), 0.0199258 s/step
on time step 15022 (time=751.1), 0.0193349 s/step
on time step 15245 (time=762.25), 0.0179853 s/step
on time step 15496 (time=774.8), 0.0159733 s/step
on time step 15750 (time=787.5), 0.0157586 s/step
Meep progress: 792.1500000000001/1185.1854849182191 = 66.8% done in 270.1s, 134.0s to go
on time step 16005 (time=800.25), 0.0157317 s/step
on time step 16260 (time=813), 0.0157344 s/step
on time step 16515 (time=825.75), 0.0157065 s/step
on time step 16766 (time=838.3), 0.0159702 s/step
on time step 17017 (time=850.85), 0.0159692 s/step
on time step 17272 (time=863.6), 0.0157045 s/step
on time step 17527 (time=876.35), 0.0156964 s/step
Meep progress: 887.1500000000001/1185.1854849182191 = 74.9% done in 300.1s, 100.8s to go
on time step 17782 (time=889.1), 0.0157528 s/step
on time step 18040 (time=902), 0.0155318 s/step
on time step 18296 (time=914.8), 0.0156831 s/step
on time step 18551 (time=927.55), 0.0156968 s/step
on time step 18805 (time=940.25), 0.0157988 s/step
on time step 19058 (time=952.9), 0.015875 s/step
on time step 19310 (time=965.5), 0.015882 s/step
on time step 19565 (time=978.25), 0.0156873 s/step
Meep progress: 982.5/1185.1854849182191 = 82.9% done in 330.1s, 68.1s to go
on time step 19821 (time=991.05), 0.0156331 s/step
on time step 20078 (time=1003.9), 0.0156169 s/step
on time step 20334 (time=1016.7), 0.0156556 s/step
on time step 20586 (time=1029.3), 0.0158865 s/step
on time step 20837 (time=1041.85), 0.0159488 s/step
on time step 21093 (time=1054.65), 0.0156645 s/step
on time step 21348 (time=1067.4), 0.0156905 s/step
Meep progress: 1077.95/1185.1854849182191 = 91.0% done in 360.1s, 35.8s to go
on time step 21604 (time=1080.2), 0.0156882 s/step
on time step 21860 (time=1093), 0.0156777 s/step
on time step 22117 (time=1105.85), 0.015583 s/step
on time step 22371 (time=1118.55), 0.015766 s/step
on time step 22625 (time=1131.25), 0.0157837 s/step
on time step 22876 (time=1143.8), 0.0159603 s/step
on time step 23130 (time=1156.5), 0.0157993 s/step
on time step 23385 (time=1169.25), 0.0157011 s/step
Meep progress: 1173.2/1185.1854849182191 = 99.0% done in 390.1s, 4.0s to go
on time step 23641 (time=1182.05), 0.0156426 s/step
run 0 finished at t = 1185.2 (23704 timesteps)
field decay(t = 1185.2): 1.80958047396495e-14 / 1.80958047396495e-14 = 1.0
on time step 23889 (time=1194.45), 0.0161843 s/step
on time step 24135 (time=1206.75), 0.0162929 s/step
on time step 24376 (time=1218.8), 0.0166485 s/step
on time step 24619 (time=1230.95), 0.01649 s/step
on time step 24866 (time=1243.3), 0.0162235 s/step
on time step 25111 (time=1255.55), 0.0163364 s/step
on time step 25356 (time=1267.8), 0.0163696 s/step
on time step 25602 (time=1280.1), 0.0163206 s/step
on time step 25848 (time=1292.4), 0.0163276 s/step
on time step 26092 (time=1304.6), 0.0164421 s/step
on time step 26335 (time=1316.75), 0.016507 s/step
on time step 26576 (time=1328.8), 0.0166332 s/step
on time step 26821 (time=1341.05), 0.0163379 s/step
on time step 27065 (time=1353.25), 0.0164262 s/step
on time step 27311 (time=1365.55), 0.0162643 s/step
on time step 27557 (time=1377.85), 0.0163021 s/step
on time step 27803 (time=1390.15), 0.0162782 s/step
on time step 28046 (time=1402.3), 0.0165191 s/step
on time step 28288 (time=1414.4), 0.0165595 s/step
on time step 28533 (time=1426.65), 0.0163363 s/step
on time step 28778 (time=1438.9), 0.0163319 s/step
on time step 29023 (time=1451.15), 0.0163592 s/step
on time step 29269 (time=1463.45), 0.0162815 s/step
on time step 29515 (time=1475.75), 0.0163003 s/step
on time step 29759 (time=1487.95), 0.0164153 s/step
on time step 30002 (time=1500.1), 0.0165706 s/step
on time step 30243 (time=1512.15), 0.0165997 s/step
on time step 30487 (time=1524.35), 0.0164134 s/step
on time step 30731 (time=1536.55), 0.0164593 s/step
on time step 30978 (time=1548.9), 0.0162375 s/step
on time step 31223 (time=1561.15), 0.0163829 s/step
on time step 31466 (time=1573.3), 0.0164663 s/step
on time step 31706 (time=1585.3), 0.0166933 s/step
on time step 31949 (time=1597.45), 0.0165123 s/step
on time step 32196 (time=1609.8), 0.0162356 s/step
on time step 32441 (time=1622.05), 0.0163374 s/step
on time step 32688 (time=1634.4), 0.0162493 s/step
on time step 32933 (time=1646.65), 0.0163404 s/step
on time step 33177 (time=1658.85), 0.0164043 s/step
on time step 33420 (time=1671), 0.0165228 s/step
on time step 33662 (time=1683.1), 0.0165616 s/step
field decay(t = 1685.25): 0.006154366790740328 / 0.006154366790740328 = 1.0
on time step 33903 (time=1695.15), 0.0166051 s/step
on time step 34146 (time=1707.3), 0.0164808 s/step
on time step 34389 (time=1719.45), 0.0164834 s/step
on time step 34636 (time=1731.8), 0.0161957 s/step
on time step 34882 (time=1744.1), 0.0162736 s/step
on time step 35126 (time=1756.3), 0.016431 s/step
on time step 35368 (time=1768.4), 0.0165906 s/step
on time step 35609 (time=1780.45), 0.0166487 s/step
on time step 35854 (time=1792.7), 0.0163295 s/step
on time step 36098 (time=1804.9), 0.0164374 s/step
on time step 36343 (time=1817.15), 0.0163423 s/step
on time step 36587 (time=1829.35), 0.0164265 s/step
on time step 36834 (time=1841.7), 0.016218 s/step
on time step 37078 (time=1853.9), 0.0164251 s/step
on time step 37323 (time=1866.15), 0.016392 s/step
on time step 37566 (time=1878.3), 0.0165108 s/step
on time step 37812 (time=1890.6), 0.016262 s/step
on time step 38057 (time=1902.85), 0.0163572 s/step
on time step 38304 (time=1915.2), 0.0162245 s/step
on time step 38548 (time=1927.4), 0.0163979 s/step
on time step 38792 (time=1939.6), 0.0164346 s/step
on time step 39034 (time=1951.7), 0.0165435 s/step
on time step 39274 (time=1963.7), 0.0167055 s/step
on time step 39518 (time=1975.9), 0.0163945 s/step
on time step 39761 (time=1988.05), 0.0165145 s/step
on time step 40005 (time=2000.25), 0.0164357 s/step
on time step 40248 (time=2012.4), 0.0165302 s/step
on time step 40490 (time=2024.5), 0.016573 s/step
on time step 40729 (time=2036.45), 0.0167555 s/step
on time step 40967 (time=2048.35), 0.0168114 s/step
on time step 41207 (time=2060.35), 0.0167388 s/step
on time step 41449 (time=2072.45), 0.0165633 s/step
on time step 41689 (time=2084.45), 0.0166926 s/step
on time step 41932 (time=2096.6), 0.0164712 s/step
on time step 42176 (time=2108.8), 0.0164162 s/step
on time step 42418 (time=2120.9), 0.016594 s/step
on time step 42658 (time=2132.9), 0.0166921 s/step
on time step 42896 (time=2144.8), 0.0168538 s/step
on time step 43138 (time=2156.9), 0.0165379 s/step
on time step 43379 (time=2168.95), 0.0166026 s/step
on time step 43623 (time=2181.15), 0.0164448 s/step
field decay(t = 2185.3): 0.020257294178148453 / 0.020257294178148453 = 1.0
on time step 43866 (time=2193.3), 0.0164865 s/step
on time step 44111 (time=2205.55), 0.0163894 s/step
on time step 44353 (time=2217.65), 0.0165296 s/step
on time step 44595 (time=2229.75), 0.0165755 s/step
on time step 44839 (time=2241.95), 0.0164394 s/step
on time step 45083 (time=2254.15), 0.0164613 s/step
on time step 45327 (time=2266.35), 0.0164522 s/step
on time step 45573 (time=2278.65), 0.0162654 s/step
on time step 45816 (time=2290.8), 0.0164635 s/step
on time step 46058 (time=2302.9), 0.0165684 s/step
on time step 46300 (time=2315), 0.0165727 s/step
on time step 46539 (time=2326.95), 0.0167734 s/step
on time step 46784 (time=2339.2), 0.0163662 s/step
on time step 47026 (time=2351.3), 0.0165768 s/step
on time step 47271 (time=2363.55), 0.0163728 s/step
on time step 47515 (time=2375.75), 0.0164241 s/step
on time step 47758 (time=2387.9), 0.0164819 s/step
on time step 48000 (time=2400), 0.01658 s/step
on time step 48241 (time=2412.05), 0.016622 s/step
on time step 48480 (time=2424), 0.0167625 s/step
on time step 48721 (time=2436.05), 0.0166173 s/step
on time step 48964 (time=2448.2), 0.016526 s/step
on time step 49209 (time=2460.45), 0.0163416 s/step
on time step 49452 (time=2472.6), 0.0164999 s/step
on time step 49694 (time=2484.7), 0.016574 s/step
on time step 49934 (time=2496.7), 0.016719 s/step
on time step 50174 (time=2508.7), 0.0167299 s/step
on time step 50418 (time=2520.9), 0.0163987 s/step
on time step 50659 (time=2532.95), 0.0166369 s/step
on time step 50904 (time=2545.2), 0.016354 s/step
on time step 51148 (time=2557.4), 0.0164441 s/step
on time step 51393 (time=2569.65), 0.0163501 s/step
on time step 51636 (time=2581.8), 0.0164639 s/step
on time step 51876 (time=2593.8), 0.0167272 s/step
on time step 52116 (time=2605.8), 0.0167196 s/step
on time step 52358 (time=2617.9), 0.0165314 s/step
on time step 52602 (time=2630.1), 0.0164553 s/step
on time step 52847 (time=2642.35), 0.0163761 s/step
on time step 53092 (time=2654.6), 0.0163632 s/step
on time step 53337 (time=2666.85), 0.0163863 s/step
on time step 53577 (time=2678.85), 0.0166805 s/step
field decay(t = 2685.3500000000004): 4.0276877012844055e-06 / 0.020257294178148453 = 0.00019882653951034946
on time step 53818 (time=2690.9), 0.0166235 s/step
on time step 54062 (time=2703.1), 0.0164106 s/step
on time step 54304 (time=2715.2), 0.0165454 s/step
on time step 54549 (time=2727.45), 0.0163768 s/step
on time step 54793 (time=2739.65), 0.0164402 s/step
on time step 55038 (time=2751.9), 0.0163615 s/step
on time step 55279 (time=2763.95), 0.0166017 s/step
on time step 55520 (time=2776), 0.0166391 s/step
on time step 55762 (time=2788.1), 0.0165479 s/step
on time step 56002 (time=2800.1), 0.016718 s/step
on time step 56243 (time=2812.15), 0.0165986 s/step
on time step 56488 (time=2824.4), 0.0163782 s/step
on time step 56733 (time=2836.65), 0.0163462 s/step
on time step 56978 (time=2848.9), 0.0163896 s/step
on time step 57217 (time=2860.85), 0.0167484 s/step
on time step 57458 (time=2872.9), 0.0166403 s/step
on time step 57702 (time=2885.1), 0.0163983 s/step
on time step 57944 (time=2897.2), 0.0165597 s/step
on time step 58189 (time=2909.45), 0.0163799 s/step
on time step 58432 (time=2921.6), 0.0164693 s/step
on time step 58678 (time=2933.9), 0.0163053 s/step
on time step 58921 (time=2946.05), 0.0165144 s/step
on time step 59162 (time=2958.1), 0.0166174 s/step
on time step 59405 (time=2970.25), 0.0165018 s/step
on time step 59647 (time=2982.35), 0.0165882 s/step
on time step 59891 (time=2994.55), 0.0163972 s/step
on time step 60138 (time=3006.9), 0.0162122 s/step
on time step 60383 (time=3019.15), 0.0163811 s/step
on time step 60628 (time=3031.4), 0.0163563 s/step
on time step 60867 (time=3043.35), 0.0167381 s/step
on time step 61109 (time=3055.45), 0.0165589 s/step
on time step 61354 (time=3067.7), 0.0163554 s/step
on time step 61596 (time=3079.8), 0.0165741 s/step
on time step 61840 (time=3092), 0.0164033 s/step
on time step 62085 (time=3104.25), 0.0163495 s/step
on time step 62331 (time=3116.55), 0.0162988 s/step
on time step 62572 (time=3128.6), 0.0166074 s/step
on time step 62814 (time=3140.7), 0.0165436 s/step
on time step 63055 (time=3152.75), 0.0166021 s/step
on time step 63297 (time=3164.85), 0.0165947 s/step
on time step 63542 (time=3177.1), 0.016367 s/step
field decay(t = 3185.4): 1.3686538701165017e-16 / 0.020257294178148453 = 6.756350863447838e-15
run 1 finished at t = 3185.4 (63708 timesteps)
WD: data/2021-12-10/300umFilledBubble/
AlreadyDir
-----------
Initializing structure...
Splitting into 24 chunks by voxels
time for choose_chunkdivision = 0.00464544 s
Working in 2D dimensions.
Computational cell is 820 x 100 x 0 with resolution 10
     block, center = (0,0,0)
          size (1e+20,1e+20,1e+20)
          axes (1,0,0), (0,1,0), (0,0,1)
          dielectric constant epsilon diagonal = (1,1,1)
     block, center = (0,-57.4,0)
          size (1e+20,125,1e+20)
          axes (1,0,0), (0,1,0), (0,0,1)
          dielectric constant epsilon diagonal = (2.0746,2.0746,2.0746)
     block, center = (0,0,0)
          size (1e+20,8.2,1e+20)
          axes (1,0,0), (0,1,0), (0,0,1)
          dielectric constant epsilon diagonal = (2.08903,2.08903,2.08903)
     block, center = (0,-14.9,0)
          size (300,40,1e+20)
          axes (1,0,0), (0,1,0), (0,0,1)
          dielectric constant epsilon diagonal = (1,1,1)
time for set_epsilon = 0.356788 s
-----------
MPB solved for frequency_1(0.4,0,0) = 0.278455 after 35 iters
MPB solved for frequency_1(0.932003,0,0) = 0.645693 after 53 iters
MPB solved for frequency_1(0.931234,0,0) = 0.645161 after 40 iters
MPB solved for frequency_1(0.931234,0,0) = 0.645161 after 20 iters
MPB solved for frequency_1(0.931234,0,0) = 0.645161 after 10 iters
MPB solved for frequency_1(0.931234,0,0) = 0.645161 after 5 iters
MPB solved for frequency_1(0.931234,0,0) = 0.645161 after 3 iters
Meep: using output directory 'data/2021-12-10/300umFilledBubble/'


Actual Run


on time step 176 (time=8.8), 0.022739 s/step
on time step 428 (time=21.4), 0.015891 s/step
on time step 680 (time=34), 0.0159048 s/step
on time step 935 (time=46.75), 0.0156989 s/step
on time step 1187 (time=59.35), 0.0158839 s/step
on time step 1439 (time=71.95), 0.0159495 s/step
on time step 1689 (time=84.45), 0.0160506 s/step
Meep progress: 90.55000000000001/1185.1854849182191 = 7.6% done in 30.0s, 362.7s to go
on time step 1941 (time=97.05), 0.0159119 s/step
on time step 2192 (time=109.6), 0.0159504 s/step
on time step 2443 (time=122.15), 0.0159614 s/step
on time step 2695 (time=134.75), 0.0158926 s/step
on time step 2945 (time=147.25), 0.0160177 s/step
on time step 3197 (time=159.85), 0.015911 s/step
on time step 3451 (time=172.55), 0.015754 s/step
Meep progress: 184.95000000000002/1185.1854849182191 = 15.6% done in 60.0s, 324.5s to go
on time step 3705 (time=185.25), 0.0158084 s/step
on time step 3959 (time=197.95), 0.0157841 s/step
on time step 4208 (time=210.4), 0.0161124 s/step
on time step 4458 (time=222.9), 0.0160229 s/step
on time step 4704 (time=235.2), 0.0162703 s/step
on time step 4938 (time=246.9), 0.0171208 s/step
on time step 5168 (time=258.4), 0.0174686 s/step
on time step 5411 (time=270.55), 0.0164651 s/step
Meep progress: 276.2/1185.1854849182191 = 23.3% done in 90.0s, 296.3s to go
on time step 5656 (time=282.8), 0.0163877 s/step
on time step 5894 (time=294.7), 0.0168587 s/step
on time step 6132 (time=306.6), 0.0168606 s/step
on time step 6369 (time=318.45), 0.0169193 s/step
on time step 6605 (time=330.25), 0.0170023 s/step
on time step 6832 (time=341.6), 0.0176776 s/step
on time step 7051 (time=352.55), 0.0183435 s/step
Meep progress: 364.0/1185.1854849182191 = 30.7% done in 120.0s, 270.8s to go
on time step 7295 (time=364.75), 0.0164626 s/step
on time step 7541 (time=377.05), 0.016273 s/step
on time step 7781 (time=389.05), 0.0167089 s/step
on time step 8020 (time=401), 0.0168226 s/step
on time step 8262 (time=413.1), 0.0165562 s/step
on time step 8499 (time=424.95), 0.0168944 s/step
on time step 8722 (time=436.1), 0.0179457 s/step
on time step 8931 (time=446.55), 0.0191497 s/step
Meep progress: 451.1/1185.1854849182191 = 38.1% done in 150.0s, 244.2s to go
on time step 9164 (time=458.2), 0.0171891 s/step
on time step 9412 (time=470.6), 0.0161776 s/step
on time step 9659 (time=482.95), 0.0162594 s/step
on time step 9905 (time=495.25), 0.0162712 s/step
on time step 10151 (time=507.55), 0.0163175 s/step
on time step 10399 (time=519.95), 0.0162 s/step
on time step 10648 (time=532.4), 0.016074 s/step
Meep progress: 543.0/1185.1854849182191 = 45.8% done in 180.1s, 213.0s to go
on time step 10879 (time=543.95), 0.0173469 s/step
on time step 11118 (time=555.9), 0.0167669 s/step
on time step 11365 (time=568.25), 0.0162292 s/step
on time step 11610 (time=580.5), 0.0163343 s/step
on time step 11860 (time=593), 0.0160553 s/step
on time step 12107 (time=605.35), 0.0162524 s/step
on time step 12357 (time=617.85), 0.0160539 s/step
on time step 12601 (time=630.05), 0.0164172 s/step
Meep progress: 634.8000000000001/1185.1854849182191 = 53.6% done in 210.1s, 182.1s to go
on time step 12839 (time=641.95), 0.0168496 s/step
on time step 13083 (time=654.15), 0.0164137 s/step
on time step 13326 (time=666.3), 0.0165028 s/step
on time step 13568 (time=678.4), 0.0165896 s/step
on time step 13808 (time=690.4), 0.0167285 s/step
on time step 13949 (time=697.45), 0.0284976 s/step
on time step 14075 (time=703.75), 0.0318209 s/step
Meep progress: 710.3000000000001/1185.1854849182191 = 59.9% done in 240.1s, 160.5s to go
on time step 14227 (time=711.35), 0.0263619 s/step
on time step 14422 (time=721.1), 0.0205576 s/step
on time step 14617 (time=730.85), 0.0206071 s/step
on time step 14822 (time=741.1), 0.0195926 s/step
on time step 15033 (time=751.65), 0.019015 s/step
on time step 15263 (time=763.15), 0.017396 s/step
on time step 15522 (time=776.1), 0.0154912 s/step
on time step 15781 (time=789.05), 0.0154797 s/step
Meep progress: 793.6500000000001/1185.1854849182191 = 67.0% done in 270.1s, 133.2s to go
on time step 16040 (time=802), 0.0154973 s/step
on time step 16296 (time=814.8), 0.0156744 s/step
on time step 16552 (time=827.6), 0.0156364 s/step
on time step 16809 (time=840.45), 0.0156194 s/step
on time step 17064 (time=853.2), 0.0157132 s/step
on time step 17320 (time=866), 0.0156512 s/step
on time step 17580 (time=879), 0.015389 s/step
Meep progress: 889.9000000000001/1185.1854849182191 = 75.1% done in 300.1s, 99.6s to go
on time step 17839 (time=891.95), 0.0154819 s/step
on time step 18095 (time=904.75), 0.0156375 s/step
on time step 18349 (time=917.45), 0.0157521 s/step
on time step 18601 (time=930.05), 0.0158881 s/step
on time step 18859 (time=942.95), 0.0155253 s/step
on time step 19116 (time=955.8), 0.0155767 s/step
on time step 19375 (time=968.75), 0.0154573 s/step
on time step 19632 (time=981.6), 0.0155815 s/step
Meep progress: 986.0/1185.1854849182191 = 83.2% done in 330.1s, 66.7s to go
on time step 19892 (time=994.6), 0.0153999 s/step
on time step 20149 (time=1007.45), 0.0156086 s/step
on time step 20404 (time=1020.2), 0.0157028 s/step
on time step 20659 (time=1032.95), 0.0157118 s/step
on time step 20916 (time=1045.8), 0.0156365 s/step
on time step 21172 (time=1058.6), 0.0156335 s/step
on time step 21432 (time=1071.6), 0.0153929 s/step
Meep progress: 1082.2/1185.1854849182191 = 91.3% done in 360.1s, 34.3s to go
on time step 21690 (time=1084.5), 0.0155508 s/step
on time step 21946 (time=1097.3), 0.0156317 s/step
on time step 22200 (time=1110), 0.015791 s/step
on time step 22453 (time=1122.65), 0.0158479 s/step
on time step 22713 (time=1135.65), 0.0154373 s/step
on time step 22967 (time=1148.35), 0.0157788 s/step
on time step 23226 (time=1161.3), 0.0154632 s/step
on time step 23482 (time=1174.1), 0.0156811 s/step
Meep progress: 1178.05/1185.1854849182191 = 99.4% done in 390.1s, 2.4s to go
run 0 finished at t = 1185.2 (23704 timesteps)
field decay(t = 1185.2): 0.01341152754517209 / 0.01341152754517209 = 1.0
on time step 23739 (time=1186.95), 0.0155941 s/step
on time step 23983 (time=1199.15), 0.0164281 s/step
on time step 24225 (time=1211.25), 0.016564 s/step
on time step 24470 (time=1223.5), 0.0163831 s/step
on time step 24714 (time=1235.7), 0.0164425 s/step
on time step 24957 (time=1247.85), 0.0164721 s/step
on time step 25204 (time=1260.2), 0.016245 s/step
on time step 25452 (time=1272.6), 0.0161869 s/step
on time step 25696 (time=1284.8), 0.0164058 s/step
on time step 25940 (time=1297), 0.0164259 s/step
on time step 26181 (time=1309.05), 0.0166151 s/step
on time step 26427 (time=1321.35), 0.0162941 s/step
on time step 26670 (time=1333.5), 0.01649 s/step
on time step 26918 (time=1345.9), 0.0161589 s/step
on time step 27164 (time=1358.2), 0.0162831 s/step
on time step 27412 (time=1370.6), 0.0161669 s/step
on time step 27657 (time=1382.85), 0.0163356 s/step
on time step 27900 (time=1395), 0.016489 s/step
on time step 28145 (time=1407.25), 0.0163353 s/step
on time step 28391 (time=1419.55), 0.0162881 s/step
on time step 28635 (time=1431.75), 0.0163935 s/step
on time step 28884 (time=1444.2), 0.0160932 s/step
on time step 29131 (time=1456.55), 0.0162403 s/step
on time step 29377 (time=1468.85), 0.016264 s/step
on time step 29623 (time=1481.15), 0.0163041 s/step
field decay(t = 1485.25): 0.1603620135821873 / 0.1603620135821873 = 1.0
on time step 29865 (time=1493.25), 0.0165783 s/step
on time step 30113 (time=1505.65), 0.0161388 s/step
on time step 30358 (time=1517.9), 0.016364 s/step
on time step 30607 (time=1530.35), 0.0161229 s/step
on time step 30855 (time=1542.75), 0.0161293 s/step
on time step 31104 (time=1555.2), 0.0161079 s/step
on time step 31351 (time=1567.55), 0.0162629 s/step
on time step 31595 (time=1579.75), 0.0164405 s/step
on time step 31840 (time=1592), 0.0163463 s/step
on time step 32085 (time=1604.25), 0.0163484 s/step
on time step 32330 (time=1616.5), 0.0163307 s/step
on time step 32578 (time=1628.9), 0.0161861 s/step
on time step 32826 (time=1641.3), 0.0161772 s/step
on time step 33073 (time=1653.65), 0.0162349 s/step
on time step 33316 (time=1665.8), 0.0165126 s/step
on time step 33560 (time=1678), 0.0164173 s/step
on time step 33808 (time=1690.4), 0.0161881 s/step
on time step 34052 (time=1702.6), 0.0164207 s/step
on time step 34300 (time=1715), 0.0161772 s/step
on time step 34544 (time=1727.2), 0.0164048 s/step
on time step 34791 (time=1739.55), 0.0162331 s/step
on time step 35035 (time=1751.75), 0.0164519 s/step
on time step 35276 (time=1763.8), 0.0165991 s/step
on time step 35519 (time=1775.95), 0.0164922 s/step
field decay(t = 1785.3000000000002): 0.002599357363497962 / 0.1603620135821873 = 0.016209308585201587
on time step 35761 (time=1788.05), 0.0165326 s/step
on time step 36005 (time=1800.25), 0.0164187 s/step
on time step 36252 (time=1812.6), 0.0162394 s/step
on time step 36497 (time=1824.85), 0.0163833 s/step
on time step 36742 (time=1837.1), 0.0163798 s/step
on time step 36983 (time=1849.15), 0.0166535 s/step
on time step 37227 (time=1861.35), 0.0164602 s/step
on time step 37475 (time=1873.75), 0.0162148 s/step
on time step 37719 (time=1885.95), 0.0163982 s/step
on time step 37968 (time=1898.4), 0.0160909 s/step
on time step 38215 (time=1910.75), 0.0162122 s/step
on time step 38463 (time=1923.15), 0.0161644 s/step
on time step 38708 (time=1935.4), 0.0163394 s/step
on time step 38952 (time=1947.6), 0.0163974 s/step
on time step 39197 (time=1959.85), 0.0163293 s/step
on time step 39440 (time=1972), 0.0164646 s/step
on time step 39686 (time=1984.3), 0.016301 s/step
on time step 39935 (time=1996.75), 0.0160663 s/step
on time step 40183 (time=2009.15), 0.0161768 s/step
on time step 40429 (time=2021.45), 0.0162865 s/step
on time step 40672 (time=2033.6), 0.016495 s/step
on time step 40915 (time=2045.75), 0.0164991 s/step
on time step 41161 (time=2058.05), 0.0162724 s/step
on time step 41403 (time=2070.15), 0.0165864 s/step
on time step 41647 (time=2082.35), 0.0164401 s/step
field decay(t = 2085.35): 2.4801128233992952e-05 / 0.1603620135821873 = 0.0001546571265849197
on time step 41889 (time=2094.45), 0.0165939 s/step
on time step 42134 (time=2106.7), 0.0163514 s/step
on time step 42375 (time=2118.75), 0.0165979 s/step
on time step 42615 (time=2130.75), 0.0167449 s/step
on time step 42856 (time=2142.8), 0.0166065 s/step
on time step 43095 (time=2154.75), 0.0167557 s/step
on time step 43337 (time=2166.85), 0.0165537 s/step
on time step 43578 (time=2178.9), 0.0166135 s/step
on time step 43819 (time=2190.95), 0.0166175 s/step
on time step 44060 (time=2203), 0.016611 s/step
on time step 44297 (time=2214.85), 0.0169037 s/step
on time step 44537 (time=2226.85), 0.0166887 s/step
on time step 44781 (time=2239.05), 0.0163941 s/step
on time step 45023 (time=2251.15), 0.0165889 s/step
on time step 45269 (time=2263.45), 0.0162836 s/step
on time step 45514 (time=2275.7), 0.0163823 s/step
on time step 45760 (time=2288), 0.0163153 s/step
on time step 46000 (time=2300), 0.0167025 s/step
on time step 46239 (time=2311.95), 0.0167531 s/step
on time step 46481 (time=2324.05), 0.0165659 s/step
on time step 46719 (time=2335.95), 0.0168149 s/step
on time step 46961 (time=2348.05), 0.0165319 s/step
on time step 47203 (time=2360.15), 0.016556 s/step
on time step 47445 (time=2372.25), 0.0165945 s/step
on time step 47687 (time=2384.35), 0.0165363 s/step
field decay(t = 2385.4): 1.6655162022383566e-06 / 0.1603620135821873 = 1.0385977109128536e-05
on time step 47926 (time=2396.3), 0.0167518 s/step
on time step 48170 (time=2408.5), 0.0164238 s/step
on time step 48415 (time=2420.75), 0.0163738 s/step
on time step 48657 (time=2432.85), 0.0165818 s/step
on time step 48901 (time=2445.05), 0.0164257 s/step
on time step 49145 (time=2457.25), 0.0164363 s/step
on time step 49390 (time=2469.5), 0.0163487 s/step
on time step 49632 (time=2481.6), 0.0165813 s/step
on time step 49872 (time=2493.6), 0.0167067 s/step
on time step 50114 (time=2505.7), 0.0165568 s/step
on time step 50355 (time=2517.75), 0.0166452 s/step
on time step 50598 (time=2529.9), 0.0164744 s/step
on time step 50843 (time=2542.15), 0.0163408 s/step
on time step 51088 (time=2554.4), 0.0163781 s/step
on time step 51332 (time=2566.6), 0.0164769 s/step
on time step 51573 (time=2578.65), 0.0166261 s/step
on time step 51816 (time=2590.8), 0.0165044 s/step
on time step 52060 (time=2603), 0.0164721 s/step
on time step 52304 (time=2615.2), 0.0164117 s/step
on time step 52549 (time=2627.45), 0.0163618 s/step
on time step 52793 (time=2639.65), 0.0164664 s/step
on time step 53038 (time=2651.9), 0.0163762 s/step
on time step 53281 (time=2664.05), 0.0164752 s/step
on time step 53523 (time=2676.15), 0.0165644 s/step
field decay(t = 2685.4500000000003): 2.4833064974302128e-08 / 0.1603620135821873 = 1.5485628060896672e-07
on time step 53770 (time=2688.5), 0.0162568 s/step
on time step 54012 (time=2700.6), 0.0165705 s/step
on time step 54259 (time=2712.95), 0.0162435 s/step
on time step 54506 (time=2725.3), 0.0162476 s/step
on time step 54752 (time=2737.6), 0.0162852 s/step
on time step 54997 (time=2749.85), 0.0163342 s/step
on time step 55240 (time=2762), 0.0164656 s/step
on time step 55488 (time=2774.4), 0.0161481 s/step
on time step 55735 (time=2786.75), 0.0162356 s/step
on time step 55983 (time=2799.15), 0.0161869 s/step
on time step 56231 (time=2811.55), 0.0161378 s/step
on time step 56479 (time=2823.95), 0.0161651 s/step
on time step 56727 (time=2836.35), 0.0161839 s/step
on time step 56972 (time=2848.6), 0.0163939 s/step
on time step 57215 (time=2860.75), 0.0165116 s/step
on time step 57461 (time=2873.05), 0.0163206 s/step
on time step 57704 (time=2885.2), 0.0165145 s/step
on time step 57951 (time=2897.55), 0.0162361 s/step
on time step 58197 (time=2909.85), 0.0163009 s/step
on time step 58445 (time=2922.25), 0.0161854 s/step
on time step 58689 (time=2934.45), 0.016395 s/step
on time step 58931 (time=2946.55), 0.0165295 s/step
on time step 59175 (time=2958.75), 0.0164537 s/step
on time step 59419 (time=2970.95), 0.0164391 s/step
on time step 59664 (time=2983.2), 0.0164019 s/step
field decay(t = 2985.5): 3.253079870438432e-10 / 0.1603620135821873 = 2.028585073092259e-09
on time step 59909 (time=2995.45), 0.0163526 s/step
on time step 60154 (time=3007.7), 0.0163606 s/step
on time step 60401 (time=3020.05), 0.0162146 s/step
on time step 60646 (time=3032.3), 0.0163482 s/step
on time step 60892 (time=3044.6), 0.0162731 s/step
on time step 61140 (time=3057), 0.0161768 s/step
on time step 61384 (time=3069.2), 0.0164181 s/step
on time step 61633 (time=3081.65), 0.016104 s/step
on time step 61881 (time=3094.05), 0.0161335 s/step
on time step 62130 (time=3106.5), 0.0160983 s/step
on time step 62378 (time=3118.9), 0.0162107 s/step
on time step 62622 (time=3131.1), 0.0164266 s/step
on time step 62869 (time=3143.45), 0.016206 s/step
on time step 63117 (time=3155.85), 0.0161865 s/step
on time step 63365 (time=3168.25), 0.0161701 s/step
on time step 63612 (time=3180.6), 0.0162112 s/step
on time step 63859 (time=3192.95), 0.0161947 s/step
on time step 64106 (time=3205.3), 0.0162147 s/step
on time step 64351 (time=3217.55), 0.0163556 s/step
on time step 64596 (time=3229.8), 0.0163837 s/step
on time step 64843 (time=3242.15), 0.0162221 s/step
on time step 65087 (time=3254.35), 0.0164535 s/step
on time step 65334 (time=3266.7), 0.0162005 s/step
on time step 65583 (time=3279.15), 0.0161223 s/step
field decay(t = 3285.55): 4.836806735171452e-11 / 0.1603620135821873 = 3.016179846539864e-10
run 1 finished at t = 3285.55 (65711 timesteps)

Elapsed run time = 4162.0608 s
