Using MPI version 3.1, 64 processes
WD: data/2021-11-26/RuntimeTest_2000/
AlreadyDir
-----------
Initializing structure...
Splitting into 64 chunks by voxels
time for choose_chunkdivision = 0.00304676 s
Working in 2D dimensions.
Computational cell is 2320 x 100 x 0 with resolution 2
     block, center = (0,0,0)
          size (1e+20,1e+20,1e+20)
          axes (1,0,0), (0,1,0), (0,0,1)
          dielectric constant epsilon diagonal = (1.9881,1.9881,1.9881)
     block, center = (0,-21.25,0)
          size (1e+20,62.5,1e+20)
          axes (1,0,0), (0,1,0), (0,0,1)
          dielectric constant epsilon diagonal = (2.0736,2.0736,2.0736)
     block, center = (0,0,0)
          size (1e+20,8.2,1e+20)
          axes (1,0,0), (0,1,0), (0,0,1)
          dielectric constant epsilon diagonal = (2.08803,2.08803,2.08803)
time for set_epsilon = 0.12438 s
-----------
MPB solved for frequency_1(0.4,0,0) = 0.277463 after 67 iters
MPB solved for frequency_1(0.931396,0,0) = 0.645133 after 38 iters
MPB solved for frequency_1(0.931437,0,0) = 0.645161 after 1 iters
Meep: using output directory 'data/2021-11-26/RuntimeTest_2000/'


Normalisation Run


on time step 818 (time=204.5), 0.00489255 s/step
on time step 1885 (time=471.25), 0.00375115 s/step
on time step 2949 (time=737.25), 0.00376254 s/step
on time step 4001 (time=1000.25), 0.00380581 s/step
on time step 5044 (time=1261), 0.00383742 s/step
on time step 6073 (time=1518.25), 0.00388842 s/step
on time step 7101 (time=1775.25), 0.00389201 s/step
srun: Job step aborted: Waiting up to 62 seconds for job step to finish.
srun: got SIGCONT
slurmstepd: error: *** STEP 553229.0 ON topsy-cn-1-4 CANCELLED AT 2021-11-26T11:00:26 ***
slurmstepd: error: *** JOB 553229 ON topsy-cn-1-4 CANCELLED AT 2021-11-26T11:00:26 ***
srun: forcing job termination
srun: error: topsy-cn-1-8: tasks 60-63: Terminated
srun: error: topsy-cn-1-7: tasks 40-59: Terminated
srun: error: topsy-cn-1-4: tasks 0-19: Terminated
srun: error: topsy-cn-1-5: tasks 20-39: Terminated
