Using MPI version 3.1, 24 processes
WD: data/2021-12-15/EllipseAndCladVisible/
AlreadyDir
-----------
Initializing structure...
Splitting into 24 chunks by voxels
time for choose_chunkdivision = 0.0047843 s
Working in 2D dimensions.
Computational cell is 820 x 120 x 0 with resolution 10
     block, center = (0,0,0)
          size (1e+20,1e+20,1e+20)
          axes (1,0,0), (0,1,0), (0,0,1)
          dielectric constant epsilon diagonal = (1.99622,1.99622,1.99622)
     block, center = (0,-28.7,0)
          size (1e+20,67.6,1e+20)
          axes (1,0,0), (0,1,0), (0,0,1)
          dielectric constant epsilon diagonal = (2.0746,2.0746,2.0746)
     block, center = (0,0,0)
          size (1e+20,8.2,1e+20)
          axes (1,0,0), (0,1,0), (0,0,1)
          dielectric constant epsilon diagonal = (2.08903,2.08903,2.08903)
time for set_epsilon = 0.574213 s
-----------
MPB solved for frequency_1(0.4,0,0) = 0.27776 after 47 iters
MPB solved for frequency_1(0.931428,0,0) = 0.645149 after 32 iters
MPB solved for frequency_1(0.931446,0,0) = 0.645161 after 6 iters
MPB solved for frequency_1(0.931446,0,0) = 0.645161 after 1 iters
Meep: using output directory 'data/2021-12-15/EllipseAndCladVisible/'


Normalisation Run


on time step 165 (time=8.25), 0.0242766 s/step
on time step 443 (time=22.15), 0.0143904 s/step
on time step 696 (time=34.8), 0.0158119 s/step
on time step 938 (time=46.9), 0.0165766 s/step
on time step 1183 (time=59.15), 0.0163655 s/step
on time step 1448 (time=72.4), 0.0151278 s/step
on time step 1707 (time=85.35), 0.0154625 s/step
Meep progress: 91.85000000000001/2370.3709698364382 = 3.9% done in 30.0s, 744.5s to go
on time step 1963 (time=98.15), 0.0156423 s/step
on time step 2216 (time=110.8), 0.0158619 s/step
on time step 2470 (time=123.5), 0.015761 s/step
on time step 2719 (time=135.95), 0.0161009 s/step
on time step 2975 (time=148.75), 0.0156623 s/step
on time step 3220 (time=161), 0.016388 s/step
on time step 3467 (time=173.35), 0.0162282 s/step
Meep progress: 185.75/2370.3709698364382 = 7.8% done in 60.0s, 705.9s to go
on time step 3721 (time=186.05), 0.0157765 s/step
on time step 3970 (time=198.5), 0.0160709 s/step
on time step 4215 (time=210.75), 0.0163832 s/step
on time step 4459 (time=222.95), 0.0164091 s/step
on time step 4699 (time=234.95), 0.0166783 s/step
on time step 4942 (time=247.1), 0.0164835 s/step
on time step 5194 (time=259.7), 0.0158749 s/step
on time step 5420 (time=271), 0.0177912 s/step
Meep progress: 276.6/2370.3709698364382 = 11.7% done in 90.0s, 681.5s to go
on time step 5659 (time=282.95), 0.0167381 s/step
on time step 5887 (time=294.35), 0.0176116 s/step
on time step 6121 (time=306.05), 0.0171233 s/step
on time step 6348 (time=317.4), 0.0176367 s/step
on time step 6595 (time=329.75), 0.0161988 s/step
on time step 6828 (time=341.4), 0.0171724 s/step
on time step 7055 (time=352.75), 0.0176238 s/step
Meep progress: 364.15000000000003/2370.3709698364382 = 15.4% done in 120.0s, 661.3s to go
on time step 7292 (time=364.6), 0.0168855 s/step
on time step 7519 (time=375.95), 0.0176246 s/step
on time step 7759 (time=387.95), 0.0167165 s/step
on time step 7983 (time=399.15), 0.0178941 s/step
on time step 8201 (time=410.05), 0.0183795 s/step
on time step 8418 (time=420.9), 0.0184595 s/step
on time step 8643 (time=432.15), 0.0178455 s/step
on time step 8861 (time=443.05), 0.0183958 s/step
Meep progress: 448.05/2370.3709698364382 = 18.9% done in 150.1s, 643.8s to go
on time step 9094 (time=454.7), 0.0172366 s/step
on time step 9313 (time=465.65), 0.0182662 s/step
on time step 9531 (time=476.55), 0.0184056 s/step
on time step 9741 (time=487.05), 0.0191072 s/step
on time step 9961 (time=498.05), 0.0182096 s/step
on time step 10176 (time=508.8), 0.0186369 s/step
on time step 10392 (time=519.6), 0.0186122 s/step
Meep progress: 530.4/2370.3709698364382 = 22.4% done in 180.1s, 624.7s to go
on time step 10622 (time=531.1), 0.0174205 s/step
on time step 10834 (time=541.7), 0.018913 s/step
on time step 11051 (time=552.55), 0.0184596 s/step
on time step 11264 (time=563.2), 0.0188582 s/step
on time step 11474 (time=573.7), 0.0190893 s/step
on time step 11684 (time=584.2), 0.0190993 s/step
on time step 11920 (time=596), 0.017003 s/step
on time step 12142 (time=607.1), 0.0180734 s/step
Meep progress: 611.8000000000001/2370.3709698364382 = 25.8% done in 210.1s, 603.9s to go
on time step 12368 (time=618.4), 0.0177155 s/step
on time step 12586 (time=629.3), 0.0183736 s/step
on time step 12807 (time=640.35), 0.0181002 s/step
on time step 13020 (time=651), 0.0188524 s/step
on time step 13261 (time=663.05), 0.016632 s/step
on time step 13482 (time=674.1), 0.0181778 s/step
on time step 13695 (time=684.75), 0.0188133 s/step
Meep progress: 694.8000000000001/2370.3709698364382 = 29.3% done in 240.1s, 579.0s to go
on time step 13917 (time=695.85), 0.0180304 s/step
on time step 14131 (time=706.55), 0.0187743 s/step
on time step 14351 (time=717.55), 0.0182516 s/step
on time step 14581 (time=729.05), 0.0174859 s/step
on time step 14800 (time=740), 0.0183296 s/step
on time step 15013 (time=750.65), 0.0188301 s/step
on time step 15232 (time=761.6), 0.0183483 s/step
on time step 15446 (time=772.3), 0.018711 s/step
Meep progress: 776.45/2370.3709698364382 = 32.8% done in 270.1s, 554.5s to go
on time step 15665 (time=783.25), 0.0183401 s/step
on time step 15884 (time=794.2), 0.0182676 s/step
on time step 16110 (time=805.5), 0.017746 s/step
on time step 16319 (time=815.95), 0.0191654 s/step
on time step 16540 (time=827), 0.0181638 s/step
on time step 16758 (time=837.9), 0.0183502 s/step
on time step 16971 (time=848.55), 0.0188513 s/step
Meep progress: 858.1500000000001/2370.3709698364382 = 36.2% done in 300.1s, 528.9s to go
on time step 17194 (time=859.7), 0.017946 s/step
on time step 17418 (time=870.9), 0.0179359 s/step
on time step 17628 (time=881.4), 0.0191099 s/step
on time step 17831 (time=891.55), 0.0197556 s/step
on time step 18032 (time=901.6), 0.0199428 s/step
on time step 18232 (time=911.6), 0.0200303 s/step
on time step 18436 (time=921.8), 0.0196588 s/step
on time step 18641 (time=932.05), 0.0195183 s/step
Meep progress: 935.5500000000001/2370.3709698364382 = 39.5% done in 330.1s, 506.3s to go
on time step 18832 (time=941.6), 0.0209527 s/step
on time step 19004 (time=950.2), 0.0232749 s/step
on time step 19179 (time=958.95), 0.0228582 s/step
on time step 19348 (time=967.4), 0.0237805 s/step
on time step 19435 (time=971.75), 0.0463767 s/step
on time step 19495 (time=974.75), 0.0670631 s/step
on time step 19644 (time=982.2), 0.026951 s/step
Meep progress: 987.85/2370.3709698364382 = 41.7% done in 360.2s, 504.1s to go
on time step 19777 (time=988.85), 0.0302141 s/step
on time step 19885 (time=994.25), 0.0372663 s/step
on time step 19993 (time=999.65), 0.0371474 s/step
on time step 20137 (time=1006.85), 0.0279314 s/step
on time step 20334 (time=1016.7), 0.020337 s/step
on time step 20606 (time=1030.3), 0.0147127 s/step
on time step 20887 (time=1044.35), 0.0142481 s/step
on time step 21167 (time=1058.35), 0.0143133 s/step
Meep progress: 1062.75/2370.3709698364382 = 44.8% done in 390.2s, 480.1s to go
on time step 21449 (time=1072.45), 0.0141927 s/step
on time step 21724 (time=1086.2), 0.0145723 s/step
on time step 22003 (time=1100.15), 0.014349 s/step
on time step 22271 (time=1113.55), 0.0149559 s/step
on time step 22554 (time=1127.7), 0.0141762 s/step
on time step 22835 (time=1141.75), 0.0142563 s/step
on time step 23107 (time=1155.35), 0.0147417 s/step
Meep progress: 1166.75/2370.3709698364382 = 49.2% done in 420.2s, 433.5s to go
on time step 23392 (time=1169.6), 0.0140788 s/step
on time step 23667 (time=1183.35), 0.0146124 s/step
on time step 23949 (time=1197.45), 0.0142221 s/step
on time step 24225 (time=1211.25), 0.0145143 s/step
on time step 24502 (time=1225.1), 0.014493 s/step
on time step 24774 (time=1238.7), 0.0147264 s/step
on time step 25054 (time=1252.7), 0.0143234 s/step
on time step 25333 (time=1266.65), 0.014403 s/step
Meep progress: 1270.65/2370.3709698364382 = 53.6% done in 450.2s, 389.6s to go
on time step 25614 (time=1280.7), 0.0142383 s/step
on time step 25890 (time=1294.5), 0.0145103 s/step
on time step 26169 (time=1308.45), 0.0143557 s/step
on time step 26437 (time=1321.85), 0.014961 s/step
on time step 26721 (time=1336.05), 0.0141239 s/step
on time step 27002 (time=1350.1), 0.0142725 s/step
on time step 27273 (time=1363.65), 0.0147919 s/step
Meep progress: 1374.5/2370.3709698364382 = 58.0% done in 480.2s, 347.9s to go
on time step 27557 (time=1377.85), 0.0141473 s/step
on time step 27832 (time=1391.6), 0.0145948 s/step
on time step 28114 (time=1405.7), 0.0142214 s/step
on time step 28391 (time=1419.55), 0.0144867 s/step
on time step 28668 (time=1433.4), 0.0144563 s/step
on time step 28942 (time=1447.1), 0.0146204 s/step
on time step 29222 (time=1461.1), 0.0143037 s/step
on time step 29503 (time=1475.15), 0.0142876 s/step
Meep progress: 1478.7/2370.3709698364382 = 62.4% done in 510.2s, 307.7s to go
on time step 29783 (time=1489.15), 0.0143306 s/step
on time step 30060 (time=1503), 0.0145118 s/step
on time step 30339 (time=1516.95), 0.0143644 s/step
on time step 30608 (time=1530.4), 0.0148761 s/step
on time step 30892 (time=1544.6), 0.0141234 s/step
on time step 31171 (time=1558.55), 0.0143767 s/step
on time step 31445 (time=1572.25), 0.0146444 s/step
Meep progress: 1582.45/2370.3709698364382 = 66.8% done in 540.2s, 269.0s to go
on time step 31726 (time=1586.3), 0.0142817 s/step
on time step 32000 (time=1600), 0.0146322 s/step
on time step 32282 (time=1614.1), 0.0142152 s/step
on time step 32555 (time=1627.75), 0.014676 s/step
on time step 32831 (time=1641.55), 0.0145169 s/step
on time step 33106 (time=1655.3), 0.0145734 s/step
on time step 33385 (time=1669.25), 0.0143647 s/step
on time step 33665 (time=1683.25), 0.0143253 s/step
Meep progress: 1686.25/2370.3709698364382 = 71.1% done in 570.2s, 231.3s to go
on time step 33943 (time=1697.15), 0.0144034 s/step
on time step 34220 (time=1711), 0.0144443 s/step
on time step 34498 (time=1724.9), 0.0144252 s/step
on time step 34769 (time=1738.45), 0.0147722 s/step
on time step 35052 (time=1752.6), 0.014179 s/step
on time step 35330 (time=1766.5), 0.0143948 s/step
on time step 35602 (time=1780.1), 0.0147146 s/step
Meep progress: 1789.95/2370.3709698364382 = 75.5% done in 600.2s, 194.6s to go
on time step 35883 (time=1794.15), 0.0142725 s/step
on time step 36155 (time=1807.75), 0.0147226 s/step
on time step 36435 (time=1821.75), 0.0143262 s/step
on time step 36711 (time=1835.55), 0.0146493 s/step
on time step 36990 (time=1849.5), 0.0143593 s/step
on time step 37264 (time=1863.2), 0.0146013 s/step
on time step 37541 (time=1877.05), 0.0144688 s/step
on time step 37818 (time=1890.9), 0.0144556 s/step
Meep progress: 1893.5/2370.3709698364382 = 79.9% done in 630.2s, 158.7s to go
on time step 38096 (time=1904.8), 0.0144061 s/step
on time step 38371 (time=1918.55), 0.0145487 s/step
on time step 38647 (time=1932.35), 0.0145691 s/step
on time step 38917 (time=1945.85), 0.0148284 s/step
on time step 39200 (time=1960), 0.0141774 s/step
on time step 39478 (time=1973.9), 0.0144106 s/step
on time step 39751 (time=1987.55), 0.0146597 s/step
Meep progress: 1996.9/2370.3709698364382 = 84.2% done in 660.2s, 123.5s to go
on time step 40030 (time=2001.5), 0.0143627 s/step
on time step 40303 (time=2015.15), 0.014694 s/step
on time step 40584 (time=2029.2), 0.0142599 s/step
on time step 40858 (time=2042.9), 0.0146415 s/step
on time step 41136 (time=2056.8), 0.014392 s/step
on time step 41410 (time=2070.5), 0.0146311 s/step
on time step 41686 (time=2084.3), 0.0144944 s/step
on time step 41959 (time=2097.95), 0.014688 s/step
Meep progress: 2100.15/2370.3709698364382 = 88.6% done in 690.2s, 88.8s to go
on time step 42238 (time=2111.9), 0.0143641 s/step
on time step 42515 (time=2125.75), 0.0144821 s/step
on time step 42790 (time=2139.5), 0.0145668 s/step
on time step 43062 (time=2153.1), 0.0147404 s/step
on time step 43343 (time=2167.15), 0.0142823 s/step
on time step 43625 (time=2181.25), 0.0141912 s/step
on time step 43899 (time=2194.95), 0.0146024 s/step
Meep progress: 2203.9500000000003/2370.3709698364382 = 93.0% done in 720.2s, 54.4s to go
on time step 44178 (time=2208.9), 0.0143657 s/step
on time step 44449 (time=2222.45), 0.014776 s/step
on time step 44730 (time=2236.5), 0.0142794 s/step
on time step 45003 (time=2250.15), 0.014684 s/step
on time step 45283 (time=2264.15), 0.0143211 s/step
on time step 45557 (time=2277.85), 0.0146009 s/step
on time step 45834 (time=2291.7), 0.0145017 s/step
on time step 46110 (time=2305.5), 0.0145189 s/step
Meep progress: 2307.35/2370.3709698364382 = 97.3% done in 750.3s, 20.5s to go
on time step 46386 (time=2319.3), 0.0145008 s/step
on time step 46666 (time=2333.3), 0.0143312 s/step
on time step 46941 (time=2347.05), 0.014578 s/step
on time step 47214 (time=2360.7), 0.0146698 s/step
run 0 finished at t = 2370.4 (47408 timesteps)
field decay(t = 2370.4): 3.305954905825469e-18 / 3.305954905825469e-18 = 1.0
on time step 47488 (time=2374.4), 0.0146463 s/step
on time step 47763 (time=2388.15), 0.0145524 s/step
on time step 48029 (time=2401.45), 0.0150412 s/step
on time step 48297 (time=2414.85), 0.0149262 s/step
on time step 48560 (time=2428), 0.0152404 s/step
on time step 48831 (time=2441.55), 0.0147738 s/step
on time step 49094 (time=2454.7), 0.0153067 s/step
on time step 49365 (time=2468.25), 0.0148084 s/step
on time step 49629 (time=2481.45), 0.0151973 s/step
on time step 49898 (time=2494.9), 0.0149217 s/step
on time step 50170 (time=2508.5), 0.0147082 s/step
on time step 50432 (time=2521.6), 0.0153057 s/step
on time step 50704 (time=2535.2), 0.0147174 s/step
on time step 50971 (time=2548.55), 0.0150128 s/step
on time step 51234 (time=2561.7), 0.0152235 s/step
on time step 51504 (time=2575.2), 0.0148617 s/step
on time step 51778 (time=2588.9), 0.0146495 s/step
on time step 52046 (time=2602.3), 0.0149646 s/step
on time step 52314 (time=2615.7), 0.0149281 s/step
on time step 52576 (time=2628.8), 0.0152768 s/step
on time step 52847 (time=2642.35), 0.014761 s/step
on time step 53107 (time=2655.35), 0.0154148 s/step
on time step 53379 (time=2668.95), 0.014728 s/step
on time step 53643 (time=2682.15), 0.0151804 s/step
on time step 53909 (time=2695.45), 0.015067 s/step
on time step 54184 (time=2709.2), 0.0145553 s/step
on time step 54448 (time=2722.4), 0.0151903 s/step
on time step 54718 (time=2735.9), 0.0148247 s/step
on time step 54983 (time=2749.15), 0.0151516 s/step
on time step 55247 (time=2762.35), 0.0151663 s/step
on time step 55514 (time=2775.7), 0.015001 s/step
on time step 55786 (time=2789.3), 0.0147078 s/step
on time step 56053 (time=2802.65), 0.0149952 s/step
on time step 56323 (time=2816.15), 0.0148676 s/step
on time step 56585 (time=2829.25), 0.0152944 s/step
on time step 56856 (time=2842.8), 0.0147979 s/step
on time step 57114 (time=2855.7), 0.0155302 s/step
on time step 57386 (time=2869.3), 0.0147149 s/step
field decay(t = 2870.4500000000003): 6.082170324224948e-18 / 6.082170324224948e-18 = 1.0
on time step 57650 (time=2882.5), 0.015172 s/step
on time step 57915 (time=2895.75), 0.0151249 s/step
on time step 58188 (time=2909.4), 0.0147109 s/step
on time step 58452 (time=2922.6), 0.0152022 s/step
on time step 58722 (time=2936.1), 0.0148172 s/step
on time step 58986 (time=2949.3), 0.0151783 s/step
on time step 59250 (time=2962.5), 0.0151872 s/step
on time step 59519 (time=2975.95), 0.0149187 s/step
on time step 59794 (time=2989.7), 0.0145937 s/step
on time step 60060 (time=3003), 0.0150715 s/step
on time step 60331 (time=3016.55), 0.0148054 s/step
on time step 60593 (time=3029.65), 0.0153051 s/step
on time step 60864 (time=3043.2), 0.0147786 s/step
on time step 61122 (time=3056.1), 0.0155697 s/step
on time step 61397 (time=3069.85), 0.0145809 s/step
on time step 61662 (time=3083.1), 0.015116 s/step
on time step 61925 (time=3096.25), 0.0152163 s/step
on time step 62198 (time=3109.9), 0.0146954 s/step
on time step 62461 (time=3123.05), 0.0152308 s/step
on time step 62731 (time=3136.55), 0.0148215 s/step
on time step 62995 (time=3149.75), 0.0151583 s/step
on time step 63259 (time=3162.95), 0.0152035 s/step
on time step 63526 (time=3176.3), 0.0150117 s/step
on time step 63799 (time=3189.95), 0.0146547 s/step
on time step 64064 (time=3203.2), 0.0151286 s/step
on time step 64335 (time=3216.75), 0.0148087 s/step
on time step 64597 (time=3229.85), 0.0153169 s/step
on time step 64868 (time=3243.4), 0.0148309 s/step
on time step 65124 (time=3256.2), 0.0156669 s/step
on time step 65397 (time=3269.85), 0.0146639 s/step
on time step 65660 (time=3283), 0.0152154 s/step
on time step 65924 (time=3296.2), 0.015207 s/step
on time step 66196 (time=3309.8), 0.014717 s/step
on time step 66459 (time=3322.95), 0.0152161 s/step
on time step 66731 (time=3336.55), 0.0147504 s/step
on time step 66997 (time=3349.85), 0.0150646 s/step
on time step 67263 (time=3363.15), 0.0150707 s/step
field decay(t = 3370.5): 1.2440419955094553e-18 / 6.082170324224948e-18 = 0.20453915776651385
on time step 67532 (time=3376.6), 0.0149152 s/step
on time step 67803 (time=3390.15), 0.0148021 s/step
on time step 68068 (time=3403.4), 0.0151246 s/step
on time step 68337 (time=3416.85), 0.0149088 s/step
on time step 68597 (time=3429.85), 0.0154211 s/step
on time step 68864 (time=3443.2), 0.0150274 s/step
on time step 69122 (time=3456.1), 0.0155218 s/step
on time step 69393 (time=3469.65), 0.0147698 s/step
on time step 69657 (time=3482.85), 0.0152453 s/step
on time step 69922 (time=3496.1), 0.0151453 s/step
on time step 70196 (time=3509.8), 0.0146415 s/step
on time step 70458 (time=3522.9), 0.0152866 s/step
on time step 70730 (time=3536.5), 0.0147082 s/step
on time step 70993 (time=3549.65), 0.0152454 s/step
on time step 71258 (time=3562.9), 0.0151275 s/step
on time step 71523 (time=3576.15), 0.0151425 s/step
on time step 71794 (time=3589.7), 0.0147844 s/step
on time step 72060 (time=3603), 0.0150711 s/step
on time step 72331 (time=3616.55), 0.0147947 s/step
on time step 72592 (time=3629.6), 0.0153483 s/step
on time step 72858 (time=3642.9), 0.0150829 s/step
on time step 73116 (time=3655.8), 0.0155562 s/step
on time step 73391 (time=3669.55), 0.0145899 s/step
on time step 73657 (time=3682.85), 0.0150881 s/step
on time step 73921 (time=3696.05), 0.0152168 s/step
on time step 74193 (time=3709.65), 0.0147548 s/step
on time step 74455 (time=3722.75), 0.0152896 s/step
on time step 74725 (time=3736.25), 0.0148158 s/step
on time step 74990 (time=3749.5), 0.0151071 s/step
on time step 75255 (time=3762.75), 0.0151277 s/step
on time step 75522 (time=3776.1), 0.0150231 s/step
on time step 75795 (time=3789.75), 0.014677 s/step
on time step 76064 (time=3803.2), 0.0149129 s/step
on time step 76336 (time=3816.8), 0.0147414 s/step
on time step 76598 (time=3829.9), 0.0152992 s/step
on time step 76867 (time=3843.35), 0.0148717 s/step
on time step 77125 (time=3856.25), 0.0155386 s/step
on time step 77399 (time=3869.95), 0.0146116 s/step
field decay(t = 3870.55): 2.327521029421642e-19 / 6.082170324224948e-18 = 0.038267935709581404
on time step 77665 (time=3883.25), 0.0150456 s/step
on time step 77930 (time=3896.5), 0.015139 s/step
on time step 78203 (time=3910.15), 0.0146692 s/step
on time step 78464 (time=3923.2), 0.0153388 s/step
on time step 78734 (time=3936.7), 0.0148412 s/step
on time step 79000 (time=3950), 0.0150818 s/step
on time step 79265 (time=3963.25), 0.0151285 s/step
on time step 79533 (time=3976.65), 0.0149336 s/step
on time step 79803 (time=3990.15), 0.0148641 s/step
on time step 80070 (time=4003.5), 0.0149897 s/step
on time step 80341 (time=4017.05), 0.0147695 s/step
on time step 80604 (time=4030.2), 0.0152744 s/step
on time step 80871 (time=4043.55), 0.0150089 s/step
on time step 81128 (time=4056.4), 0.0155932 s/step
on time step 81401 (time=4070.05), 0.0146891 s/step
on time step 81668 (time=4083.4), 0.0150353 s/step
on time step 81926 (time=4096.3), 0.0155122 s/step
on time step 82199 (time=4109.95), 0.0146899 s/step
on time step 82461 (time=4123.05), 0.0152762 s/step
on time step 82731 (time=4136.55), 0.0148516 s/step
on time step 82997 (time=4149.85), 0.0150796 s/step
on time step 83263 (time=4163.15), 0.0150621 s/step
on time step 83529 (time=4176.45), 0.0150479 s/step
on time step 83800 (time=4190), 0.014784 s/step
on time step 84070 (time=4203.5), 0.0148325 s/step
on time step 84341 (time=4217.05), 0.0147688 s/step
on time step 84602 (time=4230.1), 0.0153364 s/step
on time step 84871 (time=4243.55), 0.0148939 s/step
on time step 85128 (time=4256.4), 0.0156163 s/step
on time step 85400 (time=4270), 0.0147386 s/step
on time step 85667 (time=4283.35), 0.0150207 s/step
on time step 85933 (time=4296.65), 0.0150679 s/step
on time step 86206 (time=4310.3), 0.0146857 s/step
on time step 86467 (time=4323.35), 0.0153514 s/step
on time step 86741 (time=4337.05), 0.0146474 s/step
on time step 87007 (time=4350.35), 0.0150844 s/step
on time step 87274 (time=4363.7), 0.015029 s/step
field decay(t = 4370.6): 3.9524655760265746e-20 / 6.082170324224948e-18 = 0.0064984460568033135
run 1 finished at t = 4370.6 (87412 timesteps)
WD: data/2021-12-15/EllipseAndCladVisible/
AlreadyDir
-----------
Initializing structure...
Splitting into 24 chunks by voxels
time for choose_chunkdivision = 0.00505248 s
Working in 2D dimensions.
Computational cell is 820 x 120 x 0 with resolution 10
     block, center = (0,0,0)
          size (1e+20,1e+20,1e+20)
          axes (1,0,0), (0,1,0), (0,0,1)
          dielectric constant epsilon diagonal = (1.99622,1.99622,1.99622)
     block, center = (0,-28.7,0)
          size (1e+20,67.6,1e+20)
          axes (1,0,0), (0,1,0), (0,0,1)
          dielectric constant epsilon diagonal = (2.0746,2.0746,2.0746)
     block, center = (0,0,0)
          size (1e+20,8.2,1e+20)
          axes (1,0,0), (0,1,0), (0,0,1)
          dielectric constant epsilon diagonal = (2.08903,2.08903,2.08903)
     ellipsoid, center = (0,5.1,0)
          size (300,100,1e+20)
          axes (1,0,0), (0,1,0), (0,0,1)
          dielectric constant epsilon diagonal = (1.99622,1.99622,1.99622)
time for set_epsilon = 0.499825 s
-----------
MPB solved for frequency_1(0.4,0,0) = 0.27776 after 47 iters
MPB solved for frequency_1(0.931428,0,0) = 0.645149 after 32 iters
MPB solved for frequency_1(0.931446,0,0) = 0.645161 after 6 iters
MPB solved for frequency_1(0.931446,0,0) = 0.645161 after 1 iters
Meep: using output directory 'data/2021-12-15/EllipseAndCladVisible/'


Actual Run


on time step 187 (time=9.35), 0.0214568 s/step
on time step 467 (time=23.35), 0.0143072 s/step
on time step 729 (time=36.45), 0.0152683 s/step
on time step 975 (time=48.75), 0.0163121 s/step
on time step 1230 (time=61.5), 0.0157343 s/step
on time step 1489 (time=74.45), 0.0154774 s/step
on time step 1749 (time=87.45), 0.0153938 s/step
Meep progress: 93.85000000000001/1185.1854849182191 = 7.9% done in 30.0s, 349.0s to go
on time step 2010 (time=100.5), 0.0153426 s/step
on time step 2269 (time=113.45), 0.0154781 s/step
on time step 2533 (time=126.65), 0.0151827 s/step
on time step 2783 (time=139.15), 0.0160595 s/step
on time step 3037 (time=151.85), 0.015791 s/step
on time step 3278 (time=163.9), 0.0166198 s/step
on time step 3533 (time=176.65), 0.0157423 s/step
Meep progress: 188.95000000000002/1185.1854849182191 = 15.9% done in 60.0s, 316.4s to go
on time step 3787 (time=189.35), 0.015798 s/step
on time step 4037 (time=201.85), 0.0160158 s/step
on time step 4288 (time=214.4), 0.0159593 s/step
on time step 4529 (time=226.45), 0.0166453 s/step
on time step 4777 (time=238.85), 0.0161926 s/step
on time step 5020 (time=251), 0.0164813 s/step
on time step 5263 (time=263.15), 0.0164944 s/step
on time step 5500 (time=275), 0.0169515 s/step
Meep progress: 280.45/1185.1854849182191 = 23.7% done in 90.0s, 290.4s to go
on time step 5739 (time=286.95), 0.0167483 s/step
on time step 5973 (time=298.65), 0.0171006 s/step
on time step 6211 (time=310.55), 0.016846 s/step
on time step 6451 (time=322.55), 0.0166949 s/step
on time step 6688 (time=334.4), 0.0169382 s/step
on time step 6913 (time=345.65), 0.0178051 s/step
on time step 7151 (time=357.55), 0.016857 s/step
Meep progress: 368.5/1185.1854849182191 = 31.1% done in 120.0s, 266.0s to go
on time step 7383 (time=369.15), 0.0172628 s/step
on time step 7614 (time=380.7), 0.017319 s/step
on time step 7853 (time=392.65), 0.0167555 s/step
on time step 8072 (time=403.6), 0.0183467 s/step
on time step 8297 (time=414.85), 0.0177851 s/step
on time step 8517 (time=425.85), 0.0182217 s/step
on time step 8736 (time=436.8), 0.0183293 s/step
on time step 8954 (time=447.7), 0.0183656 s/step
Meep progress: 452.8/1185.1854849182191 = 38.2% done in 150.0s, 242.7s to go
on time step 9186 (time=459.3), 0.0173123 s/step
on time step 9404 (time=470.2), 0.0183535 s/step
on time step 9625 (time=481.25), 0.0181532 s/step
on time step 9838 (time=491.9), 0.018803 s/step
on time step 10054 (time=502.7), 0.0185341 s/step
on time step 10263 (time=513.15), 0.0192116 s/step
on time step 10491 (time=524.55), 0.0175518 s/step
Meep progress: 534.5/1185.1854849182191 = 45.1% done in 180.1s, 219.2s to go
on time step 10707 (time=535.35), 0.0185287 s/step
on time step 10923 (time=546.15), 0.0185829 s/step
on time step 11140 (time=557), 0.0184986 s/step
on time step 11350 (time=567.5), 0.0191333 s/step
on time step 11566 (time=578.3), 0.0185734 s/step
on time step 11786 (time=589.3), 0.0181952 s/step
on time step 12008 (time=600.4), 0.0180452 s/step
on time step 12230 (time=611.5), 0.0180457 s/step
Meep progress: 616.0500000000001/1185.1854849182191 = 52.0% done in 210.1s, 194.1s to go
on time step 12454 (time=622.7), 0.0178601 s/step
on time step 12675 (time=633.75), 0.0181433 s/step
on time step 12900 (time=645), 0.017817 s/step
on time step 13123 (time=656.15), 0.0179783 s/step
on time step 13347 (time=667.35), 0.01786 s/step
on time step 13561 (time=678.05), 0.0187608 s/step
on time step 13785 (time=689.25), 0.0178721 s/step
Meep progress: 699.0500000000001/1185.1854849182191 = 59.0% done in 240.1s, 167.0s to go
on time step 14005 (time=700.25), 0.0182509 s/step
on time step 14222 (time=711.1), 0.0184552 s/step
on time step 14446 (time=722.3), 0.0179146 s/step
on time step 14669 (time=733.45), 0.0179741 s/step
on time step 14889 (time=744.45), 0.0182688 s/step
on time step 15105 (time=755.25), 0.0185876 s/step
on time step 15319 (time=765.95), 0.0186942 s/step
on time step 15534 (time=776.7), 0.0186697 s/step
Meep progress: 780.75/1185.1854849182191 = 65.9% done in 270.1s, 139.9s to go
on time step 15750 (time=787.5), 0.0185496 s/step
on time step 15977 (time=798.85), 0.0176528 s/step
on time step 16197 (time=809.85), 0.0182575 s/step
on time step 16409 (time=820.45), 0.0189161 s/step
on time step 16626 (time=831.3), 0.0184342 s/step
on time step 16838 (time=841.9), 0.0189346 s/step
on time step 17059 (time=852.95), 0.0180996 s/step
Meep progress: 862.6500000000001/1185.1854849182191 = 72.8% done in 300.1s, 112.2s to go
on time step 17286 (time=864.3), 0.0176742 s/step
on time step 17495 (time=874.75), 0.0191662 s/step
on time step 17702 (time=885.1), 0.0193288 s/step
on time step 17903 (time=895.15), 0.0199615 s/step
on time step 18108 (time=905.4), 0.0195761 s/step
on time step 18308 (time=915.4), 0.0200334 s/step
on time step 18508 (time=925.4), 0.0200381 s/step
on time step 18711 (time=935.55), 0.019783 s/step
Meep progress: 938.6500000000001/1185.1854849182191 = 79.2% done in 330.1s, 86.7s to go
on time step 18889 (time=944.45), 0.0225581 s/step
on time step 19064 (time=953.2), 0.0229089 s/step
on time step 19241 (time=962.05), 0.0226774 s/step
on time step 19394 (time=969.7), 0.0264258 s/step
on time step 19455 (time=972.75), 0.0666146 s/step
on time step 19538 (time=976.9), 0.0483006 s/step
on time step 19703 (time=985.15), 0.0243077 s/step
Meep progress: 989.95/1185.1854849182191 = 83.5% done in 360.1s, 71.0s to go
on time step 19821 (time=991.05), 0.0341574 s/step
on time step 19920 (time=996), 0.0405115 s/step
on time step 20041 (time=1002.05), 0.0332478 s/step
on time step 20193 (time=1009.65), 0.0264355 s/step
on time step 20454 (time=1022.7), 0.0153565 s/step
on time step 20728 (time=1036.4), 0.0146448 s/step
on time step 21005 (time=1050.25), 0.0144748 s/step
on time step 21280 (time=1064), 0.0145643 s/step
Meep progress: 1067.9/1185.1854849182191 = 90.1% done in 390.1s, 42.8s to go
on time step 21558 (time=1077.9), 0.0144325 s/step
on time step 21834 (time=1091.7), 0.0144981 s/step
on time step 22112 (time=1105.6), 0.0143922 s/step
on time step 22386 (time=1119.3), 0.0146102 s/step
on time step 22664 (time=1133.2), 0.0144028 s/step
on time step 22932 (time=1146.6), 0.0149562 s/step
on time step 23213 (time=1160.65), 0.0142644 s/step
Meep progress: 1171.3/1185.1854849182191 = 98.8% done in 420.1s, 5.0s to go
on time step 23490 (time=1174.5), 0.0144419 s/step
run 0 finished at t = 1185.2 (23704 timesteps)
field decay(t = 1185.2): 1.9958567231128705e-09 / 1.9958567231128705e-09 = 1.0
on time step 23762 (time=1188.1), 0.0147493 s/step
on time step 24032 (time=1201.6), 0.0148566 s/step
on time step 24290 (time=1214.5), 0.0155425 s/step
on time step 24556 (time=1227.8), 0.0150445 s/step
on time step 24819 (time=1240.95), 0.0152246 s/step
on time step 25083 (time=1254.15), 0.0151724 s/step
on time step 25349 (time=1267.45), 0.0150656 s/step
on time step 25614 (time=1280.7), 0.0151247 s/step
on time step 25881 (time=1294.05), 0.0150593 s/step
on time step 26145 (time=1307.25), 0.0151612 s/step
on time step 26408 (time=1320.4), 0.0152591 s/step
on time step 26673 (time=1333.65), 0.0151096 s/step
on time step 26930 (time=1346.5), 0.0155725 s/step
on time step 27200 (time=1360), 0.0148214 s/step
on time step 27466 (time=1373.3), 0.0150752 s/step
on time step 27730 (time=1386.5), 0.0151797 s/step
on time step 27999 (time=1399.95), 0.0149195 s/step
on time step 28259 (time=1412.95), 0.0154313 s/step
on time step 28527 (time=1426.35), 0.0149532 s/step
on time step 28788 (time=1439.4), 0.0153296 s/step
on time step 29052 (time=1452.6), 0.0151964 s/step
on time step 29317 (time=1465.85), 0.0151049 s/step
on time step 29583 (time=1479.15), 0.0150553 s/step
field decay(t = 1485.25): 3.984819124812616e-09 / 3.984819124812616e-09 = 1.0
on time step 29840 (time=1492), 0.0156045 s/step
on time step 30105 (time=1505.25), 0.0151593 s/step
on time step 30367 (time=1518.35), 0.0152747 s/step
on time step 30634 (time=1531.7), 0.0150532 s/step
on time step 30893 (time=1544.65), 0.0154511 s/step
on time step 31166 (time=1558.3), 0.0147021 s/step
on time step 31433 (time=1571.65), 0.0150234 s/step
on time step 31697 (time=1584.85), 0.0151515 s/step
on time step 31966 (time=1598.3), 0.0149203 s/step
on time step 32225 (time=1611.25), 0.0154612 s/step
on time step 32491 (time=1624.55), 0.0150726 s/step
on time step 32754 (time=1637.7), 0.0152266 s/step
on time step 33016 (time=1650.8), 0.0152964 s/step
on time step 33281 (time=1664.05), 0.0151506 s/step
on time step 33545 (time=1677.25), 0.0151642 s/step
on time step 33811 (time=1690.55), 0.0150792 s/step
on time step 34076 (time=1703.8), 0.0151216 s/step
on time step 34339 (time=1716.95), 0.0152401 s/step
on time step 34604 (time=1730.2), 0.0151715 s/step
on time step 34863 (time=1743.15), 0.0154812 s/step
on time step 35134 (time=1756.7), 0.0147942 s/step
on time step 35399 (time=1769.95), 0.0150972 s/step
on time step 35663 (time=1783.15), 0.0151704 s/step
field decay(t = 1785.3000000000002): 1.5266604613058143e-13 / 3.984819124812616e-09 = 3.831191362738716e-05
run 1 finished at t = 1785.3000000000002 (35706 timesteps)
WD: data/2021-12-15/EllipseAndCladVisible/
AlreadyDir
-----------
Initializing structure...
Splitting into 24 chunks by voxels
time for choose_chunkdivision = 0.00458542 s
Working in 2D dimensions.
Computational cell is 820 x 120 x 0 with resolution 10
     block, center = (0,0,0)
          size (1e+20,1e+20,1e+20)
          axes (1,0,0), (0,1,0), (0,0,1)
          dielectric constant epsilon diagonal = (1,1,1)
     block, center = (0,-28.7,0)
          size (1e+20,67.6,1e+20)
          axes (1,0,0), (0,1,0), (0,0,1)
          dielectric constant epsilon diagonal = (2.0746,2.0746,2.0746)
     block, center = (0,0,0)
          size (1e+20,8.2,1e+20)
          axes (1,0,0), (0,1,0), (0,0,1)
          dielectric constant epsilon diagonal = (2.08903,2.08903,2.08903)
time for set_epsilon = 0.426382 s
-----------
MPB solved for frequency_1(0.4,0,0) = 0.278455 after 35 iters
MPB solved for frequency_1(0.932003,0,0) = 0.645693 after 53 iters
MPB solved for frequency_1(0.931234,0,0) = 0.645161 after 40 iters
MPB solved for frequency_1(0.931234,0,0) = 0.645161 after 20 iters
MPB solved for frequency_1(0.931234,0,0) = 0.645161 after 10 iters
MPB solved for frequency_1(0.931234,0,0) = 0.645161 after 5 iters
MPB solved for frequency_1(0.931234,0,0) = 0.645161 after 3 iters
Meep: using output directory 'data/2021-12-15/EllipseAndCladVisible/'


Normalisation Run


on time step 183 (time=9.15), 0.0218823 s/step
on time step 456 (time=22.8), 0.0146528 s/step
on time step 726 (time=36.3), 0.0148365 s/step
on time step 975 (time=48.75), 0.0160696 s/step
on time step 1248 (time=62.4), 0.0146886 s/step
on time step 1516 (time=75.8), 0.0149443 s/step
on time step 1782 (time=89.1), 0.0150668 s/step
Meep progress: 95.65/2370.3709698364382 = 4.0% done in 30.0s, 713.8s to go
on time step 2054 (time=102.7), 0.0147173 s/step
on time step 2327 (time=116.35), 0.0146719 s/step
on time step 2585 (time=129.25), 0.0155205 s/step
on time step 2857 (time=142.85), 0.0147395 s/step
on time step 3131 (time=156.55), 0.0146447 s/step
on time step 3397 (time=169.85), 0.01508 s/step
on time step 3662 (time=183.1), 0.0150996 s/step
Meep progress: 195.95000000000002/2370.3709698364382 = 8.3% done in 60.0s, 666.0s to go
on time step 3924 (time=196.2), 0.0153088 s/step
on time step 4187 (time=209.35), 0.0152354 s/step
on time step 4438 (time=221.9), 0.0159866 s/step
on time step 4696 (time=234.8), 0.015529 s/step
on time step 4960 (time=248), 0.0151647 s/step
on time step 5221 (time=261.05), 0.0153624 s/step
on time step 5470 (time=273.5), 0.0160779 s/step
on time step 5724 (time=286.2), 0.0158094 s/step
Meep progress: 292.0/2370.3709698364382 = 12.3% done in 90.0s, 640.8s to go
on time step 5972 (time=298.6), 0.0161681 s/step
on time step 6215 (time=310.75), 0.0165123 s/step
on time step 6444 (time=322.2), 0.0174947 s/step
on time step 6700 (time=335), 0.0156834 s/step
on time step 6945 (time=347.25), 0.0163402 s/step
on time step 7182 (time=359.1), 0.0168985 s/step
on time step 7418 (time=370.9), 0.0170167 s/step
Meep progress: 382.45000000000005/2370.3709698364382 = 16.1% done in 120.0s, 623.9s to go
on time step 7661 (time=383.05), 0.016493 s/step
on time step 7908 (time=395.4), 0.0162001 s/step
on time step 8142 (time=407.1), 0.0171647 s/step
on time step 8371 (time=418.55), 0.017475 s/step
on time step 8616 (time=430.8), 0.0163487 s/step
on time step 8860 (time=443), 0.0163952 s/step
on time step 9100 (time=455), 0.0166741 s/step
on time step 9338 (time=466.9), 0.0168707 s/step
Meep progress: 472.5/2370.3709698364382 = 19.9% done in 150.0s, 602.6s to go
on time step 9595 (time=479.75), 0.0156086 s/step
on time step 9845 (time=492.25), 0.0160047 s/step
on time step 10081 (time=504.05), 0.0169788 s/step
on time step 10323 (time=516.15), 0.0165389 s/step
on time step 10577 (time=528.85), 0.015756 s/step
on time step 10827 (time=541.35), 0.0160543 s/step
on time step 11070 (time=553.5), 0.0164673 s/step
Meep progress: 564.25/2370.3709698364382 = 23.8% done in 180.0s, 576.3s to go
on time step 11302 (time=565.1), 0.0172652 s/step
on time step 11556 (time=577.8), 0.0157927 s/step
on time step 11801 (time=590.05), 0.0165578 s/step
on time step 12043 (time=602.15), 0.0165317 s/step
on time step 12281 (time=614.05), 0.0168626 s/step
on time step 12530 (time=626.5), 0.0161134 s/step
on time step 12771 (time=638.55), 0.0166249 s/step
on time step 13003 (time=650.15), 0.017313 s/step
Meep progress: 654.7/2370.3709698364382 = 27.6% done in 210.1s, 550.5s to go
on time step 13228 (time=661.4), 0.0178178 s/step
on time step 13446 (time=672.3), 0.0183987 s/step
on time step 13652 (time=682.6), 0.0195008 s/step
on time step 13844 (time=692.2), 0.0208757 s/step
on time step 13960 (time=698), 0.0346556 s/step
on time step 14069 (time=703.45), 0.0369077 s/step
on time step 14204 (time=710.2), 0.0298273 s/step
Meep progress: 718.35/2370.3709698364382 = 30.3% done in 240.1s, 552.1s to go
on time step 14392 (time=719.6), 0.0213236 s/step
on time step 14607 (time=730.35), 0.0186468 s/step
on time step 14819 (time=740.95), 0.0188694 s/step
on time step 15016 (time=750.8), 0.0203772 s/step
on time step 15232 (time=761.6), 0.0185897 s/step
on time step 15513 (time=775.65), 0.0142565 s/step
on time step 15793 (time=789.65), 0.0143091 s/step
on time step 16071 (time=803.55), 0.0144198 s/step
Meep progress: 808.6/2370.3709698364382 = 34.1% done in 270.1s, 521.6s to go
on time step 16353 (time=817.65), 0.0142134 s/step
on time step 16629 (time=831.45), 0.0145419 s/step
on time step 16903 (time=845.15), 0.0146318 s/step
on time step 17184 (time=859.2), 0.0142663 s/step
on time step 17469 (time=873.45), 0.0140609 s/step
on time step 17746 (time=887.3), 0.0144405 s/step
on time step 18027 (time=901.35), 0.0142792 s/step
Meep progress: 912.9000000000001/2370.3709698364382 = 38.5% done in 300.1s, 479.1s to go
on time step 18299 (time=914.95), 0.0147181 s/step
on time step 18580 (time=929), 0.0142581 s/step
on time step 18850 (time=942.5), 0.0148422 s/step
on time step 19129 (time=956.45), 0.014341 s/step
on time step 19407 (time=970.35), 0.0143995 s/step
on time step 19688 (time=984.4), 0.0142797 s/step
on time step 19966 (time=998.3), 0.0144059 s/step
on time step 20242 (time=1012.1), 0.0145236 s/step
Meep progress: 1016.85/2370.3709698364382 = 42.9% done in 330.1s, 439.4s to go
on time step 20522 (time=1026.1), 0.0142872 s/step
on time step 20800 (time=1040), 0.0144659 s/step
on time step 21072 (time=1053.6), 0.0147524 s/step
on time step 21352 (time=1067.6), 0.014326 s/step
on time step 21636 (time=1081.8), 0.0141319 s/step
on time step 21915 (time=1095.75), 0.0143848 s/step
on time step 22197 (time=1109.85), 0.014242 s/step
Meep progress: 1121.0/2370.3709698364382 = 47.3% done in 360.1s, 401.3s to go
on time step 22470 (time=1123.5), 0.0146541 s/step
on time step 22752 (time=1137.6), 0.0142259 s/step
on time step 23019 (time=1150.95), 0.0149895 s/step
on time step 23302 (time=1165.1), 0.0141663 s/step
on time step 23580 (time=1179), 0.0144246 s/step
on time step 23860 (time=1193), 0.0143481 s/step
on time step 24140 (time=1207), 0.0142863 s/step
on time step 24415 (time=1220.75), 0.0145952 s/step
Meep progress: 1225.0/2370.3709698364382 = 51.7% done in 390.1s, 364.8s to go
on time step 24695 (time=1234.75), 0.0142923 s/step
on time step 24970 (time=1248.5), 0.0145678 s/step
on time step 25244 (time=1262.2), 0.0146364 s/step
on time step 25524 (time=1276.2), 0.0142928 s/step
on time step 25808 (time=1290.4), 0.0141106 s/step
on time step 26086 (time=1304.3), 0.0144012 s/step
on time step 26365 (time=1318.25), 0.0143778 s/step
Meep progress: 1329.1000000000001/2370.3709698364382 = 56.1% done in 420.1s, 329.1s to go
on time step 26639 (time=1331.95), 0.0146174 s/step
on time step 26920 (time=1346), 0.0142639 s/step
on time step 27186 (time=1359.3), 0.0150583 s/step
on time step 27469 (time=1373.45), 0.0141494 s/step
on time step 27746 (time=1387.3), 0.0144563 s/step
on time step 28023 (time=1401.15), 0.0144715 s/step
on time step 28304 (time=1415.2), 0.0143012 s/step
on time step 28579 (time=1428.95), 0.0145861 s/step
Meep progress: 1432.9/2370.3709698364382 = 60.5% done in 450.1s, 294.5s to go
on time step 28861 (time=1443.05), 0.0141961 s/step
on time step 29136 (time=1456.8), 0.0145875 s/step
on time step 29409 (time=1470.45), 0.0146582 s/step
on time step 29688 (time=1484.4), 0.0143535 s/step
on time step 29972 (time=1498.6), 0.0141168 s/step
on time step 30253 (time=1512.65), 0.0142481 s/step
on time step 30538 (time=1526.9), 0.0140554 s/step
Meep progress: 1537.5/2370.3709698364382 = 64.9% done in 480.1s, 260.1s to go
on time step 30815 (time=1540.75), 0.0144597 s/step
on time step 31099 (time=1554.95), 0.0140894 s/step
on time step 31370 (time=1568.5), 0.0147918 s/step
on time step 31658 (time=1582.9), 0.0139315 s/step
on time step 31941 (time=1597.05), 0.0141405 s/step
on time step 32220 (time=1611), 0.0143619 s/step
on time step 32503 (time=1625.15), 0.0141727 s/step
on time step 32782 (time=1639.1), 0.0143537 s/step
Meep progress: 1642.8000000000002/2370.3709698364382 = 69.3% done in 510.1s, 225.9s to go
on time step 33069 (time=1653.45), 0.0139827 s/step
on time step 33349 (time=1667.45), 0.0143303 s/step
on time step 33627 (time=1681.35), 0.0144021 s/step
on time step 33912 (time=1695.6), 0.014059 s/step
on time step 34199 (time=1709.95), 0.0139721 s/step
on time step 34482 (time=1724.1), 0.0141381 s/step
on time step 34768 (time=1738.4), 0.0140222 s/step
Meep progress: 1748.65/2370.3709698364382 = 73.8% done in 540.2s, 192.0s to go
on time step 35046 (time=1752.3), 0.0144174 s/step
on time step 35333 (time=1766.65), 0.0139802 s/step
on time step 35603 (time=1780.15), 0.0148581 s/step
on time step 35891 (time=1794.55), 0.0139014 s/step
on time step 36176 (time=1808.8), 0.0140728 s/step
on time step 36458 (time=1822.9), 0.0142168 s/step
on time step 36743 (time=1837.15), 0.0140504 s/step
on time step 37024 (time=1851.2), 0.0142923 s/step
Meep progress: 1854.45/2370.3709698364382 = 78.2% done in 570.2s, 158.6s to go
on time step 37310 (time=1865.5), 0.0140336 s/step
on time step 37591 (time=1879.55), 0.0142663 s/step
on time step 37870 (time=1893.5), 0.0143668 s/step
on time step 38154 (time=1907.7), 0.0141192 s/step
on time step 38444 (time=1922.2), 0.013835 s/step
on time step 38726 (time=1936.3), 0.0141974 s/step
on time step 39013 (time=1950.65), 0.0139524 s/step
Meep progress: 1960.5/2370.3709698364382 = 82.7% done in 600.2s, 125.5s to go
on time step 39291 (time=1964.55), 0.0143931 s/step
on time step 39577 (time=1978.85), 0.0140046 s/step
on time step 39849 (time=1992.45), 0.014733 s/step
on time step 40137 (time=2006.85), 0.0139049 s/step
on time step 40424 (time=2021.2), 0.0139499 s/step
on time step 40706 (time=2035.3), 0.0141882 s/step
on time step 40993 (time=2049.65), 0.0139679 s/step
on time step 41274 (time=2063.7), 0.0142711 s/step
Meep progress: 2066.6/2370.3709698364382 = 87.2% done in 630.2s, 92.6s to go
on time step 41561 (time=2078.05), 0.0139706 s/step
on time step 41841 (time=2092.05), 0.0142928 s/step
on time step 42122 (time=2106.1), 0.0142567 s/step
on time step 42407 (time=2120.35), 0.0140563 s/step
on time step 42697 (time=2134.85), 0.0138454 s/step
on time step 42979 (time=2148.95), 0.0142207 s/step
on time step 43266 (time=2163.3), 0.0139374 s/step
Meep progress: 2172.9/2370.3709698364382 = 91.7% done in 660.2s, 60.0s to go
on time step 43546 (time=2177.3), 0.0143132 s/step
on time step 43832 (time=2191.6), 0.0140125 s/step
on time step 44106 (time=2205.3), 0.0146242 s/step
on time step 44395 (time=2219.75), 0.0138815 s/step
on time step 44679 (time=2233.95), 0.0140912 s/step
on time step 44961 (time=2248.05), 0.0142397 s/step
on time step 45250 (time=2262.5), 0.0138596 s/step
on time step 45531 (time=2276.55), 0.0142356 s/step
Meep progress: 2279.15/2370.3709698364382 = 96.2% done in 690.2s, 27.6s to go
on time step 45818 (time=2290.9), 0.0139599 s/step
on time step 46099 (time=2304.95), 0.0142683 s/step
on time step 46381 (time=2319.05), 0.0142321 s/step
on time step 46667 (time=2333.35), 0.0140351 s/step
on time step 46957 (time=2347.85), 0.0138312 s/step
on time step 47243 (time=2362.15), 0.0139945 s/step
run 0 finished at t = 2370.4 (47408 timesteps)
field decay(t = 2370.4): 3.2575460271497394e-18 / 3.2575460271497394e-18 = 1.0
on time step 47528 (time=2376.4), 0.0140493 s/step
on time step 47797 (time=2389.85), 0.0148761 s/step
on time step 48074 (time=2403.7), 0.0144689 s/step
on time step 48337 (time=2416.85), 0.0152296 s/step
on time step 48616 (time=2430.8), 0.014379 s/step
on time step 48893 (time=2444.65), 0.0144568 s/step
on time step 49167 (time=2458.35), 0.0146458 s/step
on time step 49445 (time=2472.25), 0.0144093 s/step
on time step 49716 (time=2485.8), 0.0147934 s/step
on time step 49994 (time=2499.7), 0.0143992 s/step
on time step 50263 (time=2513.15), 0.0149011 s/step
on time step 50532 (time=2526.6), 0.014873 s/step
on time step 50806 (time=2540.3), 0.0146291 s/step
on time step 51084 (time=2554.2), 0.0143974 s/step
on time step 51357 (time=2567.85), 0.0146551 s/step
on time step 51636 (time=2581.8), 0.0143834 s/step
on time step 51905 (time=2595.25), 0.0149214 s/step
on time step 52181 (time=2609.05), 0.0144977 s/step
on time step 52443 (time=2622.15), 0.0153128 s/step
on time step 52722 (time=2636.1), 0.0144163 s/step
on time step 52997 (time=2649.85), 0.0145693 s/step
on time step 53269 (time=2663.45), 0.0147497 s/step
on time step 53548 (time=2677.4), 0.014381 s/step
on time step 53817 (time=2690.85), 0.0148869 s/step
on time step 54092 (time=2704.6), 0.0145703 s/step
on time step 54362 (time=2718.1), 0.0148227 s/step
on time step 54631 (time=2731.55), 0.0148887 s/step
on time step 54907 (time=2745.35), 0.0145033 s/step
on time step 55182 (time=2759.1), 0.0145754 s/step
on time step 55457 (time=2772.85), 0.0145867 s/step
on time step 55734 (time=2786.7), 0.0145213 s/step
on time step 56006 (time=2800.3), 0.0147522 s/step
on time step 56280 (time=2814), 0.0146239 s/step
on time step 56540 (time=2827), 0.015413 s/step
on time step 56819 (time=2840.95), 0.0143652 s/step
on time step 57095 (time=2854.75), 0.0145023 s/step
on time step 57365 (time=2868.25), 0.0148492 s/step
field decay(t = 2870.4500000000003): 6.4960561480051366e-18 / 6.4960561480051366e-18 = 1.0
on time step 57644 (time=2882.2), 0.014375 s/step
on time step 57914 (time=2895.7), 0.0148565 s/step
on time step 58190 (time=2909.5), 0.0145374 s/step
on time step 58460 (time=2923), 0.0148617 s/step
on time step 58731 (time=2936.55), 0.0147898 s/step
on time step 59004 (time=2950.2), 0.0147016 s/step
on time step 59282 (time=2964.1), 0.0144229 s/step
on time step 59554 (time=2977.7), 0.0147405 s/step
on time step 59828 (time=2991.4), 0.0146117 s/step
on time step 60100 (time=3005), 0.0147084 s/step
on time step 60377 (time=3018.85), 0.0144844 s/step
on time step 60637 (time=3031.85), 0.015411 s/step
on time step 60914 (time=3045.7), 0.0144558 s/step
on time step 61190 (time=3059.5), 0.0145 s/step
on time step 61460 (time=3073), 0.0148461 s/step
on time step 61737 (time=3086.85), 0.0144544 s/step
on time step 62004 (time=3100.2), 0.0150032 s/step
on time step 62280 (time=3114), 0.0145318 s/step
on time step 62547 (time=3127.35), 0.0150125 s/step
on time step 62817 (time=3140.85), 0.0148521 s/step
on time step 63090 (time=3154.5), 0.0146535 s/step
on time step 63365 (time=3168.25), 0.0145632 s/step
on time step 63638 (time=3181.9), 0.014656 s/step
on time step 63912 (time=3195.6), 0.0146008 s/step
on time step 64184 (time=3209.2), 0.0147313 s/step
on time step 64459 (time=3222.95), 0.0145635 s/step
on time step 64720 (time=3236), 0.0153642 s/step
on time step 64998 (time=3249.9), 0.0144277 s/step
on time step 65274 (time=3263.7), 0.0145196 s/step
on time step 65544 (time=3277.2), 0.0148165 s/step
on time step 65821 (time=3291.05), 0.0144636 s/step
on time step 66088 (time=3304.4), 0.0150309 s/step
on time step 66363 (time=3318.15), 0.0145633 s/step
on time step 66629 (time=3331.45), 0.0150675 s/step
on time step 66898 (time=3344.9), 0.0148944 s/step
on time step 67174 (time=3358.7), 0.0145405 s/step
field decay(t = 3370.5): 1.250843942073088e-18 / 6.4960561480051366e-18 = 0.1925543612268819
on time step 67449 (time=3372.45), 0.0145719 s/step
on time step 67725 (time=3386.25), 0.0145104 s/step
on time step 67998 (time=3399.9), 0.0146563 s/step
on time step 68272 (time=3413.6), 0.0146274 s/step
on time step 68547 (time=3427.35), 0.014582 s/step
on time step 68808 (time=3440.4), 0.0153723 s/step
on time step 69086 (time=3454.3), 0.0144362 s/step
on time step 69362 (time=3468.1), 0.0145062 s/step
on time step 69634 (time=3481.7), 0.0147533 s/step
on time step 69910 (time=3495.5), 0.0145041 s/step
on time step 70179 (time=3508.95), 0.0148729 s/step
on time step 70452 (time=3522.6), 0.0146846 s/step
on time step 70719 (time=3535.95), 0.0150208 s/step
on time step 70987 (time=3549.35), 0.015 s/step
on time step 71259 (time=3562.95), 0.0147065 s/step
on time step 71532 (time=3576.6), 0.014669 s/step
on time step 71807 (time=3590.35), 0.014565 s/step
on time step 72080 (time=3604), 0.0146755 s/step
on time step 72354 (time=3617.7), 0.0146395 s/step
on time step 72630 (time=3631.5), 0.0145008 s/step
on time step 72889 (time=3644.45), 0.015457 s/step
on time step 73168 (time=3658.4), 0.0143441 s/step
on time step 73443 (time=3672.15), 0.0145945 s/step
on time step 73710 (time=3685.5), 0.0149967 s/step
on time step 73986 (time=3699.3), 0.0144975 s/step
on time step 74254 (time=3712.7), 0.0149452 s/step
on time step 74531 (time=3726.55), 0.0144855 s/step
on time step 74798 (time=3739.9), 0.0149923 s/step
on time step 75070 (time=3753.5), 0.0147551 s/step
on time step 75347 (time=3767.35), 0.014483 s/step
on time step 75624 (time=3781.2), 0.0144493 s/step
on time step 75901 (time=3795.05), 0.0144707 s/step
on time step 76174 (time=3808.7), 0.0146818 s/step
on time step 76450 (time=3822.5), 0.0145314 s/step
on time step 76725 (time=3836.25), 0.0145466 s/step
on time step 76991 (time=3849.55), 0.0150717 s/step
on time step 77270 (time=3863.5), 0.0143878 s/step
field decay(t = 3870.55): 2.2831272597144576e-19 / 6.4960561480051366e-18 = 0.03514635969419044
on time step 77545 (time=3877.25), 0.0145893 s/step
on time step 77821 (time=3891.05), 0.0145349 s/step
on time step 78100 (time=3905), 0.0143513 s/step
on time step 78370 (time=3918.5), 0.0148296 s/step
on time step 78646 (time=3932.3), 0.0145183 s/step
on time step 78915 (time=3945.75), 0.0149344 s/step
on time step 79189 (time=3959.45), 0.0146393 s/step
on time step 79465 (time=3973.25), 0.0144956 s/step
on time step 79746 (time=3987.3), 0.0142538 s/step
on time step 80021 (time=4001.05), 0.0145951 s/step
on time step 80295 (time=4014.75), 0.0146171 s/step
on time step 80572 (time=4028.6), 0.0144874 s/step
on time step 80845 (time=4042.25), 0.0147039 s/step
on time step 81110 (time=4055.5), 0.0151168 s/step
on time step 81391 (time=4069.55), 0.0143436 s/step
on time step 81671 (time=4083.55), 0.0143062 s/step
on time step 81944 (time=4097.2), 0.014661 s/step
on time step 82222 (time=4111.1), 0.0144389 s/step
on time step 82497 (time=4124.85), 0.0145921 s/step
on time step 82775 (time=4138.75), 0.0143925 s/step
on time step 83045 (time=4152.25), 0.014823 s/step
on time step 83320 (time=4166), 0.0145546 s/step
on time step 83598 (time=4179.9), 0.0144026 s/step
on time step 83879 (time=4193.95), 0.0142936 s/step
on time step 84154 (time=4207.7), 0.0145771 s/step
on time step 84427 (time=4221.35), 0.0146534 s/step
on time step 84703 (time=4235.15), 0.0145009 s/step
on time step 84978 (time=4248.9), 0.0145737 s/step
on time step 85244 (time=4262.2), 0.0150723 s/step
on time step 85522 (time=4276.1), 0.0144374 s/step
on time step 85803 (time=4290.15), 0.0142668 s/step
on time step 86078 (time=4303.9), 0.0145459 s/step
on time step 86357 (time=4317.85), 0.0143621 s/step
on time step 86630 (time=4331.5), 0.0146558 s/step
on time step 86909 (time=4345.45), 0.0143764 s/step
on time step 87180 (time=4359), 0.0148028 s/step
field decay(t = 4370.6): 4.6228671461081936e-20 / 6.4960561480051366e-18 = 0.007116421165060007
run 1 finished at t = 4370.6 (87412 timesteps)
WD: data/2021-12-15/EllipseAndCladVisible/
AlreadyDir
-----------
Initializing structure...
Splitting into 24 chunks by voxels
time for choose_chunkdivision = 0.00493266 s
Working in 2D dimensions.
Computational cell is 820 x 120 x 0 with resolution 10
     block, center = (0,0,0)
          size (1e+20,1e+20,1e+20)
          axes (1,0,0), (0,1,0), (0,0,1)
          dielectric constant epsilon diagonal = (1,1,1)
     block, center = (0,-28.7,0)
          size (1e+20,67.6,1e+20)
          axes (1,0,0), (0,1,0), (0,0,1)
          dielectric constant epsilon diagonal = (2.0746,2.0746,2.0746)
     block, center = (0,0,0)
          size (1e+20,8.2,1e+20)
          axes (1,0,0), (0,1,0), (0,0,1)
          dielectric constant epsilon diagonal = (2.08903,2.08903,2.08903)
     ellipsoid, center = (0,5.1,0)
          size (300,100,1e+20)
          axes (1,0,0), (0,1,0), (0,0,1)
          dielectric constant epsilon diagonal = (1,1,1)
time for set_epsilon = 0.461952 s
-----------
MPB solved for frequency_1(0.4,0,0) = 0.278455 after 35 iters
MPB solved for frequency_1(0.932003,0,0) = 0.645693 after 53 iters
MPB solved for frequency_1(0.931234,0,0) = 0.645161 after 40 iters
MPB solved for frequency_1(0.931234,0,0) = 0.645161 after 20 iters
MPB solved for frequency_1(0.931234,0,0) = 0.645161 after 10 iters
MPB solved for frequency_1(0.931234,0,0) = 0.645161 after 5 iters
MPB solved for frequency_1(0.931234,0,0) = 0.645161 after 3 iters
Meep: using output directory 'data/2021-12-15/EllipseAndCladVisible/'


Actual Run


on time step 191 (time=9.55), 0.0209449 s/step
on time step 477 (time=23.85), 0.0139868 s/step
on time step 756 (time=37.8), 0.0143634 s/step
on time step 1008 (time=50.4), 0.01588 s/step
on time step 1285 (time=64.25), 0.014445 s/step
on time step 1548 (time=77.4), 0.015255 s/step
on time step 1820 (time=91), 0.014739 s/step
Meep progress: 97.95/1185.1854849182191 = 8.3% done in 30.0s, 333.1s to go
on time step 2105 (time=105.25), 0.0140647 s/step
on time step 2382 (time=119.1), 0.0144609 s/step
on time step 2654 (time=132.7), 0.0147181 s/step
on time step 2928 (time=146.4), 0.0146413 s/step
on time step 3204 (time=160.2), 0.0144928 s/step
on time step 3468 (time=173.4), 0.0152063 s/step
on time step 3731 (time=186.55), 0.0152527 s/step
Meep progress: 199.70000000000002/1185.1854849182191 = 16.8% done in 60.0s, 296.2s to go
on time step 3999 (time=199.95), 0.0149681 s/step
on time step 4262 (time=213.1), 0.0152235 s/step
on time step 4509 (time=225.45), 0.0162016 s/step
on time step 4776 (time=238.8), 0.0150144 s/step
on time step 5025 (time=251.25), 0.0161194 s/step
on time step 5273 (time=263.65), 0.0162181 s/step
on time step 5510 (time=275.5), 0.0168905 s/step
on time step 5757 (time=287.85), 0.016207 s/step
Meep progress: 293.3/1185.1854849182191 = 24.7% done in 90.0s, 273.8s to go
on time step 5993 (time=299.65), 0.0169585 s/step
on time step 6227 (time=311.35), 0.0171315 s/step
on time step 6464 (time=323.2), 0.0169256 s/step
on time step 6698 (time=334.9), 0.0171264 s/step
on time step 6931 (time=346.55), 0.0172002 s/step
on time step 7158 (time=357.9), 0.0176867 s/step
on time step 7382 (time=369.1), 0.0178765 s/step
Meep progress: 380.35/1185.1854849182191 = 32.1% done in 120.0s, 254.0s to go
on time step 7618 (time=380.9), 0.0169982 s/step
on time step 7852 (time=392.6), 0.0171583 s/step
on time step 8079 (time=403.95), 0.0176688 s/step
on time step 8311 (time=415.55), 0.0172451 s/step
on time step 8547 (time=427.35), 0.0169759 s/step
on time step 8786 (time=439.3), 0.0168144 s/step
on time step 9016 (time=450.8), 0.017449 s/step
on time step 9257 (time=462.85), 0.0166293 s/step
Meep progress: 468.20000000000005/1185.1854849182191 = 39.5% done in 150.0s, 229.8s to go
on time step 9512 (time=475.6), 0.0157323 s/step
on time step 9758 (time=487.9), 0.0162743 s/step
on time step 10000 (time=500), 0.0165455 s/step
on time step 10235 (time=511.75), 0.0170844 s/step
on time step 10489 (time=524.45), 0.0157493 s/step
on time step 10740 (time=537), 0.0159572 s/step
on time step 10978 (time=548.9), 0.0168431 s/step
Meep progress: 559.75/1185.1854849182191 = 47.2% done in 180.0s, 201.2s to go
on time step 11213 (time=560.65), 0.017088 s/step
on time step 11468 (time=573.4), 0.0157234 s/step
on time step 11721 (time=586.05), 0.0158554 s/step
on time step 11973 (time=598.65), 0.0159077 s/step
on time step 12208 (time=610.4), 0.0170309 s/step
on time step 12455 (time=622.75), 0.0161954 s/step
on time step 12691 (time=634.55), 0.0170125 s/step
on time step 12930 (time=646.5), 0.0167862 s/step
Meep progress: 651.2/1185.1854849182191 = 54.9% done in 210.1s, 172.3s to go
on time step 13160 (time=658), 0.0174154 s/step
on time step 13381 (time=669.05), 0.0181084 s/step
on time step 13598 (time=679.9), 0.0184567 s/step
on time step 13800 (time=690), 0.0198942 s/step
on time step 13928 (time=696.4), 0.0313967 s/step
on time step 14039 (time=701.95), 0.036254 s/step
on time step 14163 (time=708.15), 0.0324517 s/step
Meep progress: 715.4000000000001/1185.1854849182191 = 60.4% done in 240.1s, 157.7s to go
on time step 14332 (time=716.6), 0.0237464 s/step
on time step 14548 (time=727.4), 0.0185215 s/step
on time step 14734 (time=736.7), 0.0215812 s/step
on time step 14959 (time=747.95), 0.0178171 s/step
on time step 15213 (time=760.65), 0.0157887 s/step
on time step 15499 (time=774.95), 0.0139924 s/step
on time step 15772 (time=788.6), 0.0146612 s/step
on time step 16059 (time=802.95), 0.013969 s/step
Meep progress: 808.3000000000001/1185.1854849182191 = 68.2% done in 270.1s, 125.9s to go
on time step 16349 (time=817.45), 0.0138204 s/step
on time step 16633 (time=831.65), 0.0140895 s/step
on time step 16922 (time=846.1), 0.013847 s/step
on time step 17203 (time=860.15), 0.0142581 s/step
on time step 17492 (time=874.6), 0.013884 s/step
on time step 17773 (time=888.65), 0.0142829 s/step
on time step 18055 (time=902.75), 0.0142186 s/step
Meep progress: 915.0500000000001/1185.1854849182191 = 77.2% done in 300.1s, 88.6s to go
on time step 18342 (time=917.1), 0.0139753 s/step
on time step 18636 (time=931.8), 0.013607 s/step
on time step 18922 (time=946.1), 0.0140241 s/step
on time step 19212 (time=960.6), 0.0138016 s/step
on time step 19494 (time=974.7), 0.0142025 s/step
on time step 19781 (time=989.05), 0.0139394 s/step
on time step 20056 (time=1002.8), 0.0145794 s/step
on time step 20345 (time=1017.25), 0.0138888 s/step
Meep progress: 1022.25/1185.1854849182191 = 86.3% done in 330.1s, 52.6s to go
on time step 20635 (time=1031.75), 0.0138196 s/step
on time step 20922 (time=1046.1), 0.013953 s/step
on time step 21212 (time=1060.6), 0.0138266 s/step
on time step 21495 (time=1074.75), 0.0141781 s/step
on time step 21784 (time=1089.2), 0.013869 s/step
on time step 22066 (time=1103.3), 0.0142657 s/step
on time step 22348 (time=1117.4), 0.014231 s/step
Meep progress: 1129.25/1185.1854849182191 = 95.3% done in 360.1s, 17.8s to go
on time step 22634 (time=1131.7), 0.014002 s/step
on time step 22926 (time=1146.3), 0.0137015 s/step
on time step 23212 (time=1160.6), 0.0140198 s/step
on time step 23500 (time=1175), 0.0139047 s/step
run 0 finished at t = 1185.2 (23704 timesteps)
field decay(t = 1185.2): 5.744382536016244e-10 / 5.744382536016244e-10 = 1.0
on time step 23780 (time=1189), 0.0143161 s/step
on time step 24056 (time=1202.8), 0.0145388 s/step
on time step 24322 (time=1216.1), 0.0150898 s/step
on time step 24598 (time=1229.9), 0.0145058 s/step
on time step 24880 (time=1244), 0.0142074 s/step
on time step 25152 (time=1257.6), 0.0147195 s/step
on time step 25432 (time=1271.6), 0.0142995 s/step
on time step 25704 (time=1285.2), 0.0147111 s/step
on time step 25982 (time=1299.1), 0.0144088 s/step
on time step 26253 (time=1312.65), 0.0147777 s/step
on time step 26524 (time=1326.2), 0.0147605 s/step
on time step 26800 (time=1340), 0.0145128 s/step
on time step 27082 (time=1354.1), 0.0142053 s/step
on time step 27357 (time=1367.85), 0.014559 s/step
on time step 27634 (time=1381.7), 0.0144637 s/step
on time step 27909 (time=1395.45), 0.0145988 s/step
on time step 28185 (time=1409.25), 0.0144989 s/step
on time step 28450 (time=1422.5), 0.0151202 s/step
on time step 28727 (time=1436.35), 0.0144871 s/step
on time step 29008 (time=1450.4), 0.0142466 s/step
on time step 29285 (time=1464.25), 0.014488 s/step
on time step 29564 (time=1478.2), 0.0143733 s/step
field decay(t = 1485.25): 6.130940784670002e-10 / 6.130940784670002e-10 = 1.0
on time step 29839 (time=1491.95), 0.0145748 s/step
on time step 30118 (time=1505.9), 0.014389 s/step
on time step 30388 (time=1519.4), 0.0148202 s/step
on time step 30659 (time=1532.95), 0.0148091 s/step
on time step 30937 (time=1546.85), 0.0144263 s/step
on time step 31218 (time=1560.9), 0.0142422 s/step
on time step 31495 (time=1574.75), 0.0144424 s/step
on time step 31774 (time=1588.7), 0.0143788 s/step
on time step 32050 (time=1602.5), 0.0145293 s/step
on time step 32327 (time=1616.35), 0.0144482 s/step
on time step 32595 (time=1629.75), 0.0149267 s/step
on time step 32872 (time=1643.6), 0.014445 s/step
on time step 33152 (time=1657.6), 0.0143125 s/step
on time step 33431 (time=1671.55), 0.0143645 s/step
on time step 33710 (time=1685.5), 0.0143594 s/step
on time step 33983 (time=1699.15), 0.0146863 s/step
on time step 34264 (time=1713.2), 0.0142518 s/step
on time step 34538 (time=1726.9), 0.0146646 s/step
on time step 34809 (time=1740.45), 0.014811 s/step
on time step 35087 (time=1754.35), 0.0144083 s/step
on time step 35369 (time=1768.45), 0.0142141 s/step
on time step 35648 (time=1782.4), 0.014349 s/step
field decay(t = 1785.3000000000002): 5.942734822024303e-14 / 6.130940784670002e-10 = 9.693022703601548e-05
run 1 finished at t = 1785.3000000000002 (35706 timesteps)

Elapsed run time = 3846.4605 s
