Using MPI version 3.1, 16 processes
WD: data/2021-11-03/CPUScalling/
AlreadyDir
Actual Simtime: 3.3333333333333335e-11
-----------
Initializing structure...
Splitting into 16 chunks by voxels
time for choose_chunkdivision = 0.00269088 s
Working in 2D dimensions.
Computational cell is 400 x 50 x 0 with resolution 5
     block, center = (0,0,0)
          size (1e+20,1e+20,1e+20)
          axes (1,0,0), (0,1,0), (0,0,1)
          dielectric constant epsilon diagonal = (1.9881,1.9881,1.9881)
     block, center = (0,-30.25,0)
          size (1e+20,62.5,1e+20)
          axes (1,0,0), (0,1,0), (0,0,1)
          dielectric constant epsilon diagonal = (2.0736,2.0736,2.0736)
     block, center = (0,0,0)
          size (1e+20,8.2,1e+20)
          axes (1,0,0), (0,1,0), (0,0,1)
          dielectric constant epsilon diagonal = (2.08803,2.08803,2.08803)
     prism, center = (-50,0,0)
          height 1, axis (0,0,1), sidewall angle: 0 radians, 4 vertices:
          (-81.75,20,-0.5)
          (-18.25,20,-0.5)
          (-49.5,-20,-0.5)
          (-50.5,-20,-0.5)
          dielectric constant epsilon diagonal = (1.9881,1.9881,1.9881)
     prism, center = (50,0,0)
          height 1, axis (0,0,1), sidewall angle: 0 radians, 4 vertices:
          (18.25,20,-0.5)
          (81.75,20,-0.5)
          (50.5,-20,-0.5)
          (49.5,-20,-0.5)
          dielectric constant epsilon diagonal = (1.9881,1.9881,1.9881)
time for set_epsilon = 0.909679 s
-----------
MPB solved for frequency_1(0.4,0,0) = 0.277758 after 101 iters
MPB solved for frequency_1(0.931075,0,0) = 0.645088 after 44 iters
MPB solved for frequency_1(0.93118,0,0) = 0.645161 after 9 iters
Meep: using output directory 'data/2021-11-03/CPUScalling/'
creating output file "data/2021-11-03/CPUScalling//RunModel-eps-000000.00.h5"...
Meep progress: 111.5/3000.0000000000005 = 3.7% done in 4.0s, 103.6s to go
on time step 1515 (time=151.5), 0.00264127 s/step
Meep progress: 269.1/3000.0000000000005 = 9.0% done in 8.0s, 81.2s to go
on time step 3101 (time=310.1), 0.00252364 s/step
Meep progress: 417.5/3000.0000000000005 = 13.9% done in 12.0s, 74.2s to go
on time step 4635 (time=463.5), 0.00260837 s/step
Meep progress: 593.5/3000.0000000000005 = 19.8% done in 16.0s, 64.9s to go
on time step 6393 (time=639.3), 0.00227549 s/step
Meep progress: 768.4000000000001/3000.0000000000005 = 25.6% done in 20.0s, 58.1s to go
on time step 8145 (time=814.5), 0.00228347 s/step
Meep progress: 945.0/3000.0000000000005 = 31.5% done in 24.0s, 52.2s to go
on time step 9912 (time=991.2), 0.00226443 s/step
Meep progress: 1120.4/3000.0000000000005 = 37.3% done in 28.0s, 47.0s to go
on time step 11666 (time=1166.6), 0.00228077 s/step
Meep progress: 1295.9/3000.0000000000005 = 43.2% done in 32.0s, 42.1s to go
on time step 13412 (time=1341.2), 0.00229118 s/step
Meep progress: 1470.7/3000.0000000000005 = 49.0% done in 36.0s, 37.4s to go
on time step 15165 (time=1516.5), 0.00228254 s/step
Meep progress: 1645.2/3000.0000000000005 = 54.8% done in 40.0s, 32.9s to go
on time step 16912 (time=1691.2), 0.00229076 s/step
Meep progress: 1819.8000000000002/3000.0000000000005 = 60.7% done in 44.0s, 28.5s to go
on time step 18658 (time=1865.8), 0.00229116 s/step
Meep progress: 1994.6000000000001/3000.0000000000005 = 66.5% done in 48.0s, 24.2s to go
on time step 20405 (time=2040.5), 0.00229096 s/step
Meep progress: 2169.2000000000003/3000.0000000000005 = 72.3% done in 52.0s, 19.9s to go
on time step 22158 (time=2215.8), 0.00228286 s/step
Meep progress: 2344.2000000000003/3000.0000000000005 = 78.1% done in 56.0s, 15.7s to go
on time step 23905 (time=2390.5), 0.00229069 s/step
Meep progress: 2518.6000000000004/3000.0000000000005 = 84.0% done in 60.0s, 11.5s to go
on time step 25649 (time=2564.9), 0.00229463 s/step
Meep progress: 2694.0/3000.0000000000005 = 89.8% done in 64.0s, 7.3s to go
on time step 27407 (time=2740.7), 0.00227545 s/step
Meep progress: 2869.1000000000004/3000.0000000000005 = 95.6% done in 68.0s, 3.1s to go
on time step 29189 (time=2918.9), 0.00224475 s/step
run 0 finished at t = 3000.1000000000004 (30001 timesteps)

Elapsed run time = 73.4247 s
