Warning: grid volume is not an integer number of pixels; cell size will be rounded to nearest pixel.
Using MPI version 3.1, 16 processes
WD: data/2022-01-27/SingleDip_PDMS/
AlreadyDir
-----------
Initializing structure...
Splitting into 16 chunks by voxels
time for choose_chunkdivision = 0.00201907 s
Working in 2D dimensions.
Computational cell is 542.345 x 170.035 x 0 with resolution 6.45161
     block, center = (0,0,0)
          size (1e+20,1e+20,1e+20)
          axes (1,0,0), (0,1,0), (0,0,1)
          dielectric constant epsilon diagonal = (1.9881,1.9881,1.9881)
     block, center = (0,-29.2,0)
          size (1e+20,66.6,1e+20)
          axes (1,0,0), (0,1,0), (0,0,1)
          dielectric constant epsilon diagonal = (2.0736,2.0736,2.0736)
     block, center = (0,0,0)
          size (1e+20,8.2,1e+20)
          axes (1,0,0), (0,1,0), (0,0,1)
          dielectric constant epsilon diagonal = (2.08803,2.08803,2.08803)
time for set_epsilon = 0.412875 s
-----------
MPB solved for frequency_1(0.4,0,0) = 0.278044 after 38 iters
MPB solved for frequency_1(0.901718,0,0) = 0.624919 after 28 iters
MPB solved for frequency_1(0.901835,0,0) = 0.625 after 6 iters
MPB solved for frequency_1(0.901835,0,0) = 0.625 after 1 iters
Meep: using output directory 'data/2022-01-27/SingleDip_PDMS/'


Normalisation Run


on time step 22 (time=2.41123), 0.187434 s/step
on time step 60 (time=6.57609), 0.106499 s/step
on time step 86 (time=9.42573), 0.154766 s/step
on time step 112 (time=12.2754), 0.156793 s/step
on time step 150 (time=16.4402), 0.105676 s/step
on time step 181 (time=19.8379), 0.130583 s/step
on time step 224 (time=24.5507), 0.0942215 s/step
Meep progress: 26.194770709055653/5918.84 = 0.4% done in 30.1s, 6764.6s to go
on time step 277 (time=30.3596), 0.0755663 s/step
on time step 324 (time=35.5109), 0.0858019 s/step
on time step 362 (time=39.6758), 0.107401 s/step
on time step 394 (time=43.183), 0.128097 s/step
on time step 421 (time=46.1423), 0.155836 s/step
on time step 472 (time=51.7319), 0.0787405 s/step
on time step 529 (time=57.9792), 0.0714998 s/step
Meep progress: 61.04806395374058/5918.84 = 1.0% done in 60.2s, 5773.4s to go
on time step 565 (time=61.9249), 0.1126 s/step
on time step 597 (time=65.4321), 0.126832 s/step
on time step 623 (time=68.2818), 0.161465 s/step
on time step 649 (time=71.1314), 0.155278 s/step
on time step 689 (time=75.5155), 0.100117 s/step
on time step 714 (time=78.2555), 0.161272 s/step
on time step 746 (time=81.7628), 0.128659 s/step
on time step 772 (time=84.6124), 0.156316 s/step
Meep progress: 85.16040519220185/5918.84 = 1.4% done in 90.3s, 6183.4s to go
on time step 809 (time=88.6677), 0.108451 s/step
on time step 846 (time=92.7229), 0.108867 s/step
on time step 895 (time=98.0934), 0.082984 s/step
on time step 921 (time=100.943), 0.158773 s/step
on time step 957 (time=104.889), 0.112866 s/step
on time step 990 (time=108.506), 0.124009 s/step
on time step 1024 (time=112.232), 0.117987 s/step
Meep progress: 113.65680847401971/5918.84 = 1.9% done in 120.3s, 6144.8s to go
on time step 1047 (time=114.753), 0.177128 s/step
on time step 1089 (time=119.356), 0.0961485 s/step
on time step 1132 (time=124.069), 0.0948452 s/step
on time step 1178 (time=129.111), 0.0893048 s/step
on time step 1218 (time=133.495), 0.101109 s/step
on time step 1257 (time=137.769), 0.106637 s/step
on time step 1286 (time=140.948), 0.142335 s/step
Meep progress: 144.01643812426414/5918.84 = 2.4% done in 150.4s, 6029.7s to go
on time step 1316 (time=144.236), 0.136294 s/step
on time step 1362 (time=149.277), 0.0871381 s/step
on time step 1401 (time=153.552), 0.104963 s/step
on time step 1426 (time=156.292), 0.160797 s/step
on time step 1456 (time=159.58), 0.13397 s/step
on time step 1482 (time=162.429), 0.155432 s/step
on time step 1513 (time=165.827), 0.132244 s/step
on time step 1544 (time=169.225), 0.129544 s/step
Meep progress: 170.75921658873935/5918.84 = 2.9% done in 180.5s, 6076.1s to go
on time step 1574 (time=172.513), 0.135066 s/step
on time step 1608 (time=176.239), 0.119204 s/step
on time step 1636 (time=179.308), 0.14772 s/step
on time step 1672 (time=183.254), 0.114484 s/step
on time step 1700 (time=186.323), 0.144393 s/step
on time step 1746 (time=191.364), 0.0874935 s/step
on time step 1786 (time=195.748), 0.101683 s/step
Meep progress: 198.4884090129698/5918.84 = 3.4% done in 210.6s, 6068.0s to go
on time step 1817 (time=199.146), 0.134041 s/step
on time step 1849 (time=202.653), 0.127333 s/step
on time step 1872 (time=205.174), 0.176585 s/step
on time step 1907 (time=209.01), 0.116772 s/step
on time step 1942 (time=212.846), 0.116163 s/step
on time step 1987 (time=217.778), 0.0911907 s/step
on time step 2015 (time=220.847), 0.147027 s/step
on time step 2044 (time=224.026), 0.144199 s/step
Meep progress: 224.1351719666059/5918.84 = 3.8% done in 240.6s, 6112.0s to go
on time step 2067 (time=226.546), 0.176691 s/step
on time step 2093 (time=229.396), 0.154151 s/step
on time step 2136 (time=234.109), 0.094642 s/step
on time step 2168 (time=237.616), 0.129884 s/step
on time step 2198 (time=240.904), 0.135928 s/step
on time step 2221 (time=243.425), 0.176488 s/step
on time step 2243 (time=245.836), 0.184921 s/step
Meep progress: 247.15149769422803/5918.84 = 4.2% done in 270.6s, 6210.5s to go
on time step 2284 (time=250.33), 0.0982114 s/step
on time step 2314 (time=253.618), 0.13801 s/step
on time step 2346 (time=257.125), 0.128243 s/step
on time step 2378 (time=260.632), 0.125471 s/step
on time step 2414 (time=264.578), 0.11182 s/step
on time step 2439 (time=267.318), 0.164075 s/step
on time step 2469 (time=270.606), 0.135884 s/step
Meep progress: 273.34626840328366/5918.84 = 4.6% done in 300.7s, 6209.7s to go
on time step 2499 (time=273.894), 0.134205 s/step
on time step 2535 (time=277.84), 0.112519 s/step
on time step 2565 (time=281.128), 0.138129 s/step
on time step 2588 (time=283.649), 0.178984 s/step
on time step 2612 (time=286.279), 0.170712 s/step
on time step 2640 (time=289.348), 0.143939 s/step
on time step 2677 (time=293.403), 0.110257 s/step
on time step 2713 (time=297.349), 0.112254 s/step
Meep progress: 297.6778127439128/5918.84 = 5.0% done in 330.7s, 6244.1s to go
on time step 2740 (time=300.308), 0.151384 s/step
on time step 2770 (time=303.596), 0.135133 s/step
on time step 2791 (time=305.898), 0.193379 s/step
on time step 2823 (time=309.405), 0.129716 s/step
on time step 2855 (time=312.912), 0.126694 s/step
on time step 2881 (time=315.762), 0.155093 s/step
on time step 2915 (time=319.489), 0.118208 s/step
Meep progress: 321.1325446758706/5918.84 = 5.4% done in 360.7s, 6286.9s to go
on time step 2942 (time=322.448), 0.154405 s/step
on time step 2973 (time=325.845), 0.129789 s/step
on time step 3009 (time=329.791), 0.112808 s/step
on time step 3036 (time=332.75), 0.15236 s/step
on time step 3062 (time=335.6), 0.155298 s/step
on time step 3087 (time=338.34), 0.162205 s/step
on time step 3122 (time=342.176), 0.118102 s/step
Meep progress: 344.2584719545766/5918.84 = 5.8% done in 390.8s, 6328.3s to go
on time step 3144 (time=344.587), 0.186297 s/step
on time step 3170 (time=347.437), 0.157608 s/step
on time step 3195 (time=350.177), 0.161427 s/step
on time step 3222 (time=353.136), 0.148385 s/step
on time step 3247 (time=355.876), 0.161835 s/step
on time step 3287 (time=360.26), 0.100302 s/step
on time step 3315 (time=363.329), 0.14596 s/step
on time step 3339 (time=365.96), 0.167851 s/step
Meep progress: 367.1651961311148/5918.84 = 6.2% done in 421.0s, 6364.9s to go
on time step 3373 (time=369.686), 0.118799 s/step
on time step 3401 (time=372.755), 0.143378 s/step
on time step 3427 (time=375.605), 0.158809 s/step
on time step 3448 (time=377.906), 0.195158 s/step
on time step 3483 (time=381.742), 0.118363 s/step
on time step 3507 (time=384.373), 0.166739 s/step
on time step 3538 (time=387.77), 0.129792 s/step
Meep progress: 390.071920307653/5918.84 = 6.6% done in 451.0s, 6392.7s to go
on time step 3568 (time=391.058), 0.13592 s/step
on time step 3602 (time=394.785), 0.118405 s/step
on time step 3629 (time=397.744), 0.151882 s/step
on time step 3660 (time=401.142), 0.131577 s/step
on time step 3688 (time=404.211), 0.142865 s/step
on time step 3716 (time=407.279), 0.144566 s/step
on time step 3743 (time=410.239), 0.148246 s/step
on time step 3768 (time=412.979), 0.163105 s/step
Meep progress: 413.4170506885269/5918.84 = 7.0% done in 481.1s, 6406.5s to go
on time step 3798 (time=416.267), 0.135973 s/step
on time step 3819 (time=418.568), 0.192185 s/step
on time step 3844 (time=421.308), 0.160501 s/step
on time step 3868 (time=423.939), 0.173117 s/step
on time step 3889 (time=426.24), 0.192942 s/step
on time step 3910 (time=428.542), 0.191086 s/step
on time step 3936 (time=431.392), 0.156134 s/step
Meep progress: 432.9261267814637/5918.84 = 7.3% done in 511.2s, 6477.7s to go
on time step 3959 (time=433.913), 0.182562 s/step
on time step 3978 (time=435.995), 0.213625 s/step
on time step 4003 (time=438.735), 0.166274 s/step
on time step 4029 (time=441.585), 0.157518 s/step
on time step 4049 (time=443.777), 0.21104 s/step
on time step 4076 (time=446.736), 0.153403 s/step
on time step 4104 (time=449.805), 0.14795 s/step
Meep progress: 451.88719511898097/5918.84 = 7.6% done in 541.2s, 6547.7s to go
on time step 4127 (time=452.326), 0.182591 s/step
on time step 4155 (time=455.394), 0.146638 s/step
on time step 4179 (time=458.025), 0.170947 s/step
on time step 4198 (time=460.107), 0.221191 s/step
on time step 4223 (time=462.847), 0.162513 s/step
on time step 4250 (time=465.807), 0.151133 s/step
on time step 4269 (time=467.889), 0.222048 s/step
on time step 4291 (time=470.3), 0.182293 s/step
Meep progress: 470.6290603543304/5918.84 = 8.0% done in 571.2s, 6613.0s to go
on time step 4314 (time=472.821), 0.178897 s/step
on time step 4341 (time=475.78), 0.152149 s/step
on time step 4362 (time=478.082), 0.201532 s/step
on time step 4388 (time=480.932), 0.154854 s/step
on time step 4416 (time=484), 0.143962 s/step
on time step 4442 (time=486.85), 0.160483 s/step
on time step 4464 (time=489.261), 0.190337 s/step
Meep progress: 490.2477379983512/5918.84 = 8.3% done in 601.4s, 6659.6s to go
on time step 4485 (time=491.563), 0.192054 s/step
on time step 4509 (time=494.193), 0.168295 s/step
on time step 4532 (time=496.714), 0.177856 s/step
on time step 4554 (time=499.125), 0.182056 s/step
on time step 4582 (time=502.194), 0.144274 s/step
on time step 4602 (time=504.386), 0.207996 s/step
on time step 4624 (time=506.798), 0.187724 s/step
Meep progress: 509.3184078869524/5918.84 = 8.6% done in 631.4s, 6706.6s to go
on time step 4652 (time=509.866), 0.143487 s/step
on time step 4676 (time=512.497), 0.170182 s/step
on time step 4700 (time=515.127), 0.170941 s/step
on time step 4724 (time=517.758), 0.168248 s/step
on time step 4748 (time=520.388), 0.172746 s/step
on time step 4771 (time=522.909), 0.178394 s/step
on time step 4798 (time=525.868), 0.149434 s/step
on time step 4820 (time=528.279), 0.190818 s/step
Meep progress: 528.6082808777214/5918.84 = 8.9% done in 661.6s, 6746.0s to go
on time step 4841 (time=530.581), 0.196649 s/step
on time step 4867 (time=533.431), 0.154214 s/step
on time step 4891 (time=536.061), 0.17047 s/step
on time step 4920 (time=539.24), 0.143475 s/step
on time step 4949 (time=542.418), 0.14408 s/step
on time step 4972 (time=544.939), 0.181668 s/step
on time step 5003 (time=548.337), 0.130362 s/step
Meep progress: 549.9805833390848/5918.84 = 9.3% done in 691.7s, 6752.5s to go
on time step 5027 (time=550.967), 0.175944 s/step
on time step 5051 (time=553.597), 0.169743 s/step
on time step 5078 (time=556.557), 0.148255 s/step
on time step 5108 (time=559.845), 0.135356 s/step
on time step 5139 (time=563.242), 0.131527 s/step
on time step 5160 (time=565.544), 0.196235 s/step
on time step 5188 (time=568.613), 0.148956 s/step
Meep progress: 570.6952764939447/5918.84 = 9.6% done in 721.8s, 6764.2s to go
on time step 5212 (time=571.243), 0.16912 s/step
on time step 5239 (time=574.203), 0.151984 s/step
on time step 5272 (time=577.819), 0.124494 s/step
on time step 5299 (time=580.779), 0.14956 s/step
on time step 5335 (time=584.724), 0.113443 s/step
on time step 5359 (time=587.355), 0.175224 s/step
on time step 5394 (time=591.191), 0.114959 s/step
on time step 5419 (time=593.931), 0.162727 s/step
Meep progress: 594.3692115280703/5918.84 = 10.0% done in 752.0s, 6736.5s to go
on time step 5443 (time=596.561), 0.174299 s/step
on time step 5472 (time=599.74), 0.142202 s/step
on time step 5515 (time=604.453), 0.0939875 s/step
on time step 5548 (time=608.069), 0.128092 s/step
on time step 5569 (time=610.371), 0.191587 s/step
on time step 5593 (time=613.001), 0.167741 s/step
on time step 5614 (time=615.303), 0.198518 s/step
Meep progress: 616.7279279491889/5918.84 = 10.4% done in 782.0s, 6723.3s to go
on time step 5643 (time=618.482), 0.138369 s/step
on time step 5676 (time=622.098), 0.12339 s/step
on time step 5719 (time=626.811), 0.0938633 s/step
on time step 5757 (time=630.976), 0.107103 s/step
on time step 5786 (time=634.155), 0.138371 s/step
on time step 5820 (time=637.881), 0.118404 s/step
on time step 5856 (time=641.827), 0.112549 s/step
Meep progress: 646.7587529461816/5918.84 = 10.9% done in 812.1s, 6619.8s to go
on time step 5904 (time=647.088), 0.0834478 s/step
on time step 5926 (time=649.499), 0.188624 s/step
on time step 5958 (time=653.006), 0.129847 s/step
on time step 5988 (time=656.294), 0.135483 s/step
on time step 6023 (time=660.13), 0.117628 s/step
on time step 6056 (time=663.747), 0.121655 s/step
on time step 6086 (time=667.035), 0.138433 s/step
on time step 6122 (time=670.981), 0.112213 s/step
Meep progress: 672.1863127976499/5918.84 = 11.4% done in 842.1s, 6572.9s to go
on time step 6150 (time=674.05), 0.146501 s/step
on time step 6186 (time=677.995), 0.115782 s/step
on time step 6210 (time=680.626), 0.175196 s/step
on time step 6239 (time=683.804), 0.138904 s/step
on time step 6274 (time=687.64), 0.114496 s/step
on time step 6307 (time=691.257), 0.125199 s/step
on time step 6345 (time=695.422), 0.108964 s/step
Meep progress: 697.2850679958664/5918.84 = 11.8% done in 872.3s, 6531.8s to go
on time step 6373 (time=698.491), 0.143826 s/step
on time step 6417 (time=703.313), 0.092676 s/step
on time step 6453 (time=707.259), 0.112922 s/step
on time step 6493 (time=711.643), 0.104808 s/step
on time step 6518 (time=714.383), 0.160845 s/step
on time step 6561 (time=719.096), 0.0932213 s/step
on time step 6609 (time=724.357), 0.0846262 s/step
Meep progress: 728.3023069526143/5918.84 = 12.3% done in 902.4s, 6431.0s to go
on time step 6645 (time=728.302), 0.114881 s/step
on time step 6689 (time=733.125), 0.0933251 s/step
on time step 6737 (time=738.386), 0.0860813 s/step
on time step 6786 (time=743.756), 0.0821156 s/step
on time step 6827 (time=748.25), 0.0986349 s/step
on time step 6851 (time=750.88), 0.169087 s/step
on time step 6875 (time=753.511), 0.168102 s/step
on time step 6916 (time=758.004), 0.0991583 s/step
Meep progress: 760.3059598691174/5918.84 = 12.8% done in 932.4s, 6325.9s to go
on time step 6983 (time=765.348), 0.0597169 s/step
on time step 7029 (time=770.389), 0.0881533 s/step
on time step 7058 (time=773.568), 0.137954 s/step
on time step 7113 (time=779.596), 0.0741351 s/step
on time step 7137 (time=782.226), 0.16772 s/step
on time step 7170 (time=785.843), 0.121362 s/step
on time step 7202 (time=789.35), 0.12523 s/step
Meep progress: 791.5424019280332/5918.84 = 13.4% done in 962.4s, 6234.0s to go
on time step 7226 (time=791.981), 0.167602 s/step
on time step 7255 (time=795.159), 0.139964 s/step
on time step 7299 (time=799.982), 0.0941858 s/step
on time step 7344 (time=804.914), 0.0900376 s/step
on time step 7373 (time=808.092), 0.141949 s/step
on time step 7419 (time=813.134), 0.0887757 s/step
on time step 7451 (time=816.641), 0.128148 s/step
on time step 7478 (time=819.6), 0.152027 s/step
Meep progress: 820.038805209851/5918.84 = 13.9% done in 992.5s, 6171.0s to go
on time step 7499 (time=821.902), 0.193702 s/step
on time step 7539 (time=826.286), 0.101114 s/step
on time step 7571 (time=829.793), 0.131247 s/step
on time step 7604 (time=833.41), 0.121594 s/step
on time step 7630 (time=836.26), 0.159397 s/step
on time step 7661 (time=839.657), 0.129789 s/step
on time step 7684 (time=842.178), 0.179534 s/step
Meep progress: 844.0415448972284/5918.84 = 14.3% done in 1022.6s, 6148.2s to go
on time step 7713 (time=845.357), 0.138319 s/step
on time step 7749 (time=849.302), 0.114342 s/step
on time step 7782 (time=852.919), 0.125924 s/step
on time step 7805 (time=855.44), 0.176305 s/step
on time step 7834 (time=858.619), 0.140932 s/step
on time step 7894 (time=865.195), 0.067957 s/step
on time step 7925 (time=868.592), 0.130593 s/step
Meep progress: 871.9899404236266/5918.84 = 14.7% done in 1052.6s, 6092.1s to go
on time step 7960 (time=872.428), 0.11451 s/step
on time step 8029 (time=879.991), 0.0580864 s/step
on time step 8078 (time=885.361), 0.0820811 s/step
on time step 8107 (time=888.54), 0.143302 s/step
on time step 8140 (time=892.157), 0.123556 s/step
on time step 8182 (time=896.76), 0.0953557 s/step
on time step 8218 (time=900.706), 0.114807 s/step
on time step 8267 (time=906.076), 0.0823899 s/step
Meep progress: 907.3912414237312/5918.84 = 15.3% done in 1082.7s, 5979.9s to go
on time step 8299 (time=909.583), 0.127485 s/step
on time step 8330 (time=912.981), 0.134906 s/step
on time step 8369 (time=917.255), 0.106554 s/step
on time step 8413 (time=922.078), 0.0915014 s/step
on time step 8445 (time=925.585), 0.129279 s/step
on time step 8472 (time=928.544), 0.150511 s/step
on time step 8514 (time=933.148), 0.095414 s/step
Meep progress: 937.3124648696399/5918.84 = 15.8% done in 1112.8s, 5914.0s to go
on time step 8564 (time=938.628), 0.0808045 s/step
on time step 8604 (time=943.012), 0.103691 s/step
on time step 8634 (time=946.3), 0.137184 s/step
on time step 8672 (time=950.465), 0.105349 s/step
on time step 8708 (time=954.41), 0.111693 s/step
on time step 8750 (time=959.014), 0.0971768 s/step
on time step 8791 (time=963.507), 0.0978676 s/step
on time step 8819 (time=966.576), 0.148284 s/step
Meep progress: 966.6856805601291/5918.84 = 16.3% done in 1142.9s, 5854.7s to go
on time step 8850 (time=969.974), 0.130927 s/step
on time step 8879 (time=973.152), 0.138025 s/step
on time step 8914 (time=976.988), 0.114308 s/step
on time step 8948 (time=980.715), 0.118001 s/step
on time step 8984 (time=984.66), 0.112207 s/step
on time step 9018 (time=988.387), 0.118085 s/step
on time step 9048 (time=991.675), 0.134243 s/step
Meep progress: 993.0996543713526/5918.84 = 16.8% done in 1173.0s, 5817.8s to go
on time step 9079 (time=995.072), 0.129324 s/step
on time step 9118 (time=999.347), 0.104209 s/step
on time step 9153 (time=1003.18), 0.117204 s/step
on time step 9190 (time=1007.24), 0.109533 s/step
on time step 9236 (time=1012.28), 0.0871441 s/step
on time step 9264 (time=1015.35), 0.14387 s/step
on time step 9304 (time=1019.73), 0.100943 s/step
Meep progress: 1023.8976902259327/5918.84 = 17.3% done in 1203.0s, 5751.1s to go
on time step 9345 (time=1024.23), 0.0989563 s/step
on time step 9369 (time=1026.86), 0.167497 s/step
on time step 9400 (time=1030.25), 0.131954 s/step
on time step 9434 (time=1033.98), 0.118086 s/step
on time step 9468 (time=1037.71), 0.122081 s/step
on time step 9487 (time=1039.79), 0.212094 s/step
on time step 9518 (time=1043.19), 0.13405 s/step
on time step 9562 (time=1048.01), 0.092428 s/step
Meep progress: 1048.9964454241492/5918.84 = 17.7% done in 1233.1s, 5724.6s to go
on time step 9594 (time=1051.52), 0.131495 s/step
on time step 9623 (time=1054.7), 0.138842 s/step
on time step 9655 (time=1058.2), 0.127022 s/step
on time step 9688 (time=1061.82), 0.12475 s/step
on time step 9725 (time=1065.88), 0.111613 s/step
on time step 9748 (time=1068.4), 0.182948 s/step
on time step 9786 (time=1072.56), 0.105993 s/step
Meep progress: 1074.0952006223656/5918.84 = 18.1% done in 1263.3s, 5698.3s to go
on time step 9807 (time=1074.86), 0.198363 s/step
on time step 9856 (time=1080.23), 0.0834218 s/step
on time step 9890 (time=1083.96), 0.122696 s/step
on time step 9914 (time=1086.59), 0.17374 s/step
on time step 9946 (time=1090.1), 0.127429 s/step
on time step 9978 (time=1093.6), 0.128697 s/step
on time step 10015 (time=1097.66), 0.108229 s/step
Meep progress: 1101.4955883933444/5918.84 = 18.6% done in 1293.4s, 5656.6s to go
on time step 10050 (time=1101.5), 0.115977 s/step
on time step 10074 (time=1104.13), 0.170938 s/step
on time step 10108 (time=1107.85), 0.121731 s/step
on time step 10150 (time=1112.46), 0.0977298 s/step
on time step 10192 (time=1117.06), 0.0963978 s/step
on time step 10234 (time=1121.66), 0.0960176 s/step
on time step 10269 (time=1125.5), 0.118038 s/step
on time step 10306 (time=1129.55), 0.111676 s/step
Meep progress: 1131.1976087370854/5918.84 = 19.1% done in 1323.4s, 5601.1s to go
on time step 10349 (time=1134.27), 0.0957571 s/step
on time step 10383 (time=1137.99), 0.117792 s/step
on time step 10426 (time=1142.71), 0.0942482 s/step
on time step 10465 (time=1146.98), 0.105516 s/step
on time step 10494 (time=1150.16), 0.140728 s/step
on time step 10514 (time=1152.35), 0.203762 s/step
on time step 10544 (time=1155.64), 0.135309 s/step
Meep progress: 1158.2691918548123/5918.84 = 19.6% done in 1353.5s, 5563.0s to go
on time step 10574 (time=1158.93), 0.136537 s/step
on time step 10613 (time=1163.2), 0.102814 s/step
on time step 10641 (time=1166.27), 0.143463 s/step
on time step 10681 (time=1170.65), 0.100511 s/step
on time step 10708 (time=1173.61), 0.148989 s/step
on time step 10735 (time=1176.57), 0.150925 s/step
on time step 10769 (time=1180.3), 0.117862 s/step
on time step 10808 (time=1184.57), 0.102775 s/step
Meep progress: 1185.0119703192875/5918.84 = 20.0% done in 1383.6s, 5527.0s to go
on time step 10833 (time=1187.31), 0.165744 s/step
on time step 10871 (time=1191.48), 0.105851 s/step
on time step 10894 (time=1194), 0.178945 s/step
on time step 10921 (time=1196.96), 0.148324 s/step
on time step 10951 (time=1200.25), 0.134351 s/step
on time step 10987 (time=1204.19), 0.111325 s/step
on time step 11019 (time=1207.7), 0.127088 s/step
Meep progress: 1209.4531162110006/5918.84 = 20.4% done in 1413.6s, 5504.5s to go
on time step 11048 (time=1210.88), 0.139309 s/step
on time step 11076 (time=1213.95), 0.145188 s/step
on time step 11108 (time=1217.45), 0.128673 s/step
on time step 11131 (time=1219.97), 0.178989 s/step
on time step 11161 (time=1223.26), 0.135397 s/step
on time step 11188 (time=1226.22), 0.155135 s/step
on time step 11223 (time=1230.06), 0.117255 s/step
Meep progress: 1234.3326683070493/5918.84 = 20.9% done in 1443.7s, 5479.2s to go
on time step 11269 (time=1235.1), 0.0870181 s/step
on time step 11302 (time=1238.72), 0.121589 s/step
on time step 11341 (time=1242.99), 0.105803 s/step
on time step 11374 (time=1246.61), 0.123568 s/step
on time step 11403 (time=1249.79), 0.141957 s/step
on time step 11441 (time=1253.95), 0.106555 s/step
on time step 11479 (time=1258.12), 0.109721 s/step
on time step 11504 (time=1260.86), 0.164699 s/step
Meep progress: 1261.7330560780279/5918.84 = 21.3% done in 1473.8s, 5439.8s to go
on time step 11537 (time=1264.47), 0.123958 s/step
on time step 11570 (time=1268.09), 0.122794 s/step
on time step 11613 (time=1272.8), 0.0942254 s/step
on time step 11637 (time=1275.43), 0.169926 s/step
on time step 11662 (time=1278.17), 0.16567 s/step
on time step 11717 (time=1284.2), 0.0745672 s/step
on time step 11777 (time=1290.78), 0.0671325 s/step
Meep progress: 1292.421490381524/5918.84 = 21.8% done in 1503.9s, 5383.5s to go
on time step 11804 (time=1293.74), 0.150832 s/step
on time step 11838 (time=1297.46), 0.118217 s/step
on time step 11879 (time=1301.96), 0.0994032 s/step
on time step 11917 (time=1306.12), 0.105951 s/step
on time step 11956 (time=1310.4), 0.105465 s/step
srun: Job step aborted: Waiting up to 62 seconds for job step to finish.
srun: got SIGCONT
slurmstepd: error: *** JOB 633537 ON topsy-cn-2-14 CANCELLED AT 2022-01-27T10:35:33 ***
srun: forcing job termination
slurmstepd: error: *** STEP 633537.0 ON topsy-cn-2-14 CANCELLED AT 2022-01-27T10:35:33 ***
srun: error: topsy-cn-2-14: tasks 0-15: Terminated
