Warning: grid volume is not an integer number of pixels; cell size will be rounded to nearest pixel.
Using MPI version 3.1, 16 processes
WD: data/2022-01-26/Benchmarks/
-----------
Initializing structure...
Splitting into 16 chunks by voxels
time for choose_chunkdivision = 0.00164236 s
Working in 2D dimensions.
Computational cell is 320.075 x 170.035 x 0 with resolution 6.45161
     block, center = (0,0,0)
          size (1e+20,1e+20,1e+20)
          axes (1,0,0), (0,1,0), (0,0,1)
          dielectric constant epsilon diagonal = (1,1,1)
     block, center = (0,-29.2,0)
          size (1e+20,66.6,1e+20)
          axes (1,0,0), (0,1,0), (0,0,1)
          dielectric constant epsilon diagonal = (2.0736,2.0736,2.0736)
     block, center = (0,0,0)
          size (1e+20,8.2,1e+20)
          axes (1,0,0), (0,1,0), (0,0,1)
          dielectric constant epsilon diagonal = (2.08803,2.08803,2.08803)
time for set_epsilon = 0.129878 s
-----------
MPB solved for frequency_1(0.4,0,0) = 0.279228 after 17 iters
MPB solved for frequency_1(0.902023,0,0) = 0.62549 after 74 iters
MPB solved for frequency_1(0.901313,0,0) = 0.625 after 121 iters
MPB solved for frequency_1(0.901314,0,0) = 0.625 after 6 iters
MPB solved for frequency_1(0.901314,0,0) = 0.625 after 2 iters
Meep: using output directory 'data/2022-01-26/Benchmarks/'


Normalisation Run


on time step 349 (time=38.2509), 0.0114642 s/step
on time step 733 (time=80.3379), 0.0104365 s/step
on time step 1116 (time=122.315), 0.0104484 s/step
on time step 1500 (time=164.402), 0.0104429 s/step
on time step 1828 (time=200.352), 0.0122327 s/step
on time step 1990 (time=218.107), 0.0247356 s/step
on time step 2199 (time=241.014), 0.0191411 s/step
Meep progress: 251.5355597375846/4312.0 = 5.8% done in 30.0s, 484.6s to go
on time step 2383 (time=261.18), 0.0218008 s/step
on time step 2684 (time=294.171), 0.0133115 s/step
on time step 3069 (time=336.367), 0.0103966 s/step
on time step 3455 (time=378.673), 0.0103881 s/step
on time step 3841 (time=420.98), 0.0103652 s/step
on time step 4226 (time=463.176), 0.0104021 s/step
on time step 4611 (time=505.373), 0.0104149 s/step
Meep progress: 546.6925368065673/4312.0 = 12.7% done in 60.0s, 413.5s to go
on time step 4995 (time=547.46), 0.0104238 s/step
on time step 5380 (time=589.656), 0.0104103 s/step
on time step 5764 (time=631.743), 0.0104193 s/step
on time step 6150 (time=674.05), 0.010382 s/step
on time step 6534 (time=716.137), 0.0104403 s/step
on time step 6920 (time=758.443), 0.0103921 s/step
on time step 7306 (time=800.749), 0.01037 s/step
on time step 7688 (time=842.617), 0.0104764 s/step
Meep progress: 862.4546054793261/4312.0 = 20.0% done in 90.0s, 360.1s to go
on time step 8074 (time=884.923), 0.0103783 s/step
on time step 8459 (time=927.12), 0.0104013 s/step
on time step 8845 (time=969.426), 0.0103878 s/step
on time step 9230 (time=1011.62), 0.0103912 s/step
on time step 9615 (time=1053.82), 0.0104135 s/step
on time step 10001 (time=1096.13), 0.0103829 s/step
on time step 10386 (time=1138.32), 0.0104027 s/step
Meep progress: 1178.6550803564205/4312.0 = 27.3% done in 120.0s, 319.1s to go
on time step 10770 (time=1180.41), 0.0104269 s/step
on time step 11156 (time=1222.71), 0.0103705 s/step
on time step 11541 (time=1264.91), 0.0104035 s/step
on time step 11926 (time=1307.11), 0.0103986 s/step
on time step 12311 (time=1349.3), 0.0104073 s/step
on time step 12694 (time=1391.28), 0.0104545 s/step
on time step 13079 (time=1433.48), 0.0103982 s/step
on time step 13463 (time=1475.57), 0.0104183 s/step
Meep progress: 1494.636352131347/4312.0 = 34.7% done in 150.0s, 282.8s to go
on time step 13849 (time=1517.87), 0.0103886 s/step
on time step 14234 (time=1560.07), 0.0104025 s/step
on time step 14619 (time=1602.27), 0.0103996 s/step
on time step 15005 (time=1644.57), 0.0103836 s/step
on time step 15391 (time=1686.88), 0.0103781 s/step
on time step 15777 (time=1729.18), 0.0103778 s/step
on time step 16162 (time=1771.38), 0.0104103 s/step
Meep progress: 1810.8368270084413/4312.0 = 42.0% done in 180.0s, 248.7s to go
on time step 16547 (time=1813.58), 0.0104051 s/step
on time step 16932 (time=1855.77), 0.0103912 s/step
on time step 17317 (time=1897.97), 0.0104064 s/step
on time step 17703 (time=1940.28), 0.0103839 s/step
on time step 18088 (time=1982.47), 0.0103942 s/step
on time step 18472 (time=2024.56), 0.0104367 s/step
on time step 18857 (time=2066.76), 0.0103926 s/step
on time step 19242 (time=2108.95), 0.0103945 s/step
Meep progress: 2127.0373018855357/4312.0 = 49.3% done in 210.1s, 215.8s to go
on time step 19628 (time=2151.26), 0.0103881 s/step
on time step 20013 (time=2193.46), 0.0103975 s/step
on time step 20399 (time=2235.76), 0.0103768 s/step
on time step 20785 (time=2278.07), 0.0103753 s/step
on time step 21170 (time=2320.26), 0.0103982 s/step
on time step 21556 (time=2362.57), 0.0103874 s/step
on time step 21941 (time=2404.77), 0.0103981 s/step
Meep progress: 2443.456979864798/4312.0 = 56.7% done in 240.1s, 183.6s to go
on time step 22325 (time=2446.85), 0.0104185 s/step
on time step 22711 (time=2489.16), 0.0103862 s/step
on time step 23096 (time=2531.36), 0.0103939 s/step
on time step 23482 (time=2573.66), 0.010386 s/step
on time step 23868 (time=2615.97), 0.0103814 s/step
on time step 24252 (time=2658.06), 0.0104358 s/step
on time step 24637 (time=2700.25), 0.0103975 s/step
on time step 25022 (time=2742.45), 0.0103955 s/step
Meep progress: 2759.767056292976/4312.0 = 64.0% done in 270.1s, 151.9s to go
on time step 25408 (time=2784.76), 0.0103788 s/step
on time step 25793 (time=2826.95), 0.0103966 s/step
on time step 26178 (time=2869.15), 0.0103924 s/step
on time step 26564 (time=2911.46), 0.010387 s/step
on time step 26949 (time=2953.65), 0.0104043 s/step
on time step 27334 (time=2995.85), 0.0103903 s/step
on time step 27719 (time=3038.05), 0.0104025 s/step
Meep progress: 3076.0771327211546/4312.0 = 71.3% done in 300.1s, 120.6s to go
on time step 28104 (time=3080.24), 0.010409 s/step
on time step 28491 (time=3122.66), 0.0103707 s/step
on time step 28877 (time=3164.96), 0.0103851 s/step
on time step 29262 (time=3207.16), 0.0103953 s/step
on time step 29649 (time=3249.58), 0.0103605 s/step
on time step 30033 (time=3291.66), 0.0104296 s/step
on time step 30418 (time=3333.86), 0.0103912 s/step
on time step 30802 (time=3375.95), 0.0104215 s/step
Meep progress: 3392.387209149333/4312.0 = 78.7% done in 330.1s, 89.5s to go
on time step 31188 (time=3418.25), 0.0103845 s/step
on time step 31573 (time=3460.45), 0.0103967 s/step
on time step 31959 (time=3502.76), 0.0103853 s/step
on time step 32345 (time=3545.06), 0.0103812 s/step
on time step 32731 (time=3587.37), 0.0103723 s/step
on time step 33117 (time=3629.67), 0.010385 s/step
on time step 33502 (time=3671.87), 0.010396 s/step
Meep progress: 3708.806887128595/4312.0 = 86.0% done in 360.1s, 58.6s to go
on time step 33887 (time=3714.07), 0.0103926 s/step
on time step 34272 (time=3756.26), 0.0103976 s/step
on time step 34658 (time=3798.57), 0.0103863 s/step
on time step 35044 (time=3840.88), 0.0103848 s/step
on time step 35430 (time=3883.18), 0.0103869 s/step
on time step 35813 (time=3925.16), 0.0104463 s/step
on time step 36199 (time=3967.47), 0.0103843 s/step
on time step 36583 (time=4009.55), 0.0104176 s/step
Meep progress: 4025.1169635567735/4312.0 = 93.3% done in 390.1s, 27.8s to go
on time step 36969 (time=4051.86), 0.0103826 s/step
on time step 37354 (time=4094.06), 0.010397 s/step
on time step 37740 (time=4136.36), 0.0103873 s/step
on time step 38125 (time=4178.56), 0.0103924 s/step
on time step 38510 (time=4220.76), 0.0103961 s/step
on time step 38896 (time=4263.06), 0.0103875 s/step
on time step 39281 (time=4305.26), 0.010393 s/step
Warning: grid volume is not an integer number of pixels; cell size will be rounded to nearest pixel.
run 0 finished at t = 4312.053824294462 (39343 timesteps)
254.40114958322943
WD: data/2022-01-26/Benchmarks/
AlreadyDir
-----------
Initializing structure...
Splitting into 16 chunks by voxels
time for choose_chunkdivision = 0.00283871 s
Working in 2D dimensions.
Computational cell is 320.075 x 170.035 x 0 with resolution 6.45161
     block, center = (0,0,0)
          size (1e+20,1e+20,1e+20)
          axes (1,0,0), (0,1,0), (0,0,1)
          dielectric constant epsilon diagonal = (1,1,1)
     block, center = (0,-29.2,0)
          size (1e+20,66.6,1e+20)
          axes (1,0,0), (0,1,0), (0,0,1)
          dielectric constant epsilon diagonal = (2.0736,2.0736,2.0736)
     block, center = (0,0,0)
          size (1e+20,8.2,1e+20)
          axes (1,0,0), (0,1,0), (0,0,1)
          dielectric constant epsilon diagonal = (2.08803,2.08803,2.08803)
     prism, center = (0,-23.75,0)
          height 1, axis (0,0,1), sidewall angle: 0 radians, 4 vertices:
          (-161.2,4.1,-0.5)
          (161.2,4.1,-0.5)
          (127.201,-51.6,-0.5)
          (-127.201,-51.6,-0.5)
          dielectric constant epsilon diagonal = (1,1,1)
     prism, center = (0,-23.75,0)
          height 1, axis (0,0,1), sidewall angle: 0 radians, 4 vertices:
          (-161.2,4.1,-0.5)
          (161.2,4.1,-0.5)
          (127.201,-51.6,-0.5)
          (-127.201,-51.6,-0.5)
          dielectric constant epsilon diagonal = (1,1,1)
time for set_epsilon = 1.04444 s
-----------
MPB solved for frequency_1(0.4,0,0) = 0.4 after 70 iters
MPB solved for frequency_1(0.625,0,0) = 0.625 after 1 iters
Meep: using output directory 'data/2022-01-26/Benchmarks/'


Actual Run


creating output file "data/2022-01-26/Benchmarks//Benchmark-eps-000000.00.h5"...
on time step 361 (time=39.5662), 0.0110919 s/step
on time step 757 (time=82.9684), 0.0101194 s/step
creating output file "data/2022-01-26/Benchmarks//Benchmark-ez-000099.96.h5"...
on time step 1138 (time=124.727), 0.0105164 s/step
on time step 1529 (time=167.581), 0.0102482 s/step
creating output file "data/2022-01-26/Benchmarks//Benchmark-ez-000199.91.h5"...
Meep progress: 199.9132291770607/6624.0 = 3.0% done in 34.2s, 1100.5s to go
on time step 1824 (time=199.913), 0.0351951 s/step
on time step 1970 (time=215.915), 0.0275574 s/step
on time step 2232 (time=244.631), 0.0152796 s/step
on time step 2627 (time=287.923), 0.0101424 s/step
creating output file "data/2022-01-26/Benchmarks//Benchmark-ez-000299.87.h5"...
on time step 3009 (time=329.791), 0.010485 s/step
on time step 3405 (time=373.193), 0.0101256 s/step
creating output file "data/2022-01-26/Benchmarks//Benchmark-ez-000399.83.h5"...
Meep progress: 399.8264583541214/6624.0 = 6.0% done in 73.9s, 1150.6s to go
on time step 3648 (time=399.826), 0.0807079 s/step
on time step 4044 (time=443.229), 0.0101117 s/step
on time step 4440 (time=486.631), 0.0101134 s/step
creating output file "data/2022-01-26/Benchmarks//Benchmark-ez-000499.78.h5"...
on time step 4560 (time=499.783), 0.0965114 s/step
on time step 4955 (time=543.076), 0.0101437 s/step
on time step 5350 (time=586.368), 0.0101378 s/step
creating output file "data/2022-01-26/Benchmarks//Benchmark-ez-000599.74.h5"...
Meep progress: 599.7396875311822/6624.0 = 9.1% done in 110.6s, 1110.9s to go
on time step 5472 (time=599.74), 0.074441 s/step
on time step 5868 (time=643.142), 0.0101252 s/step
on time step 6262 (time=686.325), 0.0101574 s/step
creating output file "data/2022-01-26/Benchmarks//Benchmark-ez-000699.70.h5"...
on time step 6642 (time=727.974), 0.0105469 s/step
on time step 7037 (time=771.266), 0.0101412 s/step
creating output file "data/2022-01-26/Benchmarks//Benchmark-ez-000799.65.h5"...
Meep progress: 799.6529167082429/6624.0 = 12.1% done in 141.7s, 1031.9s to go
on time step 7296 (time=799.653), 0.0580892 s/step
on time step 7691 (time=842.946), 0.0101493 s/step
on time step 8085 (time=886.129), 0.0101568 s/step
creating output file "data/2022-01-26/Benchmarks//Benchmark-ez-000899.61.h5"...
on time step 8471 (time=928.435), 0.0103831 s/step
on time step 8866 (time=971.727), 0.0101334 s/step
creating output file "data/2022-01-26/Benchmarks//Benchmark-ez-000999.57.h5"...
Meep progress: 999.5661458853036/6624.0 = 15.1% done in 172.8s, 972.4s to go
on time step 9120 (time=999.566), 0.0594938 s/step
on time step 9515 (time=1042.86), 0.0101384 s/step
on time step 9910 (time=1086.15), 0.0101393 s/step
creating output file "data/2022-01-26/Benchmarks//Benchmark-ez-001099.52.h5"...
on time step 10293 (time=1128.13), 0.0104512 s/step
on time step 10688 (time=1171.42), 0.0101439 s/step
creating output file "data/2022-01-26/Benchmarks//Benchmark-ez-001199.48.h5"...
on time step 10944 (time=1199.48), 0.0411739 s/step
Meep progress: 1236.7439024308953/6624.0 = 18.7% done in 202.8s, 883.5s to go
on time step 11339 (time=1242.77), 0.0101356 s/step
on time step 11735 (time=1286.17), 0.0101223 s/step
creating output file "data/2022-01-26/Benchmarks//Benchmark-ez-001299.44.h5"...
on time step 12116 (time=1327.93), 0.010524 s/step
on time step 12511 (time=1371.23), 0.0101394 s/step
creating output file "data/2022-01-26/Benchmarks//Benchmark-ez-001399.39.h5"...
on time step 12768 (time=1399.39), 0.0356834 s/step
on time step 13164 (time=1442.79), 0.0101026 s/step
on time step 13559 (time=1486.09), 0.010134 s/step
Meep progress: 1488.7178683728157/6624.0 = 22.5% done in 232.8s, 803.1s to go
creating output file "data/2022-01-26/Benchmarks//Benchmark-ez-001499.35.h5"...
on time step 13941 (time=1527.96), 0.0104931 s/step
on time step 14335 (time=1571.14), 0.0101598 s/step
creating output file "data/2022-01-26/Benchmarks//Benchmark-ez-001599.31.h5"...
on time step 14592 (time=1599.31), 0.046029 s/step
on time step 14987 (time=1642.6), 0.0101517 s/step
on time step 15382 (time=1685.89), 0.0101382 s/step
creating output file "data/2022-01-26/Benchmarks//Benchmark-ez-001699.26.h5"...
Meep progress: 1699.262448005016/6624.0 = 25.7% done in 267.8s, 776.1s to go
on time step 15504 (time=1699.26), 0.0602966 s/step
on time step 15899 (time=1742.56), 0.0101509 s/step
on time step 16293 (time=1785.74), 0.0101614 s/step
creating output file "data/2022-01-26/Benchmarks//Benchmark-ez-001799.22.h5"...
on time step 16676 (time=1827.72), 0.0104557 s/step
on time step 17072 (time=1871.12), 0.0101113 s/step
creating output file "data/2022-01-26/Benchmarks//Benchmark-ez-001899.18.h5"...
on time step 17328 (time=1899.18), 0.0443291 s/step
Meep progress: 1927.6720804638946/6624.0 = 29.1% done in 297.8s, 725.5s to go
on time step 17722 (time=1942.36), 0.0101533 s/step
on time step 18117 (time=1985.65), 0.0101291 s/step
creating output file "data/2022-01-26/Benchmarks//Benchmark-ez-001999.13.h5"...
on time step 18499 (time=2027.52), 0.0104959 s/step
on time step 18894 (time=2070.81), 0.0101376 s/step
creating output file "data/2022-01-26/Benchmarks//Benchmark-ez-002099.09.h5"...
on time step 19152 (time=2099.09), 0.0444099 s/step
on time step 19548 (time=2142.49), 0.0101223 s/step
Meep progress: 2154.87609586085/6624.0 = 32.5% done in 327.8s, 679.9s to go
on time step 19943 (time=2185.78), 0.0101501 s/step
creating output file "data/2022-01-26/Benchmarks//Benchmark-ez-002199.05.h5"...
on time step 20324 (time=2227.54), 0.0105065 s/step
on time step 20719 (time=2270.83), 0.0101358 s/step
creating output file "data/2022-01-26/Benchmarks//Benchmark-ez-002299.00.h5"...
on time step 20976 (time=2299), 0.0472461 s/step
on time step 21371 (time=2342.29), 0.010135 s/step
Meep progress: 2374.6272057840997/6624.0 = 35.8% done in 357.8s, 640.3s to go
on time step 21766 (time=2385.59), 0.0101293 s/step
creating output file "data/2022-01-26/Benchmarks//Benchmark-ez-002398.96.h5"...
on time step 22146 (time=2427.24), 0.0105337 s/step
on time step 22541 (time=2470.53), 0.0101396 s/step
creating output file "data/2022-01-26/Benchmarks//Benchmark-ez-002498.92.h5"...
on time step 22800 (time=2498.92), 0.0536067 s/step
on time step 23195 (time=2542.21), 0.0101299 s/step
Meep progress: 2575.7460520230834/6624.0 = 38.9% done in 387.8s, 609.5s to go
on time step 23590 (time=2585.5), 0.0101286 s/step
creating output file "data/2022-01-26/Benchmarks//Benchmark-ez-002598.87.h5"...
on time step 23973 (time=2627.48), 0.0104581 s/step
on time step 24369 (time=2670.88), 0.0101089 s/step
creating output file "data/2022-01-26/Benchmarks//Benchmark-ez-002698.83.h5"...
on time step 24624 (time=2698.83), 0.0457444 s/step
on time step 25020 (time=2742.23), 0.0101263 s/step
on time step 25415 (time=2785.52), 0.0101334 s/step
creating output file "data/2022-01-26/Benchmarks//Benchmark-ez-002798.79.h5"...
Meep progress: 2799.2236146831856/6624.0 = 42.3% done in 417.8s, 570.9s to go
on time step 25796 (time=2827.28), 0.010508 s/step
on time step 26191 (time=2870.57), 0.01015 s/step
creating output file "data/2022-01-26/Benchmarks//Benchmark-ez-002898.74.h5"...
on time step 26448 (time=2898.74), 0.0714831 s/step
on time step 26844 (time=2942.14), 0.0101241 s/step
Meep progress: 2953.1041924050023/6624.0 = 44.6% done in 447.8s, 556.7s to go
on time step 27239 (time=2985.44), 0.0101489 s/step
creating output file "data/2022-01-26/Benchmarks//Benchmark-ez-002998.70.h5"...
on time step 27624 (time=3027.63), 0.010413 s/step
on time step 28019 (time=3070.93), 0.0101298 s/step
creating output file "data/2022-01-26/Benchmarks//Benchmark-ez-003098.66.h5"...
on time step 28272 (time=3098.66), 0.0742608 s/step
Meep progress: 3100.8470832661196/6624.0 = 46.8% done in 477.8s, 542.9s to go
on time step 28667 (time=3141.95), 0.0101495 s/step
on time step 29062 (time=3185.24), 0.0101358 s/step
creating output file "data/2022-01-26/Benchmarks//Benchmark-ez-003198.61.h5"...
on time step 29445 (time=3227.22), 0.0104464 s/step
on time step 29840 (time=3270.51), 0.0101292 s/step
creating output file "data/2022-01-26/Benchmarks//Benchmark-ez-003298.57.h5"...
on time step 30096 (time=3298.57), 0.0494765 s/step
Meep progress: 3315.118115635173/6624.0 = 50.0% done in 507.8s, 506.9s to go
on time step 30490 (time=3341.75), 0.0101677 s/step
on time step 30886 (time=3385.15), 0.010123 s/step
creating output file "data/2022-01-26/Benchmarks//Benchmark-ez-003398.52.h5"...
on time step 31269 (time=3427.13), 0.0104594 s/step
on time step 31665 (time=3470.53), 0.0101052 s/step
creating output file "data/2022-01-26/Benchmarks//Benchmark-ez-003498.48.h5"...
on time step 31920 (time=3498.48), 0.0489141 s/step
Meep progress: 3531.361975923737/6624.0 = 53.3% done in 537.8s, 471.0s to go
on time step 32316 (time=3541.88), 0.0101136 s/step
on time step 32711 (time=3585.18), 0.0101418 s/step
creating output file "data/2022-01-26/Benchmarks//Benchmark-ez-003598.44.h5"...
on time step 32832 (time=3598.44), 0.110708 s/step
on time step 33228 (time=3641.84), 0.0101174 s/step
on time step 33624 (time=3685.24), 0.010126 s/step
creating output file "data/2022-01-26/Benchmarks//Benchmark-ez-003698.39.h5"...
Meep progress: 3723.055088769504/6624.0 = 56.2% done in 567.8s, 442.4s to go
on time step 34008 (time=3727.33), 0.0104323 s/step
on time step 34403 (time=3770.62), 0.0101479 s/step
creating output file "data/2022-01-26/Benchmarks//Benchmark-ez-003798.35.h5"...
on time step 34656 (time=3798.35), 0.0273839 s/step
on time step 35052 (time=3841.75), 0.0101183 s/step
on time step 35447 (time=3885.05), 0.0101437 s/step
creating output file "data/2022-01-26/Benchmarks//Benchmark-ez-003898.31.h5"...
on time step 35829 (time=3926.91), 0.0104996 s/step
on time step 36225 (time=3970.32), 0.0101109 s/step
creating output file "data/2022-01-26/Benchmarks//Benchmark-ez-003998.26.h5"...
Meep progress: 3998.2645835412145/6624.0 = 60.4% done in 607.4s, 398.9s to go
on time step 36480 (time=3998.26), 0.0476788 s/step
on time step 36876 (time=4041.67), 0.0101097 s/step
on time step 37272 (time=4085.07), 0.0101147 s/step
creating output file "data/2022-01-26/Benchmarks//Benchmark-ez-004098.22.h5"...
on time step 37654 (time=4126.94), 0.0104776 s/step
on time step 38050 (time=4170.34), 0.0101246 s/step
creating output file "data/2022-01-26/Benchmarks//Benchmark-ez-004198.18.h5"...
on time step 38304 (time=4198.18), 0.0542635 s/step
Meep progress: 4200.3698437399535/6624.0 = 63.4% done in 637.4s, 367.8s to go
on time step 38700 (time=4241.58), 0.0101229 s/step
on time step 39096 (time=4284.98), 0.0101211 s/step
creating output file "data/2022-01-26/Benchmarks//Benchmark-ez-004298.13.h5"...
on time step 39478 (time=4326.85), 0.0104823 s/step
on time step 39874 (time=4370.25), 0.0101235 s/step
creating output file "data/2022-01-26/Benchmarks//Benchmark-ez-004398.09.h5"...
Meep progress: 4398.091041895335/6624.0 = 66.4% done in 670.0s, 339.1s to go
on time step 40128 (time=4398.09), 0.0659418 s/step
on time step 40522 (time=4441.27), 0.0101599 s/step
on time step 40917 (time=4484.57), 0.0101316 s/step
creating output file "data/2022-01-26/Benchmarks//Benchmark-ez-004498.05.h5"...
on time step 41299 (time=4526.43), 0.0104747 s/step
on time step 41695 (time=4569.84), 0.0101175 s/step
creating output file "data/2022-01-26/Benchmarks//Benchmark-ez-004598.00.h5"...
on time step 41952 (time=4598), 0.0411654 s/step
Meep progress: 4634.939993787676/6624.0 = 70.0% done in 700.0s, 300.4s to go
on time step 42348 (time=4641.41), 0.0101126 s/step
on time step 42743 (time=4684.7), 0.0101284 s/step
creating output file "data/2022-01-26/Benchmarks//Benchmark-ez-004697.96.h5"...
on time step 43123 (time=4726.35), 0.010537 s/step
on time step 43518 (time=4769.64), 0.0101311 s/step
creating output file "data/2022-01-26/Benchmarks//Benchmark-ez-004797.92.h5"...
on time step 43776 (time=4797.92), 0.0453222 s/step
on time step 44170 (time=4841.1), 0.0101542 s/step
Meep progress: 4859.623173509702/6624.0 = 73.4% done in 730.0s, 265.0s to go
on time step 44565 (time=4884.39), 0.0101281 s/step
creating output file "data/2022-01-26/Benchmarks//Benchmark-ez-004897.87.h5"...
on time step 44688 (time=4897.87), 0.144312 s/step
on time step 45084 (time=4941.28), 0.0101212 s/step
on time step 45479 (time=4984.57), 0.0101331 s/step
creating output file "data/2022-01-26/Benchmarks//Benchmark-ez-004997.83.h5"...
Meep progress: 5004.187619389385/6624.0 = 75.5% done in 760.0s, 246.0s to go
on time step 45860 (time=5026.33), 0.0105184 s/step
on time step 46256 (time=5069.73), 0.0101128 s/step
creating output file "data/2022-01-26/Benchmarks//Benchmark-ez-005097.79.h5"...
on time step 46512 (time=5097.79), 0.0589181 s/step
on time step 46907 (time=5141.08), 0.0101326 s/step
on time step 47303 (time=5184.48), 0.0101153 s/step
Meep progress: 5193.688701213474/6624.0 = 78.4% done in 790.0s, 217.6s to go
creating output file "data/2022-01-26/Benchmarks//Benchmark-ez-005197.74.h5"...
on time step 47683 (time=5226.13), 0.0105335 s/step
on time step 48078 (time=5269.42), 0.0101289 s/step
creating output file "data/2022-01-26/Benchmarks//Benchmark-ez-005297.70.h5"...
on time step 48336 (time=5297.7), 0.0309674 s/step
on time step 48730 (time=5340.88), 0.010153 s/step
on time step 49125 (time=5384.18), 0.0101288 s/step
creating output file "data/2022-01-26/Benchmarks//Benchmark-ez-005397.66.h5"...
Meep progress: 5397.657187780639/6624.0 = 81.5% done in 820.0s, 186.3s to go
on time step 49248 (time=5397.66), 0.0557871 s/step
on time step 49643 (time=5440.95), 0.0101396 s/step
on time step 50039 (time=5484.35), 0.0101239 s/step
creating output file "data/2022-01-26/Benchmarks//Benchmark-ez-005497.61.h5"...
on time step 50422 (time=5526.33), 0.010458 s/step
on time step 50817 (time=5569.62), 0.0101502 s/step
creating output file "data/2022-01-26/Benchmarks//Benchmark-ez-005597.57.h5"...
on time step 51072 (time=5597.57), 0.0541054 s/step
Meep progress: 5599.433643326127/6624.0 = 84.5% done in 850.0s, 155.5s to go
on time step 51467 (time=5640.86), 0.0101377 s/step
on time step 51862 (time=5684.16), 0.0101327 s/step
creating output file "data/2022-01-26/Benchmarks//Benchmark-ez-005697.53.h5"...
on time step 51984 (time=5697.53), 0.0555994 s/step
on time step 52379 (time=5740.82), 0.0101318 s/step
on time step 52774 (time=5784.11), 0.0101516 s/step
creating output file "data/2022-01-26/Benchmarks//Benchmark-ez-005797.48.h5"...
on time step 53156 (time=5825.98), 0.0104845 s/step
Meep progress: 5862.367764376439/6624.0 = 88.5% done in 880.0s, 114.3s to go
on time step 53552 (time=5869.38), 0.0101229 s/step
creating output file "data/2022-01-26/Benchmarks//Benchmark-ez-005897.44.h5"...
on time step 53808 (time=5897.44), 0.0633344 s/step
on time step 54202 (time=5940.62), 0.0101705 s/step
on time step 54597 (time=5983.92), 0.0101273 s/step
creating output file "data/2022-01-26/Benchmarks//Benchmark-ez-005997.40.h5"...
on time step 54977 (time=6025.56), 0.0105335 s/step
Meep progress: 6037.94944921287/6624.0 = 91.2% done in 910.0s, 88.3s to go
on time step 55373 (time=6068.97), 0.0101069 s/step
creating output file "data/2022-01-26/Benchmarks//Benchmark-ez-006097.35.h5"...
on time step 55632 (time=6097.35), 0.035274 s/step
on time step 56026 (time=6140.54), 0.0101719 s/step
on time step 56420 (time=6183.72), 0.010162 s/step
creating output file "data/2022-01-26/Benchmarks//Benchmark-ez-006197.31.h5"...
on time step 56800 (time=6225.37), 0.0105456 s/step
on time step 57195 (time=6268.66), 0.0101411 s/step
Meep progress: 6290.1426182569585/6624.0 = 95.0% done in 940.0s, 49.9s to go
creating output file "data/2022-01-26/Benchmarks//Benchmark-ez-006297.27.h5"...
on time step 57456 (time=6297.27), 0.0262686 s/step
on time step 57851 (time=6340.56), 0.0101443 s/step
on time step 58247 (time=6383.96), 0.0101234 s/step
creating output file "data/2022-01-26/Benchmarks//Benchmark-ez-006397.22.h5"...
on time step 58630 (time=6425.94), 0.0104441 s/step
on time step 59024 (time=6469.12), 0.0101609 s/step
creating output file "data/2022-01-26/Benchmarks//Benchmark-ez-006497.18.h5"...
Meep progress: 6497.179948254473/6624.0 = 98.1% done in 973.9s, 19.0s to go
on time step 59280 (time=6497.18), 0.0505581 s/step
on time step 59675 (time=6540.47), 0.0101289 s/step
on time step 60071 (time=6583.87), 0.0101196 s/step
creating output file "data/2022-01-26/Benchmarks//Benchmark-ez-006597.14.h5"...
Traceback (most recent call last):
  File "/share/nobackup/b5025250/MEEP_Models/SidePolishedFabryPerot/2D_Trans&Refl/Benchmark.py", line 31, in <module>
    Model.RunTRspectrum()
  File "/share/nobackup/b5025250/MEEP_Models/SidePolishedFabryPerot/2D_Trans&Refl/Model.py", line 95, in RunTRspectrum
    self.SaveMeta()
  File "/share/nobackup/b5025250/MEEP_Models/SidePolishedFabryPerot/2D_Trans&Refl/Model.py", line 496, in SaveMeta
    "Rw":self.Rw,
AttributeError: 'Model' object has no attribute 'Rw'
Traceback (most recent call last):
  File "/share/nobackup/b5025250/MEEP_Models/SidePolishedFabryPerot/2D_Trans&Refl/Benchmark.py", line 31, in <module>
    Model.RunTRspectrum()
  File "/share/nobackup/b5025250/MEEP_Models/SidePolishedFabryPerot/2D_Trans&Refl/Model.py", line 95, in RunTRspectrum
    self.SaveMeta()
  File "/share/nobackup/b5025250/MEEP_Models/SidePolishedFabryPerot/2D_Trans&Refl/Model.py", line 496, in SaveMeta
    "Rw":self.Rw,
AttributeError: 'Model' object has no attribute 'Rw'
Traceback (most recent call last):
  File "/share/nobackup/b5025250/MEEP_Models/SidePolishedFabryPerot/2D_Trans&Refl/Benchmark.py", line 31, in <module>
    Model.RunTRspectrum()
  File "/share/nobackup/b5025250/MEEP_Models/SidePolishedFabryPerot/2D_Trans&Refl/Model.py", line 95, in RunTRspectrum
    self.SaveMeta()
  File "/share/nobackup/b5025250/MEEP_Models/SidePolishedFabryPerot/2D_Trans&Refl/Model.py", line 496, in SaveMeta
run 0 finished at t = 6624.098544409647 (60438 timesteps)
Traceback (most recent call last):
  File "/share/nobackup/b5025250/MEEP_Models/SidePolishedFabryPerot/2D_Trans&Refl/Benchmark.py", line 31, in <module>
    "Rw":self.Rw,
    Model.RunTRspectrum()
  File "/share/nobackup/b5025250/MEEP_Models/SidePolishedFabryPerot/2D_Trans&Refl/Model.py", line 95, in RunTRspectrum
AttributeError: 'Model' object has no attribute 'Rw'
    self.SaveMeta()
  File "/share/nobackup/b5025250/MEEP_Models/SidePolishedFabryPerot/2D_Trans&Refl/Model.py", line 496, in SaveMeta
    "Rw":self.Rw,
AttributeError: 'Model' object has no attribute 'Rw'

Elapsed run time = 1406.3783 s
Traceback (most recent call last):
  File "/share/nobackup/b5025250/MEEP_Models/SidePolishedFabryPerot/2D_Trans&Refl/Benchmark.py", line 31, in <module>
    Model.RunTRspectrum()
  File "/share/nobackup/b5025250/MEEP_Models/SidePolishedFabryPerot/2D_Trans&Refl/Model.py", line 95, in RunTRspectrum
    self.SaveMeta()
  File "/share/nobackup/b5025250/MEEP_Models/SidePolishedFabryPerot/2D_Trans&Refl/Model.py", line 496, in SaveMeta
    "Rw":self.Rw,
AttributeError: 'Model' object has no attribute 'Rw'
Traceback (most recent call last):
  File "/share/nobackup/b5025250/MEEP_Models/SidePolishedFabryPerot/2D_Trans&Refl/Benchmark.py", line 31, in <module>
    Model.RunTRspectrum()
  File "/share/nobackup/b5025250/MEEP_Models/SidePolishedFabryPerot/2D_Trans&Refl/Model.py", line 95, in RunTRspectrum
    self.SaveMeta()
  File "/share/nobackup/b5025250/MEEP_Models/SidePolishedFabryPerot/2D_Trans&Refl/Model.py", line 496, in SaveMeta
Traceback (most recent call last):
  File "/share/nobackup/b5025250/MEEP_Models/SidePolishedFabryPerot/2D_Trans&Refl/Benchmark.py", line 31, in <module>
    "Rw":self.Rw,
AttributeError: 'Model' object has no attribute 'Rw'
    Model.RunTRspectrum()
  File "/share/nobackup/b5025250/MEEP_Models/SidePolishedFabryPerot/2D_Trans&Refl/Model.py", line 95, in RunTRspectrum
    self.SaveMeta()
  File "/share/nobackup/b5025250/MEEP_Models/SidePolishedFabryPerot/2D_Trans&Refl/Model.py", line 496, in SaveMeta
    "Rw":self.Rw,
AttributeError: 'Model' object has no attribute 'Rw'
Traceback (most recent call last):
  File "/share/nobackup/b5025250/MEEP_Models/SidePolishedFabryPerot/2D_Trans&Refl/Benchmark.py", line 31, in <module>
    Model.RunTRspectrum()
  File "/share/nobackup/b5025250/MEEP_Models/SidePolishedFabryPerot/2D_Trans&Refl/Model.py", line 95, in RunTRspectrum
    self.SaveMeta()
  File "/share/nobackup/b5025250/MEEP_Models/SidePolishedFabryPerot/2D_Trans&Refl/Model.py", line 496, in SaveMeta
    "Rw":self.Rw,
AttributeError: 'Model' object has no attribute 'Rw'
Traceback (most recent call last):
  File "/share/nobackup/b5025250/MEEP_Models/SidePolishedFabryPerot/2D_Trans&Refl/Benchmark.py", line 31, in <module>
Traceback (most recent call last):
  File "/share/nobackup/b5025250/MEEP_Models/SidePolishedFabryPerot/2D_Trans&Refl/Benchmark.py", line 31, in <module>
    Model.RunTRspectrum()
  File "/share/nobackup/b5025250/MEEP_Models/SidePolishedFabryPerot/2D_Trans&Refl/Model.py", line 95, in RunTRspectrum
    self.SaveMeta()
  File "/share/nobackup/b5025250/MEEP_Models/SidePolishedFabryPerot/2D_Trans&Refl/Model.py", line 496, in SaveMeta
    Model.RunTRspectrum()
  File "/share/nobackup/b5025250/MEEP_Models/SidePolishedFabryPerot/2D_Trans&Refl/Model.py", line 95, in RunTRspectrum
    self.SaveMeta()
  File "/share/nobackup/b5025250/MEEP_Models/SidePolishedFabryPerot/2D_Trans&Refl/Model.py", line 496, in SaveMeta
    "Rw":self.Rw,
AttributeError: 'Model' object has no attribute 'Rw'
    "Rw":self.Rw,
AttributeError: 'Model' object has no attribute 'Rw'
Traceback (most recent call last):
  File "/share/nobackup/b5025250/MEEP_Models/SidePolishedFabryPerot/2D_Trans&Refl/Benchmark.py", line 31, in <module>
    Model.RunTRspectrum()
  File "/share/nobackup/b5025250/MEEP_Models/SidePolishedFabryPerot/2D_Trans&Refl/Model.py", line 95, in RunTRspectrum
    self.SaveMeta()
  File "/share/nobackup/b5025250/MEEP_Models/SidePolishedFabryPerot/2D_Trans&Refl/Model.py", line 496, in SaveMeta
    "Rw":self.Rw,
AttributeError: 'Model' object has no attribute 'Rw'
Traceback (most recent call last):
  File "/share/nobackup/b5025250/MEEP_Models/SidePolishedFabryPerot/2D_Trans&Refl/Benchmark.py", line 31, in <module>
    Model.RunTRspectrum()
  File "/share/nobackup/b5025250/MEEP_Models/SidePolishedFabryPerot/2D_Trans&Refl/Model.py", line 95, in RunTRspectrum
    self.SaveMeta()
  File "/share/nobackup/b5025250/MEEP_Models/SidePolishedFabryPerot/2D_Trans&Refl/Model.py", line 496, in SaveMeta
    "Rw":self.Rw,
AttributeError: 'Model' object has no attribute 'Rw'
Traceback (most recent call last):
  File "/share/nobackup/b5025250/MEEP_Models/SidePolishedFabryPerot/2D_Trans&Refl/Benchmark.py", line 31, in <module>
    Model.RunTRspectrum()
  File "/share/nobackup/b5025250/MEEP_Models/SidePolishedFabryPerot/2D_Trans&Refl/Model.py", line 95, in RunTRspectrum
    self.SaveMeta()
  File "/share/nobackup/b5025250/MEEP_Models/SidePolishedFabryPerot/2D_Trans&Refl/Model.py", line 496, in SaveMeta
    "Rw":self.Rw,
AttributeError: 'Model' object has no attribute 'Rw'
Traceback (most recent call last):
  File "/share/nobackup/b5025250/MEEP_Models/SidePolishedFabryPerot/2D_Trans&Refl/Benchmark.py", line 31, in <module>
    Model.RunTRspectrum()
  File "/share/nobackup/b5025250/MEEP_Models/SidePolishedFabryPerot/2D_Trans&Refl/Model.py", line 95, in RunTRspectrum
Traceback (most recent call last):
  File "/share/nobackup/b5025250/MEEP_Models/SidePolishedFabryPerot/2D_Trans&Refl/Benchmark.py", line 31, in <module>
    self.SaveMeta()
  File "/share/nobackup/b5025250/MEEP_Models/SidePolishedFabryPerot/2D_Trans&Refl/Model.py", line 496, in SaveMeta
    Model.RunTRspectrum()
  File "/share/nobackup/b5025250/MEEP_Models/SidePolishedFabryPerot/2D_Trans&Refl/Model.py", line 95, in RunTRspectrum
    "Rw":self.Rw,
AttributeError: 'Model' object has no attribute 'Rw'
    self.SaveMeta()
  File "/share/nobackup/b5025250/MEEP_Models/SidePolishedFabryPerot/2D_Trans&Refl/Model.py", line 496, in SaveMeta
    "Rw":self.Rw,
AttributeError: 'Model' object has no attribute 'Rw'
Traceback (most recent call last):
  File "/share/nobackup/b5025250/MEEP_Models/SidePolishedFabryPerot/2D_Trans&Refl/Benchmark.py", line 31, in <module>
    Model.RunTRspectrum()
  File "/share/nobackup/b5025250/MEEP_Models/SidePolishedFabryPerot/2D_Trans&Refl/Model.py", line 95, in RunTRspectrum
    self.SaveMeta()
  File "/share/nobackup/b5025250/MEEP_Models/SidePolishedFabryPerot/2D_Trans&Refl/Model.py", line 496, in SaveMeta
    "Rw":self.Rw,
AttributeError: 'Model' object has no attribute 'Rw'
srun: error: topsy-cn-1-9: tasks 0-15: Exited with exit code 1
