Warning: grid volume is not an integer number of pixels; cell size will be rounded to nearest pixel.
Using MPI version 3.1, 32 processes
WD: data/2022-01-27/DoubleDip_PDMS/
AlreadyDir
-----------
Initializing structure...
Splitting into 32 chunks by voxels
time for choose_chunkdivision = 0.0173404 s
Working in 2D dimensions.
Computational cell is 1542.41 x 170.035 x 0 with resolution 6.45161
     block, center = (0,0,0)
          size (1e+20,1e+20,1e+20)
          axes (1,0,0), (0,1,0), (0,0,1)
          dielectric constant epsilon diagonal = (1.9881,1.9881,1.9881)
     block, center = (0,-29.2,0)
          size (1e+20,66.6,1e+20)
          axes (1,0,0), (0,1,0), (0,0,1)
          dielectric constant epsilon diagonal = (2.0736,2.0736,2.0736)
     block, center = (0,0,0)
          size (1e+20,8.2,1e+20)
          axes (1,0,0), (0,1,0), (0,0,1)
          dielectric constant epsilon diagonal = (2.08803,2.08803,2.08803)
time for set_epsilon = 0.575308 s
-----------
MPB solved for frequency_1(0.4,0,0) = 0.278044 after 38 iters
MPB solved for frequency_1(0.901718,0,0) = 0.624919 after 28 iters
MPB solved for frequency_1(0.901835,0,0) = 0.625 after 6 iters
MPB solved for frequency_1(0.901835,0,0) = 0.625 after 1 iters
Meep: using output directory 'data/2022-01-27/DoubleDip_PDMS/'


Normalisation Run


on time step 14 (time=1.53442), 0.287527 s/step
on time step 65 (time=7.1241), 0.0796622 s/step
on time step 97 (time=10.6314), 0.126912 s/step
on time step 144 (time=15.7826), 0.0853425 s/step
on time step 205 (time=22.4683), 0.0680313 s/step
on time step 261 (time=28.606), 0.0714336 s/step
on time step 314 (time=34.4149), 0.0790038 s/step
Meep progress: 36.82612116419539/13143.84 = 0.3% done in 30.0s, 10692.6s to go
on time step 376 (time=41.2102), 0.0649421 s/step
on time step 414 (time=45.375), 0.106837 s/step
on time step 457 (time=50.0879), 0.0940879 s/step
on time step 504 (time=55.2392), 0.0862932 s/step
on time step 560 (time=61.3769), 0.071817 s/step
on time step 612 (time=67.0761), 0.0779017 s/step
on time step 665 (time=72.885), 0.0759766 s/step
Meep progress: 77.48829661632782/13143.84 = 0.6% done in 60.0s, 10124.9s to go
on time step 713 (time=78.1459), 0.0835555 s/step
on time step 749 (time=82.0916), 0.112758 s/step
on time step 790 (time=86.5852), 0.0995154 s/step
srun: Job step aborted: Waiting up to 62 seconds for job step to finish.
srun: got SIGCONT
slurmstepd: error: *** STEP 633539.0 ON topsy-cn-2-14 CANCELLED AT 2022-01-27T10:44:06 ***
slurmstepd: error: *** JOB 633539 ON topsy-cn-2-14 CANCELLED AT 2022-01-27T10:44:06 ***
srun: forcing job termination
srun: error: topsy-cn-2-14: tasks 0-8: Terminated
srun: error: topsy-cn-2-16: tasks 9-31: Terminated
