Warning: grid volume is not an integer number of pixels; cell size will be rounded to nearest pixel.
Using MPI version 3.1, 16 processes
WD: data/2022-01-26/Benchmarks/
AlreadyDir
-----------
Initializing structure...
Splitting into 16 chunks by voxels
time for choose_chunkdivision = 0.00204912 s
Working in 2D dimensions.
Computational cell is 542.345 x 170.035 x 0 with resolution 6.45161
     block, center = (0,0,0)
          size (1e+20,1e+20,1e+20)
          axes (1,0,0), (0,1,0), (0,0,1)
          dielectric constant epsilon diagonal = (1,1,1)
     block, center = (0,-29.2,0)
          size (1e+20,66.6,1e+20)
          axes (1,0,0), (0,1,0), (0,0,1)
          dielectric constant epsilon diagonal = (2.0736,2.0736,2.0736)
     block, center = (0,0,0)
          size (1e+20,8.2,1e+20)
          axes (1,0,0), (0,1,0), (0,0,1)
          dielectric constant epsilon diagonal = (2.08803,2.08803,2.08803)
time for set_epsilon = 0.203796 s
-----------
MPB solved for frequency_1(0.4,0,0) = 0.279228 after 17 iters
MPB solved for frequency_1(0.902023,0,0) = 0.62549 after 74 iters
MPB solved for frequency_1(0.901313,0,0) = 0.625 after 121 iters
MPB solved for frequency_1(0.901314,0,0) = 0.625 after 6 iters
MPB solved for frequency_1(0.901314,0,0) = 0.625 after 2 iters
Meep: using output directory 'data/2022-01-26/Benchmarks/'


Normalisation Run


on time step 206 (time=22.5779), 0.0194511 s/step
on time step 440 (time=48.2247), 0.0171544 s/step
on time step 674 (time=73.8714), 0.0171437 s/step
on time step 910 (time=99.7374), 0.0170122 s/step
on time step 1143 (time=125.275), 0.0171727 s/step
on time step 1378 (time=151.031), 0.0170224 s/step
on time step 1610 (time=176.458), 0.017304 s/step
Meep progress: 188.51466786433357/5918.84 = 3.2% done in 30.0s, 912.2s to go
on time step 1834 (time=201.009), 0.0179004 s/step
on time step 2045 (time=224.135), 0.0189759 s/step
on time step 2231 (time=244.521), 0.021589 s/step
on time step 2394 (time=262.386), 0.0246836 s/step
on time step 2558 (time=280.361), 0.0245443 s/step
on time step 2692 (time=295.047), 0.0299233 s/step
on time step 2804 (time=307.323), 0.0360201 s/step
Meep progress: 318.9405136541923/5918.84 = 5.4% done in 60.0s, 1053.8s to go
on time step 2916 (time=319.598), 0.0359834 s/step
on time step 3029 (time=331.983), 0.0354539 s/step
on time step 3140 (time=344.149), 0.036238 s/step
on time step 3230 (time=354.013), 0.0448491 s/step
on time step 3310 (time=362.781), 0.0501003 s/step
on time step 3384 (time=370.892), 0.0548386 s/step
on time step 3447 (time=377.797), 0.0642087 s/step
on time step 3503 (time=383.934), 0.0720608 s/step
Meep progress: 386.3454675707999/5918.84 = 6.5% done in 90.1s, 1290.1s to go
on time step 3557 (time=389.853), 0.075245 s/step
on time step 3610 (time=395.662), 0.0765034 s/step
on time step 3663 (time=401.47), 0.0768028 s/step
on time step 3714 (time=407.06), 0.079964 s/step
on time step 3761 (time=412.211), 0.0861014 s/step
on time step 3806 (time=417.144), 0.0898878 s/step
on time step 3851 (time=422.076), 0.090735 s/step
Meep progress: 426.0212290631771/5918.84 = 7.2% done in 120.1s, 1548.5s to go
on time step 3897 (time=427.117), 0.0880456 s/step
on time step 3950 (time=432.926), 0.0756111 s/step
on time step 4010 (time=439.502), 0.0675996 s/step
on time step 4077 (time=446.846), 0.0598514 s/step
on time step 4157 (time=455.614), 0.0501265 s/step
on time step 4261 (time=467.012), 0.0387289 s/step
on time step 4437 (time=486.302), 0.0228061 s/step
on time step 4672 (time=512.058), 0.0170545 s/step
Meep progress: 518.6345397290852/5918.84 = 8.8% done in 150.1s, 1562.9s to go
on time step 4908 (time=537.924), 0.0169934 s/step
on time step 5143 (time=563.681), 0.0170308 s/step
on time step 5378 (time=589.437), 0.0170223 s/step
on time step 5614 (time=615.303), 0.0169999 s/step
on time step 5849 (time=641.059), 0.0170294 s/step
on time step 6085 (time=666.925), 0.0169798 s/step
on time step 6321 (time=692.791), 0.0170099 s/step
Meep progress: 711.8620742900271/5918.84 = 12.0% done in 180.1s, 1317.4s to go
on time step 6556 (time=718.548), 0.0170549 s/step
on time step 6792 (time=744.414), 0.0170232 s/step
on time step 7028 (time=770.28), 0.0169921 s/step
on time step 7264 (time=796.146), 0.0169843 s/step
on time step 7500 (time=822.012), 0.0169951 s/step
on time step 7734 (time=847.658), 0.0171491 s/step
on time step 7970 (time=873.524), 0.0170127 s/step
on time step 8205 (time=899.281), 0.0170278 s/step
Meep progress: 905.089608850969/5918.84 = 15.3% done in 210.1s, 1164.0s to go
on time step 8441 (time=925.147), 0.016989 s/step
on time step 8676 (time=950.903), 0.0170237 s/step
on time step 8912 (time=976.769), 0.017015 s/step
on time step 9148 (time=1002.63), 0.017004 s/step
on time step 9384 (time=1028.5), 0.0170037 s/step
on time step 9620 (time=1054.37), 0.0170095 s/step
on time step 9856 (time=1080.23), 0.0170159 s/step
Meep progress: 1098.3171434119108/5918.84 = 18.6% done in 240.1s, 1053.9s to go
on time step 10091 (time=1105.99), 0.0170418 s/step
on time step 10326 (time=1131.75), 0.0170226 s/step
on time step 10562 (time=1157.61), 0.0170135 s/step
on time step 10798 (time=1183.48), 0.0169998 s/step
on time step 11034 (time=1209.34), 0.0169925 s/step
on time step 11268 (time=1234.99), 0.0171345 s/step
on time step 11504 (time=1260.86), 0.0170121 s/step
on time step 11739 (time=1286.61), 0.0170609 s/step
Meep progress: 1291.4350764217688/5918.84 = 21.8% done in 270.1s, 968.0s to go
on time step 11975 (time=1312.48), 0.0169913 s/step
on time step 12210 (time=1338.23), 0.0170297 s/step
on time step 12446 (time=1364.1), 0.0169801 s/step
on time step 12682 (time=1389.97), 0.0170072 s/step
on time step 12917 (time=1415.72), 0.0170443 s/step
on time step 13153 (time=1441.59), 0.0170083 s/step
on time step 13388 (time=1467.35), 0.0170334 s/step
Meep progress: 1484.6626109827107/5918.84 = 25.1% done in 300.1s, 896.4s to go
on time step 13624 (time=1493.21), 0.0170039 s/step
on time step 13860 (time=1519.08), 0.0170186 s/step
on time step 14096 (time=1544.94), 0.0170117 s/step
on time step 14332 (time=1570.81), 0.017006 s/step
on time step 14568 (time=1596.68), 0.0170047 s/step
on time step 14802 (time=1622.32), 0.017112 s/step
on time step 15038 (time=1648.19), 0.0169866 s/step
on time step 15273 (time=1673.94), 0.0170554 s/step
Meep progress: 1677.7805439925687/5918.84 = 28.3% done in 330.1s, 834.5s to go
on time step 15509 (time=1699.81), 0.0170141 s/step
on time step 15744 (time=1725.57), 0.0170289 s/step
on time step 15980 (time=1751.43), 0.0169789 s/step
on time step 16216 (time=1777.3), 0.016998 s/step
on time step 16451 (time=1803.06), 0.0170562 s/step
on time step 16687 (time=1828.92), 0.0170005 s/step
on time step 16922 (time=1854.68), 0.0170776 s/step
Meep progress: 1871.0080785535106/5918.84 = 31.6% done in 360.2s, 779.2s to go
on time step 17158 (time=1880.54), 0.016997 s/step
on time step 17393 (time=1906.3), 0.0170304 s/step
on time step 17629 (time=1932.17), 0.0169744 s/step
on time step 17865 (time=1958.03), 0.0169951 s/step
on time step 18101 (time=1983.9), 0.0169991 s/step
on time step 18335 (time=2009.54), 0.0171233 s/step
on time step 18571 (time=2035.41), 0.0169928 s/step
on time step 18807 (time=2061.28), 0.0170193 s/step
Meep progress: 2064.2356131144525/5918.84 = 34.9% done in 390.2s, 728.6s to go
on time step 19043 (time=2087.14), 0.016997 s/step
on time step 19279 (time=2113.01), 0.0170067 s/step
on time step 19515 (time=2138.87), 0.0169795 s/step
on time step 19751 (time=2164.74), 0.0169927 s/step
on time step 19986 (time=2190.5), 0.0170532 s/step
on time step 20222 (time=2216.36), 0.0170025 s/step
on time step 20457 (time=2242.12), 0.017061 s/step
Meep progress: 2257.572749226478/5918.84 = 38.1% done in 420.2s, 681.4s to go
on time step 20693 (time=2267.98), 0.0169897 s/step
on time step 20929 (time=2293.85), 0.0170171 s/step
on time step 21165 (time=2319.72), 0.0169847 s/step
on time step 21401 (time=2345.58), 0.0170051 s/step
on time step 21637 (time=2371.45), 0.016989 s/step
on time step 21871 (time=2397.1), 0.0171437 s/step
on time step 22107 (time=2422.96), 0.0169687 s/step
on time step 22342 (time=2448.72), 0.0170247 s/step
Meep progress: 2450.8002837874205/5918.84 = 41.4% done in 450.2s, 637.0s to go
on time step 22578 (time=2474.58), 0.0170048 s/step
on time step 22813 (time=2500.34), 0.0170235 s/step
on time step 23049 (time=2526.21), 0.0169999 s/step
on time step 23285 (time=2552.07), 0.0169826 s/step
on time step 23520 (time=2577.83), 0.0170357 s/step
on time step 23756 (time=2603.69), 0.0169994 s/step
on time step 23991 (time=2629.45), 0.0170362 s/step
Meep progress: 2644.1374198994463/5918.84 = 44.7% done in 480.2s, 594.7s to go
on time step 24227 (time=2655.32), 0.0170075 s/step
on time step 24463 (time=2681.18), 0.0170091 s/step
on time step 24699 (time=2707.05), 0.0170072 s/step
on time step 24935 (time=2732.91), 0.0169825 s/step
on time step 25171 (time=2758.78), 0.0170066 s/step
on time step 25405 (time=2784.43), 0.0171449 s/step
on time step 25641 (time=2810.29), 0.0170089 s/step
on time step 25877 (time=2836.16), 0.0170167 s/step
Meep progress: 2837.2553529093043/5918.84 = 47.9% done in 510.2s, 554.1s to go
on time step 26096 (time=2860.16), 0.0182801 s/step
on time step 26332 (time=2886.03), 0.0170024 s/step
on time step 26568 (time=2911.89), 0.0170021 s/step
on time step 26804 (time=2937.76), 0.0170009 s/step
on time step 27040 (time=2963.63), 0.0170163 s/step
on time step 27276 (time=2989.49), 0.0169665 s/step
on time step 27511 (time=3015.25), 0.0170296 s/step
Meep progress: 3028.838864203987/5918.84 = 51.2% done in 540.2s, 515.4s to go
on time step 27747 (time=3041.11), 0.0169969 s/step
on time step 27983 (time=3066.98), 0.0170202 s/step
on time step 28219 (time=3092.85), 0.0170136 s/step
on time step 28455 (time=3118.71), 0.0169792 s/step
on time step 28690 (time=3144.47), 0.0170344 s/step
on time step 28924 (time=3170.12), 0.0171292 s/step
on time step 29160 (time=3195.98), 0.017006 s/step
on time step 29395 (time=3221.74), 0.0170482 s/step
Meep progress: 3221.956797213845/5918.84 = 54.4% done in 570.2s, 477.3s to go
on time step 29631 (time=3247.6), 0.0169869 s/step
on time step 29867 (time=3273.47), 0.0170211 s/step
on time step 30103 (time=3299.34), 0.0169784 s/step
on time step 30339 (time=3325.2), 0.0169904 s/step
on time step 30575 (time=3351.07), 0.0170106 s/step
on time step 30811 (time=3376.93), 0.0169897 s/step
on time step 31046 (time=3402.69), 0.0170429 s/step
Meep progress: 3415.4035348769553/5918.84 = 57.7% done in 600.2s, 440.0s to go
on time step 31282 (time=3428.56), 0.0169875 s/step
on time step 31517 (time=3454.31), 0.0170248 s/step
on time step 31753 (time=3480.18), 0.0169977 s/step
on time step 31989 (time=3506.04), 0.0170068 s/step
on time step 32225 (time=3531.91), 0.0169875 s/step
on time step 32459 (time=3557.56), 0.0171294 s/step
on time step 32694 (time=3583.31), 0.017051 s/step
Meep progress: 3608.521467886813/5918.84 = 61.0% done in 630.2s, 403.5s to go
on time step 32929 (time=3609.07), 0.0170591 s/step
on time step 33165 (time=3634.94), 0.0170072 s/step
on time step 33401 (time=3660.8), 0.0169882 s/step
on time step 33637 (time=3686.67), 0.0169838 s/step
on time step 33873 (time=3712.53), 0.0169776 s/step
on time step 34108 (time=3738.29), 0.0170487 s/step
on time step 34344 (time=3764.16), 0.0170126 s/step
on time step 34579 (time=3789.91), 0.0170536 s/step
Meep progress: 3801.858603998839/5918.84 = 64.2% done in 660.3s, 367.6s to go
on time step 34815 (time=3815.78), 0.016986 s/step
on time step 35051 (time=3841.64), 0.017 s/step
on time step 35287 (time=3867.51), 0.0169915 s/step
on time step 35523 (time=3893.38), 0.01701 s/step
on time step 35759 (time=3919.24), 0.0170066 s/step
on time step 35993 (time=3944.89), 0.017135 s/step
on time step 36229 (time=3970.75), 0.0169856 s/step
Meep progress: 3995.086138559781/5918.84 = 67.5% done in 690.3s, 332.4s to go
on time step 36464 (time=3996.51), 0.0170355 s/step
on time step 36699 (time=4022.27), 0.0170387 s/step
on time step 36935 (time=4048.13), 0.0170082 s/step
on time step 37171 (time=4074), 0.016981 s/step
on time step 37407 (time=4099.87), 0.0169726 s/step
on time step 37642 (time=4125.62), 0.0170255 s/step
on time step 37878 (time=4151.49), 0.0170135 s/step
on time step 38113 (time=4177.24), 0.0170549 s/step
Meep progress: 4188.423274671806/5918.84 = 70.8% done in 720.3s, 297.6s to go
on time step 38349 (time=4203.11), 0.0169699 s/step
on time step 38585 (time=4228.98), 0.0170221 s/step
on time step 38821 (time=4254.84), 0.0169851 s/step
on time step 39057 (time=4280.71), 0.0169965 s/step
on time step 39293 (time=4306.57), 0.0169926 s/step
on time step 39527 (time=4332.22), 0.017136 s/step
on time step 39763 (time=4358.09), 0.0169924 s/step
Meep progress: 4381.6508092327485/5918.84 = 74.0% done in 750.3s, 263.2s to go
on time step 39998 (time=4383.84), 0.0170254 s/step
on time step 40233 (time=4409.6), 0.0170243 s/step
on time step 40469 (time=4435.47), 0.0170142 s/step
on time step 40705 (time=4461.33), 0.0170018 s/step
on time step 40941 (time=4487.2), 0.0169811 s/step
on time step 41177 (time=4513.06), 0.0169999 s/step
on time step 41412 (time=4538.82), 0.0170309 s/step
on time step 41647 (time=4564.58), 0.0170413 s/step
Meep progress: 4574.987945344775/5918.84 = 77.3% done in 780.3s, 229.2s to go
on time step 41883 (time=4590.44), 0.0170051 s/step
on time step 42119 (time=4616.31), 0.0170082 s/step
on time step 42355 (time=4642.17), 0.0169838 s/step
on time step 42591 (time=4668.04), 0.0170108 s/step
on time step 42827 (time=4693.91), 0.0170023 s/step
on time step 43061 (time=4719.55), 0.0171297 s/step
on time step 43297 (time=4745.42), 0.0169881 s/step
Meep progress: 4768.215479905716/5918.84 = 80.6% done in 810.3s, 195.5s to go
on time step 43533 (time=4771.28), 0.0170089 s/step
on time step 43769 (time=4797.15), 0.0170132 s/step
on time step 44005 (time=4823.02), 0.0170116 s/step
on time step 44241 (time=4848.88), 0.0170095 s/step
on time step 44477 (time=4874.75), 0.016989 s/step
on time step 44712 (time=4900.5), 0.0170368 s/step
on time step 44948 (time=4926.37), 0.0170118 s/step
on time step 45183 (time=4952.13), 0.0170506 s/step
Meep progress: 4961.4430144666585/5918.84 = 83.8% done in 840.3s, 162.2s to go
on time step 45419 (time=4977.99), 0.0170094 s/step
on time step 45655 (time=5003.86), 0.0170141 s/step
on time step 45891 (time=5029.72), 0.0170075 s/step
on time step 46127 (time=5055.59), 0.0169753 s/step
on time step 46363 (time=5081.46), 0.0170072 s/step
on time step 46597 (time=5107.1), 0.0171477 s/step
on time step 46833 (time=5132.97), 0.0169799 s/step
Meep progress: 5154.6705490276/5918.84 = 87.1% done in 870.3s, 129.0s to go
on time step 47068 (time=5158.73), 0.0170341 s/step
on time step 47304 (time=5184.59), 0.0170195 s/step
on time step 47540 (time=5210.46), 0.0170083 s/step
on time step 47776 (time=5236.32), 0.0169892 s/step
on time step 48012 (time=5262.19), 0.0169957 s/step
on time step 48248 (time=5288.06), 0.0169975 s/step
on time step 48484 (time=5313.92), 0.0170101 s/step
on time step 48719 (time=5339.68), 0.0170223 s/step
Meep progress: 5348.007685139626/5918.84 = 90.4% done in 900.3s, 96.1s to go
on time step 48955 (time=5365.54), 0.0169944 s/step
on time step 49190 (time=5391.3), 0.0170252 s/step
on time step 49426 (time=5417.17), 0.0169892 s/step
on time step 49662 (time=5443.03), 0.0169987 s/step
on time step 49898 (time=5468.9), 0.0169854 s/step
on time step 50132 (time=5494.54), 0.0171497 s/step
on time step 50368 (time=5520.41), 0.0169796 s/step
Meep progress: 5541.2352197005675/5918.84 = 93.6% done in 930.3s, 63.4s to go
on time step 50603 (time=5546.17), 0.017043 s/step
on time step 50839 (time=5572.03), 0.0169893 s/step
on time step 51075 (time=5597.9), 0.0169841 s/step
on time step 51311 (time=5623.77), 0.0169872 s/step
on time step 51547 (time=5649.63), 0.0170028 s/step
on time step 51782 (time=5675.39), 0.0170666 s/step
on time step 52018 (time=5701.25), 0.0169894 s/step
on time step 52254 (time=5727.12), 0.0170205 s/step
Meep progress: 5734.572355812594/5918.84 = 96.9% done in 960.4s, 30.9s to go
on time step 52490 (time=5752.99), 0.016991 s/step
on time step 52725 (time=5778.74), 0.0170282 s/step
on time step 52961 (time=5804.61), 0.0170042 s/step
on time step 53197 (time=5830.47), 0.0169779 s/step
on time step 53433 (time=5856.34), 0.0169876 s/step
on time step 53667 (time=5881.99), 0.0171364 s/step
on time step 53903 (time=5907.85), 0.0170147 s/step
Warning: grid volume is not an integer number of pixels; cell size will be rounded to nearest pixel.
run 0 finished at t = 5918.922164735738 (54004 timesteps)
WD: data/2022-01-26/Benchmarks/
AlreadyDir
-----------
Initializing structure...
Splitting into 16 chunks by voxels
time for choose_chunkdivision = 0.00286795 s
Working in 2D dimensions.
Computational cell is 542.345 x 170.035 x 0 with resolution 6.45161
     block, center = (0,0,0)
          size (1e+20,1e+20,1e+20)
          axes (1,0,0), (0,1,0), (0,0,1)
          dielectric constant epsilon diagonal = (1,1,1)
     block, center = (0,-29.2,0)
          size (1e+20,66.6,1e+20)
          axes (1,0,0), (0,1,0), (0,0,1)
          dielectric constant epsilon diagonal = (2.0736,2.0736,2.0736)
     block, center = (0,0,0)
          size (1e+20,8.2,1e+20)
          axes (1,0,0), (0,1,0), (0,0,1)
          dielectric constant epsilon diagonal = (2.08803,2.08803,2.08803)
     prism, center = (0,-23.75,0)
          height 1, axis (0,0,1), sidewall angle: 0 radians, 4 vertices:
          (-161.2,4.1,-0.5)
          (161.2,4.1,-0.5)
          (127.201,-51.6,-0.5)
          (-127.201,-51.6,-0.5)
          dielectric constant epsilon diagonal = (1,1,1)
     prism, center = (0,-23.75,0)
          height 1, axis (0,0,1), sidewall angle: 0 radians, 4 vertices:
          (-161.2,4.1,-0.5)
          (161.2,4.1,-0.5)
          (127.201,-51.6,-0.5)
          (-127.201,-51.6,-0.5)
          dielectric constant epsilon diagonal = (1,1,1)
time for set_epsilon = 0.987279 s
-----------
MPB solved for frequency_1(0.4,0,0) = 0.279228 after 17 iters
MPB solved for frequency_1(0.902023,0,0) = 0.62549 after 74 iters
MPB solved for frequency_1(0.901313,0,0) = 0.625 after 121 iters
MPB solved for frequency_1(0.901314,0,0) = 0.625 after 6 iters
MPB solved for frequency_1(0.901314,0,0) = 0.625 after 2 iters
Meep: using output directory 'data/2022-01-26/Benchmarks/'


Actual Run


creating output file "data/2022-01-26/Benchmarks//Benchmark-eps-000000.00.h5"...
on time step 211 (time=23.1259), 0.0190318 s/step
on time step 450 (time=49.3207), 0.0168049 s/step
on time step 688 (time=75.4059), 0.0168569 s/step
on time step 926 (time=101.491), 0.0168728 s/step
Meep progress: 105.54629369381001/9837.68 = 1.1% done in 30.0s, 2767.6s to go
on time step 1163 (time=127.467), 0.0169337 s/step
on time step 1395 (time=152.894), 0.0172432 s/step
