Using MPI version 3.1, 16 processes
Actual Simtime: 3.3333333333333333e-06
WD: data/2021-10-22/SQRbubblesSetTime/
AlreadyDir
-----------
Initializing structure...
Splitting into 16 chunks by voxels
time for choose_chunkdivision = 0.00252539 s
Working in 2D dimensions.
Computational cell is 400 x 70 x 0 with resolution 10
     block, center = (0,0,0)
          size (1e+20,1e+20,1e+20)
          axes (1,0,0), (0,1,0), (0,0,1)
          dielectric constant epsilon diagonal = (1.9881,1.9881,1.9881)
     block, center = (0,-26.25,0)
          size (1e+20,62.5,1e+20)
          axes (1,0,0), (0,1,0), (0,0,1)
          dielectric constant epsilon diagonal = (2.07418,2.07418,2.07418)
     block, center = (0,0,0)
          size (1e+20,8.2,1e+20)
          axes (1,0,0), (0,1,0), (0,0,1)
          dielectric constant epsilon diagonal = (2.0886,2.0886,2.0886)
     block, center = (-50,-6.8,0)
          size (62.5,40,1e+20)
          axes (1,0,0), (0,1,0), (0,0,1)
          dielectric constant epsilon diagonal = (1.9881,1.9881,1.9881)
     block, center = (50,-6.8,0)
          size (62.5,40,1e+20)
          axes (1,0,0), (0,1,0), (0,0,1)
          dielectric constant epsilon diagonal = (1.9881,1.9881,1.9881)
time for set_epsilon = 0.843218 s
-----------
MPB solved for frequency_1(0.4,0,0) = 0.277566 after 131 iters
MPB solved for frequency_1(0.931146,0,0) = 0.64497 after 65 iters
MPB solved for frequency_1(0.931421,0,0) = 0.645161 after 12 iters
MPB solved for frequency_1(0.931421,0,0) = 0.645161 after 1 iters
Meep: using output directory 'data/2021-10-22/SQRbubblesSetTime/'
creating output file "data/2021-10-22/SQRbubblesSetTime//DecayMethod-eps-000000.00.h5"...
Meep progress: 16.2/300000000.00000006 = 0.0% done in 4.0s, 74195411.7s to go
on time step 338 (time=16.9), 0.0118488 s/step
Meep progress: 34.7/300000000.00000006 = 0.0% done in 8.0s, 69242999.1s to go
on time step 708 (time=35.4), 0.0108277 s/step
Meep progress: 53.150000000000006/300000000.00000006 = 0.0% done in 12.0s, 67837576.2s to go
on time step 1076 (time=53.8), 0.0108745 s/step
Meep progress: 71.55/300000000.00000006 = 0.0% done in 16.0s, 67172880.4s to go
on time step 1444 (time=72.2), 0.0108758 s/step
Meep progress: 89.9/300000000.00000006 = 0.0% done in 20.0s, 66834130.3s to go
on time step 1811 (time=90.55), 0.0109149 s/step
Meep progress: 108.4/300000000.00000006 = 0.0% done in 24.0s, 66522783.1s to go
on time step 2181 (time=109.05), 0.0108358 s/step
Meep progress: 126.80000000000001/300000000.00000006 = 0.0% done in 28.0s, 66352925.4s to go
on time step 2549 (time=127.45), 0.0108908 s/step
Meep progress: 145.05/300000000.00000006 = 0.0% done in 32.0s, 66277759.4s to go
on time step 2915 (time=145.75), 0.0109556 s/step
srun: Job step aborted: Waiting up to 62 seconds for job step to finish.
srun: got SIGCONT
slurmstepd: error: *** STEP 547493.0 ON topsy-cn-1-13 CANCELLED AT 2021-10-22T11:51:28 ***
slurmstepd: error: *** JOB 547493 ON topsy-cn-1-13 CANCELLED AT 2021-10-22T11:51:28 ***
srun: forcing job termination
srun: error: topsy-cn-2-20: tasks 8-15: Terminated
srun: error: topsy-cn-1-13: tasks 0-7: Terminated
